501740
525312
585284
505304
853640
742904
623504
520604
568820
733244
554780
523544
846944
824012
678204
727812
622512
666464
715824
508844
729164
701612
542924
731880
532004
654012
510804
533024
696564
553464
528084
627512
893384
560204
504512
595484
751340
895160
954104
748512
709304
521840
524864
610920
604424
862100
642044
622512
938984
513612
551520
959840
611864
820800
977264
548360
647424
600800
540044
512324
822404
888080
797220
501624
563724
511100
571820
635720
536180
509660
845280
614720
726464
500180
514280
741512
924120
500112
918612
725120
554120
544104
578804
518624
948404
767180
860400
516380
612812
872384
875844
733244
658484
512640
738740
893384
516020
608112
639920
545904
500924
502964
652904
530012
504900
696564
502112
540044
819200
538920
850284
594612
517484
509112
886320
502664
577224
500924
961760
515664
546512
542340
738740
719784
510804
638864
640980
540612
673460
581204
518240
548984
604424
734612
534584
530504
594612
500180
946512
752760
555444
702884
649604
593744
661880
603512
506160
837020
938984
601700
626504
596360
609044
558824
552812
503784
680600
657360
608112
621524
609980
948404
511704
685440
582012
757044
530504
593744
500840
509940
905900
505724
959840
599904
631584
539480
989060
867224
655124
631584
979220
752760
613764
661880
636764
580400
973364
522684
927812
550880
508844
681804
576440
663020
523544
987084
730520
514620
579600
500480
853640
779004
950300
602604
937112
501200
652904
981180
503280
607184
907704
705440
660744
532512
965612
500840
851960
925964
512640
843620
627512
751340
527144
560900
506384
547740
629540
514964
768644
690344
950300
560204
714512
727812
710600
507812
532512
792612
995012
509660
877580
505724
500144
504512
731880
843620
798764
920444
946512
991040
531000
545300
668780
624500
827240
515312
782000
643112
500220
567344
503612
677012
568080
502664
995012
745700
708012
902304
900512
665312
819200
623504
718460
637812
884564
516020
828860
588620
512960
935244
500612
944624
944624
500312
628524
606260
975312
783504
606260
500000
916784
513612
568080
956012
816012
620540
785012
505100
605340
625500
500060
749924
589464
536720
583640
500084
646340
991040
591164
648512
704160
565884
669944
874112
687884
618584
715824
848612
541760
794144
870660
550244
679400
501404
518240
581204
822404
531500
835380
500012
612812
765720
800312
501860
501984
552164
997004
501512
706724
510224
501404
503784
633644
777512
564440
511100
896940
737360
575660
602604
924120
872384
508064
543512
572580
832112
795680
568820
574884
744300
987084
506612
526220
613764
502520
599012
858704
529524
551520
956012
803420
556784
801864
913140
954104
587780
572580
506160
937112
644184
840312
660744
795680
552164
592020
555444
794144
792612
624500
500112
538920
723780
848612
554120
528560
905900
985112
574884
940860
922280
520200
526680
969480
505512
889844
961760
513944
501200
632612
509940
758480
882812
900512
927812
719784
773060
768644
993024
508064
534584
501104
502964
565884
586944
616644
718460
511400
520200
791084
529040
500000
554780
863804
501860
734612
507080
969480
523980
500024
587780
827240
556784
598124
502380
570312
909512
521012
997004
850284
824012
837020
680600
573344
983144
519800
501300
977264
999000
574112
589464
505304
546512
671112
649604
816012
777512
505100
501624
845280
597240
798764
806544
558824
544700
773060
515664
725120
886320
694064
503960
531500
584460
973364
904100
600800
563724
695312
616644
779004
500144
634680
574112
571064
500760
967544
566612
691580
666464
571820
881064
609044
800312
855324
898724
857012
683012
595484
851960
747104
579600
524420
832112
858704
516744
516380
762812
786524
711900
914960
776024
771584
502520
521424
780500
656240
957924
940860
701612
644184
721112
860400
633644
729164
841964
667620
503120
711900
868940
586112
722444
642044
697820
785012
522260
692820
511704
681804
505940
942740
650700
721112
514964
809684
659612
621524
654012
569564
765720
510512
882812
500084
503444
525764
506612
547124
671112
714512
508580
501012
717140
692820
645260
975312
675824
525764
591164
533540
615680
838664
601700
979220
965612
717140
918612
535112
646340
500012
898724
609980
874112
678204
755612
865512
502380
857012
788040
509384
504140
500544
558140
658484
562304
628524
514620
518624
665312
592020
868940
536720
637812
617612
833744
808112
540612
500364
547124
993024
957924
774540
528560
812840
549612
507564
556112
935244
806544
675824
686660
578012
640980
863804
841964
651800
730520
828860
538364
770112
875844
509384
686660
559512
500060
803420
508320
550880
825624
521012
569564
922280
989060
783504
578012
535112
505512
838664
888080
767180
610920
550244
913140
758480
999000
584460
598124
674640
542340
535644
543512
647424
528084
507320
504324
573344
963684
582012
517484
500040
548360
619560
504900
516744
825624
855324
663020
583640
515312
611864
713204
737360
523980
549612
570312
561600
533024
695312
690344
557460
500264
830484
747104
567344
506384
645260
502812
500760
502244
506844
507080
527144
563012
740124
590312
592880
521840
552812
659612
513284
735984
689112
650700
501984
517860
548984
500040
648512
651800
532004
556112
812840
780500
514280
506844
553464
664164
933380
884564
523112
524864
510512
500364
952200
685440
521424
709304
981180
679400
607184
742904
509112
638864
501104
985112
684224
744300
835380
519404
694064
771584
909512
512012
702884
547740
846944
525312
508580
971420
536180
576440
537264
508320
578804
814424
502244
865512
817604
617612
541760
558140
565160
534060
512960
891612
537812
933380
971420
907704
629540
511400
929664
929664
684224
931520
603512
519404
605340
830484
870660
761364
500544
774540
789560
700344
500420
564440
559512
942740
522684
811260
523112
963684
501740
563012
635720
501512
699080
513284
544700
809684
512012
501300
797220
669944
879320
691580
764264
505940
967544
503280
867224
507564
811260
510224
776024
748512
983144
630560
911324
590312
706724
708012
517860
527612
503444
534060
683012
672284
916784
502812
904100
507812
530012
614720
754184
639920
862100
504140
788040
687884
655124
557460
599904
710600
541184
500220
519800
599012
895160
561600
533540
500264
896940
542924
704160
517112
577224
814424
674640
504704
539480
625500
529524
902304
615680
630560
740124
519012
804980
931520
925964
726464
560900
689112
761364
664164
500612
596360
697820
524420
575660
545904
745700
588620
677012
911324
952200
759920
891612
519012
804980
889844
571064
705440
565160
618584
757044
597240
782000
500024
668780
636764
538364
789560
522260
755612
808112
526220
914960
537264
537812
820800
566612
582824
643112
770112
507320
801864
500684
833744
501012
786524
723780
586944
500420
667620
879320
503960
500312
656240
503612
513944
700344
713204
620540
500684
502112
634680
754184
500004
657360
504704
517112
544104
762812
699080
503120
749924
840312
619560
535644
920444
791084
586112
672284
512324
877580
585284
582824
545300
592880
722444
531000
817604
541184
520604
632612
626504
500004
529040
881064
735984
527612
759920
500480
764264
673460
741512
562304
526680
580400
504324
