67050
91630
16576
121332
57148
52676
23918
283468
294588
18942
20786
192898
13878
193328
104
214260
73084
142280
53540
52426
84082
362996
188
31790
237852
1506
25568
168312
228062
73286
43300
169504
452446
18094
265594
47108
8554
108372
152388
268782
534
179844
53252
186826
68570
492
261770
36556
40318
76024
13144
38802
104186
84884
604
118696
328306
93578
71806
113206
44608
76
174840
190258
268472
178668
118000
40624
37252
78796
167538
139388
7306
204174
22528
4436
43258
330124
240390
5342
45806
26916
106844
9508
161496
1018
8124
101572
185074
26928
84834
237272
466
103486
364978
2972
124926
1286
39892
78298
193202
35692
13160
5774
20
51948
181090
16788
49184
6434
25798
82142
243192
55588
146560
47534
277464
50652
135822
118086
12
502
116460
26792
22148
43078
33236
277254
168158
1106
242714
14
140720
6
52066
47262
17362
215388
97288
99900
157226
77262
117830
165024
76706
15592
46074
252622
23174
6126
53718
82268
44016
385152
143312
76894
118746
40512
238840
73466
41998
262
37092
22728
43430
33478
92308
4166
82124
66218
120642
201790
113380
84716
59774
259008
43376
194538
2
427470
195634
89892
54760
128040
154850
87548
3512
25384
111904
121004
70730
91050
98130
477616
26084
792
6846
176270
141646
166966
614
99690
131334
66696
97038
9168
178898
138244
386634
60374
78608
9580
2082
558
12
302
5566
82082
29342
3846
27258
38658
288
201198
8584
16192
116
108796
121484
11060
302196
207874
109890
312
812
6020
310294
40356
191288
204856
119280
169466
436
283206
27798
104834
161424
150088
80744
18932
86472
8798
317904
40696
225850
203262
177494
110176
32
312934
442
34008
176414
203124
22512
116674
60806
766
42592
207610
64926
157308
87654
62960
34706
135640
66302
178754
4
39042
5058
10116
41780
14714
333788
756
395750
128506
128
1984
3000
113926
134298
272538
309812
117932
37632
36
2
25328
154398
242152
136530
53962
156580
76292
261346
58614
31852
46964
256
104880
6050
104314
20112
134770
3866
45344
353458
170974
242816
152468
171886
209634
105418
106026
34390
305674
14728
4358
219728
30490
137168
102926
29586
35652
162534
8824
16922
313570
44692
708
6418
122072
275862
205488
58764
76658
92096
180436
11400
67830
11304
6108
80760
265094
41048
179776
42510
20662
98712
236942
5160
4010
146386
69140
206152
82824
31928
59604
21676
160688
24410
79312
11602
25212
137086
15322
332478
38962
146896
1636
29498
1054
65150
242742
160738
317310
139474
22088
11614
154892
12496
314810
5854
84066
290964
26080
48464
187208
191614
6726
156870
124300
31662
20318
64670
2772
65828
189508
303914
158376
41852
20696
17632
199224
125820
9864
15178
1904
3638
101712
27934
15126
1592
91628
216710
168448
8306
244468
1710
186882
257532
369362
20758
142536
234936
16804
207974
364312
161154
242796
12618
6594
33202
1622
76550
157592
87832
241064
70498
828
234136
39822
109634
1406
335656
1692
104690
5954
38102
14
102
11006
19568
98736
8756
10350
246846
232670
55430
118
178946
227322
119948
150236
122
33070
186908
13170
194926
164704
69088
241604
295898
488
220536
125574
20786
19752
127306
183004
61608
186190
112604
55412
12
120766
230576
34092
8118
135150
166522
39548
47246
232224
51664
215302
69308
145182
388466
402298
326236
316422
204300
96526
1848
19344
3608
345738
21410
104420
20118
200260
101512
117110
79152
820
162718
23752
3416
15036
142882
252466
337748
351354
57928
1472
243714
80814
210200
50518
12744
88162
33398
4054
27068
20154
27688
53878
270580
200
82468
36696
255642
256
190222
279282
13472
22170
42590
127906
25048
135518
97822
43638
87286
13654
117902
82898
19906
13382
16402
4704
59646
77554
173344
88038
82058
73860
59368
8
48466
10020
8780
6534
164060
138042
15214
77926
89826
102320
349944
42726
372104
9534
2478
197328
379496
2064
228798
91680
86676
402998
50000
49504
185192
19652
58792
133664
78
103576
8674
5462
60
83246
359762
282006
203408
4902
172838
1046
9882
67224
65190
92654
15776
31676
185974
15572
1432
294188
584
80760
86114
351202
212764
397744
86314
1212
14032
350876
125662
1926
107862
222028
191456
75808
190750
209916
61162
106
8818
41644
13300
442664
13014
79682
48478
133788
32514
33180
220610
68996
240836
6566
4336
116668
197528
1340
28738
15360
576
217680
261858
127310
12626
33452
8338
128302
86954
22324
148650
832
49456
7952
61356
160216
450626
138338
77206
4816
37474
33246
30380
8052
12792
225644
1408
58668
7476
271208
27574
10648
92474
696
2296
8224
2838
23884
83740
608
144664
2
67872
13582
130
79358
10002
1008
43728
6786
8046
24494
170966
824
265950
217700
17518
164688
134834
142516
24126
17984
22
54930
32102
191754
252690
69654
7132
1200
199520
228804
11190
20196
68298
84184
146820
78550
21878
149282
134170
223090
86042
78114
23310
20236
3698
306948
301890
100864
137052
996
156810
353986
46334
236082
240978
65122
35918
8038
146886
224178
210
314462
74610
37034
8
6422
30532
57618
194054
20
542
62766
27690
287076
27106
201576
176554
236874
43482
6508
126906
55256
107634
10268
10424
1668
5374
136132
286988
43010
28306
8894
88280
127690
80890
307458
5398
209022
6524
165622
5968
191094
41336
73058
3154
271490
72664
154504
91798
10698
207382
8352
36874
184280
130438
798
208774
5632
307834
2246
59016
74568
20298
35460
121210
22504
322958
44
210
204
62562
40284
0
49774
145604
184296
2188
58502
28716
1550
6892
844
165182
38774
10664
4526
129136
234054
17930
148254
245516
149972
19666
192970
17038
1242
86
814
7896
7630
21200
161234
117710
1230
69424
38
25162
29478
232380
8492
116778
23720
45722
58814
3952
341390
6726
20834
340222
192784
127968
11782
25278
1312
2378
106776
24990
33472
25732
187186
127538
214
27540
10732
37552
37986
8
19254
49932
2040
120674
19978
34008
270016
161714
113598
42844
9632
172096
802
124308
89736
19392
215098
148410
111722
84422
106190
2090
53470
45862
126246
23808
26282
30280
216742
159602
83226
359760
127088
208546
11124
174086
1710
96798
49166
223458
97318
355930
5122
258460
29342
89452
2
55440
165802
184334
128066
42502
71138
7966
25154
1546
15590
399266
53004
111576
177338
99472
179962
421388
191890
1842
8490
160732
39070
89978
17324
1982
58076
60964
1904
13738
118270
130
76026
358118
34144
20156
13988
178
46770
16638
108498
6628
243318
241356
20162
110786
4908
74816
63800
3290
116274
102304
1422
50516
333580
106862
7946
107038
83490
42062
20664
63702
244922
1382
24384
47090
36630
75010
242924
49356
142816
107620
115894
178568
7512
108344
78574
3322
42396
114846
54778
170
48416
178260
191364
14
258186
48498
2106
1444
51246
252
138152
247528
17788
88654
10102
227998
157128
104494
33166
154948
25988
33540
238260
9092
15606
7408
56186
51408
185522
237720
2576
159578
224782
126128
165594
77798
50502
42226
41192
36244
54758
85010
154578
44338
338086
62536
72
90540
18248
1732
14292
63832
297312
81654
67344
1620
700
15146
339104
106516
115192
152
2072
63444
41030
322692
26566
84652
97840
206140
140194
12004
121124
119610
27684
41106
260760
134
55674
102272
7416
53040
20742
204712
250470
214472
2
31132
11972
107444
302484
100766
96074
21740
24662
18260
24592
54936
17506
24058
14056
3038
232528
237086
132770
109244
233252
246806
884
74280
89822
112562
283956
302
29808
186502
27434
101118
163288
7206
106320
12584
22272
134402
120906
185178
199556
68666
171926
46690
8266
267992
126562
288888
153356
338254
144776
189724
70530
68132
216970
98560
250864
118
112854
11394
59892
175484
386676
15566
61792
287540
176
20552
455794
61236
111856
10098
314116
2778
70478
465250
17890
271578
138400
384040
434522
141042
126430
48508
196092
46472
7824
75346
104218
171060
56824
42240
10834
261038
192696
46464
41322
21600
94624
2268
10472
5050
104148
648
78090
208190
104252
203582
49472
343200
153610
142992
30874
38270
3942
60840
117878
49568
218510
27752
227238
72772
24832
349002
160
42040
87746
300552
315396
178656
11850
54618
21714
668
221224
76416
145012
3132
473170
69320
313874
267750
16070
340430
173894
5418
14032
5652
73648
121710
15756
9836
307078
22
36002
54736
114268
200626
72694
384
222758
11142
274376
5212
110762
197320
189614
6386
243214
446
18694
177768
50702
4936
206954
262060
368
14876
390866
144918
82282
157696
256660
23592
28278
247656
22120
99112
13150
95226
154172
360164
8958
286630
65302
27380
295664
90
190122
142874
75368
276646
2
131982
16866
14934
22414
98418
251454
112540
422398
20668
19174
13908
15868
22958
40806
147994
2522
245398
48868
130320
163536
1114
7108
285680
155664
400466
71680
33474
439124
90384
309292
166444
205300
347130
15910
75954
210
176494
159646
124306
103740
35000
20
234808
231254
15220
255436
258684
3132
97710
18382
23816
12700
139102
70980
59482
147392
4750
90764
63498
28582
6356
16964
86470
18090
814
5860
25362
476
97100
168236
84620
190330
7024
56174
199516
362
100468
232992
338480
20914
60240
285192
131394
235718
25218
188996
46882
13220
234412
194738
42986
26250
83144
292380
109704
71634
99512
288380
34342
72308
22380
98096
121598
4328
235816
97060
219712
150718
80530
3982
132592
219498
54810
146148
4728
39590
50152
2682
163512
41804
15000
58158
148448
2370
73910
6384
60632
105832
2512
50096
18110
33684
1718
133802
676
250706
130354
233830
49274
68776
11006
7706
264430
187108
51608
264180
191338
223284
153110
48924
222420
111858
307924
2
114566
157250
68316
17680
65682
288704
9218
1420
250574
45824
176454
378904
7390
0
25628
149648
146234
20408
401056
53138
40852
273972
132538
44176
32328
136232
81134
9112
25446
4132
143816
257534
34444
116162
183506
7870
142112
222944
24010
233216
45158
113214
232350
8244
150698
7190
4136
24214
2846
6088
214862
125398
35918
343414
48188
42
268146
161126
103352
340592
210160
22398
25938
163274
47300
27814
162408
95920
104
315810
62
85574
175596
297276
13098
190204
234374
2540
186890
123234
173942
26206
26
200962
572
14668
73300
61712
156042
84060
168684
1252
390452
69292
283406
225080
10866
106260
11948
206192
132496
106288
56862
153430
144158
3566
78388
5956
149148
127246
22312
125848
172276
78684
102974
83330
238358
10150
127444
27302
205052
153994
184194
43048
468828
5476
23298
266746
138294
124938
227348
1516
46300
8244
95878
85796
92198
194020
235496
14210
74780
88792
6920
261900
28044
149486
338008
53826
36338
240566
33088
91164
409974
135948
3056
203926
174034
5100
81700
138230
273118
228728
10020
266910
38098
25252
113608
26
21958
128662
175416
44038
85416
114138
57796
145490
99214
44258
114902
77420
198192
303918
3300
56458
3860
101146
370966
103544
243396
74730
4926
134734
286904
17660
129366
248624
24904
435784
195864
98844
121906
262272
42502
53988
8772
81888
166
24352
15012
2516
270
20212
342718
4372
242602
158758
261578
68462
171184
245038
105644
258654
9420
93788
420
31928
35796
133092
195062
73662
492
247980
10502
226840
129154
3252
378918
464
31922
282
6218
174352
20650
280324
21162
33804
382178
283150
311234
108066
24004
83046
2680
190130
640
3074
12
82206
3736
2652
100934
113612
50092
301960
45566
35300
120184
185692
74794
37900
3764
450
800
4814
317874
182
73414
1404
59566
75804
318
95814
290800
338
170890
391720
17258
452124
11758
133880
58462
11066
306168
47580
27300
124030
21024
16122
454572
12282
41026
243182
78440
195278
139830
562
39502
590
108674
248148
26796
121198
26400
193868
421538
5222
105920
108146
54628
228964
16442
327998
59082
44462
75024
7756
23358
156
6944
48088
85214
10752
228506
228878
479910
16030
1458
121500
1748
5172
4392
107848
67118
11798
90440
88
27128
34910
269678
196422
69374
528
78790
13620
65738
47442
86218
5752
75850
36720
92236
144582
29586
277776
27364
128400
62046
46824
150334
29126
13336
335310
43442
2770
414270
113966
54972
48442
40990
102382
2
170732
12014
317594
12518
46390
3488
122770
37726
182414
136846
124970
240104
118386
104294
86298
91114
64
27110
1936
153394
54710
263940
41942
59184
317704
196210
7172
22668
23670
43422
4744
90200
33168
36
207748
8052
844
69470
19338
15236
204078
377944
9982
48016
274110
6268
53150
48558
6332
306178
256764
7516
105428
428
82370
27820
47648
155236
78730
223898
798
20272
38984
154864
402230
176730
14018
229096
26830
356664
63854
848
222692
76634
38066
49274
77880
85516
15090
212462
36782
59988
22584
276040
178246
95114
15224
463136
17080
92052
156026
7414
225568
91682
638
179950
113688
178756
64662
170218
93170
47700
59928
181892
3160
18386
263666
90892
111612
59040
8074
18474
120960
5362
862
117922
74538
94378
119840
209532
150202
64996
1240
18666
165750
20170
40074
4068
624
2364
15578
259926
41774
7384
77970
82088
308792
70824
85346
59970
248024
147446
38
169016
158948
12160
195918
54668
32528
9632
228730
215626
190446
67598
304748
104566
21110
51004
4658
216624
32716
234048
4780
212120
299292
4416
32898
18402
7412
58
52870
132182
40084
67378
241360
50238
75116
702
424534
736
16
206190
7132
138414
150110
25374
24848
96344
125438
110806
79662
16588
3346
191420
302806
328718
173830
250472
222062
10376
139106
67634
147706
188476
204106
24074
154994
49640
7842
292380
3562
5352
170672
114290
153156
238472
240500
30304
68088
23826
104634
86654
55656
115080
280184
2950
3360
27426
1562
67498
280584
10754
442
53766
150918
242678
40330
9774
49276
34432
73618
7492
1230
17498
18190
161870
223630
254532
46954
197244
2776
18392
1064
206646
142
55902
11050
32402
37040
256
5302
191880
148792
20856
48454
24746
38480
3848
156208
242212
398962
79984
49020
47008
8508
76152
4704
185806
25466
42954
44968
70874
38336
46072
47044
325460
904
33934
4628
22012
104030
3236
74396
35416
178626
59358
446522
1396
252740
137438
63028
1176
23818
23788
10226
213784
19534
261390
242290
69678
31892
6676
134864
64228
123574
245888
177102
7826
3770
245190
51982
48494
149670
73474
59604
150100
406
54698
210462
243154
170886
172852
19514
39054
26070
3648
56910
209994
16988
944
184298
111770
195012
1782
27702
46188
211006
514
242742
177678
348448
48208
43006
2680
33730
96210
152610
19796
264
259464
16246
158484
111024
49010
164000
45794
36294
123000
190
133642
23402
148206
220978
154442
127838
296140
136664
97094
44258
115114
453302
7170
144932
199354
252434
6274
29408
100844
121110
190962
95496
65128
26884
35590
183566
76502
56026
248748
31098
153396
226460
158162
8198
103788
58120
43752
398
22
20
90274
284808
103186
196426
57180
18294
7908
14804
32796
5718
1178
180476
176748
106894
190534
157616
251512
83716
140934
104
70
16668
281724
321044
104696
71928
88714
190532
20644
267526
12
220560
47084
9922
45042
222132
216572
91272
215542
101328
93990
1564
195996
193270
111562
286098
61094
167784
22526
128094
119438
253700
36256
190630
41060
90886
133856
2146
182382
12954
76664
53376
4718
156742
0
38760
7364
181968
42350
184814
136768
264632
54728
163300
7054
22486
5736
1928
6732
170194
1610
227868
231070
714
37922
134186
239158
40824
124166
57982
256026
77486
81718
141544
15476
2232
37088
106658
189864
139336
107300
304396
10126
87918
3710
193258
100926
12698
272976
281016
119378
240474
290304
270370
260190
1344
44686
10970
73516
151130
255888
9398
47378
14042
122192
21894
20560
89268
432900
201446
431404
75622
135228
61216
108878
251172
23380
148646
108410
5132
137886
356
120512
242496
111172
231582
3770
76184
70546
56
163734
398354
116810
51684
32430
225876
103682
236882
135422
333846
6194
202372
9112
17068
71698
313354
13648
6110
13412
7702
349498
133624
8266
79680
146500
47430
1194
4380
39576
360504
64138
66736
99124
267628
96320
19694
86580
147738
498
113366
28530
6330
107960
25472
3356
21386
245184
22188
31414
366
77422
81294
26
1518
87772
153718
338
136562
59626
5908
279214
188040
253104
32960
281394
10146
312750
280324
120826
328416
6984
20120
3048
236604
86060
1826
102496
3278
112218
29808
325330
84050
352
19580
135148
118756
102934
92752
211872
323108
196118
32270
22612
66566
61338
14082
74318
1046
105348
73566
4350
18590
67990
112182
83718
12474
3332
132270
227428
64764
236710
51822
95722
92388
112346
194272
213174
2410
39124
84080
338502
130592
251516
4668
185224
324264
117710
19560
62132
211846
139964
146078
121080
3950
117224
12
283172
131194
184438
7516
268650
210384
208472
105600
412756
9790
748
1040
393256
2880
37350
190820
413418
36882
254956
89192
69246
28850
19260
63528
3664
109652
295760
8474
58820
80294
106528
3200
90446
76
75684
230772
64382
282588
20346
107566
3146
152218
248264
162
171808
92750
57096
4984
221902
153406
5312
7446
174454
163646
91948
250772
4540
65412
176650
286252
94836
79490
137096
64136
225316
249640
120838
35098
6386
195776
2566
152
314396
121474
421198
41124
329480
59116
63884
21572
78526
11586
253376
113166
22278
6300
49762
172588
238348
124040
53394
1254
2954
255296
92660
124014
202290
3626
244812
85664
154978
300212
172546
230294
27274
297206
72118
6034
72106
64674
203382
21740
164
76482
146384
196264
780
157804
121158
5504
244868
121450
74700
67266
8930
1474
256384
427052
35532
1600
11158
188768
130438
4608
25024
106474
1280
122176
12912
165032
47982
11488
182396
2378
50760
392278
67532
199958
152426
119108
86840
284
75692
11650
135930
356860
168684
335222
44076
37254
102760
3514
178
17884
32146
197224
137886
255020
28778
389330
8938
276060
52292
323196
335666
131174
9856
88394
208308
145800
100110
39434
15032
7718
29304
74018
4348
107360
192492
54998
268024
188128
26600
14440
52502
38424
3530
101900
4302
119070
63810
374
18534
55726
123660
17528
0
3614
52794
35188
60542
151212
132110
132408
184444
2424
223402
58206
240062
338016
102478
84056
2346
290514
65006
35656
35612
13506
32858
33552
134490
215812
33954
200656
27830
4118
264810
14624
322794
52968
49250
29874
23290
1666
36332
310428
29838
77304
5836
8310
159616
2634
237236
322294
313478
6202
222330
214046
208826
172342
71480
40192
6264
13706
150956
20518
151706
52744
10450
65818
176532
30182
319310
193112
32916
5204
1240
75436
147778
68228
94206
115562
38780
17090
54212
146744
209750
42312
12498
119222
221052
198550
3070
169678
108490
165838
237998
129952
1692
224346
167602
177022
20420
94898
38176
407004
207258
83248
111280
141054
25146
116496
11464
1774
41410
25660
86634
62206
247734
211956
1386
34352
49502
182670
150652
135094
249942
58162
224858
95362
36894
36424
162104
122654
43292
70526
16240
2218
131426
170
171224
78860
326578
30
150908
159222
162882
19496
119398
33324
74778
2048
232014
1604
6920
341708
1702
13760
140
4068
37596
387736
12198
86680
121478
35088
116878
227618
13328
105914
113742
42400
150404
78088
17858
11240
34340
14026
365112
27828
327442
133898
106602
48228
113416
406688
220998
441818
181844
255804
7018
58194
225454
73848
111186
27672
193766
127232
77782
366040
15622
33476
102662
244462
231716
2512
427690
272176
168224
696
31270
72004
168370
5064
133150
128960
190192
28562
23316
93176
3758
2150
192898
162822
156592
57794
151802
218086
269660
8018
1398
209712
116726
25132
86068
126184
19530
66316
331962
5394
164614
196708
2182
23778
84448
205340
50558
78602
16178
78570
1116
226488
19792
4660
105380
81090
2654
174766
5336
236134
12878
9812
86330
40738
140882
318
10806
265840
11464
100502
237066
188812
5932
6918
35916
1374
96056
124136
1870
59848
260750
44794
267214
63348
16130
163806
366768
72686
100966
42546
194506
189840
171538
15650
238202
130384
53064
138734
47588
308830
249690
8438
8460
5180
15186
5658
40014
8174
34942
70168
151838
107574
355618
20958
37444
106178
62764
66958
7024
67816
6102
55448
105270
59098
262986
120708
11064
314442
9982
25594
11132
52950
81290
19126
136496
25006
99282
18456
3702
153958
22834
67760
74902
53628
422
284068
276
96
62884
68868
90272
1354
10146
80776
17010
52966
35094
11084
93612
66486
4516
3336
7824
8994
109212
133610
56912
14580
68062
106516
6154
263112
80786
89284
42270
135656
13454
137248
16432
32808
6192
5396
36662
15372
2344
236342
91262
90048
347816
153630
200320
110178
2428
275246
19758
18510
186838
28
281546
28194
32162
235936
7106
74060
45720
2068
50948
23896
49718
13742
53338
1910
12584
159282
235006
348840
46928
454
140088
148558
3400
30414
127276
23512
102104
111756
31420
39590
62370
211616
128276
145724
139710
62686
248876
78838
104548
125638
54470
234212
180512
170430
7990
9666
186852
235148
77600
210780
5612
55440
225228
17262
225352
178
47534
38746
34598
253622
201366
338116
134292
99218
10458
109474
137570
1050
134432
296172
33396
125660
264698
288384
159506
46394
57558
5516
110878
724
112392
43070
17050
241964
140688
4578
131408
232706
158166
120874
162800
88618
135802
14770
127250
178176
104182
180
215628
82858
99196
219560
266
25342
8274
153930
230482
338
2008
51222
2554
2820
106806
39850
6378
40780
182366
16372
212658
10370
6202
243200
119526
295672
2
261784
30070
158394
141034
48346
22658
358964
1782
484478
14020
162626
102410
7834
48808
154818
234208
158530
39290
15954
113822
392
87496
162772
119070
330690
61510
44658
130600
65362
59758
22766
8880
58744
49292
44774
191610
4608
79318
209782
66
174884
178122
85756
186516
67542
18836
83886
3890
199352
125926
100588
8218
1144
62410
136574
305464
50406
62030
253754
281040
387804
12714
39000
27208
134360
4
54716
10832
315886
169592
12488
90624
11658
273162
5640
4964
165328
37792
20172
453530
14304
2504
51114
8884
240056
56
2262
115188
41148
242718
159496
8800
246532
18612
87316
376390
118928
149928
31184
142078
125878
268292
27054
160218
2230
1248
17320
179938
34160
250084
8180
25636
382402
142870
126414
5882
100530
4816
273988
121070
67700
12602
17326
86872
160672
136398
108062
154242
137318
3564
230622
37102
48166
223464
148654
80228
792
214740
49318
141488
222698
135732
5204
219244
9744
40818
231010
134316
188702
4434
94352
31312
470
8994
120636
27112
139056
18762
2320
147920
822
222268
31238
206
10472
81068
346962
245526
125834
62150
17384
80182
19112
286558
30128
28132
325842
68526
3836
4636
109008
1132
198432
193654
30002
1808
1246
465818
42692
62956
169688
124184
249796
51872
136996
112834
144154
227384
265906
156466
2
90234
84
322138
340102
16830
214830
201738
16898
180456
244318
21848
135958
53042
7952
46200
2578
34680
71038
218488
302852
229284
244658
227904
15676
10988
227126
250814
107064
162206
139672
58616
157786
2660
360758
224834
6606
19582
149278
123542
256784
23914
41436
35130
216746
10764
321380
3206
129602
78480
8698
60498
948
8388
137980
165242
68704
302014
92070
194166
306308
312958
29890
347268
281596
4770
241334
307690
167872
152894
242086
5888
35442
290694
1632
267070
128874
2488
13074
77098
127324
26182
259842
21162
258840
83880
213386
164958
61292
201864
130244
29794
51796
3316
5170
88546
14676
20808
329340
27766
51876
48098
153206
41956
51510
10426
84686
224
136706
5212
382950
305862
6566
15292
78698
144984
12952
157828
10840
4608
203172
106568
42
217376
399890
359364
32884
117268
42276
265468
202968
42960
145984
180764
67616
16618
21762
388186
1090
145134
16060
49244
172
408
118826
184780
58318
20
39946
8136
132540
380470
345912
4884
124296
55670
169958
18106
37738
32644
14998
43592
34596
67644
153332
23338
5744
203462
21674
284426
11836
15146
60738
22062
1606
23968
192972
168066
227966
149034
270770
17626
64092
167982
266190
108
236288
83824
1416
54780
176
316288
8
10770
422198
32248
54664
51564
31270
147292
2486
48990
10022
153324
200
48222
4624
276982
68598
4390
191320
332232
7224
178810
69646
6074
172
906
160566
228996
2
44
122054
4106
22738
56400
352830
95644
149288
115448
124696
261682
84102
296542
86608
50174
1972
20730
4904
6436
319592
126232
192316
239944
265920
248234
19722
76248
11460
81732
113562
5138
100102
87788
270414
34184
161276
391434
19484
122856
6566
191880
4730
6912
10404
71850
137320
5834
257696
62862
144208
23270
324722
72074
125802
129158
43996
68732
39970
324
355510
24768
47158
331048
22262
304870
32342
214124
14738
67294
75448
140822
227332
17612
15672
45790
207566
363534
37108
90220
209352
24284
103470
53460
80786
102826
62296
28518
141042
13372
256240
6
1858
34094
135820
580
119202
24030
46766
2132
8866
37544
51294
115404
323858
18034
251804
1768
167052
92746
271584
281982
3636
4516
12730
69026
1916
21834
41436
61698
150952
168216
168994
68376
7294
4360
156672
259168
1194
220450
262386
121302
33546
142168
24138
161308
57094
114442
122852
182098
281130
129536
127306
2
85842
32392
227228
20112
285456
15546
217162
145454
3182
72162
245122
123252
40302
14132
76800
107342
162286
47318
3594
271106
145730
120570
124
28302
11886
1896
162440
99816
25342
244070
76620
252788
11766
60906
8182
320582
293364
17574
49066
52076
71548
258352
168682
35040
287658
136924
2396
2604
185436
231494
145216
24850
177344
114
331040
422232
52948
45420
117812
113244
240610
176
3516
100960
135132
333796
183968
53076
128532
10300
176382
56082
283150
207196
24926
3400
95310
250074
61106
73534
242
144488
71380
62210
107150
133906
163702
206062
14312
10686
266140
147144
119390
48362
53646
66810
70072
141820
610
360474
26566
54614
289578
2
1674
292664
1844
237710
11234
1602
5592
108
164716
10324
79266
70208
187442
18388
12500
212732
46462
251172
69576
132758
1104
2456
172870
219558
92330
60772
128994
10196
75988
97102
8098
94936
176
98288
142472
173774
69224
241728
23202
64892
167848
206882
53324
107724
53328
218960
58848
35786
148054
75970
30518
113834
229380
26160
48330
7306
254680
162188
103866
81030
244532
3216
19252
182234
99440
35662
162402
5780
40410
84408
60520
170462
34006
178910
203442
178
5456
354
138312
279896
244454
130
195210
96854
21456
2042
7236
61588
60982
102344
21514
116614
53262
36750
6858
1780
98770
7608
6740
30264
4384
11390
155548
273434
286470
372
34638
310
3206
425138
188524
14140
213550
1050
44822
13928
5514
35670
6314
29780
2906
90002
10942
210870
19946
213262
47436
16538
111502
232344
17510
18282
77392
176504
294358
120722
135712
161544
71492
60390
114430
243848
192188
54634
271544
32486
2724
384
100000
13642
56290
317898
2
20832
10538
127454
239774
42424
11682
322394
2680
42026
133056
275600
2710
15650
248052
239458
150488
150384
34042
465406
288852
13788
312602
26194
14336
12516
19496
15360
145168
5524
82338
240358
179976
12372
124690
93768
112916
136002
22164
348
399680
8
6406
4182
77566
150860
339414
44918
2426
267794
226946
88698
237432
304586
404952
762
17304
249544
3326
120768
14532
15350
35056
2
277792
33934
37584
33686
122776
64946
51664
28468
105182
40818
14188
13772
151886
40524
96590
16626
19938
12428
245566
10892
2130
14784
72776
54380
163776
82428
260
165100
58492
38988
308
10610
1680
1006
2186
143984
216044
40852
214
222676
71642
2266
172606
46
22354
70560
62378
13774
804
387048
18264
28460
834
127538
209296
338072
8170
235038
56564
77686
111608
33310
212740
129178
435186
278802
243774
29254
2472
36020
185392
300518
204404
76736
3660
325952
11554
245566
293552
1038
12832
129368
107610
123452
14868
616
62962
185422
27572
136388
6488
4914
17586
121718
159210
10126
1200
278800
249932
126646
276880
433760
10596
99354
73286
320
297460
255230
121998
88494
254854
226342
217514
440052
28356
205684
35750
56562
196096
230746
65198
127818
48742
15422
252794
210802
51660
19768
110002
7424
12444
205160
2478
110
92772
10244
229786
188616
400
79890
104734
276672
43988
33974
4380
4582
165680
51646
28728
21204
119404
79650
4324
6724
5090
73462
15530
47920
212564
132008
66028
24610
56016
526
67822
238072
79702
34454
421500
7904
45834
1072
161182
91016
13990
2
115220
12738
51924
2486
129348
107130
54686
85784
1402
182
8174
280534
205222
46156
28006
3006
18022
1980
21962
252418
102334
175090
28436
159370
172272
13718
223448
19052
14396
1374
53806
99142
92628
123246
282428
44916
32910
73172
45062
32416
37490
258072
167960
127788
3598
63746
231292
36722
401124
107978
874
115382
41460
115390
19246
137488
53452
133436
12112
367500
87444
418
118548
333456
47988
49758
148078
636
385774
7662
168628
191468
44898
7948
5686
151096
13688
169246
3790
106094
45158
15762
3986
104696
205182
61450
18812
2168
24796
45804
1468
301652
280082
171334
228644
256840
247312
43854
118276
8734
95650
132
91772
213398
13562
246702
106364
224382
18
948
2910
14750
23112
46
29686
176304
85168
180644
62274
2164
200530
210524
60770
392972
60744
143420
113546
7822
61042
82654
31894
7072
48374
288082
35868
11974
43050
44686
11250
116386
40006
3550
6180
99694
244
9458
182770
130806
8136
166
4086
16816
2
173670
14504
474
109184
157890
8232
49696
167924
5104
43278
137244
221732
4402
9790
11498
239104
81116
118554
157508
4508
10146
60906
144410
23294
188988
68170
14666
14006
33620
110846
29362
193432
325290
167730
63376
214724
61100
8952
227696
40174
210902
187246
10874
139286
6030
78202
35854
213438
386498
3218
360680
58116
584
60430
13956
110
44578
12886
36652
101778
15968
6746
122560
207640
324254
93438
2186
40910
153328
17946
34606
16648
230868
20772
1872
49266
4038
154
9116
28600
27590
229762
27646
199510
141092
31460
87970
286418
158304
31996
55460
86664
5572
25070
83150
22886
378648
48364
266366
21994
7314
13752
1958
10800
29376
12662
19606
33748
2382
141210
8174
67338
33070
75320
163832
55900
19808
337626
146602
62178
13578
10126
86508
279420
17654
1350
10
357884
5118
50944
79482
82320
33794
3960
437030
732
65300
66314
9602
44450
5014
238382
89684
996
45138
242002
49332
178772
250028
9420
149474
1108
57094
115948
1942
184
184674
213296
190948
188186
327032
197562
227112
219862
173646
114702
254726
30922
301900
217652
347710
234170
38698
179490
68852
259880
47642
224678
10306
125912
62510
31962
8180
189530
87574
168376
50368
181646
5314
2988
215648
6638
47092
36482
185328
96
27696
162576
199932
122666
24
72916
248532
19462
46478
142320
230898
19520
14238
82306
60068
3038
19006
338300
7372
5086
195062
5458
190666
16408
25100
124780
216922
94122
89366
13150
95948
0
60506
426234
5616
265320
21628
240774
108360
186804
32224
99064
196
136
16360
212446
8810
237176
383896
5544
23078
1316
606
65086
53124
151144
157322
9732
163774
171470
289948
125350
306546
27236
11580
330698
153856
13398
316582
90982
215662
191054
15742
1322
93572
225168
268390
33168
195052
10898
45764
3036
29206
984
19810
52736
84064
770
17992
19216
5214
276056
26954
17086
135086
285198
17044
309206
34254
14768
150
46898
2
124218
129926
86518
1564
78076
1420
225262
85122
710
1882
27632
2180
58564
138152
34140
30892
381066
44508
33836
216208
140848
104774
5468
53348
67596
156378
242352
212846
218746
184320
167444
18280
41924
119108
17322
53466
58932
110666
173652
92422
382148
227788
29808
82134
73522
6182
69046
33582
12270
11604
60702
61448
35526
105528
196606
44882
230250
4832
219768
50658
104208
9380
1570
64850
109138
38278
71448
173724
8902
686
84642
113766
251574
177070
436518
84500
127646
305300
45886
71020
5060
302886
2744
92236
23218
17094
39996
7812
67558
151728
84106
284670
107950
223382
70664
68096
246486
10036
144508
73308
12514
2524
4114
19880
26670
47962
13692
11980
15682
27056
52120
706
66062
227884
241378
31520
69126
58068
35536
51708
12
5900
380402
112396
18916
301280
258816
249922
238970
128764
5050
131252
65306
18952
408652
99344
206800
171944
148538
298170
6436
42518
35290
8694
281186
181884
255674
10954
14282
157140
32798
21728
42552
20936
38
11290
162724
15292
281394
12272
401282
580
7842
996
1842
164636
17108
44216
35856
99822
43790
157084
207714
508
167558
44
46512
347176
12
304308
122838
231872
170266
41948
7656
213542
226308
5480
31260
2668
206998
314446
60804
184106
192806
24772
14224
136088
45306
572
335772
11570
157330
110536
222698
256822
130380
4
85112
4926
10058
112132
63596
61706
158770
117516
114634
17216
115082
104074
3168
210614
1892
310156
121492
26150
33890
147192
179454
61536
6628
1908
32684
52974
2412
93388
185630
898
9548
1710
65026
297738
56202
93330
204882
3682
112808
6404
2374
125400
64
145800
61248
12524
247516
60078
29934
88030
22362
55246
136982
60278
7146
4626
2778
8370
20530
199910
26706
60736
184004
3812
136580
159612
37912
1562
4234
249318
3160
14122
81414
12328
256732
3172
40890
57122
128
10186
1076
98440
1268
140530
71594
101132
144168
222448
7662
280028
3870
264362
1402
14778
14846
3138
1606
202656
39848
38648
222236
1008
45454
43312
20264
196192
116386
69718
75758
219360
347446
10034
7918
132192
21686
78240
828
4542
221502
99284
317898
277050
110530
4556
185414
15996
109218
234550
180536
2088
22946
135328
9222
84934
92606
244468
219666
65794
23612
360944
34896
76074
389118
422
464
13014
33526
126972
46930
125900
9304
109116
115052
2102
101650
328914
64330
19356
180602
153266
64078
273998
52578
310350
171128
158
63870
191414
289218
41208
5502
160512
12370
179016
9992
246954
46426
131478
209326
216924
80814
528
48626
350594
17648
126020
398
20596
2
53168
102808
242592
20740
25056
103334
199392
3646
3074
190340
82556
167220
15322
14204
31950
19374
12076
4
252112
10964
2626
11768
59128
38014
68250
238342
88118
33042
68982
59412
41086
50258
23990
14476
13970
4564
269594
61726
229636
65870
17080
57764
345372
114354
20918
340794
2276
304140
93232
87488
276074
158202
62860
243510
2346
183222
276880
440472
33574
20336
50556
542
1070
11402
546
162656
48916
15386
119510
54954
85060
119222
11248
55904
31450
35382
43776
12336
21572
91778
257044
32996
28246
4270
60622
118854
141374
26366
18708
29226
205798
87240
3148
85390
9650
27398
362152
26334
100598
25572
194542
338066
242584
26522
26004
242436
60736
176424
34508
196222
16232
108
27078
226042
68656
2114
2742
32996
1176
93178
24560
9470
10372
3432
110484
97748
141598
56100
145802
10
1070
33922
96622
20642
9238
2360
127474
274760
129672
2974
7504
162360
610
146
161840
7172
23154
103688
41714
76472
138712
87178
63632
620
183036
250472
201038
306
10600
7200
45342
368
3416
127206
5096
154508
36690
36326
11156
206
10552
177508
32828
180360
56694
2192
314548
68348
46346
7302
58770
267184
181864
54640
50046
704
338988
770
1746
81378
77374
113014
17786
343042
10772
24760
30378
218774
415560
91110
16114
143108
143392
43756
5508
66462
454018
50322
42014
100742
16612
60748
41086
140372
10680
127280
111916
60374
237618
19764
133092
288760
42670
183040
87362
28602
104374
138034
286250
1420
1796
181980
5544
11838
61734
253702
21978
245606
15178
8274
281768
69644
167836
56626
68440
6312
39990
1026
96356
196748
249220
265108
181556
165486
3386
410690
89506
40064
13148
50092
429270
61656
226984
78196
1518
153184
21766
231080
188232
11948
14006
75426
20822
668
237054
278724
433386
230
134130
54636
2116
114586
137506
65070
20302
171052
158
806
25028
10
274548
216840
61528
33178
293008
20724
3450
7836
12656
192662
43270
103586
13820
142498
23734
199524
227418
202726
66840
6818
276890
1840
253330
52066
31050
170752
250230
451246
288292
12302
56910
278128
88804
57844
267264
1124
14
101560
143254
100482
37770
68892
148494
157830
195822
33756
127308
18784
42324
79742
132206
11162
39578
5686
48016
98528
418560
42938
190932
141704
222166
277130
23084
5648
61596
12
7966
12450
172854
369622
26566
136092
170616
298068
36676
39668
23660
342
14518
107474
63246
101732
420
7084
19732
114546
670
25958
30
162658
2558
14990
21202
329458
131206
9922
68226
147324
89974
267190
57634
47160
209056
273102
8032
10036
188106
42092
5126
280096
91516
52230
213270
116614
110244
68036
77826
8016
106704
24954
343866
13964
167244
4908
35180
105080
7862
155028
50918
84266
388900
18
12272
26788
261264
3338
17788
33498
128598
25118
60812
148382
101624
52786
181460
32796
121386
209204
123396
133314
15636
5086
273240
21526
21814
20758
464
19102
287186
211530
19540
2588
1792
85622
40882
311298
43396
14946
110
206826
12694
58102
465836
24
149380
22616
95006
247112
115464
154076
84462
327450
4680
6430
179620
166182
13716
102348
195546
35438
220910
27986
137928
101974
56584
278582
174202
1994
15300
78692
5020
286
48866
2030
11194
57864
108
1804
26938
28224
58242
70126
1170
98524
41388
36232
125774
430628
82642
6702
124252
8738
3146
15212
12096
220988
56672
195258
73724
203216
108630
2664
30540
217724
23186
352556
984
30714
7930
235764
34254
257224
51692
77398
213626
89542
1544
251610
13848
101302
389300
209148
308196
225474
22060
238846
266
87862
17884
24910
108336
82136
170316
153216
129210
3506
130306
11006
91130
7232
55906
51912
86876
95512
437718
6742
402588
126388
22190
30280
50556
432420
123396
3314
680
165386
95536
146460
51420
52732
47074
216206
124212
115480
258458
39982
35184
213228
238648
363548
3966
26006
1442
74046
48312
1214
132170
3954
3520
266422
322106
152926
206
321124
101234
9646
102554
354776
9764
106624
6
271384
29834
280784
145158
213882
428166
17942
20056
71172
18618
48056
336774
179880
2476
23284
73378
174936
40012
49664
180254
183508
1890
107144
4616
203150
84428
102596
8
14
193248
131148
33856
11434
301932
133566
54780
20154
375228
169312
9088
257804
365618
294618
1334
21116
39944
69058
359822
378874
120282
66838
28406
179190
34872
186602
452
8202
136316
70318
712
207790
99714
140928
45018
125800
33946
206372
32948
68320
153418
290
13050
260854
222802
435492
170986
3958
93118
7130
137444
27640
131288
3968
77120
109566
115484
6272
47068
103424
123166
84182
22930
80482
222794
236918
19562
29884
62346
11216
49302
183852
159348
247064
11088
138008
377002
98
81018
25244
46420
89822
610
116946
196578
18730
121884
422374
108912
67926
202466
320512
105584
356772
234
1054
320748
287806
15156
524
10994
23268
65400
23476
6552
106440
453282
53070
17010
183834
18196
138060
60050
265272
185018
293840
166738
107224
191406
90678
64414
175014
135958
392564
15684
20668
25768
283400
11866
11968
50396
5374
56116
53532
262732
245180
16424
9156
12120
150496
63204
34568
182956
191770
16880
239928
11834
13974
397236
293844
59490
114316
175492
18522
20266
222818
3804
179692
52484
4622
127850
512
12334
33494
227420
178192
53406
158758
15364
8174
19270
43960
3332
295182
51024
69914
165666
97734
105536
6324
35380
181050
28956
174896
258762
754
353730
263178
41064
170836
10426
43914
78196
235068
1784
93838
133622
25086
259092
42970
30026
231286
34284
198244
18212
80418
14074
129272
138612
146836
2946
20496
119370
92606
20940
12776
60406
34592
167700
9960
229126
2962
53836
676
38708
137130
13902
5114
81820
52
14672
193528
190646
160544
94104
2
2
8152
19682
99690
405750
171970
223836
133612
315944
38
12446
6834
942
138586
83696
92884
204768
2876
145206
195728
55138
87452
27490
3048
22728
250572
30826
319056
123016
121258
84244
150118
31610
740
171212
128320
357588
21710
151806
63256
138776
4
98932
21306
89054
50252
84788
255416
202758
5168
42136
82162
262210
359722
23210
7576
38372
90500
153110
55006
14482
112270
245582
11120
179158
2194
179226
225162
119024
118684
177010
42556
34426
11786
91584
239776
279570
32486
122188
81898
158002
35924
114114
1910
307016
161528
47888
70
118736
11874
742
29262
240416
314470
75258
150030
239638
116442
780
50788
234240
186266
160740
9110
151628
162010
95316
6838
67212
258802
18128
125096
266342
183526
2568
34758
288694
194004
153284
109574
336950
36104
116862
9056
121996
580
321988
102874
16776
68
78102
38266
232036
132000
30800
95710
76076
183208
245976
169938
30452
398418
7514
36588
43566
2402
31322
26184
206406
27300
22152
58968
74112
271110
19124
43416
88872
147074
114148
59190
55700
194048
11002
170990
72406
316300
25550
29126
210330
156516
97618
3636
106344
21578
71946
99516
223436
79990
135622
174456
128472
52270
152930
40374
226308
15018
59758
44524
171308
224624
57250
63500
198780
158372
64614
4240
152
55176
336714
21952
24224
395232
9404
199706
402
37480
221474
86040
18498
3082
12002
69414
113444
195970
31824
93686
135324
178570
3974
35526
117820
12258
63982
13304
4134
245024
240534
289620
16830
214442
3830
172784
152622
324926
9784
238926
1864
109766
323782
52
250992
109936
254544
119980
195994
326378
203190
114080
61132
50032
212996
170984
57202
87138
26288
83814
8240
197150
264522
39698
18
411638
28072
127788
374
698
111092
4642
268666
67676
120502
7258
101454
188518
21154
47538
49162
175954
98112
30788
200944
152356
153996
3408
22988
30264
323834
96308
17990
198072
171964
120658
176980
69704
37060
104344
112626
51748
140866
202784
15148
43912
24956
22680
8780
30336
267844
8620
255204
233234
43716
46672
154232
88156
8766
199870
51674
128486
124
2064
468852
111074
97610
107022
2618
104802
243522
258
163320
210264
136756
2060
2546
168746
135232
126350
154
25896
193688
3610
129632
189426
88356
1540
40234
133176
129486
59366
15228
135500
63266
28212
260154
190876
42
35120
14988
137102
71108
5420
339512
8
61194
102398
23726
60868
3438
78968
201918
223960
58246
215194
2768
120658
53328
238282
335988
386110
30212
180296
19032
70332
278550
237966
300000
407050
66202
18008
962
222022
113626
26318
118120
19836
4210
55478
88898
53790
3542
23960
2666
77222
696
138038
6544
576
145942
368490
196980
136980
90354
85240
51664
403406
71242
818
4344
9584
7700
84912
105204
22534
40930
191274
3058
31018
114
61956
6102
10178
109582
47534
203044
25926
244976
38634
55874
74206
14766
66
64274
264300
173760
301746
143652
57304
30336
276542
137920
1766
298870
150598
100392
176680
41304
62094
205202
32620
271584
24010
146280
107970
250092
118352
526
32
184050
14464
15724
270
47748
122726
238132
820
210376
4136
480
226652
73874
194572
31440
249126
62730
221976
1686
15336
436
347622
9396
146358
8576
287096
197988
319358
210
209070
112504
95198
5766
70062
158898
1148
908
112932
258460
28248
874
180606
136846
113166
92332
2
128786
203376
90168
260590
6
4172
6978
208648
348
258870
101120
164720
912
340370
106518
272312
17672
230676
144994
84178
68118
39780
74900
12188
30930
149224
241080
79088
147332
173934
247800
238292
146372
179338
13150
5398
188
182050
13344
528
19500
3598
33988
20458
35578
5718
41060
223804
274566
194512
229308
118676
75648
16532
12804
25172
224062
241868
15548
108848
110066
226608
29838
228002
31472
23970
214696
141604
3754
117328
15380
147896
191762
277496
244332
202854
11172
844
108162
133580
23782
43856
105008
164218
87268
114218
28792
62132
13542
38708
9774
41868
462
28978
4196
13508
312154
115692
197128
6060
147810
458
5162
147202
24030
192874
3394
9258
149992
5132
195664
252
136610
91022
52426
258142
3128
22416
242966
1000
12678
26164
46608
2180
218186
300
160626
31638
105758
148
252622
78824
1326
154900
3398
177494
5674
42682
135660
260676
13862
0
130154
147662
174120
203424
1024
55608
166298
11956
12592
100236
137574
137462
43732
377384
125730
6188
6
101482
66900
37700
114580
59476
52922
294
154560
174984
159858
238120
212778
146
31508
54476
53454
91516
40190
1300
1636
20
276784
1818
69324
212778
14060
22288
186982
250992
244794
115124
49786
174304
22396
9608
141446
163004
7960
6032
328
70672
10300
29572
886
22052
16394
28404
121048
182
22138
155794
71206
29562
109574
2838
252
7806
1092
161808
38784
247492
240466
127410
18446
50786
176988
7768
14772
59640
54666
220258
90742
72214
12160
320248
59244
4036
2892
414102
154240
381656
62036
390
12000
147224
229290
14356
202594
87298
2108
273440
230172
132912
128058
42174
6578
86630
306348
4312
9402
18646
14586
281520
34326
210768
12
223948
453632
44
3394
7406
91496
20928
147510
1724
184076
138290
77390
205488
32634
404904
151884
27456
102446
148740
120340
14430
153486
41204
180434
174
7630
9802
53164
2492
8
16980
4798
197866
89702
83610
45334
5608
133674
249784
2
3172
226020
67802
2660
6532
150
56012
154788
14582
45146
21754
152306
382452
320256
82584
144786
688
114012
150204
73022
25752
143984
776
42976
258506
42304
171886
18
18976
732
134858
6622
106
83358
400544
1038
840
368322
111320
86728
89382
102356
99854
10746
217290
12714
104448
147406
174556
322514
313804
870
55384
260184
24362
9880
47034
129942
23658
223278
21308
97522
129654
192664
111866
105644
398512
274606
101692
18
191678
2106
104826
79110
86250
237370
119956
149636
135980
36430
188180
90080
136410
234512
47270
2688
126452
36842
43972
223756
288586
17648
243698
15762
155506
294712
27994
36736
17820
247706
11144
10096
58162
65496
94334
1746
98036
1194
1744
104038
2912
48852
43612
145378
207068
5474
13244
107330
3730
239638
46832
270512
6486
28602
30156
89588
188606
38882
227806
182848
165720
199158
277130
189266
5346
105084
183498
32748
94682
134620
348674
20146
301962
138390
190718
19682
372510
9174
116916
42800
176180
20246
458392
97850
24020
7244
192612
301952
144300
160400
205412
78792
244370
238312
254714
269316
11484
14314
55754
172634
15616
26432
158586
11972
24558
53082
2964
244774
2104
123562
191204
135508
82454
30
225892
68914
15468
39860
5564
27052
360848
118146
97414
8114
51310
305332
355454
261624
11120
70118
145272
192428
47596
5650
102
181010
74600
310628
134364
117960
173214
13996
131000
3668
24048
35820
16110
126932
7024
56708
254140
30006
277026
109756
83282
12142
206386
202580
148912
10000
57510
38102
397266
36850
279106
130
233638
197520
58024
32488
2026
41958
1754
25140
84624
116700
54978
200046
211558
112866
284236
216428
212136
160174
5518
385998
2100
6386
107778
14
140684
368546
37822
175514
315544
49090
45330
280650
7410
118980
4028
152848
3680
203774
117332
199018
236
122878
67964
208434
52232
17422
31358
376
682
135492
43684
138300
131408
96926
130776
327208
214644
77782
2292
160186
173760
4196
115104
382970
94906
359366
1530
369990
33442
317610
82316
223362
143906
1608
4494
2984
61034
3360
102836
68286
1712
133620
14048
433468
9418
46118
55740
118184
26352
12968
208122
1308
1034
11404
31118
82200
10760
82634
355454
194042
22488
69870
445680
195344
55802
5196
261120
4
317432
55470
332898
272268
40218
136832
10
66
14332
19810
184588
255634
30878
239522
322150
290
113740
165564
196732
57146
80460
102680
8184
168348
744
63782
254002
349056
102742
46114
67406
140414
5318
185432
222270
232752
286
170148
8174
221976
324964
52858
774
16254
195414
144
2034
170742
174416
125872
168334
129610
162750
132080
202740
166394
201920
97786
12522
124230
218362
50598
2222
237862
5496
21084
54
38956
163660
15542
185012
194092
144348
116478
20122
2002
47646
858
57506
57358
69144
74308
167446
232
2172
57960
19284
12404
65050
139976
149518
82414
30892
258756
114354
54130
103830
93320
364038
161728
388538
2910
120690
97842
162050
544
0
930
41856
156508
325894
280524
120052
218988
6836
18320
30898
45588
138444
203774
124
350
2320
92538
159264
171634
329690
161226
11586
154
5162
35092
269644
94166
12866
157316
42274
33466
91046
152392
16010
39380
10900
227148
50172
11648
2804
129404
122314
5518
62708
164320
44318
53518
171986
52088
273544
948
266188
211324
101324
151028
116650
195634
125176
260720
312044
240368
4678
169344
32
27216
6568
55326
40008
51126
350
190866
212562
94842
90992
1404
116408
838
47508
1032
128642
66418
360368
19060
17406
274962
232884
281412
11074
112450
6664
55272
76296
4758
138400
118412
165546
158870
852
122390
54758
85078
122012
1720
4946
52040
11084
19092
424470
86330
239148
91226
187594
73558
85350
54734
244440
175792
185248
90448
422
324
59932
20986
16460
177672
388422
235530
3886
26920
222466
345436
243040
356594
5016
90320
322692
432464
47130
233750
238568
2458
21994
17290
154696
74638
279386
175032
13846
614
65946
36
12556
38638
147302
19256
33248
26156
8622
320686
249898
27258
152484
154410
22014
20984
139864
560
201190
82016
78308
215834
38640
94
376
192650
19620
144190
68144
206112
238538
80
175548
222212
1720
243178
1506
24032
5964
78968
296352
44530
93556
3146
171306
77262
343418
33832
1160
358482
180386
174490
9930
45054
6142
210680
164052
83780
281596
230258
76808
178246
10034
266382
56666
18530
138336
202468
10782
522
303504
26222
16894
359302
93244
11534
62586
608
52986
14152
107358
1718
32330
46630
267052
65042
145566
226914
1910
61036
74038
28718
409734
293912
111638
11412
83852
26
242234
241682
35624
10410
140770
208670
31118
173424
26738
174734
7322
7970
41178
336798
400266
26588
279606
3990
292834
173040
149700
273284
74724
407746
193028
54260
353970
169830
124656
39066
349972
278754
162
191380
3642
163794
9890
291396
209184
90118
1950
34196
289908
76
153746
16108
60174
327650
91140
4784
83904
196194
349166
14076
48238
172434
50526
8354
121670
46030
395244
233984
10126
5274
332234
8628
218770
3236
28112
6610
131652
29418
87716
288
2742
105308
206044
5926
187844
185192
2
1368
716
412092
82842
34806
3482
86828
11954
11842
294352
182756
3388
380436
19094
53508
17008
178330
12850
2598
2554
74
12372
28078
90140
26038
29724
1578
76868
8626
426
21488
20068
20592
16878
1720
289768
315162
99112
215660
38434
147372
185972
163512
69654
259328
239606
97342
592
26108
153822
257330
59432
357754
46340
3804
248438
17788
269102
307812
87588
14216
17926
141622
186472
908
250582
190720
7348
57156
39428
234120
844
1632
21900
12792
110122
13298
44600
356864
220632
24
54534
2962
31568
21954
1480
6742
606
1748
5352
185842
13144
192512
178006
70544
21610
11956
299028
7808
84232
163014
47566
58784
31630
102832
3222
366694
40116
530
402998
243074
7746
173488
26184
18446
85224
32582
114778
6444
110526
54932
245348
145986
192730
120678
1572
128042
33990
319926
22082
7268
31936
284780
35948
13226
4578
19732
5060
267152
492
108878
171708
261670
66054
106944
92686
390288
411182
2180
32654
323858
132680
1186
1232
7402
8078
17274
382702
55606
403648
15972
100320
12602
324
208400
286396
179814
153640
159010
82528
122838
90454
168008
95624
240038
243234
194668
249702
135424
88854
562
12122
12666
159940
48758
223478
6650
7158
226136
231628
127106
70488
162488
66650
2968
30812
2530
283402
1894
13006
2128
16152
89980
81934
44208
257786
16
150632
21678
74988
238264
225728
234554
89012
116272
52370
266582
171612
140854
2448
30940
1280
2566
209774
47940
124236
200444
212
293630
38046
3578
58656
58782
90
91096
8796
0
177350
2678
2268
187884
46094
100540
1202
480
17922
67564
35174
3276
269266
12520
22020
75116
4226
4106
226122
7280
60522
116724
38718
167552
185488
24
212386
120524
241982
25892
57812
27604
64
7166
224008
7296
8026
34746
133108
25694
84820
134
1392
45156
35524
184546
27458
96360
136924
84602
138274
251404
133998
6
74304
1292
16628
209304
64728
53548
212122
56626
216862
13408
212514
90938
307644
190
0
63534
208
1838
151738
11556
332310
9594
6970
100676
74080
92254
260988
81184
102546
25678
52168
118588
104392
2510
44352
22532
167926
11642
159558
402
12766
151828
74428
83738
3654
6770
12576
159936
26992
42234
40796
200994
156932
508
187214
138686
39216
33360
111938
72984
303568
121550
53892
36048
302678
40
8406
58134
31118
348
133600
544
8904
20786
70686
77162
109162
77612
15986
32868
5306
204566
35540
71450
61678
147150
2330
44830
496
414342
15954
199232
338
93796
1366
121944
65368
3054
208844
155816
52254
564
656
371788
116652
325048
50314
130290
65442
317904
25238
16016
34368
86016
89094
261224
69262
746
74080
169830
249034
177926
390722
208904
305654
2014
121608
9744
117590
243740
8760
131578
6888
0
228490
47764
304644
18190
136974
16924
94702
120648
161172
59840
50698
20018
9852
200416
237512
164128
159536
86976
173806
117434
80594
80880
5698
172210
221536
12882
242634
136270
33980
56914
11202
252518
12742
295204
114880
14100
2632
125518
152472
96320
84870
82222
80624
106508
173646
4106
194020
16580
1858
912
1414
2998
214530
130922
206954
59270
133358
60448
3762
44222
233674
7314
166330
374
478298
36492
209504
211926
19556
54688
402788
192192
3026
417912
56310
514
13566
22918
254624
264706
128082
300
85072
90556
72034
148886
994
137424
359220
279132
9508
209486
130
126202
127184
201488
139386
318
365792
186904
152694
30146
247432
55046
145020
106424
70194
26906
389150
71044
48
122966
304146
0
162764
67374
223034
84972
69588
1812
45750
73912
50502
43080
9812
70814
28298
153296
324780
5652
30142
11026
41982
465360
215006
41370
40790
171494
39742
24432
264294
2446
176160
138614
85790
228936
20868
127684
158718
21336
220652
6508
30738
34340
286182
90816
246208
174960
345404
8552
104030
16882
14822
17322
26
123446
360508
224282
229984
166830
246444
6084
73920
154028
113084
215556
1710
33596
203048
68744
95020
17426
47184
166954
8540
171726
142
214822
152694
176662
191982
175222
348020
94322
199664
5426
205582
88258
28198
386330
136
238984
168432
22806
149116
778
85692
16066
127734
2916
198282
88
46598
70642
138
194
49378
61012
214988
11222
35686
92892
3914
1212
46094
121510
199150
50238
141550
176460
1034
1040
157888
37388
14754
24346
123972
320082
147772
123306
62444
448
130876
123180
178
115658
249934
157624
94854
240
107238
338178
3150
1182
267174
193868
12160
2080
228638
2434
48440
115272
107684
68148
176664
92128
140368
311860
36732
27494
358586
88
199684
41210
375976
3304
157260
62200
199700
55530
10464
3656
247818
27028
116166
40820
35910
46346
74614
128580
22644
83448
214060
87050
18456
119946
192120
14940
1248
178920
22100
5976
114
25204
61736
152780
242330
10040
7810
86548
301506
86080
62342
21264
180
104930
71424
251948
94660
184720
33560
8240
990
12398
213906
5956
5336
33350
63810
372606
4810
17534
57442
18494
160610
18344
7342
141324
247064
3768
123442
9578
48200
60
388380
213062
169252
35404
40004
30264
320126
232772
8760
30970
146538
91438
21590
48444
560
365750
54944
234976
111724
7580
274936
237996
125692
216740
113602
139544
237176
108306
332244
97620
185972
7066
1516
190990
510
196294
11796
32
22148
3552
118712
222656
273666
28810
172602
37460
46178
332604
312932
28442
360358
220
26054
83944
36792
78664
253714
158242
1044
35316
18572
398296
228
250788
213948
101868
37254
172704
5142
284808
74202
152358
411338
15662
37830
38054
128662
642
125666
160802
116510
186904
204688
164050
175338
880
13958
80950
258920
66
262454
104884
146254
186034
6490
25334
33522
77476
91510
81218
48954
208198
438
229266
85002
62302
314502
233562
126000
290130
5338
84068
12372
56
19274
207846
80734
88710
18428
9746
68612
32732
208668
190922
137462
13654
103660
9740
355448
181418
830
2366
2622
18610
107990
17754
30704
1074
250096
50486
165208
161626
148400
59712
41440
38348
82506
77700
137954
23454
55958
138198
2976
2
178800
33818
12576
53572
18956
7840
23734
178970
47784
16340
1410
104
32524
159426
68664
64048
864
23152
219674
90402
6610
6266
114232
123420
114062
173352
46386
40178
17010
4590
39184
4408
209112
394522
64
7208
83982
97488
207760
337890
9758
220852
193442
196708
90602
28
173136
74966
21710
35636
560
27480
245974
374478
132136
486
350
328570
202996
244922
42462
82992
50568
4
90268
54900
142376
98690
74606
309754
8260
127872
136416
68036
149242
18954
66748
18436
303512
424
35582
53530
19350
5810
86222
23218
219180
51148
98886
75808
288242
134320
200738
25388
184962
75420
187728
4358
173990
260452
248478
30784
122698
69544
135084
113044
8836
10308
239470
335332
226508
267408
303336
83376
83394
431422
303802
19376
738
297000
149588
238056
5004
11760
395190
157926
183260
337356
114990
156408
72100
15660
215564
512
38658
1478
225058
90604
6364
29272
6458
942
21642
79824
17724
148220
102098
214326
82764
324574
31368
46972
309040
54996
277940
276314
2210
438
416076
24784
76474
86450
15052
265942
215748
308
19736
8974
55338
120446
22954
169070
81726
153460
318242
120504
74
74618
315778
89302
1916
7906
406
96182
68640
12120
84122
18
169258
10924
118824
118878
25596
235192
242998
5818
63294
136758
238662
7844
20552
228370
149660
257854
832
115110
2000
208172
1356
205738
96938
101386
18272
7786
12532
47312
110802
2152
221970
209578
53370
30576
10078
221874
132036
216690
45608
22038
1236
63792
276784
142360
180594
4356
264384
247048
251684
93882
6948
34826
78404
31792
92808
256546
26502
94080
574
100872
262294
256672
53640
274588
149522
230972
3146
62212
4
11354
72414
474
329476
179156
178700
107138
51976
272182
94430
136906
30326
104
55848
36578
132734
5766
2210
126750
148746
130454
9042
1340
9816
29474
404
109996
742
37862
158946
367500
214272
148858
159596
45854
326640
74666
90974
16536
13554
187208
180
61540
122528
108386
137264
49172
171416
354152
89864
3850
115382
54388
99794
55992
1694
3848
18514
98904
28068
241640
246556
84
40734
23972
18932
41660
42376
57222
61008
169306
183518
53540
127216
152696
164112
1408
3726
89938
32622
39444
120608
19618
193166
61712
213794
39814
11730
141632
166234
186
239156
1860
102404
92858
431598
210688
58216
149800
48724
20680
26216
197942
198252
12150
28248
247778
42830
7706
161682
208074
18488
488
49136
121410
99148
42360
4918
25518
3184
354224
125570
3068
72966
292376
48082
30538
2
19356
2408
115796
27428
107836
251404
16048
4994
233658
11024
86228
20970
16658
216934
17952
243374
50390
5696
236816
72300
82664
41416
73760
166016
8596
87466
33162
97460
320
8216
47438
142628
19638
75664
254904
89944
12482
176394
220472
660
47762
374834
10318
2508
152410
55334
370036
243102
236274
20062
12110
364832
143722
171026
71226
285362
262260
206888
243226
65822
226
4564
948
263818
5494
9876
85940
174098
55806
270806
146786
10320
195990
180430
136240
37060
48612
126256
30884
68036
310658
225760
119380
61540
258208
33252
44732
98
309330
33326
108776
251984
34914
31642
14164
73822
101706
73886
81780
71516
334696
48066
144444
75394
7598
153104
1830
11566
235518
381900
63372
31384
44936
26006
120754
4788
79780
208
31692
250528
858
34
15720
23706
168000
31172
232060
19418
193226
425894
131908
251272
114688
364
14654
22160
54392
62456
18910
225594
223508
157260
128666
160272
154700
31930
3352
20
345016
103704
73224
154602
2634
282892
38848
81362
62552
84524
122078
68854
30058
202084
247044
6316
24190
84084
55384
266172
16724
4894
208232
4
191996
113202
133942
67272
281780
47092
40632
120566
144750
248536
202
10928
27170
173400
38094
2430
73734
30442
364282
65792
144288
245162
203096
186020
17270
11606
139680
287958
186866
60166
45382
8806
1884
422
281962
21560
43578
156592
70192
44
343122
229838
1814
85508
1972
176542
4832
139578
213450
130332
1862
137142
60818
353796
70340
303720
3992
91742
201988
43466
274696
33246
103054
15220
578
253490
283210
61322
279974
5972
67998
233334
1098
368
131586
386154
20818
423158
16146
177284
328630
40562
56216
98466
440976
17862
118284
309646
172866
258528
205038
350928
55728
18344
27070
16820
18160
150730
396
184036
234952
10754
980
7084
66756
145682
736
67300
25824
324394
19726
196694
305654
219356
10842
58106
2112
156664
19756
253648
128
187434
8432
51562
261410
53160
270848
140676
244038
118730
106882
5328
14140
27278
33812
50528
422342
364632
24472
137500
118344
133624
3236
6596
348448
2462
48768
238252
194328
20106
175032
7194
20080
317402
9664
70708
74484
247312
6096
70956
126532
5090
30584
1712
67714
18402
12976
40
318862
191758
140570
4
393040
2626
9458
151262
102000
36104
147248
79616
2192
53120
73476
233388
20572
102112
180226
168
110078
196666
285670
118534
55200
34592
2712
151706
219156
2846
1884
322804
15390
258494
8540
135676
157042
275552
12428
373488
277592
212058
130722
21492
154686
14798
50232
180780
100268
90346
94456
11964
183508
90314
18754
50548
116482
23788
67960
260264
15866
61010
13604
25516
412218
44774
39290
195316
254082
4480
544
1758
189790
16714
335070
200312
125860
250126
218102
89738
58996
202276
13162
114768
103926
184620
2244
48784
28214
36326
230930
48832
180874
29888
75932
157774
255922
181234
61272
78438
304548
352048
91744
19272
93882
362282
22174
48676
16418
267380
28296
224170
123306
54254
92866
88872
199676
119130
99172
60162
1630
368730
73718
95492
6
105610
23716
288532
199844
205328
39024
32852
194152
270672
175874
108584
80362
13340
65006
23914
171796
189300
82130
182
19322
10384
263642
182584
236258
155342
330228
149360
17450
346054
1900
10622
88026
5940
6
584
34858
80340
4906
14326
20194
87236
5370
183364
2036
16594
42170
242274
16464
18954
13578
102800
136
228282
269282
69012
25296
742
12342
244180
392802
91218
361058
189972
193466
164784
17910
168720
193096
199536
62286
276484
10706
6910
63088
25364
261906
1594
288
8556
2264
116514
57738
355446
190342
6858
42878
136892
50
212390
99614
10602
65720
17264
16676
90646
227318
23614
383502
48942
20534
109474
13020
229872
207110
143426
35618
8622
162860
385168
139088
236252
46300
9942
124928
48364
214790
7486
4022
9508
169254
30418
187886
19594
137320
1142
1272
9044
9080
369668
19478
26
64324
9530
30182
39922
93010
83936
189878
193662
129836
312144
30544
355388
98416
250628
58644
50806
0
6448
164822
1402
2718
183862
15572
190964
231158
32262
147762
65372
148662
62114
1538
245114
65550
7316
61020
185872
193466
48736
14752
180828
148338
222900
240946
112568
80402
103686
356726
33202
1766
46852
124
14
234188
17104
252286
209620
82862
39636
131094
4
204824
319892
37710
426
432
15966
12960
14398
5956
112552
60
174628
241030
94610
1092
3482
267254
21448
44932
36692
6776
59570
156408
1790
30678
126600
38790
268302
93416
284956
39644
49356
158988
208678
263308
3070
63392
10224
44
25428
9452
12228
8402
32054
97596
5922
318216
3756
170534
22524
14238
40928
258
123290
211460
77982
168006
159376
1508
366
240014
53458
7004
241990
124202
26928
67710
68368
158414
44826
63242
132612
6392
141822
123532
102484
276494
263414
58514
218250
63886
47078
221254
26170
14892
102192
292408
233402
32
360764
139164
186668
61504
332124
84
197342
43906
3796
45544
4744
307488
105148
6876
17986
1150
113110
418
81238
19484
177406
89004
64016
430
201038
225914
229818
156276
93354
170966
158950
16228
1884
234974
115890
273702
141574
145604
25592
6712
241082
383534
34760
9928
32610
22954
71620
78784
231834
252722
28974
315610
117690
171986
27264
107890
117342
42206
137966
40954
189406
31748
2814
48676
21598
236590
344144
117180
79544
139282
42906
11242
162352
214534
154098
138124
4246
79926
144618
964
116060
31978
199736
178260
5318
3344
5850
1438
155652
208
83240
50
10648
30922
49950
237544
14826
14930
157468
288484
35274
4736
26206
6118
4402
78666
86084
33664
66306
164368
40668
245594
54910
57982
23814
100056
30132
62416
29538
88244
123322
38452
32810
17314
75262
232776
23594
36222
78790
844
49714
43928
153642
4822
195086
215326
65688
194368
452
126048
13228
470
165830
26078
33034
157896
228272
9764
168130
14264
206
35766
225042
17988
92678
3060
33036
305730
5374
156052
133642
280842
158202
160612
23618
127758
13172
28328
33196
69518
108492
26
22384
1904
383076
121670
101694
207166
128302
78690
136244
277248
28156
1804
125390
88534
100
1118
293736
241640
81164
6450
128776
2408
97460
115604
143106
162
137558
194518
223246
45202
238516
282154
21360
9292
94680
59996
176574
248292
228528
173908
249804
30
88604
184000
29364
205926
2016
7858
153936
5094
6820
206258
91002
4278
107402
64314
13054
9088
1462
4236
90508
92314
8254
12498
86950
143366
49004
137142
8756
8
17342
43498
41554
236996
114930
311524
502
39586
22772
16
6486
4032
223670
39216
325928
4524
73106
88258
2534
115320
41158
250568
176272
120976
175582
11896
12440
271722
379708
139410
33374
104516
4558
334334
248052
104340
83352
104874
22
137712
56382
130
181602
