731260
669072
1183622
1159408
811740
921780
775218
859338
1229972
1055188
922132
1024938
987300
763410
814530
1255928
1241490
694266
987750
1046140
897892
805172
1065396
829402
1016848
1274262
916582
1217856
1046460
1102328
1216332
844972
852568
682888
1050870
1171164
942702
997580
697650
736210
882810
872840
1015666
941250
725480
686182
1323300
838740
807740
781552
1081512
996560
727430
806172
939458
998368
901808
1210260
1194090
825568
1163098
899472
785948
1121176
1116942
922132
831486
1122852
857430
748502
889138
1094732
866736
853630
776970
719700
1116942
1084940
671388
860690
1051818
964640
962700
1196670
1049610
1026672
834280
1070250
857720
845870
680692
957080
870032
875050
1077870
821452
1113580
867898
976730
1024014
981750
1163720
749352
765112
790158
1011408
1048560
700818
868012
1051910
745552
1150662
1126956
869080
931950
937900
1224138
971678
993522
881260
987080
677990
736478
904124
982788
800582
726310
876080
889138
726310
1058462
1126778
835980
806172
677620
814530
991538
1076780
912962
939072
1055188
865640
1011952
1204028
839698
926538
945842
826592
1068672
886190
938874
862980
925800
1174760
979030
936132
1029000
800872
777202
976328
932250
813958
986834
1204028
751638
752792
1254360
911720
762876
917390
1068468
843798
790158
1204426
1127960
688378
868702
750070
1132612
1254360
1068468
1021180
938082
792320
1117018
696950
687980
774878
914658
766820
1075850
1238418
777020
958518
1014250
1021500
834624
707620
856640
682772
817962
687930
701808
815270
730132
814102
1087010
1068468
873490
1070110
667890
1029900
882810
881260
914658
774878
1025758
740010
825012
1091606
923802
835980
954028
832548
839138
1118962
963060
717032
864940
900688
1263810
888732
821680
1182506
964160
1042890
1011408
1007290
947448
813958
1040384
889654
867638
777360
955418
759012
936020
1151812
677162
817972
701462
862352
965798
1100090
1034152
1283738
1210382
894936
855290
948948
806940
884666
1143820
978980
724388
1045730
1006180
848230
1034920
725320
909832
880672
856438
950892
1145978
701808
970792
1152132
928354
768758
732948
1156130
1096278
871030
1108928
866840
876080
845912
1125168
1018564
862612
1104312
1165330
753420
744960
926500
1194310
791908
1126778
854132
788520
1096278
917416
1020430
976730
974038
676370
808390
753178
691510
699522
993522
1065570
825282
1065232
973988
1046460
821680
1061090
872840
1029860
1011178
1040210
1017352
730882
1101628
849252
931368
994978
739180
852138
745914
817630
995282
1133014
1247070
700818
1160026
1136060
1011952
988028
945842
955930
984752
1011952
989732
879738
1077018
763930
848378
1053950
886030
727630
1051264
704040
1086220
794992
810068
968372
960088
948510
1266942
701850
1313402
1083680
877148
952492
947448
1022660
1035872
777806
951000
1063670
1065378
1241490
788208
957084
987300
1077062
1141500
930228
925800
842270
706652
762170
792860
833790
696600
1082370
850558
1157698
845586
796462
935500
812160
797510
804040
831920
834490
864740
867500
879950
1098170
909004
780760
1063068
1144688
731260
970010
953592
949790
1041922
925800
928752
752250
965250
938874
847992
781430
902218
1129910
901450
780770
770002
737760
1141500
1024938
731208
1169820
1021820
987080
855290
804330
971802
948948
1071432
938346
703950
724660
974038
901422
704040
950420
991300
937862
1174602
1033658
1096278
684492
758188
1070560
857430
830430
1088760
681320
1255928
1163720
690940
931168
1131588
1034800
802040
1102328
1068468
700420
860690
914250
932350
706652
907800
706400
963458
1254360
967128
908190
745914
706670
1145070
688288
691732
938346
1075660
708018
940442
906320
734142
945842
855830
821410
727460
917416
762170
997660
694212
846662
797638
763532
787026
719318
715850
971882
983600
901422
733138
1190652
680692
1171410
678730
964640
1263810
855830
818418
862578
754362
1076780
978980
811740
951000
1131588
866042
785356
867638
674858
1010798
1126956
703538
781430
724388
821680
806172
1014250
1065396
1157698
1046202
944396
1086960
1102328
725122
1121630
939458
981888
1077062
1098170
697162
1061670
783242
919892
884080
1072738
755470
813672
955500
989732
909832
871812
1073382
860252
742590
1258256
892750
760310
676370
1003812
727630
700100
1037926
1245120
783242
729242
900688
1024312
877330
1061090
768990
950658
859140
1063690
1104420
871030
1006180
1174602
1187950
1077062
1016270
912358
1004330
993622
817090
1136450
1027720
878116
917452
958988
959408
989732
1109460
808390
1078880
744960
1147160
1166898
1216332
1044070
709200
668280
669458
776900
1073064
944122
670230
773042
980180
943616
938592
713234
1017910
878012
746776
687980
907800
929540
927358
936020
731860
984752
871598
763532
1052608
997660
898008
693300
1034218
727630
831920
752250
963458
948478
890248
894936
709200
808894
839628
1118270
785448
871812
1081882
981888
870032
930228
669072
919750
760620
878116
892750
810868
1025104
1061052
1078590
785650
1051818
942702
712558
736210
854488
795182
866840
899472
854132
890248
989380
966280
1089068
873490
1194090
697650
853200
1083680
1064142
674918
873038
681320
1174602
868702
946332
1114710
1000402
976328
1124702
751638
786544
958988
761270
1027770
1016108
850022
1264992
1073382
898290
953592
955930
805318
729280
684130
746110
983702
1313402
1024162
988440
1075660
1083122
815388
851940
763410
875842
948510
1204426
1182520
1103322
759072
771470
908190
702500
792860
684130
880672
1090810
855474
894622
719318
724388
1098792
1037692
804040
706400
736478
1184420
1022562
1066820
1186000
752478
670230
883598
683170
1077018
845912
889654
978110
965250
997660
986834
1060320
1238418
1137810
707696
1061182
777360
1041922
1007290
1008850
1136852
870032
697650
752250
807740
1054020
1051552
1182520
1143820
1168462
996700
930228
669458
871628
1064142
866736
939458
882832
919892
916500
800872
1022562
869080
976960
1005292
837960
1047720
882898
918000
746868
955418
1050580
722060
762170
718108
767062
1029096
954154
1003960
1145580
932350
962700
1032072
1254360
1061052
927488
948510
1063112
875842
941250
1028042
692442
735772
738726
1095322
1059330
1083122
836608
746776
722060
940040
678730
978110
884666
853630
989842
964640
1049610
908190
832712
693300
959362
933318
758188
891040
1100530
777020
938592
991910
834490
964862
715600
827820
1018128
1083122
757188
1021500
1104312
903070
833790
1034920
733346
1160026
1004182
1022562
1033172
861942
734528
1024938
1076110
730882
716246
892750
766820
1024938
966280
1094428
849080
815270
1053000
740152
706670
1024312
783120
1021276
853200
867150
915250
938592
877170
866042
914658
966968
763930
784490
970500
1136450
765948
900490
1055910
733138
921780
778350
886190
968372
1156130
972730
992492
996560
816532
680528
752792
939072
839698
1058032
900688
1118962
1091142
1007282
1157340
915250
897962
843702
805380
715600
905908
1058032
769748
907562
1275830
737792
1024312
1006180
859088
1195102
882832
1007918
1163228
824436
1017512
853630
913590
1283340
1046670
1128502
1021500
886030
763532
668280
1243938
1007250
1033362
829402
1236090
695448
1040210
749730
1062288
704040
1081506
1177120
923330
852908
1076456
1213698
898008
1068268
1243938
956496
968984
699522
862578
1125840
955500
1126038
1221732
1227270
1003960
1033220
986404
795580
938592
882500
1125840
719110
1060708
777202
845870
1243540
800456
859338
966128
1024162
883370
893972
1141500
847992
817962
993628
834068
1125840
763410
935500
1051420
771570
778712
740980
854488
1048770
1098792
686182
1099590
1229972
991118
1186320
978110
804330
704832
1079250
815270
977420
757188
912358
939072
1068510
807928
694266
746110
939458
1024810
825282
1051264
922572
902218
931368
1020430
810130
706670
1283738
799060
979002
1104420
987300
1047048
1007918
1117018
971802
783120
724660
800456
784490
839138
760310
1057758
738082
979438
1012598
1068468
869202
784490
823872
989380
776900
926468
921902
810868
1163098
867150
1089182
700818
826410
896328
896104
1084940
1081882
1195102
1118270
951000
944250
936132
845912
993622
859070
754360
1024938
1073382
674918
1070110
1083938
755470
845870
853200
678730
1164932
702500
864940
944122
1196670
759012
950930
1214764
834624
834068
1202070
943060
732948
1083938
746868
783242
954720
766608
1096278
1029096
1124702
745278
857430
959362
884080
1036572
949642
1032292
724298
1065378
919750
935232
1229972
766820
762170
785356
867150
961130
1094092
1247070
952492
1177120
1087010
1047090
783242
1065378
1044750
1166512
759072
1108928
685390
1033958
951000
1303308
694212
807740
1021820
1166512
711150
1007918
806940
981752
1040800
1136050
834624
1077870
901450
1094970
991910
943616
971882
1106418
1112970
774820
771512
701808
891040
1051264
1006490
849252
1178760
781552
676040
1018798
927110
881532
773898
992958
901450
993628
778350
862578
1080042
963510
991538
1090080
753420
908770
998862
796378
1144688
1100360
1078078
966660
879590
1066820
1068468
727460
845912
891460
727460
905830
892608
732838
739692
1233730
804910
814480
897892
1138420
814530
791908
831486
948510
1157698
834068
1024162
792860
980172
773202
730132
969292
804382
1010220
1032720
706652
881328
1032078
983238
1047090
976888
1032298
835458
980570
1203110
883598
696950
952492
763410
951000
972470
1042438
1124702
1005292
1058032
883370
672590
869870
970792
855020
781552
1150620
780760
995282
1218660
680692
1081988
810130
991118
982788
742618
1071660
1082682
823180
829512
952492
1089182
1190652
1075660
859140
1128502
967128
933318
1263810
736210
892750
1013950
978980
913000
1194090
957080
1054950
1089182
855474
771570
667492
1004412
829978
1258256
826660
780760
1147160
678260
976328
913500
1028878
946658
1047090
1128502
1036750
1114072
745552
839138
936132
1195102
914658
829512
1255928
938082
667890
924140
927522
1000402
672590
724660
810868
807928
840320
1178760
684352
671786
842202
799060
1037748
820778
1164270
879738
1005398
763930
911720
1078590
971882
785650
765112
805172
754362
1080092
854488
748140
1032078
1284920
1070250
864940
1216332
848230
1112740
1041708
825568
875842
694212
836280
825568
725480
868702
1051910
813140
1150620
931950
1036572
1026672
904840
823968
709200
1034920
1187950
794992
790490
1243938
1224138
800872
1034152
783120
939550
1275830
869870
1122512
826592
737760
991538
1000880
711150
1131720
1189172
758980
930186
911528
712558
1081610
1138920
1241490
962700
1016108
1098792
715600
894298
937862
1020090
1062840
739692
1040210
671388
696950
1072738
735772
1094732
689560
1054950
719110
1010798
812160
968372
1198248
759270
680528
970532
957080
963692
1203110
1042890
695448
690078
875842
963458
913000
989842
777806
1072382
677990
998846
1000400
711800
1061500
1210382
972078
979030
1065570
729242
1013950
949642
704832
1184818
1186000
999160
752250
1000500
754362
1083680
1155338
875050
1198248
890248
983702
917190
862352
1000500
1088542
935500
802930
873732
797510
883370
1066820
925800
748502
799108
707012
836280
755618
764960
1205870
845090
1069558
762876
993522
947840
808610
1063112
805172
1034152
1039508
1176042
817090
748502
938874
769764
786544
732838
697398
843798
1157698
954720
778350
1274262
1000880
1033172
773042
998862
812160
807740
712220
971802
686182
861942
720492
1034920
1088760
1169820
821452
998368
935500
960088
1002662
988940
877592
684130
825410
1016848
1070250
779920
951848
1177120
1022660
773202
730882
792320
670640
887420
1157340
918000
757188
886610
1234522
843480
757188
725122
711150
723118
999260
1313402
995282
1127960
1054020
823180
740010
888880
836608
761270
1007918
947840
877330
1218660
920500
1086360
718108
1177120
1017512
834490
793614
1018564
1225320
1025758
677620
742978
1163098
977420
953592
821680
1033658
906320
973988
1198998
831920
1004412
674858
1081506
1070322
994000
785448
753178
853200
1176618
1042890
981560
712220
939000
744160
1094970
763782
958518
1076780
1140748
999260
1163720
913000
720492
1183622
950658
879590
730810
1198998
888732
924000
960250
898008
725480
892170
737728
966968
1233410
792822
788630
966280
1071432
856640
891740
833742
855290
1118962
716246
1016108
1022660
745278
766820
1040210
1205608
677620
1175552
1072268
754360
891122
877170
974646
1178760
1010176
812138
893972
742590
720112
1047078
1163098
676370
1249772
825012
886762
1095322
1030600
761270
1088898
694212
1247070
1004626
1089068
1072268
1169780
1072382
1043182
1034152
1094232
796462
988440
933918
889138
878012
1034218
902218
819678
896328
720112
867638
876324
879590
1198248
898168
966590
1027720
891740
1116942
994000
914658
928752
1004412
1210260
1000500
849252
728450
697162
1163098
966968
685390
1238418
1076456
699522
1018128
1043848
988940
1100192
805318
1179448
976366
704922
1249772
753178
725122
1186000
1102688
834624
736478
1008622
753420
976960
943060
1007250
1083938
932350
825282
691510
1022488
907562
832712
813672
904124
841574
687930
836570
1057652
931950
666700
1087010
978980
1007860
847008
813672
1077018
1016848
769370
829402
1149110
1005148
1058032
814530
927110
1047558
671786
817962
1182506
940442
1063690
1041708
740010
976960
1000500
667492
802470
711150
1046670
1088542
786628
953592
1039508
1086960
1137810
862352
897962
735772
898008
1128002
932250
940442
764960
1099590
810130
954720
670230
862580
1225532
713852
846300
1145978
918000
1089182
1126038
946260
1171410
879590
1125168
1024162
946750
859140
877410
701462
1107348
852908
1007290
1169820
1099590
878116
1098792
812160
1096278
856640
976730
924000
987750
1057652
843798
1003960
1183622
1074648
1178760
720492
746868
823872
938874
1179448
728450
988440
1241490
1005292
769748
889120
719110
1174760
1083310
1042890
859070
1048560
909832
925308
1022488
1294212
1169820
992958
1126778
893972
1001110
728450
1017512
899472
971882
788648
753864
1189172
1024312
681790
672932
830430
1131588
944250
808390
1182520
944396
917416
715452
1145070
910518
906740
861044
1133014
1010634
841574
1073382
921780
999260
711558
1090560
896328
755618
891740
1118962
1005012
776400
773202
906740
1072738
867638
1136852
1266942
800872
793994
845586
1221732
998846
740980
984752
1107192
875618
1065248
1253568
1008850
679840
1076110
1042390
1156130
979030
834068
882810
1096278
708728
740152
875618
671786
1004330
823968
946332
1195102
769748
754362
1033618
1187950
742480
687750
1091606
696600
1090560
905908
721684
973988
824436
989842
845870
725320
775218
1034152
1054020
1095322
768758
1157340
860690
805172
771512
826178
1169820
864740
726310
713918
1033362
1076780
889654
839628
972470
964950
776970
1057758
780770
1042890
1015666
969292
1078078
948510
676370
856640
942770
1143820
879950
894622
790490
731208
1029000
1006490
734142
945842
946332
1196040
748812
1057460
718442
680692
1119280
725320
1254360
1061670
766608
1169820
890248
805282
1025030
1138420
1033618
1065378
1017910
875842
1014250
1028878
1090810
1099590
1070322
855830
832712
1038070
965798
678658
689004
1236090
787438
925800
1068672
963030
886610
940442
676040
1092570
733138
883598
1241490
1205870
669060
1060708
942770
982788
852138
1088760
964862
810068
849080
994670
830430
1034800
1133014
830430
988940
724298
812768
683170
712220
1006490
1102688
976328
862580
950420
1076084
754360
838840
906022
1048560
1032720
816532
1051264
857430
717032
1026672
844542
1152132
1036750
1236090
937852
678260
804382
759270
1018128
730810
970010
1147160
684130
689560
804382
1233730
854132
1041708
1016108
1051910
916500
1011920
760310
1171164
952800
1011178
979438
826178
787438
932998
1029900
677990
855290
674460
901172
961130
1047078
805780
901808
1020968
968984
843702
725122
672932
1207558
898008
1041922
727430
799060
927358
709200
759270
981752
974038
707012
951134
1202070
1020430
982788
964862
927358
890248
867170
1052340
718982
1163228
745914
1107746
1165330
908770
1100192
853200
883598
884666
761240
1196670
1132612
860252
1032298
762450
1210260
805380
951134
1020430
843480
805282
749730
955500
722060
979438
1216332
940040
1070322
831920
1205608
1032298
1303706
752792
794698
981750
681790
805780
1042890
721448
724330
892170
1005292
958518
1166512
1051264
891460
1125168
1079798
970532
1182520
1065378
776400
955512
685390
706400
1039452
1006490
680528
970792
886190
742480
1046670
903228
712350
804330
759270
783120
1080092
731860
1227270
1068468
1283738
901808
1147620
1072268
937862
1076084
1000880
733138
907800
697954
1145070
1053950
859338
917452
747710
882810
778350
799108
1018564
672968
1294212
1058010
963030
720492
678730
946750
725480
1143820
1144688
849252
797638
1072382
814102
951134
901172
840320
914058
792320
1073064
726310
776400
1033958
793614
1091142
1055242
927488
1038070
1021500
1163720
970532
1144688
799060
715850
1088898
918000
954582
682772
1010220
1088898
901450
1034800
807740
1059330
776400
1064820
930186
1013962
832548
930186
914250
1104420
738082
734528
1114072
985010
994670
997660
1081882
703538
1024312
917190
1090560
954154
1169780
1090810
1028878
672968
1114072
1098170
985010
684492
1004182
827820
1059330
947448
912750
1258256
959408
1100360
971802
882832
1091606
855474
888880
1098170
1061500
896330
686302
978110
916582
1032078
932998
721448
1238418
761240
687930
1114230
1243540
960250
1086960
956496
1016060
990910
693300
1070322
994670
962480
878012
836608
696600
859338
966968
1054950
1050580
901808
808390
904124
937852
1063682
678658
1094428
751638
892170
1155338
1047048
691732
1008010
987750
836570
1210260
779468
819210
1041922
992492
1098000
975410
1015666
893972
911528
1070560
921750
696600
764960
826178
932350
848230
911528
834682
1000400
1207558
1106756
1027270
1006490
865640
867898
853306
1051818
901172
769370
1217856
913590
961130
1087876
796298
997978
672590
1051264
963458
1042438
693300
1076456
857430
920500
953990
1121176
1283340
711558
1035288
869870
794992
854132
954582
721684
1086360
886762
980172
697398
1005012
817630
711800
1079522
844972
817630
718982
1075020
929540
867150
726310
1011920
756310
1075020
931168
851940
979002
702000
852138
1186320
1137810
746110
1110878
951848
1010634
800872
758188
1074648
966660
739180
807928
1323300
1079250
1016270
701462
974646
1122852
995640
1063670
991588
1255928
792822
1074648
1110878
697650
875618
1025030
1094970
703538
914058
919750
802930
722060
686182
1155338
778350
1227270
960250
1164270
959642
860690
668280
966128
1055910
668280
756408
1020090
742618
788648
728450
853306
752250
831920
1034920
796378
975410
1076456
756408
942750
1086360
842202
783120
843702
1137810
1037926
925308
821410
1029860
1034914
1151812
1012598
1055188
933318
835980
1100090
966590
1073382
1029000
846662
1060320
1236090
693150
777020
1005398
1041708
1075660
952800
947448
712558
1004626
990458
878902
1052340
950892
869870
1079522
873038
896330
745914
1034800
941298
717290
985010
669458
891740
1109560
881260
837960
676370
825282
1088542
712220
742618
1013962
1255928
923802
989380
839100
851940
1136060
1017352
937620
777360
897962
718442
797510
823590
1084940
1029096
912750
1160026
673724
972078
979002
847008
800582
728450
823106
820778
807740
821680
729242
926468
1043848
1100360
1078078
781430
675292
712350
1245120
1091142
1003472
805282
1013950
805380
1039508
938082
942750
990458
1131602
927110
776900
1150620
1016170
763782
1077870
1038070
932998
685216
1024810
977420
904840
680528
865640
898168
1021276
1121176
796378
692088
1145978
731860
1044750
1125168
1105760
701850
974646
921780
850558
958988
1086220
1010220
686182
871030
1133358
958988
1255928
1174602
1027770
970010
944396
1076110
785948
1086360
1004626
875050
855020
697162
1081610
1039508
1021180
833790
1156842
878012
734528
867638
682772
912750
1047410
1042438
1005012
966968
949642
917190
1090080
782222
684130
1095322
1117018
1126956
1112740
682888
917390
753420
689560
814102
904498
859088
744522
853306
711558
931368
1018612
928354
831244
690940
712350
777360
1082682
1236090
978902
1065396
1028878
710090
682888
765112
723118
1174760
1005148
1061052
1033172
842202
799108
989732
1107348
808610
760548
847008
1080042
832548
1049610
1128002
1216332
782222
976888
842270
996560
834068
1017512
1233410
942750
991588
1107192
806172
1038070
1002662
1060320
906622
703950
1091606
694266
1127960
1030600
679840
1052340
892608
738584
799108
1273470
852568
1035288
796462
725480
904124
941250
718982
1004412
906022
758980
1059330
948478
742618
900688
952800
979030
756408
871598
836608
796298
985010
973988
1100314
987080
926500
768758
731860
896330
697954
959408
1128502
1119280
727460
692088
1026672
826592
795182
966128
748140
1057758
673724
1055910
1136852
823106
1241490
1119280
983238
1020090
1100530
778712
988440
1027770
853200
1040384
986834
862580
1063670
766608
760620
987080
1177120
845586
684492
669458
870032
866736
1147620
1110878
925308
796298
839138
724298
771512
936132
866308
674858
821452
843702
738082
1029900
785356
970532
1182520
1054020
1033618
825568
917190
993628
1247070
855830
1204426
927522
749730
976888
1001110
900490
942702
707696
1124702
1061182
1086220
1245120
1094232
1018612
1205608
1109460
802040
1075660
694266
813140
955418
1017910
965250
1150620
691510
1080092
1137810
821410
1016270
823968
742978
1001110
779920
810868
991538
681790
1061670
791908
906740
766608
1144110
1205870
906022
916582
1063670
1088500
1088542
795580
891040
938082
1131602
859140
1011952
762450
795580
910518
931950
1085772
900942
724330
714248
920500
1094092
964160
1109460
1006180
1198248
987750
677990
835458
738082
981560
1092030
1047048
1025758
706400
939072
1210382
818418
948948
1196670
817090
706652
1007290
996700
688378
1094732
823968
915240
1323300
730132
1156842
971882
692088
769370
886030
1218660
876324
834682
762450
694266
1133358
718108
1000500
925800
1217856
1187950
687750
1147620
1118962
994978
1020090
737792
1010220
991588
969292
1245120
829512
951848
994978
849080
671786
1098000
849080
882898
692442
1198998
758980
1083310
886762
976730
971678
1058010
991300
854488
1052340
1028042
960250
718442
1094092
976366
1068510
964950
697954
1081506
857720
762876
687980
769370
722060
715452
695628
819210
1076456
1035288
994000
1034920
1090560
1195102
1018128
793994
923968
1057652
877170
968984
819678
754360
699522
871628
804330
1068510
734528
770288
1117908
1018128
1079250
937900
968984
839100
944250
939000
1140208
983170
700100
697954
1008622
1016170
748502
727430
739180
976960
1042890
1016270
839100
1129910
919750
963510
1186320
1156842
1046140
829978
703950
886790
1086960
724388
1133358
867898
1273470
1037748
762450
913590
888732
1163098
733570
915240
937620
1110878
819210
1107190
925800
912118
988940
951848
750070
819678
882832
826592
1263412
1033618
763782
1055242
898290
723900
870032
892608
926538
999160
862580
1054020
916582
677990
1131602
1100192
773202
866736
857430
929540
1026672
839628
959642
892750
844972
877410
1007250
970500
1168462
977420
929250
777202
719700
1016848
1078880
1005148
1061500
1011952
929788
779920
746868
687750
1025104
714248
1225532
1030600
738584
995282
719318
687750
990458
1070560
788520
742590
854132
910518
693868
802470
957080
1083680
1016060
957084
1104420
842270
1097060
1063068
1057758
834682
1063670
910518
1051552
932350
847992
868012
942770
1186320
773202
957084
877592
1253568
1116942
960088
748140
804040
1007860
805780
814480
1210260
949790
1065232
1119302
761270
796832
1062288
807928
1207558
1076456
1034920
1001110
963030
738726
692088
948510
832712
963060
1249772
845870
1085772
760310
998846
1129910
836608
819990
737760
902212
892170
943060
1198998
1144110
1015666
1146752
949790
672590
1071660
792860
983600
667098
1205870
946260
1133358
1118270
723900
1039782
828542
918000
867500
1018564
1079798
1088898
1070110
790120
1068510
1083310
937620
1004412
924000
1004330
1036750
903070
891460
923968
1079798
1144110
771512
833742
933318
759012
1217856
927110
945842
946750
1136060
1036572
1077870
708728
1068510
1121630
759012
949790
1136450
1079798
1003472
717032
996560
1125840
1171410
1106756
1263412
972470
938346
955512
855830
1081512
792860
817090
826178
1171164
767062
869080
988028
891122
792822
1061182
930186
960088
1047410
976722
935232
948478
819210
1050150
1058010
779468
769210
896104
928354
953990
905830
1100090
1266942
1119302
923968
773898
1089068
876324
966128
1077120
931950
923802
707696
721684
1194310
724298
796462
712558
1029000
672968
671022
688288
943060
867898
1001110
915240
1073382
848378
908770
1147620
808610
1047090
724660
751638
1107746
1079250
1032292
838740
995640
730810
970500
781052
1072382
890428
904124
1113580
1179448
1169780
927522
1007860
1121630
806940
980180
1034914
1128002
790490
1204426
906622
986834
983702
1190832
1184818
990910
1017910
1145070
727460
742580
1015268
737792
938082
990910
952800
712220
906022
862352
771470
671022
812768
768990
786544
834490
1065570
736478
964640
857720
688378
1147160
954154
817962
957084
695628
1190832
792822
906622
732838
684352
781052
890248
831486
1126380
998846
1032720
853630
763930
1243938
729280
1176042
871628
866308
948510
826660
742580
968372
707012
1052340
1171410
1137810
922132
881532
942702
854132
986404
1234522
1234522
701808
713234
800520
890428
1057460
1196670
779920
940040
1114072
1119302
712220
981750
724298
909004
938346
1032078
946750
713918
1004182
877592
913000
753420
932998
1076084
720492
976000
1175552
954028
865640
1105760
1095322
1117018
1233730
876080
924000
1210260
1213972
1088542
1088760
1048560
796378
924140
673724
843480
759072
833742
844542
1040384
740980
1043848
1091606
769764
786544
749352
1034914
869870
752398
707012
731208
844542
1155250
1079798
1068268
928752
771512
988028
1004182
1005012
964950
674918
696600
919840
991910
682888
693300
1104312
938874
1051480
959642
681790
938592
788208
693150
1293420
1189172
1060320
794698
1166898
1011178
1128002
877330
901190
825568
859338
1088500
859070
926468
875050
790120
906320
976722
819990
1058032
695448
1010634
981752
1303706
946750
738584
888880
744160
941298
1084940
891740
754362
813140
746868
929788
935232
820778
951848
1055188
978902
799338
1113170
677162
710090
829402
829402
1198248
782222
715452
1227270
877148
925062
952492
687930
672932
1054548
971802
808390
1042390
1258256
954028
928752
740152
1097060
876080
999160
881532
1018050
1155250
1136450
933340
1198998
1225532
976366
948510
1012598
825282
1203110
903070
1065232
793994
731260
1233730
1227270
911528
908770
1171410
1092570
971678
1064142
946658
1016060
755618
804910
915240
891740
1038070
1076052
992958
1118270
708018
1039782
981710
967128
687750
1052340
1005398
1125840
805318
846662
1207558
1071660
935232
729280
864940
706670
891122
861044
902218
1204426
678260
1076084
963030
1087876
989842
1081506
991910
1082682
983702
1051910
1190652
1070322
949642
785948
773898
1028042
1184818
1007250
898008
1090810
1150662
943060
1021820
904498
1204426
1000400
875618
1061670
774878
937852
676370
994670
1016848
1140748
817972
1100314
848378
932250
1210382
666700
1010176
1210382
1014250
820778
1021276
1029860
850558
884666
928354
736478
1032072
717032
1165330
1021500
1010798
1138222
787772
1090560
698700
687750
688288
873038
1051552
763782
810130
823106
1076780
1114230
758188
749730
1081882
1050870
1087010
1032078
993628
823872
838840
764960
1007860
685390
913660
836570
891740
681790
1096278
915970
1077018
924140
793994
692442
792860
963692
700100
1027770
1108638
1127960
730132
1011178
791908
752792
1106418
1126038
1313402
790490
978902
845586
897962
677162
688378
774878
849252
901450
1000500
1021276
667890
1114710
896104
927488
1190832
1207558
708722
972470
993522
866042
944396
868012
902218
1051480
1141500
824436
1275830
959642
800872
901190
1063690
1266942
814480
1078880
769748
909832
718982
937852
969292
1036750
1163098
708018
994978
737792
1081512
819210
757188
1082370
1076110
955500
1069558
878116
689560
828542
853630
708722
749352
861044
1032072
1003472
1258256
972730
760620
1037692
742480
670640
1071660
1176618
1114230
886190
859140
912118
1266942
1225532
1303706
1107192
1164270
949790
927522
712220
937620
1017352
866736
742618
896330
687750
1010220
1028878
911528
862578
804330
920500
1254360
758980
869202
999260
1088760
876324
966590
812138
1013950
869870
752398
713852
824436
847992
745914
1136050
862352
790158
894936
836608
777806
1198248
1063112
733570
777020
989732
1126956
1043182
1001110
981710
685390
981888
1133014
769748
1121176
923968
826410
1106756
907562
1131588
1214764
697162
739692
1004626
1105760
907562
946332
891740
897766
909004
1083310
862352
875842
1020090
1096278
1221732
952800
800456
1121630
881328
740152
752780
861044
761240
1035288
1088898
1077870
799060
800582
988028
1091142
929250
724330
1136050
917452
1022488
932998
972470
719700
748140
1047048
995282
944396
997978
1005012
992492
674460
800582
796462
1070560
920500
951134
788208
1019218
1108638
1008850
804382
738082
689004
839680
747710
1217856
859338
711800
930228
925308
832712
1313402
988028
802470
1225320
1245120
983600
926468
955418
691732
879590
797510
1043848
907800
829512
826410
681058
826178
799108
785356
1110392
938592
944250
919840
819678
1140208
1051910
953990
954582
983600
939000
998846
1133358
870032
727430
1099590
882500
733138
978110
813320
1117908
862578
897766
819990
1061258
1155250
749730
1168462
800520
769210
1002662
1060708
668280
923802
887420
1079522
802040
877330
1032298
1213972
1118962
1098000
1117018
1236090
749730
937862
1054950
989842
980180
1194310
1020430
1045592
976722
759072
939072
842270
674918
1075850
942770
708722
1098170
1086360
869080
988028
845090
688288
1073382
1053950
795182
924140
968372
752792
815388
1016270
882832
851940
855290
1045592
779468
954582
852138
715452
766608
796378
783120
1024938
1066820
997978
826660
783242
770288
1016848
944122
953990
1011178
866308
1032078
954720
1079522
1245120
931368
1075660
1138420
746110
690078
1108638
1068468
867898
952800
1255928
817972
1040800
867150
812160
715850
753420
1051552
706652
994978
968372
1054950
887420
919840
839100
1089068
1078590
896328
1223740
748812
844972
1060126
862578
1072268
1229972
667098
825410
1096278
1293420
1116942
978980
925062
994000
1061090
1019218
678658
742978
993622
771512
802930
1047048
737728
714248
839138
671022
1109560
871628
994978
963458
668280
1087010
963510
1120170
713234
859070
986404
968372
763782
707012
1179448
997580
1131602
777202
745914
814102
1065396
959642
1055188
947840
1214764
1025104
897766
788520
983600
946658
752780
1018050
796378
946658
1034914
715600
1157340
1064820
928752
1273470
1040800
892750
1140748
879738
936020
1046202
968984
810068
790158
921780
1060126
1010634
910518
1007918
877410
981750
845912
867500
691732
1107192
1055242
1007860
1117908
834280
1189172
1036750
1323300
699522
997660
1109560
1024312
1063690
887420
983238
879738
834624
901422
923968
1107192
1100530
949790
882810
768452
771470
904498
810068
723118
889654
1187950
997978
987080
681790
921902
864940
1107192
711800
1094232
915240
1266942
737792
720112
785948
1126038
802040
937620
1055910
1027770
976366
1005012
906320
1059330
888732
779468
924000
815270
828542
1086960
1147160
857430
976000
1070560
691510
901450
671786
804330
744522
740010
1036572
1010176
787026
981752
834280
1138420
1039782
1008010
1040800
796462
671022
771470
1070250
1063682
706400
890248
1156130
1018798
1117018
976960
927110
1083122
962700
927358
773898
1213972
722060
723900
820778
949642
1032720
867170
907562
1022660
1076052
1044070
742978
1152132
1032072
1000402
1081882
901190
1010176
869080
941250
765948
1164270
889138
680528
1195102
1005148
823590
1106756
966590
738584
957080
945842
1012598
1227270
1039452
1008010
799060
1107190
1152206
949642
1313402
1178760
685216
1253568
1274262
733570
689560
1125168
1131602
813140
994670
921902
940442
700100
774820
948478
753864
954720
939458
1033172
831920
1049610
1061500
734528
839680
1150662
880672
814102
912750
677162
765948
1045592
704922
1058010
844972
752478
886790
1088898
882500
836570
702000
978902
967128
835458
911720
694212
672968
1033958
1075850
744960
948948
1077870
721684
1080092
1018050
740152
837960
955512
891460
835980
1060126
928354
823968
991588
1122512
1001110
871598
1060126
889120
816940
715600
1156842
1019218
815388
731260
979002
717290
1214764
1092030
985010
829402
1081610
951134
962700
902212
1202070
881260
721448
836570
995640
912358
797638
929250
980180
752780
861942
1233730
983600
909004
792320
760620
1012598
914058
911720
850558
718442
1078880
702000
1057758
860252
1293420
1035288
839680
1007290
932250
892608
1144688
1033658
805380
720112
844268
950930
925308
689004
769764
912750
946658
900490
819990
882832
762876
1042890
826542
716246
956496
933918
1238418
1144688
1086220
815388
908190
900688
669060
929250
1071660
1055188
755618
686302
1102688
991118
827820
797638
744522
1057758
1204028
796298
1133014
790490
1091606
849080
1020430
904498
1166512
714248
697398
921750
1021820
983238
792320
779920
919840
797510
879738
844268
925062
687930
769210
860252
855020
1088500
1022660
1008622
1011920
947448
1016270
1046140
834624
1076084
839680
941298
930186
1061670
871598
890428
1027270
1143820
1249772
704832
793614
1088760
672932
980172
1144688
1055242
1083938
779468
746776
784490
677620
940040
1275830
681058
1046202
860690
1037692
1238418
1085772
1213698
692088
781430
886610
933318
684130
678730
725320
1126778
857430
1083122
753864
812768
698700
817962
710090
845912
1090080
862980
1112740
686182
1068672
1189172
870032
1103322
877410
839138
691732
981888
922572
997978
905908
681058
816940
779920
868012
900688
1274262
955512
1264992
1186320
1006490
901422
759072
974646
1136050
1062840
1064142
670640
1264992
1140748
708018
1294212
1000400
1163720
1005398
939550
873732
996700
742480
1055188
1075020
690940
1004182
953592
1132612
899472
964862
1113580
878902
1144110
753178
1168462
732838
912962
980570
951000
856640
821452
1157862
752478
773042
703950
843798
1058462
1113580
904498
1141500
856598
802930
1027270
1100090
1086960
785948
1024810
1141500
688378
774260
799108
1022562
787772
879738
1060708
1072382
812138
1068468
1018564
1126778
991538
955418
826542
787438
758188
805172
848230
1010798
1069558
937900
1050580
778712
776400
846662
879950
759270
980180
969292
992492
815388
875618
813958
1074648
1007250
959642
928752
1155250
921902
876080
937852
706670
964160
1015268
983238
855020
677620
1104312
805282
1043848
1022562
1083680
845090
1116942
862612
1107190
1136060
1044750
1018612
879590
760548
1047558
1003472
834280
914658
878902
878012
943060
731260
856598
1057652
1062840
1106418
1092570
976722
1025030
1108638
864940
1113170
794992
992958
740152
958988
1169820
927358
923802
799338
788630
963030
1021276
990232
1118270
753864
866736
788630
730882
1004412
1065396
1164270
1018798
826660
1018564
1184818
1022562
739692
668280
738726
914058
1042390
1136050
1075020
909832
1027770
802040
1034800
794992
766608
1303308
1149110
1184420
1003812
794698
1017910
766608
979002
1284920
1100192
1113580
942750
1046202
972078
893972
1034152
921780
866042
1094232
912750
987300
793614
994978
1065248
787438
840320
747710
951000
800520
1051818
1078590
701850
1194090
1221732
836280
1117734
868012
1034152
944396
761240
708722
738082
990910
818418
966660
980570
1024938
998368
807740
853306
738584
704040
1027720
680692
852568
759012
719700
826660
1117018
896104
825410
1113580
768758
757188
1107348
768990
1050870
1051552
856640
747710
1263412
701850
954154
871030
958988
714248
1004330
1017512
812160
1118270
1210382
823590
723118
734142
966660
1089182
890248
1157340
1040384
1075850
1140748
1011408
1079798
1010220
1207558
839698
998368
872840
1070250
1068268
849080
719700
690078
855474
1124702
921902
1076110
903228
892608
936020
937620
1088760
766820
1213698
1034218
894936
1073382
1028878
966590
703538
933918
939550
1104312
697162
954582
738726
1087876
955418
1165330
831244
1000880
1094232
900942
831244
976960
677162
989380
1077062
897962
925800
777360
911720
711558
1045730
1190832
912118
1264992
1283738
1051480
1224138
681790
718442
1183622
938082
709200
798940
877410
962480
757188
903070
685390
723118
1016108
1176042
1041708
739180
811740
744160
1019218
807928
1061090
1169780
685390
738726
1136852
930228
1254360
971802
988940
1169780
687930
710090
832548
733138
1065378
960250
823872
931368
1071432
834682
996700
740980
1147620
867898
1004626
667098
710090
1113170
873038
917416
1004626
1182506
769210
1108928
1021820
898168
1110392
1132612
898290
737728
1086220
923330
904124
701462
987750
906022
776900
1046670
993622
964160
996700
1213698
727630
1083938
916500
720492
893972
998862
1044070
927358
708728
986404
875050
1274262
1021180
730810
1245120
802470
833790
1008850
713918
1100360
1249772
768990
924140
726310
765112
1149110
823180
1036750
808610
857430
890428
1007282
1018128
834068
995640
790490
972078
1133014
830430
991300
832712
1096278
1017512
1060320
937852
974038
990458
931168
669072
960088
954154
762450
1065232
891460
1069558
700818
1017352
753864
869202
776970
1137810
804382
1061090
875618
781552
1083122
813958
1110392
1166898
817090
1090810
826542
999160
913000
785650
1072738
915970
926468
954028
804910
812160
802930
777202
1241490
964862
763782
939000
1052608
680692
763532
708728
1033658
989380
780760
981560
1113580
859088
787026
734528
816940
993522
1070560
981888
955930
834682
865640
1048560
1124702
859088
1081882
978980
727430
667890
1015666
780770
897962
1034914
786544
931950
731208
834490
1046202
708728
1205870
1190652
1002662
1083122
1047078
962700
1065248
1062840
785650
724388
719110
816940
797638
890248
700818
982788
954154
1007282
709200
944122
1076052
926500
884080
829978
990232
1061500
724298
781052
1082682
723118
842270
1145580
976366
823968
1105760
933340
838840
1061182
980570
681320
939550
1174760
1094732
897892
892170
1027720
1229972
1107746
950892
917390
1183622
888880
1078078
1106418
966660
848378
1131720
1263810
1047410
1051264
706400
707696
886790
697954
1026672
834280
751638
1039782
911528
834280
1061182
790120
1072268
791908
1061258
884666
1178760
953990
842202
1099590
844972
936132
970792
1119280
1025758
1086360
1095322
879950
684492
1058010
1160026
1016848
1003472
685216
1152206
919892
877170
1117908
1063068
778712
1117908
868702
721684
1063682
1253568
913590
678658
1016108
1138920
978110
1234522
681058
1014250
1102328
1150662
804040
825282
979030
762876
886610
961130
764960
1048560
972730
810130
777020
888732
771570
681790
917190
717290
976960
844972
911720
767062
1113170
940442
876324
733346
805380
862980
1092570
717290
734142
800456
992958
785448
689004
770002
826178
976888
1070110
1186000
1089068
875050
849252
1042438
916582
1008850
826178
921750
946658
913000
1284920
990458
898008
1165330
782222
1051910
1071432
1042390
805780
804330
1052608
672968
1057652
877410
866308
834280
744522
1233410
813672
748502
742590
1046460
1033362
931950
719700
1086220
1068468
867170
897892
1097060
1078880
737760
729242
738082
689560
734142
1066820
1013950
746776
906022
850022
825410
732948
1190832
1128502
962700
834490
699522
877592
674918
808390
788520
767062
676040
735772
1077120
897962
680692
1081506
755470
1149110
1032298
1040210
805780
1032298
763410
991300
788648
805380
1125840
912962
993622
1019218
1046140
685216
1034914
1061090
1024014
819210
1283738
712220
1126380
1119280
748502
838840
1189172
1128002
675292
998846
810068
1017910
1136060
674460
1078880
731208
926538
845870
881328
987750
1145580
908190
671786
771470
730810
902212
973988
1008850
785282
1032298
852138
1202070
806940
1164270
793994
813320
958518
844268
1166512
938874
781552
770288
692442
831244
1159408
1205870
708728
986404
730882
1103322
834624
875050
923330
826592
1020968
1097060
823590
808610
799338
929788
939550
1146752
977420
952800
1094232
718108
1163228
739180
912750
983702
684492
1025758
877148
1175552
760548
1247070
936020
1163720
737792
838740
1145070
861942
839680
750070
1055242
843702
939000
796378
1008010
677620
924000
1214764
976722
1005398
800456
818418
1083938
955500
839680
1050580
1060320
861044
1182520
816940
950420
1076052
913500
1070110
856598
1036572
826660
788630
798940
901450
831486
814102
724330
788520
774878
883370
964160
963458
701808
932250
686302
672968
1136852
1103322
821410
1081512
1183622
719700
697954
1003812
1159408
800456
1047078
1137810
1068268
706400
1010798
972078
804040
690940
719110
974646
1069558
1057460
777806
971882
831486
768452
1033618
948478
867150
1064142
991910
906740
816940
672590
1150620
939000
871812
1047078
785948
819678
910518
819210
695448
951134
947840
933340
798940
818418
1063112
1016170
1091142
976730
769748
1094428
933340
770288
872840
792860
1057758
788520
1076052
1120170
855290
1124702
983170
1029096
919840
960088
1117908
1029860
676040
732838
807928
1155338
761270
813958
1218660
940040
814530
1068510
790120
1055910
1080042
1037748
1034218
1098170
700818
823872
894622
1221732
1213972
906740
852138
914658
1107190
1049610
1008622
1081506
669060
693868
862580
677620
1042438
1108638
788648
825568
848410
805318
1060126
1029096
1003472
1025104
1145978
1129910
1018128
1104312
889120
877170
905908
998846
886190
964862
752398
826542
1034218
918000
942750
881532
1113580
903070
1016270
872840
1004626
703538
831920
1155250
795182
919750
1076110
698700
958518
976888
1085772
1083310
878012
1033362
1138920
901808
715600
933340
1032078
744522
993628
950892
701850
1070250
752792
981752
806940
1068268
814480
856438
912358
1054950
777020
904840
1030600
1063682
977420
1164932
812138
701462
703950
1062288
1224138
853306
802470
845090
1126778
762876
1176042
970792
989732
1224138
1039452
1190832
1303706
1104420
898168
745914
693150
1051910
1117734
1117734
987080
942702
699522
1051264
862580
842202
1077018
1020968
1034218
1213972
1018050
1051420
890428
1157862
1094428
786544
737760
703950
861044
1078590
882810
1303706
690940
1117734
1086960
1046460
998368
1058462
765948
989732
758980
871030
804910
909004
962480
923330
1033958
1033658
855290
1065248
1069852
901190
825568
735772
938082
1061670
794698
785356
1182506
1051552
1151812
1063112
1223740
675292
804910
1106418
1275830
852568
697398
1187950
970010
984752
1090560
999260
759270
847992
979438
890248
1099590
900942
1147620
742480
680692
965250
678260
1039452
788648
913500
1029096
724330
742590
1025758
830430
894298
814480
1024162
817630
841574
1068468
939072
1132612
844268
1081512
1076110
813140
804910
842270
1016108
1043848
929540
1044750
834682
939000
722060
752398
782222
674918
1101628
670640
905830
1090810
704040
1168462
810868
1190652
767062
733570
1079250
840320
1077018
756310
1006490
1047558
955418
942770
1101628
768452
1078078
732838
1074648
715850
1018798
1027270
1063682
1022488
1087010
813958
1034914
1152132
795580
766608
1090560
972730
800520
842270
708728
796298
686302
1079250
1103322
909004
959408
949642
1159408
1070250
1076110
1039452
727460
727460
814530
676370
1147620
1133358
702000
748502
1020968
917190
1145580
857430
966280
799338
785282
1032292
1166898
1066820
824436
1075850
693300
1046460
905830
1151812
945842
914058
724330
856438
682888
926500
802040
1112970
962480
1107190
1057460
1016108
1152206
1213698
805780
1047410
927488
740152
1082370
1083680
768990
1047048
1159408
1081506
1010634
976000
1010798
1205608
866840
850022
1032720
766820
985010
1264992
738726
717290
1156130
813320
991300
1102688
1046140
878116
827820
708018
1028042
712350
1229972
1146752
730810
1108928
1027770
859070
836280
843798
796832
988440
866042
678658
1140208
1100090
826542
987300
900490
966128
1003812
1061052
940442
927522
1112970
771470
914250
799108
1109560
1051480
1112740
731208
683170
908770
703538
1034920
880672
846300
1149110
700100
946332
1016060
690940
800520
681058
964862
1258256
1021180
964160
1190832
690078
1007918
819210
1058462
917190
1060708
901808
794698
774820
1294212
796832
758980
1063682
834068
911528
873038
1207558
836570
816532
1069852
669072
875618
1108928
1029900
1013962
769210
997978
976888
810868
942702
728450
829978
1032292
783120
913500
840320
1266942
828542
893972
957080
896104
1051818
1081610
1126956
1138222
776970
978902
959408
1184818
935232
1068468
918000
983238
900942
1037748
793510
1054950
1103322
731260
900490
943616
1063068
1136050
1040384
1065570
686182
1114230
1037748
971802
746110
954582
704040
972078
1109560
896330
752250
1025030
850558
1089182
1107190
687980
1016848
932350
900688
733346
999160
848378
990232
677162
1037926
835458
871812
781052
718442
797510
745552
783242
799338
963692
734528
1169780
946658
1293420
1114710
1008010
976888
1081512
1012598
802930
1194090
1091142
979002
909004
1036572
1029000
742580
944122
1077120
850022
905830
1047090
1011178
1156842
941298
813958
832712
771470
1106418
1029096
853200
1076052
900490
1063690
1019218
1005292
894936
819678
970010
785650
679840
1096278
787438
986404
1083310
719700
1110878
1196040
919750
672932
1131588
1003960
896330
780770
995640
748140
1122512
685390
711558
950420
799338
740010
676040
1047720
1127960
1003960
920500
808894
674918
1039782
1101628
953592
826592
976000
1124702
1065232
832548
983238
1071660
1136450
711150
711800
952800
844268
1024162
667492
1033958
821680
738726
855474
881328
992492
1046460
1112740
991588
891740
721448
873732
749352
891460
935232
816940
979030
732838
1096278
964640
882832
862352
738584
768758
1293420
715600
815270
667098
775218
1138920
742480
868012
1033220
970010
1227270
1140208
856598
927110
941250
679840
1061258
886190
1174602
873732
900942
701850
1100314
956496
883598
675292
1140748
687930
1080092
834068
747710
981560
1038070
851940
829512
674918
914250
968984
826178
769764
1080042
1263810
844542
877330
1174760
862578
1069852
744160
1254360
1021180
935500
764960
848410
1007282
872840
852568
987300
1190832
1079522
762170
892608
1176618
668280
1196040
1005148
721448
871812
674858
830430
913500
824436
1114072
1233730
773898
871628
855020
963458
1095322
904840
785282
727430
1122512
956496
1091606
839100
901422
1016060
770288
1186000
1027270
677162
724388
1064142
1313402
923802
817972
1068468
740980
707696
1157862
1284920
760620
836280
860252
971678
846662
924000
894298
1157698
948478
734142
794992
991300
952492
1034800
1096278
725320
1053000
816532
1063068
923330
913500
892750
891040
996700
963458
998862
823872
1065396
1005012
670640
889138
1061182
1046670
983702
1025030
1051480
955930
929540
970500
825410
1008622
1081512
1186320
718108
730132
681058
730810
1072268
991118
1122852
938346
848378
974038
902212
876324
821680
1152132
1082682
736478
1000880
678658
1035872
1213972
812768
944396
856640
826542
1106756
1095322
775218
796832
1081610
889120
718108
881328
839100
1070322
964160
996560
1082370
1125168
740010
871628
843480
716246
1083680
989380
725480
958988
861044
951000
1045592
768758
1121630
1029096
786628
857430
1047558
913660
1010634
746110
704040
773898
742480
971882
1027770
1030600
886790
756408
1032072
922572
1258256
1128502
1081882
1225532
805282
913590
1047410
871628
1202070
722060
791908
1146752
688288
937900
915240
684492
990910
763930
1010176
1098000
974646
1084940
966968
729280
1046140
1255928
959642
1061500
1028878
675292
922572
1064820
943616
769370
797510
1053950
1144688
1164932
1147160
883370
903070
693300
915970
764960
829512
1044070
742618
1055910
1051818
989732
871598
787026
1182506
965798
823590
1118270
1007860
1112740
724330
900942
1054548
976730
1016060
1060708
758188
1022488
891040
959362
742978
1204426
1077062
760620
670230
1027720
1016170
1151812
759012
925062
946332
1029900
712558
960250
698700
1024938
1053950
823968
797638
836608
1065570
1147160
1075660
696950
849080
1014250
963458
1064820
972730
1040210
1033172
1094970
1106756
1037926
755470
795580
904498
1102328
922132
887420
979002
1303706
1273470
903228
1050870
802040
780770
750070
778350
1109460
1045592
760548
1094970
898290
695448
716246
843702
886190
1040384
775218
771512
1044070
891740
1085772
808894
1041708
1071432
915970
1293420
1065378
1088542
889138
697650
744960
933340
1047078
877592
964640
773898
1043848
1025104
1051910
936132
1077120
816532
1047720
1073064
981888
1109460
786628
1171410
950930
795182
759270
810068
679840
1068468
939458
792320
733570
709200
787026
735772
727430
1042390
995282
754360
1156130
713918
739692
746776
812768
1163720
1083938
1122852
877592
731860
1007290
1152206
845586
950892
1233410
1149110
1021276
998368
1138420
962480
901422
745278
928354
1018798
1100530
1131588
674460
1160026
1122852
823590
1120170
684352
1117734
846662
1082370
756408
773898
979438
805780
788520
869202
935232
1005148
971882
1225320
831244
1131602
1100314
695628
805380
987080
1218660
967128
785448
833742
752398
823590
946750
1021180
890428
677620
823180
1090080
912750
993522
727430
1150662
1145070
799060
1040800
1055910
949790
712350
682888
877148
889654
785282
812138
760310
957084
1015268
937620
739180
890248
736210
1171164
1007860
991538
701850
825282
843480
693150
970792
667098
691732
1127960
696950
834682
1091142
848410
1175552
727630
896328
867638
1068268
1004412
1210260
894298
1033172
861942
1100360
981750
760548
1071660
966660
867170
724388
916500
793994
872840
693300
1147160
940040
676040
937862
790158
1011952
931168
1155338
796462
1097060
1196670
1121630
1003960
742590
734142
923330
950930
814530
793510
887420
954720
865640
1016170
1086960
750070
805380
783242
1182520
996700
695628
1106418
1126038
944396
1017512
1069852
1149110
1204426
902212
1136450
1057460
766820
720492
1166898
753178
1033362
773202
1155338
924140
927110
950658
1100090
1076456
916500
985010
908770
906740
1012598
963458
709200
1275830
908770
971678
827820
881328
1175552
1007282
967128
686302
890248
921750
1100314
907562
894298
880672
927358
784490
976000
1018612
1050150
776900
816532
950930
1145978
850558
788208
703950
1006180
1138420
1061052
886790
842270
700100
965250
877330
1091142
901190
896104
1120170
927488
758188
678730
879738
1112970
943616
781052
850022
969292
901190
780770
733570
1120170
1018050
833742
1140208
1039782
856640
847008
1004182
1284920
933918
1077062
839680
776400
954028
1054548
837960
1203110
909832
963458
831486
1076780
991588
717290
877330
846300
1203110
780760
800520
713234
697398
892170
1189172
781052
943060
855290
696600
823590
1169780
768990
812160
970500
1112970
926468
1024014
1033172
737728
856598
955930
966280
1087876
702000
897766
707696
882810
826660
854488
1086220
866308
666700
1050150
904498
1066820
1007918
884080
986834
944250
806172
776970
990910
805172
760548
1037748
708722
1040800
695448
1020968
799338
970500
917452
1032078
676370
1020430
935500
690078
1033618
869202
707696
671022
983170
912358
871598
985010
883598
1000500
859088
857720
976722
853306
817630
959362
1034914
1233410
989380
1313402
1171410
675292
931368
883370
917452
684130
1131720
815270
670640
859140
729280
899472
1000402
774878
718982
915250
1033958
1051552
821680
1178760
891122
1168462
735772
871598
1266942
1007282
1042438
878902
713234
802470
835980
1011408
697398
804910
1000880
834280
980570
965798
905830
825410
1013950
964640
1048560
745552
838840
965250
1283340
981710
833742
773042
684352
817630
1194090
962480
796378
711150
925062
1118962
888880
857430
779920
937900
992492
979030
748140
897766
1006490
976366
1112740
882810
1163228
835458
990232
845090
905908
996560
1051552
1157698
943060
717290
670640
937862
1022562
681320
929540
922132
965798
717032
752250
930228
785650
864740
1018128
907800
843480
966590
955930
912118
1060126
1039508
933318
925308
805318
1048770
733570
964950
1171164
877148
889120
742580
714248
777806
1114710
721684
683170
1029000
1004182
781430
702000
1160026
671388
747710
1100192
894298
719110
1184420
1168462
930228
689560
1058462
992958
768452
967128
738584
697650
960250
932250
1264992
826410
1131720
1043182
773042
1011920
1217856
882898
910518
905908
1274262
1175552
917416
1034800
1150620
1094092
718982
839698
865640
729242
820778
1100530
891122
954154
940442
919750
672968
992958
1003812
770002
1098170
1008622
670230
826542
1245120
894622
1040210
1094970
960250
916582
1011408
1187950
737792
845912
1120170
1102688
1114230
877410
1063670
706670
1175552
1071432
813140
1029900
760548
915970
678658
826410
898168
683170
963458
748812
816940
1016060
819990
1024810
886610
1128502
810868
753420
1196670
769370
988440
832548
746776
825012
761240
787026
788648
1058010
688378
847008
1011178
761240
950892
1178760
1186000
712350
750070
781552
756310
890428
963458
1100314
1036750
740980
1122852
769748
1126380
950658
981710
922132
1129910
700818
906320
954582
986404
1000402
892608
900490
976366
1039508
817630
886030
696600
828542
856438
1044750
978980
921750
815388
1157340
1094970
1107192
1072382
777806
760310
973988
699522
751638
1098792
1062288
1035288
752478
1094732
1121176
748812
749352
1007918
943616
846662
878902
1132612
1033618
831244
846300
980180
848230
1047720
859140
1030600
712558
697162
1273470
756310
953592
1085772
1127960
1077018
972470
1263810
976722
1264992
1040384
813672
682888
864940
776900
829402
1050150
1047720
1043182
1174760
1159408
1141500
1052608
1061670
842202
748812
746110
1294212
867638
1224138
780760
1100314
785650
1080092
1253568
769748
944250
1073064
846300
1065378
721684
710090
745552
1100090
918000
991588
1125168
1045592
1010634
867500
1079250
1126038
747710
739692
1062288
784490
844542
853306
898290
1100192
1119302
1003960
894298
713852
1061500
936020
676040
1138222
742618
1156130
848230
919892
1028042
831486
937900
773042
851940
1063670
850558
819678
1047410
974038
1283738
891040
1094732
1049610
700100
825012
766820
1003960
881260
1283340
818418
1216332
777806
847992
1063068
1243938
754360
990232
785448
1068510
964950
862612
770288
793510
1043848
989842
1114072
860690
1169820
912962
953990
1205870
1163228
900490
859088
981560
891122
1100530
939072
1013962
776900
975410
747710
706670
1104420
1050870
1157862
796832
1303308
990458
925308
744960
901190
1068672
1138920
1110392
890248
1076456
1078590
749352
980180
1041922
1046670
981752
1011920
984752
1216332
1117734
1010176
702500
808390
844268
821410
931368
1110878
1054548
762450
740980
938592
702500
912962
1060126
929250
688378
1037692
752398
713852
716246
793510
929540
854132
1054548
748140
984752
804040
1046670
768990
877592
1019218
927488
1035872
1152132
1018564
914250
954028
704922
1263810
991538
736210
671022
1092030
1087876
925308
1126956
1063068
964950
990232
1108638
1138222
1141500
877170
852908
1234522
1062840
870032
753864
1081988
1165330
1218660
816532
961130
731260
972730
845912
756408
957080
841574
763930
749352
828542
1003812
939550
888732
673724
886030
831244
1005148
1047558
1157862
727630
954154
753420
694266
760310
808894
907800
987080
805172
875842
911720
847992
1071432
989842
1152206
970500
685216
864740
1013950
955512
759012
1044070
1155250
1073064
875050
1145070
1136050
1194310
865640
955500
944250
672932
1131720
1131588
1052340
1069558
795580
862580
964640
898290
1132612
1138920
1032292
963030
1065396
676040
763930
713918
926500
989842
707620
765112
673724
791908
881328
823106
901808
1050580
814480
761270
760620
854488
808390
1092030
778712
849080
756310
913660
1144110
683170
907562
799060
777020
1011952
1204028
756310
949790
817630
862612
975410
998846
779920
996560
1136450
697650
793614
906622
976328
731860
806172
1055242
928752
883598
1006180
1044750
1155250
836570
692088
712558
724660
1094092
869080
1087010
1037692
796298
912118
1024810
1058032
711150
1051818
1133358
769764
1184818
919892
1076084
988440
693868
771470
679840
1132612
915250
941298
905908
1020430
1284920
698700
1036750
1065396
1104312
736210
882500
856598
1131720
688288
972470
837960
708722
1203110
898168
702500
881260
938346
731208
948948
755618
806940
912358
1109560
1070110
1105760
1065570
730810
1218660
981710
845870
1047558
1283738
1005398
710090
963692
817962
1107746
1163228
733570
860690
906622
1114710
1160026
836280
744160
1005398
821452
1080092
776970
939072
909832
1032292
936020
745552
1150662
1024014
808610
820778
1156842
840320
995282
1034218
857430
1098000
787438
1163098
1017352
1213698
917390
702500
1079522
1007290
1087876
749352
1053000
1070110
932998
932998
993628
862980
867150
771570
976730
1041922
981710
813672
703538
1114230
1016060
690940
859140
1044070
1022562
804382
813140
1080042
780760
746776
704922
1045592
1070110
836280
1263412
1207558
1033172
981752
761240
1094428
1045730
948948
1107746
916500
957080
991910
950420
808894
1119280
756310
762876
821452
1174602
996700
826410
1082370
753864
1176618
896328
777202
1090080
965250
873732
970010
1089068
674858
770002
922572
993622
974646
1071660
917190
942770
1171164
902218
1076084
1000880
817090
752398
1043182
787026
1146752
890428
819990
904840
723900
991118
1054020
1005292
1061052
843798
745278
713852
894936
857430
860252
839628
737760
1035872
704832
966660
763410
912118
1146752
994000
1065248
877148
672932
1108638
669072
871628
940040
882898
1108928
886762
944122
727460
755470
1049610
917452
1032072
937852
719318
845586
762170
797638
938592
906740
695628
769764
884080
700420
790120
1294212
973988
695448
1068268
1225320
1078590
1138222
806172
964160
823872
861942
956496
1140208
795182
856438
777020
1028878
775218
844542
1236090
1105760
793614
983702
848410
1106418
1098000
845090
830430
1122512
769210
1038070
933340
966128
1096278
1171410
1155338
815270
844268
697162
1041922
839628
761240
974038
879590
698700
672590
963692
1126380
1028042
1051818
978902
955512
921902
1014250
1088542
970792
693868
915250
744960
1046460
1076780
1008850
849252
1088898
866840
1052340
1186000
1063112
788648
712558
752478
981710
698700
713918
1020090
890248
998368
776970
1025030
1032720
1175552
868012
873038
796298
949642
804330
1066820
1126038
1037926
1020968
707012
901172
1060320
838840
960088
963510
1029900
960088
897766
721448
1077120
1064820
724330
832712
965250
759270
879738
1094732
891040
739180
1155338
1053950
820778
790158
852568
873490
1058032
732948
1003812
906320
978980
915970
990458
1176042
850022
1081988
793510
1025104
675292
828542
778350
980172
817962
867170
994000
998368
927522
892608
936132
855830
1025104
752792
711558
1194310
1083310
720112
963510
1062840
1060320
692088
754362
752780
897766
1157862
693150
871598
1044750
1253568
737728
1017910
1000400
984752
1092570
1024014
669072
1064820
686302
824436
768452
1182520
1007282
884080
1016170
946260
848378
810068
1105760
794992
713234
1234522
936020
773042
784490
1104420
788208
724298
744160
933918
915240
678730
873490
1102328
899472
900688
887420
900942
785650
689004
804382
759072
758980
1136050
1098000
697954
933918
972730
957084
991910
1074648
1186320
947448
704922
906022
1002662
837960
909004
1045730
1030600
839698
854488
1068672
942750
740980
993628
917390
881532
1060126
1026672
855474
688288
970532
933918
997580
813320
721684
916582
868702
697398
859070
862352
845586
773202
757188
1039782
1064142
886762
1038070
1131720
763782
774260
1054950
745278
821410
1063068
1100360
852568
745278
966968
953990
1174760
891740
765112
724388
1073064
718442
975410
955500
746868
869870
765948
939550
839698
1171164
981752
1214764
889138
813320
938082
1182506
1061670
683170
970500
807928
1069558
1176618
1050870
1090080
1050870
1024810
1113170
1112740
1014250
1033362
864940
786544
1035872
937620
876324
674858
1107348
1053000
963030
859088
917416
675292
796462
1079250
854132
931168
781552
777360
1054548
719110
979030
1179448
795182
1063670
769210
983600
1057460
812768
1210382
774260
736478
963458
932250
742978
1015666
711800
704832
692442
861942
1061182
981750
881328
667890
755618
857720
1149110
737728
888732
718982
1214764
742590
1253568
880672
1089182
690078
765948
1058462
746868
674858
1025030
1196040
751638
933318
884666
787772
755470
762170
708018
962480
681320
1035872
1177120
896104
880672
1044750
793994
835458
1114230
1166512
859070
948948
1217856
1107190
966660
1159408
848410
672968
793614
774260
906740
1024014
903228
848410
871812
983170
1103322
1029860
1133014
938346
1253568
902212
882898
812768
901190
927488
774878
1052608
695628
882898
1227270
707620
1022488
1225532
1039508
736478
869080
988940
891740
800520
754360
742618
701808
1108928
924140
1028042
1104420
1088898
713918
708722
1008622
1089068
689560
919892
786544
1117734
882898
995640
769370
725320
1063112
1116942
946750
785948
868702
848378
1126778
1216332
983170
684352
894298
697650
921902
1177120
845586
1102328
1090560
896330
719318
1051420
713234
762450
1047090
1088500
984752
701462
667098
1146752
1046670
976328
1221732
1120170
1202070
926538
1020090
941250
691732
1003472
1033658
937900
869202
1024810
899472
733346
690078
886790
856598
719318
773202
805282
862612
829978
696600
753178
1223740
1081988
1196040
1090080
995640
1113170
681320
1084940
787026
1065248
1055242
1024162
740010
850022
1126038
971678
958988
940040
811740
1126956
684352
857720
1114230
1109460
827820
1152132
1119302
1020968
976328
1085772
790120
688288
1210382
707620
1138420
794698
1083680
1176042
821452
947840
899472
720492
1064142
922572
813320
788630
1102688
1035872
1057652
1126956
1068672
787772
667890
926500
1025758
878902
1007250
1061182
1195102
1002662
831486
928354
1037692
980570
805318
1004330
819990
793510
894936
963510
838840
669072
917390
970532
786628
983238
839698
973988
869202
790490
845090
1037926
1190652
724660
1214764
1016170
800872
1000402
700420
1082370
913590
748812
746110
1000400
912962
681320
955512
946750
1013950
841574
713852
928354
869870
1087876
873038
708018
837960
770002
927522
1047090
1196040
829512
804040
1050150
995282
997660
1027270
742978
839680
946332
1274262
745552
889654
704832
998862
836608
778712
834490
1021276
1000400
941298
1008850
1034152
886190
1029000
800582
788630
852138
1068672
1048560
692442
1021276
682888
861942
877592
966280
1179448
737792
917452
763410
1195102
932350
734142
932350
884666
1045730
1128002
927522
1274262
691510
808894
1113170
917416
771570
823106
688378
914250
994670
723118
1090810
814102
965798
1109460
679840
857720
989380
999160
1236090
1051480
813672
715850
768990
1053950
802930
957084
1094092
1007250
818418
1055910
975410
950658
720112
966128
869080
1008010
847008
903228
752478
1157340
930186
1017352
1145978
1190652
667098
835980
1098792
800582
943616
853200
806940
901450
1044070
1079522
1081988
901422
981710
823180
908190
1088542
915970
1152132
1058462
1004182
702500
866840
901172
729242
678730
843702
1037926
935500
721448
669458
987300
774260
1225532
693150
1039508
1090080
867170
968984
1010798
1018050
1000500
886790
1233410
1138222
839138
1136852
925062
1097060
1016170
1073064
871030
1094232
1293420
1169780
976366
911720
776400
952492
761270
1082682
1203110
889654
792860
1117908
888880
1102688
880672
753178
955500
1033220
731860
987750
997660
682772
905830
701850
1121176
891460
1010220
703538
726310
1070322
860252
890248
982788
845090
970532
1131602
1283738
1015666
804382
717290
963692
1024014
1205608
991300
1021180
787772
1007250
896328
671786
787772
1075020
1019218
1110878
1275830
941250
926468
692088
959362
1083122
1032720
971678
799338
1011178
901172
1072382
950420
792822
716246
1128002
1198248
697954
997978
1107746
1186000
673724
1017352
994978
1061052
666700
1164932
1058032
1100530
991118
696950
1008622
873732
1176618
898290
1110392
846300
831244
1101628
996560
834682
690078
768758
1061258
785356
942750
667098
729242
853630
980570
1033958
947840
1055242
1087876
1020090
714248
1109560
889120
812138
866736
770002
1083310
849252
1238418
1011408
1166898
1151812
854488
914058
1051480
754360
1303706
667890
950420
744522
694212
667890
939550
1136852
697162
915250
913590
1061258
955512
853630
768452
759072
1174602
876080
906622
1011408
919840
879950
681058
821410
1140208
1122512
1106756
1061258
765948
816532
862578
733346
898168
1249772
1048770
730882
877410
800582
810868
1112970
890248
788520
760310
1074648
883370
896104
1050150
1011408
1040384
914658
952492
1100360
886762
733346
1045592
1101628
823872
678658
813140
1092030
987300
972078
726310
844542
920500
907800
944122
961130
805318
976960
728450
855474
862980
783120
780760
839138
846662
823106
1107746
1094428
1024312
1050580
813320
1205608
808894
913000
862612
981560
1092570
704832
1213698
686302
1241490
1202070
1198998
1051420
846300
999260
848230
947448
894622
704922
835458
855020
980570
1303308
1089068
725480
868702
718982
946658
716246
769764
904840
1018050
826592
912118
879950
897766
1022660
857430
941250
1037692
713918
970532
976000
754362
950930
1004330
1094970
896330
1100360
695628
1164270
700100
1002662
873490
879950
1159408
1086360
835980
713852
866308
867170
981888
859338
1100090
1238418
1107190
790158
886030
1029860
853630
1131602
859088
936132
1062840
695448
913000
938874
1213972
1119280
844268
862612
1165330
992958
1156842
1068468
839628
702000
866042
966590
1187950
765112
762450
994670
1078078
860252
1037692
1136060
1037748
783242
818418
759072
1069558
843702
991118
1027720
771570
943616
988028
1052608
826410
1063682
788630
738082
994000
944250
991118
1075020
950658
1061500
1138920
1052608
955930
1035288
1127960
926538
959362
1033362
916582
925062
873732
752250
1074648
788648
758980
1196040
1179448
903228
781430
738584
879950
1078880
712350
990458
912962
1114710
777202
770288
903070
886030
745552
888732
844542
1096278
1194310
954720
924140
1005292
1110878
978110
982788
850558
758188
725122
1035872
812138
671388
864740
1145070
776900
1076052
857430
953990
855474
1007290
1024162
986834
1225532
814530
919840
838740
1138222
805282
929250
886610
961130
817962
969292
980180
690940
867638
938346
1022488
740152
1092030
993628
1070560
1077120
1072738
864740
788208
1128502
1013962
898008
931368
963692
929250
1144110
991300
919892
785282
839628
1047048
672590
1037748
1005398
730132
966968
1152206
908190
1109460
1186320
1086220
694212
746868
975410
1060708
855830
937862
855020
1100314
939458
1010220
891740
963458
1151812
785448
1011920
802470
806172
1122852
1294212
1033658
1094092
901808
935500
1247070
1078590
1062840
1077062
1028042
1070322
763410
805780
937862
856438
752792
1057460
948948
1243540
1061258
927488
1140748
1042438
1092030
692442
753864
950892
955418
1050870
1078880
711800
833742
669060
1085772
926468
959408
1029860
972730
1075020
866308
843798
1118962
1041708
1249772
773042
1138420
706652
731260
921902
724660
866736
711150
745278
708018
1030600
776970
683170
882832
1048770
714248
744160
727630
866308
785948
804040
979002
1047410
852908
957084
975410
868702
1174760
877170
684492
1129910
1013962
1294212
724298
1068672
762876
1217856
877170
701808
912118
1156842
1079522
720112
1063112
689004
778712
1125840
1133014
1092570
823180
724660
1229972
833790
777360
1122512
752478
1075020
1065570
1205870
1160026
834624
742590
840320
881532
1114072
1048770
1053000
826592
694212
951848
1065248
703950
808610
1234522
939000
737760
866840
904840
981750
718442
738726
717032
843798
913500
891040
1106756
670640
769370
744160
1075660
1117018
998862
931950
1072268
933918
853306
905908
937852
1033958
1156130
681058
1183622
777806
768758
1027720
788630
669458
1150620
1121176
762170
671022
1024312
894936
750070
978902
931168
1043182
915240
781052
669072
796832
959362
1043182
1021500
1098792
903228
1213972
841574
971678
904124
817972
1107746
914058
790158
790120
958518
1081506
713852
778350
1027270
796832
785448
986404
902212
1184420
1040210
914058
876080
1029900
1243938
677990
1004626
1072738
667492
951848
883370
684352
729280
997978
753178
707012
799108
702000
810130
1125840
947840
968372
750070
961130
1024810
685216
792822
685216
886610
930186
833790
798940
976000
1140748
1121630
701462
756310
1018564
1050150
672590
715850
1094092
839628
774260
847992
925062
669458
1011952
990232
848230
796832
1047048
1021500
970010
876324
1061258
1233410
914250
881532
1284920
852138
1032720
894622
1273470
950892
1025104
1013962
1080042
764960
1005148
1184818
782222
1147620
833790
1082682
888880
1041708
1224138
787438
1053000
1068510
1194090
889138
1012598
1072738
731208
1045730
1025030
770002
1054020
1036572
755618
978902
1021500
1225320
923968
834490
827820
1119280
842202
1057652
1223740
1055188
856598
755618
1018612
1078078
1210260
869202
993522
669458
1070560
867150
915250
1094232
763782
823106
1081610
693150
1045730
1050150
831920
919750
1116942
835980
770002
681320
760548
1008010
921780
888880
680528
997580
704922
906622
902218
1047558
847008
1079798
954028
1092030
1088760
800582
877330
1018612
805318
859338
707012
878902
1182506
779468
725480
866840
971802
1049610
990910
926538
851940
725122
913660
751638
1004330
706400
1166898
777360
715850
856438
1079798
1000402
977420
894622
1107192
941298
1046202
1072382
735772
946260
684130
1007282
964950
979438
1100530
700818
749730
873490
915970
719110
892170
966280
694266
1258256
947840
878116
1084940
906622
1126778
827820
878116
697398
748812
897962
1062288
745278
915250
939458
882898
921780
710090
1021180
1039452
680528
1073064
904498
1247070
843480
966280
927358
1125168
826410
781430
691510
983170
1082370
1275830
1058462
785356
1303706
815388
1091606
959362
689004
1133358
1006180
1081988
785282
921750
920500
839100
694266
1004330
1053000
1017910
791908
1112970
886610
879590
817090
1010176
907562
956496
1247070
972470
810130
1194310
794698
988940
922132
843480
976000
891740
777202
1047090
1000402
1097060
778712
926500
1203110
737728
872840
725122
1136060
1143820
719318
797638
923330
785356
908190
748502
917390
1152206
1176618
794992
1243938
1061090
813672
796298
790490
1047410
988940
1092570
785282
815388
737760
995640
942770
976722
1042390
1113170
779468
1273470
718108
841574
1040800
1047720
1163720
891740
1032292
748140
1205608
901422
731860
963030
911528
725122
1102688
903228
1033220
840320
1010176
950930
1050580
785448
807740
848410
727630
1103322
1062288
881532
963692
839100
715600
998862
1098000
993622
1157862
887420
1064820
991538
771570
825568
981560
1027720
942702
1150662
1114710
855020
1163228
1061090
1143820
884080
708722
836570
713234
967128
770288
736210
767062
1146752
1004412
1013962
800520
886030
923802
1293420
1005292
711800
1144110
972078
954582
1053950
800456
923968
884666
873490
813958
838840
933340
784490
829978
1196670
969292
875842
1020968
687930
1128002
802470
837960
1101628
1131720
730132
902212
1176042
1076052
1072738
1120170
1264992
927110
966128
928752
1157698
1117734
715850
684352
1047558
958518
1022488
802930
1097060
812138
1016270
1003812
674858
1006180
959642
1048770
1036572
1224138
1136450
1053000
878012
720112
737728
1145978
1131588
929540
881260
752478
861044
917452
878902
794698
680528
1080042
892170
970792
912962
866042
1010798
878012
1033618
857720
1076084
1090810
1189172
1157862
991910
805282
765112
748812
1213698
1040800
802040
1218660
829978
919892
739180
1096278
1032072
912358
901172
1017512
992492
1083938
1077120
695628
922572
1081882
823968
1121176
1081988
862980
704922
781552
933318
1155250
917390
1110392
1046140
677162
965798
889120
951848
1225320
1039452
906022
942770
1035288
1221732
871812
1054548
718108
873732
670230
795580
828542
845870
851940
891122
902218
1057460
931168
944122
873490
1099590
1104312
1001110
1054548
826660
964862
983702
968984
1182506
862580
1101628
1076780
1041922
733138
1150662
1233730
886790
987750
730132
1039782
926500
921750
706652
873038
1166512
787772
768452
991588
1058010
891740
877148
1087010
903070
1033658
832548
864740
1003472
776400
983170
685216
744960
782222
1000880
721448
864740
1157698
686302
774260
1047720
696950
739692
790120
1084940
847008
1183622
922132
1029860
1119302
953592
859070
746776
1140208
736210
1145978
704040
942702
729242
1202070
744522
780770
1136852
891122
1163228
1027270
1015268
795182
792822
771512
1018612
1008010
742978
1062288
877148
1105760
884080
1059330
702500
1082682
923330
1032298
862612
787772
717032
819678
1243540
706670
1046460
871030
819990
817972
744522
1058010
774260
742480
723118
951134
1051480
740010
900942
1098170
1011920
907800
923802
1048770
1018798
1168462
1037926
993522
677990
1063682
782222
775218
755470
1176042
1184818
999160
1138222
856438
679840
1119302
1048770
1164270
999160
808610
833790
1198998
977420
829512
906320
844972
976888
779468
717032
1198998
904840
1077018
979438
1025758
672932
842202
955930
966590
1121630
948478
1050580
988028
730882
774878
691732
823180
795580
807928
923968
929250
1042438
999260
1233730
825282
1046202
749730
670230
1032292
1072268
767062
1026672
804910
1034800
906320
867898
850022
1065570
1080092
871030
1112970
1070250
889654
686182
711558
774820
781052
797510
821452
999260
1157340
990232
932250
821410
894622
1065248
1081610
769764
855830
1057758
921750
768452
1075850
941298
1152206
812768
922572
754362
1080042
1077870
712350
823180
793994
1119302
1005012
1039452
1109560
785282
982788
836280
963458
1225320
965798
765948
1098792
687750
1225320
945842
875618
1059330
1166898
1078078
1077120
763930
1071432
1033362
792822
814102
1077062
693150
805172
1171164
701808
964950
673724
938874
1150620
1059330
926538
958518
981560
950420
950658
1110392
755470
954720
829402
756408
1094732
867170
866042
947448
1166512
1077870
1205608
867898
979438
1047078
1045730
908770
1263810
780770
1063690
1194310
1136060
671022
1054020
981750
719318
913500
1063690
990910
825410
1068268
1122852
963510
1065232
730882
823106
909832
1047078
986834
775218
792320
792320
962700
924000
788208
817972
673724
926538
700420
670230
896328
733346
1138920
917416
905830
729280
725320
910518
1015666
732838
1061052
862980
1122512
788208
689004
771570
1151812
956496
1021820
1032072
1196040
677990
978110
760620
692442
781430
948478
1174602
1065232
725320
1086360
813320
1229972
733138
929788
931168
1094428
951134
898168
691510
962480
954028
1000400
1075850
1114710
912358
866840
691510
868012
814480
1100192
950930
1002662
1068468
733346
881260
1034218
814480
1108928
1024014
1117908
963060
1065232
806940
1143820
1114072
826542
848410
1118270
860690
914250
1179448
769210
942750
1273470
1022660
800872
1129910
756408
696950
1021820
1190652
1177120
976328
976730
1100192
974646
1007860
993622
800456
1081512
835458
739692
815270
698700
1022660
1234522
1194090
1018798
671786
1057652
898290
862980
810068
950658
832548
817090
1046140
767062
1052608
839698
1021820
817972
808894
734528
745914
1043182
1144110
1284920
1249772
1233410
1081610
1243938
963060
1042390
998862
761270
916500
708728
883598
893972
729280
1102328
852568
1017352
892750
988440
930186
871812
935232
1221732
930228
1042390
1176618
833742
994670
706652
1165330
704832
1060708
1094428
891460
1075850
1029000
1108638
946332
1063690
744960
1046202
992492
983600
994000
1018798
878116
1089182
1010634
963510
1129910
707696
889120
959408
793614
1081988
825410
846300
787438
824436
937900
959408
916500
1064820
701462
886762
983170
810130
728450
829978
1198248
913590
684492
1018050
997660
904124
841574
901172
1110392
974038
759012
886762
932998
1011920
1018612
711558
981888
919840
793510
793510
752398
986834
876080
1047720
