194974322
130372154
90575892
92794608
26313876
150497628
254637708
82653930
8572844
22950988
108432356
279189798
100785684
419818456
290394596
356353486
305381816
23395592
358991630
337215032
105818448
186992462
421050184
21170402
200083926
18620190
60107394
468440340
80265386
18246184
237482166
5767230
178976350
131902202
68631968
33300468
336355662
183092020
57163286
120366952
495806376
81708260
516871862
226950232
140626472
172837542
1050528
115216554
331995192
491402936
214263864
24747632
336111302
116244314
510108206
26432284
308810206
73270664
11478864
38651986
176327326
194672536
6062186
10884378
18580888
32577582
132540972
132723248
7554994
12462350
409234822
289766594
52731010
332189038
30030956
192850002
32804256
64654886
36124288
374924392
447703646
84929998
19485350
8873634
317065724
433839230
18657252
200253360
93696152
25656902
293706080
316077870
79185638
40374518
337890104
207906580
360364342
292506952
368914758
36488584
219048648
111524006
253923848
334170398
171777794
127498040
61413796
301024584
229819662
290633688
25591310
411542776
146477694
349632824
159823460
378861838
218504924
123605946
51074320
196886802
322425024
119751636
166198700
76785046
340279244
206024804
146588430
362678470
655574
463711844
164979784
393147120
46694718
33276520
10302446
18547980
260574598
305836242
39176700
64867050
97568114
67036250
436135300
109270932
197532742
222332766
218551822
201764668
95818
205811126
112333278
35932948
41138756
138980812
455012010
16417264
328507420
152714436
296284926
114604110
42508218
33360588
133087784
163110568
40351516
69372004
307876
20852296
109354124
30009460
454576
316605950
161288948
59863628
32545358
28074954
268326570
115352650
508008484
170478580
104318700
358314628
15220
40659542
182062094
146820660
330978680
37000132
17297638
10285088
69865288
321764804
10100282
444321162
42306836
327647812
289159168
11730438
391707964
344469982
97382562
527404
268908992
176246266
120958324
12480620
43958050
19474
139143376
35110240
348342482
323480838
46748852
536970600
14643752
223972802
392694084
113940628
273612828
444033366
340011632
402912
272785116
119655002
1542350
20229366
173491144
502771070
263039356
21871832
160949522
200516322
308217536
45619440
33167722
26355796
378353610
56039504
20236862
4251806
260355606
209102604
372316
13297634
16003894
98126658
16840614
451553932
293862436
379152302
177472756
355246052
345687322
5433130
517646486
101845620
363199694
306183386
138047220
220796948
246679946
298584386
305168432
48120488
255014022
84646726
62754684
395884616
161970386
402422882
484766244
34287016
96833760
312621068
382432172
33225152
110265056
192568
217912512
102467428
94157344
136199278
12892004
220082098
21794
50324560
3686396
316632994
39720982
83761172
366048846
82535320
92676170
136523898
404762704
537868644
8299426
61481452
513804104
311674926
259807706
63708766
350142438
174346066
23069012
170175104
397353460
296740678
9557076
34010472
77535582
8125964
275798338
258878886
45149428
91709284
35241442
10220302
20807738
389501728
23393852
215450256
8309004
16655744
27551828
33400622
253201512
153991230
289220328
16259062
222086934
48464772
91754940
349533696
377107672
147421618
184770964
75164560
189602264
8120676
426765752
58353664
216074658
270110976
27084510
107312544
236874
125498932
255589888
52481602
387823826
193515456
398084760
90493652
141883472
444326820
318795602
133287930
60628308
34077348
13614846
78907848
41269618
54205662
172134692
274559640
2937008
220687484
59252692
91922676
353039658
203042774
341282834
396726242
79327946
150661304
167746960
226504444
65108990
5141434
291721114
397686180
17266770
234392912
220235024
263219842
473441078
2086000
321138570
182566014
89150360
275400
232569558
138170492
28410172
862514
35077412
18358002
53740946
94704076
5780396
20117458
114013894
73239166
32433092
248899160
30455818
26198490
202455296
136924886
60899586
562617258
248750232
237816416
129597376
148505886
85804
50199008
265332120
155213924
337507320
106095620
289035680
201306854
278150084
154648310
39154624
177220752
421434124
125921334
1264592
45603266
161787906
51124218
110213114
9386408
15925838
210922970
1920144
17397748
210284610
349866814
154625122
206035970
46495412
452611800
98655840
91135032
255144184
282924826
125574794
36925842
299172866
361363608
24470064
153724840
97846506
10392952
76779792
449416888
378226488
10163196
18135230
12279684
396797666
356986132
182940156
2838468
40240904
463345800
66685194
7882716
37127444
363571412
166762054
320908380
3877596
500065800
397779148
317753980
70737176
221068664
160994856
39938746
276355218
7493802
1103170
461567206
153790550
23633658
106768332
163125052
35625830
14878916
14446072
5004412
87474362
151305856
483871452
80355436
17457732
172176658
84718914
6196462
16078632
138929078
9707972
235998
11310158
218316936
40619452
131421638
171406558
387481496
22820094
319414124
236068310
69479590
204365998
145191074
228058
13556138
244592622
437554642
133836268
383488064
182005400
185687594
427853696
192182102
451061452
8997920
160374088
381363832
1314026
251207344
505136904
181504268
245911026
47771776
41252920
354208472
42896598
110036102
230717400
264259748
359874106
206897124
317277722
115415300
282002010
121446422
379226380
219063826
471596080
104963960
334893430
191223860
91923634
171716702
158268146
7715748
45718050
22678178
148457418
332054536
453417018
2145022
160785574
188411242
153477632
310021850
400247780
180770110
184621450
30135312
74668668
284937022
1963254
122539264
457472922
96470436
117414788
5106428
23740048
70986352
309954032
66839136
219276856
36213750
63571724
342202624
41170396
36036790
188318230
223535540
120555100
262724912
439001172
85132646
28927032
58621562
210723518
3399532
459589376
452971476
13277874
91887546
12941178
284819142
12380116
146558254
28795510
112746964
9799770
326660102
37817430
2637994
17107876
74699692
341858136
195177774
38934594
6399174
2579500
296816728
50651912
88705830
222171470
3343454
121090686
268776254
205291638
43712236
203821434
104301214
88740954
78246666
18605016
83966170
118274054
25683120
305657750
151480040
20512838
270123618
300487028
145888784
413824306
20741640
329716468
246803684
128262668
477467790
5390586
1057124
19616474
58318280
511444
124903846
191122908
280441206
28950406
449494
48291782
254626516
17184686
149071130
243925604
29762
142842564
21479556
792230
19007356
16156272
196652546
142956212
259244968
123490320
221376854
55893190
47913464
26951706
143564548
391494000
1638480
53766052
161764370
318167354
535653328
167710826
50682658
276264474
205575478
114221412
447911564
1845022
2816
169717332
147841750
53903590
213601266
95284904
387635146
2828030
481703206
402110484
159639288
17159148
55128568
185766560
48202308
17166398
350088650
16216028
164492898
405199164
7000964
138996706
17876904
286968402
78842082
315852350
4079794
172146226
285452876
19478766
285694450
222720788
370516886
1496672
278745876
172709240
253368458
407499662
98244438
157699824
200161314
146080694
254655460
67828436
200819524
502
28515906
15313930
148635158
176040548
419499336
475207100
72563424
77437770
203564196
276678136
10412696
386209402
166812106
35777942
79458992
489427706
265760138
9146410
7193884
255550182
187634776
227685718
494995218
475333132
115406000
20111268
91533036
67130
364951676
1928240
3573090
320291480
276412676
73618074
445045634
19428762
13565350
290871490
14276856
125501116
24561474
532850666
47252
244895632
404547692
157667288
32848890
143629426
446423266
144402842
496600846
250134348
198681230
20520246
45378762
477879408
2428352
12687422
186744480
49684638
122976950
422827206
280952408
54131868
55923230
276560358
260011996
204442094
200710366
342216848
187655914
164724336
334203528
387060300
566162650
578064554
14666496
68354550
418524832
82101380
542385058
71324712
155904286
56215264
493627004
364576354
81825232
52088618
220183898
234025390
219020870
101088092
280355234
77825810
304264936
6900116
4374888
2126316
2386018
339734696
110824714
84826770
11616420
1579592
45088430
255490380
3721870
31446710
249983344
144110914
179946786
221557966
27372212
104945186
84212154
126487464
303502258
269183676
1010636
184984580
210498180
57319034
281317280
96161864
68478870
217480106
64794648
155802
356441372
235763426
4647218
136349160
404988944
307681382
42604432
323338012
363072886
22670254
63902158
65165044
213801352
398103852
384719820
417311550
276088094
255332578
68087354
345969376
96526128
143181100
284113588
15365898
30694272
193753570
94866724
160170060
129469944
399400244
503079818
7766848
191858292
110338240
12090882
251254900
204850998
11599974
36786
347224490
197351004
102875216
114098256
136566362
343644776
372370798
17610284
60318138
297537722
88428792
319772398
31253444
93041956
12913872
42592210
157896316
107486652
58022058
21564702
417670180
203138016
407274918
19858856
17429574
1362694
40927406
25685810
104774616
316566310
53368782
130638490
273286482
22359308
54049832
371687144
16085094
164356462
14591158
29826984
336342380
64019388
471302564
83944704
44411834
413192444
67989038
2099252
13023944
71001518
563692040
20164406
122239476
16475582
13609134
166641484
329766002
38109302
386168184
21340844
55420932
297533442
238526470
270780174
323443008
113680722
1476202
37902240
353958694
21586212
316515434
145845342
414944708
145500352
7094576
245028498
348455420
140896732
12999942
2924090
629008
192208738
41822698
1299462
285700598
156625658
93969308
30204080
39182554
198955584
465323222
15627250
151305690
267092814
391825960
100035246
27989118
3894412
406218302
410081288
245085660
182710972
47935656
9744918
174935748
158765114
97286164
121998462
512175386
285448602
50193220
406433634
103818414
102955892
14634222
264191014
3661582
76894956
1611652
553599144
207335462
67540002
217194530
30077646
250456258
87991078
411224
170351784
27466962
516340106
559440862
23152158
242425728
246338958
285636282
44768642
443155096
81641888
27394986
255205466
473766300
31413082
353765386
38960314
37965966
248047588
428545874
268350402
207786370
766092
175688104
87104926
13095364
130436368
409325420
20069502
75542586
272204548
84911178
1346962
349889218
133818814
21461896
188154930
561630
221345382
59043896
631444214
410961990
102280344
140169834
400331322
348588232
57650976
281838424
1813836
217959734
133032608
55887374
37187172
347807358
253673856
111122280
183953014
306409758
1756762
339756754
36212314
326072952
4493604
46769758
48491394
452054828
507563110
21158320
440368068
294613922
443158950
142264982
383188598
257286928
18248900
1550898
335996522
180797690
448210898
260644946
380580052
3447088
134453666
268175586
149558356
18228748
319072276
59238794
163834792
129055632
106303180
16512810
2383012
2290568
212838626
40414192
127888538
545807700
290287830
6894042
102675326
41338318
368134120
175133594
133764834
364159240
172598298
104765670
302944210
242086394
6627892
390553384
239136690
173790352
208435910
125476432
369861004
367133462
230782350
266988594
221768886
58922100
8631124
225663442
13008406
136978216
59191266
123846596
96727704
255202970
335123796
307977776
97450884
161331232
272601104
314372796
515365730
615510
448615730
9083438
417780282
349038734
174782978
21472958
152610112
123810100
295302724
116078424
167068916
270700124
125653272
178448640
225358046
13012270
6547266
324244396
13813588
749696
328777184
92772342
200468924
303223944
127769044
517007132
101178104
227577620
215189678
349244588
386959220
240451388
252204264
414175106
11831426
394095872
39179926
37116170
116947082
218178332
34340476
196228044
108058394
91503330
15542574
74610712
63897338
385269982
77687004
168710132
218262502
20435080
14860520
73263008
40442058
114518438
484872934
47124376
196698888
245559164
286709682
50356422
286015974
526012556
32030120
301376742
79618594
62819564
393802406
363860802
350311470
120152536
2244472
71454114
366029530
295337252
377348782
120099852
46173326
456749022
278378186
132837408
47944746
58879216
414082732
168453750
355609672
57323570
12998168
366532650
224467030
126632142
168654504
86266844
319035144
97171246
85691492
110401186
312106778
429069152
2003354
214584198
134358362
270835830
237126250
98752210
194336200
175625924
476685078
116609440
493279698
557000178
267126054
385015686
141422532
378639910
162003190
446267362
92486474
181153034
36065288
84771272
239925786
120709308
123187438
61123322
48972496
498386626
190583484
120718648
148967704
104275416
234541786
137099422
233320516
148932878
317994794
214429186
108365230
400681868
84119578
278472426
186306868
541808194
124028286
19235030
96812448
36114854
265085612
190483686
72047276
102122948
71159508
18762508
320087712
464820922
275414972
169541518
323688164
422512270
28614984
213590380
8218304
157511474
144163856
61013556
15529280
79351712
144527256
62148622
38490862
290752150
44308600
349030024
24316308
236476770
274529260
96009710
426327286
3299798
178373020
39953156
203431026
63516244
90627068
198012912
151343194
347253388
239803522
456033200
328466480
365620856
391215602
374501462
455874006
76468890
180608816
83547510
7369318
410176380
327679314
592329526
34554022
167744472
1506098
34963760
307653348
301770928
199402016
153031820
574360828
139787508
410529592
97569386
5582458
229907300
265247280
69352784
37088122
60395266
267396156
364088664
31927940
6822582
265771682
15180012
330458954
47599380
43199114
439395718
223015290
175934718
4485142
73731192
42955710
37646044
251515536
184161960
12507398
89999588
287452554
195266716
1870596
422964084
210827614
184923018
127844962
97019818
355662588
332177572
32148318
157321200
239186812
218301056
73112204
116482024
174473362
181446014
155605312
112590406
265326750
241383060
176902402
156754080
267087504
102886348
16298032
187057402
504070926
279229936
164621444
302193832
6908014
264328720
33972616
155240034
4009718
455329246
237245358
382398876
502451990
105667058
373154626
60320456
19508518
16405220
41187562
90542612
86007772
226702462
44212342
330534552
435166458
132179978
150097318
15560394
289010012
259667638
4894628
67332884
448273916
327352964
458890932
206973112
338453374
97672460
24299378
32921694
55664446
160364
24513398
46265860
366617296
33206454
181451286
60425392
260223028
54234976
417563752
3969928
458944406
172863246
367419012
6803388
450871388
54815288
171616106
407273198
361305792
232954998
30177992
319958792
58975584
218344522
219737452
15493184
12021238
136420876
374469578
158886244
302759582
343972300
114164810
10690364
23021614
147849110
65545924
80690258
482326356
183616628
452082492
242842756
42707770
600838720
170326872
85919086
256236812
63025458
134757816
41699694
359240856
424672564
360278194
9288996
114332552
135002126
75780638
427420654
85556968
238961280
17026342
11032552
584200234
62708920
323975268
314579180
54105048
207330454
24294850
397825966
124643788
118193858
251577604
130021964
63192498
253570082
300185122
333013078
83120766
3407462
278321698
337338566
450254120
15756880
41443332
196731662
473847242
491060964
376887428
14206552
283369564
74763824
164633510
48258620
135328674
218551600
354422558
57741302
398576712
352999162
25009884
925898
193028412
134559436
383161022
252532082
155144970
51881244
6002922
250854244
10763730
186778034
148070808
440428750
71132150
126233616
301989668
469498382
15147514
77675870
3496374
58533708
12059148
71653526
6589834
506240340
346890164
74382820
233198394
437535734
43526576
103659872
105157490
210969582
53041454
32430414
81932596
188175014
3197332
265082664
14951332
77434564
56117570
289609424
147050694
469555756
279896558
505237826
73155336
253229110
365753120
103812836
89210002
62674464
501508936
1057816
326138228
232247122
577176954
8584980
46681016
442486524
17391734
7353610
389513346
234299490
15928050
190088236
63926912
189737342
172579296
88753554
193811434
35237342
148323336
310977456
338826954
93571948
167816052
215482832
143189552
126671436
465672938
38371788
218391476
401186758
342964838
130025626
13911604
459786158
101851360
44870688
353169828
177563534
483012266
456424824
12331764
146202628
206129880
8040388
149451564
158246476
57143884
192279044
368874796
103746652
233864534
87720788
318001664
420670540
256319226
44272760
100884290
194517676
8572378
10313858
23400180
91349830
137612494
34834522
12050774
185039854
406302374
168967288
60050910
6332708
212338446
196848066
58178
400642894
6164428
149926246
15337782
53984798
201033568
189881982
11878112
221355566
446407108
45537432
199680866
68358430
20682210
333783856
114898758
83397186
109402486
242378278
97969440
251630306
3928992
469227190
306128302
72755332
175878526
408458056
280560
43210
128016040
248724600
42807382
349605508
12391606
79157192
132208128
448062648
7325682
126751476
260616642
19316422
138136596
101812628
371775016
354065484
99615504
306991648
377199156
91373662
8633330
174754052
61721150
216012224
303534930
328221130
89394844
20333688
11661234
447155890
22560040
225848264
308226452
31663396
256831244
101322192
144114000
9005328
14120248
54881542
358015964
35677388
62403522
2593556
1133468
147984324
64721172
70875880
103470532
97393418
382875318
142574406
179889920
101860192
381244150
302684272
3052386
50859822
284823948
155096280
876166
142353866
17401112
144049728
88242994
230042872
454418476
452023228
334672194
340810542
163599856
160599064
32484388
368811228
24417212
3352912
221429966
165920552
185586332
46628918
339412602
15142828
26133308
53629072
13464468
478468996
57918596
19167782
462866268
424079462
62316090
290213474
66565486
3150266
378661768
249376886
383556830
124582102
349432330
46060972
272665808
263210458
66101130
213575878
327179608
210485122
110674630
136419910
115625278
19945688
181933006
63129568
139707156
2364902
16118532
20278880
341689030
266045090
441646694
28070234
384168534
7105732
384467052
473183556
346342156
180815572
20286698
200327764
59127688
127377816
123157386
30906532
160323014
227974352
18949572
242830040
181183472
285705224
405966202
173692898
211830748
349914468
157418636
202282982
451409662
32826946
113708910
83189604
314616572
73983906
5093592
320122984
186769000
314836332
144699948
40903258
54803204
107198146
160078338
398776558
9108628
8666664
379559124
142986468
30167716
221961500
606924
2836222
113290998
275794782
230242008
204030
19112800
136081260
341938080
27679236
463813120
60152460
176699036
41110472
40761108
327764654
83791872
377213588
291330806
177826272
166475744
232736654
354688796
149794430
116492786
75375398
95893202
178185380
368561754
56509062
25049422
7916478
116150448
464437076
23796834
356536182
476656652
313865016
210035150
31165502
6134054
462250846
33883988
63729378
387660888
118728828
292926588
268102106
26703110
278614918
135848858
128659114
258664340
245034028
103264172
86302214
242505648
306784610
228532844
46307594
84100724
507980782
156833536
503714806
4612668
409130594
359829296
296848410
286546240
64325762
261355196
4855574
80532168
194196
131573412
336024914
105392808
311629714
180522158
262097852
4677200
26660276
232006734
198347006
923588
38447872
270612172
590137144
255987324
289105244
60804560
59058148
104542966
70280284
210616242
285197578
158231092
249536700
199319902
199893982
431227642
202724470
194903272
40044836
8344394
46827960
23455582
312130612
147704658
455868700
64022280
272543908
171832554
473287630
112402822
177995224
3450292
217805146
247055508
330958140
289407012
78066938
15375318
421296616
252101620
120115494
54012218
27404670
96097838
35996928
103158950
406836050
6916060
52576640
6955060
108348446
112452140
80422236
224167980
117267240
240150702
285619884
248050372
102292520
47046616
6266066
11888604
35861066
260513836
31899622
94438378
265924096
259762374
177869976
64706510
179369408
250933580
479951638
290917276
85269656
513903492
91092628
83788416
233612998
87043082
225426454
102950280
314655072
102123740
42303402
282969114
132186296
239308802
317047148
188628260
321021664
415174068
155920336
234325130
229055466
224048772
515077144
136395326
488684
4217008
380291990
129141962
165693410
205471984
218856374
7286164
31443482
240806
60586412
373326332
121264872
319237228
63772704
92963958
432790968
515947914
263732588
289027796
278941572
75038024
316777626
439309912
211125284
21737298
392389658
4988738
279975370
211334636
386716158
242965040
21145760
173170296
155914306
340544158
272241628
21124848
68161046
265540388
340906878
84306610
140377226
110250086
61767334
61215046
143116112
2152962
243609998
399696898
83112420
14509678
164461232
225133572
182963898
334562910
70908542
53195498
31111486
317911174
233208512
231848274
177431170
253418808
76958898
96463128
463083322
20125516
89583936
128108834
278846362
373003350
10305112
393170678
293396502
197573060
243881350
363586052
370426102
440014092
433229662
143427422
32587974
511527168
72451200
104145812
325982166
525702998
326479434
81595620
354836768
378983610
3822498
98784234
36298790
285878520
168744848
258393216
298209032
59381084
81480218
437926872
160167166
33900750
1476762
32615630
223559712
361057994
4498500
39064346
345797928
116847796
174870168
5118008
51542924
104044496
48059020
67528310
268531232
226142078
481228510
369305292
33485228
179908156
103665990
63062782
31141982
258755664
39809578
292136804
315571640
173565492
59837248
61915664
88818610
10291548
140243368
160721514
8303306
311471970
16955588
4917128
83821680
13548706
322902044
175214874
243167372
368635828
158696790
46260524
5208090
12868792
166923382
7424620
156683626
452724602
576086200
850078
313270824
75626822
159252354
374831348
3042556
95799080
7483736
206128660
380651424
127295146
42259816
353184500
428205300
264551288
57916424
24541770
275903258
269475582
200199168
414155248
4062150
59724206
64321986
110132280
78925186
113680500
325185538
361379730
93050674
369517636
39014846
105699406
252480798
205419030
355611762
530415162
135323522
66787196
388819140
89431836
157778988
79333240
141689138
132001262
220100448
74263236
438858554
85387424
85891140
259295246
94365594
423997728
67722496
136030638
133805326
84528904
362986996
15544480
217749382
107531082
271982282
77766452
534956216
257151370
184721558
280179582
116264272
390214286
301317076
12734050
303247740
60768472
192958322
287173866
188052292
138452842
315216242
159241560
554908364
374595884
294260574
4115046
57204234
17723674
199781882
140396402
330354280
144027384
316881718
194768596
228740784
235358312
269716788
266142208
16222394
359643148
56990868
214253092
148698264
150337244
91590776
267995442
251142012
387563060
114059814
19934986
382876222
245998428
332859420
236064664
225427754
479912396
19743610
52616760
321395756
140197524
130509698
165354
66275078
333125852
26091090
5642064
558408848
154988336
149304074
21142080
238216662
142107324
23706608
82420428
642114
322726872
137229268
29031316
204457222
174593808
177618990
277986818
483654
35394768
334426506
94142006
282898266
266149258
107996488
147013320
107422844
68064882
69127310
39270302
578084
286735266
209083238
43857218
388328814
452450
52545292
33113360
92118738
228195200
315305622
209000846
283421096
174131302
11487992
179478760
380415180
177630110
17262146
66161402
487600032
98119050
515868074
233865954
104353788
168424750
100094244
223771880
286048406
500504078
155424072
105698564
67828680
675878
358398520
109409524
143199024
438315712
307606516
218062544
59913974
161916364
133607270
351663406
196552740
88807682
40059994
346591094
22093868
366993968
121225708
396328324
91776594
189419762
528936762
608842692
70244702
276060614
316404814
41787312
165864996
76650630
52756656
9131086
32457862
34015770
126245712
128772256
63182850
348252080
458267660
232219328
287334860
25992908
463365144
129285542
43802472
81200122
45989048
67216124
236458762
332565278
233799534
329786994
473367410
8656040
411090874
456973228
68485920
132655690
14989576
342873210
309907590
67436516
63623666
248408086
112234730
302188352
234527796
185196058
47969940
223227010
211870238
116829656
171900048
245858062
513245808
118428592
463144596
44364068
5691156
239151428
264362924
185954964
91140836
324738288
13288342
297878260
149175670
28786440
487613770
190958282
183054614
193335222
591277582
152848136
16064456
395335862
419745960
173399804
218373630
193940626
2979476
5868906
29390160
249678578
333559772
539814396
38541434
46512466
440921182
302885022
72319086
1865424
111168362
20914002
309379780
68375466
73074228
40118604
86341830
188942634
55806146
181158402
233527654
351807970
2275800
225032004
125939660
506993652
179440104
251474322
453791096
8102418
169887542
328656132
181820578
33709708
164559304
98105996
24611822
317452368
197330314
37023746
422443086
243791632
42683382
149527598
423291988
150961124
79434826
1877176
313661484
571927362
39248422
224911070
7032190
34977592
202824002
23903524
46310166
24962388
185716294
237069112
45971726
106524672
154124642
106567410
279509518
33711070
1175584
39963024
27929580
52924998
23220152
353702922
549778960
2430498
162475858
34788688
117556072
441721788
111285808
6888378
79867668
238996840
12786788
236429870
231174
45297556
902
111207242
588302254
105254956
64347716
328701774
45790320
210798924
188238980
315663460
86677048
373464980
94271500
113741128
15439842
341843086
153414510
240856046
180346044
62702426
437828128
28383372
170516866
399043870
108618196
145267574
79145430
89581032
155587866
161967470
195090928
196886762
17389008
17300606
5591764
1915952
206384266
463549194
47458456
284164158
465643572
4567910
46505700
37300388
270079856
377941210
250954286
5482196
180275886
374958958
94246924
295908688
132757626
140394824
18710476
69656940
400702528
278164756
423788194
93836696
167962066
184257832
997852
302983168
105252936
226754788
2351802
135023796
194533580
281150624
281291162
290634998
30244898
10533454
127397998
247903768
258593752
112970362
13817348
337063178
54715806
16718966
475501524
266939084
122786926
98449272
103960140
199634674
3024910
266902928
278974702
150991236
379665936
10029626
221838206
142324242
308689070
248491422
22627530
4142700
151909022
244280262
17395240
302155776
257430952
350540298
25284330
376108
303044122
173707034
46877334
73307102
97142342
26640280
7618538
62821222
313135758
5380606
477143100
270895126
513242730
173116974
250823144
65900168
452546068
256587784
22803018
91899554
5577756
263470670
311532594
87258438
86479724
16110974
238671546
586230
177788700
4263296
251589400
126153442
316636786
263308650
35143236
233975306
107373174
75905914
222737026
95437912
252941954
206753414
173345288
179151124
70597524
298640548
149962256
307993446
34765028
84364122
76896012
16348882
141319530
73015356
226688480
41194126
380744518
46005862
99093862
87042618
35389500
176222372
85898726
423692654
356960970
346471052
86476612
372752752
13187116
53250618
12932348
458393856
353874846
509469164
408537636
45543124
24462870
94807208
195316842
260293748
88657532
403708548
144361716
50424512
255436404
204451086
371537388
112421156
83031456
42052460
82106760
116358434
481856870
265022676
88699384
369392334
10362346
52013900
295358982
198324758
441390480
520963594
144633160
31482740
161973666
249318246
3303342
168440838
9226014
496667386
99712320
236108944
324505314
14484686
130642166
170782782
121399292
264074530
24343878
430423678
99802824
197195238
33801616
234167776
289657516
138770854
149375878
106748868
226728822
386145170
199853618
129372590
607042
192207896
352621948
47536084
247516966
4989156
69887174
12726
219683466
2323578
278820114
67549796
366742042
314472086
37623130
6191452
124200606
8112388
186888224
100361812
504371340
268145706
20251414
278472506
234208208
22082
50305710
100067802
33297766
249025990
25204098
13322750
33444102
47087180
493030
168597730
364196202
208259932
244231410
134797002
287749736
15606140
271629442
51615572
88902464
90359932
100515610
169382646
80569966
69319038
912684
26670440
359734
84004000
168569634
29011560
26139554
95770492
480446182
106249204
170966182
29991958
690360
85839024
67195296
245176924
91385112
58984200
253538190
212066356
23309742
269814498
3772596
24748284
26286982
80063228
441864180
31796810
12705668
269754096
942942
330245512
69830478
486458866
224388706
66333672
145355778
99953456
157891710
329093380
235460788
263035228
23841962
15768682
119307930
1900912
4136676
55298314
383983958
193001280
274413168
247034638
68026388
7169918
65178796
30199994
164459900
42071330
273038006
296826364
260102686
125932760
474558248
97323268
140618752
322421012
188772062
182396
219287414
198479654
158490418
110856342
367060330
161039218
306414514
62728120
78544902
217372936
383830816
9811780
162495708
343100564
389615918
205716760
217478170
324343674
158856406
170831912
11848404
38852376
304185200
189469668
5374576
294668662
475659150
319001020
100450
93577118
174080202
83778918
230267800
155648152
217918890
509017626
163579494
47179870
327474706
18964098
329091314
262771112
353081066
41100496
27656600
431631436
38175592
234673172
6682774
479927954
450886040
382918118
233799410
288970120
68357544
21629552
68651360
119367176
370450298
94900286
71768606
208443436
2618284
92637812
350323436
481638446
501474616
398519040
12098558
29045504
109915012
7567840
326679068
160774758
64945254
32235046
23909642
7256932
10055636
7699248
237772972
107599674
90906080
266857542
6624360
425013146
4456042
153355294
46117124
9546812
405635580
106858780
347969638
57089874
328986392
136352960
205281944
248706614
314321712
243804376
179678456
67762032
36880572
206924640
244688984
308163656
376770026
31053994
9222930
83694958
117398794
61225100
43620822
503632652
246670444
171797560
25580824
7161310
27560592
24111094
25340048
116835620
188488680
172647922
14269090
50180716
14076426
62626364
299530292
240133570
250178258
10096118
57824698
386668110
3858304
424988484
60689806
71948142
41188482
367922806
371525120
304723570
187999706
151767732
197664866
252051194
16676150
25002416
489359888
260205102
291005534
255575760
290375440
277036206
102732142
70584024
250769906
2077600
324771070
89001586
139051212
97877914
4451754
359680826
8228518
221511768
221874138
429631192
160540732
175581396
101287118
34318260
331891978
471260732
34984408
101246356
729734
111886814
308217794
10307618
377779540
133128982
9610926
380080820
165626454
48891416
349576084
6238716
36771034
214349888
34831322
36893040
335915194
201181502
36427842
195475996
5835388
134658650
478109210
1914406
348466072
39900008
125991752
4947756
27975232
482945238
303744034
179750198
192887804
128432428
152669204
490047956
271031506
99628786
136650064
131194730
224763294
108430704
244019320
379638492
276703356
115489400
121845298
196096844
815544
429695878
331245240
434908348
74743880
83253974
62650638
210330880
441803142
15983414
11372584
17540222
40511564
181259336
359828974
176373796
97476098
442470950
58815528
93094296
70538178
181141058
16910518
279336672
241589520
252079146
29090326
36296390
500402780
87454550
41266284
567006304
20808948
377320924
71369472
163198004
545077548
33447924
166682350
90898454
111164862
116491082
516531886
34466652
43528618
468982106
299563576
6525814
335759760
467074584
350384676
69875562
5220800
121076492
505091600
16464424
151820176
41432064
34367342
4087994
211159690
392911546
130645284
90119690
100296236
465939826
327008148
571840196
318973666
310977756
498976362
296512020
7553262
9981016
91587486
244921820
12716660
358877712
3528956
451801056
192031648
152800788
54136482
164138212
32638370
254635152
361655942
145676862
52408472
447769482
305008944
104415434
101377502
15726914
302503476
52169692
388580644
956052
142521722
35252916
234709976
148638326
77662856
215082584
67086630
187534726
119123960
89909330
58972880
229205018
124382980
5313076
156897410
371545576
210499802
134933178
306055454
39654112
223944906
399609778
256067238
482622298
81945626
399601992
202352242
469399866
59220970
361910332
290913306
219924038
423501472
318764998
226716348
6104458
329941324
2363242
377832814
124338374
196977210
1312684
99689920
262012128
4549690
98703046
22308790
563590770
335126
117507458
173562058
31721798
3962644
200410422
49641042
83779706
55423734
71898696
330381578
269461056
8324060
135223668
49096934
270083374
131710748
249898946
11776556
159886218
9492148
6417564
325745114
59885816
49166146
114959186
124710724
502433068
71384444
341179114
125303050
146996450
46559092
275843928
24564082
279833136
30240
97326946
98090282
239989304
914078
165702580
409919288
319065514
187509100
260436052
219931750
359226348
72964336
14572730
23305852
266095160
17987666
30300766
62392130
330919750
393407440
203685234
108372330
107345426
53737454
358493530
249689980
7458392
221869536
161138136
137308640
276359240
576306212
2381994
286427128
133282890
245468492
93906196
3082818
35745508
204617082
24632132
134097814
323853942
81722312
374129196
320196402
10433604
152370712
5841876
17867608
264330508
50108814
259661494
19853202
90589802
416817104
302991710
67685726
305520898
128210720
22717724
80112356
402803834
61877304
6992030
79845564
236884592
320091946
258755936
80182594
7165018
238345028
439972198
334223626
399121770
4854972
30558668
3702842
170057688
418302
299454632
21954172
3453310
12351896
206543500
175276490
24331326
359008374
107360138
73121896
478569106
4049550
228136252
39098412
159323374
329260358
346715886
178034462
487635154
39615354
497888970
268829154
155685158
2716294
133552662
309861660
432609352
763076
347045550
528359402
36071776
81688108
46972696
268152738
162436510
80912240
168180794
54147888
148274696
344288280
242441558
77052
330416048
265322496
126966556
178588982
333329196
320294370
91922990
85972138
3656160
319404054
31256334
48330934
323895462
237407594
324094010
341299542
255320528
210642020
296956240
326245930
162200012
107478908
393444046
5675452
459928538
195256108
59596352
92318782
2205626
384925124
41431010
159388108
87487212
11110866
141727044
6728206
323224890
64928844
37282298
17551564
274945236
327032888
247271234
48500480
32381102
213766790
20114424
292589544
224945970
250671138
72753274
87123594
333960522
1816110
73443664
27997062
182348230
8688218
301079718
178863076
253883728
138800180
6153170
331112040
393902986
462632816
488967010
1880556
38894566
193967202
32444564
521189188
38662690
20892262
306891738
25818120
331014066
40314344
323723560
87666386
204746580
10636708
6839820
20956342
47950516
218557266
285540444
345152418
164827538
427934236
291191854
163973866
274280208
19063818
85027632
423056086
300437674
324205694
353987010
83387004
398582058
221963698
189144964
12269930
112825170
341846418
16843338
24571672
375559308
57676212
333069682
215516446
51096702
11785596
65841758
109537338
17605140
346584626
499748058
414018984
145575828
356139468
18051574
75332998
468609736
274846132
26785468
372508734
323622880
432906316
18511420
497253780
232557758
167441994
214057224
33626506
4557958
169521506
269505528
415846334
236351380
504908098
83489692
230262210
156441080
215143692
93645406
10844270
187027982
119677072
215711314
213481980
336383684
36444328
80257552
342974340
39461326
231594190
183310
392970920
361916902
65353410
441855016
399538342
18557892
7190776
60897332
183942548
154326930
167652176
380821166
152053800
106899750
53687986
17135510
384605200
11888628
157490420
105755828
385837284
100367904
99451462
114032492
26028946
496681296
5075376
67146876
114101020
30920056
10354378
57670436
228069350
66806630
132563828
59565452
69700420
94381434
244325630
16636826
164571960
1818962
6319318
195697074
339961346
448899762
172289368
196800030
135108154
64300594
855142
100791652
281248934
144265682
147301378
258971570
55972432
41622224
117687714
101628574
566445032
505082254
67850068
460118030
23136622
468181092
113015116
114292462
99990136
145175376
560685116
14672974
250228756
108063556
127966546
96280738
64442492
347750252
272907898
80672896
384304408
39567872
301455950
250200190
32704510
167576
274944860
43197826
22302986
148135298
46622520
48779936
37926058
505342226
417824518
95479054
336764376
9988454
216985042
154737716
62164500
227417068
90579146
530624586
432124220
246571778
275069222
92070276
91156788
197987534
449120672
157511802
19432358
141245030
396202062
48020960
299433900
273025460
12827284
48329734
421224692
29153952
249082050
5062124
322336482
102469688
60247932
2592676
233905398
19032706
160972870
65328526
205670882
38072918
491601368
350922662
259085376
441634590
68418836
87918544
257657380
24339038
95901848
454403790
131254904
123817638
49360980
539249976
90559464
4127544
137901860
286072542
178725150
33026420
393448082
227878584
16313982
153524694
130509218
129019488
69189836
80321494
598952972
21857448
52868148
73395410
343879604
28763068
122627634
341031580
550885960
81585732
193332516
75489914
20155974
261310778
86934352
63174340
189823062
108342778
255678414
9945384
227671656
8903540
148633024
120941540
123816384
132180620
252781970
119934300
130305484
340140800
1392632
372968
24592384
105073992
343490446
420484
422292866
75866
533155320
134345460
334375570
55624018
102151940
137024580
494656830
20657366
1691796
236399690
478622456
6354838
280490134
76430150
125620746
15120036
417484844
61618956
358902938
115517418
36133908
382104032
8587800
37981502
90767920
8884264
47348360
37571416
307370628
355935968
99565966
16279758
167599656
244349130
282446150
98090176
156298344
11429844
2314092
268558006
90460552
322001090
1253396
133044120
96881656
188351476
220813966
142788108
55826450
321578486
97230520
405002154
181123086
653574
483678
257312556
456705638
339483530
72450146
140745456
4724168
93364948
44568372
326430424
290050426
170305932
214511370
28278136
121823130
76262604
51770864
398871858
232875096
59821714
40591166
17839436
19117462
265603862
21043866
457403328
372943472
42928512
39288202
266684420
83177470
204055960
529275258
74937918
235148596
27166836
414793910
35069712
215580052
140991604
40793342
476987602
45857262
130925758
208254938
549771090
220037686
67863836
356774560
37768792
84154270
211686366
65798022
78944128
31099166
270413476
415395816
385591456
164374266
156369040
11200844
263353216
793004
19510906
170040522
511089130
2348806
350507442
238748784
13224706
163991594
44289370
5242950
77758108
325747354
157662088
134106440
22470356
323549738
299446824
120543810
203589412
73240876
14185726
249304802
233457058
140762842
93712598
145400396
144187080
124660686
33537152
68995016
346254190
5711700
118684116
323500012
132892732
349651616
26867844
427148348
195131748
169772648
91005752
328926804
14731648
108068
170622174
179682404
198123012
379874964
1905382
421547092
401894502
221632232
146292016
200531636
254436838
35171354
50156960
306708502
8243884
207879896
32234696
160586764
20639890
255811442
543390836
114290422
8588490
695744
336374480
161173270
15341542
16820214
98912702
519179096
236466120
7626358
181319808
153192344
86766608
390312654
217376692
68270770
206525398
306882762
318097460
29301024
225229248
295109932
171446550
108377826
78692984
96783808
79291836
62033172
223808832
442223346
214576426
33271528
298530
10330446
1008910
436246520
317663080
53344596
121485016
312648054
137008222
31586214
155197842
26317210
1457058
141078002
222128856
124536902
103018712
10501060
223116746
414747006
51681556
165121882
205012206
264525806
3786498
101251452
239198822
396424714
121613402
37397310
349203122
472042632
307050484
41820690
213082938
40857596
487933352
285879452
149855792
131056404
179906672
30992150
48130192
91928874
614044
43686622
108345976
37895756
227995854
396978724
108390920
115098632
438751600
141117180
235549402
3992516
912472
270973836
382087248
419280740
33614288
18693712
415108744
137320748
265416172
306615410
500296700
80321530
9811346
312572392
267577860
374987184
273437026
41845038
195151424
415054422
228818480
183142328
69869370
609644964
55266984
37006734
48085460
134194236
402552822
92033812
77078268
318796050
260280554
281036998
402193110
74278728
184836518
22572790
103011798
353848852
109737936
379954482
11122980
155230
80900410
382122806
13604268
74964128
430054348
245264
54666
4271666
126641174
323551386
1734946
80298722
228345728
252351750
124697148
232099210
226186782
188230206
403673224
64976942
52789006
75925710
378504872
30822058
66692480
253503854
206805496
240387534
121836710
277661532
13975830
454970
216171018
63568590
32652768
283336502
396617362
18541204
8726056
280857716
424388804
276070652
402615800
459780530
172356446
50660076
478001426
411285712
58372416
85347502
386396338
404411732
417395640
77418412
377442684
128717282
5961712
274760562
23743246
247503038
404879306
89452200
3806530
111918028
172696648
479061458
147436628
302331348
357742076
17162860
106701480
215555666
413029528
260787534
106618040
78114084
359284500
4140744
146388176
182337176
279421164
110925214
8411510
310427634
264623236
330973450
139606178
315358038
79305692
357556340
252475958
3472084
111554816
366974202
81000740
338400152
208096922
141846534
113602466
63293294
11888872
4004740
305389278
114058254
450630172
1599196
375645878
264407816
110749022
312859072
6654972
82570372
166481834
14138828
54331438
187840432
294701662
273856454
24701286
50303652
167111144
26485580
116234354
68228750
57166648
548258722
28739968
415829964
59420772
14847450
114386096
174897028
246545948
25273824
31070
5477308
3615190
159879984
153268886
200511128
4426584
272739970
44413142
31341152
178703546
63461270
141419594
178851556
125906610
234466196
33136122
344425824
64094696
47361768
187899314
385189034
2559956
416998096
270821786
346947690
117954288
155478636
300837524
311368802
215474260
227025192
357756370
182085916
428357684
337202160
137096084
425426410
344074288
303594244
182028746
100096390
75428192
421956706
334157584
14049546
146662170
7895320
406332408
186801538
51357446
209407770
339038260
470097182
127798296
94594524
430998
55180938
286731448
513224708
292876526
391712674
122628498
20798076
178669460
217427496
177973976
34564522
200653308
266041858
455199168
313704180
273432552
319308902
74263472
340161778
155235934
145835958
251452818
312684144
289294496
245594230
268770100
408111776
266368242
309271586
494671958
39044916
82173706
74077924
163271956
223770682
144916568
267533434
142333030
583005884
377288762
11003772
262146906
54335446
385729488
116382008
73210518
335564726
55085874
119511434
31774216
57913920
219405744
10146270
63473612
122451796
71217848
280097076
2608870
51675476
46732104
167416596
47747122
4359296
171170504
467792826
134417594
458896502
42310810
8062284
524990480
78653442
13321848
491349902
110083060
117455874
84400612
181190004
11407910
57100096
3740946
320398
266515962
178168968
135197310
12434490
32230548
88369024
199129288
423191562
308402872
356807440
179671200
123000066
159205308
345816
443063548
474726700
491840298
470104800
114359208
31543320
166528506
477755204
11640674
41681698
408361664
30973626
207933280
12043470
321100798
37054508
172307524
323187920
204185596
139174500
154107538
254803646
379876656
106281632
348843170
10076924
154792746
135110808
2014124
120135538
329348974
239110568
301229834
190371050
244745992
226847954
244606950
126159740
278515432
257340702
165264942
11852202
281921636
334098754
252769610
13872764
3277448
290479430
143453078
438641236
222003998
316141666
122304096
46921380
65747138
186007888
116017992
151252516
113781030
11674522
289979682
237711684
204096868
174393108
324834420
213084398
96161800
253635870
162918384
48931980
33222478
399584478
140973464
298779676
163736190
498817840
295193092
48448058
285555104
124673220
46544686
46703972
237751998
176184954
2117460
358817374
2689856
67843984
83239696
312699060
46028712
276415732
396575730
362240862
61743700
31410396
206408972
1760426
15727698
25009636
445254320
24623328
125891590
142934248
48368152
9368116
310022498
150362044
358351828
27975504
101320944
10645756
44728322
5958534
64208134
61946452
71727604
313294858
27643258
15387684
17755544
6956862
593299864
204286472
46201124
13037028
10835490
13061758
285627044
183487062
179688736
159029390
68962856
120604166
280753792
244828570
47673496
167779566
368992100
323528428
205776204
447732516
71930520
46553658
5138450
283076336
76401896
73434722
27617218
7294926
342902130
218280012
238887900
87177110
83022082
385777620
241954034
251090414
86282298
112730058
5284420
94724398
371186170
288029892
149271586
277886158
350215668
217614296
349348628
52322244
152956656
196926410
468562696
4789776
136375156
272980530
445091804
292571744
87304666
410851272
252309064
242391108
204026306
1444730
147270622
442312068
54931902
98334
611659068
287767534
131741014
110606644
417416930
190201170
228535248
474927222
262813972
46160628
281126730
339779428
265376956
103311864
108839700
187972658
1215644
203337292
245440550
506554052
10041272
48890354
73636702
394072464
22129076
101711316
2470582
43695992
136810422
89722332
439126252
110886238
30699370
88836338
230302814
166771052
145147234
471021898
234207526
46569376
8128408
66817856
127179670
145703048
32742092
111603974
48818864
478483328
298716906
106710332
142536370
203677350
292160694
88715510
386000408
112776332
293713424
11028268
2274598
164748288
147142724
46055978
284737684
57096190
8632234
280096036
110467454
4331728
14108274
426500154
126176434
61456286
4897332
17456976
178675056
497528682
50639982
252807054
211844760
50444512
245999980
8894850
226508044
1233904
73952220
393927410
25929850
99063428
189414
57033680
334220812
522860172
109921230
111836496
283056506
362984252
34986826
443428006
58854748
37209448
71377420
146922638
459621172
33923412
5191838
3865682
221453956
325764944
779260
421085700
71590108
11063474
48305814
331360542
16051350
71174678
451784758
18998908
245980356
422128934
5755398
102878388
247605324
96892698
62677824
335719478
120601190
223150600
20629266
199338168
302324134
220376432
68044036
22582916
279949490
49466628
134191262
336225736
182643406
320340956
135656194
97688834
2980826
42317528
157672120
436321092
426021644
331696050
51929052
357337230
241046104
27609916
44049290
341632166
253069618
311855416
59354486
239313092
47390738
178598786
14021520
189564478
213720550
10290296
74684622
4097866
85323370
456778
266349878
229184324
301055980
18154526
140746
158732334
572153162
149000880
270675658
257376304
151967700
277530482
147590130
300628728
243342114
301617866
326470416
377646292
119743652
78617402
44280290
54659640
276421336
311213006
139061452
8381446
162988902
18207762
79541120
521426536
331058404
9414918
80212562
88680956
45227074
177190098
140584
393990208
106809418
2189244
3346012
22338696
74462350
19218430
258484572
333512400
60807058
2369920
43894242
318051110
236764124
399589602
276234154
170866122
126039734
95330638
173431054
516928236
450317344
183035202
65334270
72707918
190874388
505569322
485625504
62803064
5654660
344094456
7850646
152553728
39194812
271591000
313176798
68600404
67957084
193998008
508400156
109092868
10675646
266906394
496689048
110373670
20526250
6682868
47909916
151503922
2065868
182905492
199797314
164517898
96794044
182159616
442748138
146143480
200563272
57933930
243480098
168965336
326767132
334221194
410271754
274918818
420036590
267178504
217187256
151705652
174592986
379410
444553570
3065718
343294438
522960568
174688
21703288
152368554
111998
23202362
67742908
189229106
8609300
97618946
1555402
69294812
29826484
203789484
257667490
471007580
172570086
1568616
205875410
324254192
37864108
28881538
127513222
295034054
293231376
389128920
243740246
163500342
174750728
291731622
353286648
65866442
321421678
245044922
12855816
140927642
308400774
307354914
193854050
219112202
328862812
106336890
440636004
105087516
88010022
84252922
66386726
197698066
215842346
22573930
356228322
346082294
144266996
106776254
80478510
526026656
63507832
66019372
61048776
370251494
195051838
25826324
78965676
164889590
41688662
18494962
256752862
193400374
167012268
133604018
114671126
28339998
318614
5289534
534731792
40103724
108401184
333739562
32959340
144318850
101624070
170579274
358436290
262114974
494349674
463329548
103429518
113748740
248396218
217954618
183919734
174260138
10139094
88254884
186556290
261575392
185207490
157612692
286881310
388291790
327662986
130357734
113805628
23188262
128785594
226152328
286692024
148942708
283353256
39214106
175150438
36259396
179437890
1092350
398804248
276837466
5733094
258881916
296656606
342826550
162611830
258968124
91537818
92272104
131210994
159673042
88830824
313313710
541596908
399127506
39609240
341247242
32501944
14950472
215025988
106205540
9555828
4421516
88692806
6442132
228380728
20235418
407318174
45607234
617554
413490326
121834138
6149482
6715150
7351700
61762682
1498436
18151960
75895698
39281966
156488704
63442852
217113106
190582102
593182800
187359288
396971898
342324320
211976
213916206
205286346
92515472
35795272
192456260
3472858
37974010
186309626
182947878
464392314
211522410
153058836
1040748
236624396
76848616
159974398
258745516
88398502
375017734
151301348
63627448
30007502
119434096
294167870
31350006
88838694
8739516
236224934
207790826
71156118
19565330
29473828
15589500
120155230
132005154
17654708
34744696
51864334
7108484
199647948
271993144
16370194
356744516
187497612
18267240
172764640
58089072
38224040
312601498
238817290
104956756
373727502
6792406
143934634
340267202
165842680
262360014
449135918
413199822
28730300
45515576
364537924
162795400
265366336
191598994
277078746
115601096
286605288
41888982
261932420
6378292
246215110
19135486
22865674
55569058
14405322
1250778
247112306
338799798
262431318
131658646
50869140
139183512
132043366
351997226
41009974
419164050
22259546
163301708
333229130
422593314
214951420
346538306
12389516
215831822
341973844
75562716
350571696
132449120
225743356
14832466
260733456
13313542
97360488
87523930
350064568
562140972
41526674
371464900
235882586
3888368
195981622
197753278
238722972
398700788
550796002
341176318
6762018
247851738
232611652
519156098
20390550
31652336
48248468
315374190
437111438
128157602
303883352
55545266
143921386
81657462
294177268
504974542
127262294
447113362
398523162
99227180
122497426
464057192
132402312
14322372
129750764
151568812
217369052
148949470
78555844
245032822
214462938
217187242
15397112
237197990
134774978
369365946
403636380
240368422
199759936
50102812
441714022
17597900
65405888
33308926
411659200
361674502
215012836
102908696
148010808
113367850
343850214
302360916
33765150
451816808
120991930
488295880
374672156
271178088
169855224
304221636
2698340
398672994
170598070
489929876
171546664
418042326
47345494
443921874
132864600
520245350
39883786
376516894
66836892
256898620
290625446
261783844
390984638
52977704
40145056
784200
291099750
136220764
35045482
24742992
484622468
49656572
210961008
48215902
286863098
71906946
455929442
162568486
96644082
198946
345201798
169983180
12793144
174922026
381449802
45181274
493660562
146646508
88000696
276243216
179802220
91451592
257791394
106710532
99754636
261415756
36629570
374011680
278505898
185836198
561502288
3463100
395677244
266858678
292490932
89744194
339556962
18963058
43942
9225384
23174798
114173872
308169204
52197280
313998884
332529260
280022562
192733850
128953572
354838642
360947016
200500496
71365206
49918982
125690440
274458442
31083340
11594144
91773158
183844286
103624626
115292890
381876538
142639418
325910454
1040014
190000776
292239210
111213034
20338576
184606688
171759546
168533870
2452090
414661396
448905004
121410480
221986840
488546002
446020944
9318534
72846676
86273186
270694
245274986
13641720
222350566
150285430
465660384
76724894
332264132
1247018
48156942
305348340
337529130
295414398
108001184
259917694
481205726
423622922
258476650
106795456
495899736
145286042
181419176
100811302
19014872
82334126
213141550
304986170
158418014
23919890
263089002
438517984
94797198
230422064
336351098
42281286
407432084
292378046
176708444
47991886
395171120
260411288
292573580
71315958
43644748
42859598
21719990
110731736
36344716
204436140
281041540
2248580
8754402
256877160
41318114
286719878
213974802
360394370
198881268
328380
34493804
37158530
125910710
200322634
191555832
107861462
4977854
571154312
64643304
339596582
242533042
622726126
189137074
287311406
27624886
35790820
256387302
90239926
2129334
29818506
155989086
346249766
88928610
86797940
20564294
128544396
92848638
1132584
7151818
331641466
25155130
2243968
22688786
142280376
381243030
224491772
23622276
62621936
29039196
180239304
388317204
72625830
86938054
146050708
173191238
1606686
196440256
478779578
68699576
16723658
74160204
330759966
315842040
277330
271073036
140454522
160777928
19562842
366621682
66891410
70675590
10480060
81424478
143307096
103122382
61242974
2850714
64821574
25382610
501076306
124205266
398602736
349665896
150538842
80505884
1538390
75059552
292701344
458846338
160164194
217649788
25503780
3491000
147648396
160320552
453014852
403218828
471205636
59336564
334756846
178908710
274615698
65721038
7188538
317712896
168883404
455279276
8662116
37544282
291813978
296354394
363668804
436059390
237237576
249595352
8990
195664086
16909010
50209880
160248722
118895464
171706950
136044602
113116918
20449348
51994530
288169160
156981326
143169926
63493050
228064748
41260188
244406
94605384
57984946
142387340
26160282
58664152
53247034
217182320
274531396
406042302
193375446
7155068
348184432
82538760
8625616
248605372
326100784
15097964
84989036
15433818
413852430
278595012
134735502
129345766
18351928
108919236
196848142
87116334
98397716
123252624
4979070
516424
109943560
2613502
223245196
64022684
312960614
285771842
11483242
31876526
432985984
45748228
22376076
348746774
10840782
106974694
343977116
107030174
280758086
235686546
250621902
180672656
11832942
208605114
176024308
88995648
149942972
274268760
777926
90515350
574823776
546760676
439410434
225041934
70125928
3683932
9359340
358547872
38779672
261401646
229490192
333350782
352791720
151994008
391720162
50604900
154482
1452278
97711636
77714194
146773576
406603198
18092350
107073832
124310202
323389566
216607688
496965924
36780760
522459168
149483406
34987384
447850
166113922
12724636
218693674
34355716
261853742
1333590
276057108
275985362
395879994
107998906
109734962
296573738
104260960
38611050
43584024
59470034
203220
290893520
70786976
66428652
347359700
274382452
97122134
597472970
11560164
79424508
297374784
175686574
510034942
338943070
79401912
309043136
400904
292571922
123471260
534013918
51508904
67923888
213149146
83239442
77461738
261997986
223743682
219270796
56857126
874442
216566858
6509954
35357198
102249848
248692540
81920934
50447356
135136386
2623156
291023492
38132660
75934244
212960440
378566058
194953208
13882204
195147360
43148766
578087454
12548080
195060130
421299402
604976414
9084882
56561888
122103230
234835690
197716948
292185848
176470692
8007084
131059102
9822602
68695206
229761608
54771234
213333852
2049046
52693136
251201162
24757244
351686554
370852426
12158716
119604472
93140578
149989208
251988772
147129702
69949548
198119196
91776530
41207282
189155480
86732846
314172670
371450614
109512956
173164794
177549918
4134856
401971216
140080744
403821486
39705164
267113350
254821444
296050350
283416382
16484706
1505634
316095870
479251108
178692488
153701294
452996464
315591568
19136288
233347970
88302920
119767412
481479054
26762510
410198948
13060446
145862988
85293376
369589802
137848640
233971886
305118626
299656088
140200
18719298
203617500
50871840
88067724
42017676
293566360
54634830
182375290
247660442
75653084
76466406
338858568
63719956
463990412
254559190
417120540
381342592
88002772
40670040
86630056
523167698
32208274
215159480
123776354
96113756
243106982
279578168
158748820
44769896
528225456
154547808
40330906
371622986
97684878
213631358
74266384
225919896
421323594
53536058
408544172
207080944
108001042
281660322
50707328
379971442
39129998
102444452
169949994
11338364
353672224
19204696
102088524
25856038
25130072
13611246
441249050
17470698
117872018
118862292
168209480
245813924
28155206
317175672
337215224
155300886
450927112
289094146
363491420
41271048
7374914
48290358
433681720
133429670
27366848
170040116
37179624
51059714
164191702
215730940
156499544
319987606
141663588
46136928
111530
277588
11790402
67480020
180416720
422189070
2579862
221537656
79514142
368026808
184048128
30372480
18185652
401479094
101487268
266522412
391669846
61696242
298439006
355754674
203606648
245056252
1999524
37952464
187849768
23042548
13431068
156961776
53741714
163640070
303399130
85431852
88141170
241774492
21034728
2443348
255030428
66393888
313921596
176532824
531246710
398269132
129448120
424874484
335906084
46976270
9950122
428696636
25650740
82862792
342224758
464629668
15831454
133192146
383377404
252782928
48261554
291048126
211601094
399572690
92989326
409113830
446327376
119933594
108802466
13748174
22817156
16856910
116346798
38373966
92015624
521009746
191740628
241784768
348679422
102344874
58116458
2736360
98119068
90694624
15063818
5995672
259065142
71760872
319513050
2672148
238528470
461695756
35857424
8719252
100915266
332661634
3441902
203761288
205429704
292549202
65190968
287482652
351388762
239015272
31995932
355272068
74194504
187379308
219184698
53676246
16866240
2694202
163806984
146004
17793832
1910144
238102994
99973292
292908326
118078000
230646690
254560156
127908830
178655292
377702
3241756
76641962
227412582
278490986
47724834
186214726
475879066
38933248
170101546
538712
448359676
15418024
78209476
235472966
414853230
123585710
58036180
273843940
42778944
64072646
80932508
226741132
334249430
21196802
6018458
76813368
368002724
440125328
40084688
1782152
317481252
10708798
245634630
187800200
308645494
26034390
92694454
400506324
436788044
173965256
18016386
617713548
122829090
24804740
166272778
5160724
401374822
30757056
298291912
158135932
26890536
56902546
142789676
3503642
127994334
159014044
187438906
97456204
230097634
62727528
412793346
274060832
348480448
60539378
63151820
245244186
99620682
163109746
166410482
8290752
215524328
260593122
13974
271802708
165474014
440191880
257146282
20956962
145149154
80830510
17128654
253072182
190268530
315263636
140412276
196473628
42881354
398666574
340347320
157165468
134795756
351582760
69427046
248882490
390448406
88667110
263045690
302903812
248059260
176845512
426497044
261133604
10723254
274132780
379662896
103234588
170077064
39772262
230259452
520010188
77172838
214523400
130277582
18661388
212674462
54498850
105484826
209380920
5681882
289532818
69524432
68901454
203107520
446923616
292505600
54748620
72811666
124430044
308228730
252128348
25545182
510701548
505057672
5241964
8701136
314129196
89373386
374523144
53426926
244105842
177183048
180231570
165057162
43952004
6974478
38535046
209862518
241480774
116714210
232001912
211548084
66822872
77786264
80775528
61947274
329791080
4350302
413294468
129223892
258410874
163608190
305218670
1762584
128117554
437442740
147522106
199940044
299000670
510077222
980722
25643388
351485822
256783218
200544990
33239648
170611378
9833382
569392840
6433472
275996194
405211164
204715302
326064322
234642342
107566634
200075482
148908346
181487658
353119656
1335462
53047472
54437144
36884328
294013858
196711034
391487938
499287842
153697430
416944372
2401674
18038936
149036704
270941732
135592576
287970800
545146328
1706158
212332734
125602456
31273332
67969520
41959594
143078052
116533010
6107948
56487792
74620504
4348
13289376
298531598
44379142
194209722
16940948
312117096
286611986
298056384
51024364
19163392
264587108
215839194
160056212
308911518
42160152
54965486
478494358
511484654
63976252
282223406
27334666
122920084
283028370
45880572
417468530
5644306
524774
179106464
411549594
292176806
51574336
317653642
32371728
2362786
233467348
347242562
134521860
6010176
203236980
122286458
328639312
131670980
517449596
4908034
49881312
228421366
344845098
337545592
355772386
442971510
326697002
18683394
152949594
462934784
267456038
234338596
384710848
62426256
52409296
1551578
94856836
2114894
287457416
395023458
81478152
46794854
101523856
188520862
42003446
135466006
158816624
140604490
128539568
17283146
197825906
491115042
73170770
2432638
1656670
383994204
98199262
115085330
155721316
82431342
66142738
12228858
75853862
365971288
84035236
91482530
320159144
180680588
14678248
272534236
92692644
19510048
89045486
363594676
24365090
42838752
77457730
362607300
22623092
241450278
208333966
298133476
72651126
205311216
126031348
57065108
271540276
175913122
71762360
314789664
95732128
10223998
283675064
110855234
380760074
16129804
356658768
247566616
153826910
20556306
34570
278846886
370883392
49554518
18384672
171007110
106396984
84074542
490043416
116460146
27995862
1415926
255298388
34723514
517675506
248369318
329954814
328678388
9650710
251540730
318154070
114065278
23484800
16091834
194889414
84964954
101309808
213149342
438664646
142893062
18430774
46725412
37482994
15901198
147399582
318039510
11605778
37460104
88082
427337210
248409642
103038384
117930644
51694994
196997706
67646970
99296156
392929148
55101494
7379086
139066446
173616048
114362518
219669018
394781596
260656890
362129710
252764556
115145954
63252410
18902414
155365984
1863000
307959630
222072998
219291394
67082
257356644
37841142
54935676
13511790
23003678
503135244
175613008
155548428
128608190
260103230
547773094
94184016
248038414
210534916
300143012
34570890
396338722
409506596
395632750
156897514
345453488
337790112
39301590
19745056
325979642
307013754
109921140
346144868
81390862
309325662
62689824
118866190
326196034
202390222
82378200
1086898
334084048
169855698
47516376
164163272
29257132
300864344
291615880
220154256
227679976
290125830
346552128
394272456
11821932
6331440
5281564
24454600
123110772
49971308
23232238
203856280
121353324
460600818
10189418
441692184
329236100
130679840
419822018
13069832
90543992
288460902
59991054
159881540
15139688
253137010
183729542
34178868
242338706
218943950
363169782
21845684
145391068
305269896
96925040
1987978
147052138
261853206
253562920
319788538
169744974
45087322
39307158
506317322
37898352
54327260
425226776
157814976
77190356
202014140
354156516
189749300
6938736
33786650
138555308
200543796
280566464
68324584
276692986
203683608
10558628
7139166
411029178
109778890
63046830
10254164
294724828
27731670
32185724
379157294
31038202
2301698
146155400
262601612
396319672
258986696
51634082
232258254
29023882
9062900
48467472
379902888
416636218
350298114
73440150
439477128
168093140
449987658
482397990
491132836
296482050
13395836
17571660
461910550
156506836
227286540
169476652
18469856
127770620
102440592
452566520
122282700
10191998
467760806
236052620
322842454
341064282
208914198
57460194
28455278
107386040
16783004
196487598
18914302
160895154
275527308
30155568
416129998
95471044
9774496
472319974
15943918
85642332
271172898
294560644
14055934
383540598
8693198
14728446
277888494
114392082
304552624
198153486
22842330
441240360
261403110
5693200
344469792
600830
520888514
189225790
454674776
174298456
73000272
68407188
32806436
12061996
351921600
382245118
5980098
406239016
69793222
312938676
321662960
239815508
220984304
22357720
203039684
64021136
304318948
427928930
121164514
166427644
367116064
303655020
77320638
211484568
527798920
77099528
333862228
453957262
144159402
130763064
100740372
220068732
138661748
356558600
41134740
188742130
393922724
16864
573937630
34029010
88830136
374848176
245153958
336526012
136925910
499818694
64769000
21835688
578364082
33643930
310276568
296971594
77515966
139228642
248105928
145983138
185885882
1599176
133210074
262378978
507334782
372471344
5131082
298303394
959156
349531240
243108418
2434220
104515246
225705230
230513478
168233680
233771962
84367204
141751534
57682914
291011058
414204192
508131554
335215542
122587292
269467106
305079504
126869654
389872346
14590848
304812720
1318648
261376624
284469954
81006452
140916054
13588342
275022078
161609614
37063028
19942174
379011856
148835094
296880346
304911748
52970808
159908530
10804704
114760422
171959290
152209480
135727618
196492608
328552410
251510912
55540644
4072836
333470346
32069942
103311174
12784508
200777398
309626632
270773872
10496604
1526952
27085898
216808432
103097044
45264052
94633406
38341238
388998692
433679296
142406470
60548832
34143998
61180456
354621548
387675178
197767058
26184430
499332902
240197922
182161590
334200098
96782852
298999030
265849262
178948590
375465748
181503352
148693212
387052822
469938118
106278868
268282496
30282666
218737108
225959296
24530900
17887654
575165242
174886366
209678990
199081672
94327532
42317574
131759318
272056756
463862192
188159174
81123546
131421316
24862484
15101330
258754446
300714468
219748578
388692802
307198698
327473636
59038794
105965602
12358692
83161254
42606626
139329846
4375822
112299874
362250186
364326598
158273824
37802036
359675920
15537656
11768628
258095048
1108154
23836594
382141698
25438890
44709424
178162926
199536708
136519872
140663074
32492186
52526290
46398312
82006902
80081648
157536252
347526088
127906480
159456366
318417992
21234184
217046478
168482240
116878302
108922118
94300476
17182066
4424190
124397866
158005266
39260956
401587606
12847864
423540624
83462314
251567032
222802550
1870104
337044526
187127262
37419098
522809016
200831710
41270600
141784144
188872430
226671184
23602738
5501502
228689184
177499126
136587998
133488472
271861784
152195244
408167720
293331214
358212504
114571792
271358548
159710042
199198896
247642146
240019790
413768740
431361864
337456106
193743722
25211580
397678644
451855668
355297772
89664084
26612928
408819570
197867738
141169360
147215150
224176850
49142210
3990008
55413714
31404120
100382414
76336846
122033700
98603034
87156534
11290076
2549788
53200376
154992252
10800772
316503364
16268416
197194398
12432336
98186156
2072524
10100432
45642360
190446
36010448
33607788
417240840
4598798
33091438
14126898
125868036
107076296
458151170
188426648
163702294
22610
4455266
115493314
494604128
247034360
384332168
100307124
59273912
463752144
4549900
9426342
126709394
57949562
241291240
301322180
506036346
464438634
23619412
184590474
3602680
351230856
524398354
181766906
337282924
8960740
4716170
15945684
132711580
417603024
263765236
340257566
4521332
173000790
472903472
249256048
247624806
189452720
407622728
204772692
263898888
409234528
379094134
198192492
18287168
490209480
17149172
206131014
64320410
5766392
208803446
350363204
64811224
105023198
26688810
71990680
94841280
414763648
217231890
231945716
412945848
212373828
48353052
96966302
13948790
233435704
43919094
157091500
2860086
33282532
38367010
193620368
1918266
374742310
147272606
397675776
253453288
369313842
123239240
41425470
373066052
578550630
129515634
218745936
216839206
81383040
453987982
272963522
28084304
26754950
31544842
14633458
19606652
55280536
83133972
6577600
52965922
64407866
114205396
102264456
43849636
350837022
168554832
102211690
2838680
16196578
4053000
387133326
70504196
47496298
177584714
96393670
62744968
205700210
430505240
102295050
12312370
192886270
385688050
158048568
341031604
61761544
158272
307043404
482951104
23252350
119800372
158253638
245956950
19216922
111207636
8649974
568020752
110912616
153529348
17371262
124565056
41646490
362288266
42215002
260959156
145117950
220855562
351372344
198342716
239699200
64450564
385336176
8740848
542051456
221966174
72217818
15726016
248632148
48057072
206600922
270502536
170824088
275499038
43933432
640038
296473734
231432238
465176708
264643764
15989292
45517060
290140970
91962486
79485168
315559252
307995236
55016858
95767258
238856804
354686764
303023886
356277718
192801256
277722782
3220300
52949466
218059636
219626184
286662016
29084650
2321814
421876758
138352660
133760674
66071474
388797524
117599600
99066084
460069626
45056974
328342768
2081772
111253014
52078306
36813588
140967058
204330906
340287966
79411722
418994658
33768600
51831064
99069858
164432406
17880198
267756760
475743364
289836784
11234302
2742830
59007282
192654366
370099646
2158788
384477784
75883992
307720946
303856172
158944272
70002408
289487910
109622492
58003444
14649364
242319708
264818776
11856956
165617378
136006462
2324906
259828170
95705274
67949720
298966748
362565642
148239364
67689842
139089626
107248224
111521904
203175980
2234086
42240158
559782206
8572330
335695320
128983744
11895518
8144868
46430110
9710902
176415290
73655580
114751194
326943696
15220590
12162160
4369140
309789910
104548690
353491866
129869012
63992392
45785190
114299720
439481940
406122534
353577580
8551144
240411778
71176478
1903788
3736506
436562740
281627072
3545484
302042234
196851468
232341604
373064
185637504
116081890
495748420
242189930
369299812
75862820
70767820
218491956
265529200
26963896
160357434
12190488
39502694
202957542
248451942
294631210
103011152
21924612
99079230
416568964
6376788
14125092
256152354
142108870
129177290
483783144
49207734
265734456
277849398
106500914
209255048
31617394
123764454
292896900
24839970
22901340
5913736
117306142
140995608
289738108
276787528
382400660
45867588
329824290
212078414
301743696
189797514
111964072
104432608
172902064
312432862
303982952
98127534
118238438
158824894
201715894
279989388
270686632
248324430
17225780
10299622
163836220
2901958
235840008
103411664
228943768
29058414
45271602
239007408
253081182
7099806
86146316
92709416
76626744
713506
278508142
129037500
218204050
44332528
391180000
149941030
166155190
359353588
291359588
82955382
108313870
151965274
422553422
232534518
16273208
476354472
339814114
497082938
280569840
44757978
137891516
429427056
52213786
232031270
330415114
77559552
57548076
111385144
427878024
269669784
238262778
517498232
190472488
121334918
97156486
440575390
107771588
101275040
28620320
307469654
71007942
397894440
26568516
66029474
13955378
103408020
211148038
229731972
117025184
104119152
6207862
156716046
136242354
282264196
111358132
64937684
283295766
55872580
198709620
142585030
145628342
238085926
80208326
377917358
327301116
40016480
220419134
261245350
90186444
34504798
129746494
61250480
408546030
512044068
47838366
100491918
124489292
393861522
94489910
3957512
174834676
28424852
276307160
205688832
64863392
402693682
11414800
112170492
92094160
13057936
68780334
282565720
1513612
277561718
199013268
43444046
101918154
138759268
9638580
150557536
13994724
5665774
136027508
87812990
211957646
20575638
120780948
296457380
472334502
7233352
88328414
121832550
459923746
6447008
61943316
300326164
466083080
29468100
316159758
195828438
482964160
91002590
372095044
179786386
234581934
12997476
81688126
255591592
201932622
2921492
178827972
71169180
270211072
329291280
342994512
63258228
293544338
132580332
428033990
374670748
150361832
44683918
97904748
49685914
84983678
351322716
413170096
182630710
82207832
160275452
26606806
62589812
113327308
150870660
78626202
467220176
118486886
352458016
2492570
32330876
92528552
170508994
23735674
29728114
68118196
74864590
138680494
226928018
339179004
490077232
101052960
189142272
468085300
198112852
392290500
265461028
26095964
444445974
97439334
410494988
102409904
12471030
13129540
23289924
521992
290215440
317405244
88211430
199584846
26122416
174973562
172889286
236970032
99955600
91010580
145041708
276936354
24743832
16589102
290494606
349058
71690730
139376794
571051804
91216074
103747496
13230662
112508104
8621886
257508126
291558
75799508
237834408
244997364
152162256
198092000
39682182
223824570
69665410
32347470
218110196
958156
188031246
187775444
31264
60448424
141403518
237033934
127212398
159137284
16129614
6383444
48918596
100766158
249676744
325258822
95243792
41367208
193504948
300944176
363946676
174790770
97015650
73550304
6798408
122038992
51142486
198792234
489309166
7584556
11902310
55052800
409358114
75859934
282317782
192082212
334751498
482727036
3317350
10989250
275506118
309249912
374741770
53961150
368670148
17702490
367802070
237603768
207051776
143594704
36917304
119963520
78130194
290224646
158512664
237638892
133091416
101105846
424487308
344207030
411219012
2921110
28453888
8130278
15678226
216403370
21924624
216902950
14654736
40906770
142096650
19946826
20590458
173962656
86557856
333247666
205506966
184696782
345466706
418485500
103234126
102651424
359305760
294685730
414205102
232624056
140126194
409057388
2053478
6112220
311099910
4711788
26542058
313762036
256845462
153938574
134807684
376361298
181038878
302030090
274888092
96210266
157418078
46614914
111619932
519054514
256552158
185544472
438290516
111126192
208394920
179963212
389858580
360457030
182105288
28946906
181530606
125425244
23553012
45606844
18766234
266065406
302128324
135394928
404991278
315606436
65510360
391406094
237695680
134144056
312102022
370647680
227876470
284739600
581918
154605250
60388914
236404102
329754258
58983230
330754214
25619890
13770124
178248764
403956636
2894814
164576402
670986
244210
313086038
522492888
392092472
428370100
250152580
129684492
295917674
358936806
328525550
22930256
445184732
149340336
79053372
284001352
30181868
14271762
370410784
23912224
81402436
465904576
324096636
437032226
278761852
48500674
90531476
244545994
333053374
21146574
73342054
159906538
197669494
39165828
97214100
220426536
105683714
122467048
7859808
501600828
331256628
207781370
168111288
15063146
154007128
917374
158378508
343049090
223071410
325881684
222490496
1519084
89306696
1871418
38948746
262771248
654674
82732736
101510416
109296316
10137520
231152486
188508586
341011054
402509536
451132066
7306862
89298620
102389004
205249244
294455340
14514072
73225302
190957076
303460102
246775162
488133454
33427754
290415880
222212968
149489300
162687834
17609206
288274664
141933050
312677256
82012442
19405568
167288458
265478744
424008158
140353340
3509990
264630478
2565990
447546352
135030436
159971748
8191650
181586462
9591710
290058062
3446530
484223134
185213922
85643372
273903818
61087454
343541952
343758070
327567588
309789980
8950468
1644928
23293514
290983758
132560544
169450470
183703334
72063788
264048780
372189360
146615110
3374426
107675084
467777938
136836400
206856576
221781682
761426
109229496
28649200
246852110
42190444
157086780
338264398
101896084
414598920
478801026
279151616
359834506
379287268
58981942
23003278
120100132
18360286
187777222
37458792
8968940
241421268
211341650
530777618
354422934
81362676
12502842
100373750
186859322
192789232
28493282
169036202
43562874
240641078
102470000
94874280
250263996
111719202
83479138
68206204
173698218
4780302
114071778
71632736
264383456
187598808
138019790
62227024
159949540
237130916
9380
458898956
1606568
136095546
27809970
303496116
72371498
351358152
52578598
144158124
7889446
114896976
346071816
162483528
167975956
23150236
412805830
127968902
231774914
106908750
144117054
4936636
51024132
493025196
447049174
363060766
233957084
371914624
248031474
374388092
187201834
279796634
146973816
275799668
124734734
150566208
185588790
336250640
501051458
204304116
54911028
30202260
62307788
246211248
205769780
262159804
23096488
490373620
3857276
178885696
363918780
5948388
497829140
350331846
161401682
33274756
345846314
242141252
66983036
201855548
330081820
264912878
103733762
35349570
149668780
9192986
162861860
157728350
108467510
103716298
43436782
172531700
16276766
265546662
94657468
45839620
297326304
77677772
504039068
71681370
1194380
117225720
340571444
106730244
11199398
139382750
452348734
215122160
20408940
51359232
339649524
11764350
65866582
62110048
64745076
15836756
505769700
536933670
235854708
147130132
335614110
184730654
332508348
285189332
462685704
174727676
436700816
511069936
276185528
125658856
74759228
49772776
135244644
338963622
262150998
30463012
334699934
20884132
86959956
160759758
193975578
10711044
209551368
121980972
53513716
251534798
10895588
473737718
291200400
144168260
395245208
43948828
135498138
25623710
143027456
395136206
224874574
131227966
361571244
17531930
119658714
7054346
47690994
2347930
69626672
53871936
307934444
372339834
506698
51946526
154236138
24147958
87767646
278900604
39731902
323658150
196365886
95831136
154667636
340408804
182974984
73035882
471957086
324556496
315683380
111001998
150392960
3889058
302330992
105642208
269439728
70273826
208190422
10198100
8351560
239828380
12956408
878924
505415682
326493554
341131676
143482090
279157886
172616900
199527660
364429082
258032792
175284414
6874316
109338
103300950
225396460
63970266
430511212
189039920
147404138
53161424
49062684
1198140
11291778
15154106
12559220
344940034
131362778
149807708
227859550
277838082
405296000
38094214
139833202
294685792
28788490
3036742
62083554
70939276
105882786
205485050
3159706
366926232
40325758
78073296
16068164
2519558
326349956
253165274
25153062
243170954
142709724
471456598
272275920
425667866
25906154
237667008
7682738
103991828
149976980
114602712
64556946
172958606
438407308
50128470
441024526
86159316
123291974
355897492
402696544
43906296
5068122
107130652
192147722
5987750
452409670
6715846
362225262
78526
166779384
23314
396825086
17898204
186062712
123151390
4968938
141731336
343411348
110061980
169218064
113754510
111811820
99167672
79974176
131712174
396619556
184885242
336400860
200894434
180901740
237409230
111853592
2841298
122296834
165967026
98449294
39569250
74800370
8953554
193210406
417894612
82563726
329938
393682284
234473652
87882100
146411520
285934794
144509704
151143120
283919418
185288496
530921804
307881262
323106806
103197780
417606468
3983266
10213786
139872868
23329112
292939694
300786046
51379116
402525564
446159678
366413192
162310
226292804
283346974
221153730
300514406
93687168
245728156
84908314
109912248
169184674
131456264
245319764
27686176
108164144
58540708
5064854
298803468
4075322
317160234
351412460
89379968
540517248
166025872
70978976
106022642
471273310
277676456
237704560
318820826
250339768
34982
225123914
328916730
39064680
151074162
158492322
51318364
401999406
430653160
72566530
157283600
10234882
654996
287920326
7221810
502797324
70650492
376256212
5193676
238779480
278326182
167876710
148687106
39724860
298707790
167326644
115438234
70742600
281730292
361114630
202843570
55572796
457943588
118191994
466976996
40179152
12136576
37360582
89884892
42340074
133469122
196712830
26375956
392491314
242796328
340200360
263100218
344035196
409357176
110491242
177394538
20050078
39476328
309380804
5617272
193498352
109173528
277788118
383146618
308125436
120105718
1240754
20101416
178285206
116937256
161617400
162669510
211859722
7701212
150944914
162824646
457435158
68165634
288283106
431443740
33079900
371739616
85705166
1970936
32586312
100939898
176840930
74318092
15917472
17822338
244361566
52952880
423520828
21018766
144035158
319052800
1604680
358388
624416
238720326
596396634
156212760
150430312
406744912
10488366
367863752
302374244
80666754
29303920
37640818
154616788
2532514
7123060
193808694
299756722
21765730
331539856
36184196
129704916
482228338
466345620
289635726
204872876
118722098
145013398
8424464
4088502
839390
254488410
231846072
267051030
92973146
405337546
347775244
405268914
377452406
145263868
199537178
404715752
249498596
16008638
687420
225618124
6717090
355056956
157975328
213993668
20018828
32009726
13668250
303810720
351015990
36060840
426755530
131459222
72080754
206629054
494183882
21181444
155612116
337173078
120343218
334066750
7872834
462066820
205146282
295579602
446017764
21843304
125866134
75170136
150859046
77196862
444941028
93972080
391491176
96313854
75936234
3552136
126524370
62174326
338715508
94122746
172744816
362835228
255031094
137681682
173909734
34550350
139118534
50349476
259004444
167166366
197502538
117799656
18706402
325991224
155708148
35338448
36676450
17527046
294598344
407497960
308622
238702120
45219436
66960208
217665392
32186674
32838756
501011164
81907156
161938944
161153438
37859482
41052872
6368300
62856868
45861940
32821462
94877620
216290512
247968798
301264474
80174060
211910910
381369912
460100452
368698042
20176286
63989418
38172410
193967764
104424030
34944716
302441270
463934836
412834004
10001616
386538810
287658788
166920592
224586864
339463516
63859460
50673492
316380196
504581394
334051662
314355428
483008688
544655810
129912716
6778510
138921880
32667324
53136960
27550476
69402698
1202808
385076960
5973310
4134554
439570866
7415808
196676750
169811860
5243094
148513990
136915550
43831924
65853824
84091262
372360496
372151164
17985880
152517218
71163946
250599244
364487562
159705038
153063948
17839692
301473920
48237492
166209606
306064444
345559452
402514558
95694356
241936302
34526306
326062522
43383468
42077982
50185838
174905874
418923618
600590
306241866
59289598
125865300
34177432
223334438
104129274
60422656
148238596
451590726
179677552
80802910
16038024
329383592
86888798
242220700
177231990
91621712
74813186
146902432
43803456
11834936
50852794
31445112
45538040
365784702
362200344
101423902
359316638
101662228
277667070
180037542
6470398
118466962
276978126
383913284
27752460
74348382
2680248
69408226
385478080
7915332
363464976
2673916
9638592
364269432
26275956
184139740
181229610
40858204
18216838
43944464
184742326
276636456
17434214
187282048
338693866
38513554
151775370
108116228
142098042
227308284
108081456
60810040
170259712
108825396
215711538
14580710
81108022
132045046
110933574
473396550
160712036
119741168
342759436
19926636
371843410
112383172
460260148
230990830
45370208
344458952
188254974
5553584
89164912
106809802
174486752
145879972
295096048
153088602
223504854
46035650
21403006
51670720
5146150
103378520
179366858
352601122
417416188
254824618
184978376
41932262
316410334
470474086
31213586
6437258
198756420
443297012
157703648
170187854
58091314
247575614
267188568
27152174
153935730
257994164
285875848
379087492
115922506
200953826
149651138
163973940
425242136
92920090
232733796
201895858
227874802
58707522
207970454
78756220
170649626
290078012
12945528
165342410
286847768
173548546
124794026
43378780
29116830
187298672
53317188
70837118
549459642
154910546
134595108
85692330
14547552
72155532
30922180
10121426
223690626
53697440
19433252
214321252
126183054
26703700
228089062
1835662
53239362
313084728
232189578
90319260
774530
284166734
390095456
279916068
172821012
322081520
179781722
2833156
78643652
205872418
6488112
127017360
16571434
30646772
168979320
104175418
112641614
1891768
225536148
203055846
13797954
178483128
81515952
28831612
167848598
365330782
21540662
143000964
292608406
20003398
417587618
229210804
468742
212809448
223726740
15748948
133644886
49182248
314497992
99837730
291274838
75108620
164232958
421767418
9723910
48552154
486835202
384634624
32232778
296046728
243005856
96174140
123461848
28257198
496135214
103683706
103168334
119545272
43152082
444397854
325208350
15574616
75228848
2531278
57129850
52167064
89009018
99125808
265465128
47904526
2907948
50771068
340783086
166004820
7206876
333719478
397895922
582396716
43744700
449988184
10277066
1184210
202508700
12188676
21017350
192811652
70539152
100537406
89097932
3100406
1063488
18746582
464387874
291842774
199083948
4534904
291490758
131011302
43155914
331954478
58157300
216489012
303496686
299303808
14649366
13407016
42338588
354637336
8496100
310432722
302244828
177361668
269337722
98465956
280440420
45474900
310718180
4538294
450397886
325375668
166017344
227828538
167403440
28858298
62796450
239975768
48238634
66084814
73134508
320426938
326177262
2263434
226076006
224352672
2604508
141678876
163884622
2648320
180244144
1012168
31374976
380222856
311375526
9514982
28375610
35375628
100801928
14482622
15775772
58130918
36312670
310114952
358375942
321185934
222528844
57226780
7970564
145646602
394807180
236937718
97411278
109849914
2917330
26037018
393740072
7274330
309260958
438299272
423558010
385430574
134411864
140173552
328498288
68270538
236288912
123214326
315157920
4935700
412366454
346512358
226924784
112996352
157556460
529669776
373922300
1740510
163092208
286310048
62240762
5549080
223845080
15116890
202953524
37187584
108375370
309426696
103348360
431645654
46616620
206107038
282100020
3775074
76731022
14766622
25772578
334426644
121768646
4912986
262208338
467638364
105033310
233011990
8185394
156119808
36070858
225034084
81337590
152077924
197143616
210564676
8108152
31460726
408313606
5278724
319185110
104102488
488401636
309698310
224944366
51785308
204738068
12486458
334689374
187943588
30529910
321878
189069712
426114460
64779262
139943702
20938052
212282704
7414200
452021502
377635290
56590582
252415114
217569146
146458990
30223986
194003854
56477558
407193802
239834878
323734282
151933468
230767070
223095638
176258278
285712052
319187646
216478
116498638
56253440
28166262
355529230
480503804
25720576
223638196
212694276
390624722
295811248
64520016
451830716
128425142
69532952
107620290
14231956
4582612
139842632
213115110
225999974
241806588
118215128
132229124
385694304
148737302
72220682
339499074
21977576
4899216
210450172
376490724
169588152
13625128
434049638
906198
32417714
482466980
79871960
15884132
70005550
278409344
20047404
110672978
462171498
28870512
28545884
163647168
24508
24029098
56503366
91295670
38121406
158401158
224110566
513531618
429147650
465331450
113521354
227992026
1080000
58542694
61872462
185918152
254966856
388889044
240582280
10620492
35936442
12786768
33940492
324974824
324424562
6433742
78746832
430616960
259577644
51875536
250423250
210731044
73494470
1102742
118361536
41960494
48376972
574776890
77010030
189266374
74131346
81730250
189002384
12384358
218827886
444284346
29070254
261029914
99410774
37018898
231679332
27262872
37841412
41892758
177065184
375760860
31681724
200088092
1203608
287570742
134094190
331486296
369213186
105129770
201550394
114733310
302315012
106463198
152938358
130022466
223158940
105374096
12756524
382549912
235912422
423454580
76420750
43362362
60069790
341280444
107518524
179753834
314102192
237008462
131241866
8917622
341043500
473683644
14996
9095436
339440518
27556462
63064934
198540128
366952400
88076050
488632080
27170564
4748222
25425222
92599110
341168804
351182480
492443074
9776892
120947152
212998990
254427200
177865652
132609342
185337162
75210378
261751758
36906308
95720230
420876830
286071182
43320322
101525518
294649248
237857394
278609388
349637960
251376514
99242310
93572582
106778376
455359210
51078678
416842416
416500844
240863784
101306738
49188
58731422
101063104
10659454
244410576
71340710
118851924
55413254
64168134
17223692
285497636
129960732
59677354
34714356
333368326
232032948
178106978
244351550
91024280
25494712
100130060
323853290
259787788
37209088
234288528
70718346
1017460
81885782
362140918
518058224
112898
3877868
48140952
206309564
52463224
89452894
3134446
18870204
238516962
69717630
49450654
312747210
204561590
171231818
319041602
291018440
200263916
250517590
201876520
351174158
276520376
296639658
161978638
10100478
39987796
84806546
3721520
231045738
12643956
427787934
88759674
114016456
314199824
168491854
10776428
105664452
115461878
5672726
41088084
446639696
301645538
270767810
347762834
21470732
188743902
479384
448783534
144857366
6521480
126777242
105312704
104179340
388505570
11642410
195265020
16388328
417424920
209548554
96913048
289692718
32071482
494199148
298444246
481850706
246557342
299521910
560723438
75697546
443344584
224492458
323148964
244956194
315378558
142098422
55445662
117165896
445135232
134809450
414118036
252085896
121745834
154001582
63568710
153093036
27522810
278948450
462807198
75747082
232186926
153538192
10714868
235074846
46046592
403076476
160291664
56460526
27083120
173924946
169752584
357798758
58186412
140190834
21843644
106271688
552958192
355141370
74888466
202653108
52729390
32911384
50607114
335918
127197366
808354
157165780
402953760
285323950
15847132
224959402
20856086
333517402
53984232
2756352
243984362
419573758
266567012
319502286
46839426
24082594
59404072
5162700
42624842
216747048
149019666
96546784
8120310
175019700
585848820
62707630
160683224
383190750
304172992
357536038
166610670
69708302
335512222
13748784
2704662
292395528
33278368
14634922
294991380
36345026
18493548
200056876
48106160
8413830
63689094
310375582
8424506
67117876
182369784
381006954
77480750
78826716
263626892
23857740
200822108
342469780
52757886
114360332
216046
94307826
175004506
68226336
307276108
40063308
263946150
244118154
221486840
252782024
157252112
5736700
39193374
378718672
130969580
160668526
182665904
253109572
398418602
101232046
160539368
51364502
212953182
36512356
331199986
396874822
277089708
277195310
92260524
3104684
164122326
203264440
133658070
195164086
158821222
69403330
73118906
217373926
317223418
11365950
149278078
508239874
155085304
120142992
146808628
234739816
71728278
40764312
106444
300439640
1208834
416528480
214352574
71927850
245143630
112588476
257075764
53673580
488905936
175576992
67545628
362812710
222867304
86080014
231897354
368193968
204041410
93950242
238863934
511245772
350395450
208860036
238581924
483907312
25467156
226752278
124761804
515017662
478355492
121455474
23853300
438646476
2651204
268365620
86538346
136856222
41103634
446629484
69273120
70474932
574952
30977924
45370582
333094308
243626124
267687108
110832238
333303338
105026364
433901440
98385220
423438288
348961692
481310596
18197588
231137468
285039480
376084972
56797450
312301488
256996250
470320398
92154788
65256328
106737234
6247832
52260184
97412614
277019054
24168702
95143674
444035494
243225138
72607442
55679044
311889568
3330334
118755790
82579318
223673272
3231328
319911130
136263826
272430096
90763694
150561196
313779396
116201980
34243752
6029346
532629188
355006092
281971322
501194818
244289354
59706206
190693122
41972938
409082012
5845440
201732856
511110892
330096802
99432600
4124688
183935964
257268836
280902778
16394368
194183936
351372902
259141392
172360154
135965532
38674480
121024128
147535972
145635036
229383150
187439064
325724634
94674110
192731832
124685578
124976550
239806176
5505450
244821630
208022166
210901080
282933108
192697842
76155516
33675044
133226946
179438150
377179580
180204944
43392536
180605536
342973708
99900152
32481402
175804612
41638938
120610668
11776160
2899730
2545922
48732406
279509068
53097704
51402454
412657128
17190708
168843542
185392884
301389068
2946018
105554528
27345210
279386392
89970912
24320448
11446168
377694156
60266460
221651096
364893300
124654428
223290988
289374604
246911916
21178544
314990284
253146548
44843100
20805516
238050720
376001292
374785868
341016948
340234668
107680720
141434776
15197732
125938232
200107660
286175302
150537706
164323666
364568480
47716632
57445718
74042208
222249464
524549070
388107604
44019624
162053798
312810130
361295468
144677488
202427018
427835866
231748684
11814292
91150086
182556638
36462724
89793654
43600916
213087222
440029636
47765488
8922708
73641840
217741226
159492152
334392756
6148826
486571574
461816498
122980352
24416958
466419924
291646986
2610152
335216826
147334528
267265508
64205388
123189304
65919090
2118668
636640
116651890
122835740
172115094
352641456
137075290
156388594
434040412
32419708
11321700
264869744
68434644
95833738
165576514
139836366
147230004
166618356
165965834
54378470
179186110
28677684
57619956
39422404
97473698
51931376
31953496
206842614
14959930
158737022
42643224
10756378
468745824
2891758
463011448
48166528
196649992
430628002
167116364
501497078
89045906
72137290
455166578
36716418
184622726
543696570
378913976
128678544
243135900
91397674
284135364
500784878
36902
142354750
316966424
81199094
47154482
157995482
4883376
55499830
4525682
414357014
64774994
190996084
335515536
232651796
139727186
69313484
124209548
75762820
2832910
2306164
25003246
221673142
406160040
242497486
21541980
40953980
947146
51318918
61661002
20298624
196945286
119191710
217124832
351428622
422169674
162522142
70526274
122521836
123045406
68322
309633042
123929782
153116012
35493270
354018804
9933236
336440620
56010060
30550760
191955908
26732248
202438684
473304502
192032
158054608
12148494
70360886
94183376
23759970
373414074
169978156
101311686
191537994
51990062
213286236
4366818
63469264
241192378
146753294
19971780
15503618
12658756
22444422
474772762
372806282
364580298
288281982
10142396
27649418
305462012
50233066
66887646
122275850
50490016
151227234
389606174
579327162
236426766
2585736
32926774
8710832
446151888
3982786
94845348
102856846
113635848
3744682
129576836
100352040
141650754
186370758
321605240
108783932
29574960
69926604
7797562
2128392
420909800
350799886
48724448
335561556
338259900
138622462
275917372
35092472
171316478
124813458
433168378
80375896
85677132
53391532
95193304
77961810
51435000
111503330
152101930
279560660
85578468
29226422
64821608
124863818
28263538
261887396
438923702
413546040
25767056
367174344
551924386
83377468
3768196
3217374
145527774
343675398
3909362
6046716
28193476
145830
248541398
137986388
135920592
24432382
23398898
427335490
124665658
190652550
136488886
296890518
44840666
17595312
52016000
55132014
53574438
289426282
101097470
43007764
237100864
280602320
325114476
210970822
121814446
61989638
143164
245979808
68819666
79857692
100966898
12764640
52927740
362356450
240433076
38965514
308850174
91547970
43118362
306763322
48848492
401425024
6064686
379284690
390048566
461339516
489431566
435326200
45813314
188423116
77359746
70430926
44687202
53454502
127890888
125802982
8395996
341359288
102458996
32200388
13641778
153611736
490094696
84023222
7425224
568058526
359907670
444253034
182018878
8522560
286233948
140545498
25516386
91163044
136817336
81964182
295176304
69261612
205662940
31768050
96430926
339723742
449828448
36216600
221075448
468043576
202002894
123375300
85221286
168413680
32330066
122155770
6096042
243240658
14557134
8264122
218038600
451905850
456547506
73060160
317163252
50684068
421553796
221820598
324164818
269109428
360038614
438102646
247252018
41030950
76674186
399730652
195353514
507074248
148099852
256456684
88149380
96626360
303094852
7583120
2460536
109893748
361422574
105929612
190569470
6696828
136143826
398034160
526639456
130363850
18024062
338724338
175405050
473301588
612975566
182919740
49646540
111761850
91801614
145302212
131146622
249614858
227565576
85909420
207150660
320773894
90842318
275603296
59570174
272711016
75879060
182626828
107408248
356897516
131094480
314256348
264167342
230553092
255522126
164335412
62343102
96724782
57548088
534295398
206220600
87970074
66642242
175196590
271745986
306101288
117004832
5655458
5774042
3568418
262079814
235713726
368295734
276977832
364763546
10189834
170659004
3635810
292914408
476567192
1758232
115763230
483073122
103447596
370697260
220419504
247123702
392179588
424239120
188179014
16255974
52075898
248713874
42084930
336844116
160170940
3775324
15426422
225398666
391249416
204097434
286029088
120159676
41667154
61542886
207738696
392220262
317153704
50142290
110230722
25317210
3989258
276903346
413532906
299718910
447814076
442213608
36095954
182024516
36001838
63172906
33430692
56926052
94131684
64457298
35380116
88812620
364538838
191493600
374798898
116015960
111050670
178760872
212914512
160910412
3607856
5512008
23301034
82996088
303093904
35459766
197559082
226116800
185989188
219801126
442510530
170221154
398299064
192823526
107741560
72797822
72183904
318303156
29944916
883176
287569534
330192290
223720588
302438250
74437936
232339894
3372
1980498
449158822
139901542
57574894
41130152
479038908
