30524
317218
50866
39024
184148
396408
258
29920
5632
91442
15318
75694
194414
279216
185530
156086
42188
68254
17318
3664
112548
3238
20
58216
218518
177024
178
83498
246170
75008
16742
11292
22400
22596
126484
220
109398
58480
108960
108412
118940
92578
1146
4406
129594
189394
6998
15222
217338
26122
15924
70570
425542
15706
3264
116156
13040
27914
4106
5834
187314
118148
65416
144780
137098
87906
85672
256156
388630
37442
42422
31684
101192
92270
152412
241182
198866
337552
84018
28240
13224
16002
1098
208686
8664
52
118354
8262
8398
114820
179776
24594
144418
958
188752
88240
3000
1892
64992
91774
70608
305692
27872
256240
32708
29784
30752
66350
191396
325138
55494
38118
434
314130
22588
130890
18900
66304
131158
430
17092
174852
122072
35038
111578
97494
1822
85592
22988
185506
178
29612
44482
36520
131534
249260
290106
17508
122510
5582
177662
107098
247826
40550
129780
187234
273166
36614
17994
60
189614
22386
124622
204472
80944
36
220980
123430
58866
137510
54452
13602
213936
253306
97838
238274
47790
2148
88104
321492
240184
46940
12188
764
64134
169658
58854
82980
10470
6530
30964
155454
7958
6034
374114
1578
250122
32874
15720
298716
26056
218578
30268
191788
12128
56824
78144
153890
383670
198572
12092
17096
36898
159664
237630
39504
165944
40
2100
1340
231320
45744
15088
51012
64388
11596
147676
218598
243730
186092
213738
204988
26640
102802
32484
139594
18150
2316
82042
314
5808
191078
5610
236588
176122
66926
14452
50794
232274
255228
20910
306928
30280
490
32820
110160
279740
359454
5580
33828
32
25582
367956
133692
223186
177186
10058
70
117376
301492
163524
213700
404920
9288
32
10476
274512
49320
158438
61444
87434
43728
280438
7546
106656
242418
113500
49218
182912
11156
241444
138416
74040
354698
99586
1482
64226
227786
251254
78624
20322
68248
101558
237846
9968
118760
136488
168144
7758
119336
178980
180536
5502
240872
256720
72078
22484
16806
214766
3006
20900
81530
88688
97818
6280
281410
175878
53656
217620
26422
18806
29710
76638
65030
10256
345710
52110
50314
100668
61018
234358
13788
408880
9328
186082
108428
220702
395606
92658
300142
130578
36998
225404
642
256964
75576
257632
2742
31776
140674
7698
29828
26378
113470
126646
193130
34632
17412
2
934
5626
191828
258584
93706
5062
150750
173184
78886
31696
128162
38908
176152
3314
5356
175766
109298
343624
50938
71008
263300
21926
26018
2328
333218
86680
29838
28468
167776
61240
2574
296486
156488
16002
4
52610
360
1288
89754
242
82016
6210
90106
29340
307598
84042
53742
4374
10726
654
6608
8498
181846
418112
71846
126578
168708
8806
153360
128310
26648
239330
77454
89196
232
4594
123512
65726
102128
15276
18868
100664
8
361132
230284
45226
233848
244
670
58740
170258
6518
283674
9120
249632
36880
19912
268738
23226
98492
260570
130982
20442
306
28458
202048
25268
122056
201518
1078
17908
381724
257092
110926
277714
456
8412
9492
416228
21406
668
16432
5064
36582
124816
82
5214
20742
37246
60520
71952
116582
208194
225398
27588
198970
6560
151380
221932
30074
53980
164558
59754
195056
15294
306702
752
98276
143694
142058
8676
38512
102144
1970
123304
2262
11576
304082
67022
76206
163562
171814
78026
238972
53296
48514
190838
8366
188
43832
203798
22620
237908
109744
234820
78656
117936
178
53416
20616
3586
36286
237426
2428
142252
238216
11912
53354
247342
154912
48364
53284
235678
23392
16184
35556
215442
205486
172514
798
422
274874
17178
24048
221048
1106
11082
19804
96318
133682
0
229296
54342
234446
139484
14698
75870
324922
15456
2144
1550
281970
9550
62012
20608
194884
174658
202280
23700
57020
11206
3548
7606
102336
41350
157870
123434
26956
51022
17102
13824
126858
124904
3702
135728
62770
271002
3100
38348
164998
133076
233176
45180
58396
14072
175466
270044
259642
148160
4134
1630
154046
174414
19854
1920
16324
21248
2012
42
34700
7436
2626
742
62760
29278
70528
198558
168242
59102
6412
94276
114578
50420
290904
29520
2
2452
93710
241602
76790
275460
7164
2266
55302
178186
26558
3838
138840
3014
35926
24462
20586
316646
414194
86900
428586
94524
19058
143826
38004
58176
340714
1140
164198
174026
92806
20360
137742
1276
48826
34
95014
206218
13696
31288
209590
138968
113586
68616
209398
26178
256528
227964
64096
118
5200
47880
175954
8740
2190
8056
337058
2272
218334
39632
155012
299504
70858
170534
126596
30298
53064
730
154266
75398
10402
2490
138010
26416
20062
3972
44784
48600
70034
307676
250
422
231232
44370
166788
30448
11488
59414
7748
106286
12056
514
26136
124982
69314
24176
7392
118208
1326
294170
116770
1310
378304
82282
19668
38808
321350
87190
236384
14174
1684
123114
191414
1690
42328
334510
174242
35900
26188
50468
140522
244586
98732
205548
9402
16204
21840
3250
13920
1542
3120
13356
3620
30584
214680
289576
170706
58368
2058
464800
17416
2416
61596
196064
262628
85654
244104
140990
146784
1160
163200
206514
88838
67274
184942
249496
53874
333822
145794
210410
264810
53504
44928
11628
23128
680
8
49000
290982
201078
27516
39454
2866
200062
5992
238534
56238
157530
66654
42
136096
6026
1626
426748
23848
29286
206516
93138
9660
4308
99458
1448
18608
48458
105182
293142
219652
79414
64610
42664
313290
90388
6
82424
19070
54954
60838
82336
217354
62452
1064
6
7824
166814
424066
16628
120836
106092
58332
108128
8202
136296
124662
80716
147728
163104
29342
24480
44736
146522
43244
167460
286578
12
57292
4784
4070
180460
139272
5540
310184
237136
3590
880
348438
9408
32530
940
147608
12736
336232
118978
22762
156
115014
211284
193086
71300
255160
21390
1406
101830
5344
273282
82218
182904
29148
241024
23230
5190
45308
6296
210798
206556
7102
142
118736
190966
130060
6024
179370
123468
154206
41870
77484
320206
300374
172734
54268
138190
72878
24328
395780
5312
140248
204954
124184
49042
2680
47272
5362
8558
32218
62088
24486
86
26
100958
8294
8812
270
136796
152142
8244
30348
168832
272
330
144096
159794
22532
32226
297038
98942
7420
185862
86654
136030
182214
7464
6500
144132
130402
305004
50574
35018
92600
81098
292720
2882
48846
36268
35348
3720
7536
149432
246500
20164
562
289454
28240
27412
363042
12148
261708
59450
231324
206
125062
69240
12
140138
2236
27760
459356
46508
1904
128210
41044
73624
34852
34642
3934
129368
504
308858
70654
12926
93398
64294
22738
53082
9334
131744
30624
51434
85136
6906
62330
186560
17150
62232
245814
116942
211858
3072
300
14394
142150
232274
119148
41386
231590
100414
84
11802
3824
97372
3524
4542
54258
297582
56616
2324
200850
251540
113956
375374
164480
48902
227412
91034
7524
16
1698
102336
86890
238860
272544
70882
271148
135628
226668
59104
15982
158300
16678
3792
13880
243498
264800
135830
288254
380334
117402
20460
173856
32908
222492
182720
222972
72010
288
12840
203150
128652
30148
315324
74492
12238
88886
71230
134
189470
147104
268
139688
231210
387230
104558
54668
21686
4918
3146
150212
311200
264008
57916
129024
330802
473346
145380
160716
275738
117052
139420
24732
109332
22228
151768
321946
165674
600
18452
255178
17508
6762
219964
98196
1490
108902
42822
12350
80564
130218
398
152088
800
996
47466
150950
202516
163826
29892
262610
18946
85944
50738
8574
147040
91532
177280
47530
7878
106344
7460
102916
4402
119614
18338
301382
61520
54718
71960
325466
102102
92168
11872
43256
147208
62756
177244
241156
2524
46776
2188
80876
2840
312
69128
71594
24820
273246
27866
16868
191990
76246
274142
4168
20384
6300
114612
193490
9204
222066
518
11696
190904
43442
240534
310100
176838
58242
247082
14306
424468
235758
109202
61552
98540
290412
44460
76196
10358
168724
146130
179596
44312
21412
181578
57186
204788
242068
23962
34
24446
53798
93902
303310
47038
26
219118
101060
238320
193880
223406
71948
96096
235574
1204
74672
110582
5772
147228
316084
4102
186492
222054
28016
23964
120528
243326
158650
213452
174184
174764
22328
33450
58510
636
16562
180010
74
151752
242162
111476
79534
2190
92170
357924
232700
14740
107540
234588
31746
74248
255034
149738
209460
31276
36978
102840
29248
256
86818
248068
294858
253250
428988
123406
242822
95182
213414
29876
183822
14638
347166
176654
252540
324530
16808
118262
253260
66192
3624
88064
9500
29782
218
13052
1630
200808
40910
146998
4982
67426
2004
79360
157068
6440
404
34938
161942
782
20502
315522
185386
10834
369896
157584
310
133404
25520
65140
102936
104448
5458
109288
2164
128898
254924
73276
6502
165360
106110
122912
1640
3920
25190
2296
42892
238428
7734
5402
10968
388262
250046
164548
11110
10802
41618
126438
307204
45368
129760
423318
19282
150496
98604
18832
106486
21618
20364
862
226996
28406
348752
380776
108188
19704
136706
244120
36884
37698
144
61828
11500
11360
162490
289504
42234
7966
204584
338
166958
366080
138428
34316
207832
237068
93760
170578
65262
40686
252944
70984
57144
33544
27232
212588
204868
84864
13500
17636
45968
396
172000
14760
20936
57648
11836
255320
13704
312630
5718
786
101494
1042
311410
237628
334778
98136
1508
282764
43002
50416
33944
65640
338
976
19890
218314
204038
82886
222216
30482
190384
123466
32072
3856
128878
233902
52974
1540
4314
11902
118288
121068
64236
106978
436
148408
323810
68062
34564
183990
7268
112074
174882
48564
72872
2
73620
90248
61744
93194
17568
243954
5672
179706
193102
46628
214
104038
291794
84576
35860
5850
13024
2020
53810
57776
301132
3964
170618
32548
168820
161672
15214
111840
78070
7786
38984
57416
48856
4922
189500
57974
2724
2658
14
255892
54672
170804
197644
99050
95404
106542
314948
56224
231512
355752
20510
70812
125350
13490
44876
271482
39074
158740
27460
69480
246352
5338
13094
36092
144152
41578
147354
2222
132290
56798
416850
269854
27908
49508
166184
40518
222630
6698
165350
135384
170318
71516
3558
177010
150
26450
98818
85834
122
249146
1122
20282
4658
274
68634
31780
60230
12
158818
23758
160056
236506
145392
80754
48612
91312
30188
27240
133952
180756
45514
4352
57272
73514
152668
690
187976
159840
17070
282528
84512
358
134014
3610
28162
16588
273126
17074
367384
229436
91648
25192
14560
4428
235212
65480
9386
295080
237056
10244
64290
1508
31282
48072
217864
4264
280500
231968
336
243538
62044
23062
402
78780
20194
436
115362
141832
43866
37984
5070
27804
146002
137622
25938
1464
3054
11846
5742
419082
72016
85674
152618
82206
99828
270050
100472
21034
210576
47178
42736
16834
42568
162270
998
936
41794
237148
194278
20838
45932
91394
126670
50134
81172
7662
23190
3292
5380
21142
1626
363616
281518
185554
139952
230126
10454
241930
33292
58336
47574
20324
11418
156368
244680
185716
20268
176
71250
25700
83012
888
59424
9044
228588
31560
16302
159766
119928
5992
10388
185056
82842
115046
65718
152864
280322
67244
105940
147828
18346
28310
87416
199112
119320
194400
267256
222760
25176
134724
1098
21536
38984
324
7920
240094
265200
70618
293338
148528
23860
104
259872
1060
302194
14990
16242
63398
208152
9622
218410
121396
830
3644
202798
101898
13700
196422
341014
89162
172676
36660
108456
243308
40936
238806
91330
68212
108536
76228
225926
338998
403250
71218
16830
233316
106760
217056
59574
170594
154190
80140
86654
64100
292552
220850
5500
191158
141556
3402
8646
173886
64614
179738
93124
41482
22392
29160
9856
247366
190644
110380
15250
7850
282
177386
1008
99038
258026
436522
221480
82358
14622
43300
2524
71580
5908
187088
242
744
714
658
5070
30360
14
168954
79290
193990
2620
77790
552
194180
28920
2232
164350
149646
156
50986
62346
25842
39068
139614
346234
15004
300
169044
20100
157600
281196
247880
7076
88814
97946
3658
218708
274
272710
10882
4092
11930
219292
6568
26246
287060
1288
204802
382392
544
93598
13956
1944
9258
225332
304916
30648
253674
2156
190950
10604
252504
192532
19374
83738
162550
26492
123260
17472
1930
24268
291568
134722
11438
125032
5042
3372
24120
87744
5202
269290
22702
14712
868
70756
227438
0
5102
246416
1748
9754
172664
52680
111656
255134
13682
420646
1218
141946
16558
2538
4738
53092
136378
82580
76184
9864
65142
34668
57336
8520
74510
25200
102576
3140
9016
293704
33866
109572
229452
55422
43750
23840
76236
12364
229292
2376
184734
107674
269078
21394
19212
109066
67000
321494
111232
114382
11270
275462
24212
71714
228418
8186
256
35504
28468
2792
140
213760
216674
185240
275942
11882
168088
18190
292556
3472
82046
31000
55144
384974
187386
266842
60896
206640
200032
109688
3538
226610
7456
120728
115048
3536
99228
232536
125808
4886
19236
233166
260070
244708
2522
330342
144
16778
30486
384226
233150
244522
230482
38342
2778
3764
141866
3010
177540
96210
67112
77072
55380
226244
82400
68412
30946
52016
181344
75028
33790
142790
214376
188514
157872
26900
334
5464
14764
288672
267196
63452
243582
259650
14652
13402
223726
170692
1502
2648
253884
48150
325070
93672
213466
102896
270722
77068
268482
142
117938
34566
5616
55130
7026
242108
5270
7822
467012
14152
151210
319480
82852
347324
1378
121406
9610
24508
44018
111662
187910
302874
4842
337918
167712
23598
40404
26212
108864
164774
46996
173668
174762
112712
200142
47666
36158
133018
310588
211580
239746
222254
59946
120932
189690
141778
92848
11312
175148
5516
137110
8682
53416
1900
86562
75986
10274
52692
238362
5822
27546
195824
194138
223120
85740
4718
24874
6360
38626
32828
72612
15732
290388
179064
14004
145206
107644
6528
263652
38720
68930
2234
173232
246734
21550
70442
14
204230
34020
242718
122078
138416
5140
55980
361904
2478
62012
127700
137308
255896
4510
100190
34108
182112
158992
24912
204338
282900
16466
129634
100268
244074
5704
153072
230398
200142
4652
19888
166778
4712
65724
88382
162
24706
39042
159890
247800
262536
140946
15544
13172
248388
40820
2416
71270
94834
310838
175998
22390
112552
124364
70316
226948
335106
76846
3316
166680
8452
136122
16352
20036
67726
181094
120318
13650
6676
163292
394062
598
20682
16048
300932
221836
206240
4370
117612
111550
75014
910
15038
37736
21842
217802
258
69832
175510
75762
298
270542
61842
19938
88898
334568
66782
110582
267124
189460
93900
18260
12760
17050
6412
257882
102390
188118
8550
56864
15876
62008
24964
52088
105666
8702
12698
21482
234948
254502
199264
1422
12468
4236
56116
74166
48372
45688
126820
325194
227078
5676
183050
109222
168652
183566
130558
110070
79902
91136
298198
59104
10646
50288
175314
56612
231826
254966
1340
165524
38254
5032
163176
37584
113486
299148
11166
40068
15798
192280
50
28470
160610
289556
187284
44062
80916
8090
30150
354606
151314
85210
61416
56
72576
145450
53756
65232
374328
6730
229704
350962
85524
2856
1160
67872
16828
210006
56070
68614
97342
13580
41582
53402
2856
4698
26
169998
50814
116954
153020
198254
212236
83552
1078
142752
61472
17662
31454
238400
39192
141348
13846
150168
2722
237274
111102
99138
8524
202732
27878
7926
180208
185402
113778
8376
42468
17860
3012
35174
74556
199778
74060
352
21898
304192
118654
35532
359606
88288
66800
17248
204118
13032
264694
5172
16
254506
1850
66098
70980
83348
33440
372670
130968
108366
151758
114200
34884
34504
103850
338790
57076
12
19738
3774
4566
3126
12028
26186
21354
234916
140224
114652
17562
15708
157600
256100
88168
12548
184264
15272
17362
96188
48760
127498
88656
5484
9222
1884
31576
8372
160614
193008
112724
154030
90294
1038
19308
216040
92806
128618
17594
32894
249876
6234
176972
6690
16
281376
24538
85340
1664
10200
41988
60102
237814
21418
100376
218038
267190
178492
233970
54218
347436
33868
97564
33436
49522
117340
187540
24646
3528
6
9670
219584
4
218
678
85222
14194
3172
19704
159074
9594
10
1560
10042
38430
213192
254346
22008
9976
888
53746
87364
69626
144954
11670
252916
75736
223558
136966
145928
44224
15390
59922
159462
27862
18808
2208
65228
96920
109364
167880
232280
6530
9484
9444
47818
237364
167236
16130
218888
6182
222204
10178
20908
17950
4398
155806
172636
10328
7098
176554
43596
22
7224
670
6568
127000
62762
112
138576
341310
14
3672
38788
16114
208
15640
89434
912
7696
4700
216782
40350
338348
42412
180684
2370
284852
18956
127436
8
43022
30956
193720
113664
8346
306132
233898
183638
177454
194464
8252
6634
23104
105204
75026
52432
163836
17356
2586
58768
249786
54072
317624
142620
78968
56562
29066
162274
22534
1434
69852
16594
464
421044
32258
17836
194296
19178
15158
25140
436
117992
172844
121448
16366
110296
342138
37772
28544
128382
128378
14310
2194
244758
60902
151052
60798
163318
57992
1998
265504
36884
25854
88066
20744
67000
1424
256804
182184
19710
642
149904
282326
5342
88016
101956
8402
7178
20622
38704
22590
236680
232
135052
4548
77922
285886
20708
338998
4596
146
141676
238
4244
7068
888
21714
233954
128130
5414
115312
68214
377610
240858
61168
36574
1094
262268
79846
58352
68366
225994
93210
20554
194694
135668
10362
295222
145320
49998
75144
394002
10
140836
3268
351234
25996
25942
51394
55744
128
6170
225128
13954
17902
293602
23166
14362
27336
3012
66970
247346
24
42444
85598
356584
4
18542
151710
44888
341642
18164
97982
45038
40228
13340
299914
10980
146744
1712
126396
8350
25996
75370
128532
103352
15048
14662
25352
38356
139218
156468
62
109690
355864
55612
54092
62
506
28390
90812
50
4682
91726
29018
13230
273300
156956
53604
31112
618
24066
23934
2228
129550
196288
56902
61214
3286
113742
30468
198826
7500
16432
196
244218
52932
38652
67770
36008
268890
117338
25280
18614
271814
234580
73810
17058
265658
20758
56814
922
179160
245282
592
86204
298024
19474
14908
84
7662
118500
86662
10556
195570
319536
298366
381904
11492
135412
38212
41816
71368
97270
249206
12554
120260
219370
18202
208008
7990
76412
81254
21036
1566
46424
228486
16698
840
22334
4984
54270
19986
94852
340494
64148
41262
153256
28884
144220
32994
5854
253912
403120
134
11132
2710
149966
157592
2
86590
3398
40
592
110158
36296
60874
89820
67684
159502
196652
256500
235178
205858
354432
145374
2500
100318
378770
396
13722
70192
61138
31836
125758
12490
9708
9158
390890
21002
138822
266564
43288
212794
15494
234208
3622
69106
6152
32760
69250
83628
141560
89324
20902
366
392168
70656
178952
2208
61034
41574
50916
271976
2358
102892
74566
1694
183378
21080
36280
84496
109056
720
65754
206466
28006
14666
38508
18394
206726
21638
123772
53070
254698
352
96148
188512
922
263842
93330
72056
27330
82870
48752
231328
53682
151130
248192
123154
3180
54126
160020
21808
83948
13700
254484
74964
109182
242254
111038
149904
161414
175762
16276
108356
233622
1034
116582
81396
135458
12060
87174
39422
6682
2040
54730
73632
20616
125668
373646
37798
76560
230978
446624
21006
159230
109694
191236
2556
3520
243558
32504
115556
264618
33126
66680
364818
209964
198028
308
112886
15088
108620
129686
3310
344074
70346
11854
48318
50482
13304
144476
75006
62064
185866
159716
64964
121588
12510
58088
39714
217000
6576
19326
112380
217452
132770
3894
159590
56696
93002
20354
6708
466290
20940
199530
144624
86896
11092
49462
3202
12684
52300
221930
23760
285406
4250
66904
0
1660
309172
147094
64
231394
232
41000
93148
27544
52708
38022
80120
996
12042
7964
378002
259234
4014
135764
196682
77202
83420
266660
171958
1864
9620
103504
168572
36118
52632
176
83686
66146
12750
186126
220998
170772
56
375412
90416
182008
54680
108908
4420
390
21720
195074
53344
75424
170394
30096
33248
256816
98156
54100
54890
5896
17716
159324
70964
307570
96552
208814
16
6394
5130
28928
3126
57558
174332
164894
114
13466
95102
121974
57848
127984
52762
303530
4834
3666
121686
43468
94090
3732
858
278344
19348
372876
714
30726
21512
222036
210660
38534
238564
44178
1984
54306
101282
6792
224148
142
346844
155202
12624
20546
333468
15590
133794
3762
11754
1032
132622
938
456
283024
614
88984
370806
6006
1152
277636
100704
1272
22268
59484
33126
146806
32022
72280
370
6980
329380
3102
307954
19282
11814
291962
71556
191054
216758
145942
1152
49168
311508
393530
131398
47440
74
309960
82656
40328
162
1212
268460
205444
52172
8750
237398
156460
34196
272368
41836
4806
392292
9554
191386
47298
16522
274916
264512
4690
204716
24490
38368
17886
33158
142440
67820
18912
33752
72870
20228
147340
164632
1372
56156
27180
50556
150276
113598
292
1562
46
10016
4838
101900
168424
18422
327248
24698
146110
129530
440
67286
5988
136922
169908
24912
368886
330916
70822
27460
6316
56886
159948
14832
19598
207508
1604
4842
95964
10748
238694
194430
76324
155482
310778
109364
109340
9396
83296
118248
125734
86428
106902
8920
64152
132964
187394
105980
250260
226702
232274
34364
310
61570
6502
158118
906
154
210142
37592
434382
792
98924
167600
80632
147228
293186
193930
5354
161038
18332
139320
384664
31128
2496
100812
13522
29770
225560
61092
320826
32202
274020
212110
66
136
309644
228622
375042
138
45176
27748
2404
1730
29948
34248
68568
13392
96834
118014
0
2078
250900
279334
48776
662
329264
17690
396558
1490
13690
100530
133018
58688
168854
166264
34884
65192
8412
49328
110530
25932
142998
11068
34480
24000
23768
44132
342674
132864
7728
4662
337032
161940
124796
189146
14148
7548
1216
17758
121148
102576
42424
123620
23200
367386
190320
48808
1260
2330
75920
42
299874
101140
403380
224358
22868
6442
15768
3388
127464
60336
30084
222310
177374
133266
113514
41688
39216
9018
135390
11268
4080
8394
100488
60242
73656
269158
30386
34134
28624
361188
32990
116914
183520
2030
26500
229922
472
114756
222148
105596
125324
295778
50148
8138
4066
131962
7016
204782
118832
69782
94504
356062
251056
206050
65686
127184
6
56994
233686
144054
92980
134974
88076
73724
223824
77632
10808
160050
47746
107826
78860
86708
211448
315402
139498
384884
17532
24936
32238
45720
94056
250218
37996
14194
23888
230874
430026
112694
50974
215664
368378
177142
18042
26880
101338
91176
178976
189062
4022
72308
5816
41658
75752
5648
5470
111762
183500
162512
110432
317572
43920
554
3988
137314
332978
96424
14354
372
44898
12
246514
2090
114610
64296
61270
1212
7488
304338
15780
56754
7642
258446
73374
89922
232642
15474
136
13778
52096
7050
59666
250290
352
68416
124444
6524
9778
4212
244744
18490
220064
46360
282700
161672
4742
420
23892
37898
6640
31756
42590
260458
95124
50240
3298
4744
0
1072
27418
12586
125376
92138
1278
22
48128
27360
6334
27340
189134
401028
96
86824
121268
122692
285244
92194
173078
390
419856
84596
81296
82720
226920
18126
7758
44694
38666
168244
47556
19158
3878
15966
77148
1298
223266
11480
179934
6136
76578
4168
64704
278678
142704
40930
68014
17284
100072
3604
88434
173448
358016
9698
18888
205374
3298
25508
151484
58
226818
1646
125534
57250
248598
234566
13506
370736
155478
85150
127306
311282
230634
382716
179196
6770
2724
386
158932
1946
85842
43514
13640
50330
7486
310994
19356
10772
16028
208708
144584
9020
66
51190
14192
141732
240016
894
342814
214378
40586
168430
337592
153108
392622
2246
79292
11614
2026
127130
258102
58980
19326
69258
226524
42966
193360
57778
13210
2730
179854
143770
49822
39074
195344
74618
220944
512
524
41610
31574
5026
476396
13072
19216
1186
158058
163744
149566
242270
22516
307682
41434
98296
53906
25930
129828
41112
962
8302
118392
93332
542
219784
299530
104714
19922
3366
61908
58260
1168
22
5820
116194
16804
181586
86800
16800
62510
89642
56102
350798
137536
233376
181026
246056
0
63856
5770
107318
48342
74
24590
4
140940
25386
49310
69000
40014
74708
42520
357076
308206
147522
213990
17852
45518
60
363188
1080
225480
329754
88530
51034
9236
363822
63552
98318
88014
1640
62640
162564
58874
186572
153038
241738
69152
267476
270714
4632
34456
32922
10392
1904
4196
224624
223106
86322
33194
7594
62690
14838
90954
168388
756
160594
4328
76636
50578
124540
142716
9348
2776
151612
10770
179690
15164
255096
4054
8898
105492
27422
245664
32740
169770
176054
171288
118402
129388
83232
3366
40698
3916
274274
278520
85180
12348
28930
13794
397678
146114
26096
53354
95080
233506
24236
63128
33046
1786
2896
103068
8500
398988
278158
9760
235120
28640
137578
71770
203648
51870
179528
34036
231138
400790
50102
20936
229560
96466
3294
4934
3402
217268
49646
121458
39874
38718
2708
193266
2474
39318
176168
11942
124260
21260
1748
226610
90556
215622
133028
77742
241074
3264
39258
113578
134180
56144
4710
296464
209776
171520
7414
5836
341772
230
664
191220
4670
91496
177278
432892
409600
302900
6864
1514
716
95014
1310
47086
3754
2
37854
110310
31916
14248
228540
34288
326510
197438
372050
48972
91922
1568
109014
184396
4786
29240
72
20032
206
116852
30584
8606
2602
38108
316148
5756
378304
193924
948
38070
362506
53280
17572
13622
195084
338162
55312
338414
84138
27510
263266
284278
111940
107068
89018
13852
19854
1684
217426
11174
15010
2840
28742
38838
193066
151458
243752
138048
113570
61686
265752
53480
91038
4634
854
320476
213142
46392
54
131250
52532
292
118
337712
74078
120040
215340
5114
4882
124838
34028
14552
151670
36288
433954
83496
203670
203964
34148
107400
141126
12694
31100
154876
3988
23404
264116
89972
936
197684
260654
16710
54454
2560
297720
7618
211462
179208
137474
4584
129786
37068
201302
55342
7140
1886
170978
12512
22126
244188
33874
612
2248
320370
286104
14248
28416
4564
67934
4162
14828
383946
157202
37462
214940
17810
193804
245424
9704
273064
253302
15134
159088
128858
832
73590
12940
203192
672
50360
32450
124930
83450
219118
474
11722
299360
78082
204030
4
112354
68302
118340
29686
158372
18372
10
282
108860
39926
250040
2534
52832
120096
1554
1274
5060
414778
54074
29370
19720
20466
210022
167064
76028
19440
1982
208
63858
650
174414
4610
7988
179226
220312
68334
37854
8744
1868
52428
106998
58292
10402
26256
261422
170352
222790
309620
38
20740
11906
9036
128236
67262
3574
50
10990
288256
253886
114
134558
317148
223014
2978
94074
218092
113504
88952
292972
1204
207766
34070
162666
85116
18246
88666
469264
100280
8852
33716
306016
48762
21522
150736
130096
6654
18988
192532
344974
37820
352600
76
1932
32760
6858
30136
4470
282384
33294
187666
52016
21466
213364
29238
18312
37790
59208
143920
2078
173810
158158
8
4146
43326
133852
1678
67568
43122
332434
219436
73966
19274
121918
5280
70146
107066
3382
59876
58734
5912
159390
9428
3266
4032
62892
149346
79178
428654
179610
13102
464610
3328
49594
3386
578
73000
375414
34480
2708
128606
44226
148826
122682
5026
284652
341044
184180
25838
1638
39712
55290
282
147226
109732
91384
29428
564
28746
168192
31688
117546
19648
314188
362972
12790
2746
94290
8252
277030
154284
279266
6622
14132
107206
193734
45746
65504
33094
18964
77162
93510
155212
344070
244258
303518
163602
3524
1210
105728
66118
32578
143150
7616
12512
210980
68338
12594
64688
247146
112764
94170
179398
10716
117200
102150
258038
332816
21366
902
110900
346
30542
122006
52104
60638
518
70586
406328
88502
133108
39446
4248
34
132468
11068
342636
1630
251198
61306
72112
8218
3414
225614
12
3530
3296
2
27146
10288
2654
22474
54004
128124
411908
386
224624
40568
185550
3652
1392
202252
65662
277040
162816
11846
9526
325970
70394
164334
38466
174952
97606
216968
25996
6446
184090
27006
4096
10
888
21960
59824
2254
383306
256968
1340
79814
3658
27684
180666
32560
187462
244326
61414
13550
235246
189892
62868
32056
2850
392246
61506
10
2338
78134
342396
10790
34492
141140
103608
37006
87010
72626
135134
4334
57468
47622
402
105804
24570
294
214412
33768
77972
2
202860
490
11328
34
32698
250456
126552
55448
180734
50264
191536
12
1580
157722
13500
19806
204822
141750
114930
3124
110814
91902
206
33838
212824
214412
1662
26124
166042
23854
219584
79512
210266
1822
122342
201158
53752
103652
83338
23802
3676
18716
383744
199400
60866
254252
32148
169698
121502
111808
61700
273922
238
1906
105310
97204
239784
112406
55850
77156
53978
504
115340
6482
191858
158538
534
309696
112184
305382
17538
92434
232960
89038
59852
55366
11466
55716
8
50558
46032
3610
128940
70374
2754
264100
170478
245786
18244
66092
550
53688
272280
25836
2582
896
183852
113716
282232
117588
47678
258870
224894
63240
5382
614
256042
287034
109846
238598
18392
70824
91038
161708
194814
98744
22986
58014
3190
1674
400428
170594
75062
118942
79752
367688
68932
225776
123060
99314
190940
284210
56268
6546
62
46132
6230
203920
128814
18536
286490
242684
387044
6822
139486
37902
56798
8046
323690
8872
19168
232426
270308
6846
20
194784
256680
42710
140646
163972
51950
9836
11944
956
352164
4
5042
164280
245844
2616
111126
191526
95670
46380
41288
143010
73382
106230
111106
61670
16804
209150
241016
28162
210320
42750
93436
416
112734
16016
3690
143920
109518
44656
2
76540
290
101192
12342
714
106806
129102
19440
227334
16938
217516
2070
174642
313112
228662
11090
233726
4026
426
185340
326686
227014
100110
92568
321780
117390
255858
253914
209224
159568
114882
46402
31338
88680
15212
103334
184190
433388
164882
75686
207568
6330
240452
758
205582
139178
168250
2368
125488
323024
9760
602
84566
13138
97986
348188
214440
64308
84158
2514
229014
88676
37308
102886
189962
83346
6614
243882
36258
7934
24642
3578
62502
268482
71850
10642
191328
93482
28238
11450
57320
265582
444974
253082
251286
145942
69046
204738
1696
11098
72448
71408
182668
210522
48116
60704
116070
4444
10416
14742
155124
366806
270372
58
4912
172754
113588
257210
102318
818
196200
235952
136
25234
273528
199350
203918
190006
5524
143910
18252
252090
155034
106
8562
111692
309880
27700
23638
201978
28532
39454
2
244158
106668
214324
343412
4950
158622
117750
652
128850
428
324008
9622
291254
263816
295994
425256
37178
88856
438128
227910
19236
150524
1666
32296
66530
3240
3538
248172
288986
2192
128620
243990
123430
260030
274838
185054
231058
5756
183342
418588
11206
88014
27830
2938
214078
197522
166
28808
31106
107084
48120
211118
302846
15662
404702
197196
68326
287480
28896
21550
1862
18240
175218
414744
197628
62
16768
35892
69254
1792
117372
80458
137644
207956
60066
20158
106302
117800
5998
104648
8508
3402
23278
218342
62370
115428
178478
249080
13158
117026
86512
94522
132
6878
27842
8068
95382
191374
140848
91974
86522
28684
103656
246
6748
67446
104428
22914
4850
197442
142584
75972
33816
94252
140084
384522
77696
106304
363328
21836
39572
24924
110374
18296
333758
123906
40770
5370
58374
162588
208958
6660
55796
297874
99974
61914
437736
123114
145828
35196
48430
217708
231320
209702
101500
208340
39174
21376
46960
84720
103596
39512
11440
28520
190562
57050
44508
111906
151170
182334
109586
7540
40756
2430
277120
42
19614
16
3334
30396
198940
134368
3214
226696
166518
272550
8390
20490
262
93624
57408
190422
99180
10356
144184
305842
68516
136280
16238
12214
1200
231904
115662
134944
108176
3600
140856
35720
420344
51370
76456
46142
180472
135624
19238
39424
13590
116626
251774
9978
5036
111458
196114
168638
32520
6826
16370
376726
7078
69950
182626
410032
305910
342460
192532
610
42334
413944
20434
93178
1670
53442
189022
95168
130142
75366
8846
1584
123814
255482
1150
130816
181718
4492
277688
135282
85176
209358
86124
176850
331846
257498
162172
38778
117388
52408
3266
44504
40684
4906
30638
8470
278
175648
299150
30110
7808
218500
34542
55638
92530
75480
115540
107920
142222
205366
101972
2164
203546
666
193836
12096
7520
88502
23584
4120
56482
778
283468
638
50156
84888
112938
872
132386
274746
177032
122106
111590
75180
90946
15994
3952
44438
78122
247118
4794
3978
176428
23178
166610
77756
184424
332672
34838
175244
402776
72954
138
225966
107866
130106
118498
6136
66798
5474
66242
118032
257330
131008
245242
29406
3334
3906
26962
12764
181570
130816
194502
3932
130852
266538
66184
7534
1110
1428
12702
277846
281998
47380
2618
243702
310680
1364
189786
3834
163244
27774
260620
5872
40690
160456
7550
153718
144240
70700
11880
37678
87248
309448
70304
18888
52876
20482
37692
99078
194760
316990
864
109562
27052
99378
19240
8380
25866
135850
18660
338228
222794
124518
11704
390
418188
38462
820
2650
15044
408
209700
43080
52976
266
546
36320
111532
111242
140468
59778
86266
260962
62328
1582
60420
11496
169410
134568
183486
178310
90554
67846
32130
90754
362332
366214
126092
192532
138
12664
121918
84634
2534
79148
124662
191496
171042
12762
285750
14574
1340
3868
96532
57028
64336
790
84300
58
86054
122
44958
106184
387632
3570
149370
125732
40326
50582
301876
236060
49076
97264
117674
43434
223640
2902
222072
45890
41550
154218
7520
72768
101608
117532
27754
253468
270544
97594
190062
10726
1488
151304
129458
39876
83092
7948
179424
14052
2014
221766
212978
9120
176498
588
169074
1200
54820
2964
105316
130728
133490
70864
135580
71666
91228
52856
45482
460542
15702
232328
114018
74162
75740
135732
174264
151886
223868
896
20120
59164
450
14176
391800
84624
167224
13224
173748
299932
9780
110944
224108
20330
26442
185082
199050
159454
8468
170522
142410
199612
131830
153992
44822
187576
39250
11480
39626
1556
176294
43590
127118
19880
11936
124928
4028
156264
25834
69286
296620
167944
140800
152366
120998
194458
300270
78272
160140
70838
221464
378
78
182278
127338
4082
239828
220668
19986
94312
25368
16366
138640
166340
5072
18542
1072
17106
307968
226202
102422
103846
8144
9790
228094
186058
49924
161520
3092
67126
12788
35518
73268
236388
38440
217334
172940
181522
6580
8764
180716
109646
63114
139730
30154
41474
140244
23234
4900
143378
39672
2060
209442
73742
51454
40
98344
15938
229792
163344
42558
49776
133848
4866
55158
28174
118
51974
9322
116356
212070
28852
5020
30734
484
13622
166408
103752
405562
264624
11036
144280
72806
83512
267108
22870
235218
58972
27042
2622
107678
96570
15738
150444
22328
126184
293964
19932
40870
3544
0
273628
146974
52172
1584
7178
46398
62
313314
83744
201670
348594
344
185868
111904
80320
100500
54560
351068
76934
20552
40716
103394
212100
122388
215168
64448
305170
216954
22236
2224
5354
237558
43532
487440
24492
608
263878
175508
204932
576
45480
36914
100368
28090
44504
43252
124168
259412
98460
52956
14574
55638
96234
5734
200426
266482
18452
49336
313830
176278
83506
129916
2832
29134
40334
241450
688
9094
160234
153234
66402
84004
7414
12896
181332
7956
3828
66244
120230
13686
237334
11534
60720
504
77184
138918
57908
86432
76838
104570
228902
31444
230428
3920
16
198538
784
94842
5646
284210
20388
83764
48858
210822
95120
29270
1154
15714
9720
190992
63848
127202
41184
265728
36186
104
10648
170320
464216
127454
58442
232702
207436
118000
149170
150204
171794
92036
235294
139032
7594
55496
50334
173738
26514
11668
118694
8472
24818
124922
214884
190208
293958
9460
386460
26812
48462
60488
296286
151048
7708
48586
240
132492
78270
48828
14428
166088
7532
49000
106376
14106
173774
61084
57874
135656
15000
5500
217082
174118
35928
13536
90130
4072
218940
227458
64538
78660
28190
254752
3746
16136
84248
109766
74012
88220
316814
219400
135410
120292
558
3440
400676
82718
4140
47252
1360
79118
54
38126
70412
327782
19560
2208
35370
9798
123210
262956
90990
77794
209060
19000
210
133904
271298
1078
121378
88344
290616
204516
103596
265538
3662
10808
20370
294602
101022
179748
247492
61764
114114
80786
66172
202508
25082
253330
124094
174264
273188
177256
321116
63346
109800
39234
66714
75738
86100
4420
130426
82356
55582
176990
1844
144776
315060
455206
40546
9314
17612
202250
71958
66574
76808
25854
22488
212088
6
142822
3436
128964
37286
259082
118646
31662
263528
120990
118762
71190
37030
17444
190206
167852
24354
10632
29624
344002
620
186422
114886
109224
4838
197632
40726
317718
54732
315646
11326
397110
107126
2798
76556
182598
132726
44656
83682
18178
25402
155818
181664
3906
60138
308890
40518
8590
194644
117838
165178
8498
78424
392
1346
16
121794
224974
244760
5954
227840
13370
294416
3288
173188
7566
264448
98408
119040
61100
10592
154312
23280
259704
14914
18938
4312
167068
138552
94932
238586
11218
62962
193160
216690
123122
19118
254818
71608
158
266630
183652
53092
38328
291800
119968
231946
68768
26260
25052
110756
202840
145912
390258
622
103684
24642
136
36138
179748
301490
46830
246572
31766
442118
109756
94828
135024
4200
109396
21374
344238
207304
148368
230450
133892
173524
648
41976
5052
145656
138370
45120
72216
51684
3786
82288
270352
10814
0
60918
108300
32422
5874
6508
13062
179574
32984
94820
7196
42832
7272
134648
231390
97642
6910
224784
39372
326
5768
45480
16580
275000
211598
139800
108092
151312
113262
89554
950
16714
12580
88832
137038
34348
257980
60564
197026
362830
45704
202506
133110
99958
9858
62058
191084
48580
153300
147264
54
53344
98344
217418
48978
31766
17010
299476
41162
124090
23432
153000
351836
57206
205768
29292
19268
145256
139458
2278
200320
14528
249858
90852
304568
159064
108340
5478
145070
41616
160228
50500
83088
35350
54072
95926
369122
434880
153674
1208
44418
202918
26272
25554
5244
176834
7246
305222
48132
102
194
110388
262348
78150
114692
86626
36688
15902
55434
117448
21420
69380
161284
121604
327004
16596
20
106010
11656
49490
16
26454
70560
4786
178792
354796
390406
131134
136850
18548
41790
12194
43728
31382
271720
105770
12012
472
259922
71400
2
35014
66286
147618
252786
4868
1022
141262
225002
355252
157202
232634
170804
114736
81192
12
73096
19998
120888
137860
131572
5028
245888
59778
158970
49836
8480
62104
135652
302928
1696
39642
343508
301020
6456
146134
204020
22104
9724
45624
192730
158408
25568
117034
73280
33912
3862
23958
94830
142572
83888
344436
105962
138754
379506
43424
96010
70410
7570
74402
157592
33272
250838
421070
238092
11188
3302
12778
235352
78
80
29226
99452
34264
149992
76478
2170
302
101724
35072
12808
9006
19684
4312
17582
129966
380082
15408
2
157966
39102
106524
904
42238
337186
266484
64632
6398
179266
335398
169010
210200
51730
20330
59180
132638
242652
82782
49460
21938
114406
190620
210666
198028
255066
922
31596
93492
157256
78198
65628
184814
4266
42108
70968
158050
162926
30458
15818
216948
1472
4608
307698
402862
13142
275860
217154
181180
383432
200960
96468
182000
21966
52
12976
27378
52488
131722
5272
263876
23892
257716
57706
190850
174040
60860
208222
11000
193224
17610
88804
204582
35456
252864
141542
229218
172892
42770
10282
171650
150356
94898
5376
35114
67190
19114
654
3442
156128
298938
89052
8532
6218
7560
96972
117386
23712
88104
1068
164612
173364
70378
207792
253200
105100
242958
150690
136234
135740
376876
91192
46428
62040
31758
200124
323540
220214
192098
10824
148920
39786
466
134722
26486
3292
70508
9750
5606
19432
21722
53202
72772
236
8502
150
186860
13322
85114
102618
264030
352
252534
2998
3546
148650
8976
65288
278620
306758
175930
3580
58680
254002
105478
135668
75718
371580
195806
366546
1260
235942
243286
8482
2874
2030
253842
398064
183944
68874
47412
101372
68590
237136
838
13224
341776
104
263112
183868
1326
13370
6890
9248
436
103278
18210
117334
430
166182
15106
103996
153634
782
181422
27034
62640
223128
142572
153650
16094
386698
50062
36530
161684
158664
128150
50032
74432
74146
89480
69900
10198
97012
3582
818
150994
34604
204
273896
181718
81782
1744
102240
176622
9266
83294
57592
89604
104402
219194
139406
25012
15244
13672
72138
10152
636
67776
165310
15422
2646
93046
50672
131756
3810
103028
65784
12336
39132
345034
123318
86914
198398
9522
80666
285946
72660
121896
66940
2236
5686
18936
40696
295170
862
55794
124786
163600
101242
32880
122194
36616
1098
101360
275844
27076
108228
293272
128846
163598
1232
205866
236660
113486
162874
4492
152100
82886
334344
21022
6620
12470
2190
18812
153032
1848
218252
1290
21704
18254
45096
17908
318886
134744
44296
23002
4404
154808
64438
181754
146134
64410
0
1374
98576
117584
448448
2778
200812
186740
29348
69960
68102
180
5436
79646
100136
120362
328426
74672
190552
205092
41822
12084
260622
14138
306384
2550
211762
259138
76232
148
3326
6558
196186
282
23240
59654
6886
169954
146560
1166
219356
46282
38118
160084
223328
12946
11990
182568
21716
36110
339528
3294
11414
12338
32736
5798
277540
28280
303114
266998
11300
1628
77632
142112
5336
42852
2160
277436
19496
5294
18622
52572
1598
158220
243630
39012
170
4066
209158
35644
150160
214118
3052
106764
189670
8244
18432
19082
428
104
51012
182784
86548
153906
71748
185228
169722
76924
10716
213820
22406
1162
51220
82632
128808
283046
6020
289616
109844
21186
123098
451468
226
4520
8708
18424
21872
5570
2766
191068
232
13084
134652
38188
127770
37710
176920
13248
33952
21244
91058
3990
123574
175672
4152
9264
298
10500
152682
60332
18186
64866
63784
215528
269050
319530
21998
341710
11428
55668
6938
92348
97246
47070
121544
111430
5626
150416
37332
68518
10484
20600
44142
164792
6362
135964
161074
87214
0
69468
42752
15876
6292
228922
328700
173346
76528
77730
5474
16098
14684
145596
115740
1952
433454
340366
3658
197828
130
99196
48534
213986
2740
135684
247930
61170
85810
201990
108118
61514
204008
5544
3454
126006
1100
160236
24316
56982
201562
183866
838
1328
181300
11204
27214
1496
93604
5570
217166
2424
203362
151672
207260
242272
209272
438888
2548
29106
136996
93690
80054
40974
125638
151516
3724
21646
254840
331248
11882
75806
65556
79760
18728
1178
345788
123324
81996
4102
8646
112
130866
278224
287850
37868
69420
280838
1068
9848
112018
12274
21740
90298
60782
385996
87236
89538
2
351736
71518
17204
114238
59620
223052
165950
3374
1910
35246
159364
72904
26008
48886
73940
137982
116
216196
213680
2
5646
222460
48246
221832
14546
68968
48414
2334
140162
36388
155152
244870
292144
226824
52316
170726
34462
14650
17086
534
108776
222
27006
4816
32830
116948
55392
406860
13856
60948
13112
336794
166658
86928
82128
189740
204092
5766
105300
30838
86666
467800
364354
13008
88276
4186
42
28652
217106
257132
3602
221916
84524
286006
108186
221716
44838
29926
13208
126950
12294
9642
38062
20338
782
362060
672
129616
77456
123256
1966
41556
48982
774
37666
127420
263046
78526
718
36442
122296
79142
112894
49658
46290
4164
93914
222862
15914
107396
38456
317548
55784
139160
159466
67382
75422
371028
136
16464
227084
50928
324316
37804
217970
4092
298840
6404
41746
2518
24440
169300
14472
77640
39514
10206
1920
412372
6180
55870
258448
4200
134722
28938
118136
50996
15894
183666
252226
69366
6770
11212
108772
242806
61810
297488
149526
4280
82572
79074
175446
71996
147292
492
71610
70180
37626
45642
34716
44098
188146
476732
196144
210038
6238
5086
10392
35552
69430
1348
13794
8744
1446
162172
15422
59542
109620
262730
31704
31986
804
431716
42890
65642
120564
38422
268444
329988
81174
167716
57018
151046
53578
113158
150942
264592
165742
2220
9240
19828
401786
223280
42
3848
9476
20666
274566
246546
18940
179634
60102
16138
39174
139398
65224
120580
251658
244738
832
267502
13604
34728
256622
169770
696
27656
28248
204914
12260
27298
3126
101320
246550
283278
130664
48018
280052
105962
229916
83460
10024
239648
215486
5526
97338
203226
32870
5712
228996
1780
140
328654
152044
91128
534
192136
240456
4234
4492
2368
8458
2490
57428
74674
260442
29772
95422
2934
281064
213776
96122
16098
100038
337902
1220
166
75830
254
83098
60232
20824
299078
13960
7324
308072
153702
106138
11600
32162
72
4144
13920
20294
4236
232070
104910
153728
3740
854
84370
90632
57456
125206
322354
67912
16
60880
121646
366204
38
56730
175494
4178
92818
123360
43980
408846
294388
97710
11076
73082
279058
249188
189360
65002
84522
238
22356
131118
30364
4130
107924
59912
243990
11434
100134
204182
69520
175648
152632
22
13666
15470
3440
55166
97820
72500
140040
174106
321640
41754
84034
322796
2798
15508
220612
54712
183098
31554
71244
6220
11996
161982
180154
224066
438482
56096
11196
50840
522
12376
157244
7414
52770
68428
427034
209718
178
61800
325608
59806
14906
5878
280746
3982
12906
20938
9460
2270
1418
22114
76578
202
69940
2502
48022
145678
196
221836
145214
21614
1958
32272
40
31794
14686
92206
75040
266398
156998
307664
13150
333622
54440
233474
80828
784
1704
13354
156144
69310
276548
34876
369882
6770
17682
36878
10360
94466
1908
46078
13840
291822
42882
57888
55670
261482
4
129484
21882
90
17878
81280
250986
261300
20368
109942
46404
297162
328652
3334
105500
396202
38050
412560
27100
282316
111270
309132
60198
258016
105390
208396
66278
333818
115526
51920
131530
70684
196356
3408
263920
4256
91936
76356
8806
376
361756
22
2
134752
100988
248
75632
124734
1222
47674
312836
109712
125438
13776
262680
2278
194338
178052
42048
36500
10774
265384
197558
16040
50314
388184
167808
213812
73940
8760
185214
41510
48100
71586
6
29376
31622
17090
264140
6554
295202
24998
71672
85190
158536
95192
288060
73860
2746
17888
187640
437800
32634
512
95868
26692
25628
255776
14268
134036
66908
188738
28786
35140
205130
234552
89414
9142
7064
20350
828
248606
364208
273950
18018
141186
94354
2000
236496
258540
862
171984
139218
24
264192
63448
12826
249218
188926
239920
28436
14520
122614
24834
328956
1440
204160
888
94830
238000
292480
76604
3938
35170
20784
162666
57886
303832
3646
279908
162928
206626
50602
75970
21448
25000
2
2180
74432
346176
20386
21910
33644
175522
267826
175648
108100
109822
254042
7044
16310
28620
105694
324930
215442
414416
3900
64630
82556
130432
7214
28334
363582
16114
169276
294
128686
365536
237528
25028
7692
38396
1108
55898
52666
397214
224270
1142
30198
114512
2382
43676
1258
44524
40442
172656
10018
35594
113058
105380
63958
66258
98046
112296
253076
77748
17082
149038
59942
16432
43494
24876
25118
188134
194326
185776
252
9658
884
77944
179916
34234
226502
46600
74666
179876
229712
2124
136182
229388
333786
179030
57152
45658
252266
47042
17012
83442
190106
215158
79322
380114
47326
17150
1266
161576
29914
104178
245636
284168
155560
52830
403862
79772
70758
18224
127458
3846
19816
1642
162684
9718
170934
3330
351544
67736
120532
17648
66826
109658
208288
23664
7020
139258
19062
21060
14004
177814
263816
145358
167644
6100
9614
191528
7550
31348
2540
1638
78450
216562
103216
28054
127522
29686
2090
58
74662
126298
22494
57548
3642
87720
63468
111672
8440
140054
26810
149002
75648
13060
21118
5262
28918
165340
97480
107524
2648
215260
31118
7200
237734
180156
42984
2628
66
200452
2310
49606
4142
55906
7340
83536
320118
230130
40
10616
229056
129078
8620
17766
3240
144
206758
6454
144458
105854
53834
172
158706
60232
23542
108344
4868
334586
105048
346
40546
3918
5670
87614
217314
19824
8288
6024
12818
171052
22910
266082
3886
102444
58380
44230
14510
58578
90696
134980
328724
272988
227964
11156
32902
109538
242894
38198
68640
168724
446
89392
182576
130162
30980
16052
181210
17090
216020
136402
2502
109364
34990
60340
300316
8964
12818
213194
185222
127780
71128
34562
274274
4518
15106
31692
8008
8346
15118
4704
25496
214374
9702
232982
349322
216084
9282
179408
6726
50536
16402
20
193212
87784
90
48416
6206
427232
24
124096
73078
9218
184846
41034
227414
246790
197522
510
3754
274
113386
49664
1484
29576
9018
31058
144682
72
96288
103342
808
180320
130572
347728
104066
1556
41334
109790
140114
125156
27960
29062
33456
32180
79106
268540
88676
40282
22
1972
3680
28670
100342
209200
301276
141182
60826
153926
510
73650
54258
2830
249096
7234
130768
64406
16520
27090
1524
57314
122980
176350
33608
24342
28192
129314
164254
62
22772
212
318
158020
110
16910
179324
136254
23148
942
10050
7734
157726
8
294526
166192
171088
39202
14256
224696
15496
374166
376020
148804
848
95068
34438
370
24396
79132
30648
165740
138404
176
70744
269454
4
120066
17458
922
86654
220238
87492
43134
2902
86160
95788
129224
123634
79636
56838
2694
42632
238364
345300
34468
250824
192044
239462
58374
7696
88548
361662
251228
34426
76208
56156
166618
336376
2368
6672
13356
4944
140770
166758
29476
97544
298982
14658
14728
166448
212120
343378
98702
52650
199712
146748
207792
417474
10296
71234
245246
26884
64250
2720
11590
70108
2280
215180
7508
46876
335078
116288
66778
31782
116520
385472
241118
215060
2620
114874
402962
23946
2022
114970
275278
67416
970
334834
47516
19152
76726
356318
404
252020
250624
198178
4524
229446
130416
1486
8226
3784
158
223448
20
249874
43212
65828
4934
151598
75904
6454
160258
1718
294442
218048
63688
220100
223954
22670
63380
309690
192
150752
88218
16106
29972
125550
996
70932
20360
117434
48992
278514
66260
9388
228578
384166
33434
53024
68962
41024
73378
3382
272
72
1400
97134
132056
1168
242360
219306
1032
214142
2126
37632
189190
24986
532
205314
256120
57998
56
534
241448
217878
332204
884
115422
10
309442
344216
14686
170930
96596
372338
212462
187000
730
239102
9168
26976
92468
36098
1200
21854
1300
180894
309430
13942
16144
134512
98676
459512
135928
148248
22460
324
248098
130432
84
99004
70506
18486
374
419870
63746
78938
44038
69648
538
16440
212
1252
2628
196520
42
375414
34198
17542
200686
331736
221398
27694
4832
216994
117198
18348
113484
318106
26872
22910
200802
31010
194292
80862
46046
296796
24934
194988
1946
297120
21718
204346
8102
27302
112934
24254
391378
4518
331540
220860
8152
2638
315016
2436
189964
98134
96226
248312
6
87020
175306
68872
211944
180464
103070
882
202646
66
102
219098
96590
78448
336414
98502
31140
62974
3976
1222
67208
28206
24840
34804
1050
244848
388
4640
155686
72494
41766
436486
556
71924
198016
62172
204864
225620
290660
118370
1548
316608
87094
8090
36316
65786
3974
167322
130304
21206
26332
213782
90
69276
213492
15746
99408
75552
263590
13766
168536
307960
204384
301312
4
198320
83788
156
188270
33834
8686
3222
26474
60972
54712
13128
860
71510
278
20018
21992
14248
180714
28498
104664
2310
125384
35744
8388
31362
151712
11078
6172
23070
298966
416200
1626
112408
9880
8054
26280
351018
9488
2464
74978
194576
88066
274206
243638
35366
176118
116
308916
31134
70540
14770
270812
101320
110724
222328
216690
82978
3000
23790
287590
192170
85746
17002
184106
82838
39436
457710
7294
140422
235052
11634
102568
90618
86994
560
308112
270498
18696
152416
234240
25234
365278
19498
1020
37430
199722
2542
176540
48450
1050
8418
306702
21240
315452
152
15568
25384
207862
21100
20116
402314
234518
8096
124
318
179174
41934
490
40058
7680
14572
107298
63130
400714
44272
26228
16482
122146
64248
80370
40444
86700
2932
47914
228078
242182
34850
32146
129916
21416
127812
151286
115236
55468
245084
243114
169524
668
1576
185900
15082
12494
41246
203962
14262
32058
52396
17530
144
186792
302492
1022
73600
117684
38772
5992
120136
196
95414
30
46696
86682
78054
32222
229112
150216
196438
45534
400770
10650
150662
12
840
140998
10168
279612
406706
286468
165778
105474
28634
370038
1732
82262
57996
12548
3206
24068
203322
139076
3276
79430
68104
262
290162
83064
2312
1264
15476
173524
24070
56858
176900
99500
40418
127470
28184
71860
66666
115390
427384
81738
102436
107476
180626
22994
160344
136396
7198
168274
118004
73698
187698
156940
56634
144286
16104
23196
378
476
80294
67026
211484
205978
143572
16188
181884
70858
366
110926
780
187618
183072
43718
3366
47958
19394
18010
111930
27874
45918
1894
68482
144890
21980
254280
17876
149666
67028
328952
225870
2062
308
6844
54
64846
32494
137912
90062
29030
158876
36898
44398
98460
13578
852
263162
3226
207412
10386
9816
620
196
316086
58852
19568
219916
6106
123906
135454
57036
244528
131728
202216
88132
142578
68420
38880
227710
76940
205412
75648
114424
152676
2276
13122
1148
198686
25262
25754
227730
45412
9796
402542
6954
73062
3816
90468
241658
61890
57044
7704
232308
18540
80848
302414
37150
182210
63858
738
76
95428
54634
238734
954
265300
36898
290928
1914
193210
135212
110078
510
91998
201014
54034
26592
70424
3374
64562
184278
4456
16820
191518
323810
18280
16066
14308
122
37758
157148
273528
7656
20772
1426
147444
248430
30666
126338
18964
352200
78400
1874
236090
56026
10914
143168
274392
5022
13916
7404
13446
274
14832
164780
43866
10282
359416
5502
20334
68436
98566
75726
53482
155180
85220
150008
52294
136250
49418
10430
121880
233910
178
131778
50146
253402
6
53524
898
6786
63266
31600
268972
185110
9076
18350
52
215526
89552
17210
386
145434
59160
210814
77146
60284
11596
127928
306960
368070
362204
286978
280232
4066
152742
254346
394124
18016
328952
107212
2150
244438
114394
210442
9774
12220
144388
126650
235212
371652
151768
35898
23002
28458
147042
254432
128926
108680
77382
63000
1000
24
173934
85502
139614
74462
60704
8972
123482
72
129658
14358
115838
60178
215120
361996
10230
194428
189582
76408
50
143360
307620
376958
291760
11382
35508
83348
226620
205598
176504
150928
8
80460
64928
86478
101080
75150
25710
372244
336212
133364
6
16576
2936
90292
1026
6560
110994
144266
170762
15758
70480
12054
51204
37172
65326
105086
207970
13740
194382
34478
160048
121660
18906
220404
81886
69286
95622
71566
38136
50244
191072
38230
305210
13374
86954
26710
70166
27722
242386
162790
184642
233382
51704
71056
31374
29000
13144
210342
158764
74686
67902
69614
37216
267990
382436
36974
21272
18482
247444
177158
143212
71212
31626
3080
3000
62782
104
73080
197152
31204
5064
3082
88502
47590
278368
49858
19952
121064
84166
30
6078
28896
339232
83374
76106
23254
312
257018
2928
29500
12568
2448
36132
16996
240602
192274
147672
41386
78236
6340
67238
168648
44356
20144
458182
173632
148392
47418
79284
32852
60572
22664
3432
211416
161264
153798
61180
82098
18804
73240
115600
194292
136538
1490
59904
3236
22308
220110
86
70566
60776
226704
49820
191090
87232
182164
41510
345802
162030
304168
846
106810
2368
54208
3018
165420
115708
204124
26982
142280
18448
35610
5372
22874
106554
10606
149694
100008
108620
65120
129840
46536
262758
150290
52796
131464
1946
1156
72584
88368
36466
174
330558
157586
158442
223520
48294
125820
2168
233528
278074
418008
15074
170858
165446
4006
89694
9104
10654
268100
200122
101458
343902
308410
119244
168216
201352
385014
2396
151092
98334
114638
88592
98896
70200
268186
21562
235758
60022
184168
23318
10438
67452
15246
105478
137988
180268
139872
2126
269228
386644
64944
45266
37648
41852
900
211272
48398
18672
257272
206780
53712
195426
196382
241474
28968
131414
94546
25150
205514
165726
12614
120676
286254
254312
99614
40
5612
28
6108
9234
9158
277418
464
21460
1630
203170
180656
65018
97350
83736
284686
208206
149196
326870
45252
153628
171848
183006
3146
54626
135796
226054
173382
127192
83272
4260
68496
19342
12
100
117184
118372
115674
12100
222906
52
256
3544
12932
54482
17028
185916
472
45614
45362
94096
112620
13374
34558
33968
24060
87486
11020
54672
114406
82950
25044
710
40
58180
171494
1356
207532
774
162512
265086
148806
419976
247630
2354
106
62312
196278
37040
173438
22272
117268
134410
222850
214938
19590
255726
15898
3238
7876
237012
51708
34978
8702
188
18724
5200
92820
288406
227430
1826
120392
66506
22710
224676
19068
212
610
113190
1248
76630
84030
8588
231602
427558
256546
3650
210710
29128
231094
318646
100868
14974
138558
210680
140848
104
14110
12436
131312
107338
8400
68930
35552
114166
250668
4362
70976
265836
54246
74954
236418
67196
24
11098
239948
96670
7180
43406
203258
15564
12
164
275910
95928
10968
752
15832
30690
51010
2552
231448
278
6924
39326
232030
263320
151136
132650
209626
7492
108030
2460
20364
193876
41504
202466
13624
147980
188882
145866
63044
104540
244950
626
192416
586
154280
69094
872
67496
48688
70114
56698
97520
227132
1086
990
75260
157466
8670
4430
91848
161620
7552
7666
138538
43698
3740
12406
50106
95096
223680
28806
1820
153322
178324
7196
74892
150562
262110
8056
171420
406
202146
53438
151688
32196
369054
11906
109270
8884
238656
237408
31934
233576
55826
17122
167712
5346
334
98956
229910
48834
1784
266266
55032
1916
240246
71396
16276
222224
233528
9434
95082
2266
7178
42596
29822
70150
191976
340
37536
72990
41590
236170
19018
174814
59960
2908
116018
130100
18
90996
109844
80348
19312
53758
154404
23396
265570
24092
155614
244486
352842
76878
74738
90638
3388
20336
32392
866
74768
292536
133832
159362
32464
242062
30748
88308
128118
147910
441788
28
23696
103956
33620
69138
351000
69024
5556
179068
51132
348182
183770
286
90830
1498
57422
69334
1550
165018
152
119902
324
31534
55396
3332
268972
198398
10358
7538
33554
267416
30968
196
153844
41052
686
4846
239302
40904
4848
7544
292686
234732
260120
92268
81038
69764
175996
14654
287562
474632
97752
28684
556
66294
33466
69634
220716
87120
188180
5940
55360
64008
144994
190290
252500
39248
16070
6680
31454
50254
75366
115616
2
27140
246670
22848
157518
2768
47630
426
233538
49546
31518
24828
81672
1494
11010
3304
76300
63766
48924
53458
57900
277948
31820
18358
220214
300458
471024
212094
276114
17568
278118
48418
60
145084
26552
2804
210244
109122
14318
255370
7278
229934
122
69000
3822
33838
17848
38456
6
69780
117510
1552
229080
2664
209230
143784
29778
151554
13290
2
59614
221148
25002
142318
63252
7618
129322
34354
267902
11180
71758
288462
45010
13734
21946
29476
34642
121340
47602
165174
14620
120250
132280
942
186248
38856
25540
8848
272732
118696
107844
62
1514
118138
99574
468712
356870
63664
74864
74558
272568
85534
388388
181120
28916
240708
314880
230380
15010
38018
379316
161700
37272
44794
118416
118570
22916
1576
3762
41588
5786
175408
243342
80706
70550
262190
68128
39636
235644
151692
3738
185040
30022
798
79482
242468
318472
5368
26624
172202
89370
94394
165682
93868
94660
6284
336710
36
478
24202
78402
202998
307938
206994
299690
45734
20
212154
33648
48924
15936
61952
31340
110324
9846
2194
105276
413552
157046
63692
65276
80440
17226
225084
246658
97720
56404
45818
219436
203432
57266
18410
35098
85396
185294
32800
18010
18700
35700
161020
316678
129642
144314
102464
233844
145320
5024
26596
124086
102672
73848
245280
163114
190606
42278
119790
191688
5412
72516
101140
251364
147974
8460
246176
33140
219922
27050
232742
24024
70144
22684
125782
90992
4928
73016
2352
15668
212512
53114
175964
99648
137594
5792
20166
312658
180568
98412
76892
14966
88330
244142
264506
111854
239648
2382
187538
140420
165760
82446
112398
57294
317544
389918
33280
5506
93652
126756
5972
106386
113890
134786
85404
101116
258
48612
24462
143752
118180
4424
17502
4728
34676
32240
4050
68150
221402
65988
48044
2284
145176
47136
4696
24376
324
272616
200772
177102
5154
85430
28950
39926
27746
145928
76416
33444
2440
141854
12284
201530
299378
285132
16910
43102
14284
116670
6034
29816
82626
24034
15368
60816
1632
13648
37056
20062
58128
426
336518
192114
79380
9608
49648
136
226976
19956
22268
204066
263252
99794
243610
272792
283812
5894
30010
26078
222220
30
7344
245514
30384
111450
3470
89942
297840
397518
141282
112206
352778
187758
246768
25308
13554
178546
2212
199180
193284
288032
208
44762
292392
19750
75818
36090
49994
144
258200
25558
284566
169628
2888
7802
181372
200124
24880
27842
146336
308240
1012
174
386496
399254
191684
127818
137220
270908
211726
158582
193434
253246
166
205230
126982
9986
33584
441758
179552
154954
447324
136786
38822
28720
97304
272186
103198
273452
16362
10042
66778
109658
734
223968
153854
281752
247534
323880
232788
2990
77226
122304
199970
59118
686
335114
26254
8
214416
90618
30162
83974
110016
207430
46014
194526
604
108068
73434
175732
217318
24490
132704
252
204824
33810
116606
194010
346680
306386
19656
327028
293520
474
167174
139702
33198
57018
210340
2662
2334
42476
572
218410
25492
445236
203252
246
3642
320130
26406
69870
20014
54154
39326
109278
85400
101860
6322
1052
23068
4914
1864
267462
125588
193962
16554
58664
144538
43492
125716
195338
71730
199582
26966
1830
369414
34716
58740
6146
93900
216358
18650
37360
74468
480
96186
5778
263300
265700
7752
101934
6374
20938
46830
860
106782
4650
88224
28124
327200
45172
1630
41618
257862
13126
209036
6
115644
295170
8364
60264
149162
77126
5932
71984
382760
171974
0
63984
229968
126954
250802
369108
72600
8244
105988
91948
49998
143150
366
295792
220622
28420
68598
39506
7918
377926
330106
5684
27194
102672
241790
5460
4386
193660
13328
139984
185958
188514
141264
100502
118792
195992
39206
241786
372670
114906
41596
9958
326198
2924
256616
180728
227492
16900
99218
43216
79610
172932
52622
20822
53614
81546
233100
1446
11738
103314
5280
247326
108904
319394
898
44964
123042
236126
405782
1706
170682
256676
209698
191386
272640
13686
56366
154678
52828
193782
45262
106180
406172
6328
364818
5628
288620
209378
387814
3876
14986
280716
369070
8572
144362
76
1646
238044
226978
4342
322968
136704
124
67598
26934
243664
3606
47236
80770
60356
100880
3922
47630
13082
347878
304528
85504
5804
252668
730
157598
141750
58682
37052
377422
241352
982
30618
321764
180624
82
116564
77068
50604
103384
34
29016
57538
76744
16
381722
47688
233394
110650
196132
214230
22034
1482
1328
339166
165244
228324
26756
198468
20848
178030
104380
74466
6944
185960
75730
148948
192572
279834
209944
752
234
203216
228564
58790
10744
7380
196064
39526
210370
304
14988
224768
51454
65400
2324
197950
5708
207138
570
166988
2860
119326
76732
218914
134986
12908
69894
22762
356308
352856
214754
364
80748
86112
56094
102196
157762
22858
688
26816
45494
34934
382284
7804
26650
169480
48868
102060
61968
26044
42412
74970
566
33820
130530
62424
9458
63270
474
20600
10998
17202
83590
5790
28652
326878
100210
5756
23510
220688
136522
347700
44486
36918
1126
237462
10652
34622
157342
174422
448
624
47446
188864
126668
158730
80828
12896
80
320036
18680
17120
215632
1056
196
23576
226296
252244
5036
249976
54794
93690
310
2706
4690
7284
3752
47062
301392
26808
101254
19016
195826
240710
309840
148406
1220
966
46086
168426
582
15120
45414
7248
117642
80376
149656
3274
127516
594
217472
303720
44
246346
109196
455240
148902
5970
100486
45464
126138
378224
50376
246810
59910
81738
11694
322994
17162
2948
17832
32960
104394
185044
13484
5152
94032
2948
56972
834
229846
236972
218522
185268
76618
17360
47456
319820
40624
89100
50954
37836
144638
187778
20528
39176
103994
34112
17042
188120
374062
70120
33900
131978
30700
196736
612
43274
1754
113386
7784
262020
258190
481834
377688
56902
185428
214896
43748
27472
68692
230814
91572
51134
120576
46336
210488
42296
83988
7662
196074
116174
16
16386
26066
292950
208860
21466
33780
354012
340724
17686
11606
95408
130382
99392
149558
145046
111036
312416
264756
328956
64406
98314
155786
46
86904
17968
219306
9020
236238
27068
390
329688
40596
55920
31680
448634
71524
246380
186164
269326
119022
21520
84096
315670
85562
88810
109056
154830
3612
188330
1338
6156
233806
