232274182
709168110
317699662
289913142
126286066
366931712
809090794
161944772
26636806
92585840
494336
474274
804300780
618409790
798381368
123986012
4724482
122281800
637130986
333651356
306161302
68467428
580581252
294854900
29388292
858190622
40774040
37628414
656088646
223594332
610177464
416690678
674456516
487686300
345231220
319572056
145726044
249019820
477645128
252334538
269297256
84595308
49647708
215402592
60240370
378458578
238291222
66145128
636570240
546633012
505372784
48191580
44422380
386636298
347829846
9849358
245116430
773341468
69563364
88674946
35429236
538346890
106748934
156282254
152196676
515353354
107137816
161277834
826216954
72293260
908315664
184446616
887409506
334312718
182418932
707243752
566294484
378829838
14782016
62240346
974283832
102173412
170620550
13229356
370983292
340750390
552031822
804166514
479425460
27874794
101194328
395915922
290412914
103779498
248350094
4906170
37420480
562173580
79324042
269854522
5968288
186470058
912746000
658463436
843084148
1485852
55028498
134922974
463268180
76788496
62361482
74238288
130401818
3097260
645773010
426065790
1146512090
322720378
105325318
237866678
83422932
24661762
29972206
81008196
341700714
2549092
15291228
616955744
219875430
130288846
208137004
272908550
23207816
429801212
1033157308
845355658
846594036
465686628
781494002
892506606
182727958
48720494
640599672
46980716
8112984
22508938
867039302
389865156
1170490012
162725112
48638328
326751780
21845064
721650472
880343896
36340680
190473568
143076578
2572352
338696580
314337174
336663220
294214202
567193274
141000354
123187398
71693984
101019306
2807258
447247156
682256466
454539150
155644070
706373922
264328918
65226014
5904540
529365910
222043698
15715782
263669472
147098986
81252104
263048444
66577172
228015700
268600104
57695152
31044738
12302214
35737562
876044122
518517248
52991518
889946668
525811294
749905050
441505766
172044828
5022892
37376422
828966190
498075868
99479886
368573448
107303230
732066152
545516346
675426732
16804252
874085928
868141338
467847266
584132240
79604230
271687078
188242418
22661152
42131962
359689826
847369322
292925352
719552750
172037846
28763250
706795078
229594054
20961654
19488348
3224446
14825568
36279144
991919964
640619106
753998044
435868962
411870610
715264842
478376540
529864962
671826716
214786614
95180156
53414272
49097238
97982936
304772318
337680
682984852
111706358
190741232
9202558
395908512
289494088
61800052
531605552
796211310
338341258
4698338
523200702
369207316
222989782
760085644
581917590
38124150
432384942
221623600
856874054
658705736
242800120
659402856
783987444
319624980
743113122
625762614
746862160
18287506
55007778
26639914
109231686
54225276
618138784
367360914
376069074
459828380
71450344
11578020
150497062
264675402
99349762
78224666
279361692
148618420
415813144
583675884
314342592
313549306
123810648
609967910
778038294
610736526
122011578
891723366
203971464
280616092
215718756
203167870
477079754
946667412
565542192
638134008
582710726
336823708
37508362
597419562
92584822
539739982
20436962
594178076
538915196
224655168
810755430
331452730
786121756
664718284
330834362
1094504108
907208092
402997420
817701882
536933060
1037573358
823556538
458721784
422661096
527754580
271536690
670592938
787217130
783396070
608725078
675031006
49719638
89656180
62570586
584622136
891519088
670242212
316554260
371163252
658305728
265633966
54000338
514602076
401189656
290801584
170191830
247952218
583350710
647689606
160702510
497675950
169373130
9173476
163158716
4390364
156612448
775559712
23551966
9557758
440031328
519951484
106092410
586863352
440062298
662892670
907478450
353423998
162778858
37368292
50318112
57209054
683183768
93740152
223052706
5313600
21794504
548988792
521140164
370787616
306596706
385966396
697487496
141357500
123161110
393827932
156441112
143164670
347395768
480882
57740276
703189858
91706130
342706938
429752086
257168134
840492
455828588
147734644
574789090
433010
84680358
523401874
312531436
55769522
11460724
78019104
15203246
670597186
426878862
516812984
148966900
352558248
650183834
964668100
104215500
126119112
466628780
504064122
721603980
18857810
614181378
388775250
525525154
612817534
3806318
3958352
26573956
983410452
61083174
359999482
35804618
419388310
579654858
524069984
659268226
190823714
590532330
867172824
225390402
517166932
263212886
347628068
513998446
183333224
946152600
9281388
186087164
258280440
170381068
4946526
357907616
2316900
1089977342
300763306
254985646
779096940
117013686
230690526
357218382
47458084
373352224
464182994
510841204
31023412
432179068
236730842
306041904
80451112
77575868
13878750
59048556
3063458
193414848
792077524
700466436
491696452
469435038
167318152
111314704
834494460
547906824
76557616
630690370
870401364
626599272
256876306
523630232
751437032
19074976
833037786
542431376
42852228
16941286
23945330
138475244
718725320
685595358
895961146
390611966
181609708
178061876
608815986
46910530
405706788
429678830
327826190
379005068
53020856
147701654
96015812
166730408
481147490
28832712
737180800
32167266
420469202
62102092
623774134
336195506
559866178
781197848
792899108
605868968
503578006
45483972
657687744
71697618
115597458
283114682
465879686
6759906
72546216
9858822
710504272
637428658
210872776
272268316
74575444
561448384
569001384
53201576
177008796
163194936
22600552
676093832
472256018
390756866
27715860
262362550
191950626
317559950
540316712
499518802
196705390
582699586
151884656
103990298
75056012
588259194
218877882
99767136
168058942
39982944
1009638250
370727188
721660860
38839500
325485476
918297502
594565736
936967852
641967956
327968296
18244878
292256050
8464570
413719048
69843466
53213904
214696876
159568866
839729734
241131132
152794816
994840176
420082452
195151456
84584570
40372616
361223082
456446656
48288532
677551756
292665100
676224196
320551402
154602290
642867634
54475538
159712
558813992
140195260
919117542
757621820
57732552
177441196
671036878
116951520
19966472
10092464
530429114
43952336
601734510
304680718
597402340
513002948
294291530
64246902
309923142
35810622
725856200
874561704
63209802
70467450
785170486
655789726
492795964
328647086
391670918
654590486
363864450
450152530
143686130
605579310
526204672
503424156
193399804
362788856
122010232
1946536
337298542
679337850
584556
320414708
600878562
727337514
1018713882
646229304
140073296
157346220
382941506
341263920
343932308
136193108
65204320
74806508
58538196
42335814
1111359752
86985652
451439194
199558564
382203270
797501846
193293780
1002260
44304450
294605954
1099168
133418174
116693078
159918862
385409016
115494562
227187640
55568204
687044868
595487578
19460672
467734474
12674368
284840818
183380322
6666840
119441248
115366318
847296
536805698
608648492
521250104
482250264
332626460
124353906
634041518
1202411716
673001964
252697508
245886354
81708196
227978062
317365274
7375342
117134610
305142690
877028336
133892454
606191020
746965420
131976326
494327748
163732352
1582324
674580494
680568192
23795588
979340528
645506356
437306988
45917732
31325396
419495300
681078464
958118264
30693194
839707814
297255356
201692140
504838132
167324554
296380774
410790290
317590004
584988032
61880358
326951924
62924180
357855214
709812378
384332614
131284366
897296740
799961336
679676786
604588266
375873786
106714852
458970366
303968618
89955998
23081784
117357360
26307880
45606042
31175394
741063874
56765866
37305866
949635802
465224786
49811822
605967464
20966254
525604096
502756394
633803360
843574210
430292242
50265140
865359638
778046364
338831734
471114486
445847148
6037462
478064238
55964142
56410138
39214342
606542738
129689352
569451568
776436188
314804338
36033382
133061316
672385726
169566174
324045052
406931110
509827616
68327722
77524158
676479264
80673638
443152386
710576418
423479054
15423380
321821968
182894226
21607762
132130296
766411810
308867108
335474234
5086034
99496210
423729042
206645290
99707346
659116874
1791944
8346612
46129880
359410774
1217316
19930042
585318712
692428050
314126766
253324822
288859362
6617850
1015040106
346386440
298016212
151899442
198785606
90478334
396250856
718108710
77628778
962329768
343956140
612982586
671634090
116627328
407850428
755364352
375874430
203490262
319434754
32268
545988572
101968612
60451238
353492112
111726644
266912448
749882666
93558562
426539060
621468452
284702402
302366154
131598550
398231052
354500086
573371840
73731722
114593004
121415134
437162952
254480076
499234078
190343928
953637230
496392228
27521478
134525242
307686976
997633202
470610504
649500174
38914160
685556560
231802232
234145380
437471420
939670132
1194918
150823694
169327796
409165056
287167922
621144838
679669094
1095106516
246272128
693323492
752152044
226033270
2920190
179536974
104547808
603609252
389760278
791090996
104841046
9273160
114838718
1044939448
701560502
12832988
121557608
323733332
785774310
3352624
142563640
360475644
3644244
509647430
46979892
174838152
851743170
1649544
944541350
16219450
13188446
276084672
815150240
399635280
125380230
488866546
12667040
252822982
729145498
7018000
29775754
19613310
217088458
820801342
1020866280
286349252
601548632
140405562
633573594
473503492
20371170
341827356
299720800
795285100
588785642
138262440
10729400
384819218
30479102
57273228
58096898
115787234
50558756
638350518
879262464
833433664
52776578
158950050
468845122
453294760
136814200
125120176
413783044
909825084
410980444
132043932
101391116
786889354
404180672
1196993904
69362042
359281806
382666648
17352216
97281362
249972388
14013432
96281574
273037736
464333240
177759860
917476908
485354458
183346108
728104640
426220162
66101068
804011620
43655256
33555248
527099092
337388056
31382950
403791440
374380832
949152908
522980436
213560516
199619470
680621406
817052190
716196446
508903768
1039502974
181135894
299417656
68757568
361093626
679364698
428840734
953109772
448990250
85687578
91007158
486468500
295174062
901775298
7865234
577151210
98683842
165114718
102656400
680418382
447177432
887166
630515770
268954006
74301644
407526478
119994388
284434168
200956140
278629216
146930964
15451480
663452716
408341890
212242732
516426020
301559492
728681050
609455978
407439846
270627068
889499638
198737740
716544942
431131434
639510618
2651240
565405474
775711776
437532322
549734578
5517798
94527262
40135896
14315326
377085322
747880194
676500176
2753908
193854230
933875960
209834782
173403038
31186646
701941888
172655014
285929026
265194802
19825516
79580588
210153062
721178500
159438996
545966400
19630410
417775834
42531930
165859060
112146154
51379206
957625372
370021274
536812440
2806390
8118736
31030872
639215056
487147808
23854058
185945938
211358968
493958060
405795988
38228628
8520500
401901788
477414038
486718606
77928438
331788628
477774296
591788374
31258130
526214308
166581354
294231310
472057368
33594230
291160716
237678058
743286880
174433042
939208264
39294476
3116030
349826746
494452632
46157370
45066286
30859170
517685294
351430892
397762200
346608776
144251186
305671554
787369138
676424408
436530110
8421000
703412272
287729456
619040298
288871378
988166200
503682530
90266226
25487424
451162376
39456736
244538780
725808094
23950014
390505730
2216966
206435398
278724028
111903990
108240246
523295384
186146452
8528930
547611588
604670174
408938554
604713472
85385896
768139168
509446536
27117514
220373816
639429578
95951526
490702274
890126884
342178292
561003748
95396760
49331984
6892644
218565528
6720362
539281226
269457068
650117200
57619772
834840954
67614002
19014378
497532054
17391132
21740370
505106496
478532484
576164904
950727908
69486084
474580022
88051670
578807230
536909624
64379082
96277204
82398690
174904168
9827464
14499438
242374508
93162674
303074162
601625454
803208154
1114051526
18208910
664442934
419035624
425065002
473530930
38906870
698547934
271720590
409654534
572636270
118298752
654893936
734706926
457636812
808300680
331028850
38846868
23566132
318999058
328042448
458777768
752060094
685482920
409484364
34250248
434648544
466183282
40760
88851218
1023184074
39997166
387368492
310367820
169633384
112265450
210206466
725525738
51262878
14827714
208127244
924937344
23479226
270461728
345376886
114372674
206464046
743945602
297318114
228989418
258010182
511403134
187935560
196087922
143096582
846893342
637720288
4731840
134822980
151347194
739338598
155835796
278910538
83319572
47399932
475857072
458781182
90464820
79918230
552749284
357751900
416034338
229885200
820386154
9100064
595467752
248136430
570063690
4063088
202630700
248606662
474033928
610784260
91698432
7473806
311292932
879007954
862885368
77459258
495427120
39668328
184283136
148219878
158737818
192392050
779219908
600535136
126101576
713414918
18372820
335502876
571854648
400893598
995526932
556771112
64834722
524296724
779274374
57325392
259122828
12012950
733383398
861199012
38529854
456577320
447168392
444003764
679266788
318269132
222389858
99054506
110176740
307558476
285536744
237149388
587293994
441144172
114926318
331119538
756687186
625864730
930407584
623261880
133569564
329455110
45944734
222451476
31785396
99484080
555711884
4132118
22721236
116721004
264621458
292138712
2431792
782142708
234826400
1055122216
368743504
18846032
2215858
82106340
73800688
726478
820482758
843344132
713840406
77024532
745165232
674862196
306121082
263457290
229495960
266610442
113778530
427446474
90110940
980898524
16355886
706550304
18021898
75102488
64411824
30722230
135198640
462732080
470068114
540302842
15120
30703126
833326988
37657612
905836782
569742410
199097008
627422696
12191620
217176182
337549174
679902508
269571256
800180340
1260566410
351567476
177850476
284221352
596075600
97411462
88187518
91900812
772979162
3021200
595656022
558742424
223400412
659962850
572189298
1054227306
23756586
287071124
268245558
93930
568305018
539231648
333660858
524879884
176675488
66888012
69513104
60389816
854594046
400946246
425432068
169233670
27094710
849936480
235035372
16262256
36693872
11611948
49744528
175610440
896545462
138304200
348895178
239424
562232792
315688382
626256674
236706448
75236942
368336444
937510894
210799502
743862804
198261246
194115404
97857570
311209122
869664106
29203524
530028188
456395502
134236244
303538176
735590900
182933376
718815026
502394882
592304556
203058856
184831748
959960
24821262
158462150
205511214
90873496
237375294
816109122
16675008
755255708
345205814
499622036
606558600
19452662
48155734
645791144
1153360
636394322
831796474
804028566
226871560
12439430
29633420
89028566
1545104
291176558
93194802
414662528
140588712
31165432
250651592
1054526208
369043060
848178538
2286718
711262562
672897356
87848958
858123056
44171870
126033184
131936340
673521726
84916720
1099701830
182746744
218560442
371037450
212850740
346861262
6756618
776993914
706127262
335695070
439271542
430274104
185576456
1521172
906085510
216669960
54767406
354785298
7031640
21211474
733062748
405379112
94959674
38710254
449744668
2024112
1324944
180102958
669986102
354782764
131166446
17969374
968551364
609542046
118342984
646840184
72246214
569293324
267268672
49444970
745169806
637609832
40502698
114057482
59480880
617241804
315601712
349692
116709698
644363292
268796342
88450068
32
353157482
331559950
187987284
358207524
132211264
64077232
932841100
743391122
381410358
442684962
1178382
808975448
51932030
37855952
641199666
152883674
82997346
256986930
474656170
578698786
104939010
1242480
466395344
179831654
624082
277025446
458057916
337908130
11549618
282050088
150391000
409886508
246393200
6755468
78273712
105807238
34515180
464374598
14681342
595700960
62254464
834912790
584640824
89689314
12743952
171103822
668498952
847191276
3232032
274063410
669948288
975898134
440421844
516150218
433129312
83416204
87723832
768353678
44973798
379596176
446940788
332754468
737418872
147295452
539296884
841732684
93856978
54695530
21732952
377913112
48117340
456936536
812882914
408226168
690294718
433970032
70891326
213563246
337230980
158711714
699828
159705002
347296272
621153766
285943140
940468950
84039950
8228174
14678342
495466736
732532118
39369764
62580854
665864080
10487750
749972220
119985840
41065334
35385510
415568788
690940126
68609454
821422314
52277870
376423406
57905944
671455968
922278288
466293812
852598962
748605022
680189654
396453032
391883130
45677268
257383428
671443788
86324046
158644308
869043198
106515444
50541922
438674976
245021272
94832738
438643518
62696624
355564236
51809228
598263244
24406440
880070350
172013178
542077346
1019409534
359058290
32721250
3425712
220041964
385245334
487522376
20567798
148975072
23590940
581673032
400171406
988079860
148419576
77983276
628174396
114743034
223649036
67253086
56923864
94037968
357663992
870015884
14115692
389681188
38160290
84934604
568834330
671630762
103097054
593764848
117088068
74018696
7709934
8546278
420568
753388254
97348864
87300346
875354436
664787042
453438122
967397906
531830068
34272302
517824916
199135036
173950794
113407740
213697242
288461976
603722804
318125620
673145358
821258586
764259266
773655770
978520168
35434882
86393220
318420876
206381244
418210298
29474732
317637322
707331258
47239226
638270990
336729426
93019094
314807834
347675202
179005446
668562262
139088864
112060790
596523524
621961086
81216902
54061982
651344918
291681966
50516576
559842772
933680282
789554484
3014560
480751226
513893358
449070506
59400514
39553328
284733114
34736254
496606972
389879202
1017950392
504031074
424235030
113829326
113459884
676821346
20484670
264229458
1159230002
732283872
43181632
205918432
1742434
605153502
418968646
583299876
423273738
72528136
293501190
230681330
10568956
564999910
157371704
30499672
387615636
789104764
809217042
373348936
82571748
217008084
124746036
15066974
217796924
1401856
58725874
637734080
689243938
732023064
191050116
165686282
1845860
984727422
11541182
135639072
705529520
223617598
387884618
1153845182
495890490
355774762
322550642
127657966
182971212
238453198
218712446
366836258
620395818
251919894
573075168
595214168
503766500
646843520
166471704
765796346
21717816
871385852
127605162
263249684
484571512
300798492
1078812910
252576094
717958650
20635292
101125606
701290576
967944986
7593574
486625928
59747602
11720768
685388200
135247228
266050982
310035014
702128340
396704460
189317754
226940
211417502
268495006
447820400
693429692
261379732
451234244
1050668602
625882950
395428330
93190
31637834
226794700
200759600
698052766
272194020
179714658
24678138
5825774
149158756
1152433332
278622272
35182360
82994864
562151366
22294344
28103292
23602702
711253950
357661592
216391982
158134602
428392822
265703114
9309216
64532020
137251300
388749318
537453598
572181180
510599230
158887878
270888384
917552216
184007036
154806816
67205454
801324792
869800550
118558884
207936684
17042488
618873706
665121146
173804712
253063842
262285508
10294604
35103160
399638344
1026648146
686134824
77474588
957987538
331721728
623974528
260211408
958044596
894786768
290032742
1173248084
709175446
66053372
87143986
51679416
150231260
10233818
297388444
175749812
680192738
507359606
118532224
177900468
94874774
377346286
734310188
16902562
320613942
137178966
49003410
378898790
416129654
100188628
10253044
18939848
45652574
372495546
315784302
760251786
17135622
105179100
251443046
113934348
124170444
10866016
490057164
757182788
52213848
120830780
21516970
195559504
905907038
725586116
109552818
140985232
77758650
106263448
334923822
1002234836
519204274
6566382
309933896
573800706
198675946
149750286
1055258052
111742644
87541404
5926336
596129442
908634862
316854566
29951102
166364174
426037802
348356844
482146440
3082200
325099246
640150772
589314284
55389276
269002918
27233148
95104716
367192624
263930302
981237314
728998134
514835712
287975464
1102723220
58400008
649973388
776484
652481372
782904210
1046308470
791834602
992728930
734385084
834233608
861306548
618871668
40845792
675424514
470172490
174686548
175385534
421950072
838265956
275222510
198830582
326462
170720930
154211500
772916222
1044122
149762432
962620992
482823014
27211608
467403698
262608310
240023440
676060558
204370616
112362892
22412368
42664236
163252234
625931314
389545818
362858952
121146554
181979828
410816528
523781350
654769472
789201842
74158852
6544578
30391296
549327330
96812334
88444234
498231148
680267946
486498502
33772656
306243350
417838250
769470644
29879040
149331258
187116338
322296812
329960218
733151976
239624026
253377904
6654952
376686294
466161250
845092638
713766196
274613710
449364454
98979780
267380770
454543582
498145616
78989620
371096440
294367814
177463808
34424264
955994190
14764290
24465306
310585158
98390868
608350568
792028460
44963208
24110392
1276750
698111008
69359194
163955424
239423628
1032457474
236719744
604257544
921713590
516667606
6682080
68080156
20560278
718559360
329891780
108225454
484868334
358421316
219365036
883503760
55265708
45336254
94546416
548651670
434994934
105447664
159318464
710937738
470904428
352996980
518622252
970006052
804606444
430951002
767761576
572830700
471883908
492804560
377895660
284961794
548864724
186336460
276341882
64283476
819894302
94397318
149131716
298063432
62159168
607540006
703181352
78188594
663908066
50861134
481494012
52846048
758225392
533339708
39316044
250541028
755630452
453221538
215784580
761523040
359001342
706930428
627943126
11395388
374845904
329552096
298486776
632786580
149722372
146435124
860563202
467864202
406967964
445362946
919558696
93542062
996151402
59534340
681684588
805956544
478829074
386605136
343932966
273644712
933083584
1016794592
495638218
2916260
207349154
148278144
251079022
194979596
380910154
171235574
763643732
1133818536
424752480
22809928
569009836
243704296
93253122
288826192
153522402
26366410
763357776
10742100
17799236
373670434
374768808
137272276
188958172
59958476
771229046
138409872
833899104
470882366
688744204
94451486
707756194
1238548
304977712
840076654
368458130
359392380
967389642
15896380
135585914
20809102
365465754
120654068
285322990
558071272
896512
203238670
720537866
894851766
642631320
484811030
246038450
333698386
17213618
585660660
489852724
787719904
341782666
898873036
90423022
15922836
514918276
115366064
641955772
255538346
695833782
234666734
97687180
1014611172
457363848
176437510
102014370
244378328
318827520
189214826
236736948
377086740
83610498
178951926
644081176
598472826
29362430
141762712
209699416
334573654
664865112
548492742
120758694
897878794
213048046
559284780
26876970
93185246
21007172
19448456
757595500
528554806
48463538
190586648
496896830
236131652
54180622
600818898
703587256
94484714
693960986
84694922
541989228
539583558
1057204862
210171166
869288604
436340032
820849372
26516736
458178404
192082002
201802906
637017978
475683352
555566326
435443260
452140554
634925736
156270990
307592032
1738432
152742784
724347752
369370388
1046368640
618766256
229352226
40069578
847687828
9497064
19014422
326535262
652232642
836238092
655752192
434891656
73658936
483491684
217522678
363273686
42403926
450883364
529572334
263713964
528674870
590866988
57833092
350811038
161495422
48528572
192742160
5302600
505997476
209400994
415904850
72499084
127703882
151646430
270832382
238006414
139384828
25628544
24072646
707167296
568425042
336391520
520171586
1869418
358982796
247290196
362789996
631179018
531596638
70785266
867825536
952250278
508473360
95053204
114948768
1039265258
478834980
82123762
373238370
349851212
631436966
684872346
13247526
412757226
579195186
266758094
3906948
185115088
41994380
771750564
542955318
647936772
8185048
109442906
34899438
893667956
657382470
651567748
69474400
469865796
222060496
207668974
246858724
329119768
487989418
340675106
595471964
561461348
269647672
53090172
260338120
416681848
174444664
131559644
182286192
831663330
962110180
105740586
644841348
75326656
560179860
526360780
582070496
27803480
300945852
54207666
14347276
199081506
623881970
21228618
462093428
216631850
158419532
633393966
627805380
334893324
530291682
497659934
609459320
19924160
15254992
252072998
366950426
127911148
630820916
814500264
363007278
197181958
584538186
201116518
198995784
101580826
98640668
155373630
26333882
260386728
140887532
75743564
1101454732
15726278
12804436
66315862
419181128
20635744
132808866
192995994
680892034
7022478
3983670
91754924
1085182528
181516412
650221286
363776722
385829500
58922388
589205190
528437680
175758310
780161112
717205086
166091038
458198450
816754670
570864568
159518442
75959214
130756448
661316066
152750686
435146612
1902842
505320952
540415376
201830842
264064172
939961888
281045804
24322804
210239064
636514692
10786352
364994590
161793594
567796930
807714184
323396898
996545372
12085340
816493658
249732866
802088748
339364628
553916994
297001498
193908762
368030654
47855664
852017956
897242646
335182804
587871392
1180434738
807396522
154805352
784929764
242020862
62088104
54671050
101400494
152570142
612299000
487925234
32207312
328897356
119809022
71003858
286654028
221978122
458984918
210205498
364269278
13420996
393575554
518644262
21801066
40501006
109977480
92502688
271426456
10155848
757888620
875223058
193622248
346169398
4479570
580341846
488179118
591217290
40299754
581899480
661596706
380638510
711931718
24896730
619023936
136845842
98311382
3637154
7854
228480736
648489420
608180156
332822270
561152872
35801712
534154030
1098843610
5528084
530430632
514006806
399722684
316770414
877162156
588639232
401976888
157075712
82428282
928284440
643118050
216219660
42336572
84577178
524043696
866228828
757468356
825540146
142646490
324935980
191422
629254344
73371914
30099916
210536954
414964100
201851526
67458742
74556894
12486562
659503922
35499938
2458376
342905464
319561336
408275856
34979816
25143298
799573362
221001074
683374458
1185834942
530314738
366050186
617388898
916542698
194117754
288235418
502594874
166542896
566276350
6192952
32535776
744711342
531435728
54124118
261812222
422299080
431353524
327595290
129493006
353792874
121298334
76116024
726561654
142368390
420734828
197948586
21881212
614479530
528093588
597921298
17966320
10575870
71672160
698813648
381569540
559317168
97576792
795269670
43341124
390830558
200861970
13151562
640062
560643114
468496206
469052182
209869598
922511142
746715924
929980166
359383792
203006422
96989644
899435124
734007416
910871936
113561168
418438622
472912894
543491528
1015532880
190701546
53415036
528112136
22241220
744702440
149998544
84615822
116874264
405401852
375408318
217759964
395414808
68044296
183052862
461300940
281193878
824522118
364473584
2108240
98248654
771064164
354833186
829644524
374453998
203350386
24935990
731310744
327530788
315214274
565393918
87980078
991422354
23322220
223965396
624040604
586608
753189136
781873664
53848624
719910468
155781496
12372902
1333626
937257888
41821594
686658206
255944626
189275398
66225202
625875626
629220840
231812528
16538870
127752888
53444746
532693044
61932154
79124748
860563426
1798374
241580800
490899962
453168188
105972414
358762444
67032920
479138244
852180052
72398448
519389802
136458750
106084316
253400658
1014502812
783110788
600063140
964024850
128651026
23985988
4312100
264211392
1003789708
56302540
15154268
107718412
555620150
501860012
294881638
547089394
128824976
392135018
17738278
32008448
335683376
605174222
416153396
29821970
567039714
521807930
262256
195059928
675789758
194714896
287352694
551650718
774642218
444442730
117242760
467028564
548742274
117451258
635411520
247937034
253531840
29330954
197024246
542270340
563770846
93521626
596502128
536053480
567653096
556075950
95598048
30353638
78894900
208566648
159166274
309100742
2713760
145486312
432758116
218431080
2004896
422421456
886037842
210050802
524577778
608492560
123047648
200003948
152193518
24407048
155024798
800397326
113710754
421120726
14227514
669037804
94243960
278876746
793975462
142878112
846057816
196950516
124205654
5510396
175509168
25640304
298469598
12338426
685268946
6079652
6296656
35443752
727463012
780016538
649626396
48883486
195295064
340381142
551498126
71095492
63197998
10526076
345588062
42867938
569547234
65606142
661385282
627608658
119022104
673196822
219183104
427487084
279978910
592523906
842402
336336356
175034956
64548638
703021904
676961064
100347434
42992938
13030044
105616618
848056288
54580200
400432886
177950254
874986134
59881132
387814530
19330
231839288
236619840
383853466
840938840
579927126
556031584
50130012
119123450
600769454
697368674
26003976
517040610
481098256
243160196
227004942
277106792
126104086
1106164
706045594
71464836
2930794
25753256
373378248
1022272392
449729682
914411292
1063691718
246921140
40096042
1062823912
478055292
271266986
203254680
291654616
393137496
795842240
778358
242898588
266983726
132845802
116336492
98501574
313949858
253394956
434503610
523672660
163985850
24539894
16599938
6857616
56603152
4162348
623690136
245238882
19891256
315760640
808854092
241600252
352818284
78888736
124126830
685917334
218078328
747185986
212883934
563538188
371830430
977614662
13038102
141685116
306735292
186118354
615532564
46822220
293039126
298490446
489566258
38554352
840039890
213839138
212491096
222874032
482046440
124765976
151730570
526186112
332428094
35524916
44705598
128931802
582075752
522725410
579484194
28298852
754660216
481805660
48591342
198724950
303731924
25291584
476808008
853253734
64839122
957153996
912052098
19441890
267289558
880967322
106926132
9771188
622615628
851166352
209148716
26519634
620466326
846531636
555029900
263327026
2977256
589408230
60407782
231757962
642043212
648485418
96249816
902463472
33637792
434983956
35047060
970406
205143716
732446808
944424914
115162380
24739872
2666230
384678198
32547112
628846078
481938178
687356226
502464542
548413578
22591452
900918132
469651734
553066206
13750944
982883528
1114889894
62429042
172970226
141976422
360716846
179584278
110148316
769332142
56269572
16352656
495572824
184743784
9973914
919690048
762105054
117883370
497742948
21905818
543556752
151207782
75567260
647149184
257014040
1085240502
653068424
416504116
613101356
468181246
24001386
243012162
5914568
193569146
497083316
172997746
859262516
442697600
466772224
863614624
408811352
303037962
183436440
637016152
82846440
296376886
339542956
17319988
93598518
599903972
1111253532
70622434
1241543616
204957576
834391628
1285103544
249832266
1823070
768225396
297901446
212792152
164870736
249323718
195633904
24044698
201040998
181383602
999651916
232250924
54893450
227854264
56444118
669610370
82948486
602178116
302782752
38113664
127228660
66652314
30561464
355327530
184281228
617851842
650841566
488005666
100840598
118200786
188615112
284527960
538377618
837002296
222999384
301628696
118383696
357905686
553928690
239799784
567326348
922208006
577497926
484607720
870695748
135904510
623046018
277219570
120692486
36491012
621527786
86524460
875669458
643247946
41716712
436619082
618696198
455063486
150649692
795055142
125759418
813303366
55855772
61338316
687510050
25624448
44001814
151338350
435319136
464756170
835466282
207821786
241083362
541379172
11453968
843227174
670733742
993208080
1011912550
354214654
382281782
9562276
106066520
148304300
42305232
9878908
856129344
110704320
329674884
608559312
1349288
485899222
62261224
907159206
897110732
336093304
500978146
363885664
378035640
181604262
71729034
1030224432
670715108
905399004
943527100
1033404362
167638
112726822
723376398
126026810
806170574
245023218
175047136
183448908
771023864
184725696
227432578
259667724
156225676
593388140
262621542
471992026
467595544
467203760
288720688
355090480
133176868
986896756
525255196
8091072
861989830
4048698
375690992
109264134
216651824
562815636
655832398
758706314
249398166
1124439338
267829320
457900498
776230302
239135530
155434876
1897404
479209466
15379030
42919614
679495018
605062274
234745714
532630798
635167096
1051540
253656564
89464602
440216620
286057308
849148918
441284334
434990620
561771470
664265062
33278294
11696496
136775260
814571588
610625276
454394076
478146302
109033106
199012
6900028
678848812
523888072
543293076
570504390
540035324
902144910
20321284
369997844
342689076
52519852
708691768
355686272
784313774
129906440
716809938
89795382
764927010
790065038
258500418
506425120
322494282
24101930
425373288
485665938
188920346
515922178
363945008
116292108
172213298
30988622
218134348
7795772
471986776
504690636
22608314
130397938
24911236
399941020
308294
182088070
495805892
155405900
154830052
309832404
105689074
21952226
4289754
59309844
611479966
264612370
412447382
448324400
9062460
19755324
222450242
498281964
61963970
146399754
5501548
319261152
710390208
466223940
875650026
713541758
105943486
284672960
282122784
668857102
774082204
357314920
392796156
456505768
186327414
385475074
40128146
673447846
133230158
522644562
59590860
639913840
918702434
574201322
923076400
659558270
501524104
126235096
266175726
691963780
98852838
34435334
256456758
60262900
22600690
785380072
965105818
11717546
313652920
741563542
698420448
506498292
66548028
43483020
426680906
689476716
222839384
14386368
72849164
98150144
346628504
9069782
260079090
63548576
530639824
92005084
502820100
516478456
30498294
647537728
966341978
752800402
150969840
567548626
534660116
249316370
509795670
4816916
429956860
888707374
398014548
94743088
893066802
661259240
29399284
49729658
358579670
246391062
240308630
944617930
618404958
234676306
7705770
705884306
741488162
292622308
536426030
360523604
710196098
136998624
235201182
586061288
677860134
387320370
313814696
11053366
223791880
159193740
839313740
19631460
113450518
231862886
429237686
41217134
305833780
669098700
203700788
427996566
698931870
279030996
435114378
741305422
119451464
689827866
338792658
502033580
760365640
781828280
58295876
590070112
75712956
192948236
265128488
129632894
21332474
232471324
268604836
314900298
232973946
90923034
94726636
19300338
596499414
962199654
578410148
21172562
107526582
61053036
387876672
211701978
146190572
273518300
446697148
1041807930
398794398
271506336
243248676
469881748
43781990
496462626
503455448
1171565940
523209854
218260044
62880206
98382104
1791936
722545836
548150922
197157068
2265350
225077754
209215310
168237668
180241088
440863944
254175510
153369692
203182450
681677800
116785486
114892972
79026684
663988160
37232542
15957798
173828240
228247980
94198130
116403652
73072120
139953286
675049342
276577216
838733382
709858074
268691846
602594642
43323194
1115553890
29329988
622349148
379979578
697235190
1156959354
379621246
609768878
17471722
485638174
507953684
164010512
827010246
405070256
31717852
193015172
55277304
715228888
10494400
16319754
89978256
683203596
479648086
215705040
976324454
35988464
3944720
198878900
232232194
671652024
257449056
392199992
690840190
262097780
822058586
569728782
131232376
765257836
106081018
824194742
184124986
380466212
247814628
158219404
383404224
529648330
167463938
231280
391724930
109920890
493135830
285224080
311692462
712407134
576716204
52841352
683911326
71447506
565954260
697871780
91770862
3091952
263840970
323406588
248951094
128888188
487159880
618479860
7165662
2293414
764398
189220682
367288208
965892728
39529924
784627586
57834106
895950
130531404
743885906
595712292
739544
397830660
23781120
45039012
68483036
11795084
62650098
648873748
262688240
292198434
137539718
599154080
16639032
800100934
624189818
128330850
277319390
91806142
921900152
118095274
321663410
148812916
543125422
611911332
204798140
294565530
328511334
471637462
73186336
102173360
1051727774
360204968
583040
21923802
136931966
489094474
857178138
40625732
518361828
11554010
10080048
541822352
472512114
606662894
306830100
630004628
50832754
264898480
71305172
236124404
856579326
813241224
48770076
76294442
9015084
68725162
309539900
467203522
284993178
73639644
123761044
141547082
399844340
715749072
279712884
363933090
26572528
163403556
15767336
308695802
52218700
23179906
723034660
689612416
343373680
90097068
848167560
414546552
186686932
824230466
125322960
135471904
524856076
160411480
123211336
15753268
635140144
1245578652
100807010
181402810
162273700
615319854
406941422
563950404
542375294
292729088
55131084
87475978
8499030
1332366
357690380
360768506
249135026
194055022
177589946
161184952
27751930
339225788
2651844
338844908
66449928
237348390
332020702
506456254
437900626
57535176
1047757362
116308864
743513480
619101610
743779286
612725908
564188354
660604116
480283970
441851088
12151354
436616
695769984
51652096
553181530
339015768
84323700
361618062
1288499084
228924770
121381656
53748562
101947854
502321316
324108576
162592282
433053574
825976186
5312416
3787692
76278926
352427080
481352086
52235214
130473304
805773628
21214992
434844142
502893598
576677756
167236840
12307016
267542126
6436532
196104496
200527140
211542290
248347108
21494894
8920066
178909276
691324668
13742636
9991062
1048527004
19960152
433737788
607739174
295343334
135779112
128179082
1010841110
589148946
76032248
368289020
791239408
158210404
99523496
105097404
1968402
64655212
38800658
882332342
117388480
177042650
43121804
194414168
20359396
101775486
476389030
129817386
209400742
910701432
79974608
133081120
265089888
356213866
72871598
1013532064
145657406
762876210
403757758
175598460
52617802
1052480796
64763170
617176964
6830790
292527894
47176936
127328412
32696220
551760682
260090636
42609498
336771234
734167268
140309782
382367660
350617448
163803208
284873282
270525988
599442804
40007840
281393512
344596212
751133762
279564692
374568310
841161752
228818944
926240358
16721266
116826768
39579636
1068745808
491430
12094682
353443954
33361036
217068944
29271642
215356942
5138064
14241580
196019248
880887102
296834
23615498
138971786
308672902
10530748
985239880
198538218
703142106
508653390
38584330
220626798
417457716
1078713066
476476732
218821804
505755926
200455518
275618870
751160956
23227056
60373396
186019856
195230992
12793366
94807682
1565036
250620256
10524224
879755662
419482732
457603508
102384410
558889828
875999522
447799256
628483294
771231780
959707108
175339524
404295192
441175532
65026258
481257550
1090581982
201680348
435596344
614359650
700214552
90899516
158241376
1438710
345842842
178170942
315688742
1009906498
6013634
28296792
32443634
391368942
401187542
565975388
994243810
98971954
180756838
241705352
835578902
58540054
1016521482
640678932
270542468
17037964
442328514
541503920
1171868538
657597720
118588394
98390430
279052946
507465820
72318386
125034676
568972764
93153220
5341942
115069794
263917726
804101418
129852806
341169474
457087752
523131302
43356844
420492862
72493620
501690
130912410
2573608
1174443022
18353470
295079306
2014032
21007038
432014016
654076382
852046994
74624146
398703326
244210634
715629736
4658934
17067460
191789778
16899442
106896942
903688090
273973038
58525874
465450280
329255076
55755890
566172678
813367576
391944064
145683400
51466496
773525342
985724766
162050372
436417662
105156
785816094
448979686
350900914
654101926
173530176
6033418
509357532
429907198
319075416
364127666
165760220
434910168
4152850
655950282
472412036
14944704
435474616
725445634
451962810
620914676
116468700
123706572
197744930
191922446
140864428
10396872
113755774
126279802
499982642
149104808
802571744
81076182
884290
276333368
117541868
7287108
14585456
281443124
678014406
127125010
50551164
752733380
387995254
3753596
549484038
154421734
284636972
293507410
310326594
241060300
159845004
799425458
20353078
176406252
445597056
68863586
711511356
108118590
179539278
31659718
240558296
337496490
296881402
521821794
2157502
694541618
72362320
72501774
71177806
81906302
232839738
321633462
564104406
519469492
200194974
226226452
85950608
167546428
335370522
588368230
357278018
520684188
961284720
189352490
716380
764501082
68127274
706064358
47894950
565814448
539147884
139514366
6095790
559945596
177110678
50461394
154110136
703805698
102776462
3055620
56846678
68564390
308234418
344295852
699884532
167611526
240780734
127784392
362233960
5403102
326681302
724038862
149228354
67796830
945384172
237035958
467680736
93884978
446098874
101426604
84078562
92331552
476870028
44144282
574181490
983239802
81448154
8146714
420263816
758359668
68158440
419664082
242883758
191937490
570628764
5614460
318865634
468727054
5235398
800975286
519535336
517033902
166030188
269447668
470960552
837910648
151329434
192317824
131462020
174007706
727955522
842871328
60511812
873264556
119077244
396298730
27515746
73005748
11226138
722889590
299187742
1000370672
34077018
410778476
477822402
25062636
101494376
181251150
244674994
788132320
1151614
565951024
873164956
62673484
389268126
606016352
555940682
724290888
509885116
487979154
75204406
619435748
306775914
34097862
16701880
215741080
14067974
2160476
305618638
175433610
927929868
598528718
528339706
13539742
18775404
180890380
906418532
425966338
25084256
148545990
34448326
386650344
49208056
393944286
481366142
270120564
483330
387358194
420776562
911140
250319144
429745236
244090412
1514342
187905456
569362646
867790080
99028502
37688204
429333732
516179122
605149846
503169462
285739438
430723248
554823456
325038822
254295214
49725556
252819602
459710468
758853726
343945374
490592586
858344866
174732242
421422510
1019854068
697382594
725710060
189973856
10399202
342108842
534278094
299399396
589293436
34904450
145026374
184882342
838228400
25099198
87312342
403358462
758375772
424654010
67186136
759074346
732669830
480831008
124087426
295741430
2104652
423995568
182248606
186546414
520120212
99431908
357062100
148775540
491410466
629215152
150420476
203470448
301661308
26755450
36607262
379149316
446881492
135051864
162836144
927070644
465455906
89959582
75811920
368528304
147698056
327235272
596071734
783534626
526201874
502769198
212910148
3235270
834145534
127613434
67936154
47137678
98086862
97316596
343768212
251635026
506028764
19106798
838098384
93940924
503966826
4522756
52418192
343230742
250522114
230720186
120858254
5906770
746810582
208969684
254521726
125619360
579943190
938990738
606928850
681009300
102486034
231542598
28584166
265909314
10747058
428098450
283689658
715348226
897645450
221950110
705896964
730687360
555661342
604370782
198795032
117961812
585493428
184360
813502084
565086606
205181420
593689398
17652120
339576124
442083966
12239338
507360696
479615652
322101140
88833512
366326356
330024328
5283836
2059936
2515168
705001164
420430154
47409090
669318140
156678566
348659740
61894700
704652254
37431172
683595394
603968764
403770098
19401730
365670358
719774972
5811224
180066854
295290090
255854914
716747474
556536458
43196714
942976014
38143160
311775058
1028320110
586467718
629441134
831220930
1014424108
942294218
1007573746
781517376
497655926
273640178
193568742
362410936
260042678
95681640
534339740
392410908
117483922
499528264
525997696
626552814
287767836
428926264
310398178
806870152
813232
492421306
159458550
1088263830
71452164
252116938
31691942
564532092
696532948
13285664
525203106
218823718
182632394
345314148
203774486
631553466
802324678
837251122
600224972
425548648
413158068
115509800
743316438
811083106
503080412
95703530
1942168
68696634
542821572
45215508
423255996
48339764
160710138
186758972
317053632
479043652
189079476
632133946
2303428
66094918
137302756
31673182
733004538
916265322
896180846
990004856
155207308
831195502
85619786
284519186
7690408
202877274
3096438
2756664
517729610
213047218
21898668
4313002
521726580
538752112
697910400
219282800
108383994
270593416
505809658
167932552
48948234
173363230
10457662
467274940
486435368
291348426
238939642
199359892
114835740
282719168
62729338
352820958
537319252
24081648
301690568
8043110
136051766
357887516
600289796
65879440
160601374
422600024
444456754
165515972
1112742342
479580602
76821832
57309928
24225822
195915002
547690492
489998168
225288822
378475850
740101794
137331992
38556738
85816002
581753752
91678542
750943758
552658682
54483692
738254390
751708480
323386500
12956246
554260824
170034160
638078
16021104
372569890
5692594
622285954
701733394
793516448
552649672
133068826
15101000
596466600
1036877278
331740884
1069725836
509956
990882274
254349536
133806154
18858648
878710360
554855522
228935744
644347706
795182558
65510532
100085370
41928446
633461014
17480876
412852796
325426664
88764200
13394236
623156446
272982862
134440430
719007096
167807828
161112130
170358236
887502818
433106072
668497312
206520046
198151244
834337518
22093832
353629994
335600294
1155410616
694774760
63439262
572515554
437332
840221680
642036352
85306558
263943996
16591170
763994348
15722124
751250172
533385088
706796730
357719610
384526048
95624424
349211930
177114396
932134292
1581002
122964004
90412822
590782450
24457396
246939894
379263104
104294502
621332426
372804624
106351802
276371906
86196848
286805188
588003986
375160700
131465184
324149856
759771192
237308706
68727616
577825996
268084988
232718762
556334796
9355492
722500
242063110
465798392
19325986
133761052
139970528
86692612
166910184
807549012
239615156
615044346
228079244
328564
346112458
59111566
490604528
894959918
706505686
241941400
476470310
1006658440
107626430
429836606
160381224
577825532
422965226
99183302
68434436
709844158
20102306
645672706
173484542
553202618
740149352
73798782
728913856
578845156
556155898
158166440
156556068
712994
638104574
333181030
39081390
60293940
399857572
332330222
1021419842
156905366
276706740
15111628
315242648
58994972
469228866
434175696
423256046
28501106
48818714
218315942
418693022
827949510
374582572
628082946
10668664
746306344
9692998
103701464
151430566
111764992
138836364
805060758
154818364
436411318
24603830
262435050
336212458
719444868
102506
812931356
220428928
439758428
57395816
675747532
87550
927620566
651604292
238268130
106237470
941337250
2248298
49896168
400614700
53885498
73767510
26220672
221384044
422765482
963313080
612224242
179103074
336416438
131850900
287053778
157869442
290470496
259468102
63149148
134404212
185751056
628245426
4325216
4189042
200179564
590096392
95641826
31789104
192081466
63399402
424294522
75968466
50434204
709386758
113015316
161066224
225816330
81525516
134046368
350478
369586402
301697914
685678098
193070082
152653778
187969624
262090898
493156692
709129288
520815064
400066356
933398384
608221998
11837806
621287166
115696350
141208228
41703738
3418312
22673324
226840252
210180924
48130812
433654214
2291932
637418938
200203326
680285950
143196642
636436200
366718142
722446668
165872672
276198254
842110076
153367874
125326276
445788794
482423096
511756828
613581092
44253584
768696726
290479398
104116192
324118100
27059192
984036800
52208762
616630550
262915332
221206066
440176072
252548502
951322782
296483968
212033254
534421304
206922612
35883496
92582330
84075804
258364414
582287734
87373996
803288900
116474866
24200388
887962014
809625062
145822828
427914290
321121182
97049276
376444608
141686272
305900846
949335268
1158194
2939674
786050010
114991238
458418574
637312650
135703990
132098548
644181510
690929060
116294860
24921846
330489592
214343910
520773312
71872
91632098
217757694
466970932
933325758
65787902
43280740
504190586
706527280
2380118
142362938
397453044
209643248
158269162
373101110
1032079280
392566962
11360994
242673102
210164884
676382680
370598504
413352
620469238
66114322
574244256
717358600
159409200
1001361640
808351678
307367788
884797374
622486158
230119944
541865528
99081528
128054372
871455964
605094454
30292326
947603414
333039622
30539372
61921540
469956030
6428916
234438232
26216330
5365232
16936494
563120362
27200
330175158
503447454
299749312
395995834
506271992
364243882
168272186
314667514
5593294
274476886
412458848
356781178
313066126
738334650
12473028
45614456
441607388
209407068
449876756
1094370226
335521600
398445018
239938116
30675398
162144580
257807280
124403688
96691938
102958534
773931876
192027708
13490550
744535620
661038224
661177770
422741814
713913518
50275668
17208068
507457892
387556776
276726816
772480694
788649284
514466466
78506356
426699002
539973326
46916388
171795528
295838868
398426938
157733398
329500456
8998404
242253570
231343494
344976668
133711170
212464360
504667280
784566134
557176258
387978930
898169088
39054082
453219576
28622064
213447988
498607526
893900722
1067785270
149399628
195142716
419633662
21010936
213460822
376479118
9674930
47676238
422517894
164238
7541888
160599102
132783056
649835802
61027396
411117584
304668852
443084074
4116416
73602292
891328836
496736656
529563782
792976264
855345474
673761342
175079702
197308106
339962860
820998892
11447808
105617934
125482170
54993002
742430996
462984746
31767002
551811754
88768886
89933292
194130902
549241250
355710416
311300540
32685760
411193356
14979382
832803190
82236806
697916032
709832750
42366154
333798272
971684582
349555768
412886
1150505404
11036304
529092432
217925268
670479350
719619816
159306164
634464492
261533946
523286298
808024510
39882336
380693282
120658524
936430920
161112816
58502830
636447584
239090480
233551418
93825388
890224466
817775178
178667378
46921460
792426814
7914868
98321936
526274444
449963208
84785190
1011155738
147704052
156175514
490404498
9879366
627337306
147367082
55401674
94183508
67011536
125837928
630967202
268667168
503884
132075162
1154341968
191338518
19549212
4708288
452389436
3366856
148285840
184204210
715784560
9885960
356061484
600312162
600324476
757347324
73728792
120490402
946548762
28932828
23660840
338084202
143473626
533587700
517622320
769080922
686550238
422044730
179027656
4028052
725790894
62370672
18291374
102196068
180696842
16172902
113035522
65936316
121008538
374829988
145991932
9373868
188149356
3022980
103971178
14212888
170400956
211399196
351501230
682757730
3441656
362535768
32708350
18250018
517273258
110261644
7614014
813466554
327539310
106079140
368827154
758458142
152781408
395438182
818995620
8439322
24159452
358522084
420071330
634832556
257088118
358718736
187445238
273514190
21159190
51754402
88297978
257685708
110650238
384042416
324687006
95282560
152195860
135703000
300502700
164423036
684953180
513986298
11713978
664187874
191543044
447422996
108004810
252354960
734255706
8295830
403390138
329936826
363092928
151667772
104078916
701979436
453124634
872758712
511880976
232582248
295695472
493765078
94366252
641168900
180279194
28289350
84538464
26989932
41666508
235690352
456945420
180293482
819631024
20593282
663422518
565348718
362278732
686506070
1391388
280033058
827228112
255119662
502063946
314162698
4686738
498668396
469898918
190070694
147882030
16037020
958166368
381803962
589407356
341392940
609229160
77535524
283022732
81645840
27090760
219045466
13277724
243193518
193537952
869220
180422250
794030274
197403448
277082142
211754818
58248312
506397166
605121418
399798848
116376680
44987742
29158240
93227054
148408240
641273626
8155224
44521876
1891562
70508988
658344994
113226920
551967272
320243908
395132934
979733414
22127660
258022130
146540350
75335044
617591322
606336348
32073888
383184456
513806310
612492756
116366402
177136984
839321012
422548008
382234788
336539712
30177190
160233090
1029084470
44935102
107342076
931680918
31863992
138884694
176274948
310413960
112094472
296354648
1033677084
700250706
664062112
412648360
883910222
239814174
542577220
932984620
307983904
19034120
655337102
13853394
262231914
278079636
943233916
910670038
363171160
72052082
166063934
68272662
24446
545272094
395645626
628491528
270440844
495718340
558766532
24349400
263849300
657231134
664283326
205269648
92723156
110781996
334576632
565950584
524314084
8600134
587966800
76841212
375675060
395847000
676350732
298790470
114650812
347907880
209302752
643759082
513512814
373884076
191416170
476873764
167585214
545175494
302306494
4011618
6737760
189115832
65445452
793793176
621442498
268903462
438379226
134847284
233654398
118631520
610543870
653710450
1128736608
455228974
265112024
3773290
554667512
51351528
108044542
521927568
113355400
586927594
12204764
702083578
48086594
969240616
8141086
608255750
74278222
82815182
328523396
31004306
15537952
71799414
224705710
4269988
151936368
17491778
332904938
402360942
144055302
373006752
754984562
458533298
66180584
550842348
104366824
125608656
408987696
786348060
35501128
108987432
162105962
59388208
119928198
317740668
15397556
139927788
4579076
41879808
355280894
853752056
798622924
3947824
866443316
114895206
82252106
23545310
8204800
549314854
211463806
66352648
650982428
441648996
683834536
282036856
303248786
191868792
51073980
263170712
129567220
796802600
690506594
589812540
47879156
156142982
306951606
140999142
102458238
3786784
714229612
46155690
47522482
645723226
769746586
6275948
289615384
65062960
127957100
225157348
159581344
461220876
294333524
485709366
936548138
199864042
132546818
255795422
644839544
773028200
33167626
91554722
41361228
51556446
89955028
3821638
969406
79604654
973631666
393212394
68675390
667227444
746907556
273134934
126654240
100077710
396880534
577175640
248465576
96700034
262229318
11549154
225291652
340861926
159131022
11719240
542733830
46273000
7388460
1125188680
292390916
270912082
544681542
23485906
599888612
774650138
803339404
18313022
97916964
207989976
740373784
319969462
18221096
162560544
564500250
567522262
165609072
22254354
164478582
104505130
936871998
52882894
1063416552
19490902
594720252
847991534
805023504
302273006
30702300
249614500
614883316
334323130
43746396
442989160
456886692
25210890
181140728
867924144
363885476
327496574
471591374
102276828
295351826
195093786
623011288
231420
107860088
237815244
46104644
486171670
5084598
31741862
348782502
178531266
933808050
369149816
64043078
19301190
462175646
175535762
792114312
602118190
361401032
427331478
603115328
433555326
338283200
982377312
985870012
517239164
393799384
710379364
356276610
440022024
96164698
757449046
167072042
155881890
40484652
20486154
256648266
915850384
546500296
229245276
691190030
433608218
242321482
428030678
912543198
603830256
931595826
502696622
975633682
300146188
82761794
136230802
620130696
88198948
494042794
1044145922
294663466
498130392
274244262
18220
501945688
846192422
40990984
611428020
547887702
780215172
418265356
3469444
81329500
42302314
57286230
284132686
312369844
292647382
833989218
103408330
98977568
606749918
221158380
1045968654
270297348
21858468
25559952
411542936
572691426
20523780
426638282
32470186
558243392
40297768
14541738
9930656
400219288
195004396
69874124
250398770
816967288
716957474
29994738
588338532
873697808
505133386
647422636
17129986
1013254370
532294528
11619662
847130736
438602034
329054672
829850412
818296844
379412212
965037858
299654090
158419886
2113934
510616250
34494828
598174550
13908296
9056442
113070076
786946308
610402540
100866558
94983270
580320016
212568834
2063588
56403410
119372222
15560902
604919920
405615700
57888088
366704
231014320
3933750
2495736
492622176
35214444
651033136
650173676
816105562
691932238
57966852
17489056
123237662
64025634
321867096
623298086
49035522
435633326
192981338
30262460
158245938
314907770
274967710
725126722
660676912
30044934
90527352
63189804
456661488
824515646
177792346
715129776
506471040
77847526
805719266
468512
22655566
424404978
15947094
204022048
858686178
220839662
779999366
56306856
33869274
244494272
19456246
215201302
11216272
678568132
934332280
739776878
503679842
302835954
23591780
299274326
110009804
820652068
184524342
851676028
266956922
342520618
8966282
89310896
598168634
373620416
932181496
825101810
385306462
951275922
719693844
476840638
90217480
501100774
241369102
561634020
122350344
159675300
159703638
574691074
90416864
609439746
182074800
763284194
64555514
619179914
672744680
141669812
500206
17208072
142889034
192149156
1107296296
428540230
87078734
608978238
801501710
23302638
226920720
356345570
278582240
294039344
88393912
313430976
391886976
232741606
863594974
191837494
650104838
312419836
91840858
889489000
344688744
80004846
203493894
715069598
72415336
361822360
86943502
51665506
194551700
218538526
836514242
618648988
542858586
571979568
264269864
169566816
97341596
277059178
738395352
356937518
868923462
398754660
251455554
110208814
604138630
932540140
987668098
634002056
232386758
6106960
763837910
102985766
882489746
134020074
315260910
975065226
212961784
577209612
251633334
84515074
1025189308
2946646
13617314
39488890
757941134
342063754
528060616
266068800
175030820
109913080
503814062
233286120
32039086
707099862
505375674
488562140
964592
486772656
327146826
555811036
17348552
591372834
691651092
455316458
478684974
796465692
20117172
492048618
441714110
11620116
683967470
594489534
680566352
734709134
20379616
675636040
505077752
462565512
207594344
715490218
177565894
21377972
1975844
783112032
82040854
552223850
933642574
105573570
278704478
82620358
427539820
985550110
882357732
632622990
123834698
61419842
190189076
829122852
56790366
131231704
578511860
82975938
171919768
19540378
573015720
329370210
60319586
660444594
494598328
1015711542
909380268
85359616
790666300
448242372
24171824
4608152
418673592
698485790
242262978
51497492
961419820
625683582
194042368
6938912
444607314
410525228
471658974
381081836
234896006
125613938
924317428
687412090
473532122
347435328
889246274
92948896
484334268
191185930
5493144
219214554
168295052
881018396
185334694
76873982
42104510
291197474
201126568
84900098
442766006
456499026
862100320
114639304
898951280
854230872
144358530
318512140
345716862
71957268
303230808
74492008
139691592
249293828
63257830
38475602
9274936
824633462
634267932
721467084
307887992
62305462
508877678
455660222
103745380
141553680
636540318
403223898
324214636
615600312
721424574
281871280
46535968
186349618
145357450
2982278
294690958
43598058
592128224
160126254
771759878
410027936
106560926
296661088
695446122
283465028
261311450
897016110
711115350
338208426
164803488
633590698
8815512
114969800
13942860
1558568
652634594
536247878
731942614
160594964
89947316
52360928
1010568314
201465228
855710584
569790072
184916266
52070508
505253438
186254040
411164424
662587102
207107508
181326714
754957906
294520672
188120188
459465016
30856374
28919578
322222978
23083198
474149454
699284004
684833240
423321770
341557554
249562506
127305252
416424018
836752098
816841338
534507822
867572776
365278616
91929406
641599336
684455466
68466594
385345298
66033178
8929392
100906366
7996316
298516074
161842024
50577944
11351052
205891268
316554628
175488536
207528962
38186608
57196778
186967344
510676334
648596312
424672298
160766914
774265366
644050028
104096542
23451680
674487318
142279550
546368218
212957358
723067548
198332816
677684
617694
207316602
584868108
109265074
2621236
793096368
62994366
30598478
208358868
128135766
65252076
519045338
355324560
523780310
272797088
4029662
523897406
653551004
19798252
197493040
93496936
60287470
212309812
97117354
7953670
238184822
189730026
7465024
120987040
539736174
1008465446
700849940
850935100
473585940
860354534
492180348
257864318
485751570
11129002
195859516
38434866
308772062
49693028
68186028
7467334
999423658
7998646
594568586
705217164
569753930
422269200
173390432
64971002
282569070
109460292
296027156
570728712
446632146
83169960
507923900
556900574
972307662
2478712
2023630
125570454
137655420
289229554
601658632
54878486
354562306
2715910
59517052
110267286
237678
455311940
482444196
471279798
71816830
583356738
703101014
542850232
307388960
484957450
25470266
160725928
649971128
678735670
294810608
4326
33610604
23106600
114057206
86634914
374658
205578344
35926500
34004552
60621612
5014626
899451864
369052904
226413428
233170
861075758
65488194
738534152
28748004
69085834
818871664
11816382
35710722
901492440
554084866
133938422
324786984
551720466
98522466
686295962
45732652
251655848
455266832
410102810
240310674
567687398
234430046
743187600
37968614
89826198
766328260
554854556
403022126
10683172
460367350
625912952
13506970
152736392
727487168
76195046
127289994
128100040
923365092
485729586
400826986
432973594
563414940
202443444
26425492
544441588
17901468
75642318
19975272
539899538
35692846
7776638
630494808
734139966
237327130
518128624
507195286
95846278
90550700
506961970
50182494
80289426
411932420
143128224
584545310
45690394
301312460
265678916
43598688
204568012
187131026
126823640
274557378
442575936
507023682
144611686
14389818
524519740
737847810
164935908
82733404
175982502
34435348
574623304
701498210
733196648
69348838
694309458
43576050
9396224
175257154
46295334
132679836
146970376
115217598
261507922
143434652
67461332
543167664
351402960
713001222
28082092
124853786
74600208
2171308
497480412
601756468
21926464
68613746
105178562
827490780
118092378
200421636
96412484
38564076
137678286
117325160
114607834
13165908
155954882
61926280
148051570
281676072
36424174
841639774
246645358
918107538
155639358
208699836
475720502
414895390
278462644
149932702
140489010
58652836
35923030
522594354
90325036
111390792
65222116
545315070
248306864
107918794
559645466
79446536
139474678
628849034
52378188
485852164
158796746
477318558
544867636
18099350
55969608
313369668
3474386
616867412
139300484
6970350
875659720
176428022
257248022
148355044
842475586
139311138
4553160
757223368
268057788
188549934
390584126
13225800
31870388
19322174
177877830
828374356
516989638
142392380
455921710
719041414
253701998
81368750
781731290
724375968
455161824
367971400
163128492
735302792
435639660
492220340
76098304
44748042
368066238
578132318
94182508
429996076
318871458
184283660
18135042
36114764
126736294
24830868
298254360
875077318
523978564
1006031680
846597262
158682434
760354318
761622950
193871900
293191008
33615014
245750458
517469160
479416370
982868894
71937016
12353628
31728772
746629648
2298058
465776438
121636922
48449364
698405964
918519060
127148372
266235740
434511720
206093612
776720180
821490722
49428200
233012726
31745506
239111476
280215590
843020702
579603392
40864934
23775324
129228358
844640676
359469656
341863644
878936870
172232704
705964462
421406358
23651524
86195046
255331878
138727136
65052758
10910726
116320772
427514796
496393936
545556202
315229744
49219004
581107508
274918990
454699258
4013702
57310598
99424818
81035578
23886644
23400268
391019862
127773406
536096328
794569358
314405054
392585458
95951236
132960260
300265464
118351262
32143140
15945374
258703064
633807682
963349774
755791004
327335770
173955240
954239426
372030572
379479450
314308220
271179686
597902782
678325132
49972714
80902268
341431056
578107520
613483890
707589782
124711960
606979200
961752084
641380280
370429960
622265470
284924156
912567344
50678036
125097702
52416688
546289138
568280
708691652
390323804
172529500
4563506
360139948
641274580
101607788
977034560
571423392
242048200
176168018
339597764
111578808
691142366
99885124
497730506
709465720
590956806
222913392
216519860
26259672
463286870
209411368
4821120
577176706
401809112
274523514
185467664
401332140
559955588
64530696
321877016
41329338
16810072
1095391692
724729026
413988740
339909118
988764192
411244604
591912
427600014
3752418
1621966
310655722
361501612
297692
300373574
850978074
198052600
6845958
34778896
110830342
180662014
478850666
432084988
475964644
20268386
329798050
551663482
702401166
2082432
20033072
759129354
415051396
960935140
737364356
327501880
424707204
653449808
941672516
697259006
573619560
390871982
29853684
47281576
53799024
321375356
260197512
32180216
725193786
28275458
160343146
405878034
16798064
257462254
238432272
530022314
449366038
787888510
463014246
762537052
69036174
7443186
740341036
18384556
353664096
180434510
116927376
74588858
179296
286487988
464489588
260531104
2445162
21704642
119185072
485056706
397938890
125512838
1050787220
319438136
508696176
732990362
699702318
180497634
765770982
54268712
455958206
698879162
65941220
1473888
676020602
2216580
350703598
5140344
74767634
788894086
189310
81639302
354719520
50886684
100704656
10564414
129234
881814884
13393554
193944176
205000340
443977060
409061724
494500156
661100
396892512
297461566
393582708
334359928
622603676
875705670
20593638
95140046
762252038
1114156
59488182
380619370
444418506
143128430
151538744
499201636
10250868
18064440
513858772
165569014
1441570
229897836
785476972
178650858
302174428
567409526
505287388
25534292
633082414
133210380
177409750
234265458
619803222
233950188
8278310
43025588
98074008
490476386
721123006
349032792
142955172
384943852
480697792
107931504
14938952
72724410
183452446
1044764
1710644
391471986
22141280
348153620
804520340
707654164
13390722
101374168
72571586
671374202
167628330
86902832
44581102
16964112
616872490
11159862
608815764
123657328
15959678
848198098
110679918
19321156
461609902
937341122
270351050
74743384
364424754
307227382
240247926
575905748
103676356
227461182
548590240
19900988
292827280
906302608
173312656
5218384
26216110
641878258
135411646
838739328
1902104
183090758
11130660
636876160
968786992
40699224
165575628
86353338
155441628
213386852
399376408
182306590
525529086
44814172
339393560
509556662
467807518
24003802
660269602
138247854
196299124
222479362
247406578
215128094
424773360
30369368
47208396
60218474
660823996
78052508
652122100
516461794
604985712
108496564
438879086
59136686
291995546
179166530
1049558732
477293884
197916316
586439556
426772750
429340036
835759156
732400482
459048014
72625550
553415774
130906226
156263038
1005754668
422491948
72414802
203706080
104305294
115399984
40528514
717569794
107236
82602130
257955566
744846156
174524546
340079120
439690740
807059542
138331200
822027394
760942412
342083476
13915018
139548492
953011742
670404462
635683156
1142936314
149843340
75469152
50614502
228659936
193685330
306167508
322717022
187250408
249933470
31644878
3730244
84030394
25813160
808767064
265675590
332316406
72060196
1076369878
147340306
4010960
718412560
122119280
905876860
202819212
264591046
240686756
34359170
99344888
1034392806
128704174
959032104
73567768
138352942
145524402
367215356
226249148
661716834
948674834
308881714
6607718
936112190
537776612
619473864
372914162
127512996
594515968
359954574
562980856
484930108
257796904
770166714
575425768
141646210
198792192
252885326
456027366
102860606
211327202
146545190
133626546
737854612
1027251452
84064142
348252034
6050440
212820906
231861148
698705004
246373232
209888074
223959448
396261908
106667974
951042816
368053516
46624734
454141396
545965828
814425624
133807608
219165668
34273384
759333152
480482036
357313288
12525532
551376816
410564740
776314500
126183378
399760964
540096492
898223326
94430908
278863556
126191818
2274434
724759304
143222774
806610
328700980
391120676
398430228
312968686
166460782
694280358
594078630
251170664
154787388
661832226
408311730
658250776
1011637798
186659750
909397170
290851910
114676824
225564552
528367088
224880234
257540004
192936996
700474844
293603106
11273080
116894352
123048874
118266260
16505734
431140612
165905252
365026142
28330850
34061484
432007260
18538826
684725276
457406264
532603506
478405022
161134024
13889106
180073908
6767276
603033160
237379688
708668470
184726066
56166604
50904428
14069352
824507776
285365260
159894284
7929956
39161618
964448780
559261414
950378226
212947132
954518146
582126814
642288900
213355948
517500686
1003656452
243092740
604305214
943484210
751006520
452898298
4873892
90546836
419092962
436716362
325120146
499719948
687195544
33365700
691745400
35359196
642347826
141492558
548168482
85551058
670711326
38866666
48319492
115233746
40130840
505034728
271389288
357826752
635542654
340147322
968774548
422451884
165056758
231864600
765285894
178950
131295714
12997678
34161376
294673326
322230854
342734106
453504974
10708730
86241580
793667384
774966444
634260846
719576470
47260444
670353686
656328636
164394042
99271360
651588996
145743248
779199064
194289528
75798938
1156510518
193532914
91218640
636673344
71286610
247158330
7454898
941361720
1173212660
7743834
299761800
163958490
432475222
529457640
614952040
653893266
703460010
841844242
38146922
896537812
632188202
520983666
770750280
282193700
305384148
175825878
809780902
72475930
267934504
316581002
6340968
576051642
151881140
7043516
587089586
479473896
139384136
485749708
59399008
826690996
908628216
145086798
1025727578
87260280
212150926
698189674
12080914
78799728
310695626
294710630
260006242
348746950
15683204
667766642
335045150
11416368
52252078
80178836
340442588
329360
574024160
403552446
62043214
380915420
609639644
38373694
190989616
35104740
749502470
9173840
996547978
252948200
828808378
307863464
94109276
797367688
452981964
596783168
69261106
44152778
321823904
769220320
423992188
9852990
6767496
368914188
442702602
65555192
651942790
8941644
444480894
270028058
21404820
56805176
40623726
26629066
388887124
609266726
200768098
231364544
92433460
443427042
742729990
540316456
169913652
1126532
224670908
329042800
525380144
53465684
476282562
153469750
169239752
654695402
670907030
114048796
69235186
19593834
600035938
216433818
239064350
84701542
433420626
24717896
808267516
195125754
870281926
79878974
13900454
650040222
81547436
612340376
47593620
567933714
11392768
171440258
300606116
948912166
85366408
119851016
28863100
131794110
387445264
428772372
97166274
36867748
409964462
195880382
881201498
96356040
275043140
228310052
6896652
278324754
119784238
63663210
113739690
188999458
487209840
24876602
80302226
46542290
264532836
386246562
833481548
897661198
169081226
456305180
734483448
147139252
40234704
25155732
455601744
457227900
918791262
224329034
85757944
376276996
255392168
559427992
585653364
136851334
58689602
385513684
648848272
439672574
962574870
513329636
461893158
435858890
254037404
36786870
288621812
3624272
3117600
319784808
412230318
197219036
42951296
120377390
444712262
134515442
794147548
342212224
853608796
45763318
450954756
889912806
94660014
413409972
221115480
94215480
845106468
720334482
406142474
2561576
590360372
676976310
449116174
335000572
222033274
243450484
242233626
832154592
72938918
597820670
422488066
903182536
137980010
71759606
303567710
184417138
273854300
39878118
456011678
260301346
568420782
482111892
418116672
671373164
51451866
602084434
104035760
417779284
816625458
22711642
527998526
327845782
65533516
103622940
82776118
403405286
129835784
151305926
138653960
972469258
18090562
415525442
35887328
241855446
84330850
68952454
379556492
513532756
436152560
360127984
613650042
268067842
225735202
263945414
456279326
531539208
712936248
598907330
26936012
869809008
616283318
787402080
549564356
824418834
638459366
1112193430
235710348
1545764
8715396
100136266
491792780
214061672
807588056
127416744
886431678
146898874
995028288
356875044
833939850
565144784
779542474
169752284
107243706
20618
137153374
32398264
847757464
796115652
316075274
1004492
241400204
146956132
263590752
110214660
603253738
345071884
89697080
132733444
4467080
780497278
127801866
443066422
31247518
45691436
663289416
758405750
190661044
555335776
271050474
443983124
76512232
509533670
40650378
493701752
290928620
737535004
99621676
423977978
709936874
142008294
94150402
109595350
456427302
99665174
9982716
11844416
193902530
772213942
186648210
764784392
532495258
632486980
212210494
84616234
1026202922
273760848
224084254
430346778
77597504
26251302
989071478
240128384
172063836
148516988
196729070
191579620
559231852
257678300
79277280
452249152
242712222
476263206
56558492
390780404
208567826
191106636
235866008
224614144
122758848
28505272
440411318
30448946
252854084
692458
476288774
648904214
128538078
862854942
94089290
917569222
686174458
18045508
119072480
287499924
181583782
165726526
16518330
14848304
141867542
160265966
551126824
90302876
861900378
199783634
4598950
312800332
536282370
651558872
217705266
160871786
440371112
201527202
134758330
400404170
455285508
509655298
195832640
37463020
455690338
663386204
132192494
32666508
145728522
876143920
18662486
643935000
433245562
240046622
91758882
773578130
4879280
125592648
4602010
1166587522
48808100
1220441596
968264006
178135126
25583998
372377226
953781074
606407086
181768328
200997930
540728756
888558940
479823356
283459504
39420522
206972048
135636156
646930106
745797700
739615498
651350772
1064427968
46045866
297336684
379958768
678752384
76905118
33021780
342347954
864514468
55268258
174700670
476330366
712715202
121443514
15401760
320290142
684579418
11409478
15554
238903424
662722166
246516886
71514616
834770034
539099044
584794466
728074290
606775224
423860684
583119382
535254088
14032000
14436012
297583138
184209488
532887540
433829392
558960024
23312306
247924782
91354828
313680004
41222070
204719168
756129828
216979892
625099578
15719020
113077508
233875746
350401372
256172684
416170596
433183556
382466746
378394406
341255098
22252916
35300848
114852630
245357206
388471258
386684318
806772602
202653992
313441412
55506438
53177210
42963828
479784578
438757706
214881752
473573614
46946462
911250
193744840
677836952
761308634
570597050
369119186
529366250
61587140
145186258
42729144
474827416
231175580
222628916
82452110
41905444
255780696
595613234
906980460
415069754
152838402
27168650
308716216
575298538
223720600
12607340
45561038
21594016
644833236
422088
413369768
363099300
772930130
590481756
81148642
145261654
605211644
467861128
985229506
1013082092
7726428
26051580
625196044
498041732
430360032
24971570
774448310
734108232
335817916
423132232
26368740
57873132
43230834
46502212
262652744
4807502
310459000
41285378
523329240
125351016
947946470
344567650
15250184
960796030
245824866
305685394
405933284
19057004
539746522
855951904
159313598
455599836
134764872
390918644
311728472
696534
467488382
3696970
45325196
19350760
237080666
252383232
441997324
287254734
130885116
323948780
891574782
139087466
37190590
15191490
170902110
462296144
40449740
537542798
1087965790
693012800
26031636
6397666
719273970
861449706
8980240
58784
862457742
424321744
281539114
770991184
134783272
208158838
271931122
18130410
566258780
70045850
583706378
982061576
423128816
733473156
247607096
100154840
788160596
161221154
240776418
790322960
438087750
2464342
149289118
556236
676393930
11337466
666601704
5852332
49570694
45640884
79513706
104617662
139831252
130979412
525930028
275212346
449678464
448338286
680281808
277723386
30298736
218509878
565232690
571416464
351648488
298433680
449808166
90781916
323023782
805554282
349628096
1151032114
68554356
392466910
669111578
315031076
210452090
485507772
444260604
86600736
314484966
812104344
507924910
385683534
708827856
48712078
147170668
45911964
26012006
272398318
59098908
255397822
381025326
357987020
130013356
180266786
25710772
195882046
45235334
40949670
621727664
248031644
53545448
235879066
589122910
709880518
385209960
770779198
16193124
466761020
14204782
99982124
1907202
47457074
724246746
821548652
264331022
252555056
689659374
29701636
666982130
31318340
592138022
843980762
4997534
19617972
41779554
358692798
845415484
8825880
289276562
325469670
127334844
881380918
555409768
71578796
391930484
132214024
211060518
776645242
288347910
312676274
639320682
788647518
1068528770
533349698
353307484
385995042
303275430
775256380
571148424
261004434
267930340
6055266
597193896
745554728
53445322
612989128
601906478
261972700
809491856
152233342
47895082
513980266
2110914
676010872
23530758
577030126
256158478
252058378
297157302
98781684
153593942
14607460
2681636
626328290
73658252
733034
88828182
585331432
17100820
386285706
804767382
90261854
515859718
473737048
34747040
694197146
607684096
430277840
425980650
168226118
684361256
98620284
922552844
242565532
400243042
1226816096
761033808
1190725600
528849076
352
155393052
117233704
60622276
3329994
286820026
466936780
752778384
74012358
1096740992
57777306
1081824
1001792454
205243734
230963870
180113138
190968914
197824994
330097150
125101938
512947276
556721770
493635502
482548580
698003746
402541532
49889990
354183750
272159962
110322512
614942806
353862144
376055538
674728246
81603338
413013402
37497550
984121302
131285994
72529528
493325366
220850634
107544490
51609538
306376806
634634176
891973958
662598364
35060420
424057412
302943954
110613108
567237292
724291064
271230666
314029138
59830526
39824864
767073044
514027558
199536176
76506380
492080042
325508492
477065648
144546102
160239516
1079129470
833789412
22788134
483277580
49795168
16130476
10407500
200650824
500807502
274694678
135002312
77872
104398938
8539512
927684850
231716880
370116398
1155357060
364881054
623397382
89319468
124362704
532804168
422982736
545225612
617885856
416363218
851698056
3441012
810479378
192901028
193670946
472265674
68728162
547786364
326922634
754047420
814330386
112398286
774053030
266417994
599695590
179600196
79106084
443630030
157050402
546285412
181225830
99355776
368840672
354786490
940408940
1077835822
75076252
629309634
277182614
199581376
299904414
43554610
217556054
341985880
12650862
391647602
1009426120
147004344
93513046
48596702
589601294
130474834
441163254
957787412
635701214
420921680
45990242
343276176
529511730
652668932
1256864
579481108
389939912
712138132
1006752110
1070428212
803564134
272334522
3049426
719354570
445057674
971548830
511128956
858160516
22420678
727651662
70093640
412470364
9053766
100438482
869034630
100142388
603832136
127359604
4223564
287164194
7314990
487343108
96782990
10147676
273275844
660624648
598755014
262189708
46530112
880788422
433915470
833233522
127407204
42516256
149887912
80685642
508569516
132156862
399535564
681875652
240476124
104832658
471377192
820443528
923228610
32809986
771114452
2738474
811428758
885292946
30074606
473966176
446987198
1043539744
106116452
325595840
80071636
172483370
80976910
434648268
73120
158085014
621528996
253530132
886312732
59554554
604240592
4376270
707335578
481015972
81498354
9464974
408235174
286110246
48271432
70917528
29057072
33616556
229915838
241050440
706233870
8665452
114390786
36662842
725095376
430772854
50644334
324275634
399475184
476991786
854390912
329730504
268975158
738778500
3399360
389062228
376818590
47438024
205282014
46227302
679339984
279170192
70717498
249769504
7000556
271230472
393803366
436852394
713139060
611456790
108190464
838974034
20228928
528490712
8048252
5695956
326360090
697854842
914349840
416222368
401903030
276773194
979369922
21152388
622797100
71175402
1632896
4414868
370940180
121257776
76514658
59180004
260392324
818564358
23367198
554050372
137358140
230681548
307656186
366028524
931569338
14747320
439956730
682781944
359121496
1249602
206268866
947861028
136304404
978378994
816272916
120643334
221600800
25214652
267907762
351984714
363718890
794081198
804162836
140158198
902036360
629990302
171502030
338412950
422446642
712664378
355265248
68830494
545114084
211976926
111692014
380408924
136620028
54244926
2381988
1171753626
676070414
253220340
623523776
17441938
556233264
615369828
5841898
567574154
554741904
640149242
34005696
669594940
993935492
575734858
3172248
460988646
863124022
213535744
302167338
53433322
237335742
326707192
261929966
376268228
241471928
611227922
918703098
504882010
747331854
357380652
680311390
644128658
551972396
120000080
646894118
8499336
726746920
503831990
569669348
334762642
69981500
863115010
309354694
597221088
30229038
298820772
313001098
346490936
133884034
441972778
601049098
97030066
363821752
7913266
51199890
10006670
534801504
538000594
38535000
742467522
274122706
97342978
395134768
655047240
805295900
61052798
758858820
10620728
620944236
1223891874
658896502
957578604
615430984
149635840
545283250
330694168
781051066
211630354
36520850
496443852
9662728
289561124
1065344
472620
364970168
760452156
136985686
827926424
773277054
634943304
959796540
764819258
892799632
30426938
838138590
533803564
68448092
405534436
199673590
385774288
56843942
43468450
213127418
602511444
359958404
34006064
132319608
269296926
428575338
753173554
295071198
111575570
496019008
526775238
258262348
536256204
2758614
32285946
1106508698
2524658
687591188
202310848
281246532
303468016
533143778
399855648
686637572
524404342
6467650
238103466
14677742
744197604
251495052
290809428
47691238
77763210
217212266
536934640
62867364
153473646
627000108
134210920
207716444
741018728
580290086
17979352
98695486
336653572
752814376
23110466
180797448
126170618
96226508
418520090
473668952
115508488
449760282
46095302
211336064
455294686
26996752
532201100
93718590
210826802
373764320
170676180
86583112
752582364
21202568
470233784
730693904
36783302
8408840
525395604
391458466
487109364
17341520
2105362
229548156
660464798
228625528
35609930
597395130
671521906
382166492
1037389568
248507850
468297916
1146000
72872094
56396544
658841782
390299106
20182238
395698772
339275324
331234764
621190860
308278310
186031988
368889328
784046586
324513992
722392802
6488760
414673554
5433444
173032322
231804552
348546594
564660768
750364112
102130246
449999670
474176620
9490268
104584726
24067312
296662224
35256390
565445886
279361756
657875104
9571124
7799112
1053747566
444942790
1073755114
71239002
202705414
695279426
589805148
993541338
140075032
47896000
119905960
304936280
277607928
615094520
593317370
414439294
479479230
726488136
311986922
37932008
207869434
1055365308
609061174
114391628
1080952
892036054
474504450
100052702
53473522
105458264
198072698
221637042
235073444
456437722
275504256
53263828
381726526
48814588
532610022
1020952404
185537490
267100942
212267654
859758772
305823004
225616498
632668670
860335236
22692250
125879268
538171922
8379756
244430178
227596810
452827488
249862782
1114982008
542104264
189510438
140253910
8689370
1096680676
89028390
520832896
236334960
642328038
86044378
248753404
707454688
10142088
328750328
3249720
640465996
51859700
282509392
391523272
485203510
918505238
471169098
369019358
49959746
953877446
355789676
304812584
190950580
126172764
64145288
386128092
500880
793752052
536912612
31449452
277257494
29377736
111332460
40778
422330132
320762
410082912
626908836
216288910
143227204
117350082
104549308
788613568
197065892
28518100
635802608
1007507192
28165144
202872084
47542006
234056270
398798080
25082486
234168494
322385350
368873242
187099018
25372224
45261600
368267022
545086814
799548802
712208152
509455852
7242366
23415854
412822574
219029658
475333064
13837334
447517238
90705272
481831274
470299458
76896462
91146040
633888642
4608662
747818896
32691462
563838922
41177066
479534906
963910884
524915454
251241792
88299400
735939378
633227496
478978776
20310692
108311288
987468928
119494568
694979776
21831876
800577216
177471876
104050874
363199858
622510464
367150514
279451684
377051798
170155614
31168300
66707754
68596070
218109270
118582388
8141422
414687602
424769344
528606402
318041610
458241020
295036504
1038738848
301221948
176077826
43773382
389114352
6436130
13787506
13336038
38137238
4055868
289613188
729001424
400012038
4321958
32833278
648484192
154564734
191512964
7309004
838156246
829633808
403521326
129344284
18147380
242808486
320203286
2324136
13764790
504214546
202752622
757920028
901714176
725062190
4471508
256069160
8230994
716041920
1179516
3754810
373430514
533909760
885720
261598470
866224360
181192268
293486694
60721818
379041956
743261542
190500164
439395564
268807686
11849964
961370780
459025416
543699424
9581124
448939656
1341942
133643820
73456
4843260
484870750
758137630
731259098
653636846
10700178
144929230
9265490
708875990
204404776
116280902
352643974
66569916
256960160
189273490
5912334
525521254
441060060
232777346
84637072
124978348
353030926
545834372
234686372
176040446
77499586
597157470
929914114
23964528
71043710
748662854
159671916
234074922
500583988
407749936
958008978
775931956
138464920
454778394
176946122
466739814
315192052
502820248
317983880
856146232
53447066
502489240
105050116
818756706
656200
67714532
14431068
116704534
437766148
129632186
40400064
1168465360
18005586
198314012
5320366
418069818
16014086
529658962
775460142
436654828
80284286
544240882
91056432
651455726
28424624
171610360
299770242
615598630
668260940
193204
848840586
101714630
150653092
719928608
570329264
9704034
297475160
59307420
223399214
75469718
355720802
27032602
660620390
5305862
43160542
465809692
238452184
605483150
565102644
11803134
1044340398
117374466
313462020
87307312
540354826
768615356
452387924
589970392
65841862
61710460
331416226
951293138
298120366
76956848
765963308
656788804
78973072
940526708
173784680
232379944
141170778
108726832
14031106
190200204
603289714
57042768
444938540
133681726
378981026
456545150
44246658
57815066
502102660
965091894
1363866
265158484
823564798
285087004
195821760
15614348
111272
184628468
39304252
937480252
54946694
35057024
394405250
9784688
7074250
21059564
300357358
838328354
71095640
78583678
45209718
581341460
672165206
12590932
901093424
16016472
622653144
180175346
944049320
578255056
30377208
227676434
34277450
13067112
1016597048
553855736
26311038
33093084
16787714
791127752
243817538
585149594
588760828
472531836
117576980
449088248
56727456
369381994
679068076
290609312
278391604
202078868
465193216
257532612
78615616
153397938
645987976
501702706
222488972
393686634
569906414
345365508
952122
584350470
102650302
263012214
1189170264
1142320
686322574
55500406
87962486
85990582
553339986
852967496
380002022
78868884
917561424
899485218
903973444
646575822
255053870
827000758
111431162
130971366
210128464
310187268
50454856
334680892
93562580
685360
161832738
124432690
919730368
564162074
5754056
224770768
202869138
1474020
567560244
270320534
710557104
57906180
255368980
26052926
757422410
403457522
90306234
306236028
200433516
210150562
148393556
685846794
413168870
531514642
5996240
480515240
33269816
232147720
51441454
632259588
190270052
148006910
1038606796
61493378
271782798
191959124
326132600
10653870
53104436
43489734
794207172
572582746
133154184
697033028
444324700
391032446
5362096
452858896
601336462
888300822
26352614
60964526
42655722
99271872
606370236
645642300
282120232
32022352
205964424
535057250
78166528
590439040
393945714
413276684
352074784
798257000
556238360
1523732
41790348
582083348
608685642
678119320
276978912
269414724
101550900
413230000
659548904
161970828
8640588
709714284
930044006
715094206
20534722
259141892
70730718
518439402
50497468
604715742
908209114
92152962
626910800
163122
742452392
7412836
195825256
588247246
632683564
900057260
149503904
15581576
66358240
273226380
150749078
562158608
17308648
261863810
3074652
296490616
475335878
152977506
554821500
270005948
850852472
646047356
126324
18277948
305922750
168409828
611266560
380140766
144873996
42573124
941227370
519497282
602345740
44760100
275811998
834825740
821619730
354291356
136281956
566292190
408458076
37261860
633570
169922764
203505726
367744344
8783966
354592548
62619514
894654676
12693416
335337768
62458040
617412686
443803682
838544010
173265194
1011306110
225353472
1636670
133174088
506851776
292672564
62321482
414660030
584132650
259219052
746750388
137178056
861193698
712719394
797700596
550397112
361274446
481720380
482930524
36524382
606871052
254684284
41727038
14443508
115016468
198879736
43391686
776902680
746125708
337346596
301563726
329823968
81081854
873150
493772176
54416972
427235120
1049675962
90090568
36508382
627575740
346400
613606640
469923138
644836360
186127574
932249852
233186424
927704204
617080682
558126992
140429856
326810476
62394608
191234184
92119718
1027670860
180044440
55594890
318962336
177753372
175569366
313175432
62282546
446665212
170915072
241693456
280830832
177034658
54052250
35600696
48574844
62121966
673100514
11961734
511598946
291319990
137535326
837202582
242001426
89817896
127222454
601850538
90863156
8011390
205157826
388269538
464220484
157448416
3863220
188479054
793630890
2065634
635204998
515055874
406185252
387879664
3164460
916955996
529193642
508088608
49122694
691290848
473719028
475334484
56574580
295212850
13638488
120293160
47226500
247968958
34868560
426244894
849131962
43314858
593430902
185205582
56764378
780323440
792110350
754360936
227422518
241326192
607818
100963886
523182702
163671810
811779220
130362544
407220588
495676510
782913372
82044196
1281630
10501084
296767466
725600138
201762014
224641050
668540282
30087352
12670238
322192324
360530998
627919140
613686356
79731570
198527698
163506060
719580884
535923364
47958180
371800642
10690778
209501050
693976434
490775760
977848256
31023670
39596910
122679654
318785980
379515966
650487116
203194546
495678186
295818002
824840050
828762936
20006022
395476402
181178722
131664192
107191294
543574294
120130414
1059984012
258565092
232019458
243747882
69142372
321992964
187556818
198115072
12324718
297940018
810500266
79044682
43904648
176406046
5518080
678980260
113036200
175571804
207842344
603209786
216846120
268582424
292748720
748712902
820147214
17664314
293944884
846394012
143558692
620248208
908495692
242610528
675819710
105761156
176487106
790688244
474078614
4075490
709956872
972621014
17070534
81000
185176462
45408986
353426488
435992588
546140
617104142
239056316
256282222
13696662
378756382
1620660
498484090
57689248
30720332
420167466
99202282
1053841310
755528384
214572496
125490
580602136
44807682
53636860
141645050
825214172
495905704
607132830
69453374
724443486
33170710
426110800
392210438
76068510
16051262
458463264
137309570
744762728
679380794
879755998
272464944
61122356
279003578
480511384
1016045176
840490072
49285162
554094780
692737332
19913430
273626724
852694018
40928822
460081432
507236122
216666584
276160040
300963974
5589436
41691242
1001271208
571267628
119724144
93240538
1024706568
224472608
46830712
297521920
667022496
287091158
945966476
861055452
145935428
823561534
143482738
273333690
363907844
441622860
138667488
62862792
364064
351959000
559214920
141408848
1001387016
243064312
252850768
14518462
608572224
4850188
17395574
478795082
12907740
251429638
661117108
623667184
336348500
775535576
397600822
268538746
310116724
248641622
47916196
332343352
605434888
126867014
262854612
480640546
331013608
519650482
12217520
711625840
186978630
512155638
61481066
193320254
242800660
324150530
78353424
264430988
560617722
543700804
736499764
851335110
446819844
525726668
198209028
318784780
218375414
27548776
337897926
632187666
764763980
532139744
1239346
132554690
243839878
190695052
372468766
18324554
167219360
7980750
651679318
328178138
9416610
75183844
357346610
166744174
137509522
203556534
15244512
53494324
219453534
14522204
219649646
162992130
204953770
17227386
155523648
543961546
252433686
320973784
160374194
950864044
606001006
482660898
489421864
43691170
305519468
15014978
232699676
258317366
744103858
618755558
275612042
235217678
169510338
380912732
179833758
470427954
498693742
581074030
928348156
126062880
839197272
124765974
261461314
111811504
71611918
609342060
287356448
288962804
481033148
22796586
651838480
105668608
85351766
1089902412
127596310
381256826
41147976
563484024
77243512
320447740
590081376
546886178
887088962
58419986
777943378
215132530
684543000
357766548
603401298
404803552
7523498
213297104
89914364
127352398
75871236
95280926
363829372
33347256
201591488
446599802
437215190
4248190
29666624
632851644
169796466
186893786
33288974
675554424
357094844
897193650
642120488
28939752
193895372
154943458
743484382
751133954
935128802
6161708
262115106
914062404
57809494
698194300
6075338
76444992
621834956
53452564
351336628
960465660
11356902
802691310
105981696
401487078
834988630
729129260
336111032
537314660
20590666
486054936
804176752
259682128
512274
25003282
213572132
1034695446
315103598
3681040
445354748
823961712
171290230
31117212
411037124
740602468
828029160
978442584
750125316
294310646
756376118
493839808
425975108
124399220
344081614
493741618
87928158
13144532
351732458
640972716
515701316
863982984
203487330
379663954
239360696
311799284
100632086
160968982
389970084
15158678
45219520
91963124
740973202
226524134
57505216
26193580
329439176
115723096
824470654
5470296
401048978
300141994
80634348
821123770
117727762
490387894
621480752
776230630
105486878
417899360
836439966
127653460
190409896
380566606
109962
232618570
641362654
980818832
318540768
801704974
836001398
25455540
705209338
483253822
34500524
544140934
286553044
145438992
293715564
88551130
844348592
284569818
888365612
164904198
712517392
84960126
118706032
283847788
490293442
622691314
717967842
270911936
785786356
598206478
804066296
4530012
363108966
303195224
587069996
799617112
697261714
449381582
720308768
914932658
523134308
60278166
116279112
758338648
19960712
2420216
714930058
294015152
280773522
12872884
916300160
58600588
455749430
99365694
317877766
408712254
443193616
301763638
606347242
447601278
403094072
719942512
330565162
52657636
97827008
229265724
235499162
330542778
240627412
231844874
40030244
204686440
489102770
455798024
165112680
741560182
9269398
647589624
88904820
582829974
28376616
749698014
257977160
244938152
102742472
265946874
487795154
449574384
642212284
61826530
896060822
276184342
464346432
635489388
72288464
140974122
113687730
58550508
364166044
148501680
297881898
64228466
291067444
1405274
422942992
253614464
183416210
516510174
112686754
396208356
211418800
10010012
609871156
79700694
127575612
302463288
875969688
187333284
305567570
192557740
256088342
416710978
603736108
398202212
117140856
8938850
191811260
163776074
206271844
12820758
640456648
89364254
9861484
406014720
157518316
90464346
95326602
194405692
43930082
688435622
442344184
667541398
232127392
864511528
360680774
164182830
182822752
781471184
1213876872
408835540
615361658
341119094
200320350
806106396
30018048
542519398
317051850
412737150
338935052
179738594
714622308
133411470
90314964
1043597256
841731460
435474136
325372
863599202
219515676
627618736
564745598
302627506
1075938358
23082938
275506590
37583446
668577646
438430986
802170976
766647716
33761614
268522642
803757786
121538400
44547466
76630606
1094725434
399948314
337523916
232172414
768545076
347565288
198396486
241226902
606984506
416120532
25525128
260494346
6350884
30977316
657660044
17079954
223768622
672809768
177878430
467774538
729704418
368076330
751434514
307436520
188788734
541848432
37825344
1924294
1061230152
261650540
18220348
489098102
353919158
84068704
276185984
630081112
326748572
539526816
48318104
6788130
816227458
149038984
68665448
214721708
901177770
206317348
18240928
251104458
16589408
733111232
155393796
608809056
597203522
77858380
807994934
188046332
223071094
58226964
414934886
467901728
612028878
912047870
87406094
569944024
188519840
264679890
873274126
507317624
987693910
40520958
12093224
680890560
400401926
509532094
553036040
235491710
543832810
196165244
633746456
710693512
31890310
535370128
249016788
506005906
321441606
269830344
420224936
385300570
798997562
13620400
463996610
684378430
55297236
485800172
150198098
136168274
91439816
60417972
927950156
323003712
633292354
557634816
701875092
287710688
657006160
807096094
806992262
72532352
1554390
1017180560
117656490
439808822
379599786
308097622
41816452
48904552
507765396
346479354
3811302
344928340
70623120
344524938
916895084
641898094
306019748
6371024
755129810
110938660
855620388
85144168
14968740
296717962
660332722
643956624
424464260
128083360
284613060
494702260
14651342
261932268
662872284
671412120
29732616
365790374
26198840
530183418
378756994
90867598
47476590
409455426
170094380
583819174
365984414
577370608
263698696
3399496
435058448
52236838
544439510
264319104
143263162
843406160
453051544
295264562
844972290
61676954
28165620
111949094
79725254
495578526
536239376
128477172
273161180
403308502
467074876
146461636
573207798
517473820
67752350
744572118
345937302
102904796
63599912
633227744
405710566
93448088
373241574
520415284
960882556
152328008
911875964
846012836
71366484
1097772248
10586550
554876102
73849540
109431040
56962208
223478296
700196746
57144966
64298576
527815132
674126978
2323928
495072246
200347306
451362980
89873804
646528066
574061400
90650858
1044411816
708870784
968319408
63072260
43351166
165215396
258457124
65175250
298532376
7070092
273270726
427167052
21583976
270066352
209835132
51445660
36970376
696864634
288312122
111848764
572222018
2299634
886930
237500060
164047794
592173152
79290522
837352164
329266950
583791268
136150012
677151848
333722866
208764362
493348750
106046938
63589644
21855724
256382140
42603970
32825552
152581892
638314360
705037942
693383718
9809862
113969876
415342988
196607414
96007266
652667656
49586478
448426952
136576780
31123600
330696042
13066120
576813992
463661524
68958746
3509230
28196126
599819474
542336778
805480388
676350058
633259888
496050576
618383862
464704430
98492424
1054146578
556694
683200534
257919452
6960840
278431764
136680072
199150636
116868702
16766120
924661956
634412902
638603226
320673778
754367096
106429328
960407848
5158988
86677002
679618334
10989140
2818752
217335782
3570714
187137928
811949058
480449352
1021023198
