228826
767816
756996
923250
156128
837972
608228
55090
1230530
148532
205428
2662
54402
278424
914274
1276272
1471584
22178
750906
204466
928378
3014
1214462
496132
1139308
26386
183962
736692
927080
18362
10158
128406
20350
179840
1069862
72526
186460
619816
239150
618922
565920
773850
297610
333570
909722
102342
92666
197684
61402
34882
1792710
45176
6946
99086
829570
84142
644636
209290
618328
647050
263492
282604
93674
9678
923316
687514
56134
575412
124774
14374
56678
366896
61654
10392
1621302
31694
178962
14702
1397410
63786
511184
171390
381244
810716
1008652
53438
245358
163622
52884
656482
225402
341742
122650
541530
177602
45316
607248
1031122
131818
86766
309148
24538
253666
1669516
5920
35334
157198
4518
940362
1248054
1013102
91860
466854
10044
22692
722230
44870
799772
25654
45958
243698
917700
1007362
36516
114972
165768
856154
123852
504150
444684
58
18166
1329702
560544
519308
613488
1196924
7364
4632
466690
42214
18360
1173784
28228
408316
369732
52250
877732
185668
7320
694660
1592408
24184
526934
577326
102432
497700
279490
102282
224510
109302
708880
315140
272030
583238
52376
154674
38210
94628
368036
339390
50946
128288
92028
65256
1600
648574
738032
18530
48694
69318
240814
401656
649014
16010
408660
634966
173092
599954
334252
239286
136448
388126
596260
1168872
213140
12536
62216
315602
1599986
255266
341878
63542
691690
168440
111358
507418
223522
81698
810878
595596
767896
1067836
34022
34658
462104
187378
355116
390774
424974
188556
123908
74412
224134
432746
704280
563910
57902
574396
17496
57636
6246
572454
661958
142032
12790
176612
1167762
136084
370232
1131048
503660
30056
162366
20090
916574
1129316
351932
816020
158756
610568
157922
803390
445818
762542
1142166
281444
141498
1806
1461644
1091266
705426
745028
429424
94684
50
752274
40124
355348
173184
123818
4118
221400
350368
1093760
951044
130944
28818
1189014
598920
628206
4118
176872
375728
4278
73282
69402
792638
575862
394676
953100
214800
1139442
269590
263774
317362
128102
201560
405800
571686
932
103516
325012
521602
17176
153568
754942
94842
68
1265514
12914
632292
8294
1156372
16884
432808
150118
332088
147842
949532
407606
285774
968672
634306
10586
126042
691920
50268
12
437040
122550
77000
4840
1531318
989060
5950
927414
1530820
129246
399474
74262
862438
488150
207540
1107714
1257268
749520
73820
615788
566634
1246400
468482
555110
239284
1666560
520712
250998
370178
1100082
10346
89866
1281602
69194
1230458
129262
109896
10586
1267472
299346
882112
668738
111268
61814
97208
1139154
24230
539774
11036
668
802748
9912
41658
147820
955806
646812
174176
660504
201664
157384
313638
283394
36740
345636
863184
1445314
879930
8744
555078
261324
732148
1195108
611080
980724
346382
530548
66708
918564
858248
94438
42018
636958
477760
417128
22850
697346
1445872
49304
376280
194772
82486
155872
27958
379040
46868
34490
260448
149188
531374
747242
585030
1529866
4170
624172
940542
282318
196132
49134
433878
198276
311990
1192790
732226
391890
303614
6330
407852
100014
1151092
836860
342496
334520
1279716
347068
39528
139746
919884
1515840
1008096
1539004
747156
638670
950978
282942
413688
208824
20782
1265608
1182780
664974
1034788
1023178
579316
277180
703392
16988
244
485546
1059522
615324
374254
593904
559858
614110
655408
145532
50598
757122
1268124
466124
174
1144
72488
119340
676352
322932
46616
12292
102664
205102
155486
132290
29666
44794
4296
740064
454128
1288802
1171612
1747146
1020950
60934
975686
923832
871408
116964
902160
75652
3422
16148
1055266
40476
425734
380676
10380
585592
1201496
572778
628588
170978
49724
240068
345596
624176
26782
179786
39436
23160
157356
3556
287056
441818
41558
143670
558550
775958
968162
1010868
106080
28552
122276
25898
1010600
711654
303112
155272
339052
51014
23940
270810
42644
28104
905324
53352
168034
1818
57248
693096
1377264
85070
1305552
53260
212698
295824
224460
1716036
170138
139398
61916
567344
186898
43046
155058
40688
778088
766210
37028
141556
199782
343936
1408974
450634
91428
110378
18760
737226
71694
148894
7182
41960
96440
1517614
1765220
371464
367072
141372
914306
459908
532552
13610
460702
179144
19712
53716
839902
691868
79730
954320
525224
771526
3874
737782
1035732
694232
1161802
201412
473224
970148
197816
726174
788
930970
863592
330344
72186
1069832
729480
487070
240558
11754
239542
83458
221552
44496
419212
16634
111976
46456
1133756
158622
227470
366666
676396
3450
1431944
117150
417660
115754
693460
52178
292406
8258
481266
652996
260652
898132
1542
485042
164362
677648
234118
283072
1270
1320880
793988
12964
264086
126432
496950
750718
476086
118246
204328
34796
1553612
696676
525180
475716
613710
2920
16784
151862
237264
27330
937482
246282
201992
320132
39396
244486
479640
2028430
3682
362528
187020
273106
1665170
664812
10062
365338
262038
117460
774660
954998
1090554
13248
29336
824664
559172
817634
567540
129402
314548
603912
718632
1334304
285084
966758
284488
2374
151894
572518
107412
1104094
159880
419976
524328
194828
426590
207518
93090
2120318
730762
1117342
744840
108050
16314
130104
135342
994126
14604
1281340
376174
746634
193114
6218
52552
74588
75906
51332
60930
228958
682596
192962
347384
32134
822868
22574
756692
1237384
597938
1228916
954058
233406
92936
346090
101686
987020
325386
554872
208150
228990
336482
117904
342040
186536
123886
168820
43602
1240718
424298
452988
398888
422696
1001950
1099050
116036
877110
1183968
224498
112660
153136
1375174
44734
1317374
248344
513028
54698
480800
105560
204128
869750
944132
208726
235820
116446
850900
69430
69470
12226
120050
775774
53346
1005870
3882
371944
516492
468046
1146724
60988
59552
386764
1086810
1727860
1039508
526196
69240
432738
398386
164308
700758
1002858
826196
1099000
86980
106800
29458
388634
223478
1493834
296762
69758
89472
187910
85040
794156
17576
20802
655016
95450
562510
1074416
84748
160908
24406
167156
291206
1074692
30
135182
619402
761818
284920
1126264
1137740
1043650
23020
158340
300292
312464
920792
1656
53294
1078926
859752
1022520
201424
669610
144278
260530
23918
194996
183850
4990
29564
1232254
30800
218422
1713580
25024
498372
24826
564614
45480
560390
1166746
448990
479456
792418
569614
667406
1342
292058
870506
497252
6520
1395726
589898
21350
1316912
84116
608686
449112
213038
84316
246336
529534
38020
660990
851792
39496
167442
1299744
87294
1106330
154430
408552
1486572
507346
172812
734700
1140912
771356
705846
127472
150826
354672
699212
32042
60
576882
130414
430644
917816
644898
680552
7152
564264
93714
352428
1422
980434
41022
1084548
63866
1887674
1314542
26094
846234
397720
1189468
1583872
1098266
432966
681830
172488
156642
1148334
1205732
1461766
123080
659260
54672
120054
524360
3074
514000
230804
1164570
1104396
1012170
647122
80240
434904
1253188
443182
42900
851476
358494
508068
962640
712956
158982
590172
341306
998562
20876
93612
685512
43602
1101126
747528
770492
270694
23678
961894
445784
693344
80038
1371830
1430
88314
248300
1265706
1455318
190858
102118
504708
115668
1303798
334208
1297108
1029588
39522
53642
70020
126778
302346
18350
199610
51096
182282
1757652
201898
94658
204844
10040
1452
72152
21442
906
1296158
180638
1604230
905332
955808
1616264
1121166
1339300
340856
143568
231370
610074
16012
880640
672278
482600
46500
159648
62570
33868
315374
113896
880690
292012
202862
4720
19308
361390
308
397456
299928
2009594
563854
8760
162268
87494
1212484
61606
164818
1019468
635054
2288
1107536
705368
261292
185116
231902
22964
702066
562672
249280
268200
1344550
46726
24970
777026
781348
106098
589354
625628
22838
959368
101170
806922
505914
700148
369506
85126
522430
1324692
269836
1427798
688836
33640
900
455292
640920
1210444
470720
591426
617852
559960
39464
286130
627838
1182930
1770064
121830
1195220
29060
286614
266140
119272
310186
264500
46730
620444
13368
732236
173990
310142
325654
256050
143474
2982
427006
170462
370092
42574
677014
393142
15140
541240
26738
258386
111486
666438
126904
284636
207936
378680
431776
117252
230352
1162
126114
222892
571864
1432234
1281380
29006
164728
104434
173724
409646
1119668
141522
681774
92240
233792
888438
122618
169174
15272
69448
1473638
703404
450138
64632
863014
148790
461084
253578
957068
787556
145740
15040
1153244
228768
397930
5416
939740
1369842
621596
354664
899402
895002
134166
141778
395344
418194
464776
108002
74318
357052
922686
1662210
1432
285326
259324
108360
2004796
789104
524180
1208450
445762
44152
777762
34596
507412
208398
682188
636000
6608
295170
115660
162040
517668
58234
620812
375354
1296752
659334
114658
2068
1085634
1731744
1056504
1750080
541542
21098
185876
29654
866770
67200
342438
84530
792484
552804
237856
499126
94716
1120354
617958
36202
1678790
273896
68940
29210
14830
50450
138188
270040
645866
904820
54068
635244
82176
1071386
355558
1141784
878
670884
1750484
79138
333978
167516
1283814
56368
136868
292252
555440
30818
293048
854348
14018
1075396
107368
125386
9506
5600
351430
252580
631998
10116
1124112
633086
891490
58290
51062
285830
926458
342634
540394
1246706
62718
1029738
542640
63504
1057418
3482
349602
303912
414466
37294
937722
9920
48868
395844
10982
1118832
245624
454674
21224
698674
156444
547436
157280
938182
578444
478234
511422
82058
911680
75718
60562
76290
857612
1179832
358762
1271810
29446
145934
1007922
156354
221356
512192
986358
366170
132948
383584
279336
565780
1210990
1172042
610360
1501312
242084
412386
1439684
9124
12014
39938
413438
73048
1136670
279314
1495142
485216
357572
45274
920974
654616
593242
226
542934
340880
1842720
1038238
87094
127062
1235554
165984
159764
635612
349042
29092
707280
42558
485714
207474
184584
50166
523706
207776
118166
483828
643808
534206
7422
1115440
211784
879286
131462
395148
1083020
972296
336314
23322
402570
586864
1594046
70776
523346
957022
902594
10712
6754
736404
287400
80778
198660
246302
96772
28782
5452
249572
814648
72542
276368
516504
14510
779474
19430
1095940
12038
296284
714498
244620
1311394
54962
342304
39934
262086
868776
141648
94844
185914
254912
45934
138066
178594
251726
300858
103400
84318
1807484
87746
34996
1416588
501846
969100
248346
87024
465914
303522
43166
1123192
508046
40164
154046
638422
509694
168304
60142
119556
523080
228476
1112162
188146
526196
1169360
126322
545068
596314
165092
238374
1043222
1095166
20572
81724
1085114
63950
12494
1346704
1327058
344024
73166
752516
84866
253216
177142
390342
1710
78236
739524
387412
1391896
97980
223074
60726
236032
454578
24916
760432
879876
755178
167002
103972
368286
52726
178960
89704
71502
1793142
550676
286080
114422
828384
694152
525710
597662
1403020
2998
647732
663928
105638
228392
128200
294494
389088
856144
642302
178136
804426
710922
224072
641378
509086
429084
122192
83520
1119538
698408
680398
100778
225842
692992
53782
32246
328430
90276
184476
36342
998336
682620
230720
1985338
1312908
356060
173276
163930
182406
34300
515344
457258
806916
24268
27082
83702
180888
807562
727232
506010
329470
149742
415260
241496
1874
129248
62278
5384
805926
21952
851682
241366
1262612
144926
1482770
151368
127040
253840
144
624480
34232
25672
277256
119534
1020940
198498
510052
228068
6822
467546
724110
178268
1445172
73120
213146
67684
136432
5120
450284
97186
569276
14878
219998
288118
1345996
460684
943590
1753074
1200904
1182180
594044
994750
186032
911264
747616
550330
222252
45174
1065752
23956
118968
194186
14058
254648
920758
231780
902604
66382
428182
24376
64170
117858
373638
553090
67144
387130
86978
73858
59110
16920
120610
749282
148
289938
267890
358262
366830
18168
972794
1100550
34240
113672
1072844
33364
157662
293008
45896
114492
198886
132222
597880
287152
916862
231726
275016
521552
48794
883594
1253508
1154592
10048
599192
29010
912664
27454
54744
358760
779622
89742
106540
37204
86756
822766
178286
402474
30874
380374
327230
1213488
708170
130550
272844
991684
126196
56308
1303648
268536
63960
1842
1139044
281020
342632
438776
60236
192990
16428
328008
738508
1064846
29860
883772
686402
105198
3870
55904
1046420
588892
663386
109598
26990
892472
259174
524232
325560
833756
57756
733038
16882
327676
1352532
18720
72748
730716
77182
217508
1009946
42682
1083638
267150
1450714
1342726
321666
78896
47808
1346600
716750
314318
69870
1291358
347910
759956
350682
1018196
1129806
20350
187134
6600
68562
364
503680
828
320212
32368
530704
691416
89388
35900
611054
15880
207266
227010
806
186088
887570
1032258
524764
61004
14376
754412
1235608
41196
351186
159768
1600012
37344
48716
225158
28068
41968
66562
1435542
325296
828072
650062
557040
465548
450942
1414112
502776
173220
57020
90632
430384
120112
579008
248776
549908
112864
676822
705760
16492
145646
414216
92392
711152
329560
579224
960784
110942
722324
1646048
421460
87886
490528
226
1274330
52560
86156
58420
16942
1028062
402698
1422
425904
705856
579834
381622
970962
810910
264410
272200
504944
284816
1299490
18804
479326
607850
47458
204480
2218
851328
359842
166478
416272
163896
156784
373480
1213804
837552
189586
555216
720968
736670
1500948
112788
757904
26038
113782
901546
966386
382590
200472
1063746
40346
890800
996312
842240
545538
72648
171628
724002
293972
445810
122458
619812
615118
1488898
43908
179016
1265006
1446798
1224138
453452
155126
23236
551096
659504
82944
6608
70474
114630
61850
279548
1212906
585838
781830
75676
1062350
904136
31756
69146
25868
22180
83148
1151318
1188972
1468190
90882
7678
316766
15330
276930
24448
12542
32850
43368
906084
36368
10312
498
1003662
67378
331600
501634
2352
952566
4928
228426
575676
729890
957420
918332
99708
445336
173276
171784
358784
978364
816268
96288
802774
44376
727526
891214
568424
456304
7882
12000
1023168
1123126
103696
18854
230476
356010
927018
796120
1206960
62936
882198
1428498
7308
201358
4896
682
1044674
553122
105406
210972
86242
258164
104200
340852
105944
365680
559652
217080
192
238
309612
109350
36466
702380
1708030
896428
269924
688034
43104
591844
270336
31570
591158
1715488
129514
1052710
859286
203778
1711804
737120
18358
1105760
33490
1378206
378352
866924
103378
1105106
374176
61250
642788
159564
1701972
159392
216270
113160
760442
543602
136664
616010
47012
1269942
132864
342324
210892
1053340
100606
122954
208660
839024
991880
202342
283510
21524
8242
27892
183932
676576
186532
203692
197476
160580
866948
1327760
35738
32368
259198
474230
683584
884238
17704
172638
203796
486778
1085350
164638
1024300
1413964
105930
138936
341964
120712
582270
492256
62090
553988
126806
1724720
244554
1815526
714680
167538
707160
718158
178370
127694
367694
1545230
139580
797834
281202
904244
898398
453528
330164
448856
1069466
598552
748816
112676
793034
708794
164
160948
860500
848744
360750
322372
76602
1210572
1207962
26430
43184
594146
547530
493372
31344
765612
1279704
933158
1212290
723266
2648
523412
1174914
279710
875286
76380
1398202
24506
1079206
19096
882328
642128
1537978
119108
1426864
4732
303280
152522
742924
137212
1110828
772748
1136884
1761830
27662
595364
7684
1555144
9084
35398
1153970
169444
787510
168332
261402
740
32606
60940
49966
183654
10818
237184
1260144
659350
1237606
340774
449764
488
532866
651340
96316
1276038
144062
474134
80684
311024
232334
23198
757690
693476
386522
1150504
141506
177566
81484
326152
405222
168250
920
138328
735420
579796
994252
1023110
677382
5424
10286
473132
1568264
1694030
81480
215652
368612
27406
338720
885406
27470
131110
1175818
12546
96084
261502
11286
264620
884624
1044828
215986
29018
413650
99238
1578620
656498
581676
263644
217112
24330
177734
26340
4718
457632
1545492
347948
13220
1438276
88994
248524
806944
66346
1376838
376100
53250
702278
77552
448244
21630
257562
724916
378736
312708
1247850
264116
1213318
151546
268274
662934
494188
51676
65724
202996
153734
963586
856788
469110
55166
30940
528946
1032230
178824
932580
1033514
275372
236658
133746
255174
395774
157126
15662
374756
348074
275502
72124
859812
329332
89284
207370
345730
32660
761948
194316
8
1008808
712524
127146
858572
254564
716510
2988
130532
26082
6456
1000100
1764206
598382
972914
388242
167146
429408
348900
2820
19764
372984
1486742
666388
73836
1024142
75870
612910
473156
1066250
29736
3034
464252
284904
285438
87428
377004
69514
162330
274984
421248
714892
182002
511488
78410
501002
156614
853114
283406
327882
99774
476102
21884
138644
155638
1782218
1129418
493964
1424658
6090
53332
358628
1852
26152
448912
515006
129258
297592
147968
412880
765428
1518160
424500
1507754
252990
1004826
91884
9774
166132
410
316340
1281414
113378
816022
985154
135096
871922
681904
419924
1304
129812
225156
296652
254332
484420
214768
45900
77894
1082936
140710
76358
15004
623236
4638
1257640
906252
2652
121292
27382
13294
847466
318392
204472
75144
22296
1264778
828312
174732
97618
5228
1081332
664840
1446892
567466
618622
24898
1626016
646092
580472
481206
254016
602714
813566
714246
706004
46338
1392704
232240
497014
249680
610890
253688
282230
48782
28616
210632
1079980
1031656
484490
28520
30562
456780
165030
769472
1570696
286308
969464
351160
736454
562730
1306
719124
415790
81122
244934
145992
467860
385644
73272
67136
5950
207744
1181192
1024744
109550
111098
170832
1542596
793406
773192
566332
2636
266182
26328
19956
623446
1348110
122344
30538
522720
399582
163944
103986
219278
85484
880644
1781970
447634
237890
136226
79722
412802
200788
67136
879970
82044
558180
270388
1509842
118934
417458
1216222
574816
104932
20036
78720
314942
719806
45950
804674
738444
114892
449050
1120186
770134
1949704
881132
60908
54296
563512
1047538
84470
73964
77262
754134
68510
39388
24894
578332
6492
1870086
141792
233624
739756
837130
835410
269558
132820
1335120
809366
641370
777268
567678
1184944
216542
6126
661592
624106
1148602
982854
285550
320578
312878
13310
72714
770130
777918
927886
488990
1060670
75724
110926
410256
42630
294646
1029008
1006096
340748
255998
800448
690560
146972
205370
918244
254320
415160
11116
820542
1312424
891448
1267416
35986
598250
1486680
693892
559276
638320
176958
71994
561958
342606
32
7040
1221410
852222
549272
295336
141446
30270
251218
596870
930510
117358
4100
5426
25084
696724
596022
621200
258794
437288
128252
267284
99146
29204
1172560
33958
480538
230482
877082
291886
450030
775652
52158
693816
268480
122408
1132764
8292
703304
249332
135116
342840
68446
2550
446890
883500
1683746
62176
357524
1215044
79078
11588
177474
346474
609804
91030
332068
280854
625746
277546
128728
75870
1124168
604444
149374
20164
113864
286704
343674
337092
565418
920602
204408
437246
1281944
731324
53316
493682
624358
878192
116000
13398
17082
1284786
674452
338608
1158600
510772
856910
240676
971042
1641516
28220
485238
694478
14300
511320
30112
296796
48860
122346
122192
432390
416962
21010
18698
1055034
102852
6886
1791898
77462
809678
284434
649536
486768
3098
33224
278466
1516938
399806
412580
414452
1700
4094
94984
859278
49274
106070
274964
69908
595740
144140
71052
1437032
2882
34906
327614
677276
641388
442046
303704
486038
772974
414682
452082
974510
182864
9462
22490
411236
301442
163768
361040
271032
73476
671988
384322
142390
343354
122216
108458
529666
87768
468514
69500
1145872
172530
218782
1252408
31010
92286
114452
280800
29216
938238
273352
224518
245416
75534
670118
2023028
331230
506974
1220162
22548
297528
846230
239622
608854
12268
115160
226754
603328
37954
42620
191462
372196
351008
157288
7948
1177222
1099912
910304
686542
1751696
18276
184028
496736
176666
1086760
80214
382762
330878
31676
109806
280538
114644
72586
39540
96322
210562
729858
956352
277356
620966
1530006
152538
1050560
1262210
42652
899374
29784
97174
36832
881260
1183244
855882
146040
63402
1417032
257448
1054832
912
7540
17996
76922
199244
10286
1019070
939466
607202
214026
1939638
252204
15246
36636
611094
199378
14
267190
271872
580488
910650
946162
22344
990854
14044
162782
64310
648424
1106348
418
191370
936934
21900
51232
80494
10212
300730
12964
276874
14416
688034
352102
86094
30638
412872
659586
338418
104290
148640
595386
603758
1493600
416422
25444
442900
868070
179668
1079606
230468
26030
115880
725506
985356
1465638
1125242
87908
44062
498284
44290
532646
825108
866178
923282
1291956
1220198
569436
588870
542634
20496
297794
1293222
1092782
993372
330058
13846
571882
463692
44040
516054
549672
496980
128024
575318
53914
762148
431966
986994
14646
931844
472846
879890
672818
1256368
143876
84160
553772
447818
228646
422898
1213768
211396
147696
4108
1101106
489764
15154
496368
392914
88012
76594
1032986
58906
890762
710104
1242302
800776
1602534
1031590
58298
713808
831986
19042
191852
2028
811874
196744
188998
121976
40478
138430
55782
318702
624
173690
180906
1008864
138066
211036
474422
90818
937018
166216
92782
979976
921870
226572
668220
124756
35066
1063364
47658
961492
373514
958752
777552
421626
519942
11398
629592
99494
1484724
124136
446858
173596
176846
77748
21244
28
3082
72272
11956
3788
24590
340144
816966
1219234
829220
18220
383748
65222
381186
440948
2550
468
283060
173268
563748
27802
599530
32892
16302
1115746
1003308
501566
491120
737794
74166
1145924
590692
1194042
40350
178484
572940
333046
15592
307958
118460
1506
199426
62314
1026570
492122
229684
1239474
691888
272294
3200
686120
10474
202588
1557478
812030
311768
64202
938140
134084
342724
489276
120090
1730884
40770
80092
7934
110926
468010
440718
214416
1958030
407152
266990
1222128
703928
132242
16604
1201166
18
1051204
404732
574200
74480
37552
20160
300540
482578
1130116
869452
88894
323586
39024
2003894
431680
98394
102150
553988
622030
13310
208972
456032
39360
124076
202760
716034
341132
585118
55602
272480
545922
1239962
910230
21146
1006598
143860
290698
364836
147630
589946
546512
66726
1273414
30318
153142
676876
42236
39794
288068
907494
245494
1699498
431684
1440366
446622
289910
599698
632462
647188
1513708
328544
590470
635210
1770548
866124
942580
1444992
1246470
287596
980738
69430
174416
296138
48508
1668276
174598
756040
124728
1161852
1666844
425992
235886
1399994
802486
39336
167852
21194
987344
257282
70336
646914
705640
381720
204140
795616
124714
86222
219730
653060
393352
357722
1509420
1050736
4518
455488
599706
386624
939514
311016
114342
433848
121738
150002
59688
19540
861382
195646
4146
751436
1571286
16824
186324
939618
153396
575842
904260
919778
5444
487910
678140
662664
669574
803456
561906
144576
888874
280880
2
114070
127190
1242542
273600
949440
773478
1193514
679328
176560
387108
95302
241516
75726
556776
398044
231158
425868
1043822
25210
3230
456086
59820
931060
33376
517012
4538
468728
429108
610254
529338
370144
109114
3408
1453432
303368
77460
64744
54814
10466
1088978
12416
552416
817884
465184
1586192
7070
9858
865304
255094
326438
3044
1465174
1267638
361436
303928
1722542
131844
1261360
12618
22116
559250
782900
487086
666908
486504
97830
275016
230400
1500230
1693374
21262
881814
461578
400
674942
285418
568506
99442
637452
436062
738312
52540
2630
195906
688322
32516
995468
511684
498664
443032
261088
412626
981600
587944
20754
18446
86866
747276
1038472
697964
865760
1317370
461844
940886
170276
2594
524898
1407256
1235116
843818
351818
415560
193442
863702
1037282
176500
826508
652370
513784
69030
944102
997876
948
794438
414710
865922
65916
182492
1193016
1378172
392082
53098
57218
70996
197574
319380
296194
64232
505532
623398
17674
632366
695328
444970
1652818
657884
383826
52578
1093852
697176
530694
887666
326054
491876
1144792
1041942
1097984
499670
1466778
545920
395840
324908
478270
94518
126750
88604
13848
187040
141164
21656
316758
1213568
113574
577084
591490
244886
18614
190636
454630
12568
125852
21186
1715122
1084724
674240
20192
298828
791616
29270
237658
977946
69132
67758
1082018
308184
1339720
976820
310682
70958
220780
445912
152712
270624
13442
326176
29754
233920
371392
257954
98724
750382
905312
1337354
421454
978078
1390694
726666
811412
44188
9764
1122510
137400
18394
254590
46592
360040
345100
9808
1563222
94514
300
35916
115146
1300638
146736
42016
219378
315580
173386
782404
514610
1058492
739252
836350
139770
773298
107982
298796
1113516
605530
3702
364414
472106
658554
1438172
709526
16974
64264
610974
104142
355454
818320
633188
47410
476072
962530
187440
84846
1240060
355496
349942
23366
20496
43340
5146
24204
144410
30942
35066
1281606
346698
557388
192444
1210752
4086
116928
264726
923078
546240
81694
673740
1050540
948258
42062
917100
1057764
913034
32630
1183254
411284
341184
84064
1001716
8086
527120
196934
114512
5330
8382
374938
478942
243590
584176
927148
1287406
283650
8846
23812
1158308
360142
8188
18358
1020080
515570
1428296
224260
645552
836054
10052
26872
1271694
196206
1104496
890
511906
778140
28506
1049436
260848
1128204
55646
300590
22226
485820
28862
151056
1860608
23828
1450912
562574
540768
9898
14060
876788
126560
817526
669024
754612
632978
18792
775460
121048
1635128
339616
355542
193438
1684068
3084
38082
1315164
62264
68722
132968
7354
1019836
296048
7844
136190
14444
1396626
58130
29348
16424
139600
108474
106880
65362
416930
11656
256030
190140
745332
363782
570336
219762
2
232340
1335680
129840
105520
6390
916726
1344236
137004
1143126
894842
318690
1179216
453160
878
831376
381414
13358
1322018
646620
975438
144986
10562
367608
88332
248342
3562
79134
958954
821202
71800
968294
586718
801082
205544
993204
827880
831492
152900
33842
1448600
990804
726308
501840
121096
126022
230378
352766
115500
341704
9976
636690
1134164
769692
362588
363584
97598
395808
3204
73536
339716
849648
67142
447216
20016
271596
489734
175130
802716
520340
555570
316630
695974
157916
113928
16140
929428
420024
34512
386760
1335002
79632
563084
25476
768524
1224078
23732
1193508
77206
63028
98766
717016
7552
30304
93728
958414
85006
1654996
125460
271382
194230
40968
324736
93602
690082
964878
696306
79988
16358
1590
50446
3820
476392
377894
1004706
150470
624732
132806
954240
664060
875664
1128778
1028964
1146938
1037988
1166600
1177374
5374
1028334
116650
200458
71876
302626
1015396
529958
24352
1865744
792680
789720
528072
502434
46472
43512
12668
957172
1735442
622194
791336
101408
14384
973472
277594
1470372
361186
1486952
386400
181972
488254
1438396
389984
50720
231476
84638
1172
867774
167192
638058
766670
599162
1329636
78442
127162
579524
352240
222520
608404
418602
1102848
813240
674242
639552
24106
1266542
1158540
724816
164376
529232
689854
331542
1044624
1279052
182320
142980
164588
4824
85514
1148820
150730
180334
915688
813838
651664
64208
1400040
77656
166548
5606
21748
8202
123070
992648
231424
934392
21852
1391238
171760
160120
57928
1359022
979304
61018
426238
229104
54022
707096
23500
158438
5304
5164
516998
56578
6304
35476
1420668
891596
31548
102084
650844
276662
1627122
1145254
420824
4150
705350
189562
197424
3074
67984
1656218
612968
86150
510806
484400
682694
802652
159216
545674
425316
273480
18910
43972
63754
63174
740778
80786
137676
134794
1034
803048
9616
1496024
690220
201282
524136
644106
646906
1627490
304778
771760
5970
383018
447432
56810
188
116624
150378
158704
861496
1175478
364292
158688
14196
1244
85242
687172
659164
393136
154184
84250
490840
59842
286044
555158
395300
3966
866090
176508
1051376
169204
1487054
11760
51452
1358010
1090222
1026978
376530
93092
328190
194286
490518
435708
1053606
330554
546418
1544070
1022744
402134
352318
193888
213406
1229118
156972
832278
360406
40936
57314
623902
1020378
2021868
220800
703844
386776
385398
997850
1422580
557652
100646
1059260
14004
16006
220668
272154
991848
960542
65194
71172
837842
1335768
397854
165214
496944
28524
15316
769342
28370
93376
4986
60868
11066
998
11720
21866
187680
87618
1294456
892836
70642
864282
349006
719260
147138
804220
891852
143868
1072226
50146
165680
3882
20260
128740
44880
669672
7938
1820082
458344
8714
64394
629200
302946
123304
230816
1094520
1233070
433052
453920
12788
574624
167740
123968
857362
200696
333046
119872
889722
1570674
652350
573188
865228
253350
1882734
215432
18166
560754
711322
61548
372198
86198
1413524
1135622
11758
943386
9948
1531232
141462
456334
19002
1717868
181154
321480
88392
471044
8892
1196586
1638124
342896
1022512
810880
917800
672090
136468
29556
206832
31102
112766
8680
383454
277950
1313428
756716
138022
103788
213290
1439470
634136
257642
755290
16036
210500
21912
99976
53464
355510
106758
1769114
589298
34638
653398
30
78018
1097158
745106
69860
587500
97174
25266
17170
614034
1182
90690
813872
994224
23192
412892
6132
622548
202918
1148878
549986
480172
199084
298884
39444
22456
210402
332962
862388
357228
188392
212042
65188
185710
14600
10164
122838
1033494
847294
113216
16232
664846
836164
19478
1094240
997052
1021932
1511498
987784
388572
7226
152326
654078
117186
11820
482380
454870
450924
206870
1017538
340960
7638
27128
62624
27738
652306
354640
166470
179106
1616302
930908
53976
71182
487186
759894
283686
1405540
717120
34682
5754
107664
701796
24844
117034
4764
442170
1193510
27410
443188
11800
556008
168850
380016
31218
41068
411258
849962
1217940
24
582398
1162288
359132
277926
517342
483756
844026
34684
67966
77114
255024
620234
9904
880838
368982
265140
592558
90630
51312
444096
407276
846884
791678
1479568
99542
843518
281312
1182640
497190
29846
319050
847628
1780
2001792
205412
512312
1061816
1741198
898300
134078
11982
93702
30570
662382
14680
1572492
69202
89156
523490
1334492
1326834
611802
740938
65654
716810
36
341434
579686
463948
1239370
648736
1391690
398
1391098
266588
1193984
944246
1384082
125348
761922
102006
166252
150702
30904
131930
15926
175820
4426
166808
217382
1272740
149666
320504
74826
613712
1395526
88852
66514
300578
855612
970934
38694
920906
485308
65614
225870
34814
328130
106576
3576
26868
35800
23336
440554
1094240
116598
142518
372952
54154
1083310
6740
239400
1655772
1336338
127218
1460202
173456
287638
348646
1190018
6126
492312
41452
820406
9974
1226
95940
133422
42504
93158
120618
1262126
150816
633056
11806
34754
520976
743658
62140
801308
24182
452630
308356
13302
143408
630906
75008
4024
193704
241136
866778
441968
63268
261374
866104
190348
976984
346078
276720
176722
131984
732996
349380
336684
465646
58908
163616
112928
496678
154078
60998
852800
97662
304404
20970
30848
616104
72454
1019486
725926
1242
1365650
144682
400260
181600
86632
1675496
6226
48192
181830
832736
569368
97234
674982
382028
845734
72510
789874
1414
14372
123138
1317098
251182
18984
27564
500184
750524
4236
908708
803938
543128
88280
386676
1153012
109276
1337588
78422
451182
1486622
233938
347422
9356
169388
856748
430
20298
7364
430538
539558
3730
652200
89154
203858
474316
696864
1207308
13904
310130
616136
30314
285826
1172404
3978
932792
193644
500554
67520
96144
7736
461814
1217684
1011718
500592
2850
4960
138890
2
38828
649564
55404
382482
902968
927768
854984
1288470
1791446
3920
793742
163260
159366
868292
155900
95844
1058254
515194
34292
277902
617230
869154
863326
624246
528828
102720
672974
1253718
28234
703526
16912
575262
21364
786706
1105306
128430
168124
22028
308502
400476
858848
1280752
805922
1164400
723108
197570
64762
130802
369544
1332016
28172
253366
361604
947776
806494
882704
85108
1805208
73962
77004
292928
53678
511456
1344840
288674
779082
78436
52264
1542990
164128
162570
585844
476
41080
76004
598
45010
1040216
640516
53772
410288
108704
813860
7562
296346
1174660
662032
946476
23904
158
485822
788196
659684
419730
112066
33874
365896
661572
860732
537296
12144
1066026
1030518
61384
379648
575178
3576
301668
1798672
46486
646752
22336
582
787410
37604
1437510
858242
1134978
224222
235280
56158
899984
11546
731686
815176
22
227482
105270
394800
218254
332202
94014
783070
50242
461836
105516
45840
68502
543048
440
632
320694
295870
1036376
1384908
164302
102410
686100
91806
80536
54208
1290708
607704
1260652
255168
138214
1918094
600106
304668
12
217664
1122410
417270
915610
115996
412774
1269722
7312
218462
531228
191344
25320
351504
1341550
837878
278394
791172
329710
705176
1146110
1510266
144014
3542
295526
1699780
579618
977608
895012
777002
14122
657836
779838
17878
686546
29914
83184
36732
496808
260344
1465210
893688
238470
43130
84168
1748632
107326
131920
614506
660772
621850
6920
204846
55342
763872
279172
146462
367866
1023598
5016
1454516
863044
866100
314468
34372
748992
1325870
1084932
689652
228558
35396
238548
10012
898334
1512048
175932
685550
564080
64866
78284
1040072
467524
726344
254272
2318
32938
185660
189482
362418
197772
427580
54
361652
102998
143868
45986
74236
62752
790480
93020
134630
223340
50394
1414486
589244
1822972
417410
138442
197486
47542
459830
619026
138292
23990
110764
975598
681878
7838
250878
30896
333608
39166
712294
98014
450130
461082
944714
990826
17842
1043802
615858
270822
554924
569088
30946
828750
1031124
119872
980290
308434
96326
534906
46916
555438
77454
869658
305158
20372
79570
1414514
1154236
1499714
112326
406102
50864
744938
463456
566496
103244
18838
3684
524910
1033116
189398
706570
42024
298972
147342
329658
420804
106948
20952
577060
807908
210118
118688
1532244
92218
405936
533668
136450
474278
926
48540
449398
85480
617586
7744
501372
255346
525148
213840
39728
193724
23120
7332
36060
164302
905864
251742
800728
59754
67436
237212
5202
348222
1204964
831170
493152
2708
212410
1047384
84996
204164
136212
303286
610670
612162
332896
840676
129280
175926
1203902
719184
212060
1013900
922996
20072
265510
21044
205602
596360
510746
30398
552656
645168
205354
115974
562716
856650
414836
40372
62604
770818
322954
802866
487340
2892
82910
608184
40892
353498
112394
937492
352858
50278
310344
6102
78686
11418
807674
250784
477230
11186
370976
51606
412544
189762
826862
1431770
483938
14198
303124
1177988
760150
159910
1103976
199108
1138094
797238
983556
1370722
910202
53628
1125438
403444
128722
2130
988538
822828
210194
1221826
2102
223054
515006
326554
326
714316
1153284
551980
229732
584528
404270
703932
40090
677642
3832
681302
95140
525388
123558
45490
98450
21488
4302
555572
123300
103384
1086960
533054
593240
840032
761468
1087694
26028
927920
434
826
816090
27472
1502
1543144
36852
457934
1107558
86320
66788
120790
1140324
110922
2178
138184
656
1327178
2668
1946948
1718224
102140
484658
15646
65414
85534
569278
15416
24236
648526
80778
409290
762216
1480944
586332
33458
927230
354166
556086
36480
960866
955134
481680
1593024
1511110
35856
686428
668
743586
945686
419706
32922
3246
953940
46756
445282
175426
40300
54796
6700
417434
189916
821978
252828
117764
41404
80608
664564
1688014
622138
992736
1127994
10162
138694
732888
1029236
77234
956580
1067462
8794
455562
229498
286692
110236
1156412
1577458
51528
32084
1411828
806730
131734
615084
652
112150
844426
16226
27280
628158
1035926
1040424
18632
181856
136362
65562
5446
887510
265654
860124
335930
1455596
300314
168634
163546
206842
743838
52980
336688
79536
40246
709190
157562
338030
893418
1334488
985802
14380
307738
48542
54890
107824
728190
422804
20860
1061720
1263400
1651522
31442
994268
724336
718322
925368
64532
425148
5700
44818
1677984
43350
42836
118496
438416
291158
497546
298356
982080
1681012
6256
114
965854
823046
65094
431390
1646544
281048
370854
69070
414524
33254
238404
49176
432368
1391818
44608
742972
68278
101172
776572
2006130
739044
192794
557032
1199282
123632
66760
37840
7724
308294
147154
1190446
25974
1018978
1021584
1077008
188546
1547382
51860
1695590
307028
1960944
33604
1086174
154394
5938
1487578
911310
1481468
421204
1978384
701598
1380
5470
1241252
288322
891284
741426
695152
128840
215198
1410274
161452
759236
44048
174226
115344
581614
716602
2746
137724
719756
891118
29698
681170
188752
115994
1074864
430220
21222
415886
113580
123618
18302
259918
1059044
861864
172992
583810
685474
747938
836968
184078
1046426
132196
34224
1407512
61166
9814
81044
1221152
678308
648784
132566
481200
1115954
563338
2198
72528
438672
1266076
819972
227212
333786
483124
1123042
51104
592766
454650
76048
148286
392218
21864
431590
1274264
215736
1446460
2051880
652112
530958
807590
50
666476
1052204
43612
34170
300588
124624
926490
25432
1125172
81846
774158
61602
284068
143808
45918
25594
935726
16306
144374
2036
222292
5224
73606
629236
1428812
445674
879484
1439864
553662
588412
415724
68028
855740
341448
75020
1171082
393030
175234
1137642
353888
593594
423428
324712
197590
1276
179732
623736
28078
12024
746578
1736938
519832
54910
229306
550340
449780
202214
550500
163124
241722
881090
781936
765322
42802
1077580
484966
944058
192900
341028
105870
996400
28948
559934
6370
616798
971968
239042
1284410
101064
247020
521726
83382
356594
923390
357938
16208
53838
407082
8342
1054
279134
364972
891668
898004
494598
449508
95212
23442
190792
82708
935658
438338
1118744
645502
137948
859050
893592
552674
134886
35992
447524
346984
674156
904478
648154
644920
253450
370136
478894
132932
262370
444136
41950
658210
43998
241042
977126
1502228
28776
605456
816478
297052
95056
128304
499262
299812
955992
1287326
283160
165672
407198
1164202
540986
679394
1782062
84306
150296
456136
33600
876854
424770
434058
198982
63164
137436
318106
300900
808042
650878
234718
199386
9986
659610
660314
843506
657704
8822
206246
43400
1109982
162970
88014
781052
896332
269106
69654
725460
22014
459616
523464
574676
345470
1543738
121442
31468
254058
432
254136
695828
396800
120558
166314
256802
8230
839706
1050280
538864
383090
1244192
479538
483150
638396
17834
958108
192272
148830
133780
646508
1599042
62340
632852
1041512
1584
1223460
328820
1348796
28134
941374
741986
62090
284174
954032
137066
565298
18
695130
1139752
37130
41512
505360
564864
101236
18944
138848
556312
913624
589656
1141430
570096
617918
820038
362446
365778
651600
247686
142604
1356690
228922
791410
66044
1363946
1614164
620674
779774
460028
662620
246324
524520
117498
339548
385762
925060
3942
455638
633562
665826
622924
127554
1121010
82398
1062240
1063148
1799920
865334
340666
505658
1027342
305384
40522
669984
252250
666228
1182400
125698
757918
471272
359046
23448
312044
317938
408086
764276
229990
175696
1286368
1131140
139050
84880
95534
77786
845208
6372
625776
361134
972874
3270
233124
1142668
508654
544170
698300
435514
930272
113286
668242
429484
726410
1098580
6372
39360
72436
115246
44128
66998
6230
143064
5468
1087596
294482
30512
1498880
36856
1302134
27828
137044
64488
903282
122430
895362
888340
529922
545808
805936
1017316
77882
32686
36092
51610
17886
265790
203990
20908
17606
1059710
218070
1516324
140294
41680
29176
781496
1909454
91454
24340
10206
548458
914612
927744
163000
18944
595780
759942
660606
368008
1038038
561872
425268
247940
758216
1148418
821048
282626
375482
1014272
1001182
87518
215388
312944
223850
16452
924946
655188
133164
481872
26248
154570
307464
21760
38
393686
396558
1659214
141092
18362
309858
51034
1058636
72668
921060
820
7200
622104
550508
1210226
182862
17324
799106
125386
1212668
267326
620460
171860
671722
239108
35844
185566
147694
33328
992134
1403840
27336
59026
224362
327152
512400
118580
484738
1144286
72824
814434
49330
453912
439432
1697096
434526
387044
742746
773212
485350
796694
25762
282080
186232
1866072
67384
105166
1011446
653826
912692
61110
348494
10502
575952
855154
319162
1068566
96054
155292
132746
389052
35006
222776
213192
835366
718892
152576
659508
159034
24032
685014
60390
655328
366860
611990
5256
1034144
1006258
854
350112
568168
675410
5008
72216
85748
377224
18664
181434
955094
159618
1595430
221872
123848
811372
1348114
122454
123462
1006420
148786
107282
8276
1191982
64342
1034422
350538
362580
17076
116108
685728
351112
7130
795084
287242
476096
379908
267866
468200
868634
268066
407626
1527466
1574024
75962
81470
666566
653856
1207008
63420
14090
700346
545528
337150
155752
1456684
1488
97990
1556854
1716010
1055784
120478
1066168
755144
296494
838204
577118
820590
225062
631118
186722
424540
2081614
250056
849456
452060
17952
245030
1000224
1389508
132132
1053502
367796
354230
16022
1715326
28516
180768
3430
67734
26860
1192616
848264
41552
280812
46544
1130266
144908
20330
1059102
99712
248078
10116
398240
671660
898082
776900
257832
431658
619122
1124934
14554
965788
889286
103930
338328
818424
417022
34958
1541634
549400
558182
1147710
62
46104
186512
562448
565604
478336
572666
472556
1063138
158000
97738
80988
472470
289662
1409392
1135126
410448
126586
625090
923050
1096366
793802
107526
17014
33420
96852
8736
767234
1108188
1053704
323824
337548
6272
1155112
10610
446060
55694
354994
10698
531314
88864
728344
26094
658322
665394
15698
121682
44978
292868
1035184
158334
1342214
785256
13746
796294
556174
309594
170412
482190
29600
48720
135976
550408
263148
653082
472900
682912
6274
1080222
786788
817100
1326636
709908
34632
13204
326108
12918
303658
489602
157590
903138
716442
610402
434648
76600
561574
13970
289546
278594
21128
734892
979702
324334
369144
777854
32430
1383582
970742
134250
547606
492146
862584
8808
296052
533412
227538
424428
399358
428984
81532
80172
3862
285546
210258
1041844
839548
449226
299702
364958
27788
22742
520818
788158
357786
715940
793926
164090
12370
75536
721716
207460
578084
289906
171032
986948
882
232470
534160
252640
154348
20138
899646
2298
1234198
808608
867772
175882
167542
575526
1447858
1516310
462022
366182
777678
1089236
575332
791060
640688
307010
643266
1175872
181512
213706
81838
260244
21634
46306
431734
58128
684160
164214
18486
18096
113260
104448
60356
72384
737602
1582952
209680
1583784
139274
130012
1487612
158070
1156682
1375558
51654
1077044
591594
51538
85088
477278
1096246
326752
839364
458576
779404
236858
434472
153004
14860
751218
949794
7236
39498
473074
22838
65972
190432
1587626
1066770
438712
36350
417038
57390
11468
811108
800960
965660
607530
197168
207940
136230
385564
937160
863194
62552
376686
1488240
431610
956670
390006
88278
40782
931792
1499402
138910
46296
147184
852300
53172
5260
289740
577454
66060
143578
296414
26936
256816
275210
1254356
867568
676682
795672
252486
860510
396818
248256
21846
120706
498552
12872
708866
14448
17416
1050564
4876
111614
45036
574
1042954
15534
158170
66072
694660
50652
200598
403666
587948
360610
618776
38454
167736
336162
1568
1069954
606570
403018
452376
48702
264914
107798
39804
632
2732
1236976
1111712
2005082
360676
880258
124154
922318
88840
683094
1067096
126152
552250
810114
6332
1100004
538112
466022
46874
119450
69796
59838
1692438
274132
254802
14790
14366
583976
1077064
140604
284490
50030
498246
25004
1193116
336602
38120
576746
413908
710412
969150
390550
169778
1069238
1555108
469588
290174
75530
60478
139750
848828
748916
1680838
651490
4080
416440
360466
394900
16944
656894
109290
145248
537010
1108882
654236
187160
997944
312058
31586
1018006
59686
372972
812236
478726
606034
321658
643164
682738
150402
68464
1213208
710388
524920
419552
164100
437282
1660808
151036
454838
466050
754582
187728
32298
391666
193994
1364570
1019092
339868
46244
1057302
97690
255874
856466
987316
272998
498306
785520
55090
473762
14386
57424
275710
96340
255924
843394
775450
116918
41684
20612
531382
202416
233858
797622
16166
127342
345042
35414
261842
191558
98010
46376
188988
176760
480368
199882
25830
8344
1129470
1263702
299776
225490
1174642
640578
1711352
1149244
952316
1815592
571118
161962
339934
621122
444818
1334186
33014
212204
148898
232656
414980
297294
312634
335296
254428
176256
668352
859788
19656
2122
144370
1175508
183616
228826
909350
277594
668542
55468
749496
1695244
29404
25348
572790
665800
10798
67232
475654
158182
1352324
118060
1383996
11482
115244
519070
54740
300682
790070
19708
79502
337240
293314
888404
550138
123764
306194
1157052
1137472
74352
7070
77472
50088
504972
449066
712918
246906
371666
412676
114960
1072370
998490
10336
630444
10670
1045094
124944
362486
291442
264826
655144
457054
83656
3728
89692
721246
362784
232500
469842
711982
13996
900
62104
594790
42212
318856
575870
45604
49476
92460
687254
338266
1301698
23280
33054
320038
149870
836598
454754
179026
171402
548808
84134
171966
562744
343422
54868
582268
607274
4714
58124
173522
924692
755410
347834
210722
68708
944132
117198
605852
545896
552480
629456
415652
19612
142774
157888
11388
319804
109394
543674
1070620
278334
101372
235908
881488
115460
867832
946072
35284
86644
60748
480098
5658
830808
1157026
41676
1002164
6468
1494282
29304
963964
283468
172216
1220
600042
38
129034
109668
106346
65432
244020
240210
211994
91788
749438
218938
494254
558552
59910
204824
51706
95050
726832
634790
1948
20190
124740
180654
88682
1015528
1087410
1253326
537874
33566
724790
146946
39588
76810
407290
657282
799580
288168
26960
5854
1449362
449214
1096604
153004
1073616
490566
633140
99786
219770
337982
1001406
1378
134732
1240562
80586
1103924
775540
159746
785886
768610
1121194
71206
49592
6382
916484
4536
24792
34722
631260
380224
379670
766544
97098
1159938
1053116
44776
206734
1240496
1010604
435734
99386
280990
23802
158162
6848
407428
172086
653544
1872
38328
805060
707838
269340
19946
24394
309408
504448
1504462
695546
5294
71556
392424
159156
328936
507658
382202
34592
425416
186290
15412
76460
663194
238528
19926
118736
18776
6084
587368
124694
630472
1375870
34868
351466
22968
1768
1092272
132796
799750
75586
196528
86580
1164928
157048
663476
22494
2698
425478
91210
25712
1199294
708084
1412080
44920
307212
74106
4500
614540
495398
70576
13292
48874
1033726
923448
61196
72936
617610
2268
358834
16712
699998
159908
468482
258282
968398
103566
334486
372274
70374
233822
165152
1045154
12040
145140
275592
758562
613168
2027436
133994
79224
46630
104848
514690
649208
790894
337120
20438
206848
254764
57610
1228562
178758
15912
190990
662804
59166
9000
38334
118542
1212640
855930
268964
395774
379640
341254
789480
402676
174154
407712
8394
368670
24852
666696
664808
1073156
583454
1135878
506082
225478
757598
354144
264644
266910
848232
28152
1208386
709492
768334
545790
223246
153962
601040
28148
529182
659718
294850
52604
422056
712248
450896
1060940
1510068
23336
93066
160982
1054364
129728
618796
109586
87192
364182
320090
479908
461962
271716
337298
260
39050
5168
13034
233766
199016
1296048
1816136
229738
490500
227348
268356
99456
1035864
139112
55542
99546
656122
17134
4342
730384
825706
417330
42592
104568
336272
197690
103344
4878
1082664
67382
150254
302924
913922
487810
5258
1027326
770
485512
286188
179750
1550208
464780
818216
511722
1033010
63952
1012498
120124
1473168
365958
327138
19852
651128
443790
60540
49798
645782
1091678
1004170
1691076
459230
73382
341624
326316
83900
29810
122330
161574
1383892
82594
115076
966908
369610
129286
305068
420606
146740
895528
747498
866426
1312854
116272
702890
1161248
30520
417516
170472
44780
185332
856024
6088
658374
128360
22484
768222
54228
75122
25534
648432
94672
1118660
626280
59250
136508
887084
103250
82082
193372
68266
829126
60200
555962
941586
305574
912972
1003658
358926
1868090
174388
69574
9010
69080
4108
225150
213692
10654
413276
1691952
993372
1482724
854656
578
108686
6070
80986
138810
70988
549208
634838
636414
342912
68966
310670
42254
22136
30724
220722
8474
987120
62452
289920
139124
437018
43216
142102
200350
109062
762508
63958
425954
537950
807742
920514
49724
107756
152626
1778
1053936
263766
6068
1648298
122166
131050
73712
887770
133066
68360
61780
552874
132366
202246
1602
229802
1990
97540
230424
464806
144306
301870
547706
373988
570494
36414
820082
88410
286800
154456
6572
336264
108186
106700
239226
582696
211954
534226
2310
1031464
145506
4422
196840
1089948
481350
51476
1573546
638698
48404
458060
138414
7614
95192
691262
17492
819626
684476
302572
473960
1226
681796
357444
67860
34068
427096
180764
406980
1027066
152660
1349536
194190
1209832
959054
98040
272400
29228
18814
738308
259856
188304
849096
489128
115484
37982
169602
109568
829116
1086456
530518
872522
1409948
1299510
337692
148
655950
564916
37946
119236
222306
577432
13396
3096
83530
625092
393770
1024860
1585102
303468
190512
905734
2498
439280
155982
798
508072
313414
673402
389474
311126
689854
1625706
346090
611602
814442
45120
1956810
267516
383370
461762
407576
100036
350174
12766
44762
72550
571548
472
1776000
98022
24386
20152
376242
139856
65434
234336
115404
677846
419162
22958
1282810
30390
695080
307668
1061082
941520
555230
673790
186688
994612
1842272
842208
440020
534914
234532
20362
44476
275620
1265766
186584
1140888
600954
11868
41614
294066
1251290
451232
763694
32746
331088
447128
378444
637140
1184124
426466
1108524
553548
119888
788824
900342
170104
56696
318690
1441318
356758
743304
17146
1526154
173708
21602
1584274
197278
113792
7338
836448
1671388
265194
171856
148884
1312294
80562
580682
516486
12942
273532
1787794
896132
595670
101438
162484
350030
3760
204384
70500
675120
902026
906238
41610
1637430
2332
1392862
1317300
1065498
9602
780630
743146
350770
211526
275914
1236
18674
833808
450624
115544
1678
877052
827306
198678
834716
1787588
70434
109952
26218
124
1030866
90448
409742
733510
94990
148224
938580
3068
98112
269970
1673210
963342
331046
407344
665426
1099112
80
587656
352742
5862
286018
183392
865036
116672
1464170
793700
495150
125340
18020
59966
1482
396372
83780
272636
68948
34640
64902
516188
110182
704408
39358
66234
205632
442394
287206
79582
1023144
1373220
23260
101074
990542
21180
7652
126382
411734
394612
556584
86638
111114
714690
235166
992284
782130
73604
7890
18036
2528
774956
346734
986762
139582
156950
268088
86992
30380
426826
41886
1490
996730
685072
453582
214308
206274
1420376
567398
938786
287442
319838
1572806
93482
645066
220894
8900
13096
992856
1046608
296546
655834
891048
1294994
24308
481016
180800
296984
22478
33120
322916
574716
374484
496556
766550
446330
17066
981198
221654
89398
2004620
55556
591100
558852
776710
472888
202746
868
797440
454580
1249526
847240
715538
87322
199762
54762
86602
27270
43162
142854
50952
123920
371924
5704
43200
1227208
30920
7904
9956
69830
302704
820094
52974
90934
76244
4348
1116588
341038
1599558
5430
21500
568516
121646
508966
310850
739880
28912
423500
587212
699782
337330
116646
185132
211644
995340
1735818
1444408
1132572
180974
477748
171442
120230
94
8582
14846
414248
445324
88790
42776
505582
1120462
156988
17604
1368294
625058
402250
334416
889018
61020
108078
626342
166236
85786
53906
688858
64886
95384
108818
81938
373190
36544
382734
168238
76738
206634
43408
3018
70594
316568
1181140
230158
590980
305886
40988
252
821992
31214
98530
215276
28586
38516
214394
7738
820768
765154
201208
477866
346316
12330
511422
1196694
69150
924276
669646
81208
153986
1143502
177416
677384
328932
540126
24576
82316
19870
145712
994118
986740
252250
943480
8276
453350
146716
40484
529584
43902
366056
23654
1047668
227514
124342
1559820
415838
1270
385384
514502
13972
194332
1004422
100646
83364
32660
991844
647818
1096588
1902
306926
69144
937000
620880
208842
482642
766996
668766
352528
261954
55766
1195414
980274
307972
496824
1199010
253454
206174
186666
203478
276038
444384
115322
574904
1247396
504080
215750
465530
566918
163702
377216
70124
63284
335774
2258
916520
87952
53946
10338
5520
1077720
309356
53560
310570
269222
140454
184192
1634824
968418
352634
368744
1049550
472716
47596
841200
40254
1043262
41388
98806
43816
707056
94282
810104
328794
897176
461578
112128
785866
413844
221426
560452
1053696
1005894
18160
640860
711258
993674
82230
39356
1222816
188084
651236
1084602
47818
613154
1539892
969792
65772
1406872
2228
671848
26732
138776
55190
188564
755762
16676
660684
140526
963638
104220
1014500
321884
487588
1049238
212234
209210
463848
1754816
267756
1875922
1651550
57544
254708
180368
765042
282248
20698
947368
263092
4578
491886
116022
184010
196126
882190
333730
975618
913768
420016
584348
722732
992508
621124
5900
261722
299576
1141262
377992
201286
1335302
59402
5498
646038
877386
874898
174614
287758
68832
982854
118554
1263876
1192916
426486
64254
387908
1199770
92588
339054
335498
29438
122996
1001346
248806
163568
1041692
165406
1660524
19038
662004
131264
53176
384784
871622
182372
676472
373284
136476
540480
502074
187806
596492
930358
1286266
55376
920576
177106
141298
1278188
941324
175766
12392
24544
26474
116348
911022
739704
140122
428548
146968
239428
216814
1292482
67348
100538
2248
103028
1173866
533358
265700
245696
410892
130346
224490
981664
389842
376092
302074
685268
943450
106160
5776
1074192
28194
24960
421312
227066
93594
288
320680
637118
83720
478460
947948
1073320
74526
767434
155612
1420
110210
275460
195814
35194
769414
672998
81240
6882
314174
61746
12540
27224
441864
491400
951608
519700
137976
82998
16674
11250
607506
389140
31198
731602
1272794
1000468
355484
1271118
1086256
38982
69072
1558
3740
321434
930216
875058
7016
205566
251692
82644
235856
1585850
1059910
229296
1186608
1079580
92582
35682
475538
477932
94724
930560
816540
136138
215402
1807982
283488
783652
1447902
146506
223788
1300232
426268
475546
182616
92726
601892
1198690
210064
15940
500764
366700
1885854
1700852
806916
16214
408728
598508
208510
1443594
77954
676698
273052
1485018
67942
61186
49140
296364
404774
150140
29976
233352
102660
831608
10994
561882
395832
390966
540248
278094
712286
854602
916078
1687142
135274
707916
149990
410928
399564
1737114
963688
442502
918238
736076
32486
466214
522880
19222
1065318
437192
207870
1073004
111536
5692
285948
599680
270752
166156
118776
92698
844646
1520
952020
787516
61280
85978
957958
1082022
1189162
296532
432296
42748
878038
147170
287330
369934
109080
1017076
770170
190508
909728
47616
361142
341910
31880
883910
737272
1226384
67240
14618
10274
45252
63812
1390388
78032
261694
622972
668632
1051920
1084780
63276
1095172
62696
374484
133430
529916
30772
1010050
143448
1018000
646
977580
90984
88456
15630
108094
1225524
150220
1418424
598400
314864
386060
23274
8820
728886
496062
880778
1035632
776
172636
193250
3138
906736
20000
29560
1312812
612432
27942
897300
632976
702738
622022
1530
6318
250224
657230
489234
61240
1005890
848808
229180
595722
790840
146202
230146
1218
86938
88514
28418
920156
61786
345744
332466
659624
972062
79296
465818
144314
28406
37988
1115724
432144
50272
962532
136708
351398
620460
1400340
54232
55668
445032
291616
889442
731616
81200
1292712
54144
39034
1407308
104890
825260
170784
885568
25878
76772
523986
314906
41050
484268
1002398
67420
1248850
1040360
528958
12708
424768
134462
301808
822524
199306
1165050
817960
54100
56154
151330
1059190
429800
360088
556010
4134
57040
11228
142326
839304
239234
934288
315828
392340
140948
623536
105208
42568
6318
7484
1411230
73008
478508
1394718
426842
548830
27388
430510
433320
404
428274
1119946
17146
831596
1082764
1238786
1287716
95594
165120
286422
434102
944036
110624
61960
324276
306752
298770
337474
80458
95840
122318
7632
18776
135272
152160
1583568
465572
226746
105124
1336890
98682
51192
102684
418154
434150
239734
636052
304014
1161716
349148
991356
7736
1166006
10202
954072
677618
275246
58138
6972
21116
219556
230410
170024
229668
166712
1187640
842590
2246
423778
94122
177022
670126
124370
313390
972688
290908
1091194
231156
311450
23404
215142
103328
207506
738394
112560
45164
71594
551988
27784
674760
64162
15716
43530
1278744
42986
1086846
778244
10464
63034
61908
59794
828742
80332
848020
1157906
822484
211258
1455014
67006
644778
33888
244214
50852
583196
176974
592914
1154132
1398438
896452
813212
131916
435712
755034
135788
214572
141588
197420
502478
87476
939474
799254
73006
71834
36374
110594
4516
129482
911828
64648
1453820
779748
952322
1605756
644446
412970
235082
262960
199968
536320
46774
196462
115986
13972
237296
1346742
35772
14
936690
12726
248876
90416
1383964
20646
28516
594854
147298
605094
1198538
301098
13974
330000
627666
523436
202590
718662
317368
64806
195866
249164
115764
383822
241744
120408
1903048
119874
213974
1220422
22016
233430
729822
996608
33360
615102
1071692
300210
845670
458958
168932
450256
1317752
714300
86132
1656144
412652
463334
103276
162080
9354
84774
414148
55760
40484
935074
390720
922864
75252
274152
225254
265636
513738
49752
1668922
504112
631178
661068
1084290
737464
489258
157838
11798
61736
175512
407378
1629494
68292
17252
575986
2
936448
1180880
56260
467142
395306
322776
840158
738042
644000
682280
442540
159056
146866
140136
1015874
245312
67096
183870
136128
491756
650438
3248
5466
366834
81062
838888
421928
34184
361538
77230
1014892
568416
537862
202016
125656
999338
781586
496932
228470
140472
552894
214248
356006
212278
619882
1092914
15446
934698
972704
1336362
476330
1214
1599256
1615988
653984
161684
162268
677024
436178
81788
696734
537244
76268
865352
188210
924806
324502
185396
337386
51918
778146
848074
821486
35664
100
1649724
151040
1255012
102282
153194
90888
394812
1860540
861334
78240
47046
875516
12808
455670
422020
1088
759968
40664
29914
226404
601074
15302
766366
18256
61120
5580
331416
165844
67182
8058
91352
500592
482900
794236
195206
151626
339718
966958
1152076
1312822
40718
716294
341726
407306
116682
692256
477134
272556
1107416
281922
30764
1972494
127266
170244
436858
73738
631754
41430
187900
38012
274502
72318
720132
706496
32696
1324026
10838
763204
28512
559316
767978
664558
561136
391052
108408
212424
1053810
1259750
6398
305386
46742
3792
36938
297448
48466
112508
86912
725378
36170
1132932
759642
66638
742252
313844
193872
267622
99962
63734
12422
966536
269168
20288
513390
986322
18386
237774
293710
176272
25404
142556
708746
37116
1123548
157794
415462
100576
8918
39486
592648
891848
258752
299612
185314
825558
1190238
200162
882
27532
211348
1182628
232868
48390
25318
1089992
83936
596928
114444
540674
237722
27994
154130
661034
1998770
120498
997356
20064
77298
859230
1667578
194430
403630
131378
134774
88282
750674
326452
5844
1525966
145386
577282
3596
1213618
125106
844522
269714
279352
3478
1105122
6606
283132
453016
158414
24908
13424
67452
7102
564182
2548
1104906
312308
506834
51828
5526
628608
225930
1062154
11612
90558
70260
412844
646742
13534
1572160
23228
654136
626212
438890
501758
214676
252740
1758068
1490336
232560
663176
434100
339358
410728
116206
289576
787302
513800
226520
476544
176192
176912
1480622
187968
59890
685242
281230
12594
501184
593550
609650
1435080
820922
156514
3232
49422
875222
2040
60774
86628
446516
86232
70378
298628
96320
24798
367668
86936
508790
783434
191136
1034478
756270
254730
674600
58160
123780
941170
55440
443812
174072
271336
173500
99430
297470
6202
805268
923648
925074
422540
10422
482390
584728
147108
676456
528652
12472
1091224
1062568
154780
940156
90494
7426
9532
87132
186750
9616
174032
615106
1009266
9142
268698
206874
433050
346596
1839388
2744
72044
1182548
864710
368836
497570
516596
370176
614876
308312
7642
216754
881974
19788
289508
208636
884198
94342
71652
4720
1116540
839374
152314
136216
420732
32482
1230196
1258668
73716
10184
828050
255098
342576
42838
21840
1042180
451368
398060
105276
650324
11884
322216
120376
263156
768586
1300550
539896
123722
322574
287636
943580
68092
28332
279682
39318
261246
384240
950346
198750
33004
10886
291418
134636
1538974
101718
141872
35050
80836
46222
130254
1295312
496628
110570
111112
595440
406160
159764
1280246
440368
18012
305894
1221414
207424
1707720
854444
685774
816
1253352
478848
501788
1750894
10986
977808
540480
915862
63910
54422
1819516
449446
1078178
326392
528338
379756
354850
105858
1670854
79572
552002
853236
181218
31392
390
178060
619866
616776
742624
406408
1497574
53962
30648
257982
108496
942946
1215118
747504
144818
1896
214660
48720
134662
597378
361560
811518
157938
1215566
1369508
758544
1370
720464
304198
751320
865358
534742
1087312
349828
779024
272132
665312
245038
101030
38438
905464
121700
341970
713508
202514
2056508
338562
190762
340314
36248
250978
469888
806354
216736
223608
390860
57886
667016
30340
6318
1669652
727170
602666
615084
6760
87082
15658
1882274
236184
531690
135376
140226
151488
331206
38168
829642
1623680
838602
776884
1071734
745996
217954
352436
193476
26142
48658
924490
179184
312130
2228
326340
275012
282558
683514
891634
548302
1351456
1096972
183678
1685580
1383780
991950
1020194
73144
462882
70002
556254
28824
198080
1046
9578
1525164
91984
259720
160712
126352
94538
958826
1205762
297286
539286
657318
272818
964
1251222
329806
236488
54728
774034
879302
698124
7294
26084
852668
113348
1494374
875642
1522566
246252
1226326
72956
89598
648
488684
189014
38212
189276
116548
30636
232068
1470020
31126
29756
5730
89844
1678110
823910
806066
457358
151050
490744
750140
35350
511984
174482
756924
982342
865508
1274786
1315438
6272
12788
82502
415506
244128
109806
25556
924654
67828
1062096
22992
18054
40462
871750
63192
4352
167888
154468
790200
143478
574622
112770
124404
1211166
3690
70728
37100
46290
12432
188686
1809606
75924
107700
137056
78996
648216
887706
1390
882506
255720
49084
172524
973868
1449252
3684
282290
160496
13538
1147372
37986
698584
1201818
423938
46186
158
936096
762308
12204
677734
718046
1548480
17958
67512
8860
1398284
1159302
1336780
276606
97276
351780
117242
147750
18392
213146
67720
219354
272918
685276
550564
184210
202918
1056176
274312
316858
533584
556240
343162
715388
23116
378868
974480
122076
17418
486342
88382
531400
824838
413780
70028
947328
780424
72152
252642
932940
213570
302070
595670
1882286
537742
1143418
1450790
712970
74982
705748
83450
51678
662602
874770
1535064
187606
6282
885078
298808
115982
1451474
1029350
46848
635728
819752
102692
167350
80654
5048
490896
15270
181816
120
331144
1081362
214134
1630242
48628
6180
56266
43826
273112
411888
525780
228780
1122914
76874
449378
823666
40634
1138002
15838
753622
86324
772836
327896
527712
331292
147136
1137162
234222
100382
853430
22642
120624
519180
304990
188016
274028
167474
175390
14044
596522
972982
59506
460918
445058
782658
262572
48244
153140
6808
98610
681462
123756
728926
392716
1077854
88728
878144
134262
830512
1718228
90804
577738
9082
52978
699748
1472784
131372
11968
33232
105644
310990
290994
116046
1047192
62946
112438
1189750
579464
1080990
100972
483922
174578
635212
571462
125982
1486968
3628
641194
300326
378910
4148
1139188
33900
369474
96396
72840
233680
93012
1448400
102406
195902
1049818
177054
148188
52118
32518
1233970
671048
1248658
886172
67694
498334
794208
896060
170640
353162
54936
574540
636240
87110
748992
239248
651972
340058
166186
349932
160032
21022
664438
104236
841112
172752
468690
23482
448294
210362
218570
72756
751502
924642
6152
1364010
767146
14764
873132
212714
51846
913976
466392
344144
956968
465574
482110
12896
652006
138168
14002
13994
24216
469624
469618
131936
138102
3002
465902
1410570
453460
508916
404706
531290
466370
794390
414072
884868
75926
1092528
159438
341864
149832
15802
586872
302166
446322
1290950
779562
58882
1474262
1235484
168254
41666
169856
327308
919252
928390
167796
810164
1675334
1561044
940896
247462
751088
27168
41598
50686
127028
1018644
861882
160938
11780
856488
88334
229018
9878
1080546
469738
358608
777956
116190
1277202
204792
18920
276512
450264
357098
445516
221238
167712
47204
921644
322318
175020
28052
228980
60480
469408
1119894
292796
797896
6570
109190
604884
434170
558626
52266
22414
21204
840982
329296
176364
1275950
910838
1049424
6266
560262
202632
1048178
1207034
531336
90016
18906
167482
152726
2614
719416
296880
39274
93534
441148
1610096
178850
869242
1153600
1434258
194556
265220
95966
40612
188898
1071336
68962
165396
79686
763042
584810
82158
211798
451280
94860
370762
66050
666064
23648
306868
421128
871858
25158
448676
2276
827192
768312
32880
288576
1433084
3752
62
292122
72580
288414
1068344
1049066
40420
110820
139436
431892
6956
551186
276278
459558
1023784
137222
3544
566780
9284
22064
342746
255986
12240
834782
734726
1125958
1059324
74902
43164
114320
121256
1053894
389958
342846
190186
376460
18506
276964
123160
779242
344534
252538
596944
295342
945506
192766
21256
700818
1639204
407654
13596
542466
82208
2009424
56342
79428
1853556
2056584
401318
1364658
211602
924384
414142
1314576
110138
37638
22866
1602816
144946
9026
690292
180468
1003614
490232
247818
78008
295464
1934780
500818
805054
2
79732
970000
60852
206988
124874
1575564
363370
304460
390966
171636
31342
794704
6562
893832
185958
742234
620898
15412
188786
383820
200058
253530
520990
59750
593262
805636
1213912
144792
290210
1360214
1320456
119746
81166
535374
180674
49302
191386
324276
699772
991772
770816
892004
384976
1031640
536712
71006
1666742
156600
102634
213198
236250
29808
8698
109598
826168
257852
24204
599634
812470
1455460
303174
128648
277110
131034
180646
801614
53916
630156
1182488
805770
633608
821762
38340
8254
120850
480168
728628
909908
50228
1327306
176166
298358
35964
1706350
723318
297800
1166636
293122
538398
916844
183546
779070
7614
360308
738908
11618
886336
75232
18826
269876
1348400
534100
917266
1536976
88780
73076
261952
286798
867818
973640
468990
1112504
486
254358
447318
1108830
1048740
1027302
1088488
66778
534226
143566
2228
342310
789342
270034
375806
1470832
218116
421478
60168
434860
55820
50284
90112
154032
884446
1418072
1226588
420976
642334
96380
109036
490890
251712
502546
796104
8874
45608
952432
220548
68674
45510
200
705612
194318
144034
213990
216406
1069924
794702
388382
6074
120454
194554
839390
1370458
271320
24954
2076
9774
320332
981454
333638
158526
454416
431820
491924
906582
1213948
1088488
79406
756000
1094410
303518
1559994
999948
191270
11592
847122
16962
286252
49900
36844
207526
140312
5040
182530
174804
94092
633534
283446
855358
234418
596056
26912
73332
1305996
1021630
44762
18100
874354
744018
145244
363052
567938
421908
379364
975792
183762
66474
239690
16052
600038
936610
103532
6248
157488
559916
55386
660850
801948
978902
578544
236050
3030
982570
429846
137764
369450
9568
582774
145626
453336
4026
93006
427812
25372
319250
60216
265750
44936
614264
5040
468472
1287560
70714
137814
112894
877258
112256
368920
26908
2014302
140618
22048
72814
236404
93926
23718
262042
807680
479778
515058
506
667326
417112
1037014
242356
1034858
2888
6692
1892652
900800
111686
1347550
65062
208486
279342
883746
982016
443204
205062
26426
172444
3678
675262
39880
334
102334
4810
646156
103074
259466
76638
315426
101034
1033678
8654
632278
1071858
454510
860992
470866
893390
35116
16852
354714
582912
44572
25756
209982
247712
153180
37806
424590
1182550
14662
1156938
251348
871836
1052624
632238
1469766
560448
1040072
682008
785018
85990
1146478
229370
484076
655540
586278
183738
664142
403332
80750
2758
15328
59870
502396
1695166
755236
3332
906718
300194
863680
38608
279558
50516
6982
515378
55814
410958
1584526
631700
437554
725574
49176
1158158
606664
59026
51862
468384
7390
50618
51328
3482
48754
1220366
380548
692418
10640
754700
29934
1278618
272794
57214
41806
120398
1030828
292188
478392
854894
90144
42446
275664
49892
97342
98488
760490
179196
204276
367466
181660
563492
227218
420274
198408
372284
42616
34532
214240
1621994
1996322
385688
4230
493278
758794
433272
864
361328
1167540
25346
88288
353778
72116
1081258
79382
1262208
1194070
140152
35234
246496
81222
215954
680960
425296
1457124
123046
3048
1750408
397670
1065436
930
142136
74636
110134
330104
289200
889448
85152
672620
631408
435164
434980
510698
141078
20348
172324
185522
115286
591034
831574
49930
205718
1011870
621710
977408
1033110
1193054
485770
1363034
1468
3920
135362
134
387152
904202
272214
105942
1211958
112900
108724
31144
76228
194374
40958
83772
9716
400494
263454
72882
990352
135964
974888
312636
1344260
321384
147634
1033422
370582
1391590
508338
200166
47530
1208572
1015194
510360
65042
795992
1364310
58088
6744
4440
511678
102
67762
97082
37986
1126826
161294
171756
534002
22578
413430
1295698
594760
419454
171558
34258
1201862
388716
481210
535602
160442
1137114
3268
5344
1810474
228882
190026
441562
36672
6854
799220
292282
649498
138180
94116
535564
7444
660048
292144
807106
651842
834622
667856
61114
554068
47820
122138
336368
41290
467080
60468
721656
23830
920816
168890
43414
1792
1524814
391492
752388
457542
153666
777544
832202
11452
8756
399104
1284394
20774
13940
56034
890400
813098
652708
1593798
54494
110378
59266
418704
45540
771892
213594
287750
57500
1235076
7214
135618
239744
1048420
170036
988062
1334886
79382
990534
