86836
50852
58436
59468
77592
79196
61660
82708
83552
52056
69756
84992
81392
53696
59048
84092
63796
95152
88500
104184
59368
56672
55740
51008
75076
103996
63900
75128
68968
50828
61128
79304
73068
58888
54176
51624
76472
107748
94612
58808
91252
74932
71028
55164
85392
55404
53136
51024
101928
88340
52524
66540
55380
56320
66692
53608
58648
59080
55596
53536
54100
106348
70684
94972
87456
68656
51264
50884
69624
78080
60624
89932
61404
62304
71228
77472
50824
102492
50836
79012
75812
52164
87800
74644
57448
54684
87972
52552
69488
77168
62892
62400
56776
50908
63192
52560
70468
51172
54376
62028
84876
57156
87212
51876
71924
76200
56928
54964
51336
78544
50824
54656
100236
74876
53308
65716
105948
50876
55524
53176
50824
80340
92812
58640
57808
89752
63596
52128
88852
62408
50956
51084
93892
83036
84372
66492
84452
83700
88148
50900
66192
55452
63696
56100
52880
82112
67564
50876
79748
56828
56308
60896
78724
77172
56172
51308
82292
62316
52704
59156
77624
103808
68552
51504
94252
104372
57308
62504
60708
79524
60120
80696
64736
100052
51392
102304
61672
72036
57688
69908
65692
67928
51056
95332
66292
67948
62496
51184
95512
81244
53936
91372
70020
50920
51152
65392
66092
73416
98212
54548
52416
64692
56988
85720
53216
51752
63992
66176
52452
64192
52236
80488
58176
69384
56724
54536
50896
82380
103244
62696
53788
82652
89292
73300
51840
68344
61148
87588
51004
73536
50824
60308
50860
86460
67200
50832
100612
68240
60980
90460
64492
80360
52740
50824
90068
56880
52272
86080
53496
71700
74212
50824
62600
71636
50992
50828
81572
59804
55916
52164
57460
71092
64108
80192
66924
53856
62796
76892
67180
58856
59128
101176
69492
50864
53776
77776
60140
60792
88528
85564
51784
51364
51816
90832
54876
72604
59308
58240
72628
52344
55008
69888
55772
52344
55024
52092
60560
56548
61752
86272
61856
56012
83192
55884
53248
54576
55536
67096
53848
74068
51688
56396
61948
51536
51696
98396
62996
82216
89032
61580
92452
51656
65604
106148
55360
65592
52056
58968
51600
67052
55676
69072
105348
58088
61316
67692
57928
77732
91912
51104
101740
58504
65792
91552
51448
83912
57156
57748
57612
77452
73184
51948
50980
54036
50840
56464
67408
55964
60036
88324
59288
60392
87112
53896
63092
65940
50880
57384
58248
51632
58304
89212
68972
64992
57536
56028
92272
54496
52956
75928
53028
76408
104952
54256
75368
63396
105148
83012
91052
74788
76712
75664
54296
69228
81092
62224
51452
103056
97852
79032
51880
85904
86768
62792
62696
51568
57268
84272
98032
58928
68588
61476
50824
81040
78292
81560
58112
54164
55668
88152
54228
52272
52776
61064
50888
94432
52920
79688
51136
52464
51720
52884
51476
54888
75000
53192
65276
50908
92992
77032
54920
59616
55724
51328
51768
84204
54420
52308
68760
59208
56700
85908
54456
52596
70580
71140
53736
51244
60540
102868
84036
66416
61044
60372
51376
50868
55628
56472
71588
52128
90852
51232
90292
58572
51040
72260
65492
74136
90472
68204
64844
52728
92052
106748
54136
50856
71364
52092
54832
55140
53908
98580
93352
70548
73656
99316
81400
58488
62212
76612
54956
76560
58728
53668
66796
51592
51508
95692
55096
83732
64524
65384
65192
79896
51064
57928
63792
68448
53368
50824
93172
53972
57568
57688
50824
53576
53428
50972
78868
69280
75656
54788
67616
87024
62896
51948
87776
53728
55956
103620
51120
60728
53616
52308
71364
52236
52200
51352
50844
81724
57848
80940
56060
53336
52776
56624
78012
50868
82544
78580
74628
86424
89676
87400
53140
63196
54096
56568
63296
91452
59888
90112
51804
80528
52828
72772
106548
55052
78436
67436
81216
50956
74256
64628
101552
60456
50940
57768
80868
97492
72484
77872
80788
79452
85172
55092
59972
97312
51400
53656
65092
52932
52200
103432
68460
67308
66792
91652
72916
53036
83532
68032
74504
77320
71912
72196
59868
82832
87628
64592
54016
52848
67824
100988
65492
60960
66592
97132
75792
69176
50844
53976
57328
63496
52640
53100
74016
51072
54484
53296
106948
89100
72720
50824
58408
75388
52380
50824
89484
51044
77928
50824
70820
65892
52812
51732
64004
61844
50932
85048
78232
55448
57868
50924
55308
51024
50824
55492
58048
50824
55184
78152
74500
76752
99500
50872
64952
107348
99132
52668
62040
74356
53548
50884
60812
76108
50988
63292
51912
87964
52508
99868
101364
61300
64292
82052
91852
55812
68136
55820
50824
90656
51280
88676
53488
54292
68864
57004
54616
77016
51124
52488
79600
65828
52684
76864
93532
50824
99684
50832
50824
61388
107548
57044
55272
90652
50892
70804
82872
72148
53064
54752
91012
50848
50824
79360
85352
56204
87284
59784
73896
62992
66668
50968
59388
63096
54744
64392
61492
57212
51424
85220
59232
65168
50824
95872
65060
50824
51420
56932
84632
68076
100800
69360
64792
70916
56852
55236
60224
54416
96772
50824
70244
70132
57508
71772
107148
56156
63492
57628
57100
63392
72952
66892
67720
72052
61232
59448
57388
96232
59636
51304
88716
50824
56360
51224
54336
51104
50824
96412
58328
105748
80024
59952
84812
65992
71812
51256
51192
73348
100424
67820
65292
73924
61764
70284
92632
73060
69592
50824
70356
69800
96052
75516
66392
53416
77312
70416
80636
90264
51848
75520
102116
52380
54356
62596
81752
51164
86940
71252
51480
94792
52596
70692
64212
80044
51284
70956
97672
83200
51212
98948
57232
59532
68332
66992
70020
85736
71476
50860
83868
58168
96952
69696
54700
86648
59552
73780
74380
52020
91732
60876
86252
60476
51912
78868
92092
50824
57988
74752
58368
79856
68716
60644
58712
54056
76256
64892
98764
62120
72372
81932
50944
50824
58568
51088
59700
94072
56108
50852
58784
54216
82472
68844
53816
67512
64420
67304
69100
79156
60288
50824
51984
89572
76064
84540
51144
83372
80192
85536
81888
53088
86596
73204
78388
51664
102680
52992
75256
58008
88908
64092
104756
64316
75220
55316
52020
52984
61936
56256
57080
63892
71500
50824
72340
54820
73776
56412
51984
60204
62132
50836
76336
61212
72488
83364
96592
51532
104564
73492
56776
59720
54616
63692
91192
73636
53456
50824
93712
70152
75960
55580
55868
56516
53256
66296
51204
60056
61568
50824
53376
56620
52632
89872
105548
50824
86088
56244
52420
55228
78704
89392
51560
50824
59004
84708
50824
63592
72836
66056
