521854036
161833368
109088930
340178694
68956952
918800058
592663238
52509014
160920730
178953514
567459298
596757970
267297942
472760918
130885592
490877686
387779142
92874344
165946878
707020558
409385652
10766390
205331778
101948914
512044968
995016288
605172120
860525162
165971274
138740170
398375854
711003810
454554888
808524350
32294664
318143250
6581192
401435574
158438520
276403688
116476474
386965848
806928450
666261116
5627508
260827450
308421440
26145320
2293616
392834512
59283038
327995732
216928492
368496602
470237258
215206890
25511584
28364850
505381102
267115474
543305736
457629140
24918404
171747826
12871504
94363836
730491724
272488540
761617928
78460446
112648168
218529304
387085998
274491608
899697700
331346260
843798856
74573112
55166560
307064626
586119706
17329312
333984518
571050346
442898124
704516410
250318618
40200442
284096274
143345690
85342308
968979170
634952410
47052692
389477416
48337426
235365874
70359152
36598180
120045332
771508606
763986254
161953016
60867286
232994432
754720200
247820310
631529882
888499768
683523118
387460460
634354
118989420
367701008
210907766
472840758
128532182
577959332
123413936
184627766
641674050
182556400
141357492
835163446
439066924
19374938
687252914
43924296
53475270
70160912
850341852
849364622
17684470
193699046
751823132
697544040
517766810
161420896
569093682
141528750
66877712
532220
24219676
677852692
346952382
180511518
607007810
375063010
605317818
90287554
885913506
804166378
754923874
5012112
935993750
565208658
68302096
51380286
14715960
628803650
381285270
850923282
97606784
724702862
99266880
116282754
893404252
380152
887585824
492635780
708335588
763003494
566202442
123047230
262349776
214652498
235654288
93372658
914096710
618396720
89379080
43015742
934553072
168510448
155510058
293853652
114756888
791708534
736076614
210951880
722717960
702478398
178256712
320076966
681402292
104868696
570563762
324159812
196485688
16431424
535619338
13140486
973400946
511227246
548571212
282568766
780541572
131173100
555851630
564339272
293278066
7560896
138044936
333322300
1002504836
18370728
784808150
97492522
55675770
602044168
250433688
209973108
210921878
106016680
580306208
410792982
298741986
829900442
430068940
278825636
933774176
161440510
868554384
797996124
979622698
6730642
84355360
915000456
519904242
233830926
5269600
751112584
782990390
136006948
633162344
583485052
166157764
559746842
26041620
314278824
103005264
5326734
666416680
655587338
952086924
803795210
114239974
942704
187615508
27637988
456412190
475968836
1027647014
1008776102
508684462
4325098
60780386
236592740
477171732
867610190
607831510
812480042
974718224
343311366
562334424
714787048
230084244
293942808
659398790
55075272
81965424
257501772
123870716
359508718
17518824
52030248
28786450
54730438
620827700
820231928
72518336
29540002
690894008
19310066
107704876
297295148
538413758
170826584
50131490
335371924
425299682
458265180
191860998
38966840
495089676
418588848
8573680
280333052
29533276
402459002
684891158
259510888
412068400
500606588
61516296
15291142
350108846
416252748
155336102
1572250
6017864
624296582
531557326
131899140
247535470
702420862
934640
243115278
23942930
22024722
315654798
137411616
373195286
22315566
350324882
544629744
182847682
534102440
631464300
255817958
292796562
97429928
434992916
300533032
967168356
173391870
1023582266
69823756
629478932
924185774
348440728
750327318
333246564
107774694
10817352
326044472
527688866
114694690
573547384
595457036
7131026
502658340
68461068
307445140
412011350
288628336
1831480
15137200
84775490
764602804
116460382
1576378
153565106
91112830
605492214
883295932
622225618
710796080
6197010
266900362
164321870
690499996
1199059402
227856034
89925632
354469018
152748104
548297430
344174464
903118938
594677386
129564770
103702868
741179994
773185830
990005300
275943366
141578072
766332506
568518490
653181918
236689252
404992424
590687406
7937896
140123722
170306310
59770478
587138954
106285658
296436706
310865154
884894614
220446166
611761118
696152986
125115870
140264856
25758980
29154752
208145698
464112
154943514
141293882
1006599202
780465768
76284970
158401504
250501666
38965362
128568170
118636514
1168062244
20970428
408516026
340018930
209260192
47146764
685165340
28206702
252700678
25647778
104616
607086710
45733450
562584806
607522834
1035356344
568262886
334835120
297816354
561605528
538338836
529314098
43477324
142536860
291015150
94991124
23616
298946066
261882386
101485256
24431548
288576556
42043526
276517998
461401152
429447200
141337192
16995356
12183688
120154286
301376950
218816480
592110582
307108530
7936692
20021660
261085596
330069934
700910240
122580178
378990338
194505500
777714750
336419524
514192940
406757810
309803046
167977006
167278678
534523772
500312598
162588900
36546120
647861086
127442820
1654984
371292250
841939590
395623794
110459634
244471258
825688716
354664352
402561912
112168
1579388
789966260
536497340
48107904
575660132
256481830
111282434
382295894
368804374
537086846
742409234
424988002
264459466
1049145916
137433248
104079632
324805070
932798134
818945806
216654900
928035200
132305070
767289226
400153204
657565188
589963254
241993574
9982516
553903376
195475546
181507560
622690826
598884120
44931208
197358650
767004258
705137108
229755708
196893854
29633248
202075462
342269104
60830250
437361860
594793326
112732296
502443914
368262
662815110
6021060
285445376
222939186
236607046
1029964
6508782
674692646
335781880
381621886
132930214
2492308
1080909786
18962808
265504816
140758428
391126674
711689138
712963400
617574444
290522832
207870280
321251880
521384912
540511544
801538320
553953370
232424950
224842478
660413242
184018524
467562688
498024748
7809464
485482868
42280560
56461240
203685894
338410478
530296704
689010004
827134710
275382074
170245220
732905546
908154942
226257292
113404372
564659056
562660902
278758
603247040
324050770
662914620
585906782
983056648
1070050060
476289526
5918640
733852140
145328256
727677082
364131036
61197960
637294660
266364086
152720388
574370818
1012455218
119393732
131922606
531636630
29080832
400180852
90829454
43414526
521587718
127416576
104201454
329796560
51817566
961841012
58746342
248638886
652977040
374517262
43381964
143571800
138365542
270766
924093842
146547744
54330724
12549392
223264128
127224280
750413316
595682920
668211680
33370960
458193484
868433532
19443800
121805052
387189862
392595352
18156290
269512440
469656306
748025644
422279740
631745426
252578984
196133280
436838416
11489586
70628606
379448246
690550160
606711858
510387824
172503766
963485896
555126110
672818694
860623946
417648228
614964632
424618122
38032774
317205320
781027300
447641214
32020730
831329748
964940998
299853734
16728260
125739866
108853582
541014284
339743118
712798226
78912528
135021460
62760052
586973316
532596524
669835888
214264706
132869518
223452288
414449022
656212820
710752956
227709066
873295594
1751542
485744926
52118406
441403332
425017926
870928748
286532016
473458200
465390182
983332750
70461732
436242994
857600638
699088130
349041644
963214864
886809630
95637336
120421028
374125720
171622588
91316532
316979158
14869184
72385402
999265314
1015784220
648633338
120355372
325326794
418320166
8528044
157881698
79385406
94103172
58418560
71359376
300332536
148033428
55614442
65103250
62036088
3932238
756588918
2079332
1845340
565414804
198087676
29840988
22686588
351997028
904060
129891580
4791232
213500434
52120230
662039038
86428178
478108054
490210740
600559536
954052416
275535706
378114870
896212634
831235628
16060534
45554560
219420088
17013488
139329506
120745346
584211182
813790012
225854510
808041914
673335076
235054564
109239940
860799422
333631490
802849038
255337154
138568846
352188934
289096144
457434348
15785952
363937276
191829880
276466304
378456998
538943154
111288650
81226112
80600
305575150
720505608
331546108
420859930
98744848
702778488
38596526
772384790
174593358
136661880
13013550
177550800
405644264
111647534
509415558
490982126
600099854
538291402
323168148
106530908
5282400
409210400
607274872
731820268
200588026
324007220
863422408
167820110
472061760
193848938
458861368
742796162
748770152
614376190
743555082
353076576
37876030
375823346
170291594
461418598
76682478
445643176
215931636
336020902
70580010
77939012
2300686
425393772
207235334
519114328
208596914
221147552
581627516
590438742
43040
800971410
769676136
152458
995974458
338295452
722592764
775131194
897058990
3313300
510128716
35303016
296988752
324740
609936848
253361110
868202696
72148430
200233624
339061688
63516880
316822144
86864058
101829706
13463184
668952886
158684988
83113206
528736446
92294650
1001755672
662284918
60884700
883555208
250167456
161083544
494293454
487994766
199854122
214053924
99426940
319850480
110777134
150029472
69918776
230252794
332394346
570070682
166169070
593060046
155129438
693343022
546440496
284693288
695754540
160128302
334526716
77131378
42460400
254167424
833425372
38340002
38850600
734016396
384731772
331831156
53010850
111343100
483547602
487793034
25341568
15309920
207768384
419499194
505029954
172969366
56035676
111466850
613251864
574104406
9305120
461137858
450454866
650990966
440751086
396807330
7455392
576664772
476433108
3576496
142406142
1091987294
259112558
28212262
510133036
89212410
486822272
490894222
558198848
156825246
484108646
43892744
572187960
435616086
58127296
165204000
45384424
231730906
411008310
949222300
825450102
41642304
414807274
141527424
51329308
46656940
224305606
52184522
72783626
305682536
118472010
861035890
177303230
283012020
145250088
55183236
37859420
74781336
275425974
433130470
182505700
886018592
532411214
91795024
4401104
51987594
406336146
249137364
123195508
544737196
265455430
140555556
413921036
376760814
238393186
60692100
822623366
945160402
360170642
403780962
345455746
596212886
384204916
67821640
355147904
502780
421746542
616773516
325692044
203174722
502860672
420606232
63612998
574458514
50844384
26613186
178356444
735977422
929437174
674639712
137700486
17896008
373840560
263988068
315381060
263999972
312697650
592369974
216752154
168288328
4343222
504942700
368441444
230911142
229002194
190629568
277566046
840134900
815838734
30465908
832410006
266063032
139713262
579561690
762415520
28059908
73867840
357454580
793541106
946926290
602973500
99957782
66441996
651844510
635819764
187399990
560754412
100200544
502672606
576492626
151063346
592083786
535668540
56285604
198286330
64469000
877221282
106097236
500044740
178319686
46166132
5542072
797847330
60400956
15217288
97850746
106095504
1089787326
898248790
1756372
23094464
569816984
24245892
267661150
52142178
411961394
25962608
635061110
71928836
351659376
413512870
607237808
10052184
405206026
395341252
213709872
452565258
18047500
829525788
39006870
171377238
453802970
294999912
34861734
39168212
58907584
450241362
682690056
36819340
317118828
234331990
482571000
254889836
65515450
553922484
74629812
602346696
21730352
71965310
779969936
114804968
8840088
1073937574
658797238
407658280
342443764
357100036
772291246
151430060
250500442
156266916
69816084
402592898
117157054
755844802
67396100
210069042
799415774
418832710
739102214
521597438
205081510
582409532
60663118
609155752
115975540
582272568
738670504
443414220
229329510
277914170
407718690
265093660
667840206
55478820
311290126
137915880
21810240
56698840
915569646
416396484
467587766
355257724
374481240
402693082
94239772
237722976
55668806
568719136
73967398
793193480
916356566
3260260
250568648
141983060
55937564
8960
660134822
533692982
274132332
421254616
34684386
133269758
120748878
161417152
365840792
192584516
127226918
142272768
11552622
311958226
20336698
424519282
60240604
516370336
163300760
900187504
933600170
791162656
70956062
314577212
178878996
292217458
192104018
4418040
178513110
311336262
157165614
656963310
301922890
802050170
301203580
224268588
62223912
219757640
5933824
794354552
845900428
1003034420
187856752
4563800
503476592
163967222
215360692
15848974
521328068
604733836
848644834
797395124
36576096
336516334
665183366
198156126
287423346
24061400
419025504
121785168
923733254
38140596
833579558
156295090
664045354
432915940
486751042
681323528
107093934
49057666
235612318
310407978
485673100
142621982
30385814
558903116
280090328
178699852
54015780
210238602
277446352
226027756
329032676
591489920
118382206
766073168
777037608
572562136
455843712
112871278
388433996
699270122
9681488
635393822
1126154134
927695080
568225458
129531972
469138604
172484714
365526156
7562464
1034806724
475378330
598214278
461297126
196680012
995828406
25114432
9325760
1025721758
417972950
377435088
223919180
791568752
929236426
158323414
16731858
2435048
7591018
671093132
14016054
848243458
24869630
134470464
23176970
564667806
594792474
400658886
98197264
254300308
592142620
329198212
332791858
403933550
559903762
24233204
666954038
274223684
213560378
3593044
60404448
200847318
298219912
672771528
604478992
139057494
178023106
85516368
661907710
214670434
318643390
142356890
469264718
259299796
125114704
181416774
622737204
122112726
18010148
80059730
256087868
554483130
463580540
298055748
544946648
636009152
472276166
31772406
24897778
227468136
209354368
735210428
639152132
607621912
78957208
81003248
542521756
79537376
200131356
65277220
407542914
413964668
912617688
157303454
728111974
578101494
134187464
193411790
169486610
29484070
16476488
357076502
633678110
161976910
58429216
798847720
329004592
102198474
65826436
519359574
492386282
863173504
48077942
506243100
55364600
189442302
88633580
803810860
372405532
204544
471323132
282897248
70842888
780616478
557128360
286699156
619301960
799111394
152760300
630127100
19539212
763251740
51377872
56887600
448217002
976938970
16928912
113736566
535869904
728235608
29654754
626933550
559990478
292019360
41509220
29541772
321440806
884140204
89117184
460067796
341613348
377151794
5399800
543849000
763954728
255231740
50750126
1019540236
207264
684967958
362636734
413354612
543485336
50537428
1013885862
1280796
608996182
283695888
632456858
523006486
244208090
598148076
710235572
815957158
374751936
214766014
782752420
241108890
683670362
385366420
443707990
453343566
229385640
412083584
397495660
43938562
589591926
274832330
248411486
421492838
710426932
115731140
171943448
259902916
63940
6190030
61627488
587186210
357657052
12995460
536320682
29001104
281134538
129359062
428896690
691621398
312823392
508692922
45168700
914655176
350433640
945076272
414488336
5648374
104060886
13150510
409005030
975382400
402984022
75471088
156635316
537662222
21080992
906198746
162155642
219005368
292529492
83708338
965780116
622960566
61020150
113301310
293873776
421765122
763363014
197025148
495567520
61231602
10470808
16417770
167603860
367839846
360159820
586059882
46117840
81040006
490346724
424597750
283393246
58372384
660901018
42105216
738090178
182279804
451410742
673636618
394735600
184089974
50866992
395108904
27827266
429982776
534292280
134771408
1871734
205754238
185409946
43863140
64943670
659530872
965903754
576174094
816232412
24904750
376079024
370410154
128452408
383584408
731377516
198722682
291776994
337006898
142895296
6504102
458572036
324726730
624301722
605818168
378787242
156510332
685358098
855577816
755053678
166021432
100286630
235175392
358515312
2432738
374911354
680790476
630816614
746440190
496392934
342831388
113527896
451313182
199432362
908448418
286795296
564489600
422154000
34534110
788913674
122479456
7297880
52546110
528356
782978848
116154582
278443086
136981596
1049603576
464776234
837805188
430004924
139824584
271071008
432313960
13306422
40600124
627039164
487993092
192144700
310026270
206952464
476321716
247709722
375245336
129903870
153281724
411581608
599596954
345200
197127618
96853868
180732
307230814
1199622474
81898918
808927376
354180666
586243868
696926598
292810838
220421828
227457862
413870806
177355680
124170904
1033814048
657715132
346497714
574156168
14297178
41801940
115305098
466172162
35048694
372861934
415024896
481100374
648007832
229377740
452526650
79133888
353459908
3205608
735233366
153951904
15754050
253617262
550559238
4370060
5056244
405971660
226871572
976745566
105946366
328282176
244738174
957541436
564872228
84549676
155751780
219147104
194028508
1107433612
294997384
122642560
490290538
679457800
79736636
494082942
59125898
262794210
170522390
352110254
262782276
105962658
37840212
33853520
421664818
107546744
173409594
8732472
365034090
477785926
319872704
445955290
584152886
91585772
564493592
42045226
382034672
280953162
368599350
89033680
199646958
570987562
104898130
869116754
110950250
48895384
80850486
4561140
446344376
710150870
933042142
52792846
221144166
74319786
367585346
121930288
52474502
41573340
271054678
174106390
2338672
325194406
122796012
579800690
194232348
136632946
214047078
339433486
235087728
297930274
79489160
82366118
259214532
77630064
762677982
820505204
243834328
427683376
195855496
415673524
126739200
532247870
745127062
363477748
565577342
149422226
437623102
375462432
438447472
580774732
56876348
730853202
279069928
714253568
743969932
608501108
147130776
206689776
238032056
353725104
372527264
58123744
571508708
994322326
652378868
536694388
573371172
462513506
3056392
235259780
468804304
75108632
14694120
628668354
307449396
713740202
732003620
239851926
692896550
430462960
630109506
313112322
121238898
785502112
663396358
446057336
173873978
291815314
1017378946
361124180
116108230
61393598
188346884
608399356
5840380
981665330
584952860
26644992
1151366834
547707466
923074648
773816738
128087852
150160800
870109526
25676470
17677928
281738556
122127572
42939600
365701624
65586816
1051672670
826484524
458207386
320851992
384448456
187908666
557470342
67595520
63490856
3575968
169159044
68671798
172930538
503798314
943516250
293340748
11272332
443471840
643354320
217703110
551300170
210090760
319659282
106479012
363343814
316976188
472980
867113580
150951872
545112578
133915692
26755242
99321930
78669668
9982024
402923230
331227496
627199860
510933302
389550468
138341330
211473950
133526116
631549972
848167954
68284164
89023320
603731522
525238302
1243968
59401562
344470238
63462128
327469250
671239688
193005770
23811424
404392240
591946386
76924728
568417220
34988448
19533976
82719118
367178430
533762530
85785512
3592688
54096558
398249972
324456346
859736882
49376902
350205942
181741942
754123024
175097174
360896554
69619380
344859724
284422764
692099546
225355984
115588648
364650922
112691516
37145680
235848728
50451788
157289980
173908282
303590664
33437584
721309470
45643250
217671704
190434388
417195500
135132780
1059102408
999704
254619496
19185690
610891290
463456258
521843548
11349248
147399380
155829250
6443968
872350630
132833566
338893758
913012370
193874030
355309234
25074116
61166338
964338962
568387906
217759982
69270714
18252276
789733694
267198312
428985902
347302540
714302746
534567804
4131168
1089854712
138454622
706636100
302517670
499744740
914473690
564895336
172123232
136308224
65326450
3576144
124716064
604927750
633329460
208767490
99224482
199215638
236118496
120754820
5993728
155665522
46550644
46707616
286814816
394114784
126732676
852974190
193911716
175791672
341038122
1070215962
10285552
462046588
167886494
11301494
267375278
31760470
19249438
356954438
401821614
811434334
654710976
216436692
166693124
301166474
404479510
701071472
136061542
222888022
43914776
818601440
150222880
732609308
864251098
82918926
654499554
9398570
757200766
89473246
314274122
120312922
88169676
360137568
106098092
415028628
85747096
39406842
1198490542
40316808
171090430
547656780
394321902
305310418
82771952
832990662
321720472
1091610674
1019533280
488855388
857098104
5882948
997534994
8174768
77572722
328952470
331904676
142725856
1027811180
651635858
176565338
211380124
825353784
215731908
323754814
785948956
1058624350
934115784
676472682
19534578
1006157292
561418312
878969010
26582970
25500160
680160508
234557034
50635776
202788294
310415226
227626874
14546000
175226386
23016020
513756192
33010898
23256840
827906464
223507558
251908428
8814836
78569238
261045352
61374180
231937522
284256978
117881532
913663578
115305306
513077868
62919944
40632070
738456172
26639862
170403350
22828882
750445226
41544096
312214420
360933342
45703970
1022072666
295614434
266343406
651360850
435803350
197778826
271870556
412054062
559763148
41378172
205155470
93572180
476934508
785804404
586950800
208576820
323120044
339219692
7478082
132818562
721000992
148998994
166750126
1013164574
783865670
507343734
148811380
291260036
164574936
2701280
610825422
620535640
627175810
32092788
108740320
968589890
65902004
261514572
251167692
262663700
272057100
223733010
455510240
31535942
225673962
803689800
158794194
108319850
125402298
195291252
265084856
358070548
372475038
648497858
176473132
278405262
477797486
591277386
515734998
32311552
125902626
4381952
777745262
619736064
120734382
302661886
742634446
72076396
52395748
3551590
83443136
9852382
77141348
750639706
345683552
200975210
1274844
258948248
233719502
199031938
633823520
654591350
116681036
280764278
570076130
254132152
276008730
235019730
32412744
378028896
929332702
328027490
767185412
570216702
4487184
16032176
125867390
535272752
402153710
652744566
105941832
71704784
883274212
173099056
180958964
615845506
29766562
436932210
54056736
569205776
500027922
90699682
480567594
692708562
767342146
830228282
646100298
36418252
491489856
256005962
181478232
37077178
748919430
176661640
785312392
1051191762
807189888
584986862
308974360
35313384
69274240
719627664
501464616
446424900
1030684544
653620314
410580210
29913348
543536062
77530282
1015386374
12416334
107022752
7704114
442812540
55919042
392252456
239521660
2431506
644962818
264265484
101150992
65095520
105030568
485239244
9229728
17368688
553758790
94294314
202401248
39491020
45712540
345870616
730457198
30760076
41048496
379722722
185713230
621858978
243083754
81914194
603760656
854357800
385010234
628149062
503356428
211307176
61297046
751908048
809053404
368107250
427768120
167407590
742330782
2204904
666067616
10468750
52966438
792187784
40390504
111368670
27678616
36057526
414860856
888502524
346295932
405249970
469760020
202023704
830268082
232621866
734982200
181595088
421501184
4973304
526853744
562847502
727294076
775689084
233282608
232072688
193138
456590684
324962980
265338090
100612318
242777132
4396380
14150888
345361912
360112770
639640206
563778134
276079556
196757740
497555852
44626178
713953618
372003960
642456318
75863964
5994144
342362162
2299000
120463338
636210362
319964946
91661380
971660
340502774
168919586
1901664
116329794
667019930
11324522
450423886
194197976
306773602
105054718
805537510
80969024
583092726
279577856
668920160
27038400
36761960
727490172
96543618
159224708
592361080
740275418
420927474
199883496
227699186
443478058
717655930
746331284
389565758
867721514
250083948
800585804
8585346
415572050
435557420
627892804
640818872
349039508
66133460
1568204
157319384
365313766
121644640
914056500
73784800
857777404
58432324
14801428
73932700
297530432
172415968
146137932
14079710
873707086
785386724
819596874
716285690
766262590
224715402
326666060
117061840
25408432
537440252
319905262
119750360
80019142
54013536
435813752
96356946
7914868
724194610
327497608
789786280
823389434
665274580
734133120
922151528
71786036
36992880
286899136
155071260
191087918
6950906
842433136
534711212
40734872
306256444
819027504
147175472
3538458
152732526
627215934
460862192
1016628280
441024924
166392496
75230974
447418946
46256114
326690276
63061518
71898734
17421080
951216
527987558
26391330
676757802
208312104
786741054
35140322
6602680
503651118
62339614
3001446
153293412
864203480
3315680
633050460
43808300
181021232
848015924
452987176
809885028
322959390
333615822
2193740
900522136
273752020
59305066
65554792
135463048
339540388
294611574
186563758
867969130
412728452
254083184
292065214
664514610
878808854
464323424
406343850
648805512
450819164
277330782
997757830
436917564
45382762
292159004
123082432
340351170
177543608
56320978
114395066
220719620
222482880
161329168
18478474
311608126
485097890
628968670
656553278
56138606
431453370
682331584
579994580
129888324
118877336
304391758
18498930
234597914
586023944
77622332
761778992
22504500
304769080
575512524
405625196
85557696
296306908
5176776
736645412
185551092
288834284
21662400
476714230
270946734
226515120
375628532
15187420
564755810
282114110
55110836
809744538
1045279792
107001150
212215964
23760440
312399146
187934706
963255546
175741030
57238
605771720
96020106
242457502
553507008
398739578
295869668
10056072
253968540
592890658
235252776
93702764
322241444
484242818
361723128
66809040
277819120
355059864
187028732
263440
305694742
722979718
597846280
535414358
30773330
775682912
270396
63830662
34473356
846041664
10276584
757687042
259182824
1087697838
847314042
291356706
94775538
254981090
604714688
21138504
278910428
254215418
642429248
197634476
311797918
291763240
669865028
441180142
492375112
320957840
476712722
207440590
281882988
401707774
660314498
264951746
303825528
281930218
409448522
104433630
701923062
356982900
655361906
876977970
107322584
990011124
377132732
30527018
590209822
519377342
214616516
143496974
106027616
255279870
454685614
450117148
598815922
265919796
902754834
1018944224
62942288
2671306
305385884
54556610
48379500
782220080
94278492
227022638
627523874
728771992
186023886
510772346
608482
556514464
717508610
20374328
64918880
148500930
275802932
511630248
303443944
344080456
406344956
454100590
156611466
250366532
206301606
392941080
367861882
502807158
867507482
665900
159307256
342039672
636088090
436755754
202790160
941964720
74073664
626918206
531338050
488671822
224821598
601119952
76570910
63635894
90868894
921379008
482271534
90836136
932761288
80609932
553472
56904320
167836460
294196994
116386658
147325304
615733464
189518106
8192
8077434
281530050
31199520
244803664
11804276
550113776
384542638
94485318
221314178
483060482
498630450
23598944
150454984
527644642
305855796
5613590
161867420
242407120
666168404
961795624
309627362
374533212
4061876
850010980
385337312
324160634
1037314672
170558746
139921974
956879308
530199020
35204128
105151680
418911024
459712106
554767080
420887172
1753060
199679636
376509326
27691764
67453966
125289890
90872964
700651878
549834358
737566760
241185236
65940320
921475950
160303012
501586038
530618206
781271466
480479900
364018886
381404354
80389608
95809544
41646660
756583950
496189414
342318774
134963248
184836034
871679892
999590
319776752
83144706
13443390
712321518
163232924
58224920
48905644
8199994
180728296
462757884
553413828
279908000
135710638
44965408
73188082
568148564
19947880
650138580
164644726
152791086
94797262
63174930
894464978
65090
111853678
664716888
216558320
598174300
19758898
648308382
291363152
161012304
348854924
838624862
203694206
295868
139916188
275763104
656333648
212868402
842521050
585057526
316751156
51534982
877310750
1119947126
208030440
620654966
88165366
135042330
546617976
701960810
355637320
155212904
877513026
849046364
377766496
57501548
394635156
70866572
546087432
63891458
12773148
198857086
606133512
4402208
694442182
335349802
270322
167830652
21419632
36773150
222397852
6187090
189564622
198083404
15384848
234902562
445579184
37566276
367471646
197065334
542505972
566056
946184822
672660416
384121996
255305472
61752240
121579360
571568588
161507160
648584218
190112298
208620452
1035384412
942928
479158678
20287592
188289056
621589464
458351204
206923112
520645424
281517908
730393132
557704220
292812752
280938504
135543732
48806516
351176630
492981060
396024566
565860724
39910260
282439438
97087502
606924802
330240640
473385730
97168610
421073964
815814384
112491680
756552192
549426934
24033350
6359364
776898260
824858044
305096344
166373090
5132820
313440318
52897310
294884004
35017246
85254204
165398244
462757018
109722204
341328000
372403642
3666080
140177910
166286442
259071258
70185502
144033800
363947078
92298986
1507484
17808480
564829950
314014406
624980180
473977106
715408416
267295556
34973760
202108256
849870756
378357472
320326916
218273012
209943398
339985978
194925542
143724900
530171850
709057314
59742326
578952734
802593506
41497764
962725038
730771106
79627456
1422592
400025984
737925454
619989662
120275944
518804492
331887358
1141288694
78554548
54985210
20720232
53256724
903864898
940993166
972349110
407503162
106074686
74197086
6499608
432111534
24746392
552797586
179529782
200149220
668708618
34990318
361908810
636205662
830847974
558078940
123012536
88840572
450639478
262666106
3809556
461606696
372848332
750539582
387445820
712500196
105360660
301200324
739857718
108723790
466307012
550708212
864121992
1111799712
343654960
630130492
695752986
5970804
154425312
969434444
279364790
192094228
963247522
654799302
1045818384
207272806
297364080
376250544
144472620
628566646
417081034
166765100
344537726
1651040
697270330
27811498
45395624
23034470
145520256
34969832
14289168
525746700
5171826
546399194
67143204
720506612
898328450
604610292
25006930
647480648
19607896
49943584
55621828
63899244
371897000
468635304
118332888
420546314
223622762
531502
23807960
245660344
570377946
758565784
748459280
15502736
462514600
24799404
773544510
1029295380
219532724
272112630
449997256
72409666
496650
64956472
291399330
210616684
844185532
102318032
407578912
15226786
752992496
519713520
219311784
184113646
625613136
916903500
525440864
588521426
7458080
3267292
240741440
59312862
670551422
632626448
107825042
798096892
183862900
976639614
1118475572
278681938
17370920
44936892
752035904
2020368
97779572
138670628
30507510
476358918
306980922
576930720
19763098
116753280
19287588
283277076
483434808
622045504
418763810
596684164
672607392
394461868
63516392
428108
27343422
36464040
1177647074
840802820
160206052
880304750
28136034
187902774
8956654
301855608
199482836
7326672
201960490
424263650
285243714
306965960
102404944
856758070
366366590
10098950
647225658
331131504
709595270
220957438
114859592
92188772
35918064
423640102
60127424
747282188
280416250
210336828
420023986
91917236
775696000
6433140
83473856
4814304
270167382
83263000
174851200
625904626
712422508
294842132
665599986
673132430
395526016
322141000
53062972
618174798
26118870
1120561140
370312400
114374594
395529998
97422504
508630776
360495740
105555600
178354302
449220002
416661560
39377326
223950064
588957406
5767588
817662174
10046476
560418396
284085410
290681722
600890860
1040192714
336899324
462641934
78629700
10354250
624585406
271399596
7236600
210795998
806587452
58349740
260327192
740375620
404474788
610097404
372880240
374522608
492652410
566244340
573365834
88014940
70856282
121383238
38053424
766512568
72488222
5573988
550966218
739070872
1064865218
195483000
210090120
492524208
40391940
711380880
167980448
151698148
509800206
8578372
166377482
57016278
1029501950
703940532
956245018
276754584
656905830
76933756
20364032
30200764
607773302
737479546
134142332
416101546
246844330
967759976
507877492
301848342
332158726
65150260
133979326
149356186
338977070
108916262
1156332170
657800
485225400
708283376
351642240
20239232
87359780
329086660
185361872
43618322
219248120
36397540
4558860
442122210
793122098
809263862
317429890
544839034
23789792
8225560
247935120
397228950
832851178
277877400
812455206
148764718
183152450
244243546
477395360
665289332
846081444
244728500
45016572
195564464
756458340
140963662
325476348
360959402
47546382
808420750
222713310
646961680
37214316
5844632
185005730
130493418
2246000
18093100
152699540
341287628
998558108
847594168
261579146
70515594
420677148
5667782
601537442
918680852
173983850
337695480
589213618
404737952
677896820
448528702
79866954
10977626
79878824
762282996
740377064
936528514
3953768
41137588
130616
462017064
1057938154
659141592
487764292
187693388
373196994
119145442
777441186
133567308
119643860
366516912
887121468
65798228
712473884
288175972
3326050
156602602
2459688
286930972
313908416
798733186
181784304
70728036
63895122
372041376
5841622
140522496
649400
704837802
144954696
463518848
108909710
185131540
60905372
518729322
349957958
324692596
932884252
530682932
75105738
418866604
3616624
1823780
15352738
53583138
125022370
11755640
146462148
313468224
171988590
904713276
669839362
462552964
308276450
505431296
395269074
621873530
93568464
185595196
858927088
4592662
714754276
335845674
212682894
531460162
318970964
143886200
762505924
341898770
636052284
838784852
156940906
169531524
16696782
15424220
220329164
199343694
142680920
67255924
265615074
422139024
1051144646
848306270
491226732
888609828
110071778
5658902
45862346
50074588
124715732
311741704
522069392
1299396
728363882
954420334
345298662
248883090
173353496
358254428
423989360
78623530
91252440
190030808
22678164
102009902
232810886
83756556
171603626
6196120
1169385812
353401296
57390640
141895562
482091396
204442066
224967332
245605248
356088580
601291998
19729020
348446066
416419158
40791576
232371392
120419896
343022582
3366900
302418340
242765764
356538644
349694546
33549742
858155922
348176836
376381218
199617790
697980536
129072878
640439880
479416632
647951896
149342838
268930264
535238452
84910560
195611702
378338492
7761744
228982216
697671478
654864654
617675298
463254360
45641200
93693264
226493654
314581174
657719872
553680206
1055876594
354200140
171511932
370009354
942122252
744224
685230270
224223440
68476512
548347786
237038750
58327246
184749284
526817356
30367488
241782058
95372682
41413020
819673876
557278602
412396660
17130408
814982146
516128724
66989634
317839130
12152790
598769370
318266
388722946
149564124
830232384
625012314
23374624
73819360
403085928
262600878
857184460
410760820
377941196
185702864
321173578
19933000
340985842
122344570
262492138
440992630
1004390562
175449824
1046436
826865672
759962954
463105704
513854384
433966742
102659314
5519144
782368704
170265074
9971692
220110624
823275522
184197156
47470206
32311078
313372822
8648840
76194894
80756896
244636520
1018403802
380893640
674545270
853040420
707647228
63399550
111947416
19221798
672085118
441687922
600559294
350217100
751213160
82137258
97315346
92674178
77166874
18422604
430637872
88097506
693594706
471736224
1816500
163122128
533551148
824035704
2817558
645214378
766971016
225194588
431258228
27273008
324688324
533146208
866337800
1013237604
23128722
92336090
448105072
423872142
145393836
622148672
754592956
15117320
427744066
392796290
806983192
61188144
180612190
599073342
320919566
303207034
209260012
162452796
644464606
492520876
7577920
688379968
836784084
942141522
384672380
714176552
402467882
3235780
127832
207535834
823852104
91080360
321753800
495134158
88064930
3620848
463771210
631620332
439574232
1024296758
39124078
450007254
237278242
353222212
360526790
182115870
381103532
507663420
89187340
532991014
159571630
132794668
31754990
291277372
65359666
293581106
43154020
202040048
76420416
748610376
20792452
44387920
986340174
39330
953028392
626926618
417473684
492672052
250191640
354729502
877839388
18196808
738227338
281150084
574634530
85379330
5368000
168577906
715814226
494400
168955720
29564074
410469612
200308072
359831046
39166660
55224828
688011046
499561682
794814612
351860934
583332352
4988592
1028202498
63461216
299549218
788234638
563422882
145715280
521844466
729861500
477000850
249078374
13685882
532104358
477970270
126677790
257388098
1050151600
562673438
79714460
214908730
361282622
32543152
150707034
909470566
162909648
58570848
193334600
737684018
196099204
342630988
904442
234076028
443419992
55480864
535641000
205140320
287198240
762455056
202831654
27356844
390211172
100977442
427410080
238880580
501670036
384166708
675330754
1002313450
145331728
503891846
420558860
927498956
3596208
299560972
318800508
253146724
932173012
423290926
131164370
502583398
170461360
247449746
7867444
110592828
446438734
879944824
97967578
725168454
699711078
230982042
79002952
350560
629040124
188266646
384926236
64343882
104890320
367674906
392820784
607318738
1067809564
375768804
437614684
445515162
134826442
65447008
65647390
99353270
144882214
244105164
125635490
79623838
617402258
287215408
541022878
153673978
771081102
645966868
25424560
91153216
376607152
283308718
41986612
243298270
639379062
21047162
735563954
315776994
210179566
89050452
609381658
54846576
12538150
157357842
18335504
608709650
563221386
128666516
85850
276283908
664627624
338924474
680136598
48092650
61972690
24221724
467610136
532613408
535485914
284046570
608195138
285015714
228757838
116009390
686168562
425841800
93375700
217782342
839756006
170354142
781859744
587985896
20599064
659456446
103647386
142513604
766795600
829658376
396108774
190021188
319146180
214314870
145979994
162873068
360692354
73275850
2262050
494366910
278520554
55596760
62055400
224089264
12667984
60141320
103649118
275441920
346739234
147851296
779836740
125428526
122292734
222250230
492160382
369128882
29339638
851495688
62652658
582362010
12633504
317237446
41069154
7929688
6316698
37077142
488453076
632513366
187329302
176723730
96165100
533484932
359807652
413133618
85819778
84447364
141478158
487839502
291079750
608471996
761779208
727814522
91228762
491315532
33221200
488083986
3365868
160839242
596386856
568825314
20012900
47553158
49347620
716091812
61185774
723851268
520930052
131592072
246141654
41743434
469507502
111052378
16880620
21557644
67476800
177252024
888183564
267676738
3586976
181473030
536085266
577603936
624315292
464607910
497290256
67106524
303985260
132075874
322805718
250051360
12272656
807641916
76079148
211630962
39553930
557813642
289898290
142118886
163446094
39838240
854943076
448150840
632530004
224978890
142771322
327199856
227173930
263355946
549388556
297614190
101617952
92505764
112153336
584991110
510055688
468369270
142237640
643812924
614491776
185164038
89264388
227685766
536180040
96148806
350227686
666223552
249369224
32384716
253039898
147254208
185170162
10046976
2833596
808567338
32281840
591992238
625069488
478103702
775466240
658529786
252620340
45324694
254666212
16288430
351340488
72134816
414745778
585521352
388700112
1004201194
224924766
19990040
271816582
355556676
257526030
382591620
545712006
152584158
97880800
4281596
18151300
554649564
658506766
86434844
538326968
211552892
80362714
335221594
37494916
87334376
83243688
852626364
471350226
553110832
106987680
148682218
133010598
4396192
165807696
319110300
10856976
259857232
74164480
998105562
185294772
477335666
187579000
798647938
12988170
232804676
880608788
691921782
441835348
6462372
644949910
10402000
7020488
775088410
776473110
111955748
141544392
1017415284
278490972
536642752
193292656
436320786
98925560
437090774
163567454
125603254
470948918
676762258
166134360
588836846
142830414
653587310
372936380
183432856
558642
12227776
105711400
272505340
119839472
67362630
484022628
740681270
45904830
1014248740
403047624
905254028
609901988
174627836
1038324
344478680
3582304
26650504
61714030
62401888
915878058
488038604
510449758
329144362
27700552
243748934
347901130
636627500
550188662
167396880
600584946
193147326
14394006
258840078
1688304
687349250
821899684
817967714
138776958
634863868
626038684
172689374
588268180
837843194
1166200
181037412
65539012
323481304
818610536
524203090
710860410
522890004
17080910
565348940
318042880
13689152
227956956
729144700
637682962
613294032
1113142730
789269090
1652944
611210436
636237770
228917492
3947820
895832634
268149410
669137714
389634498
57661468
4923914
513442782
746743502
13978892
57816
469289838
10879836
859731040
511340094
189492324
12907082
987844922
136572650
85189242
327226202
367141226
801134680
197954434
155397508
330943500
676107758
396929270
499389424
845349340
236924386
211191820
458245598
381377030
301882316
195073960
10992866
107776808
207584842
525365068
506716578
24713662
74179390
951717998
56219128
990693886
359860148
23313256
795568884
420770430
552357000
708096900
371603624
74971726
423457908
243701824
194545046
399137438
145349032
654119494
580920284
36244154
170556548
774467900
338614418
783658
282451078
190783826
189614600
1003544538
108422132
282896890
24675920
1041684112
227578502
281794032
255272466
242917298
30654738
450683874
56886000
9017996
146545908
3423232
810668728
15509208
265991118
740146978
130088198
569729594
654492780
329958978
445511610
34582732
133580536
440137842
798118690
39371830
619856210
406590816
198169212
29194950
191693150
899288474
267844310
132089044
43184262
406008248
463629860
711322140
252308208
195776258
156266108
2164352
285838846
877954574
188937880
836428098
291181348
12970128
249576
157323812
175789256
82862580
697265154
393505392
489139940
69703530
57565196
491345248
71038064
209113990
502420844
19614320
700941638
494795570
377245014
476239986
500547314
87352920
196365554
162316536
581944922
117601100
258467236
72235380
802352544
248965750
155175976
203752690
6263540
115403472
506620310
445910554
296663292
384955818
1031348702
493021770
91636612
440923692
568356488
54039024
2655980
81544154
93596552
160772580
100093544
464955926
395960210
573056
454722584
321260580
532451496
247306232
119594782
744590780
354654522
647520520
5450744
51000860
308974232
36625638
374308786
27613568
55031530
692799066
162770472
546538726
597687890
456529590
1080871084
241372578
237798606
172306368
100687126
284915754
685278340
109647160
291887590
664383196
643637062
59338590
782598538
359638368
864014744
107946888
920164664
485316168
87437372
389531298
683695414
212693630
372291142
721594806
326425112
519435240
158736042
272192038
370527162
296700516
717448584
80290610
910205454
72362986
1000519224
34073836
395038384
1728910
707048164
238207170
5355478
605045554
467095068
4856402
133988260
225610024
5466524
492241902
60049920
430576788
291946150
565911836
359678100
1003720326
57796804
817872230
23116644
50868018
306215732
64064664
984060882
353890260
833691486
29715232
57562074
657770798
83673494
39910486
4868296
407630996
602090884
595686634
539419722
283823060
68196180
525185150
46260
1010407554
547503240
848775340
386108882
354701040
629938602
345413140
544093482
735556088
15787392
520584982
76440672
198204780
575570228
721279720
408232384
407430184
541667126
733325276
667304106
574349572
22786056
378198734
21038950
799739182
807177110
453396322
78742616
492016914
97871410
197522884
450580098
458992618
369101506
60868050
930598822
285427020
269397106
12421934
374506056
17824000
62618858
785184160
455918254
528379678
51419832
96476290
419424328
246771944
803075700
404830622
232525808
99110466
321663838
497312992
840036954
183087152
25716152
40522112
788620260
564598432
417406886
516593908
777279154
489897856
157325770
200735758
295333048
79686578
454339350
407734512
983666890
1153081552
312657284
249656816
516822980
570388282
369711214
242645210
227780000
382202280
550377372
12754924
116779770
78177386
884290
93744040
843007958
535025482
223460574
3104532
599648210
57988744
682720552
21517258
327437090
12026462
72429528
616033998
543476008
808817648
797192290
56373702
1034106716
71389330
64087508
103248656
316793330
364329188
101781646
34620364
245535914
473396168
54945156
585464574
816668196
947828140
922442372
6600296
278704934
179580124
6230980
708302586
829366968
213500600
77833560
10791022
173928618
83198232
788385862
410355120
586377506
929474860
335082870
498235512
500532682
192959822
855754386
615998546
923313418
151964642
449221338
26782818
376828880
693473100
229429970
246756346
40042004
118251248
229691892
49941590
63512744
262088682
401650680
70423776
665683192
408809892
220481766
922427180
647956458
35725100
73207760
698883776
1784890
698428
10513750
118462150
6632852
40400264
177518600
132829186
258302544
587915546
634078146
1038611626
472173866
274210142
202653948
685452088
857096432
3894360
553719282
31162552
921596996
331446024
300328330
915647516
23579264
145164746
8943722
283840030
91315660
702521854
192010068
725246780
540147676
195203780
442163774
89513116
74656
536076452
735271180
354084156
534833520
765077318
410615458
284486974
63704136
540515968
535703192
524407812
1054839652
5455826
872995982
690649806
306887912
219149432
282138298
215439482
356849366
843155316
350864456
503010190
16872758
80318966
286262814
249407990
109197220
495025476
904415892
73740548
960342572
114242060
95396810
206302098
435723284
286127832
478310576
240632900
724860140
1551704
7579712
144166400
556349276
484758232
44573340
245643736
146984732
415282028
927810082
225245372
516316776
652571140
747533438
369783640
91682536
358081662
191801044
168180426
9035908
12765644
400362608
411145052
57074580
159562510
88920194
430764714
237474506
70553356
7569856
433607060
168065232
283918412
466872778
544730
76790650
11121408
27067296
27455582
486924730
61227374
1958304
403064518
141884878
178989102
595965392
656283530
416031620
488500390
462162182
337569524
518883160
555604008
963753980
358275368
151359478
24986540
245763638
222410780
623896648
47714700
24076752
176608636
578768612
125381828
1433120
850129410
57406574
227018306
505917024
21127186
2839104
757995206
141253774
163339958
7528192
45938040
69145460
182093322
40215280
176392682
197683090
23463152
501983500
753760478
85844636
467554360
849974790
238056980
651635172
609797932
721220060
982214374
56800040
19822240
310850080
311361462
692858906
920843660
16969190
687178502
185976180
2257216
710095940
1225124
121402756
383040478
678373378
1236348
272066940
303851904
167849372
552140254
634214994
246585600
821816188
264033898
20978608
128692132
930878084
585016258
183883920
282528722
490069802
636708608
79087770
525419274
573398586
143805798
921852314
67313234
426416952
660260062
49306622
138922328
270968048
108766268
617300430
68097432
122830182
1176666796
45950750
63897822
204564236
5233602
117830796
524885840
1141187572
349396632
623351786
321817994
376251424
213088436
142317422
132339920
63725884
580651194
561051486
439116286
332511844
454351184
968696
557232
260105994
795580478
652961246
498887838
286685196
558283266
242427562
477108482
10988618
534560236
241941310
86043782
2893288
673374594
287368520
11799426
432106278
122467968
645280820
23679068
195586230
121391718
526754384
49571900
438438150
154466436
422240968
205931074
696826124
88382150
281674190
758689920
220544820
422454608
169871238
150472550
345853932
277020086
433093528
279307370
545894310
63415160
246964580
76925170
3268250
278929248
697947718
119795008
14041272
650872766
318156734
912139702
339506434
158417804
658056778
842296092
95369266
200434520
166916566
28261544
887304612
284600886
686138282
405207828
753575530
776251846
83814500
308005004
22642750
31800614
4054232
49361060
58068706
45914670
5063598
86854394
50568584
144660800
682823500
5625570
136416062
37187428
869761516
334198668
888967030
704026348
1030263520
318892182
216167840
707341094
17849800
166639540
216915902
151397722
137597440
135272586
54854418
779720550
197604280
698486598
130482134
144570172
11480024
360224310
38707182
231332738
161259280
18673850
3843780
230494092
600257604
304095312
7718108
571084372
313538140
3714326
453655764
122878650
34242586
27981056
641657048
906331402
76824374
529136006
2985310
3136952
153608150
11656060
40028970
408047148
604573806
8084282
106889630
172233038
934921598
613116822
543798810
815018888
850236586
826299172
456412362
187817060
63136544
691841176
306650362
508478038
515499744
441059506
498375910
950234054
220282354
961118518
74264632
380467464
44328390
198244110
38136800
10206440
698957532
313028156
817746254
442132942
58954378
183006726
33933810
414443322
758576
43936132
425258656
324120960
835919818
203250690
692245802
101846934
835131462
93943920
506280566
205609034
214528664
150781132
250804812
428404486
800710990
728133476
195000888
520071004
68781650
10876788
117490454
700818446
901464032
807284028
823562330
654051986
599824704
5732060
56125110
235876730
807152964
174408960
175980118
76234436
175320826
1197047346
238336900
485300820
929152
742151730
478846812
727590894
154342408
631621224
303437150
161890144
577593274
119641032
646508562
22474044
193174910
1667492
228428950
519840526
706841844
143928880
4645696
216352608
1164400
135814276
71831344
18314790
71549960
133944370
381943600
865546408
991320016
216733288
77571016
420163232
163312022
724424484
567555502
425365396
42552400
743348656
303695868
85480584
276186910
46175840
416370968
47292638
729777532
205184548
560313400
719532218
568538894
485120422
796675372
374189246
403763764
104863862
608340182
8827816
742684130
1044135134
516002232
274446804
566316568
16833362
204722636
90520540
9140658
566402920
593651864
26171500
40614588
266714260
29651158
14238962
317160944
11015218
456915420
197618522
48648766
300162462
753216436
262317518
290036286
745707750
483090160
982364726
50238252
176386804
389305180
319535022
302386616
5975632
911192758
52178
7387124
533483270
1010599554
524527542
235702506
2489344
33617080
667484538
21532494
789966422
586986724
22211238
276440690
618570886
87979250
12400960
58376744
432072858
492140890
676082262
113940580
1263646680
265107624
507758408
430198976
24609832
633965928
795269860
962166142
424089638
567741794
373300038
544734330
47036750
45462360
3594096
480090980
718074266
17145640
239260060
410621530
526831842
800013208
111632800
71981610
52884686
831267692
940494378
139831552
2308880
663463992
560010302
96109652
3202640
34893452
47008016
186396618
37763840
825537470
321959702
96305310
289958588
388603120
223634172
1073192866
837322768
577393478
30585464
100963024
439131512
347739732
860080398
108332042
423867322
101758150
287335354
656785062
345172552
393474966
102764300
191038840
679181892
175644352
298149064
34667930
329837104
189576006
852445026
306929100
311733004
700873878
80492854
33303534
91908958
722490418
450024880
696175480
782503962
75699202
205443546
58007416
160004754
307468394
381709086
141315920
900199196
636171692
694105898
952544406
427491660
177075290
685091860
22541760
593039248
502739890
470019402
720831598
798576434
55619648
181039924
261944038
538287328
211166892
106799168
436343894
623918546
490431414
152217456
713588678
138715190
462999196
608524414
684523664
436162808
369912104
6881376
102836960
68765268
123886444
561769550
681739736
150594002
20454414
681090594
455328392
9581848
244018584
513436792
258508504
135325740
124142112
21494214
563459316
1035391720
352037030
38209754
583735914
562560340
217003940
613392222
20622892
309355850
113237886
434039470
371871850
149565656
427517778
875805846
446571680
178258054
172958186
190442138
152745204
457091538
1028028388
203059910
301110444
974124392
632677344
78955618
209793600
698249232
78682730
41887510
428006438
6572416
102966902
274965124
290269710
600715056
787446252
244523308
68209284
374062692
471852298
340280472
12
595657076
314050264
161592400
290668856
537725778
17798944
294252862
100033892
36138060
9618312
273461840
269854940
30237270
361788518
637003352
703097144
244283430
1027742388
186324818
48899690
843946746
904166270
473526822
117063454
121254378
655077552
196014070
59658160
821252450
271416222
10502000
857821690
832591372
724525328
537214648
632304432
95980720
177854140
78732502
530662426
52631820
220407726
290778076
546016650
634660048
31957980
139075200
851813496
699381972
827471120
110066376
416361404
672568384
228115446
3781432
419208682
177470290
21902326
470466022
450405804
83416500
52260976
960250176
377002890
132599818
384480848
582426360
21750720
456441162
267808134
733637832
1190110
114719920
34394810
505035144
235294302
55149352
407966992
132318124
1088786
55193218
719579120
486581130
59983498
68110536
15894090
581624680
307686
130318460
103109416
486717140
178359664
282680576
387983180
39794950
1027697718
18695696
409386694
101815518
511023152
81405512
521950722
290377802
837291202
302309410
51895462
41676756
251614350
894059826
174716160
435268
702803146
39765700
427313636
381467196
14755702
508058704
74261766
238517156
207128632
475073536
861587360
106654212
301775518
920067860
198185984
573962408
24510896
546997430
178210944
705114578
518281832
145072368
20890990
585298268
437561284
918811858
573349782
312360030
501673378
414934432
425415708
340812828
5996640
186301336
66771086
427788728
205655078
838946226
387683550
143361200
753448390
26619362
21902080
107815068
229072824
418498524
149821522
342801620
415959188
477345404
27029946
493864286
805287488
78644812
351812494
483528356
462724804
869342658
27482088
43531106
912366854
650498442
4827690
451332490
332491824
849685140
352019142
774159322
833755166
335997470
1020971204
337709628
668724874
212017180
498534248
282776574
280417358
280703112
556168244
211072316
450563018
136407912
376521966
587320616
36522180
159188812
595335902
38332502
88848870
338721420
753886
297488094
515919072
152344542
237102968
320025784
299936224
523215044
182145796
61508462
60371402
240101352
224487376
270860498
75347540
383176710
7119860
112809670
903162246
225080350
814038138
76819314
802902134
251033592
474667772
159700488
663050160
378100680
194537706
330276000
453932824
780459994
267956160
427072368
232264910
718730310
280700646
7725358
1030530658
662671438
682488116
453034668
917242100
603540830
378944564
170984156
662316046
407314616
69016388
139801116
951922936
640521206
154320770
548704394
178571518
1168840
408925948
109890718
672824084
157158222
901491910
795951126
158152164
33914090
479196904
23267440
348728600
48315072
390105930
618462604
61504000
361667878
908374786
48768982
777195486
59483466
233969580
115240038
600840174
136881180
728660698
168382816
174348858
953018916
119122300
177625242
25758642
360860320
17449852
55626648
412152972
384548944
594649332
142961472
133230500
632961712
338536982
310318286
159123408
29824524
44080
84755072
731169056
853096764
109455050
268799866
4091976
358910908
38330572
576807550
540815750
92236770
350806828
109279492
217233076
20430
184262372
58844794
776636654
399900648
561675902
584112900
296539756
214278650
388070082
328081666
183534208
273349988
281097084
128737362
8390048
160394
458135030
556444688
77049830
783168314
877401524
110403700
7939036
624627960
44533650
66348752
866847554
164938716
28524696
21501676
11175424
33688500
360870620
222993460
156337446
627536720
364926800
492056786
488894716
543902458
962491574
37968896
838937018
234675432
39484862
128634210
513068364
307654174
499069972
567653744
542712842
253282670
147775024
458236520
759506142
627616870
219269078
68552862
45242970
550897780
236887970
509750284
73261324
582761248
545890220
985596244
161609490
339314868
480394486
121979048
556642716
610178148
818365576
6669504
661287830
396151010
184778756
45760510
563886668
141676948
831621920
1109339872
344858382
221503834
395095946
354130650
186863750
363181690
864639754
183386698
246676230
19402150
234572622
607410300
409510450
42173672
10306522
137446472
26699712
315224
494472124
12806916
50618290
423417910
1054016928
356642372
606159450
45861780
680556866
348033530
771925586
139739300
971797754
82038186
814404126
988860718
67528128
722752000
656562802
40281920
453275350
208105828
71396882
67504760
1085010
31597170
32702588
444241940
15648776
375371194
122910932
601408234
340283564
431448388
126974232
159328394
71925778
24135650
468811300
6140890
549535522
1070988840
251415036
282441220
548070
277086696
84138714
547557834
88428270
81240712
63539980
554154148
123378368
259976022
8712500
2932648
272674790
135761936
28737100
423786444
120116302
425163814
205363840
530471444
5187270
3501218
628047454
109811528
547121064
288890566
480583318
815575736
8725628
2751458
263263992
367606820
550248654
484053370
9822370
190616338
618874520
56155590
170810520
492706046
803006922
464528258
609670552
204509380
237147382
155519514
974784450
26059266
426180608
50829628
70123276
602654990
67975668
96490922
107992116
456695482
1066491350
317003362
510103422
159415640
64392052
201995172
949579324
55074994
493241302
127123902
246111194
787315046
149771680
308408940
190593196
23839310
390626278
113172666
713835798
686451160
48113592
9317634
751393808
20199296
20182156
175518720
579212584
903389968
584249678
218013506
86954324
57841568
127096986
31701426
851165378
330393348
791926614
524495476
57232812
1621400
5141730
911960042
634096316
525009654
537869774
641924240
449167616
132114198
485964220
311139256
999683630
108688580
203451858
20264608
489746006
502797206
340643640
508520798
62977856
143828600
300295912
77666076
21762538
34899786
500550492
557488836
42824884
65947024
816605334
872592234
352340268
82243556
483789500
509276660
414643048
101003542
228886486
14855158
19097868
72754110
193377186
453205526
321231144
161683090
254432750
853153968
83497500
525358860
222950254
455695216
9215518
814061058
639020530
110561802
374247570
17611502
143094224
190684934
691023392
774467698
565784910
140141344
90687590
758295590
500522184
10294750
2377280
361694238
717600930
161219344
916763650
513706474
237052772
58881290
52505260
46828302
45392678
1003026850
130635688
693367906
95235560
586418264
537029526
301112
90618200
11056278
162789854
43978164
249883478
484577500
169116892
803123686
358146150
920528
423373470
414041048
386946840
249028466
725519430
336489296
364516674
1084263098
340661410
71216204
885343290
140821334
15729714
164221198
44523584
111553772
529736
375263280
11173638
277234580
676171946
114071362
231080936
600212854
144908300
762371826
65886820
546159662
30542412
188600678
116445990
528147176
646338434
814677118
772809230
130437360
163446544
979010298
15519504
88346450
640856672
593544272
211086816
901773528
174175240
808658930
549909880
95011880
349541812
985072130
462251368
241385680
139157488
117959866
525109764
41289468
465267632
510231134
36388800
79846352
12571780
466801966
685603138
557595056
622464754
558165580
476478444
87817426
573215820
577352526
242788172
76487328
12875256
374444056
635122730
562928442
702678684
126704358
97614610
300861372
275345810
203330066
402691624
332013612
34527390
75656496
530165764
941317338
86294800
319072232
31485312
329548602
490430634
658617610
773221142
152749604
650281348
577293062
25961104
689999550
206308430
24741082
8856372
523983496
502425118
836800020
330019776
358809796
113565766
613888536
139350816
5166678
63652382
775813780
132599312
535597010
601452164
38504818
427131812
837858712
163159388
157763550
147727246
445305878
15213028
199561534
327484564
587724002
7285042
721829972
16130670
86145488
553453520
586332222
34863438
95588764
346758766
6092170
240814974
5628224
211182912
1049049818
404927550
11710514
265609556
110808214
604517952
697707236
11419682
590849326
131969248
786901130
35401904
544117926
156550220
1049064438
311858428
124143348
614399006
268907520
48332650
57276570
491488190
384412430
503832614
551583802
33301056
200147720
45742880
501726992
178637168
86373924
295683036
152401070
645889860
251037992
522351598
334499402
172447044
1273378
320954324
941824884
505813150
170171708
9177040
197680474
164508632
53334622
814134802
749650090
14087684
234017228
121998044
343880418
116471170
164102680
68908
516098880
88308904
420513772
140004432
108956278
457741262
133687110
670300
660653460
314951096
608380392
125824244
544600780
669942078
466937378
885557480
500486510
878334740
325995326
24830828
228108898
352955474
156469332
642552766
101675380
504812880
535572644
233872788
210199040
246811632
631558372
902190246
104379312
484994876
1511438
132625290
126511568
480725058
468784912
296417074
134832184
43568236
337638104
4481544
942089544
315759276
672060816
111362490
161010112
185198650
773678406
406108600
466751464
734885000
855542160
368458876
278582984
74990264
570256800
111394706
120059472
442527782
211131510
383396722
59325476
366644958
10847578
58219974
130013380
735072
20548160
652528024
746325216
140880402
470793828
355779126
794845716
31681878
259084240
794616512
85714440
71459158
39546258
216250882
389426166
362955072
177785016
45790164
1074246754
154128656
93884924
348410178
31020842
235401940
22219160
4050620
892406950
181152504
36672500
48191734
243776440
128760
279723928
9537946
669715618
1093467368
78986336
455995580
469430020
301469888
355946804
71712262
171244780
596104408
210568642
920704364
511021840
863538292
811368996
24170980
636908412
896664186
432433260
120772268
228016126
461489982
222703336
433398670
1040588770
81168912
74903488
620309268
551465530
40347776
16280310
3170216
459837954
441065034
705835152
791317490
236505912
4367616
350025704
300431486
929809394
328431160
152327872
663793150
21973440
10339750
633701264
135807028
363051092
670682660
20238296
52836544
61601636
379549876
88098908
21519166
884733844
972313906
907971916
33364352
705710674
225676402
772422478
555352
49435676
4850194
448282536
982918548
544753414
108018
124533334
249468000
523712392
90243210
103684822
246081792
274762636
14575680
661371908
546126722
657994504
521338400
560471102
269600688
358121114
35441760
685865242
312423696
131093930
58425490
609733400
2284550
1059080
65287304
272566752
532897298
240553470
930483876
55905276
393009542
409984950
253080490
330756150
119361764
217234146
452394648
261557630
162127264
298383128
522047024
227378050
28474478
74797346
752039638
467018228
9951436
1028932866
42029994
609142428
388458846
739660078
214646032
50819368
7573888
462702494
22641876
209095908
144325910
198224940
5599664
10418250
12304310
22547916
93958436
39166422
200141606
188104854
2387160
777418254
132087594
812107178
296884538
575852860
473699780
252164830
589920582
453012402
10622640
85955002
122827630
22479552
374323400
505623750
148615862
11265280
727054110
363090692
309077934
557419096
714950020
387737324
954458100
231050708
198083058
14437096
561711074
216496380
291177746
224050144
7756772
206184722
497802158
3935906
405879856
907365204
113059172
461390540
695713628
323895200
224962402
32785388
325144278
1149760
577567594
154664012
3912180
262212386
775132554
9454110
860123120
173844606
407309022
102720648
302467676
812106136
227633842
174693370
473942338
209310990
300422574
462899870
133210560
376832470
381406040
372392100
223526254
35292524
34308498
876714190
71718920
1482130
156835938
619051718
538072100
34499032
667119250
310637964
298543938
850672950
39095268
119897908
563895178
511401522
165299450
322052656
27113392
20973868
45622674
6256390
816061660
763088210
201376540
176424584
139608022
72505430
445238686
260452244
352703446
93596880
495846416
912808628
136979882
167101134
106956272
389507728
29249816
174250242
300030992
209118000
172062380
538234244
712082022
40755738
308663486
365590788
588448068
131511494
49555940
463402796
750543404
85611348
6319508
662088722
256172552
108373718
60952556
268173070
707613362
418445154
514448920
132245950
367897100
344486760
764210684
838017226
10434250
657250442
159702120
147033192
218574400
41296066
352096792
443574676
111899416
263972264
443275968
175188782
592972098
544530232
281704864
6317176
319135980
95023488
19086708
384406760
47796736
421458448
96502284
331206848
18966288
82990500
153775686
70105208
489281148
658027112
168075282
202525840
513292458
36128002
218493688
63250916
844004778
1083659768
415705106
1033595952
382287960
29964
180537396
67191142
910511900
170825260
897000424
26870352
730890706
85464772
84186168
5810436
73786240
942454618
851022790
556558114
648425048
92297240
631746728
169443666
347032770
38225966
341742952
259598680
651026198
102284606
663420622
7765586
173491040
144230006
245787038
722113938
164177870
76906746
21603754
382140428
294021040
414868954
246008266
544545300
31564748
83322392
216982564
254394532
704976614
113264746
175858780
205992954
286314536
128247954
749554772
364300440
415986500
1115516754
734803442
1242159692
21192224
278868746
18771938
1189506
105887718
20679460
964715714
60003776
88733566
107030230
783976
134078910
779874704
251367520
133610898
2818530
259710814
195241896
419902264
806713242
262428050
561769142
292869150
256712456
459923878
186006036
247051340
378958060
29641490
193209950
5532772
673124642
891279486
738677682
69013086
434311232
497678914
329350908
52374360
89404716
55388230
251454732
269014194
18020800
454439846
648862628
57563162
901197742
384708588
382828778
261453440
30904800
385909308
306130146
366573412
277453066
576178508
499901576
133600968
894095340
757705670
51481390
33983616
653370212
211475006
61289392
179237120
437999782
709245724
43055942
159098260
248801734
671485916
199207056
621025308
44542096
12683678
33078210
677976544
188589280
867865078
404241432
227826200
12066672
1020551342
3858900
115501364
1175320
70005182
369342522
479396598
54569106
397674702
70191346
63604136
14086856
342531036
485866458
30983174
707581330
394129898
1023336822
489183388
892446394
647424266
451365440
833421100
27050440
208258672
82079744
302083150
117839036
339050124
142133250
30720414
668560274
563617712
3215072
102468552
278614702
505418558
164890726
69597066
518754456
556545530
510368098
1249656276
188223456
603079550
362989402
7866030
449917964
34663816
905833082
137342784
101642800
555780274
232896196
151034930
54511000
871657792
771093820
328396582
672319966
284063216
117337096
213711860
15194284
390420012
376363724
88521890
502252186
571637152
223947020
525044968
5482482
529088202
1028371350
496673120
312122566
99387230
441414646
909791928
91225186
687097202
825329816
1059735708
262154350
620175662
869599522
383215256
39918268
396103884
225596772
412987900
94331316
1019301168
634991200
338182056
297324240
196899208
158551722
468572712
25896546
182142494
328811192
613229040
228166372
30070252
592912134
616338674
96027138
111006860
19848990
34684386
257553838
742322826
22783788
570204230
228798500
21370342
256579264
788340508
149598048
173245710
559251750
781188180
9343964
83509894
219966448
408064240
53178142
120470250
563759512
42433328
342872008
148166508
859228518
27593154
399556968
13899126
959520528
282746926
146250436
328382
17234008
860461042
690033478
17868962
276450450
559053010
176951582
274612368
424072664
214932916
32956240
213020424
135151006
252238678
1705848
201310280
135557770
706213458
769648116
35352900
77524626
102538960
468123752
694306390
254524744
182605028
9581636
473464834
274935580
336352984
318011116
448220290
38516238
586370900
430796736
730723612
116553360
167977384
11112448
353334700
20162390
100603938
648987328
774752100
656146714
720692214
214693448
227964530
546281736
295281506
161132492
733313536
647505222
330974082
245770552
245806210
36426490
420387522
18148000
305179350
12720252
636623538
848267500
165493260
607518706
496727546
77325650
611139080
54041234
515908752
91879648
352566194
735765068
39551590
498585088
134750700
897716202
445594946
286678848
737124490
97875536
1637748
39802910
814386924
491223630
8875972
16060660
494153274
260780200
238782136
253327672
1026779832
523443428
230982870
524055826
828985076
28008690
139527168
533311580
458153280
354150258
15303624
624069036
600889118
167665862
268409056
606531418
661136246
58508772
860100690
278410290
350855774
8616894
184659252
211146858
528732712
680233418
236149670
676606088
605192694
560888416
337782132
4840210
588608
2146462
55581280
914899198
442341328
438882678
288472744
1998192
475008452
211967544
360747006
426901228
102189184
703300140
206282658
296669434
39683154
71368442
610008
507494640
543158720
81397566
481656160
35721000
667375878
156310740
664798260
445202996
926473354
274558834
340753538
31555016
68547180
253587630
252602530
163330884
967946112
297970212
153256696
762408056
544485458
311870
26811064
524706570
895117002
104816880
959413248
29791680
792256270
32663320
539440382
146661984
809651862
473512372
612100056
286059722
130824482
585547262
833480910
99777066
663127168
36016924
459979892
2544568
950470852
1761202
156827922
38546646
453246668
373072592
224108752
119539280
833151450
65240978
12067608
613937062
818093098
286864592
80719600
267955424
751806244
617732020
514172136
311952334
647901408
35855316
68917510
25226656
1303070
6908202
470407488
11101696
534869172
387684912
714057920
397195134
211391826
689839892
14902256
139228002
489868094
971098610
745568860
532593014
8413944
24080870
11582278
504823312
641493662
570300832
129447544
31451456
23206636
925070970
496834914
590797136
606494074
147809880
411107780
58925694
36228402
241482382
693107202
972778990
925613820
521257092
1386368
284115206
321210020
888904482
558701122
765146760
272780026
402194574
481463390
74405962
403489228
37847168
181270506
3005098
707842268
381078844
513301508
238590292
642741610
217122480
104057060
611912
353691804
303482936
751506086
27629830
523203856
51121548
9108560
152888866
73625624
412410462
29055500
586888520
537910060
92358960
397183468
448894470
70787792
3910920
55537680
120215396
4855238
993316428
556681742
179903300
706998660
613706820
3324350
213397284
642706942
584573338
733739134
406995290
749554348
618457018
697230236
67027574
435908038
5892630
281560356
510291006
189319754
500957680
217587480
108530074
666683242
471178980
138692052
436841822
42448650
747569502
636072968
84719026
146959586
290231986
601564782
247205894
485247972
348609302
488123638
84799004
109730130
645680534
271809960
654004652
27674464
80847730
638809818
484213360
121895152
39593718
559793288
49060354
501515674
307680342
107042500
458088668
545543420
682601108
63180776
7631794
225845586
583101152
258669988
439851312
568093792
102706632
83176104
108999898
44507708
501862880
708657088
415090672
36234450
570716020
588437432
513389470
318284226
196003524
478906680
113833150
120679332
599021990
248411040
44483908
770780570
59992468
260522316
397502834
935610914
921086068
188284156
666902326
644908120
619132960
499096432
307189940
401337860
36830432
257177622
286582410
70074312
61569552
543800084
60360698
200506210
75375288
315249632
637926820
110834104
559368130
484482810
604186502
93637440
396475710
345307276
375995802
105545266
280983250
242553538
20670608
148386156
303928730
43366164
724933258
405047066
4653184
7389214
268060738
1103975414
99191948
206697116
943037362
30583592
282444110
531237764
511376234
207704848
26796498
158313280
384760080
370403730
18475756
248164952
319399170
70131308
111828078
853651772
307652454
49816678
87160100
13727400
845195880
230295716
450614064
120436516
616695472
63676040
800443828
493872584
172057946
4207528
395629984
276538146
708781370
463714174
314515426
615349420
600749992
56829114
335682876
190833280
37438674
28017610
223192010
90982626
151043930
80912976
606068084
659256516
354567276
156938436
471600752
417429282
51612110
140652990
797773828
64183886
453362778
66049984
170459428
241739860
446754524
872651300
1017599988
309051004
403187608
575037996
543856844
290628178
202021010
221727876
242026576
60591998
111740632
976618710
1111484110
237250192
640379738
369210876
204170102
100432622
55673888
107542726
706998386
736542918
635783380
840525112
260769976
710669600
139755400
436302144
177558874
21652480
262940386
930450122
457301884
423567050
208898914
453439960
10364250
612598
96669538
1019041370
299879300
1060171780
267156236
352609594
368872442
45003296
12979530
171669332
203126434
9628484
154821728
99149830
393579992
5813114
658036990
738885750
513668576
382223340
736393286
48688920
153697516
71568590
286784238
74330270
94022666
115252296
90836394
20517388
198109970
170481334
322263774
71034780
615591882
386059212
45205950
43293926
49527380
457343276
476933814
322371816
815016088
861193882
835215792
320376782
758251872
852778346
104199586
115013450
46086460
475582092
25733292
136766044
21486900
1880222
241791492
134858270
109455602
222118864
55154872
59640534
448765580
510514282
59071808
123840072
980416394
599319148
172950836
375587404
39075868
210990348
454041136
11708840
864935490
270766028
474284314
207886114
10162666
402157182
535986318
94761444
397683684
106586400
40990184
306209346
40200426
595840206
650942530
18021700
11559260
883389956
210932380
44656908
299820824
174856768
712257326
308214888
290056674
89320448
172324378
614186302
161050964
173399046
662541762
98536056
68157020
125554788
158000158
19497016
9749808
55460388
147732098
501179580
145147640
131218194
313809174
368799324
82305340
576228360
52909046
262330012
2578228
22392212
167076074
928672440
47241376
157699032
410858608
1027444962
773265990
16408780
25824552
127672548
414486244
299883536
507659282
62099482
51290542
616254072
307898092
47997248
21480106
494787240
94716540
911790416
703162060
71930030
259791082
735540248
93678272
258527866
608756488
168295430
406743220
116402334
918339446
328950038
696107524
563462758
25374160
3430470
911600986
700249294
84506178
637588878
61548860
496657896
119753180
299557540
131506828
73983108
1056422568
45336688
468160
74010350
242260740
455464320
24390712
243643456
650852328
5703092
71626100
985396632
575476668
213486574
509268622
155514016
228684652
574399990
159741418
98977342
984603986
297178636
35692314
633375240
10944370
56088666
935355058
79920706
973675772
846419996
76926672
772335346
570095840
66532354
372769360
132194240
753517286
319906018
279547792
559792934
720121570
254072860
546513164
576158304
30337994
156475140
633337572
860259162
335973586
995176842
297161620
291487130
617903634
43480
58857296
675886842
738988136
173694224
845225108
969086148
182426510
205657770
504930586
595455154
824158186
927121604
518058092
264163710
193880382
232265652
534395938
842910448
119500382
6970114
50769166
615210392
970747148
323968162
200718550
563676336
25669748
903014902
285951830
53068450
432134366
992571336
328805796
319468632
144608000
997183030
77952484
21067466
842802908
647572930
13477370
337633014
345449564
6667524
146503084
441114360
142489672
824361932
68565292
81809024
962807372
272454602
531557924
159979022
123935778
44401078
498643162
443413916
370282046
97187448
124530870
633515092
5126974
205272132
688314910
41458956
812074250
108841920
148871872
80071560
244706604
178004796
793247080
1011014660
342351190
42932400
965362640
12560520
94910078
569145908
75143508
781561318
626450986
96171398
427085434
777178346
384287142
13930812
139431104
224190208
3595504
191050522
252839526
9345556
567078808
64960280
32458832
607366716
227891902
187928124
697905210
32355040
928318844
34673210
391953768
274495688
124985400
290463606
197280114
568612926
248559620
853421070
27040808
87111472
1013158050
591765942
408712864
131440812
209399538
245422444
512818860
447842216
332428304
765460294
263795360
944393066
125948686
219535102
37615372
187954336
262432946
417178374
47443710
523655482
38240856
134968912
109637390
586644460
168319426
250702634
10297140
178334176
97464530
119234080
88386244
5416024
121393416
76169032
526869050
254204244
967347502
342490696
286743938
535795016
280665530
89454752
741992794
149666348
137134918
316481042
155871136
828302572
671773040
27368792
452061596
334058810
661275000
428177934
752379130
56658360
38156100
609539562
716678834
8090566
300097540
36564492
552081054
465515940
81290958
694640150
575855668
56234882
87601956
8517678
66382736
354344120
124829848
629358890
120412722
655641212
29450440
505826908
219362162
539299180
46746344
93099640
286406860
188572120
588259472
194663114
356202500
29252702
83768960
351009450
184755272
40468510
264017364
767646122
40086704
890371166
305610024
648687252
108173156
748080530
336661918
85344990
91609264
999838746
124742904
186929358
11136512
274740118
244543138
454647854
859553490
168254832
755423052
908783790
157535362
1028148100
630130858
10532926
45948432
915310408
258389340
440737626
228089256
650164338
635191344
436741784
93388664
531881882
225380288
378744706
104794200
5393208
91192646
434394196
645833938
108329128
313103488
140275128
622656222
134665680
415953862
27717368
56876160
391349790
707344274
1089401090
634575360
86871502
146033042
18495990
348094112
32234020
313051758
713634480
467563058
56366366
300929598
2805246
69174600
38291020
88140410
554083500
125167588
1105821020
725372696
471594750
9732028
354719520
810671978
652061278
501842250
68593396
41444700
591618812
267242482
3408
557783666
128861054
1009796830
688078228
606913630
74989202
67202256
232026108
973256
203483296
470454000
274344630
30928654
91909576
411133116
165848598
16686340
422024694
514863666
140497640
5119030
621543508
626103078
41866814
38382084
311078290
278462
8535656
68212078
19893010
329548810
807695904
254602044
180438086
157276262
551929748
725459234
58801978
12012
702706000
232969088
3358472
641066216
2239710
194196204
3457528
269248342
850596390
513470890
589338398
4972980
159891942
652108548
351047162
259797512
86539410
452373808
861026118
54078610
814666486
648752344
563269744
335638208
701558620
896680878
251502712
285368162
522749100
820984766
279292598
53571114
13988324
56067212
140238606
402377806
707294668
8267552
299719540
156742838
29541938
11704308
408522506
66213728
164826710
34045564
34231936
99197980
61330862
532430548
19362420
41580528
311432850
206520024
381759960
600883150
249911364
1011902
275840690
119889164
285286910
327396898
997087400
68083162
563081414
95729444
277780090
707293392
417830890
313483898
123303450
873717886
335843270
698297520
747846544
19927846
152701766
787793712
431270018
880509212
79048328
604452882
220739938
501640656
19959910
329407134
249023486
299737076
180416970
76518360
77369874
163908888
135918748
341874256
34402684
767227790
220607258
110487898
425574044
322711646
849832960
916026346
393489604
409379582
515710926
64478030
184111578
29404704
458333716
438413048
8577816
421706990
165285860
129308870
7872348
576070130
214371430
601000046
175651468
638167686
12819900
313201920
225103954
3847768
538119046
645973974
418246444
74063302
64161224
206548784
810858874
518991528
240176138
190495604
135832312
536860520
222453472
633897076
140857448
223981278
230481040
169546580
180744578
164558062
1615102
622864608
113536206
22817160
79814410
182007210
317384890
659936096
222727862
468300442
687722656
242275374
109529308
1228518862
1060956738
386706338
650290220
386273130
176839294
1384064
178525172
239155190
597642546
313304592
231404912
267795200
75102482
162314334
433035226
452706836
30209044
40996094
520605774
1001384020
350620592
160935238
774965168
20011120
354340032
68678
179485286
10916666
765699246
87274332
722325962
547233064
620228762
248865228
216779378
131457912
342029444
684668660
1115014944
586390044
495508058
43126562
58194784
480447756
380311174
297294614
359930450
108649032
7354712
45223728
394082870
181645362
672703370
646547552
9530444
500097798
685218818
70620248
124619238
46392534
873138676
112490366
21261268
347175560
777070790
386450206
264746866
365456378
172808916
393767186
438055730
364213358
313983140
549700170
363173008
87717376
77798912
476639900
174287466
500679112
928661684
15833472
16552492
108368180
887292604
463907774
340533732
149393848
495807408
34635392
883870896
328796956
771761512
53122920
22832712
93233418
247752424
191292062
609155378
478615018
195703348
503567910
492306038
7838260
374740
642233000
137332116
94265010
722555006
12886190
251196628
328028580
330754920
143821674
99551354
180619502
270697960
14686546
433281092
178926392
68784646
133536160
637152558
121923910
539410354
172500518
358551014
113330118
115183204
686579512
129230230
100892668
4966444
402986032
137919424
73555218
884318930
191060950
158800600
118338654
24257580
71990716
890126096
605707552
34029870
35924490
283536240
203929524
887914024
228571734
370055328
400459340
889070488
35907582
965500680
802868888
67608750
513191002
6553322
468853398
18390658
132831384
554430370
801076064
14996572
200750760
295735708
810884316
41245030
26693394
625076464
102659566
64408082
114742
98638496
163764536
321981990
618450270
488153980
388011536
348683168
186396104
540762370
28377222
979806232
13081616
569577358
286961790
349967156
1019992402
125182200
531686130
279714600
61028950
504014728
142637576
122789288
724132184
170345948
331865588
152467166
64037636
11210240
70154720
1002724590
105484918
4187472
901887690
529663718
694088546
520279134
305429860
247962894
2086194
527447758
484516666
232471282
156074688
92426418
303131468
711527736
975285724
586288068
691374760
639130632
22947466
130027994
758237398
19038956
412013020
27287112
228240288
138261838
210955572
366570860
105282036
392375082
50953172
555691958
754403056
467613118
326609452
864481232
87255540
804344432
19315346
193942830
80899308
36671900
330535424
351164288
33530510
861087516
836245974
344266402
978076186
275457908
55515202
34673166
913589074
321866526
362635430
465825414
553136164
743060436
374997472
315472546
22246336
523037368
215559306
492921598
97203110
965178320
466244508
806053442
33223006
688725800
407873240
559792400
88832942
725389430
772069868
122298890
752752
680205614
465659736
4211024
432389424
82804536
82434106
173065198
663601768
457100168
876596606
159325156
9345072
462357860
299166816
84946344
747602530
923961238
516774756
43936212
1029295724
569836624
62001872
341860868
1062154050
40619690
2898208
21071998
306995224
337034608
60120544
568993800
22580078
472916748
1008674180
256901178
26671326
302114060
142240290
290995066
709796458
729263036
374205134
241845492
510582136
389765314
141782610
567852152
336561188
645419694
57231928
383202546
201489636
658879622
472097702
670000
61561340
335306162
433571540
848635548
68936552
143891862
645440750
404054928
261754400
32943138
21110696
136196800
721245770
1444550
539538248
456548586
35444910
198028278
75951784
542081916
739380322
637690870
331299408
620927330
286409162
673649846
621158150
318658276
634949878
56317310
170421736
94122330
267958236
253398062
28320704
956122180
191149558
407907916
213073386
47494632
21659780
45945770
193392886
165473638
3576270
1024348858
25154710
73392952
572180952
24553724
108559172
382945558
608109498
452168240
444812814
224537720
509344156
3535564
81163352
559209118
111198316
604992626
337039720
120573960
22546944
596257290
66298960
667414950
45470104
160956828
99691410
12230230
96125180
22080254
31969478
17442688
752932632
79181164
742947400
275157438
791668170
13899560
442741564
666951096
19204020
196979260
427215318
92693000
521720080
269506136
497211566
1141139012
787471080
3590752
777997034
701083142
126695122
452603232
443239532
49837630
717344780
152230308
107654708
411682054
295160330
19904480
11725480
471634902
17046506
176695948
546503038
897873462
661519778
153282358
477830546
174973390
1196210
549693118
492659600
62652000
924364352
71169630
62545770
56827120
292099798
239924228
713352192
363842334
206011440
505710760
156581840
580677010
23369672
5822796
714628090
71878530
402905150
483737086
30079152
917262620
52468840
308101794
175342580
670532102
247416986
59900288
475756514
664989830
12658408
34952456
832287148
776197176
656158018
429720336
613758914
38715880
517888248
976144082
66620192
248944560
705200244
170373586
410530126
327039070
434197576
406878298
199222316
32612918
624825146
495595482
872062760
628151892
257441660
57345558
803469338
837981474
443617762
330063154
49469450
494576410
605534602
657690538
187383776
782742406
520162062
532945076
343673826
310557134
170861030
40006344
719617670
150273984
719280650
288153546
179941362
211722240
820294392
309686630
107793106
667670254
1032486752
892973008
700821318
1178118978
605662404
843739822
555834970
450433316
36835680
74289874
160338724
1551138
294845282
508148666
990740834
332763548
410094496
866380574
379502690
296172406
522804004
250598766
852205488
3733728
430059990
1001633070
673465344
249184320
334207120
83843036
129417426
602426884
476926680
174844714
808467006
51889224
809277570
288029702
197592432
121758890
615913750
790054418
477040362
474764548
223352796
789522206
561262210
33293768
366976484
120249080
143679200
790573264
3692910
30573234
537113608
712326320
31702916
255380906
799740816
496499566
625510420
1147960
702344576
1428992
202948032
27656126
327241298
949690682
297956944
180357332
13483584
87738712
404570600
863085496
664991308
761906708
751473024
659562954
130113814
12685806
621442670
873606748
325984172
8649870
241768964
881593050
337730120
2403632
639724740
553197024
41666856
757806182
263756346
64541770
28193336
556571420
644905468
40122004
520427992
302212460
843747942
166081072
804726590
12491528
868167754
241635778
498330648
683388676
72647456
177446700
594354466
524169734
218185810
214889744
44759186
661088658
170487992
45181450
112186456
206042320
230809364
22025920
407910468
820914372
3786594
931313136
793454420
629352764
32679164
90222934
137808768
235553620
181844588
456618796
197735940
662060616
282897442
712038116
962873702
378805182
89741824
26723994
93931818
384303236
21794158
108150224
192375140
292084732
151565480
962882108
599866030
24555384
741208
76328578
480247452
889119418
12967082
489129644
232897952
524595634
380978230
11652420
107760590
836454940
7512858
398133028
175251552
1118006772
225419592
665000
723345286
330661354
37985094
466714690
793443712
83827264
976220
79557604
643960034
337949126
315682456
282593892
951718964
11144748
325687024
454347928
770169570
459315052
532900160
1215143920
244689438
109330058
551239160
694776384
15832320
283982460
601965792
439199426
25954006
59044774
144006660
156455710
721550352
911404902
207017434
67787372
545180820
523510192
300535102
32131022
27411850
205360
392707126
6933490
258386084
3128048
143802298
622125618
876905328
56047418
303348264
27302936
126643350
265430952
544115922
613935686
315791954
245617238
227654984
67969208
455411146
29251250
17294902
124401884
391502192
134546308
1017722912
721034134
237109272
7479822
143375000
55626144
763880
493316880
17437234
152828434
874486216
70751300
582068208
1028388588
477013798
49679754
58322212
250170510
32579978
245058690
410089234
374522732
37000614
613236734
239918770
574034026
542655234
9187518
1025788
178139416
249139238
862940616
21905280
740681228
76787676
336486712
216609102
172064772
720011304
333850178
275884030
524997852
1227824802
652807244
19910836
163914014
150929860
947660700
47300046
30614460
407035684
114330146
410594140
448517132
458575648
247572496
460877506
628159978
569094022
1014146028
950554794
661657510
742876652
160046102
20100704
52625974
145804364
4130432
632445824
162250610
19636848
64118474
581741478
574476214
36714084
1248781122
603273522
461301300
9082336
26111476
143300996
44756222
57593926
295711556
131260698
100952426
136322984
278277242
2114372
119493688
795943686
88999602
2448
678373440
854386486
549373948
235360132
984483020
371211362
392161068
6187510
58770758
596717638
452450930
863301270
284645700
588327800
6561454
470073828
1072372682
713794004
293723278
38601540
580683670
457530500
536589972
457013652
5279400
705830622
738184836
15762666
703965498
756323146
10512750
9941188
29458240
297095152
1075040184
453576140
725037546
462418818
330753578
663010810
217124284
195382
210630288
551082642
447313558
683704820
26050460
30219344
246160178
12830500
277487718
306986252
89866752
494378418
39274300
78506820
243441410
5876880
74494158
804906486
182037028
318715656
137824704
228163812
193597362
286721744
989451438
84657280
54881976
545836764
142688164
41754670
375715626
608620034
164703132
792866730
251243726
429304982
8798080
114984596
119920040
824750694
351411990
77600296
120736
32287864
63521408
421356626
12962892
23840842
3684912
179999988
466562076
553721190
1418240
368921728
520531034
775399652
855327048
189839382
233144594
1256492
270945472
316355664
16007526
412665524
131650438
651089360
972242458
11329700
83516892
653372794
27108292
79648542
114504726
122512326
13737264
617287750
835270852
769517914
839802948
36828840
26544444
406093710
895675282
271737596
56163134
82314586
6960958
685793268
98156192
478575490
458310356
161510752
81534650
11685440
192671128
3101034
324869902
179965234
3114104
16468800
279794260
88735662
376380244
609168
14000170
163386688
707512928
30841390
266448004
689766820
334862108
876898602
301408768
801515610
794556228
69698352
788704264
74137884
194534638
48665078
623874850
236938952
449780852
349344372
6606394
391363598
864255356
376346040
31843072
280726556
8400980
127796108
810331624
576512
219341570
1000706066
628541696
82264786
137115410
81229054
423111660
7165620
358830048
6544130
635199014
315255980
19759404
109849888
609246784
622188888
30174916
534979490
494747840
834750678
799135840
53533942
659152380
611984120
372621908
315247400
126723596
487712010
132006524
848795018
496950160
1115878478
465758354
269263870
23392960
141226356
11749660
314375916
333574352
11898468
7254146
570134046
57146320
865720896
689665000
10345000
74409898
2109240
898597896
18120868
55940212
225609328
596609678
207718498
484924266
6208300
14501480
275889756
366421308
161574310
777088332
502836772
125145382
23247140
19131834
526658740
189633734
726539884
185869586
674619426
39948328
317941682
67523776
883802322
63644596
476658906
542192
177302860
682523276
123407006
24209772
406778784
25948666
366004074
61552634
216172
272440544
152875456
65119568
633007340
668364372
36429080
1635470
922768
133482596
76963122
173800886
144908564
944384576
21889140
446615862
659115216
42820424
508400904
97966744
483499558
526757628
240583366
805974140
119896
207402534
328076886
49068580
1081138450
118012782
183978476
608774532
1017264722
534177508
268525164
621157164
24337602
160001808
886747174
302727586
50947416
564040486
146441552
176343410
185810774
12295556
266202124
512947206
66080796
176654218
443806020
610483308
588318074
487188066
683523452
771328546
103307836
21231724
125316620
690021610
742336174
1058109076
330629774
53917758
2592712
500791480
401097496
338543062
971180750
1003260108
310623278
263728860
651548576
765884870
166687560
465235962
42646340
358776288
327505782
99119070
93397200
354439968
833664696
195410512
148485172
111688796
74335142
139633780
185113970
58420108
476541182
640207336
917151460
145982972
234790242
309861776
238084982
367490154
12743936
75978104
431825968
87035132
1036302600
443319326
38064618
780770514
326494390
636051006
538367378
49835028
411911218
266482112
729087650
820052804
115834238
315936986
66770992
180725472
622264956
238362602
521066038
224913242
334966130
112461598
519742254
40299952
353150136
424953342
4027186
83767096
176174646
395400046
37581056
153968136
16914630
35013334
182591032
530684494
274149878
29749630
229474226
269756606
208886228
747314506
1997472
12880884
226188550
666284524
797983096
719764836
10868406
791445296
234526970
70857178
116907094
279595558
51521754
133184076
728461560
804052658
125788850
125906648
44510592
733322610
72197332
743353410
747691610
371262330
992128250
78013314
6588632
965458970
388606760
382689988
64304660
1811460
794955680
727999174
366789032
67562426
75723252
53930170
191759904
34024830
84140220
132828370
23551844
245278296
660794984
408705010
74745186
13447040
701723956
16473764
152048788
5316600
395667726
711281394
537521612
200675618
5520256
778112638
537087190
662335788
39517612
984705954
160767528
345258952
284423866
624221594
681755932
393263272
665792052
308338564
739480810
137672876
306341358
329626714
468935064
151837068
863027608
72913572
117729518
483449712
520728448
956958312
492394360
179765218
749540280
36616040
725057156
322506892
281444720
13784118
58087860
167867652
1270628
699585330
340473892
1261977586
538537138
173623672
291562392
48637226
300664340
587554928
79036520
218158266
305481158
9638244
324088902
759409126
86382296
782542920
69249800
327296468
86852326
229560412
112512136
30691066
49207548
715164256
215098136
426826064
396015920
103797582
75712262
119666680
186917342
15280336
177185730
26398426
138694352
52947940
354180930
196670566
707043532
207269636
201404948
360252044
354448920
612696824
53358700
20461810
22384122
866483612
67122174
56142548
478203280
39884024
561512082
703120
584485508
593169742
279195510
196650708
736201628
13606566
61947052
525915250
45430120
169054922
132268938
346555640
143035620
1092322682
346084850
229159944
73497088
618324348
6695240
42646990
45395182
390458172
69400376
121560060
1983360
316719378
21637144
69690692
281620350
630787014
12446408
343488222
824115512
100092916
41735214
13079430
227919292
448552856
652123686
2937568
101008404
134823996
332953594
56150516
404912556
210095160
414368740
137912892
20881308
440638310
225748968
530311862
5396800
198740194
302438670
30866594
948397898
709662386
104902740
124519252
978102386
1064925826
6045520
67455830
732239624
390384412
871408522
501525962
109236676
32936828
619989822
806800014
334980120
296448790
568620630
702422620
799101092
690249654
250058192
956458430
1015229624
240552620
776898654
172321248
39617018
22043296
588036304
823079410
447839698
823921644
85306704
271449074
24568938
11531112
374693762
44087162
93060952
41217000
549286088
592445730
481311104
168016526
913886026
862605604
498486448
165989630
350890492
417234466
663061632
476655872
4024020
17980900
552514540
272868850
159052028
124188712
6508168
26189520
448931604
146598450
152902430
252226624
44032154
681549344
506431432
294442162
67768982
250551710
160492
918848
818841192
767737784
447111440
115584306
210745354
11120128
175819858
654656672
32586154
905767848
322677736
685853874
708178082
180855072
86163140
515450120
6274676
664496322
287001234
673313752
207889920
128116222
100878932
337291394
989821152
16620348
8960
421816744
384068288
163805160
102630278
103631620
297494114
489247382
80676128
468251012
573511468
234039208
163917352
12924568
519345718
165376560
133855380
857047924
153402340
455844400
3549310
939140600
181041694
210418906
527171830
853107794
666464340
791872970
45722380
84811346
394789820
559058048
165231196
32147792
27174280
414450622
75187466
573834060
105083640
1368448
951357110
302040070
44884924
97560634
229129042
841265578
702126404
335383722
786998434
983338584
299309990
6861954
158928320
67098408
274333850
1069765322
153227040
78077804
584837596
212282960
1034173046
879508646
434583980
180304766
39225972
163928116
99278410
351444102
66116410
1108105186
154338724
28676550
884973320
174620202
104421862
703206092
163413138
943667504
505088020
339141226
591993332
26718432
24540840
30584390
581011242
47400400
166974150
1022032660
36937484
215320298
535574074
116158608
8281950
631445944
134536576
334502836
350938690
279025688
795261018
409476654
245676068
32979424
140427320
5111832
534973368
181880900
1002270160
12486448
28088588
261579388
450682330
460743378
933963596
709770014
57088240
106788042
194977758
16398340
79535010
106751840
447424264
260933894
342621236
606513490
90018840
23613756
20165600
128856672
120200432
365002760
206884468
214723170
194434616
127418962
721219664
483689376
543362392
477254568
587456
40114406
317042644
48847442
614145478
603794076
15281188
76590212
717625146
223802044
128423780
11877636
253784524
155680368
240670952
82339984
206473920
532189378
189614976
702316734
40854404
203072300
76574322
304635438
28455000
206785688
16488748
606556712
81946080
738939798
387593510
724230580
903040982
460061722
688332710
267766686
177684650
764812340
34473736
607723912
1107988662
711776406
678093138
245533212
178799758
748244892
554620898
133517790
676614946
844876426
304836282
136588540
565959406
31815332
69008370
411514226
35991586
501957960
280926572
6433564
2183740
420652990
43505544
6993004
105008984
76844340
514572508
498993296
436825068
793383222
7649874
603963484
400618692
516304812
257958046
630468366
589919680
962592348
164052
93819474
454551106
106318876
94566738
488689674
176552206
74507020
238913452
32120834
244098184
182224220
447322728
225775768
252024530
215948882
101227340
1095984
620703660
464617552
314965352
272265088
392492546
60550282
537457840
570473732
794206558
384848322
65213280
85263864
312976712
421560770
215165902
103000440
322412604
49717790
82797646
3564100
34812668
767816408
310961190
346001890
568909490
252816
208715120
231983358
48599058
434875696
393436066
461773660
105049080
408961280
683257378
656461230
741163978
224580592
664823960
163808304
43379186
384789064
617308690
298340232
497418446
177406750
85439490
337086752
425769594
454056358
286008046
446845264
242864792
453955450
48578910
13123668
521559412
146776036
63106448
39749220
65977912
479302750
88078378
367142096
254950896
957760346
579359298
281784362
248292256
2316176
997652916
723107680
96941020
150077294
603833728
224215770
23451672
268484476
108635246
479360682
441748992
22066016
801254
5759758
42902550
85533000
185190652
246606172
382510766
490986412
1115709950
152181034
563108540
221078838
191784340
595543064
253628890
676800074
146830804
155316322
770292926
846088498
61032300
311469678
207014508
419071562
60168640
48900076
691398764
293588076
82820662
12908010
37209856
608676700
454647704
559698902
405062544
930419842
703644976
114842100
177841244
94541966
21471784
282488680
172668768
325108044
683852478
262976614
16545012
96427008
630092552
134481140
82079530
522809400
15584426
441022322
36884330
855974028
187895768
128540606
971485036
614764452
285021360
793013264
424683210
819031538
651211894
509502506
246235034
673639802
33622640
387971158
28722750
553236970
133917810
1104459908
528044908
261471338
561753964
485314486
928231948
167112738
173076002
76401310
122496212
9931810
439137510
50561768
367791356
