3200306
2183820
6547360
197538
1530224
7219178
8002616
3632008
6098676
2063576
6534674
3034
2868902
7478270
3861730
6872898
659746
6387054
3007616
10200768
2263114
3160520
67540
2261826
163532
7260660
258240
1900912
6427238
5201540
158882
3583798
143336
1589760
3387700
9972920
7457794
4264762
136254
3791526
174014
5842410
128730
62982
735910
7630114
1144278
1634292
1003946
15486
1568326
773874
1844714
1191100
3693844
4232568
2826040
641116
10040278
4109594
1351184
11810
5086166
244480
7179252
241796
4423180
374396
8798180
661864
576928
139414
6912436
1798798
1765654
6564836
1300502
958774
4270928
2696414
2412662
759580
2654742
2427590
9307636
2750692
7579464
4930534
2470780
1821828
2910958
2526138
1715612
7170534
2960798
569202
1627744
4003218
5043488
882858
627754
991054
4713080
131144
5241342
3016894
738156
3598650
1798294
3512252
466
1493398
3396932
3537558
5126900
3147018
513982
2197946
3685914
1578720
398334
1888600
294758
10539068
1885608
2841176
2875580
8118590
824578
5572574
2499802
9269636
3828240
527522
5312432
4908890
370136
1643230
1274832
4214760
62774
6486708
5274396
1364098
6957474
538880
5308882
2008388
2348892
431180
2314850
18290
2952550
1343836
6128834
3287648
2803638
2379318
4308858
1103934
10129742
2590602
3880008
3511616
3982982
610050
3448286
2637834
6214186
8160310
1163668
834530
5206276
1665018
932804
956132
4874238
4434614
1080652
1445214
6778954
6287806
862266
4451844
7048202
7973016
2312692
2259182
8093114
219868
6813694
2660130
6069064
1857046
82578
7971522
4734304
5245058
4464322
1094932
171388
374784
2509738
5196784
1219118
2190252
5625566
8749822
2731826
6821944
2515106
1515012
5339574
3092286
1070236
1601412
3699052
5739020
2299184
87242
1441304
1765366
759778
1433002
8841066
9878394
3673786
7051464
4366630
586846
39824
999968
3460294
4316604
4453368
2484080
7485494
3831506
2093840
8638708
3343888
4082110
516274
3532820
2044392
2501000
4553026
7961930
1854688
11367580
1309576
3327600
880656
6984274
7014416
5137878
7941112
5218626
1676304
8147580
2444802
2847158
4367934
1479296
1355774
6280810
76344
7101930
2982662
4773320
1057216
486400
420716
538900
4867790
10287366
1382326
3332302
9033496
688
385012
4907942
7227020
418916
6001894
6342422
7376204
3858616
64986
697536
4313380
3903932
8367356
742210
875406
2420154
7966022
2052564
2788608
314236
5156848
7261894
5518182
3725218
1877860
2991612
6823720
5020882
3222058
10522
2285360
393260
3888898
5383418
9477958
3264916
677144
56402
497224
331184
3696122
2314836
193344
6939356
1936762
463180
2110270
925164
349432
1301496
1825428
3372160
24656
2806138
4993302
3691604
5077144
4891356
953352
8595410
1945026
902002
8276394
1796082
977112
4398990
4620654
1979572
2865994
1204592
4127284
4943540
1108426
351988
155948
7660502
7772344
286186
4220312
3745160
3044190
6649412
1179172
8149780
4016302
7733352
7250006
3975896
2848530
2500282
6153538
65594
6901136
4381060
277272
5904744
4813364
1636880
1721824
2247544
6475304
4718614
6532840
3386134
2703490
8924552
2826478
1754500
7526342
4261726
112202
1350558
1515520
7307900
7906028
3083212
3549578
3930476
3316142
433288
315594
2223586
355642
10397120
251506
3549036
7224370
280120
1346
4691966
2473296
75946
5449436
1479364
355472
315570
7941788
8263096
5552102
5136124
8949102
10120906
887156
2243006
8103252
113982
7901262
1238892
785098
5799816
717680
2360898
8983070
8918108
1117310
2047140
6204024
10486912
2683160
845202
419384
2439598
52096
5305070
7532534
558980
6212054
1993652
3191768
5408270
357178
1836152
264090
6002074
1652136
3892680
2917938
102822
211778
31198
3212168
3577026
5391000
1881716
1368218
6254036
1097074
2336350
5737132
5624534
3647434
1180
7670190
1986708
5784062
4133052
8329608
2657854
6636520
457534
6483450
5992956
9490472
3182854
5800268
1177914
147354
4721538
2134064
4862008
4688358
3564942
1851642
3289150
4426
5776382
75772
4810736
2574354
5456728
2367306
544626
9814210
7896600
5851788
3561808
719590
8020918
911902
805120
2812762
9915970
5718866
877530
7110224
188318
3987818
5603864
161014
8810996
213218
1897476
8171736
5611302
5785154
4516722
7535110
5443910
3899180
2125288
2351988
2970598
192974
2651822
127768
7166662
7492936
174580
2161664
871098
903842
5143170
7495510
8818068
4149130
8863214
396410
5310432
104550
4011914
445716
1083060
2322194
5387160
498554
4917186
7533296
9765796
639872
2003084
5970558
3499434
1108058
6360618
394072
293744
126312
843298
35974
111030
2478632
2396596
357688
7119810
1612186
1524266
7875026
3367812
44440
4614340
1793254
239920
2451266
1217606
7721418
10404966
8712544
100242
534056
2663786
1730570
576518
7898938
1986948
10542524
593630
801796
134788
1072386
1318264
151022
556214
228230
409380
3068094
103832
4878354
1932738
4830732
8728254
73952
8991982
134310
7394870
33430
436438
6899732
1485498
2334540
1734146
4376114
9638158
6751286
1641620
328612
5983982
4233630
1943532
6879870
6338068
2211692
10067630
3576486
259612
4970498
47438
736734
3869232
47110
6320848
5416018
4065196
2208518
72356
1685462
831954
6718018
684918
2346646
4189064
4207736
4258804
488414
6008882
4792278
3306618
2041824
2290276
63552
146128
161256
7025088
5335694
4747096
3369118
4896900
859412
95716
2541504
119946
733284
5478334
8410816
2594864
8412570
71984
1953750
1358878
625112
4419610
7756754
433924
2940158
4928646
130756
796196
742154
5569122
28836
8187076
3842942
3516348
2952908
1530358
6392890
634334
1579968
3174646
5687316
3190574
1749082
6984162
718970
4906732
95132
392210
590480
7306264
4317430
1508970
3163530
380682
8444892
9070948
9190098
9855856
893976
1452152
3223350
3858026
3536686
330916
1403700
6364
4458364
1345360
605728
4230140
5102132
4591136
4241102
7297528
68426
8013568
994350
14218
2421376
5947780
6266982
2528376
6348460
4875930
8534054
9472036
61826
3680192
222662
1540300
3068778
5807010
473850
56710
4729236
6469336
617942
112984
4382290
4727566
2833256
1621278
6766216
245116
4975694
7739682
309170
1335514
2510448
1297964
8326596
4472634
7287272
785612
7607964
1246772
70768
2291958
2352434
100664
5707858
4588330
50232
753742
3370188
11901718
1705372
4876
2072132
3994162
4096624
9383952
244006
8688540
4579122
1082774
322310
90790
4703214
1684340
9963716
7757936
3936700
540562
11176156
860888
1119324
3573270
1018902
3091694
717796
1359892
4499044
650764
1028602
7447974
3943724
2195994
4313410
32798
4590528
232750
3086356
453772
5849716
2385360
2595150
50572
4111710
7175084
2282524
1510140
465754
310
3630198
118554
79530
2414522
6007896
4145396
16354
1717792
6977232
3460240
5268766
8758416
9792254
842660
17298
5416244
197604
3086546
4921056
5420752
2124580
7532366
6405228
2888138
7064112
4802634
8513830
6141828
161156
1941136
283774
7681730
2742184
351122
56972
1733058
2498
8846300
3247172
2797012
12735692
4026976
3723304
8910496
1013924
3140920
6585628
2383764
961332
5299724
602446
7809432
1080580
5806354
8210918
6021624
7442158
7392640
5090276
1705628
8760480
3424956
816894
3693238
128946
3249438
5172208
270166
9223062
2957922
1158062
4394010
2857014
2326788
3387188
3856204
2929506
33386
34052
513396
8152494
3155898
2855650
8374866
87018
4154182
1531414
4494
2110632
4747818
754
5875732
2844462
2148602
7381412
7438428
1107598
40968
5295340
594044
3600288
7939418
4707520
2478228
307068
3564090
23970
1588254
442602
910288
462432
5868214
3595488
736292
9804364
8765638
3696436
7213408
8212226
2006472
818606
6874258
379374
1928576
7614844
588616
543538
306616
5414016
7833238
20266
1037240
3033032
3052002
2407096
1306314
917540
161458
2920896
7826068
101756
2809416
4044820
580214
558482
6927234
4544214
708472
9021212
5115278
3742792
432612
7425072
3258660
2101358
3164392
557688
2535524
5506344
7179348
119986
2703400
1831266
2406838
488710
5389384
6459502
6023314
4141032
6072632
1328
1513908
4139198
7532578
30024
3313048
91638
70810
2311242
755176
1626018
295920
6351150
4379892
16930
8704722
2397262
5746352
1465962
9355320
4023330
541816
4334380
136970
1490750
5042102
3119230
1896384
3709686
741642
186602
2503226
514448
4019984
4352
6043828
3628174
2627646
5228798
5938440
493964
9311146
1703652
1363290
674288
646370
2180562
9346638
679764
189966
6134248
3651988
6566488
7777092
5373638
1490168
3007340
1245052
6838238
4137998
6100570
4849794
4358218
526590
4091254
6276378
367464
9436950
37996
3577898
1407196
243548
15042
2490774
25342
1723428
6679992
927358
2486720
5470184
2794656
1469788
2273164
459040
3989112
5750918
5141296
32514
3721228
1116650
7133474
71962
2805504
3131684
6810042
1832222
5372294
4558344
5918154
5837580
346284
785512
2379086
4283404
401746
537510
3828648
8676756
1527376
2433248
4064
6860000
1697130
124070
5902660
1793992
6747218
515550
7713256
2421276
464998
6541928
1542822
93196
3524542
141334
28486
5080350
532190
1956166
126402
566298
1121720
7820592
136
5630216
5263300
1362742
2942518
477314
8226726
9853502
1997018
3952782
2269158
2109360
2140528
1477946
2228206
34942
7330722
3954046
159570
6054358
2335772
9250176
4070502
8500562
3293818
725536
216022
512634
7941936
4492604
4882352
1780806
4126236
5619038
4971308
7166600
8386678
14352
3559898
1676952
1214296
1354950
2379214
30174
2896148
3407264
2005158
2920712
8724006
4715182
5515442
1896664
7710962
8936444
4156776
2357194
1408908
355970
2216474
2797668
1831792
9527502
638
2396204
6280094
5974082
6100648
9150568
14584
2677980
145880
8357976
1032052
4530302
4917624
4001158
8405680
1431706
833946
6378980
4792440
1101438
6478680
6445258
1579106
3714928
3118968
6447314
5223036
6801842
2368406
7431328
6515324
960658
9001110
5070804
1562994
1807656
1144994
290148
7345602
3898688
919210
2989428
332890
3089792
3788188
4002022
8291398
6661348
4005652
6302592
4640438
1673756
2093978
353684
1854550
1727146
49150
1463822
4970274
760014
967570
4436590
6987336
3972374
359664
1089748
5865892
6162516
7018186
10502600
8637880
1829684
7068882
3631632
1854176
95986
734152
1021448
556814
5490204
1116768
5942572
3501746
5101330
2593442
654220
2862694
3390056
4942336
6812670
1525904
1126080
32358
3375298
6504200
8637266
606978
2557342
3066020
782850
2886978
10429202
665834
2331430
4203082
6864154
4157298
711696
761470
141870
123486
4589362
206404
131142
8089114
2083982
321602
801420
5990468
198816
5047944
4095366
9468148
6516766
1017560
188758
1525990
54358
5576850
1207442
1682450
3188694
2103036
2284280
6270270
3825714
520394
454884
6160286
725080
4940640
2796902
1389994
4135742
6171830
2560752
4755984
1212110
6073994
55040
2029442
8417330
3403608
2720440
9235454
8529890
163174
2954992
5204408
6973380
3022546
3502536
544978
5174914
2291818
2482896
26404
460250
7513306
554506
5294678
1902646
4835102
1626582
3098084
1536158
2956212
5506524
4543112
2156138
448322
502250
5110224
1180710
12538878
6654722
134428
8452510
6755504
26212
10347834
24066
2102366
4115432
5921308
5406220
9271386
1497568
1261072
7721298
3530096
4663028
537578
6043258
710422
533192
6109796
7491188
2948684
1097970
4735744
571888
1784876
4187634
2778694
269718
8470334
4429396
2063914
2338212
520304
2111310
886210
5375010
70718
1828218
4292156
7284744
8207512
816052
6198522
6351040
3452754
4760136
3960528
6680266
86822
5628480
230866
2553722
664558
310604
1650504
382270
1617960
8971730
4377432
6946690
5090962
3281794
1529866
2826232
2422204
9686198
1148856
6232640
2284834
2000260
3876862
3038630
6131554
8382050
1289620
1190166
1377366
2787798
1456644
7159868
6911646
1014612
1949182
522308
638740
689774
1045182
4800142
4241250
2978684
20126
1527212
2724578
6072058
2841046
6397884
3290764
8210268
4174592
4485790
635132
2316876
1884722
1097068
792890
6076386
6139040
1207490
4264678
5445216
100118
5159758
6079242
3630986
972048
1256
1178342
253216
3204814
470410
3285502
9326326
3820360
296764
750364
699708
540
30172
2082694
3619850
5168254
8990752
4206234
6827004
8215898
613694
3837956
1272280
4109390
336538
1667706
3929992
2486452
4249726
4426214
2641074
8224760
342672
670208
1127644
1718874
9745160
1419902
5653936
4234594
157184
2718612
2772398
11302188
4808262
818380
2844514
2443910
4354870
4669810
4360814
4418540
710118
1470248
1579038
680010
2929040
5618554
5746038
3360438
5574100
54634
1252214
3537670
4121282
1795784
7411202
3651310
2821330
8547978
3619800
3421808
53768
7727682
5228510
7678932
1842926
2826216
5950714
648256
37974
9251328
6885006
3014734
1203576
5522304
4907100
925432
77772
6884514
102046
10141516
7484578
584368
3064006
3230934
2216816
3917590
395896
2073408
938
3443234
3744458
9261892
45734
2572694
2839460
5444868
388218
180884
2590942
4718336
8258448
52262
938952
1520440
2082752
654942
1178972
6857892
4312676
2423744
3212402
220954
352210
1013932
4215794
1774538
1769298
3716574
4854774
3875278
4594634
707490
5064788
601918
6968826
4028562
2519714
109440
3695458
1050590
4205360
1045252
2700820
5369514
572590
1357870
676122
1537086
1523764
86562
2250178
7026646
7926228
1587234
3121720
83826
10465018
1352308
6088640
4925058
151076
55566
6743596
406314
1089744
5271942
1751892
1499668
954940
2530612
1580172
596
7211232
18676
830540
1866662
263096
258366
8017676
30536
5658204
5959994
648146
1340678
6236462
7542906
5984810
1018978
9767726
1899712
411602
3882878
7378952
4854188
1740918
9912718
4094122
698314
3971322
8308176
9038634
3220690
3367520
351696
2033038
595060
3132992
8488672
2824964
4664304
718976
1085078
4561936
7387736
3600000
6344066
1180094
729360
1659920
851860
6614218
5061936
126728
3679904
6377306
1196892
85266
4858084
2013324
1249884
4977636
1202550
7950290
3420912
6973362
8918662
1048406
5329474
983962
1159204
914128
9997762
1194036
4590418
1594646
1804454
2047106
854556
4950076
179810
2682
8455048
151020
2174746
2259944
2501834
1115876
1148928
3717984
5488454
10091122
5563556
1988518
7722656
1564146
1834022
4002828
683440
2900618
2554334
56502
6674246
2859196
839944
4693230
3965018
2163544
18140
2607996
1958530
5527526
5502158
6099454
120672
1824372
6237800
129628
5356642
3334578
2495770
9977440
9683776
6989582
1567242
151022
3313890
3538502
1897178
372326
1735644
7183604
2769846
2815060
207068
2054950
360322
5594438
2013366
4303956
8478776
343448
2739796
138062
1634846
2138124
4601064
10024154
1921838
3925704
3263254
4781052
6009108
8606750
5560712
9504768
2336780
2647578
557554
4791854
7216626
4304944
3013868
1225436
1036068
360106
775702
300194
1928596
2124692
9580416
1156012
9429622
4439768
8090328
548518
1417758
1868896
4139906
4247134
76536
4596098
300900
4890374
3169548
5797198
2054226
2604492
1609022
3063310
4396334
586994
4555356
911672
1039774
3153816
2581772
3392696
1820054
2430344
4356662
997202
16056
5041142
303000
5493394
6434382
292890
2637500
4867310
3639072
8742800
7944058
1125272
4385706
7138232
3405866
8426274
5588762
4570834
315330
5229982
180306
3257796
7911124
430670
5726280
2320322
25688
145280
2868894
6634620
2307756
3060852
1344512
406222
4974808
2790722
1283650
1709212
3372502
1301566
2960658
1926938
4663828
6232436
2563170
3630694
424070
523548
1816346
1131050
586564
319976
2631102
227952
3368532
1750078
541422
8874856
7285072
1002474
944884
5798036
5729322
8339360
5414798
6861166
6429250
3964182
1917858
3339126
2563100
669338
3364400
4705320
5174370
6738288
170044
7322712
2147948
654536
1408504
1019286
2900980
465688
562932
733536
8553220
5986
8960362
1164006
1603142
3377420
4831456
1616026
2235168
5995830
5930870
4930696
1173226
269204
3200072
8809894
4091134
97342
5987564
303476
888702
2332218
3010352
3675524
4238372
5874454
1639108
2673654
4985066
5861840
136240
2375456
7413544
5042724
350250
6001556
140110
1371690
374352
4064194
7442590
9387438
7014256
3288960
10474
6889826
1959266
3730214
1528034
5294930
4576160
627774
11443826
2854296
3738512
692560
5514356
6674584
10170642
2665900
1243212
1080894
6822844
541604
6533250
1599760
7517828
4989272
1428470
328634
445044
282728
7785408
2903422
3319930
3188402
7979504
6775156
5058402
5397784
11430422
2651602
142278
1406604
5142274
2832886
1088394
6899676
3308418
2523810
1394736
8136176
1315220
5365604
31702
132662
359812
6473402
11898
6369794
2397222
2503884
1977018
1741056
6671718
5744884
527568
3003452
1173152
4181622
3602366
53980
4526718
2465324
3877440
734092
7682930
1512714
1980492
127302
2443308
7603398
820424
73110
587954
2807582
6468494
2955214
5258
1284548
775248
977590
7516840
3063700
587866
7195488
682348
154660
1603152
7681598
5171864
7967280
2520666
1996
756316
2816316
2045408
718886
9755474
6754418
5608594
4222858
88472
1038600
1077660
782428
7011352
3417428
222828
608252
55824
49962
597120
10759268
333452
6391956
716164
8949762
291330
2102688
1851232
96292
6679358
6161166
5546006
8015054
4585648
433756
7935012
8046518
6351070
219348
4927772
2029680
8620298
545000
7194236
1371198
6486974
490708
1523612
5646008
155148
1592206
2236694
2268750
1386390
88740
5583042
3401182
498508
7067414
5455686
2085724
5230126
1706588
2639450
4624562
5444872
162470
4790208
5798388
8924528
443198
4003542
6410284
10926
2805246
4782194
8043706
627096
771608
1207244
6107584
9127372
7579298
6164594
3915834
9320600
480512
1087358
4199262
524242
5426198
7975084
2381246
3371448
3769846
2190254
5148128
9343608
2153746
3176698
3051836
1582626
1083526
1913000
440960
1756912
730760
6991394
2974144
7218018
1760
491956
1465722
4236628
9420890
2589320
3046450
6983062
6974132
1620850
6927096
7121558
6338726
7266394
4237030
2500964
1979060
1790140
3235208
3266530
48180
6620964
2893474
272112
1126776
111206
5381778
10843180
10243032
1214846
1335484
1561334
110264
3514
3841268
3900372
1222516
1691104
352866
2852884
1146162
3964962
10305928
1936652
6296598
6163256
910734
6326898
6499436
6276076
4090298
860966
2772978
170582
1354634
1075328
4098464
5616560
8583390
2306166
29812
4201210
4508074
6986154
1605514
348620
519660
6181570
5319972
4349672
2750658
575464
3372096
3381614
282982
8392020
27962
3400066
120216
3790370
9845656
1273162
7455654
156462
2708984
511990
109280
435608
3037832
244434
1826536
117274
5296
8877256
6738952
7776548
8495086
5684482
4238224
8429210
5088830
4440442
2478648
6766714
9503506
5595696
661642
1386710
3153038
2843678
748446
56224
1118370
684650
374000
287456
5595004
5612452
5248728
6430652
3667576
190528
4877206
3388362
3560412
4247032
2155654
7474828
2113978
1089390
3700826
3429332
1010958
3979702
5973236
409396
338648
5247370
9203956
220858
8221482
694046
5432440
1971550
2980114
2469300
2837478
237630
78402
4903286
452232
7133714
9095540
529098
6754252
664988
1381268
5450402
2162334
156866
5084814
8274824
3954758
8674682
1268594
6472422
120012
4779302
2057644
5047564
3128632
2124642
7566870
1938434
1418630
7651818
2106700
2620004
988242
4976386
1905008
6621590
1716816
7031962
7094916
193332
4824884
2729780
7667028
7987266
4736902
370894
453152
1781058
4956062
11251680
8351192
1977974
457370
2842610
6577164
6826316
1416990
698420
6656058
7269776
2002044
2684828
182140
3713898
895248
1581968
2159536
5727798
393530
8693852
2954954
6953378
8542846
2077626
1886520
345774
5830162
2173562
1028078
9023912
1784036
8680
7814420
3292462
264346
5006852
8963718
7403666
2489536
394764
780722
1598852
2042032
3166114
4216584
9475676
655428
2714616
9651424
1166448
30836
6833246
8677376
1042752
29676
156492
7392994
781634
171838
8978458
5864854
2071820
6203068
3004714
456504
507860
3066690
9099318
5436702
1086006
2760460
3374382
8278126
5160622
4921926
266658
9799490
6494340
2894268
343722
5092322
158088
7002652
2935784
5637310
426280
5812036
3029826
7464620
4951144
1788516
2111756
2308586
10544224
3440754
3937316
1608066
9064830
5603056
4958918
2499050
5867562
8642280
350820
72880
287138
4853438
72156
6608212
435582
30692
128378
7787234
3127250
8652746
3929636
3361910
5777698
7221166
1025906
51796
1392590
6922114
35026
924236
2543156
104162
368880
4931968
3167156
6043920
4543678
6659554
7265094
4207954
802760
39430
479532
1572116
7508472
2092306
2156878
3145384
189210
8060614
3891114
5473314
5803286
4937472
6027802
1451096
6738556
114194
4746490
8968716
6617986
3351704
1445868
8551254
782874
4443736
6372724
173268
1200470
4709254
9899248
194406
11040102
5798468
7013262
768806
1331822
3658212
1145246
1040932
3127938
10264358
7490660
6344272
2169954
2356640
6429764
462682
1924514
4328996
5462892
2293670
1097396
889532
356182
879042
3248582
1055286
6300544
2328696
10585712
1321068
4945332
3076684
1136802
9676234
4024618
8104312
4799804
3253818
4365912
7458266
8620388
3188066
6706736
3589028
7343106
4292796
29204
6159184
869652
3220
5496562
762998
5540926
451114
9151394
5832008
1163710
18114
994880
3446166
3727372
2110308
520364
4391248
33030
3184616
462076
885308
3268014
3597518
2025716
1199608
100088
1643878
193186
7448546
822614
3049126
780540
8181522
288342
795390
604482
6926710
922
3409882
2726
4439378
1219544
315138
3817592
3048048
82710
3360886
4109040
1255616
2642458
46566
9374088
6494526
4502200
190390
1170576
5952192
5922454
7551100
1729250
380658
7257578
1456832
4676870
797198
3800228
1109084
4834830
3337654
6265048
8298908
6688594
932
9569620
1235944
7033340
639748
727922
3597330
271812
956538
80474
1984554
5419236
586722
4227234
9720304
2378498
123776
3615228
1846614
381212
3425064
635480
6505046
1783956
3102256
5383816
2156182
6286828
3591910
3312710
9271746
5238610
71108
1735730
4470616
6385402
7475886
54010
2433842
8628630
6496520
1156568
8496156
2725912
4005326
2715424
1026356
11107956
965506
199110
1044938
6062530
6894742
1259448
6039136
5340382
142920
1758790
1144472
928996
9159138
5968744
3406460
7004898
1295676
4565298
8369046
2913448
3325528
2016182
1187464
654378
2397566
3592162
2229004
7664238
5491308
4608800
1122766
7485798
7058076
4273510
4084494
5102702
36490
5204786
5147402
440088
285754
2399008
2566178
1937952
597282
5152006
9660052
7285890
3177222
116876
1844676
3756680
36272
4968436
642206
2062854
2877080
1670002
3018414
7327426
7063566
6558504
5167382
2565994
7350102
388682
4925086
4642324
393194
3886796
2372142
3793696
10744196
3782340
8554926
570268
1481254
110308
7738974
313594
1800432
7348554
3165870
8797872
3846856
7016144
285960
3040842
427126
2381472
581328
1540156
4041314
5859592
518844
2670916
4732390
5283430
4221498
3420166
5095034
10433826
2580566
1611458
3396958
7751910
1626916
4008602
3384220
2573764
7968912
7631568
5413282
962044
3602
8479476
10920
2632020
2831060
659528
5548410
5193992
7328740
1377596
1245646
1229244
541164
3309942
1844
1993490
1925798
3449348
3447222
9051262
1286026
1374256
394798
1280552
1642450
1277872
3086946
3284192
3672962
251046
5045270
3116916
7192382
6858186
3470230
1730328
3552526
4997306
2251690
522288
152816
566770
2801902
9007072
8755390
1121672
793978
588792
830490
927396
56004
4094622
6736002
3813220
327006
2013696
972798
2044066
6985670
2777718
4288294
1304900
19442
1580374
3947886
10137160
39604
6656004
2950152
1250382
3136242
9204486
4095108
1975548
526986
5948978
6893154
7219940
1658586
166566
611070
2544
785080
1283598
1252764
5073908
852632
1593918
1188896
415774
7243454
2666822
7044896
38952
1007268
1720680
1036548
6780664
11126126
7507332
6550018
13008
3624190
523024
5450006
6463344
288546
358052
77728
7222362
6284160
356638
4664088
8149388
189802
669646
2813184
5784814
88456
2085850
7098286
4950096
914118
786652
4993184
404614
2600672
392048
7750040
134198
9849306
1531578
6658532
315862
7049286
6551086
1524562
2741820
1750674
7435990
1489266
5012264
2145172
5339620
4744104
9485216
443140
5270612
7900824
4930470
6248496
4304904
8268946
74222
3993518
2800092
8713848
2748926
4253206
7387210
525130
855844
1035140
606194
9617430
4332250
3686566
277226
350558
4328448
182446
88636
409002
4031654
19068
1735920
3511638
3905738
1259452
2874094
4597358
1731436
6223086
2421018
5076322
3920216
781030
4033488
1681406
472472
5006774
2505426
217720
4507074
2809960
5072090
851300
4995046
517618
9274020
9002
3256098
5905558
1727512
2386438
1165514
5314346
7264868
8582162
637952
1863974
1731002
8487968
6983506
4044382
55752
955964
6273256
10574192
7644450
7817366
5473972
2121050
10848954
4489720
2414998
6312296
3680904
549348
4323588
553142
2992474
2920220
10292420
4270860
6292748
2920928
5257252
564670
1043588
420026
1298610
5634156
36530
3069290
3677896
7716500
5906490
5140356
3142894
4388084
580020
6039512
3552642
9110042
596322
3422772
8843088
6940074
8056198
976716
4206714
8009746
2132690
10753464
20252
3611052
5575336
7379834
3264532
4455418
1034182
268646
5809066
2714094
7560518
4601482
9933130
4877570
5253162
989158
8412242
33484
2864402
5743226
2114854
3887258
8999298
3945632
7703364
4538340
4118150
4066688
6065396
3519696
10009934
1359306
1594808
1749990
235966
2885098
4799150
1682510
368684
6173948
2673348
2298574
2435420
10094906
3502998
3070858
8802678
5527542
836648
4351652
810262
3864524
6502286
514904
5104114
966268
626258
349140
1117598
5031028
3627742
6792422
1599668
639556
3053038
95960
8509732
2221170
2084568
4026116
381376
132852
3625924
6304666
2271478
1533442
3013716
2334044
2044220
2685620
2225116
1734700
73812
1245490
2959064
1864754
6871844
1394316
190322
3840480
151496
5992992
3328270
1014836
4718
2104872
9744762
8937062
2687082
2040688
2905108
847708
5014124
1605818
5327170
7941974
1066788
4026902
4307210
5054732
2356390
407248
2473208
2841048
6262830
815218
6092316
3993072
7589528
123648
1304980
7539230
6794162
1791816
5579088
94412
7674442
929058
9569156
576904
5066784
419096
6575602
9743350
1279094
4809168
3651638
6817514
1667210
364388
2287010
4192986
1395520
6941368
1254462
9349836
973968
8575202
3389054
4924964
2630726
949746
10689670
4726822
1827720
5749320
1399826
670022
5267534
5437370
3080992
2804354
679788
3383412
8626780
4774172
444620
273960
94
380786
1643104
10586
4326794
1433204
5941264
1052528
11592226
1709928
3902780
2802154
626702
8856262
7572742
9509346
1333470
9265796
252438
499900
37056
2394858
1235978
534186
972134
5030818
2577764
2428804
6933744
846984
6032306
5810882
113978
5126452
21664
7222148
2908130
5214434
4344744
1893316
2103258
1771040
4692588
4422190
1564580
6098838
41782
3977294
2617360
3061164
6743208
674424
4316848
2494776
3730014
143912
4722060
5019048
3661328
8343212
2505934
4520974
193932
6191152
400344
7544608
3516206
4356964
240738
2420560
2288558
4950344
1386458
2583164
1573296
630072
956110
3581090
2846938
6835566
845290
7860208
1552156
2623708
2546916
1884098
9500972
302750
199728
125628
6319436
4267710
5944636
1069586
2388386
7021976
2683888
54468
855020
5690800
172884
8065714
3499024
538538
799652
3089840
529214
3747596
3074680
4801962
5732828
6086026
1889208
1374190
1157392
4501700
77258
289742
3839640
2703542
426480
5491780
67806
1287264
103864
143760
470318
681980
4607600
5100488
2022176
3348470
1170138
334294
1437936
6303604
55604
9486630
7443734
325418
1452452
4078716
2771994
5016360
4755630
2028708
1047176
1787880
8312844
4415382
3824892
4520372
6637338
7542898
538286
8065096
4006162
5273188
751140
1533758
4725192
10188876
8023548
4037438
2742214
211000
10273106
1507666
485126
2239834
4632808
3274712
859634
3747280
5655836
5677778
8901836
5536272
871286
436802
4789684
27780
3742394
4749820
170298
351502
5663120
2041486
726356
2360208
83744
7640966
313470
1266982
5357980
291436
7225832
1179386
6474910
2382430
2126054
5658548
42122
3912224
8512552
7788392
429290
524094
4128350
7125144
7784694
10946
8619256
5717414
2078806
1781088
8693656
152458
735072
510862
3677852
6194798
6217058
5062086
5224798
525398
3816198
1878258
1388532
332268
5278828
8228502
6675492
214616
2807854
5084734
7297990
8809966
9761874
1793362
3004948
2571158
2410824
272120
1423164
8231324
447006
3734586
5515540
1411310
3384792
436688
528118
4074042
2252540
8164126
3549400
3204766
3445824
10346084
1589078
2371144
1102224
6362740
4194948
9518670
6877258
6710906
9295164
901438
6909764
2279108
9549336
6898422
3199922
8620570
12347142
182750
909408
3732338
5706192
532214
6476170
9192494
8634590
349944
808564
1769188
3731812
12398868
3517122
5415312
1367452
760942
267722
64960
163856
7873748
3632082
913902
1380426
3476848
196270
1332264
1293504
3862596
8597804
156490
3989420
9044928
1941522
694474
4360244
4973544
2824202
6290674
2580530
9647188
3267266
4443866
4284408
1413660
4454208
3278024
1127214
2508348
3298622
305070
8919868
3085940
3481106
6143992
543194
3308190
1286580
3520772
9671882
6271954
5214450
6880544
9727178
2259316
5178378
2724974
597914
8262066
2321008
4274914
1607158
334092
846668
5501898
11638
1643610
4992592
1298862
6661516
6368178
1400812
812360
3430874
3058004
4259344
5944054
13990
3036818
10164540
5867204
7251118
5062662
3721292
3964
1012624
2726312
18434
5910966
1278954
2345956
959414
1157088
2949602
5353788
3583810
9668360
10103390
7299950
1920362
862428
283586
3875012
2449418
6370802
1840970
6625474
2051618
7568586
4645774
23116
7230356
1811752
238830
5191372
4904652
3577832
1160640
411882
197172
86180
1443100
3224586
7186460
2180716
1831820
3158
7905808
624494
4942848
1744288
7845336
3463260
4500450
956736
1959140
481932
3528160
5965890
7582390
9589242
696888
1272108
213844
5891044
214
5698808
6389140
2097820
226224
6421390
968944
4025472
3805544
11533934
306230
267496
2248210
5892438
4787100
10457284
3489854
936066
6113170
10420184
1536912
1913100
330764
4302414
96580
4451032
2259454
6796756
407662
667388
10358656
5746492
3598328
82924
789126
10394358
1080710
2432878
4070984
6244068
6671242
7502568
517458
5847044
1394830
5571880
6825938
494318
341598
2554030
1193578
2431928
2645178
9725060
6200750
2082392
88286
3221440
3991814
2782818
11966
330872
2799042
2932200
506756
3417184
6407332
7630644
5734404
4992888
7376860
5266870
3360490
4479328
510884
5337144
100732
162706
8029736
871772
8297128
195812
615764
2020578
5839174
2979544
4753310
524074
1904374
7546068
1785744
1138686
591246
807918
3311332
4036572
896150
8711744
1460762
8574342
2328482
6174714
2280166
4451062
5641658
5302
6652164
734432
1175056
649264
6654168
3802174
5317638
586424
11310508
77280
4317670
834492
7993818
7440810
3350124
844042
400922
5400832
6683720
1617010
99488
717346
3417540
3842952
6676342
1287318
1546598
488578
2137828
4135452
594668
6024406
3058166
6071144
10258838
286756
2291858
2673304
3007772
3436552
6807942
7326950
6517830
1259820
78060
736262
5114408
3459140
2294666
7005858
1605164
2828150
127624
620372
5075324
3588022
192296
3356862
259860
700668
5604362
1123204
6467036
2301064
58104
810940
5230200
2995680
63760
9634788
10008
1064626
3881820
2975666
4235678
1897010
8468194
2761650
108800
197018
8252588
7123440
1392242
5884806
6434094
469050
4843102
8453740
1021112
2580392
10847230
3533654
4234954
3085096
4038040
9056664
599670
1301004
7880604
7885276
40690
412564
6605216
9456146
2762634
7186728
7338482
3804856
7744956
3633792
344728
4184474
4456606
995204
333568
1415880
3706388
1778484
4672644
681304
3701558
1098640
2434376
181268
5041478
9510394
982982
2024556
2517270
5578540
1374902
1561978
2130122
1291390
5440016
30680
6904382
2030826
1756352
730064
4450924
2844
6641218
84846
1563022
6371920
2193130
1085842
2832872
10211044
1876700
3510752
2756504
8575858
9316
4219818
258680
689590
156252
3453202
256158
5422958
5077134
55220
560376
3715566
22096
6727364
2030180
6734246
2471258
136592
1523990
3676246
1767752
6827778
1348930
2751758
5478604
4783422
3602130
4493788
4669890
397712
7780932
3618196
3300322
295320
7674924
4291424
319608
1289008
258524
7058200
5522180
2105204
2364042
5200152
1388332
965702
9015088
63208
184494
4914306
1396784
7450398
7696392
6311632
5574444
87854
1519124
536442
6344540
7624
3674556
1161104
4236500
1436098
2831802
5187158
56474
8131786
3906918
1262
4188614
5035456
4610144
908480
79128
6331862
174630
664172
3840676
5538044
2425940
4588186
80926
6928276
4861362
5050468
8335884
1911334
1722526
222386
2377840
229622
9131594
2422656
2625004
3140642
2395276
4316260
1447848
3118208
4829450
756588
11976
6932458
6039130
4447280
8799194
1862970
404144
2673932
8267560
4865264
1638898
2053302
3640300
613380
1775168
338980
7928522
1927780
1567926
5576410
624190
8427466
5560634
34386
747324
873152
92872
6963654
193980
4121064
4527646
183340
6610906
27250
5701328
5864026
2767172
2751412
497730
6312136
10595152
6190776
2112510
6358498
1295616
5582222
986856
8585998
260452
465148
4416986
4928602
346248
1513892
2030398
1370980
6696712
9214824
11598236
334446
3968404
47294
231434
5803302
1377166
3864
5989204
965512
1042856
6853184
3134968
335376
2415232
1193200
12145344
3834098
4750522
2736076
2480184
6846162
508250
4818898
504828
11117880
6939370
382406
549518
61750
1788212
441284
3868344
7990074
6629822
7716796
3842484
4689040
68644
3866138
455866
7793362
407324
6974778
453122
1301306
1295138
9156404
1119634
2820822
4468208
2176514
3069306
599986
137320
11297298
4279854
6795136
1431870
575348
7211618
101878
2916448
2092348
3941704
3045558
330562
6299294
7222566
2329728
1612402
6094182
3917222
4978076
3635082
1679870
6142928
4765174
5174662
101738
5635868
6532912
2080138
325778
3603384
1722740
3686310
2967132
4436358
9114572
1961226
4304418
146704
30660
8126656
902274
1751654
5328736
8427356
6639430
7908428
675888
9420508
5064378
318262
3957232
6390314
6754136
3014034
25360
930514
5369036
2185284
7683668
297798
12103994
3076296
3487560
2836640
777656
2856300
4862994
208266
2560328
2921716
828076
8157906
6829126
3766332
232242
8170986
2966150
3726392
6148316
131068
6808578
8215490
499876
1135424
666086
2089086
2261848
1809392
10141830
24654
2002158
9684210
1350
2169834
7491148
4078050
2893016
515072
3764718
5589898
244402
3281422
6049450
2719758
153764
2570488
736890
3833498
1452302
9573512
3562348
4267050
3495510
120504
102220
2544282
1252522
7140930
7850014
5048120
4013122
7096946
4597146
6531720
6303600
2013958
7113528
1485692
6094690
7589594
1537458
3924972
4067854
7110770
1726538
8731248
4381238
10126810
638550
501348
6416020
7293924
1154100
4927790
3481734
1676322
1056298
1129828
2100044
4526982
5835918
2971246
8435374
1400008
4715038
4268204
44968
2664582
8005866
2675118
1114328
1990
1011860
422300
1837148
306884
3634018
2780578
8658558
3376434
13666
1727010
8521628
3324494
6984482
3388508
8232936
93966
686056
532256
2011250
3325710
291788
372344
113586
1461460
5613194
48564
8780502
7218528
987988
1170200
3693938
11782536
5911096
129000
5346362
1039714
980820
6617334
25058
4134330
3376652
678226
9640
2919798
1952644
299208
2628014
144786
5110280
1300782
618106
2442022
2685530
609090
3011566
4159218
7934754
3737386
3902478
5205428
780508
4547660
309684
7346256
5549244
272732
62190
2921758
520612
507030
236494
3256808
607624
2354340
5537086
2135472
1822734
2714914
8094088
1951638
340332
6611858
103400
8429362
402594
7260446
1394170
5695432
3472974
507458
6572610
25596
3661942
11795952
2391608
9050398
7100198
9009274
460180
4327382
1860068
66066
142008
1150612
7031872
6963338
4167768
1981118
1393682
9044776
1860396
238410
5949804
6134754
6478978
1985596
7411932
5632388
1273284
2555678
6556834
7868448
11111398
3666344
2245428
650470
2301848
379326
40594
5376258
6780698
548542
5338542
1925222
751942
30938
5018622
1606972
1077240
6160586
617108
659192
4034724
5404174
5151180
78
2925644
688446
6787278
859890
8201616
5679718
358860
2513120
5484598
6084088
755482
7116656
2147430
4100328
39698
4167366
8831236
176674
1798646
606162
5451000
2909318
4991670
5051994
7628056
5575224
4094112
8573958
581588
2886318
925982
1176530
1232044
2134346
4362398
10794
6838306
337376
1804616
6667742
4335952
368640
721140
1343032
983456
5264974
507654
10040978
1626544
314100
2166126
6598062
1868672
2805778
2544218
1787602
907566
115270
6989412
155390
7129316
58566
4877622
6249714
3249640
7151342
8785312
2036842
3489858
4979380
301846
421162
9798864
6002802
9821304
3725868
6896016
1336344
916622
931838
860512
2189078
3559578
4324794
2742974
140218
9755850
7626100
782296
7465172
1405808
3632346
958620
4604956
7608770
1509798
182742
5182294
9675766
956
3686052
6351892
5726256
803440
5395542
1504650
5912002
6376612
2855408
7638084
4849748
1378160
601908
2611912
3447884
1633254
2981516
4797656
1075926
2126562
7588388
6978464
3551670
172050
362088
1396126
6073270
3855654
630354
7570778
2120608
7533802
7200586
2948076
5325410
8530184
3263782
878890
828196
1261174
4936168
1212452
1330244
139888
5034436
956156
1797780
5632830
2553512
6832904
2656796
50150
2347918
1901956
963702
7348506
7187176
298412
3389892
5085100
1072466
440670
3994754
8337378
12121126
10521032
8476692
4623088
113808
3480440
6496716
1291238
7659286
3238024
6968518
7298310
3114038
4836062
2345934
4028690
2388364
2954146
5569166
7791784
980980
2666130
3414670
3080862
150958
707702
281346
2350962
637582
1134136
4518328
697958
628396
42928
10551252
514078
3540182
8064972
9903036
5903638
7724470
2990330
7204354
4293412
2899288
7483836
325282
3420906
2321196
806452
4157004
1255824
3971492
5207092
4973644
4872196
709868
10304472
699472
7416408
28558
8342998
2068926
1876032
986064
38384
2053228
308288
6038132
337332
7179850
18398
7392332
6632824
6620136
38912
7873240
3035518
7006544
7409832
1019380
828024
9988066
578692
7137138
4941868
931850
1647804
2210238
1816
8136498
2274770
1610294
2042880
2106208
9142434
798568
5448806
1268926
1125172
600778
7262858
124910
3218766
556142
7783006
2290368
4562922
923842
378946
253460
1214074
1434334
2634238
271162
546062
3663160
556188
2357692
67194
4408972
1700688
1739876
1752010
491654
6376424
2588652
487840
6675860
162548
5901374
1458444
7237028
8095028
1502624
5817980
1721924
7595788
1404984
647334
2778570
5990800
10776
467102
3196218
347512
83168
1739082
116666
14734
239390
737372
9032744
10402056
4436912
7774230
6419668
732234
10245024
365062
207186
953918
3982420
6339678
1611868
480036
883438
2288464
4628980
975108
6889722
1608780
202230
4719150
1067430
9579428
9800792
998538
5197050
5163078
201968
3746172
1218750
2502544
1704958
2048752
3047534
8087416
10065158
4174128
10033418
82188
6772742
782800
6361996
1651344
2680116
1191488
75606
4488974
3272900
243632
6756176
5453488
2281922
749402
3848848
3460372
115360
642214
1089362
2400632
4114068
6074504
8566930
2874242
3642640
1632698
4050106
1873262
3497232
2233666
5492678
3726366
2207170
387794
745318
2945178
2458838
4187600
8135276
7322300
7733028
3808282
3540976
89190
4865766
5082026
19764
5717278
2684610
50124
1104304
783108
8369088
3580854
64654
126632
36886
7790744
1182132
118824
82026
90822
7494232
5142728
26204
845190
5546230
6759090
2325926
8901054
533636
9835762
160010
5917906
790024
5881550
175744
10212390
2282566
7634674
1456362
3959038
102748
6915174
4064192
15846
6580870
1399534
3081702
5299296
13614
8800036
2647510
8128746
4987204
346152
4108410
4046388
3773708
11216004
172742
5073570
4372694
4979762
7092430
6633308
466558
809328
3810150
6091748
9073620
284716
2237906
85916
5516330
178442
2318212
6755848
158964
6775980
6966330
9349396
2318642
3884682
3499046
2123848
1422558
5889412
2162838
1699096
463434
7558200
1016968
22120
6387578
4128934
2752078
2163468
6058458
8213818
9697854
7984072
10231958
3078616
1711756
4903466
9049482
1319110
1257446
6152010
3940820
2403518
1182992
1128956
6815258
785064
4734356
1609356
306116
3703298
1788042
846512
6904832
9437200
5010532
3888634
3232116
6515848
1819528
7987274
1277640
3834342
3127792
6921616
5767304
56
2123606
5211898
5133620
3439460
5687228
579130
4199748
1547954
872314
705730
3787866
1439234
4043142
3468218
3116228
1183974
6430260
1676044
7812438
537666
2824222
3016
30954
5093352
8161928
6496008
2448514
688484
2979044
3893486
8505814
6898322
83724
8212054
3607518
4558058
666436
7605946
4920194
610784
7456712
6673352
6820276
1828380
2160320
10733396
4400776
1732126
1678732
5402662
645916
2764652
5353260
2569172
5875306
3722416
142350
3715708
2507270
1937696
7133190
7607122
1016704
3816928
5993992
5382374
6929878
2299252
3031170
419452
6753718
776826
494158
863396
379948
1656826
2873652
5703048
7115280
703718
18164
5292
1641546
51818
485664
6828296
1075278
7011782
2344356
1553794
6285770
8574202
6249076
9396106
7018024
5890914
190612
395468
3407008
5879640
975038
8648092
2270790
1394418
632760
2884234
2319548
4445478
425608
6701570
2106980
135730
2599698
2645788
6678994
7678096
3760980
5824728
9501072
710836
16022
1859832
507098
2399870
4176340
1315694
78186
2400690
6524452
5204294
1700084
6062318
8948050
940258
8435936
4530976
8047472
2424308
688950
6930872
35058
4962022
622844
989452
7400958
7413230
5009732
3752472
537838
1664024
374922
5822238
2763222
172728
9982078
1541138
990368
736562
64184
4141720
4816750
1259882
651398
38362
8990052
3341736
10101008
3998100
1549882
4275620
38322
257748
5646860
6890700
8761550
480258
4790084
166098
8340
6993608
8415430
10455038
3047000
788982
575184
3516634
1882370
4613726
4632196
2958094
6343354
798260
3726068
1727560
661756
2102034
2774972
5064844
7001526
4481492
8218196
4626032
260240
10454454
2990358
6882216
912
5098512
7727362
4854896
2516512
1540596
5281956
556436
1357892
206356
5783398
4604840
3119210
1471844
5441982
437134
42958
2888056
2510796
1936900
27148
6926126
4773788
2028344
7430176
217554
5908670
6858674
4625684
2245782
2847070
4316374
2402496
3918770
4021330
1402490
1936750
1469546
3932968
4324
6444164
8091488
5004634
5507602
831472
1766584
7395618
1136720
5169670
11081638
5062112
158488
3296414
5495144
5871482
347784
3642620
2667810
7442206
5926464
1795198
3023948
6092754
34422
3107920
586752
3510322
2949700
4932518
5760182
8043100
8708994
6601278
13986
13274
392014
2051266
4206866
9682922
2779378
8819466
2358974
7272080
4994198
870664
2624982
3077492
4150790
492682
1348382
1977856
11214234
5117358
759106
5557764
3433556
3641138
2840550
1305770
1029618
3106884
1738094
236
856226
2924496
3962272
4609542
8307386
7070176
1025508
304048
471470
3066746
36972
757240
5012412
2255138
5178496
8707416
795712
517166
412722
2372434
387344
71104
10314458
465130
2529636
1611720
125960
677900
2888024
2725948
584468
5904396
8474430
4179818
3531358
8207524
2719882
370858
193534
7090094
1401102
2988600
4225866
2300022
2464116
5292560
1140074
1920502
10043452
5420082
8515852
2553310
6891972
133998
1291030
5765470
477648
697318
1042968
5935600
4822184
3156194
6286310
231564
5307814
8172562
109420
382142
1875916
499582
1271086
7236320
4960020
4406748
9037050
246682
2120082
6612722
2367036
4796798
1965642
4665824
7093144
931340
2451048
4420182
497520
587712
825966
8085268
6170536
346828
5117226
1245846
1219862
1087394
1517440
1140276
3240070
5377090
3053986
4340792
1545320
1032920
911404
10762360
191252
4189958
11253592
359698
8767370
5028966
537070
2775444
601798
4471900
2035106
129890
202858
9184824
8563400
4852504
376930
8664940
3593618
6508294
3914350
4927824
2501266
327678
1696234
2754664
235724
8508346
6238262
242070
5435944
828154
4796054
4165070
790158
938912
2017870
1030284
2478032
854176
6320376
9114944
5618376
6857362
8175930
2206706
8388852
3823110
3791802
1426740
10238104
7815022
621682
2123700
8558922
2006774
4954610
468824
4632778
7648866
1417842
2942832
6796594
6670056
5458432
65882
22756
1519588
4946358
752390
5353604
4126602
511358
554496
205260
424268
52314
967126
4522746
2637742
2992338
5288234
1511810
5472372
3556636
6210516
9091686
276194
4807018
4673542
935024
9558018
4459010
145028
1225342
204528
9553114
3559238
2383096
8775684
427002
2596318
1865882
166318
1169586
3901066
5696740
6156564
2134214
5080200
5027202
600124
424270
3635340
4863492
8897004
4984128
7452
512742
7811804
3701904
2641614
4297266
1515162
1242400
2238926
20338
6073968
1449446
4641282
1477772
100088
2867942
5465668
3767080
6027884
195094
1144020
7605524
287260
10634452
4364102
6597326
1689406
545008
3160112
5767484
6547498
1783030
5713850
8272176
7055152
3756274
336026
213296
2213226
364726
2569746
2657706
5730454
755152
2598284
361126
1434294
160964
57080
97410
350692
169892
101146
3370968
5856666
3659048
5769244
18020
1035302
8840380
1651786
7831056
1690570
238500
6137698
3792350
51928
6485526
9672560
1392640
9074754
325438
7741836
7289188
961086
1887336
490310
2774074
149856
376598
1797884
772416
5723974
1733438
508788
3272994
2156656
7386926
3596534
5868628
9445486
4131624
5392864
2982296
3033246
3994542
5309048
94066
639770
587926
520266
4311274
5683638
324298
317418
6014134
4102206
242550
1313352
634564
1651464
10276396
106298
4561836
2978498
166946
4811138
4822536
4876564
5495792
2137024
3152048
3427086
968836
129934
449358
2792620
2853228
27022
5161150
3574964
55776
2048496
1923228
10037640
4705878
792316
374698
1915360
706144
7724358
2672698
291744
1218854
225380
220524
518898
42192
2633778
3604380
5728692
6543042
4561020
8455524
4942580
5572064
451432
2329174
7488322
3523148
5930522
8461736
2661600
1323356
5785272
963300
4850054
2067964
6574894
710258
3127738
10536750
1274188
10417398
5537388
413016
529310
6648414
5188458
6154484
151452
76568
8749174
4187174
831606
8615028
6570302
4176258
4707922
2219884
5945730
5831296
5553762
5350522
4334310
3200342
6391562
403316
9109492
2606256
4675380
910086
6518882
1649950
6022738
5801064
406354
1177890
3225944
7130542
368346
166292
4905910
685748
5699480
808728
318898
7477276
359538
42780
3711432
8176782
718984
2082326
826796
32954
3114684
9936642
8124394
3728002
235708
160316
240252
841616
3962202
7191076
2149146
4925208
600868
7170834
10871260
3465842
4055862
4465702
487664
135362
724990
4014
4194722
6697880
2437788
5083534
5101410
36420
2268592
3192350
3035672
1634364
6538722
4346840
7251930
4080802
1336822
1555984
663378
5678584
2309756
950816
165804
2005452
2033942
2211826
1124
221476
1344686
1951924
5899386
9167464
9234622
2993156
4972590
146726
10871016
51026
3002814
2269396
263054
5768334
57612
1686
6384880
3028542
647858
8402828
9137348
1608902
3976832
3336036
3972334
6039882
6894970
5261530
92296
1498616
1174796
123562
1489344
1828692
952952
4396624
3042236
8309594
2786070
647968
2165504
8797712
28958
1670878
7183020
95452
6847224
2941060
7395012
216646
6907146
7069606
603856
9514184
28916
848464
2461212
873906
3706672
1481330
844524
3082406
1481448
8690216
5590560
2415606
1102530
4008078
272842
4916304
9137392
161742
3723124
1403218
915616
208160
347978
168630
333608
191694
1352218
16164
1043138
2795028
117032
5993504
1210140
4458130
2187400
1448118
789128
6189554
1099774
7053324
1891014
7134770
3994530
700876
7320832
8517554
1643112
2539648
2662928
3718604
904530
7082172
425930
8106220
4839154
803464
56942
1648102
1725914
5266160
92602
7723732
7609464
2464356
1763068
6951880
3209850
930
955234
275862
9176844
205418
6575528
1618302
1306924
1913844
6723684
4059344
2697694
2775626
219870
206200
3223248
427092
7633994
2053646
1504498
5826386
927230
513098
1259320
9591500
660660
4398624
1508944
2767142
51422
2743208
1750158
4992738
364134
2042656
2153536
2101938
959652
3996766
7674012
6190836
795070
359952
7239586
4760580
2956164
3326630
5834
8434024
2770652
721138
8381924
1529038
7337868
102818
4244258
6220798
1926574
10060
10940960
3493298
285396
2223716
3860794
4028530
2012950
1054384
8559998
10001688
1509810
8443816
6560294
968854
2847654
7105824
452438
6905542
400902
1783276
2651670
6925390
111188
433860
3177802
4390560
10519760
1625088
616666
3782884
10039784
3317754
193526
851242
951192
3055508
685420
3425822
2549186
9235858
4543802
2077820
1229472
97402
426592
2613046
4333630
2598480
9948824
771788
1879018
278996
3715078
139566
5144968
5118534
2389472
1904328
2599846
2588830
1194800
4885362
1176986
6419512
1152508
624008
3864
3712370
72598
3500870
1920454
1421276
3779462
1230806
1721786
1654368
666528
1779424
5506242
6220346
11636356
5611060
7378268
4999376
5395356
7871632
5945618
1992110
299670
1728642
1196198
9711864
419522
881886
3327804
5436176
4341214
583242
119270
3376198
1147458
2681926
783060
322874
4912538
539568
7535364
323682
87664
5348950
24894
1949696
782638
8311480
1792334
530984
4264424
782984
4675546
687894
1985022
496412
1691848
1284838
3679242
421242
1306694
3921738
175484
626638
10813484
885366
16132
11230
3085922
7480124
11063366
5001518
11150704
4156460
8873378
8567970
6941952
9300274
7449462
298568
616500
859386
2844812
3625532
769072
6715440
1978618
497504
3341928
608804
5086478
6946422
1376756
7301484
1895112
3809876
5085604
7631224
5370628
8869018
2298140
6685870
942388
5479506
1204442
1678102
2441564
5395556
4184682
4746162
1053680
3195580
7949240
121972
387604
6729320
1638396
525284
19002
5306806
4392370
1348792
29378
1583668
3563184
3253728
2475472
177404
5635456
920314
2175510
994132
884822
8519498
1488020
4250868
523814
6899580
6354318
4323984
221358
3417668
1032004
2399048
6708650
4826046
1770868
2648296
8973108
2432590
1253600
1619330
2838392
6136962
2705650
306616
1063284
4977978
1967588
2419698
505444
332344
8531068
183110
3300988
881070
4373784
47532
6265060
1483306
26502
7946846
3441250
13976
4726756
6971310
5036488
10968
8465590
3655560
2160494
1109822
3775434
1359112
1313972
4920754
2362204
6285238
410330
349982
8503052
356696
7626218
4698562
154164
1183982
2297702
1479038
7548588
8517744
7498282
3759390
6797452
1736
2819072
786294
6407684
24812
3616250
2226604
244222
5601254
4532122
454674
3706362
6651590
2043988
6842142
661938
2095134
1859022
22536
460046
236670
7512572
6815318
906320
6793548
7766546
5168890
5246780
1747870
1362604
3130448
6972216
165102
601220
6258882
1142870
1314164
1417910
207772
233486
2324790
4246866
5257736
7069580
2609138
4091272
5457096
1361896
5821522
164470
1974080
48464
135534
2185006
7978408
679836
5777076
493512
2507030
994
211932
3457372
198764
171560
1650704
1487962
9216232
9545852
2212510
2163724
11327100
9264516
9450040
2707758
20296
8327134
1005166
7367106
4128298
4228232
1120222
7190484
9498030
4088150
2985942
4251852
4416750
1569138
1935858
1780360
955590
33958
532106
3366274
2751876
5771298
1141008
3368910
2308530
11289006
6977672
420860
5718698
3330878
1391586
7652884
7374546
2596398
349046
976236
4201914
127152
2849114
2713736
1747450
5468
3858184
369292
7626590
6077094
5010040
1415644
4600134
170592
7717088
2849030
727004
2267220
3632
4351218
1283458
9190138
4524246
5927306
5759866
10382470
731992
4002436
10356186
1130232
6181970
5393574
1158970
3665184
915590
1309446
2223660
1849374
109638
6550460
496686
8277720
4108236
2687212
2572500
60810
8350810
9483060
6942440
38052
4320778
4875510
4947614
5973716
152010
5758826
92386
538948
5571942
333940
7750526
1786770
1078134
377552
1025952
5025538
1125790
6574152
13996
46056
5819298
2824214
8087692
3834648
2349692
963024
792416
7111380
3466702
798962
3567072
8404666
626986
6503228
536628
7403480
438124
2063402
668392
3681980
3338862
7184896
8587760
101670
52754
1115240
5692064
6277778
3201426
149152
269562
2742834
6181082
8221506
309524
6354592
3298570
1067788
2950570
2292814
3273462
6323840
10681056
8862020
8557264
6001340
3315846
1159574
6376956
4363032
2432144
8511044
8594748
1824140
72988
8376706
3129636
3271502
6972760
8877160
3033730
1210684
2079324
1248226
1362026
1346454
404538
7692736
2239040
82922
1596366
5474274
10134084
545152
5917766
20320
7584298
1761982
902854
1531050
4276878
1164734
6493318
83682
7012974
5535314
3171044
155764
961564
1804060
290336
3572790
2164114
659286
2861418
6750168
7655258
3549378
5659028
1285808
3721630
861130
7252046
5197300
8132122
4543578
1125042
1184548
17956
1577540
119460
1229540
4048366
8713902
5051136
2294130
8233950
139616
4040252
606646
4889422
9118808
4580454
7188912
4305788
63722
3767702
6807288
9580960
8345230
874390
2950060
2527792
10035910
1443350
1987740
4709780
4716288
3340826
3835964
2268318
6855158
6288944
2759954
4360230
1475172
5819014
3434188
6885544
1485366
4000444
8694504
8121990
2622866
5417528
1475832
2440842
4324244
2165658
7071360
4002384
10158348
5508980
8828216
270426
2387934
1608548
1510230
775156
1223672
6967168
6664500
7913376
2300686
659246
117010
1765896
4606878
1158866
3560098
1134234
5585732
3379910
2848470
7709356
360248
5199734
2035102
6840860
8727552
1946638
5332960
1500750
2710998
2604092
4244416
3328602
215862
9758960
758462
174552
4553516
313422
2074524
547870
5443952
4830980
634844
470662
6437022
2372
2293910
4349470
6647156
6014254
5068332
12125092
10776558
5325954
9027638
4522930
317878
194906
3508174
7808412
642750
2782124
4977104
359060
2562850
1301536
5996904
998208
153466
8917012
7349526
8125276
1482650
784660
482614
4163940
7820130
7011186
944968
5161714
6050582
8757182
32664
5202656
2617796
89232
359480
3493736
1373954
3516174
363874
3463714
935954
6811270
3281208
9102154
2459068
7123066
4381786
4406454
4985598
2364334
3252504
1562218
6107716
2182342
368724
2872880
3672642
103562
4272214
7185654
1153842
677192
9227558
446172
37886
4417604
5978762
589732
1111464
2382782
1279238
4865610
7408986
1302070
2496318
2499398
5068946
666124
885610
5395182
636174
5041344
1110346
939052
5839338
4216608
3419234
1790410
59152
7278636
6032118
2746740
221788
4912244
113332
6174464
2007436
5641620
8967848
36196
180780
3105252
557822
2031296
2467702
1628664
9849142
1615818
352390
1850638
52688
1950852
5528042
2854728
6804310
9036404
526682
6332850
1067444
811120
3061374
243082
6272798
8195026
362762
1236852
6349500
4615528
2248328
189238
2532350
2733274
8906796
9866360
2143228
740578
2308526
8508954
1266358
3982786
766512
6171326
8249194
6923616
53766
3810
2301324
7086812
6296904
2270678
4477944
685834
3497160
13242
6926088
19834
1768392
7553088
3269528
6777978
5122992
327098
8198482
8346166
1057256
986538
3936680
993696
8160634
4545120
2896614
9172686
3281312
3407322
2323876
3129488
5167786
2959510
1296020
2061520
4732532
66636
2228984
1111684
7817972
1290674
6962934
619468
6161248
3569796
2950060
249786
58110
3208066
1050844
9872974
3140334
6769628
8170870
9103280
6575480
1383226
5550544
3649050
6942224
10310982
8172770
7561976
32626
5787876
5585210
209160
5422872
141852
1911408
3130410
7049914
1736360
4958022
7443186
5595172
3822678
1164728
154400
4494878
8171858
4492806
3548776
3251388
1531532
207672
2181158
1287120
3065426
2663862
6660240
2473744
693992
2153556
7504874
3742934
10392692
5504022
116230
7107358
7981418
1166994
3637778
238760
456416
2791282
967132
1571350
207550
3321592
5744054
7408556
5330702
6900340
1705816
2872756
7717570
160850
4232282
110640
756716
8930584
797118
5221002
841198
1326452
4366282
3489246
629178
4617058
3178
3014824
4000510
2798800
8742210
6731904
447626
3681862
4373204
1695964
304200
1094194
1249130
36806
5387546
1347738
1525642
6489002
3100144
2532530
2885588
1314156
19126
4467722
1625772
4844894
22110
58548
4251090
8312014
3471400
3193398
7569550
2409748
1324818
4847252
2539002
2747968
5266584
308670
5637894
176534
6298174
4602084
4614018
2421212
2970480
9909194
8086738
6738276
8607744
7122132
1818342
7048724
2672770
8437392
968128
7607802
9655580
2787720
517846
77888
2989986
3654270
7741322
3389688
1532620
3005392
198184
1180394
2618832
231974
851616
10060806
3988482
1703874
1408236
254934
19968
222204
1167058
4727438
6020928
1727750
4222614
566884
6491840
5644452
6068654
2122584
384032
1748834
3861794
3226904
9395186
5232090
9259092
216976
2330480
7476124
7381784
7173262
22570
1187736
298532
2457484
5504870
9082388
6025820
4016690
5360900
3135470
7546308
7378544
3686474
111864
5768666
3051410
862544
8043346
6458620
8948472
2923836
6235810
1637424
1092128
2129862
14884
4312566
8344028
4700308
3841440
1301540
2626648
116954
1259330
6377964
4090554
3381610
1766010
1504924
2854714
3972836
4714740
145260
999954
1434156
3483468
6921378
8430662
388014
8030010
7096676
1241926
692152
4032324
599408
3768630
6367266
6266700
3858858
816714
99368
4158212
5475054
100526
9257550
5777596
160050
120248
68512
560196
3396332
9097296
63844
5712418
10152134
628476
1098380
8119366
389494
3717126
2403422
11394682
6631664
9979952
432300
396420
1574814
684450
105756
5060954
6074036
3248440
1760502
3797384
6602744
5875396
1697280
9158824
8759134
6117830
4998074
5256978
938574
3854606
2877268
5536274
10792464
1101426
4623304
98998
3047440
1314910
21728
16322
4126528
6429534
279402
3839890
230804
3845160
1320818
5854962
3581976
6924578
4452718
4872126
5255408
182458
1498286
3900740
2127398
5328
4197574
1182914
4833794
5956680
5918974
6496960
2913938
1978276
380046
41406
5685788
1843970
2336626
7718242
3988506
6246100
2714362
5181560
296722
5923334
3897172
4508188
5207662
3977128
1241036
3760690
8515060
7522128
5330826
5531454
2409810
1758306
12299322
1229440
3156096
3716318
951082
5807698
460006
7586090
2029444
3785098
671616
2376580
219496
3134072
2413848
2527086
5902016
841072
4047914
543752
4684722
2735892
4290212
8301630
1779758
376738
543700
643904
842952
1906164
6381984
2511300
5662732
1957280
62774
5204898
4592130
4749992
1605156
6176632
323182
11050518
468784
3560278
4662028
5056496
1753438
5868814
2187316
5462160
1865356
3322102
3712432
96986
354406
5826598
4990188
6285404
2035528
6034792
3172764
169612
8123618
853872
10302
1317032
4019874
1794878
107022
2130388
7804952
2802964
273186
1431758
3584050
5459522
2114022
6608878
6143296
557298
1555104
409194
6418064
2636466
3111188
4462548
9349446
3432340
815906
5052712
2328128
2778994
1384924
4199552
1168074
4640590
2360790
5433298
3587468
2026566
86044
6234378
6378920
5628502
2953268
2589426
3922734
1113914
3814420
8753346
6890790
21940
1822654
8402276
3864418
1431290
4885194
869198
3677242
5926896
884414
2561830
6212118
2252328
4821990
4947770
2335186
2173020
22386
1138872
7799304
1506902
9144698
2176386
270018
7747630
8169066
3665024
6696594
1627874
7418220
4743656
536032
3451782
1704078
330722
9021276
108932
80322
1731866
1182162
1675376
401436
3301438
5541542
1898808
1783716
4575884
188018
12075668
5798402
2388076
969606
3393510
7387122
4257438
4701954
3101056
10367480
1063746
362296
9636
8565508
2999858
3883540
3494952
6636760
1148540
7635280
1010486
83298
6700314
1099474
115814
433246
54942
8291364
1758314
1987804
4085786
8667348
1850284
551890
7833972
154550
106510
941486
5407144
6344684
4850548
6650242
2057254
5198280
6749480
6889658
4769934
523990
5653244
2137936
4819248
1235780
1713964
2447720
957010
3565124
832236
4909864
437504
904
1231614
6774858
1164520
23036
688482
26578
7458738
410742
3026830
7979396
4632198
4301272
217910
9321784
6538246
4924472
7425342
1771716
4583460
5320204
4608976
156368
640700
2209310
1501234
5298566
4659628
1331526
5743268
7493280
5055930
1072862
5719012
6399384
4716644
4941918
4798880
4238040
2469714
7334322
103140
496312
1282608
2976184
9703342
6078108
331984
3783170
6050616
8576674
1690738
2919158
3885126
5043330
1309954
325162
20656
8647428
4894220
46992
3955066
3280788
35342
9254754
3057300
6465106
818462
1239398
4641950
3331530
5772516
3134638
5633102
7082288
5267784
2406526
5809360
969222
6050790
3176230
7425674
5022856
932796
4418954
3228830
3272202
2585214
4141850
6109818
2242338
1319624
6065154
4716910
1639210
5965872
6325566
872690
467366
4978306
2709302
558366
147108
5883948
1502790
2369470
41744
695694
28170
3374650
2222014
968828
7368896
2012110
4338004
6075756
3552628
1464476
1184904
3057438
8516776
288202
418300
5806594
4524736
527542
33006
178780
4638750
324594
8707678
9695420
1553022
14792
4524264
2406478
7173496
1859042
1160966
204568
2783360
737458
2079986
4378314
4190022
3896972
1751674
1352744
2418404
4542978
3856218
6545794
5791204
475292
2434730
4604894
3586440
5264670
5386606
4576200
3864702
10786882
3729328
1833744
1782906
457268
6073392
1086432
1599218
495258
4534140
1709112
4612704
4459744
1049190
4160106
2238610
7047150
6921662
263394
671044
10010164
5549290
5405960
2170676
3883096
921552
6583286
8360260
395954
1312740
1337752
9939296
6920146
5071944
3514462
356206
6861996
2396586
5288096
3808378
2716558
46324
1450432
82800
1253438
6458814
3794056
2994342
7041132
2989800
828570
1013730
8741322
2713340
9204250
4046468
550316
3807332
3923450
1895244
6250764
5574368
10366000
7771692
5557236
2376156
9542550
637578
5052194
3338
48876
259380
157928
14192
26204
100794
1342644
59078
6821536
4287016
1827854
1949086
5707984
711474
316320
6422778
1438
9560
3443304
417150
4814274
1810498
7113512
503748
7906538
7933028
1037780
250824
1758120
5712222
1933252
1936334
1808552
1695558
134816
7978014
533294
7610222
9296890
4222504
4020784
2175156
2813664
3217264
9278958
1029920
10678898
4861470
3318146
3401954
308272
3102502
996300
5222354
8444160
10741674
4826720
4126070
1675658
755708
7144334
3197594
2456908
1783828
527476
7894858
2236398
7005706
3680866
9438850
357464
4884078
2869554
3091480
4167676
1574232
350300
3793988
1375138
80566
6434006
5989776
14556
1093294
2981222
6170204
2532104
5313672
40128
510970
6565742
4953188
6304170
5860484
4218120
1185328
204566
645364
4272494
828820
6115230
6761576
473094
7366710
5912538
681530
716174
3168944
583594
40032
356080
9511698
6186566
3770200
390888
5842222
2677238
9762646
8010770
2904802
5504334
617914
1705420
3708046
61290
5335130
6598608
2785978
1655026
547268
9546774
4569792
3069314
311826
5003292
750950
2948876
986130
8088776
6567712
100964
1691432
2708
933650
5090172
4850932
5224788
5102038
6029828
5980928
2771790
6182682
312176
1048738
1099672
5438970
117932
2036906
935894
5831096
5182334
1779160
8696904
61084
425896
5656252
3654906
1008222
3863766
1523518
4891798
10891802
4056
8008560
813126
370614
3945876
359958
5599872
1841468
1686730
1427474
5830796
4215484
11840708
8029762
753202
7878688
11241130
8229170
7820430
1239788
393096
803716
10272918
2183658
1885486
5607036
871170
2419540
80124
1924746
72004
1211492
2496286
7586860
5852966
3932114
9287328
5517620
3388470
5308638
81654
254892
2991872
720578
3427272
1029726
3452
870452
4499308
2890924
3806770
4391146
2292886
7325428
5899346
1645420
4185506
2758430
5308332
7406910
7801548
7469956
5616530
2407024
883554
5101858
1061600
1118332
9601510
2165084
7878920
744002
4357164
8394290
6447846
1340804
10135122
1248602
5354606
7316686
3491706
8876858
5295668
5127254
5324164
4513456
7711156
480418
2207808
7337452
3587290
7186956
4954648
6795418
2343682
994
2239782
503018
8941814
1721078
263518
196212
2975658
1886856
350446
6291592
6612466
4468812
2504690
63272
3724920
1902940
535162
6718492
278948
63328
488694
157638
6104998
1761390
5893180
668856
3185802
3093154
3038142
72314
3416210
4435436
8781282
4771652
3609348
2214
5771144
3494406
9589654
4681030
3912980
771324
1201672
5468848
1028394
5688538
9314956
1360024
89068
5185482
78696
3352558
3279320
1012686
711090
166576
7627514
2460234
8330176
336608
4581956
2810972
5733344
1833558
3639526
6037998
1386990
3342814
3647400
7605132
8333658
1063150
676430
595374
2436804
74720
60996
1544948
1803034
263634
2612396
5093044
146590
2090866
8789228
4047158
432502
8697072
4277598
6622210
4834160
8035194
3486276
1084854
8683560
2533614
4687746
642366
2226812
7970738
1473268
598088
7832126
3750604
1566492
2507902
1979780
1071902
1836728
6691694
3062558
6807856
1535328
3558494
1865230
995154
4168824
4903586
1073928
2119784
7942186
5116118
1194348
9109922
3618746
6137518
2098050
28504
3474130
2582222
2453162
169854
1468760
2313916
324142
5158154
2022566
10053158
440876
2664082
1422896
6042600
5717466
455712
2638320
10352
435920
4828134
294580
4728658
1747478
265114
6572784
7653584
144070
2285570
2708138
4524
6172884
7519598
1494192
7584194
3339526
1245622
5600504
4164510
4601078
7648106
2445582
1952562
813334
388888
5949498
6379062
1818692
2472658
1561254
106004
6943294
3795994
991686
4125958
1100228
4763902
4281094
1532066
4545026
10580680
3707012
5396916
2514348
2541808
2818126
3197144
2879182
106870
4419744
3071462
7771970
1027830
5999380
230986
2646900
2206040
413540
1140460
3400672
268398
1840604
142612
7271910
4503480
3173688
9110910
8546746
9269572
10743166
5452738
5626648
2959526
2975422
125448
1097156
1762800
9293712
4477812
1094992
1198654
5639672
2466690
2218764
805312
9607116
3915248
3153996
79578
8744348
63894
7774
3691892
6636822
8191518
3968820
3005310
703304
2819674
2330658
1143432
5723280
2821286
67822
4014014
752
3014726
1008706
1645908
145026
4358668
8061502
10264020
6418584
3694980
7792744
1784410
347894
5470818
3793684
1811212
4971114
173778
7693360
1475008
3423930
152818
6273650
3100968
1322224
5582260
3669570
1712168
2115898
1434268
11578
4898944
4674708
1686694
614408
2079284
4170704
6772216
2149886
268742
126272
1735896
3058062
3818170
10738926
2613300
3367842
2727394
1997958
107890
9102086
2602172
1460056
7953404
7052938
373926
2889056
4574068
2283914
347282
1273986
4504506
3743354
756646
456236
745226
5881456
2888748
1459672
140086
2162494
693452
2016450
7260376
433102
1625686
5741534
5345804
2167686
98520
1598998
9700450
1171892
5149908
7602886
504232
809778
2794778
5098788
6110418
8899048
3946548
5862868
1160068
571414
8378042
646822
5110804
782180
1988198
769394
8481758
1175028
303752
7590022
5931380
4897786
5911860
3737142
3659336
3307188
15138
6013600
589288
1112968
2287464
486290
2410276
256328
1502640
7866566
9656788
8333554
4279198
5165830
276408
292280
1611916
1696786
844532
5424960
10503062
2554564
2284380
4560722
8623552
5797362
9218990
5897126
166726
1111736
2358620
3731552
398250
2083478
6338232
2053764
3199922
1220018
1736620
11408998
117972
2315838
4291104
3355394
5742532
2444380
3502646
11644
9879326
6498506
1923436
3287584
577780
3773210
8944184
2698018
2230168
3615686
1306558
64190
4446
5548084
6574882
3692914
1726390
151280
5896626
592866
7395476
6127146
1288024
313942
1378666
2470972
584988
6003564
2791878
3823318
6833070
577670
7858178
6879190
5191086
1742914
8738198
7904594
1001176
2833554
2103250
1239378
7048
601318
1732430
8495480
4371842
10147414
5067170
2987352
1384510
35262
3749626
7933396
446152
4638952
2373236
2489378
8992284
3846190
59602
1597446
45706
6019230
131412
711020
3265090
7678930
7664250
3306448
5389106
378106
6011464
5783522
1064932
6621556
2202738
8541320
632260
6798298
413960
172326
23372
6397032
832526
7598752
1969258
25702
6433872
3979804
1687440
2721220
2126646
4967502
1600228
3802936
2063538
1331034
5257624
7953142
366910
2825824
5221438
1785706
584884
2503526
871366
409556
2168368
5961382
679476
7865050
723934
8054062
1107004
5529230
8479316
3313666
217066
1362944
501108
2543200
369734
3889486
5966080
2528040
3697768
8113272
18798
3379944
9045280
2614750
425008
7004312
9516584
7834182
2756570
1181752
5197172
3759326
3298424
1555650
3621568
11265834
312762
1452612
845088
2588722
450444
2746834
23732
3946396
2696446
6339440
10464690
979022
5939428
5900492
531890
3085232
6983734
887560
1469006
206936
3085564
8008044
3520194
4088270
631516
1589288
3127842
3120968
5092258
2222458
18846
3288398
755962
7338688
2342874
9961074
10309936
1725012
15186
249188
7831598
764648
1749242
5937534
5161790
5452
134128
458742
277818
5664692
3173652
5296968
3254320
7270186
4888534
4774724
8518380
585144
144698
3868866
3711958
8839268
1056172
2523328
413170
42456
3901140
5064816
2333114
5756410
88008
1443534
4437044
9095994
317554
6052226
7463912
2133586
4418030
3579606
3504890
265668
1156
740632
4247448
7429606
5338402
3835422
2631740
2157694
2133200
232210
2140040
5683046
2120994
262322
4910852
8375806
7014976
2884430
1135572
5560978
4311358
4691156
1132256
5893996
2161236
5798786
3216074
456002
341276
68110
2797250
6817016
7222714
1771936
142044
3257448
5284384
6515204
4119142
1860706
645636
503846
258726
1518488
6927048
6551746
480692
5428196
952686
4929508
3744702
1340006
4757728
3978180
8836494
3963218
5999796
3137304
5356286
5111184
587406
4375310
84138
6671440
972194
10696500
2487216
72468
909240
4697682
6295424
65346
3597772
365718
504856
290790
5924722
76606
5575364
894792
8748612
7460032
7762718
10905642
3555000
3764916
8399632
9463622
2168134
8700984
3722256
5019496
5781950
6283260
6565980
300776
33556
4907772
525410
2103030
1170030
216786
8647756
950024
2343720
342712
1276670
5930162
5028488
104582
4647228
4071012
1624256
579480
3499456
331390
448418
308588
8856744
6563456
7128836
1350322
4608182
6842440
5045232
1527396
4949530
10227844
5805580
6719422
647054
3587316
10422420
7583988
5421524
3157566
6259744
1979746
275390
3533788
94246
72812
1019244
266738
781766
3655848
6772080
6957904
824466
6294604
4273754
953810
3742112
7344906
713818
3312
1484744
1575670
194562
553262
7199848
4630982
198698
203534
51040
2142704
5377432
122094
2350682
12385776
360962
216926
3873878
6519982
2471166
904514
2331398
1537926
101614
6274328
927356
6848648
3390142
5675948
895574
5906000
901014
3684284
6266022
1179032
8562654
383172
3489414
2957920
162684
297688
193408
1157200
5573238
3058590
2075124
1586360
54420
10206136
6237044
5443180
8499494
5887230
1028144
864772
1819914
5375090
9338756
2329678
11087516
11276372
143434
782708
2216494
5249116
122826
3886230
10021828
5468748
5562504
7249100
40286
2158626
2833074
4724000
10729912
1780792
977450
3016310
6606854
6209292
1179504
1249744
10323482
4374072
1417150
8942366
3191676
3152778
212534
2597908
1692790
5834622
1453242
76670
7544224
282628
3262676
1295106
13932
3044806
199376
2828118
1808284
1346258
9042934
4144098
1413104
358
2001338
6785840
265950
4467030
350686
1463654
1759812
4820578
5420664
1382118
132176
114642
105180
1019902
6033954
432194
2678144
5009766
5219664
2715010
2561538
5546572
6944294
7081568
878342
1190514
6757180
157348
1229930
5288224
3117508
7083806
3717060
6405390
5858834
2961706
7270586
2150924
1204146
4661512
556620
6107586
1407848
1723714
482370
334026
2258168
6681474
2845650
5807520
2933144
2319254
7354460
5266096
7898794
8683510
6264484
3020166
1037908
1391010
3171928
5753756
169504
3336642
24446
2371438
3897534
984338
1358486
306764
5646126
3832430
5816120
5834700
6324570
1957770
2820258
2379824
9371326
9155322
168274
2997910
7323080
9244656
516060
6398974
3002750
6868672
2047968
3377542
2114022
5200
1046174
5788154
344308
1477708
620512
1411906
1531262
2010946
1196122
4714572
2047170
6606602
4848808
1608646
4522648
7119294
4585426
705348
8430050
603922
858382
8195536
5005118
9488786
697446
2525948
11404906
7041316
2972516
5966380
4801554
835692
2930414
10961636
10831336
3858988
1357524
2323826
996334
7661294
675230
3408680
2394028
1707612
6860482
1672422
3018414
1689434
2482002
8994904
2473134
8018608
3115246
2876674
2228614
5793044
4037026
4771674
10095818
5898688
2348482
1393370
2552024
9130520
22512
160700
393696
2115506
9504478
7211880
510278
1911416
2908202
8469398
6518372
2100850
3086618
1438350
3679724
157476
6262240
5554776
2599954
7922928
1767398
5561076
427100
2297430
113426
441270
1385812
4081414
2893700
2348890
4514896
816894
2911624
2364490
8881754
1058278
3183764
143286
5942780
3280856
3639878
1367528
2599550
21252
1047512
8449416
1462666
124390
1039708
4115072
4807714
314314
2608668
3100854
3745848
1893688
525840
4389764
1101356
6073012
1296428
80
1469982
3248598
1605844
4680452
2300828
3609862
7299638
2361546
2005806
4099748
5566602
2502690
5503852
720654
4379432
1443216
1494882
2878700
1703254
3759428
2363388
4095850
1088776
4597112
5217938
1522998
1084402
2263920
1765106
699980
477642
7020204
2710562
413664
2713656
7031812
61522
2017160
1118456
491558
639262
2009774
357222
95004
30512
1072834
4075948
134596
70772
2346014
1985380
4162546
1888318
5712102
1897978
2084872
10300738
3273966
8003746
4313466
3468556
251280
2076790
4486552
3286304
1290020
3600732
2387744
11786
7117104
1818144
3013164
415108
5839736
4893744
660948
3299340
97286
4375112
3865604
3874106
3223812
8613122
1782814
7076086
130220
1000062
1274404
1807474
5336860
8484268
7890460
1853820
1751148
4866402
4934574
1409702
666958
831014
162218
198340
2644764
5760022
174146
6393444
1366666
332508
4686698
1740528
1571404
4364090
6312596
3996500
5593554
5210612
55446
8462230
802918
2182182
1900006
1973136
1734612
783678
7662482
2760344
1359332
372236
1391118
1142386
10742666
414898
1761334
8029502
1150244
94232
5118616
2970000
6580502
7145718
8841898
9909326
1061170
490346
418540
3190374
6512510
1528412
97418
5499114
3912830
982438
8344614
4031008
567310
6784732
6349720
4879368
1937910
5646472
2413304
8977020
2458888
2005210
853318
860694
6352252
4945536
1525846
8542338
912544
4509932
970208
72060
3052732
319700
399900
2642090
3953066
1784080
9477640
735060
495156
3301084
2965030
79850
988446
1648354
2079244
8534614
1050352
20726
11411254
5271746
3612904
2561506
4172
3800472
6504802
103586
1130754
4297832
8737562
152690
5289028
1992122
2638324
215362
2165392
9795626
262774
210128
1118190
399214
990
5682
2244974
6793542
1244658
5228944
6948284
1431480
1939070
251816
912564
3316610
1486588
1947660
6398626
846278
52324
2343988
13218
2501282
4234354
3106250
799958
6787532
6265796
1521666
9970678
806936
5350982
99930
5438406
2959488
8658520
6445494
5819698
3516008
7914964
2688534
4946946
2610622
3106832
1038930
1962076
4515594
2567100
4366686
8433574
4772736
5367864
179544
421206
4223026
7508236
3795734
1925658
3567062
7378450
1415278
2017424
8870394
8309540
2205296
9502742
668612
1633514
7527946
1015852
7242490
4768908
1906264
7066006
6582864
2266382
6224666
4102208
319400
2270502
394494
78302
4509958
6670510
4235006
1930332
2123714
2289084
5179538
77744
4265424
6505396
2576490
4457672
2284590
7079308
6036668
6157662
927170
2442490
3437920
174696
3097626
1660266
4458404
9832688
1084894
7888130
453658
8845916
3700320
660746
1729330
7879380
901264
7535422
127638
6520772
7787214
1322672
974890
4127234
745138
1590898
161592
1558208
560312
484900
1376942
1738072
384574
5974948
2345088
5800664
1538708
500528
456576
1554680
2165068
321534
6123308
3074364
1059622
4129706
9934590
5612656
5509618
5183100
5659522
3098026
3838712
553464
2012148
943726
3639902
69968
2430776
1432282
9515162
5093400
6905430
7367314
2712270
2962670
6240536
779014
8522
405796
6143154
647922
1684944
792286
5888890
530332
2159300
6319224
1594148
10123330
232354
1471514
10284136
559796
2373486
8693942
550848
1858442
454050
796716
3740
6584102
4446636
2783530
62370
1101724
111926
2560246
7867468
2206712
1246468
5057524
1103598
2578422
3758988
883702
478900
6506476
6716920
834866
2292706
2404056
7412272
8107148
6325676
7656506
414496
2092046
6241668
970134
11472828
4334964
30196
333278
3835282
7339322
343440
7826702
142284
5364274
1215908
4799284
8215868
1055814
1507338
331548
3836564
3326726
6204618
5455134
7229642
1195402
1010880
3414730
5781310
5575092
3112514
5020440
238
3500718
6506640
8205228
673372
1447434
954858
5368770
2440
2305784
4227626
5058860
15162
5545812
57180
4192902
3250984
3182384
4300228
27634
730004
1415666
1235458
51946
6242434
3474956
2020148
418398
928214
2013344
16268
1202482
3416740
2762112
1310562
4110218
7477506
7028286
417618
559796
7044766
986492
3093268
6546536
45276
2317324
54174
2091774
899078
1528208
709294
800422
5206
2187284
1027486
732226
9323244
4825990
8446510
7201524
914724
2776606
3601388
7001378
5654044
9014076
8452524
329334
233396
4026294
5043198
1467802
5228164
7252358
5436352
3842340
2854034
72116
108752
971376
7579772
668304
8658
2666918
5344954
130970
4089780
8048418
2335804
3057926
83870
673612
6987082
9524290
2688390
4791648
60482
7231514
676796
11130224
1487456
155704
6490304
2095744
5497002
1376712
1756772
9063160
8931070
5662726
151792
9271076
4624050
1283900
4453320
5619462
663624
46870
667696
5159436
1752640
9710256
397804
9427344
1969998
4928068
2099160
8527136
4636276
147292
5926538
5652068
6762636
49974
634662
2612806
1233058
5513536
4288058
478388
909644
4897924
1485760
858752
222466
89628
7115558
6979838
6232778
1568244
7563108
8940922
6942784
6495262
1085578
4030332
8334128
3220534
13438
10507860
1186948
9820984
8585934
5464512
2197828
6676038
5059296
26924
2783910
4397100
3893364
5603742
435468
6384212
505752
259288
2547494
1218562
7504186
218960
4110684
3104356
127190
5547994
6774350
2333014
2247088
5172524
9553836
1878502
2555136
2911270
3739078
8604432
7015136
167766
5189532
8836368
3134990
5293912
4307522
162606
7069592
7583498
490696
8400252
5950608
566632
2935168
2047272
5706224
2614694
3005062
6061286
6072618
4500572
1319802
11331694
4100720
2271014
1931330
4466874
207278
416990
8962068
2753594
5656574
726684
5691576
4589532
9597204
8139376
92916
4240558
8899678
1277482
284958
3603652
7204532
4950062
3235526
542214
1567656
2238354
2670930
272
4121816
8343646
2939962
5921064
2052108
1596024
513564
2240920
3266016
5475768
5076490
3352072
501138
758720
3833434
37624
6032558
395944
480750
2427620
5322810
200026
9590328
3099898
782740
589074
187096
973456
5911930
4663496
5230752
4649466
3877070
919232
2197310
9389706
108782
6255142
9766904
778888
129656
3294574
2222532
3498546
3881646
2483032
1340154
445158
5966766
3758006
54866
1697872
20466
709408
5300370
271762
3486274
5883880
1065686
1917176
2297958
8517336
7983480
5430
8249212
330016
644352
1019700
1736048
7765812
84866
154256
4470530
681488
2134028
1806554
1510406
1284916
1871608
2766418
53416
959656
1036966
2121716
307786
6246588
624796
4615394
644420
3462300
1930654
3527864
4535700
4144208
5659364
35298
49746
1312658
1650278
4694838
4066046
845024
222232
338328
1450134
8966990
1534478
945316
118280
470688
108408
3996486
5570348
1020882
7265166
5854532
95882
6171292
3018386
9295824
2239520
322574
317882
1623166
2049282
95294
1465478
3089644
431858
3420508
8098902
2104506
2110934
1479666
3706610
2008654
3422090
3704096
3340848
1981560
5856152
4726518
2306710
1289482
16650
8050980
2722976
2653974
666864
7579288
5127974
5864050
1055342
2992606
4054286
5104494
4525500
5732048
459686
3663342
931048
892050
536582
2808012
5882438
5568370
2547894
407688
5225508
151258
5828482
1091676
617810
80318
3826726
329710
1565194
600186
6243390
2307152
1575364
4291132
420150
424612
2906112
46172
1808330
1905688
4365368
2022648
1767206
198798
3378232
3062620
387154
1685606
2257676
9369390
692446
3756610
2156058
6960456
3419936
7074198
4595354
4801580
3700960
10037650
3661586
234010
5598018
4016006
8282078
9101862
3364534
7182162
2541240
5668084
914076
2371518
1021768
46660
2997514
7404388
4435338
368400
3229940
1564466
3430580
112434
2184382
1350456
