82810540
33386504
89074190
92612156
29981108
17813460
3837566
32696558
34706138
21978960
73983912
2909244
54576430
1220336
40890488
75538144
7999794
42756924
77952010
100828414
54446252
18210306
52693446
18681486
74094158
10493144
22228392
5412580
47116888
30112844
17617036
45580900
146460
8939236
5666396
27358726
70290100
414572
21262400
97968924
72323726
55291626
24055500
33359098
17032806
39962836
28525896
5254934
42714196
2957534
35515380
76522198
53582742
36642934
4048306
3443832
75697384
32246906
16445242
48304744
50571322
9781330
14541992
76476266
44268516
71969966
86409998
51005504
21418194
2154590
785710
38916400
10750774
10721816
11580974
35019320
92034946
33369786
12309544
8884390
10590468
20976120
1809694
20903330
16531260
75719418
5421174
58999234
70755860
642780
100005642
51773972
29281918
2371802
1103296
41370208
21534482
65407880
33359868
11603548
293436
35960998
59630454
49620336
2377138
10010052
11039566
20081764
74648028
6157726
2251888
35580488
62258686
2868512
7615968
24282438
12336960
7951566
20557154
22326908
67415630
13318830
381192
67949564
12347396
13356956
8197282
37656398
20888
27109562
78725972
12358732
3297968
14262350
921542
41290970
82360850
56715310
78286066
95241848
63902534
94235480
9530528
33538498
6277520
82698124
27158634
10208948
41142862
21797640
44696108
79361760
4404170
20953292
31065640
1579124
23467168
18710382
67465030
2276
353938
4419396
59309362
47374826
1650702
38194800
10513870
529394
9681664
51221282
31827948
7606750
72081866
6642452
74441574
109091008
38801178
69828194
12957536
1385274
5092968
6476110
609268
24622852
1834198
12840960
72550744
46220132
37562298
52939078
46315716
59608290
5571748
11674222
22516112
2481564
65606924
60082704
16665678
28901760
109137228
15710586
1434522
6734266
4352910
9548276
36172770
12536044
492018
22418500
31007576
7947762
5316794
16535232
76921906
20886710
13578112
11140948
33887090
34177954
12577076
35139722
1281752
28364890
18999360
68763766
37610614
57742420
46704932
396274
1855412
8465122
89833404
5379390
78756434
30376202
48076658
37385508
29225240
89437340
76391296
6062080
7045414
39314176
118992668
60344686
67932528
68104966
99548502
578248
2910408
35648344
62856924
10500808
26380358
3458432
38504068
6093960
9477106
8534282
53081270
23918744
71120212
66203058
83094790
65805840
61092656
15844544
4250700
99122
20558456
2955346
19365384
42560328
52495470
19545222
33999640
10640450
60126604
45582220
20830148
15075230
513320
241908
17755864
14856438
69725696
62074526
41140900
60576482
39532418
78250860
71979120
27446586
10920
5569010
25646116
11333960
13625040
17188464
102707328
71500858
48792132
71623780
57518530
58177170
14206586
59811458
26624812
1279342
789780
13472444
25176496
9197810
25183616
15835222
63628466
314458
3852716
56420880
186264
68994754
17373332
64483494
312154
106865084
33804388
597688
13533680
36374020
18687566
6856118
37537240
34131152
84337048
10848200
2141534
4444648
2535816
58576280
771612
11342650
4319752
50681806
5308180
49652272
11333764
47803530
49052778
84438466
4248030
39785366
33631876
54632826
12965202
73819596
38004654
1344492
8533796
4547254
393478
13427206
70968410
64605526
17630732
40423292
13816648
41837518
34924950
2179250
498638
54283826
38018898
7632870
3054332
53710732
164758
52091770
75699444
49064036
2441928
832232
20228594
6673918
24128056
80023538
47127412
362136
38091966
9285472
10690440
9603194
101797198
66707550
19220202
26696512
68386070
2978996
38571526
16461488
16154782
20889206
21411250
9154638
63617526
3144924
611002
41308762
33718916
221640
70691678
7431286
73568956
3451356
1443992
12774882
20099636
10845972
12733422
5488588
69208738
34691562
27175366
53349916
6955236
13274308
80640110
36628340
12867148
33073530
512872
9797142
24510370
66341554
988562
43088950
31814436
1765358
12771534
21372698
11824682
26667820
97933976
4879910
43866920
1358226
30028802
68028088
38782818
17139730
14639370
34871856
1047472
4569674
14445794
7698096
34423470
69636
28256206
3633914
57156542
91808058
41502014
38811288
3882156
16270062
96429290
14849912
21673296
24768510
53478168
30650612
18183830
32632802
16290924
60040066
18717144
102987216
77038968
60587592
27558
11347248
25082124
27606548
9687898
53028614
5403114
913594
86221234
20413124
9376024
59060198
34796950
82025772
109174018
6714556
11312542
88493504
7424238
19171138
54786858
74627800
8812684
51560450
1934272
20092284
15356824
17093648
92961068
12115096
3140942
27362106
27245596
3259186
7807722
81451864
64238858
46430194
18276448
61334608
6504032
28396
40913076
95600682
22778476
3443446
15425830
59671194
6497432
62057228
10907836
2583196
959376
7048568
23609308
7061382
8320072
45640668
569798
5785370
41910074
890574
39561310
10578624
3915000
669026
82563548
17033336
31644952
29040320
5521230
829812
3277524
5500842
105496902
53165536
66917774
26703044
10718642
55612212
26564
198062
56989774
10911996
59699176
2414568
74125702
52348432
35924150
17349228
7419936
31684394
8233394
66445078
8914876
14354058
87061220
39095782
31914664
48281184
49816904
6172524
90222342
3940194
60137726
40304834
34768416
15616972
19642684
1078052
32439506
73245748
3115582
6139866
2789570
39714404
67228840
297058
79629726
16274652
51806044
186182
383644
77226020
16970496
3206408
35807466
108195066
42518164
11691644
56523604
3453222
43889624
75442224
14154846
54049526
8765690
24027946
43772214
3123112
19634170
318082
11051826
68071940
12049842
56207776
20922030
61015522
11541882
29954596
85980392
12786024
16509184
72665198
627682
63058432
51498428
15809708
16557164
20300234
11930190
46950628
15716522
6016496
38806424
50116160
44264054
45888526
2389060
24088460
81164078
1786768
7727122
46420630
20030106
71469546
6268154
8361070
3784288
8447220
17275574
97124268
779338
39107038
10719284
274224
36235216
4330604
200144
11879312
1596638
19928786
44020886
3523844
32092898
32026848
51080536
38468340
26551050
42715798
52936868
69951622
33413744
16953648
67721364
22343538
50757748
53616736
60473378
4705082
10257892
23839546
15500192
19053212
83243606
42518850
23619118
20527976
33022022
30736272
9257382
32871270
271216
42293744
26289948
2189414
57326968
6571698
21326986
11165694
6380928
55643136
27792434
86528620
55432770
49220738
2621708
39319924
65675772
89017158
51188912
50301934
24748818
1214444
28319342
40549828
1226370
4878918
68750188
14543454
3372398
44918296
3865644
11312406
29270652
25051482
14078210
35687320
763476
42814536
48886342
1719734
63590804
5189034
60552304
38383606
49251518
640122
34874572
93640854
89669892
11325948
68515944
16130830
45108204
80011110
27052920
88713896
7677744
83611608
93816840
1621962
300488
29174920
38348048
37927482
75882510
14321272
2694514
21058782
77018
56370984
1045882
64085806
48213240
33695816
7648766
73741752
1002890
177030
1911714
47312526
3251070
10280168
83141858
30578352
1409014
12009926
93904738
934542
49652826
37006854
13736650
54161206
85102604
20836746
80875698
81836434
73068528
15870934
1046758
75687964
78485238
23817582
35176514
18456344
31608638
70567952
13137930
10451706
58319976
48530800
54023842
9236718
99713780
93563192
56415094
71211992
16932056
56034888
70296886
60674692
11686012
46749624
29507800
39956662
4416934
79773358
6283238
76547314
20191352
7070846
37165920
28408510
455150
81355186
35344664
1632124
71384438
41265146
302756
15475150
7658406
18810008
83645054
55297484
4231918
21537802
80032632
1518312
24754874
13499120
88828340
14819150
77244316
95574880
52222554
31439378
4020204
68330890
5311394
24884080
45920846
62188610
81576822
6057642
15130356
3638690
12318316
59831212
72575786
101654
2866982
9279740
30
7995122
23466330
52262286
39210242
75192014
35517786
55048190
62934422
40406734
2784968
8341658
1931644
12827694
65854548
26622590
40686778
105269606
8473116
61435778
320548
75835082
4500356
31389468
104467994
39265318
69101196
35838188
1961964
31520626
73288380
35632992
86192678
15116748
4508458
106025106
30157304
42348942
590006
76193488
14969240
103411968
48444154
9085386
13225376
3141656
58817486
740898
40055562
9284800
89927866
8404470
91561060
38945244
68986648
56929386
41120324
27433164
35718302
40578930
44125136
3338464
983290
37690034
24256
44722092
15675712
252720
18630076
57813382
16883318
51706128
41199844
37988200
30950
37611828
10024028
6310462
19399008
38568
95525946
15248746
58360202
28458968
4538820
18471836
18025352
42512020
426912
38295280
47102150
49109094
37366720
105655644
21644204
65950
16183806
11726196
9319282
24677424
76581018
44313556
35479068
16066706
81334618
90780448
17385634
16932324
3045760
8962272
54121216
59287054
21400704
33132914
113898286
36557224
357622
28177592
5893328
33285022
33526636
15946850
21361414
72853686
48423550
64020416
6508364
29974340
55366530
74619782
69662732
923508
39963104
52210056
26321928
16993258
79329748
291654
6669252
46531022
7303464
17923680
7762066
59272156
54338990
19864236
93013002
2852988
61058
43947910
10786806
7196628
15889456
1559842
874654
5297644
52543816
3697238
37186262
12132864
29058284
35720732
77669442
43615530
22585954
28619586
43640822
4233822
76563964
56271374
100599706
20003814
26894856
33246684
52425832
789504
49554858
84180406
3604526
52615336
54077180
102387488
34432910
63146666
74692932
42678274
104814474
9869012
7384054
47372958
12649644
51038908
23904248
5757040
23058862
12264028
99080830
64584834
3952972
6165700
8733082
50173988
35790640
32387138
5631064
1604958
13566752
21382284
37866170
44129038
9557806
12511636
13440428
1062532
14146004
39111454
6260742
18668890
44989856
1367748
185924
9732200
59265880
101669236
13031016
944462
43233274
37325482
50178570
58429370
13169252
91015670
75237518
206168
3326
50369876
46353406
3369986
22057284
37505284
6039272
38201304
43814480
57519560
31905864
15728248
53287308
45867328
3638116
13102760
23671128
7306460
15916144
48221604
20007462
3761746
101389310
18429252
83962898
21415080
68061460
38632334
38669716
44258894
31285778
9930014
1794948
32200376
3978822
47883676
84219468
55488220
2104182
80924592
64198138
30153158
22634900
8604000
1876756
74539566
85372952
85757234
28851656
20567668
96159822
99192280
13073322
21213706
20695478
54391420
27982442
40164
37167034
84964528
69692764
7910538
56278274
17620770
15814294
528428
1989314
62528184
55455310
349976
22080432
23874872
13848976
49811232
79757868
91733552
47437066
26448108
104328184
1956198
81329058
21185264
60009950
60908866
64116422
82804210
509784
1925290
70862102
4396668
57146640
86016364
1971492
30975888
36749106
10322028
80026062
58953620
44005460
56114250
13250950
5305594
268688
74662224
62474798
1673822
9488634
78503354
9513730
57405018
4932480
1785002
19622192
9198460
4591552
103750704
55697718
10836122
9199768
75735854
1163770
1708740
53979330
121557970
38119776
53232508
3713030
54170260
35706452
84163718
46465718
82181368
93154492
19685976
10846070
74792240
11836192
24782980
109761490
39614678
28145544
17388698
7350682
12965824
7092998
40681106
6834096
49773208
37719818
30773074
79614712
8032890
1930782
51665106
62942186
52745030
1445720
4258610
11788760
4802978
42659638
2567276
9187104
90266532
75323798
74845610
37567988
89582128
9727010
33349602
74891076
2400596
44572026
6419898
909762
23883802
32538880
31920536
82163146
18507408
50070720
7114924
34040434
38334
41926556
27216572
42934456
40228284
44087242
76271536
309064
20238242
105789326
3594782
11023510
22094010
61252708
64812052
1061144
22645116
8318430
7364380
66714948
2889128
28598532
8243882
4621256
41909870
35927902
2776638
18881836
873114
87773098
672258
44985284
69234600
78043280
54211180
21497440
39647502
62791034
42513484
66677070
603022
65270160
20623954
10772422
76930344
80021182
16114532
73569504
17198132
26870056
24112988
1174574
33422056
13931352
33704664
5805738
21216396
41334744
71636758
27058844
11758352
77540486
150488
90737604
76545926
32364992
36977868
47084448
10376970
49279946
24221604
20879128
7593466
8221062
52346734
896938
28323044
31517806
42641342
96113172
6964238
31892290
35979760
4519730
996676
91044704
12017094
11481218
49476878
25001204
103295772
32707812
13017502
42941586
21393426
70509726
28839520
77057136
1194784
51459750
9869614
103171522
2480076
39378550
4063070
67052326
64374898
36289110
3687748
1023166
4142106
42520764
10187360
32881922
6772068
45786012
32413226
54960416
8869284
101445552
29794412
15747618
48140002
4104204
39524918
44294538
65492576
1880286
3498504
39849224
68621590
16548646
15104446
44409256
56448272
78750810
71486614
79123502
53253662
71265584
3355362
124417434
17954260
7729140
27090338
1256514
33133932
34485038
46817418
24647776
7706944
1353088
16064536
50793016
85619834
37911178
7329794
11912898
34947420
63034148
84702
30023340
22478500
7647158
80268866
24667262
2575880
43249090
14027886
40925694
23268810
67216610
44743824
4796572
29455262
15873026
987944
86725204
98196254
24799868
82878318
21977382
62459478
2892260
2675170
18418992
19776968
24560632
55667778
1656272
65050164
1463060
4346
21106486
85690214
37748410
10657548
52575164
49008980
30524552
72969692
9485988
28387960
15831978
10972754
8377586
58346852
64292174
41093216
49722510
15778812
25741192
865850
78802594
19915918
2626572
37945838
27959580
78333170
9561810
24555824
39392722
34241238
975362
6514770
82971390
26261510
35537550
46530000
35994910
29961350
523958
31624862
25511218
58080954
68610466
23807222
1247716
64464644
18700072
7485734
34318562
19630354
88121132
34642308
1118520
1689098
64044546
5876966
15232622
28806300
5658792
30501026
34786
2088400
82145168
32486528
361102
72850834
31962594
36314596
34448
13630592
7712404
19039564
2021380
339062
56538110
5116382
52815932
23338194
208418
15259584
18069760
52873828
5587504
8478096
54127892
26190838
72069180
14212218
2413842
21227120
47183390
9485568
34928304
3934000
9630588
602068
1379368
30431736
62391000
37453554
2410
39563424
7670472
94141806
34532404
2998908
26426770
5436502
18738614
16324522
956304
988442
23270392
33753306
50258772
58005380
48619722
32922114
7591420
28250184
58566162
35042834
85632738
16480828
19706592
52524196
10437964
40800502
64933070
64458986
5447834
67155920
18884666
1048138
22054344
24673338
50454516
28125140
9660656
33422
56127350
81178908
23731858
19022968
58452342
77098092
80680110
163040
12423390
20592884
30920
40220794
65261970
12550
30890492
45442086
7095368
73444758
52023868
21917278
77343338
19088094
43411778
9978260
49210116
12251082
213554
75995082
17229154
14214172
34925992
23598816
49583078
17778970
12825068
87791144
21228794
73819676
15860756
9567162
83802
46993754
30532780
79775258
890698
33640970
31020098
97620846
17300248
102936
8674746
29536754
87059460
65116020
20865440
6648498
2132142
53022810
40624686
93444484
101013788
13393262
39755896
29249072
21361956
61081610
44983974
65007342
45016040
60428446
18661416
50964250
11538314
20220606
14453040
6037414
15137978
101186318
33150694
212610
21119042
67461834
59573492
3043884
28600742
40771562
9329602
7371294
76871078
89028936
77098920
5140294
3857126
25036410
47300026
1027042
18976544
6652732
7083366
49543334
25634424
65032074
33875386
28876332
302052
60772808
358342
10756998
25358626
30898860
69424716
91590056
6979930
58699836
93571998
69601182
671506
51657414
9732606
1027692
2395220
100344134
23626870
45975062
81308510
132332
6448710
16406022
17698772
28570150
55744266
69567282
30098722
60768310
20608368
63830
97041614
14583186
12179672
1785868
76733556
553918
5885162
6887402
8489264
74851722
1481894
33179614
23225322
7551304
49205956
59251314
34151628
11616084
38463558
67886882
25514948
3799358
9197234
84664700
97459106
13704318
639614
44449354
34482074
115338072
2386384
52844740
10672548
9525504
20516368
42590950
29805728
21701212
68167354
15750308
15481772
8018282
48744
89642858
33598620
34957728
49997526
51572466
10526054
20156868
16292804
92727048
28267736
3140992
12129502
160102
61655666
35725200
1063542
3184704
23568802
10468300
96348536
83127140
14968058
49270078
38060482
212522
42216488
14771248
66379742
530032
8560582
66728764
16122182
47993554
13778370
8179794
9343204
49438200
4653530
63549664
19916382
97637672
8369610
53409108
69899254
9488442
819202
83870202
100521772
1311138
86932608
14900992
79286176
21288968
20114026
13746490
48390090
14291742
8274018
92221404
69358130
47511082
195986
13859788
7660512
24716508
22456402
81943668
52605712
88790012
47987224
1563038
24831540
64664286
2495812
1250666
188536
5462444
37424886
2983510
4193394
34372230
17943756
42353796
5207830
72417240
86641634
13475550
6075350
77920034
12416192
339318
30698960
1514610
76620076
13117778
43877776
27442372
20283622
27407540
69461768
3420674
18078642
97734116
23195712
42152512
12103764
7955270
75207628
14817474
69400356
12253608
1247448
55812448
58941722
9549102
43045572
12470448
125112
80639402
53069010
4891302
24619320
7176278
22742764
88356418
13305232
21018802
25061032
20542030
75867790
19956830
13816292
38500122
5848644
1567454
38715434
38985722
45666380
20228136
24793962
16741676
29779000
10392340
9161180
71155988
76387850
48942470
79911724
4132598
70806834
47105456
18934380
2397434
5267672
6821900
32185342
78687536
19244996
14572916
25479430
75485598
76629460
8777252
383308
4088790
3954954
430792
89716776
12623070
58745334
10922984
33020370
33691140
9526400
50909570
5105700
75665590
45302092
900468
41893608
1747084
54856324
21758538
96185666
6330012
27166850
79902060
1286362
33669796
83829584
48488730
72003530
30237338
28502528
2526422
9419280
54587712
52033400
7577740
31989024
33860440
66552920
48662128
28678790
37700450
31444926
15157010
72147446
14588796
17116684
76966460
16753720
68867052
1610978
21089088
91275684
16460926
58073200
38280632
43287712
88975766
25475728
66530444
35336764
63109710
4810062
26559346
6567012
25725380
91914998
28815354
8577446
19863668
28379186
3739562
44271118
3925522
4743578
98700470
981794
73803506
44109952
72104750
54534440
70647762
41868334
20937182
34233448
3512060
87740720
9992336
44470290
65381154
28086978
610592
25949954
51612866
36256060
69711218
486370
41623706
49809740
10394962
25760762
18705480
13296810
83626560
4340974
58349422
10794
55344954
65079740
65968140
63368428
67158708
38515566
18841568
58854440
2898480
53360524
48446716
7396826
10585594
54710436
98706382
38226676
56942162
11386452
294716
7214640
21925500
109975508
18081696
12871156
83371428
17817626
66641948
49792382
1719958
1240280
63374242
16159984
46967480
28362802
65604694
21336820
90928334
53032888
86549458
43671564
48568448
156464
26746360
23669672
81073838
1230614
77756854
48388122
9051014
8774606
73388884
56083936
1112796
17437890
111024404
59488450
9668224
19111868
54495562
61310836
60050038
16979342
69500162
2794024
672894
3252408
24878564
68413656
19316476
84030130
31939710
62927726
45368144
515766
14017210
11066222
30572038
27266402
46413610
4559308
45590084
81551684
21379420
23183558
76563468
37123102
98157690
88909120
87810070
67812916
23276224
45058974
96218644
54889508
45528970
40729804
22326672
12853050
1643286
3470164
56741876
24398322
18172526
79807532
8676146
44469716
678780
20744498
9022106
5970
58606044
16734276
4349460
98715298
40842194
26646568
87390900
665654
8113764
38312954
16578244
38566958
16178080
88388202
4086658
42414228
31548520
9565640
19376766
27027162
18703848
338470
20116126
7932530
74151730
17361442
73821560
9973356
68469998
98429498
105402724
14900408
83018532
10198148
36321222
94055706
35378560
8575536
30356474
68692126
65778712
27030100
172782
84103676
9457390
3516180
33210492
43196812
61873048
3861708
69812750
7688206
565766
101097814
584448
18574470
9115236
13961098
36306056
1985378
2933292
1586742
43443440
4949808
43567916
57541792
5202844
6998120
29155714
6770544
3551984
61671232
96443308
49831642
48347928
6801484
38080528
303864
46956926
6388026
22986
89380176
108183732
63772166
66543430
29518132
10418014
80644456
22926276
6804202
59913290
45307530
8326944
48745804
5196122
57649626
35452972
38162476
54418938
7260056
40340006
11792912
35973202
14604070
35246372
49919976
59942500
42291520
3970558
4892218
39740662
6782
14904716
6908200
33352140
12840480
11321140
64867558
3730492
29286966
3346742
52113318
50799834
22044310
5645182
3902666
11058722
18747484
3619602
14657330
62499590
758920
9335734
9088626
18246426
66550086
13267904
7348442
87973726
34285336
40424452
34827446
4937036
3326948
18640846
24123744
70252390
47674926
9914752
7019600
22360600
24299004
19978138
54014360
10850252
70547378
65262694
1982154
74283458
29170552
12382020
23320162
8743580
4844100
43477926
4211936
60301484
38630262
77285052
75298706
36074568
49018538
18417134
50462666
87317446
49417330
1608
71861746
3334682
8830250
25442610
740046
38817750
14881962
2753206
5657760
59909888
41876488
491808
1404798
28717114
96372880
42521790
27632062
59897752
80584242
745980
21517542
862778
65934700
14581536
50053238
69768882
7726874
4897968
16300814
84455524
12624538
5922148
2474688
27693510
79824626
68175312
48630142
3152988
9555614
32945644
26851882
3844736
39906838
5217180
5777834
14075098
2982
38949942
17972586
15254414
36216166
2289686
19063196
2336490
25778232
69349322
82510
20240990
1314344
27159572
92659202
52036020
68425452
78817398
26729530
18879136
57060470
178592
86380148
24485522
52800582
7111994
409578
28059836
19670568
55202494
10996006
58609762
37705174
69506748
1748024
4537900
65858526
5536300
76761078
18357578
59268706
40389420
23135910
56539660
6016422
15578036
43618348
36200884
67665942
8560986
90412442
87075674
81272476
58065942
11347640
476870
12602400
14774828
9421594
2929116
20037622
72032798
24112568
67404046
40552944
17866248
114394592
74041620
38295788
4936138
20542048
32242152
58766
16600550
364590
92668892
24623024
13799878
78115456
86119038
44947098
37144514
10688602
79938502
22375480
51722724
41972962
26750238
18701266
1493052
70175826
31321096
31813410
86327876
43843522
9074806
65199150
64560592
23079134
74342504
43267610
1912960
62966322
28731542
75224386
45954254
34756836
58649252
26489250
35098772
188776
5638182
67677830
34221304
63089358
69384472
11848698
2411464
70937176
47534106
8862788
42681442
48399688
24651012
17006144
6172416
26097158
34335010
100852146
3021692
50764192
56738996
25063994
80885044
85748298
48969212
26253428
9842278
33876464
34619104
26744620
22202814
30525580
19226572
18755830
76072460
63386144
65524080
23400960
2313732
8485790
57902558
38375304
24368512
111245560
1868146
16325456
60877230
72542188
27139196
49699974
90695566
57226510
79657458
26068170
47259148
25564832
32767438
53843810
7035930
32809702
24325936
70695584
13597104
320590
34935740
16479548
103795818
41613062
55956554
35125450
49691184
92408522
77785674
78080602
29307050
22372274
1108926
979714
95586634
76080502
86849700
49268200
10528434
52371680
12379180
44764992
10809576
10096064
15874092
55835372
39134252
23598108
7926994
75291966
5726124
21449768
7039798
4369700
19033004
89485832
14374532
7198820
33768638
16600462
6242176
24018332
36059584
102967874
4662466
48545948
64141256
44012100
20327646
17143430
5696196
18776152
8407970
45076436
12074530
74379010
20423292
36539984
8250790
23337586
91843986
39043468
76356600
106458664
35417014
87971238
2022246
13103242
7632814
44227516
7941178
21906640
45693786
18907396
29780898
81209866
59334176
23536372
68216910
37882130
74692920
21782112
945372
56953022
159810
34110946
33268380
174824
12784350
91442946
79974048
40920570
17457262
43107154
18993334
62451160
806790
29269066
33800240
20868880
26724368
53948594
106286270
14555660
8021750
101435108
22579284
3134462
37963490
35883592
1189944
75079892
53429000
5452518
48320786
16388522
492380
85414238
19329446
39166206
28161612
8060402
5452016
13657506
41544642
20762346
84877304
65546574
35554466
41630230
31020018
13042300
45880118
4118564
11422622
96817838
1283410
82127886
20851484
36945030
10618192
38235136
43120646
65858062
45354708
69074250
46438660
24618080
72251228
6151598
93547044
1330794
17551802
53358588
976302
1820510
52436056
3031838
4627822
72297478
79131258
8117652
68428280
5742808
62036512
9823396
33440760
4879212
58357828
25646554
33811628
10835818
174356
1287716
8863654
825034
15925932
55591842
26793430
42561874
14321092
7753658
24036718
59966104
26049258
29950706
52489098
67347676
11723274
69916440
2810408
1406554
100912378
113332
59705324
69072976
57689450
43921734
697094
6753726
80945656
16041332
34834254
2047168
6990732
74407998
23736854
82063968
102968732
83830326
58550454
53372658
28570724
17145110
76637938
27397422
3779276
3656384
48500320
53250268
7548900
25526294
49927172
481100
19211186
33623960
8079010
52892850
37496992
90694656
929536
34072188
18109262
18456042
120651504
596654
47187894
64969044
30718556
79146164
19378
50601288
39327918
30995600
43783826
1897264
87560382
16704462
70560664
73121490
83234254
88531530
13784068
90388424
85036204
28804958
10148948
15019840
445118
6708
12104020
13674302
48662272
28276398
49105612
10138028
78659518
17017456
24821374
89437634
45510202
52273788
7998574
32811802
19364648
68613868
37308560
59008614
20457802
8965952
46544426
373054
76626352
31265944
35983130
3749562
28701538
377938
31244874
24970394
1340400
375432
11172366
47347262
8213158
33535834
8632818
91308
83716720
13327402
33491856
109953888
7361244
62551296
21832782
24864764
9123718
24527942
31262728
62266574
6614630
99654884
32651524
73721474
40388872
5196828
3163768
12444684
36497810
25061708
45603424
41313386
7675530
34607432
1725196
53517670
45403068
3676096
42576524
15025958
21332900
10010398
62757012
42028578
53608846
21446708
8233022
31656738
23345842
48136404
35075256
54420648
36968296
89466520
33032846
6624310
66565814
52247338
66483196
10867142
8586842
1429564
968796
70412820
4715852
3983886
30731206
56001612
26249324
22573042
5941094
3935272
27812858
9206728
54339732
60738340
27438600
108341462
6314402
2648474
16162806
33213592
2578488
20433342
56078606
834464
98455130
593868
106848270
28372146
59047734
62055576
21411274
26343804
1108122
6138068
38101214
20407680
6300962
69266524
42371150
80403112
1550838
75181816
55246506
51999272
103377296
72398144
24199214
584118
61436696
44153260
710512
25057094
35086252
18283654
2398722
8154432
43766870
2733212
32854218
101502112
19116328
33606566
43178824
8740864
81311182
2777714
7124626
21883584
60880942
16939842
79808942
48641020
11654440
33852762
14005976
14690898
2499668
45047418
23558280
63705700
15509362
12018928
69013110
35787538
2590922
17724858
23845420
22549146
29581958
32339148
40054816
27168202
43525454
64129108
30366980
30916996
67119730
26024030
96903440
3828100
18469316
40402748
8120000
62554198
3451544
91263840
21116052
13470816
10371652
67324980
50080166
26607814
44371062
48412742
12058920
59810298
15290628
77747858
8374972
77511376
73888444
30704034
25272624
1738772
34970842
409158
12441838
14297260
57697972
14463216
3046554
29426364
43395246
59306286
13862180
132906
34313272
84445672
7390888
3513932
3751902
61918724
8913734
4016652
40490498
60443618
116322
21386204
2890106
24607824
50263620
82740564
72957888
118779978
16679954
66557876
56975602
40593818
670988
47944592
1564296
18315434
3186982
32347762
66573696
17187214
983928
29623120
53941698
56737070
87463180
8658990
67101970
50936278
15668836
72400994
15132234
71600992
24323698
26242248
65040
6562312
47553278
2150072
51024776
47957052
71960318
64714934
92096910
13336548
19103924
50494688
59766718
46344948
97685362
4442232
47533424
39474174
54976236
95473148
87536476
51532796
8269512
30156756
27268884
55532008
76157490
4961472
29910262
106901054
30012972
82101734
76794294
85934392
105031358
17259432
4950204
3350274
34574252
38820932
87287942
5958664
33993882
81043408
23528856
10385272
18122996
573842
7132598
41164832
1716138
1852462
28535060
29099898
9929280
50039362
114399682
1483926
16657366
31681446
1469592
65906678
38733560
72868550
72249052
6476622
10888162
4958318
1612510
62085592
41347944
42450718
86749034
79209420
66661976
58667672
1594428
9333986
712702
6755418
1528292
46162562
85544464
17074030
63430898
100428184
3901394
37840076
2932816
35044746
30266782
8802400
3716928
16211856
84039092
42635062
43677812
4025624
67937944
4247376
12457970
18367638
7941958
5986678
31828694
14577112
24651116
35645418
9766504
47485602
3428912
27961374
25625754
46269532
13449222
8160138
20366012
81924580
78940450
21025150
18336002
18029778
45788898
42536560
21964308
11511528
43263690
7672772
41065760
112295494
8868818
40499566
41910254
30441028
2890326
3541992
1599806
45462918
47711222
82377494
1660640
92953842
19632386
20942630
35956734
35019286
4520852
15095800
37195804
43971432
42276084
2409358
76048158
83662290
57318976
48007380
47716088
110122432
233200
74710300
17773514
42922104
33536372
35997612
24653746
19721466
44950332
42533254
8036836
56871906
75723554
83346720
54008766
7777502
69083466
56352270
72912680
1198426
374146
718336
17839980
5250100
92558364
14033220
3227266
3356030
49310396
120030190
22612088
67946640
66965736
21829032
2753374
1519984
43261924
74391582
20642870
1383000
10270652
61758758
11183276
80338540
483238
508728
8945164
57661416
673730
39827594
65226868
11459410
90810088
32362582
29892480
51400250
68231560
70652990
4908954
8597748
12763632
43635360
74273800
45218
16558402
95511600
70753628
419642
26436446
10108154
51025282
38455364
71108616
74970762
60923408
47048010
21834580
2202500
31855558
19301280
6870232
110629190
32235204
29983174
19198296
1508820
34293132
9797108
53299988
14625698
22841084
48920196
19916966
53719666
49640544
31760628
24788784
14016238
303310
25128928
19811578
109920974
29981970
6329850
56336894
691000
4222580
20315520
39953290
2008402
39015662
32669544
62323502
902864
61858166
28846288
17667154
30387484
71910328
22437486
64353346
14603920
55252270
60389394
15587646
53234450
50270194
7448260
31589584
13882496
63898442
67644942
5313918
44722074
42228500
14115452
6218840
99976644
55182616
4972638
45790274
2863486
40691980
8953174
68594374
527126
1009900
1544602
29694288
56999926
65348608
29117898
32384030
67117932
102189586
40855962
5628188
28471554
72160854
8621024
55501726
73739830
34391780
4546372
938040
39502746
49603300
30494922
92860696
2191850
43006082
28945994
42118232
25881748
11587814
51339184
65291930
24559632
928870
26185314
28854328
20504504
90040640
67725424
15782338
10789160
62861184
6460066
113357674
73012896
56780818
48001850
24236300
61790810
5464290
32616190
36413452
30650030
89264570
85399296
10297548
8344712
10589186
16975498
34717964
18305874
63223986
15024104
31077190
31868560
55821378
61432024
13395452
6324366
6963156
53100900
610858
13822878
28892326
40819584
40152676
6877954
4217412
61477456
54232570
16940394
56706838
32312048
13710274
44996652
8390
67180960
84654898
55542484
14350418
671568
21431806
10677032
17724226
66779712
30189714
9281904
26150002
27630986
11246354
2843384
6575006
642436
75068410
74622256
28693124
39968912
63160800
27318278
15850856
55388030
6458232
812644
22384638
17228198
29261870
36278210
17694244
98104322
22182718
6109638
7358292
70820746
15714748
55152384
39425718
24477344
1741844
36824502
3541302
29909986
25880172
94378206
42579686
43876256
75901324
692178
61748622
30055328
29497402
36261788
25974220
7748114
844300
1545020
20962468
3221618
191132
38868240
14677424
78488966
32137430
12892294
24896960
17999416
43950356
5036004
11635678
57240486
99215686
23309608
23226960
54284326
47710634
3970086
3153686
8600494
72379976
14629380
19677506
18730536
50516672
8139832
64392470
2929030
33388076
4419266
12366064
78033198
5536702
63227848
84636020
52918546
31104700
3147532
28749898
79315824
52223772
6797390
16055150
4616644
41432296
65864454
49665264
48131002
50274554
3544050
50175654
82006390
1766668
13331202
110069574
13440240
26740950
76432398
18583078
76210276
80400170
74357426
52157212
41100442
27202952
25441508
124330
3249340
59485118
65854632
32424566
14869760
80599038
66090542
33277536
11930894
11542290
69872122
5378662
16595574
9890708
68771550
80247366
49358262
3170512
8408238
51261600
91146216
14465754
18868232
1333364
19767074
2115252
58751674
15734434
35308688
22600404
11914014
7429190
53050658
46609910
2788146
9375296
25435160
48263350
14379026
88246618
54942968
11996268
4775498
99295438
9574244
12030412
70511090
7487086
19296146
14920640
25546312
44738510
64744130
39421160
31112194
41196172
2990086
42153152
6810082
31600554
92552840
473806
120210130
2176940
102926172
102741474
23840322
12329732
31449964
37789140
61782976
28783482
164526
4044790
27179862
16430358
52123390
17384378
9173712
37838820
27560680
5243926
33526190
69504882
17606200
33978162
44571236
3388074
39330432
78760508
33584678
15978586
2002142
89490074
39492546
57368782
42106134
7455100
6446982
51262154
25757542
6788730
84783626
79954678
2281848
32630032
18719532
38016838
105516482
23384586
102323406
100099300
3816944
73969336
79738172
217326
76746936
105172792
1357898
3791612
71586732
11987312
24018030
5520890
47286352
36573256
13394086
71576554
74426410
10534892
42028152
5089520
30773586
9980046
797910
2003684
650656
42906476
34984230
60519874
78453506
5565428
55643838
8026048
89660178
93634298
63895284
10849184
26052028
15492840
26714416
4667606
11568148
25151056
61057426
101595008
73828020
14080356
31008270
74363676
619164
10800768
104436000
1289742
52961834
11606370
17196148
3145866
30032038
55950756
43069506
3040358
75762092
27949256
7756180
4005984
6309926
27873500
103227214
1130378
6909206
15502212
16212376
95896998
39290096
35451156
78579810
74066656
48828868
35332658
20727484
17329616
21071470
10850628
69393262
967234
10551002
7392512
1080362
1685144
188900
56270206
1820730
6186302
17567634
20185310
62625616
524232
27083018
67616654
2812916
10160266
35083664
14446116
92857428
68966608
78623924
36014972
93232504
3421046
10836662
51874430
155784
25238064
33640284
54266358
96121850
20414222
62842948
15741978
71286266
63967036
10106858
48044916
67427000
51520198
2569454
26792004
26092848
59695106
32710732
28885812
31499310
52170024
3336308
53821272
19281582
47476142
6063050
22788154
100662272
107422
116166
102366110
365140
8340550
349410
6668448
49895622
10421204
18581258
3767558
68468428
4870878
92851308
61626064
10244434
3104070
51156474
23827590
39326160
649426
31966312
17759678
2290956
953368
8441150
34612652
43324
62542600
97692104
42252884
11523156
5041192
18245598
20214664
3535754
16134112
30792666
9620874
43310434
35834954
36012106
124128
21425274
57721382
47335986
2697230
43898344
11777722
4719436
2617210
6270450
58038556
28466666
11159392
43988130
6926790
127187486
60297540
44402070
67292558
58297400
48910126
35104356
72357572
44953024
52320170
26360832
3284838
10640656
16254174
120408822
49378286
20438774
1061754
47235678
88860360
15362164
51928228
68280360
10511274
13152330
499214
16948498
103542004
11145990
19091696
3600772
12981068
11886272
84938964
38796428
460466
54883386
5029850
38167704
110646758
68505098
17119570
13880304
41239022
8582614
7604022
72167150
11786218
75910156
56070724
2215560
41694814
25237960
82809202
49042458
22145120
9537194
16137470
56196824
25731702
91016070
82702264
33358652
74665876
1333446
80369126
63378350
8544440
31548094
14334524
68075326
15781914
35926178
6620036
15896464
1696234
8197194
71191570
32398988
40052928
70199024
1950250
39214048
72929264
10277938
80771196
11551802
41300004
16744480
48389890
44180676
70459456
14259020
55406896
60892226
36544634
33735654
29134
8323280
74891892
1269338
3094710
3843132
29571186
61479524
223264
55472208
41144404
101945030
63399020
1644754
27464
9989990
70192652
1658840
9201052
109528438
46108380
56955346
66812050
47324086
62616054
76592750
85774196
72645744
80547086
62069184
10433050
109799350
62510272
3205460
831358
21397570
9950360
17841284
1944570
32405532
86839180
10327332
6206950
384350
47422306
27167676
45353296
79202060
31418
151888
2100868
51156742
4479416
22249744
45028544
28645676
67942620
1161648
45212698
107586660
57606492
79072922
69840828
547388
65183994
36532526
6381916
103100148
60980
61262532
9506054
14036186
89104592
39735440
68018888
18712850
14057456
61812088
82059982
553738
63254596
72788946
55042292
44310956
1680580
23541764
52783196
1776294
4111032
4152646
60191826
7948014
3663926
1864248
28765842
20695992
11810684
13889252
89449586
60100752
73405730
10256202
70009936
54331192
26790510
66833072
25094800
41092932
36267670
93757974
13716340
34565892
692940
80997246
92024366
40462064
45156132
54754466
6615176
79431978
44002858
25796594
22836940
86287716
14933600
17795688
29751568
2533448
1589854
7501956
75377476
71980312
54904186
69841200
30263842
10879366
15225494
21103840
5689424
2191728
152390
8697908
6592366
34216606
33091868
52403990
54309258
374688
5388044
52898568
60512008
44891284
62937016
21339134
7491978
1543700
36930
705900
5258326
111294442
28639062
6750248
30661112
21822474
67603764
13271564
1703846
10137910
393162
56535340
21172
4656458
40751862
7076048
2488052
47599794
38534918
24625946
354980
64026212
9260720
54502804
92296338
93665504
4852356
8243942
31180966
14738410
15845596
2434304
21434844
74322834
19047946
42113500
3582138
16841522
31430734
33461216
8625052
26391182
60869578
2501304
37339492
1518474
71993488
676306
20724086
24870740
27753026
74130316
12386406
18696940
6843000
106186072
6024368
616430
267710
17967726
89627820
29097682
26657186
73510432
218274
47193680
4695258
18178068
35503698
31758178
5786378
31752304
36846462
28995370
22326320
30244968
8612
478144
68839562
37572298
37661732
747828
80853730
3315102
54905028
34571192
1909524
6885118
792548
51346934
37621186
21255972
72571018
9522436
7612332
11866346
1954052
33217176
55425494
2800296
10752506
827992
16869258
12324684
66470586
38214466
1478574
24159160
84239154
10854540
15739414
84628204
1180
17673310
47811728
23037528
754008
45251302
67217446
9005906
4827510
9683920
22457830
44008702
33867210
8018152
75112308
11539668
33781726
57164628
14091884
75305392
102685932
2104398
28030982
43272586
73025374
38580720
27487614
54379398
4417052
5542432
10445914
7907394
56477506
118348412
3126650
26896176
93832050
18060480
24988374
50256064
34400466
52318428
79253868
11793186
43970726
55461750
2034460
9408620
26810540
48756470
39647750
73806624
12583088
88727042
28362
28469250
562606
56869390
44774454
41746782
12716954
54944968
37849952
65890314
78724024
10843712
95566190
643774
57217972
32954156
9794618
66188754
5358100
38227686
5365594
58946110
59158260
15001326
47218380
72458664
3980866
39609804
37254684
2911940
54651780
44022596
103403968
6511130
41459566
92627824
69061540
67410478
330800
8542234
13090386
21673808
43183972
61028634
51062026
30355608
10301602
12809740
14077554
23238008
7722402
5295556
13376082
1061832
83187976
97315850
11265338
7077036
52557130
81848
3591998
52038530
77777568
980206
14424694
97804582
30800144
81885422
10900702
37511158
70411098
92646654
1190528
22954230
13607302
9631230
65561906
74804442
9007508
5040976
6799378
36297148
88692524
61032722
32802530
46068588
24256394
46961674
9986430
20900590
5675930
102149966
63969500
36724000
31844168
17659732
14189120
10025478
42886582
8956294
1949852
10299310
53278470
27481718
70597056
18950200
41748306
8009494
76220222
3038702
6583032
64760806
9794988
33555822
69237022
2066090
2975062
23366290
3060864
60716518
84080110
1818258
17753606
5672786
43800436
35544274
59278462
8618164
45190074
17482134
1319828
339992
37431274
98337504
53546012
52293514
31397418
20565658
76807706
7758108
1703896
11708022
4363570
10527816
340692
31963456
13311304
34311198
82096448
4800988
94414384
5242560
34084550
7758692
7399554
6933906
63321018
76810462
43118950
17194890
3287220
53449480
31022222
1933476
1174682
37791486
11962078
38629818
5673110
58214866
19761864
58749910
10026188
26429698
43164330
2926684
12734
36834228
41699638
11091076
14330542
41957132
29592900
959006
4689426
9206324
72451434
95697834
41152086
17613224
58296348
47083450
43510312
61084690
75193046
56109250
31647496
8064358
36614768
5857852
97187690
46567620
83866536
70624366
10288108
31317600
76882030
3318340
11953070
43626264
52232
2745262
93988564
57717496
8702342
38525246
52662670
30098310
8394558
50457848
113140390
20089766
40713638
56181980
36866864
60201460
30973004
62300206
973360
29285950
41058416
53263828
17261204
72849304
10590544
88526928
9067684
43140760
36613518
61103204
70076
3170354
534754
56583536
44960076
72809176
115732
23196210
5549358
6391492
67313638
33073678
45375050
6678048
81227992
9665654
240918
111858284
66633568
823684
55296028
81982950
4259028
45464242
29784640
5630900
6845230
7471684
9128188
2288818
40343184
17248660
34518134
59391590
44682990
2137726
37064094
18175654
69970532
60326902
16685304
45599276
105207168
75098212
45128
21360332
38925504
15413120
23870994
9338108
49886232
22149624
102199844
5037284
78773400
9238674
32652240
86722480
31390032
10577516
57365666
33247318
17523604
31581826
500592
11378764
43881700
11305738
54047266
76099970
63007584
52301150
41363706
32174172
7099176
2681708
68545966
4003702
54889914
59076164
12578346
64622500
102416408
16368638
78580606
2876272
2457980
26131768
32430474
30879528
2029100
102142518
70725828
19392926
513424
1298484
27396432
250550
89513166
21287264
89942836
13906148
9765536
182618
50470248
57870840
19109222
26234192
72722476
71079456
93089142
11584876
27184916
1822764
6023942
32765112
17758468
66303048
12760262
7115060
39727894
18226418
38649740
67590776
44266728
29557886
9970182
40631468
74657952
73440848
83336
30972356
34105158
69514230
61409264
79006546
52509626
2946516
27654984
80515870
42382340
14681602
12099432
4170344
36183056
47210786
9141426
35499236
40688494
1368010
53820312
86543054
2606258
37921542
4890224
19269310
12922320
29000696
14428696
1517674
61333500
1100644
11181208
3999550
442612
35312678
26770576
48251684
69652194
20040362
91677376
14413166
18425236
60218746
90497448
52564264
5592716
6924368
9704922
22756312
23810206
17368338
3538204
36393554
6445814
1528264
2142516
14123816
67719242
33865296
28098058
68149816
30426192
22922696
105233756
43414634
44857784
53948800
58071990
43785640
3970648
5642852
39818880
35055872
25424166
27633462
51279396
27622028
3907332
57387634
6556456
30486728
80360234
67040590
11067388
56308056
56449288
6965820
20791964
43161080
9651916
5786470
14057568
16040530
18294120
5462128
89794332
11213530
95712632
59657038
1134804
42341286
49034280
26806450
69567162
44703904
11744542
51838200
6374134
6476490
20437292
55938458
67176048
3569966
67904668
13297960
6640560
60529740
2006552
455744
20710568
16301962
5960074
54967274
46840098
33643902
61658756
19393374
56667270
24608418
40030406
23467702
23845040
38146950
647040
30402898
17000448
3216638
64923040
12437236
1462800
31067620
4492460
48201558
80823752
5212762
3284832
62709460
28419942
16238924
1050696
3228906
81780738
5831938
42019634
64100332
8681536
8100264
80196002
40637322
24898390
48344526
75480348
15869788
27056150
57391538
32425806
58985436
176164
44541160
14176914
47175288
76715540
40177456
66446590
17791428
36925064
40845320
77041136
77495630
40221670
7953868
48786876
29266936
433098
514500
43012524
61009920
63255524
47736012
2385182
5732036
41636420
67532094
16262466
43134546
1154890
26339320
43399880
17654216
51538156
14394214
23367734
9044864
15825634
56599038
34558208
26976208
5754172
82559416
1739792
73351530
45664398
24494114
46523952
1732872
4156450
521236
74614946
22285072
41972218
85612
2200210
87034078
8884542
15936884
2985010
64327210
71013302
2006928
49864430
45511702
30327924
71299640
8597110
27916932
330772
6774806
81813678
118957084
27554050
3052376
38152692
3996072
43631726
5464236
105703558
32379632
9465884
4178840
2997214
52378472
41552836
4817490
81208078
41049254
1743492
3053684
422724
83036538
19883350
5514248
34851874
3487296
33682096
25215620
73672580
23678776
36425246
17618738
49593620
80232278
7359754
5779358
21299598
8175272
15319868
27239264
44802352
71680060
31504260
33446464
50544180
77305550
45460460
54634836
1836738
72125674
31663274
76767192
14218586
3307740
6005398
52611848
39124154
9439898
59413940
30349884
39778614
24109584
7936992
94265620
8305582
76669038
107944118
15011092
3121854
3913072
20563528
16951702
32587694
63848508
16694618
30451946
20964064
9000374
18007028
39908900
6622514
93474376
33020606
40904484
60454552
57368516
103228344
93077596
43265268
15138170
52486044
22332906
41198800
66403030
78752954
18057428
1757454
9880124
63809928
10336660
66855404
666872
75323630
73745378
63357564
43167250
67661170
59243364
4150914
20797444
10743910
73695730
84875244
28307648
2074896
13031126
4420340
247056
2159454
12980492
20830456
3547234
106097280
41396750
67523422
86416076
103995818
80268772
52110128
13178324
93473858
2749718
6976986
46183612
18528348
22830536
2680606
8031318
4968140
7552674
6150736
11903860
11618398
78558484
18585290
67519798
71054960
1836666
65198598
888348
60094738
24715932
20072606
16228786
41519242
8389446
49346188
16048542
10836448
5207924
31512580
103219606
94697712
516666
2209108
88608626
60158746
70465572
63501474
24875700
88502884
24714282
50977238
26618458
15782094
3758234
1629000
11596494
70602082
31031270
39076448
81457494
8147666
81325550
41402146
8494660
68158984
63094666
16058936
105547780
22990226
46024
61839982
90576228
68460484
10892306
7908610
7679678
40707906
112963546
2652644
88144150
31265598
8853284
1290008
47155782
26994826
45748596
30937828
24417644
30914212
1823408
55046556
26146410
35769562
16857230
93957718
14395142
26854874
51747330
61391136
47914244
46674702
61076350
17487930
43625724
68633458
57686690
2251304
13609928
72168196
50756
19410986
45517350
18441484
122735822
46688146
23163174
84970866
63814686
47668476
73279906
3809168
19202204
61727836
123026
21551662
492634
96055668
88725546
60235574
43055466
42155090
1320428
32601070
4412770
37427688
49741804
76701974
5531964
9847488
809010
20531254
5245112
20427746
23244690
32498958
495236
24354084
414
6195074
67733352
53936818
21912672
57458784
20781840
26802494
24279730
10939702
9591492
85316342
7259182
9366396
14280772
1804976
5268866
9855002
40620810
19447086
89225822
45388756
32685848
12236034
50874204
88438
25307102
87283538
2207248
43417474
100176772
58591906
55857242
8461836
179012
86
48325952
31446856
9709204
463226
76567230
16241834
8805320
82123698
73037244
104238510
39607006
853826
74804716
47426532
41862112
1812870
6007462
49550
1124338
26100832
21850118
21928288
25878538
8399828
59626038
5463858
51256264
1657776
34447400
13897698
50324166
2963574
3158
1660470
15385894
47733746
4679180
20705926
37067662
3874490
26514372
76119826
56089198
60953168
60858380
37614334
15999674
5025902
28771400
79636022
17049432
22983556
22460780
113265876
7743872
30205824
12583250
29828934
2963586
1483118
84491570
19389272
43403922
18769920
75033096
69590208
751398
23456342
51788374
14326594
27443000
82201170
42909702
3315124
43879804
38456318
57569272
34969870
8196350
31981652
9778144
1154516
19316320
14123380
41205984
4017050
2261202
2127388
38955632
85591878
9052020
64273190
56378554
28314756
103768
22498466
61009834
68038704
554956
8200966
28379930
84072310
30214542
102381576
12401498
4305304
37205574
40612362
36205282
10256058
1193268
76860290
52144780
7551324
23873108
8661908
48767354
62352
1663086
22023874
16008430
87252256
11628982
477164
3839326
39703234
43836780
48474952
102141738
17261018
26061404
19171076
12318734
10412640
34778004
96207764
47273178
95118844
4204742
1731612
16865932
8087410
5527724
37787316
9557128
38333538
758422
14334230
55570732
16549990
17963452
7143890
35355870
7151944
12791088
33437094
66305658
56688458
5081438
43555984
64026816
22418524
33694656
88213260
85382280
28970828
19665516
70408538
10276350
5726808
6977230
40992054
3212770
9630726
47039926
37578816
2909488
80076534
33901176
40913548
15744304
59472718
42012928
13244476
55961448
48115194
117712912
99252518
98950224
81013152
2322224
95588026
23734338
12486108
23695124
1415334
8902358
89546474
2994150
2340872
92487992
69832066
8796724
40857484
21613546
48465814
67610496
51696126
7588532
3522224
17601700
52697512
72
35750328
1182672
90904026
29297408
15468262
39375296
48312644
66230
35822666
46170174
51805082
35280822
8123872
26832118
37770836
55653350
2322636
15516574
2381150
2537674
22987468
45147600
58853134
70008718
1102036
36511924
72408038
54067072
8511620
8746
74356926
84315886
2132670
8545472
325712
35117106
17628912
25892752
2723298
48697778
1486992
9999436
12090528
12431178
20462908
48869066
18235028
34982204
27957334
473794
75884536
34870824
4204160
53043034
65529642
69412948
21532130
46478700
21400446
49548526
49541512
43666426
60935736
5523646
54476386
51028288
1396392
71502306
727916
75447762
29949530
86424836
54516646
8642594
64476844
35750590
231200
53793048
15189754
100817892
14658978
397410
88523146
63806042
4544052
10199884
72879636
43937804
61490412
96404982
101584160
11378724
73627714
100671664
12126174
13498742
17678344
38231580
48920
68447716
72170980
31828862
5078476
1053930
11081034
8599358
30293644
7226658
11343282
11904440
11312990
13572380
2175302
85419998
5786058
33327058
11544680
47121606
48923162
12217574
32784616
29197900
3566380
43312202
5408066
27137900
839546
57550930
63409570
1277700
35553524
15209954
66233788
19789500
31105240
2532710
33100878
13292070
2995122
75571536
83559942
73513086
8128
3296362
51144318
17503776
35594034
29374628
34436
3703772
63082920
29499220
4893842
20653392
60189626
66255196
10769732
5077114
1406212
45146026
1125660
553026
49589610
68329596
48015996
23133066
27922300
41592244
6998910
979190
22900388
75642120
18083980
20402340
217352
78634486
7718634
61809638
5787362
8346
7866532
13642382
79046870
2730380
49710290
13031770
25717758
98506180
88670706
23183308
67506954
47995964
24159022
25586410
70129178
102801072
7651316
53387104
35445214
14642558
92558368
57365838
27951202
2188868
9165278
70630664
96321108
43934400
33391578
77751334
66254594
29761098
71371510
17231236
34204992
13326970
21812182
43701906
770318
112574116
1339570
7901508
54936904
12866616
16712644
9037250
85567460
14610790
16939488
43381004
70768092
6099632
7590020
2608976
89077816
5526374
6329756
21134010
5661946
63492296
86190098
15341410
18682046
43135270
22656060
2966834
37583916
72622692
44854660
242810
21775892
6308558
31515384
11842058
77646036
30745406
43787616
3369976
6148964
178502
738836
7898816
27766404
75716516
31176932
27976464
607540
2804312
60923126
1645026
27438270
15814218
117991862
31086362
50299744
424612
16213888
1865236
17709940
75849188
26206590
15868684
11865036
29547112
24985810
53898524
1173934
3652374
29006386
25414682
73585890
9177208
25864002
53977212
4628158
16727292
15888082
710332
32288272
61820590
76107796
23880752
91983000
10395780
34115144
5966790
32043750
56764122
67217956
849180
21977298
68422346
37027518
83929610
85153856
55624946
60709456
17442220
26783626
47413972
95562
65712466
57811098
24186096
79030466
56666086
46124954
11916458
41629056
11539426
10043748
20556056
78000012
15852870
25800140
93053492
19680106
21612724
16254046
44774728
326568
13443622
15079782
17632142
29796700
34288444
23247322
54457332
58193164
93539856
107017080
8276
13514234
45907170
82270250
1120986
40951978
1085042
83793878
69747152
40780774
104021192
4858374
6514
1759648
9377064
17967008
31128104
53269986
15991956
7369902
34371270
10631282
14945266
21701804
332078
67721102
3931790
4673362
8969536
50238878
58394776
35301958
34048182
52323994
7994818
13948
4099878
87539486
693066
14684224
14520296
2073988
22660730
8496250
89017120
69157072
14329140
99866
4853242
57948784
7577798
2415660
1514048
5687778
106831740
36561320
6780452
2405568
40904038
65329078
31325572
36104686
1563302
48466982
1852904
780670
110044892
2588086
7296192
21715674
18594784
1855520
39287416
8823946
4334060
19911330
1949804
43343496
35863836
43612382
2063558
32438984
100127132
41214056
1713968
33716016
41247632
29671246
58607406
45139556
79133222
26140480
60146070
50439810
73559008
13372132
4933450
24654538
893658
33622214
99230552
63691004
29746472
27828614
61167226
41849532
42902698
44765430
22761024
20373642
5753090
17489706
65275306
70753596
6499192
38109192
232862
52449070
6889908
2172138
30100912
575734
50504470
48389792
49864718
87075218
56644000
911678
10957244
45035044
52603684
3954060
21931258
51894972
39506396
32545906
1908224
90994638
58981588
100787220
7037638
32870428
18966736
35480404
266030
91290674
82943704
4769282
70890202
19915424
76739942
107966334
82836686
101352690
14708444
30670202
24412508
6792140
74096178
14241514
79794196
13087226
35585130
57428332
1157136
59820658
22512670
45384898
2915954
68219344
10290900
55516654
1056712
34255368
117984392
21422628
16534306
2683300
65818508
45212340
68725954
999582
27187710
27322216
11629058
10734944
9337328
106976
28918510
29076964
6598660
2900810
24098024
70673406
16720752
35486744
13899264
47964998
84312680
1710480
59292894
15285324
7439568
43590876
1987750
46702048
53898220
50487400
64186006
20967144
38546424
38109454
22405060
14546648
13589930
69930178
55132866
91133848
49895208
9579288
13720414
57358032
1955366
21131366
39673234
60003490
62008012
28463400
29898220
49888050
87606
2904334
23662
38279914
9255448
3078180
98406882
3128000
711226
353010
2444664
31493824
354
356882
29031594
2475962
8518128
1223338
23135538
34510758
14749948
21546786
99786174
34163758
65490034
1968626
16509194
3147284
21202114
32695576
6274334
7939800
28718692
6765828
10117514
19408530
761748
38566118
54668046
81644090
59188420
9392572
69969702
46890456
25242348
34995686
36907644
24383544
23768904
10302820
79385616
47256106
8424382
21999126
17150998
16863396
463556
8054498
44811748
52627670
82127308
38425238
55390610
35515336
65662442
28296976
1516690
4450576
44399548
11800094
71149174
8082662
1124546
2890228
663478
8628746
2376286
60381732
97347880
87088544
3470102
32563220
106465518
41614240
80485390
11469900
42196210
12510204
65943558
6034408
31869816
5172432
57011744
75270622
20074004
8202958
26261836
28572096
3915530
22057834
70407024
3384858
37893156
63328928
64016238
302796
20050636
52285790
66167026
4770796
2115576
6410650
34111970
20773194
152056
264192
1377058
72929148
43146880
10844208
323470
31114406
7604398
59329720
29426786
70261130
1780138
13548784
60019384
36949788
10026300
61277840
31118874
69411874
79900586
23516590
32784084
29108696
25181554
35075976
3437324
53906974
18390640
12597128
69882164
58529450
1966318
50675766
6938536
83420638
1844942
47729888
44064060
26179384
1671162
100430434
38824732
5606882
74547716
75083592
47606510
19511972
26752254
56826038
34590354
46734432
52040926
16204812
23617404
29621206
92718978
53057922
23386868
1087006
16953428
46796068
9551370
3383546
3108312
1938936
7962494
101026026
94137648
4624140
50114910
31505024
1568710
2074068
68827236
38521940
68397242
4356608
19115276
7649020
1618344
47138198
363048
116821322
74454
86722552
35451494
29574812
55195378
67459466
9907196
9403732
9969844
65351444
2735730
2497522
53553830
48949482
24067980
64887130
23244418
30518
39129750
21231388
29398198
1080318
17094636
51406094
1762956
1260056
20323062
21480584
55121534
15495678
20031784
51356230
4391436
39498724
38409288
38402908
46580754
13568128
7314912
48228554
35861296
44861382
24166130
62015208
47153794
2678010
23866060
68279404
6475294
38060090
9231874
29949264
23513150
94180636
6184486
21874860
3185334
56757112
60257646
27085850
374098
5754950
15241820
6094694
2767994
42499796
62922082
27658848
62068096
20219656
81614640
427148
60286504
67175362
65468038
14695754
31852672
39270368
1297370
69880872
21130184
14393450
12334646
572604
45489042
19898934
81291354
56846044
68784912
33843280
42492926
6843528
5948978
5199116
29004580
180620
10649068
918094
85002972
74470164
61399374
10696928
26291286
2381212
15786512
25213508
6009104
60892092
1468996
758556
44063880
5504344
53329026
1803266
15739140
72562380
47817758
57375704
1207002
72806032
9653636
8350362
102448832
751642
4960962
14772514
2612916
35987850
12404968
12025758
602516
36987592
55626320
20167926
1624146
72037084
52587860
13753088
6167888
3421766
5564302
20151170
98953344
1068
32496190
41057092
46227894
4077698
94485478
3444540
79275376
50850066
86548094
155534
16347884
29759332
13886530
924874
77165508
26637864
89630572
83468902
51074458
8796312
15235764
5072320
19100342
28725478
23775804
31536020
35044208
3662438
8822098
49750994
2382244
65733678
11400956
3505712
6511370
105967372
27358354
79334716
16522628
29849454
23881934
71478326
10198868
2869300
55773304
3326450
20465364
9779564
32487262
16045212
42865652
37709234
28702480
117755402
7699888
41023898
22604906
19642194
3870850
53340994
12924016
7981464
54924436
25409090
40967202
19388780
74039872
89501616
21146880
70921516
48721884
5195552
3087422
25369130
1157822
80578306
53342608
13548044
68547920
33509882
72138236
48686674
33304228
555706
2364586
12008172
30197516
70337138
54429958
13007960
632600
45021902
80411306
133566
98878904
48720418
24099296
63148470
57608446
96958750
19484292
2458140
65723068
17430546
997186
74294784
22923942
16499036
31798558
11564048
9602190
67776816
14803098
28738380
893484
6468226
34025200
66527406
53880432
48511232
3768054
23448536
79910816
57512774
49836264
19213476
11109048
65652276
22256442
62439600
22594176
30633266
16273294
71400744
84119448
49414324
25402738
60722248
100879972
49309730
17875174
39104320
23398260
27410774
8447048
4165464
116289786
32740554
11010338
2292310
15721380
22288104
68943728
19547198
49933916
5700516
20195948
29417270
109291750
23216302
11616076
37827636
36404220
42005948
55684530
46767086
4946818
11137066
72655832
2732822
54262132
91453280
518638
16640250
20742660
2348872
5737060
15449426
63506432
114205334
4875770
8812632
72249966
293152
16462016
36227542
7869458
56666496
47533020
89777566
16533588
2664880
62467696
37629450
14119922
53889102
25259034
10942134
52755566
561466
45988996
9800848
23187230
3625840
71052132
20993592
8366
5384522
1933214
49965184
17669106
19502030
12788062
12959320
98180316
82384620
42637144
42970202
46101116
14180474
75751288
13782692
23643194
15652086
39161776
70619430
32324706
10023266
31354592
21800246
5018104
3092482
44048192
76438354
10129368
5738258
5942340
13562504
1668244
22205798
15243254
48963074
23843310
4739212
5385302
73548
2973770
97048546
186914
9939340
62508042
16496388
3020938
15174192
76114112
61363650
8695122
70086084
47822330
58561258
15941388
14348988
7827136
18484978
69200
19334752
75166964
65224648
11134720
48428668
62221474
31879626
13627010
100539384
41394798
1210472
7075024
73218016
17520660
17576054
7192954
151546
14526598
55509778
1168148
35744450
29331792
9686126
98244812
59498082
12563088
60769170
1622090
16046698
30208434
55214538
7978422
2573148
81326428
11382696
70120026
51792426
23351158
1279322
67265580
18040492
19743832
48024854
50901554
109586644
106200158
56256556
36814768
24653686
51423488
408948
7832478
64490
40414856
1184212
1202988
1048194
106602326
15757622
52109824
65457324
71337820
7438
11025662
40334838
61807424
57681078
57801802
5663396
29775998
77444404
57249610
54623086
6050844
4447076
77376410
88014106
18532254
22125134
32302414
52065958
6888682
24754716
41218932
59496624
19332746
54006436
14769060
33408750
1236786
862378
91383426
23774542
57038780
47415858
23745072
17646930
63359952
18851558
24835810
22092924
71368684
5543634
24312892
18202642
6174656
29146964
77422734
9778092
1056808
38420754
91197834
17743220
11541558
33671978
77626198
48304568
104350
475910
50567442
7616870
14464136
47816178
29394900
74851946
14154642
48836962
1249190
20243998
272884
968668
33314452
35871430
15841616
24918858
15826372
78740046
90109602
95533244
87236324
24133772
121624632
78688774
1922242
73993488
27538680
83946582
2024948
57256024
5353130
8847482
79658180
97701064
38106454
38676548
68548526
16985898
52299058
26194828
84126510
78927790
51579708
3286482
101711238
33282346
97318786
69198744
59540866
100428094
73216382
9914436
5019404
32396300
351138
29107276
5256600
10482088
62162448
53267900
6813938
16500350
65537660
35233264
61923736
10972642
21856062
8903312
27326910
2830938
58766636
86724220
46273326
41745138
27021584
19607920
87428808
6532282
5763946
15174984
8602142
37956426
26191214
58249152
37300400
14977376
19813210
26169822
71289758
29606938
7763874
5166260
14835020
14381750
23028296
29551072
1708946
8819218
109705874
30362544
12185784
38006948
305344
66108506
16507258
66395080
54859478
29564500
84605262
22996872
12729038
5272538
8721184
24477256
12061088
25849036
45205474
13840500
86948182
82603376
61666436
21662930
46237976
45260522
30262702
18214662
35033058
12928436
36809864
20601420
36390482
58478118
3502660
36968494
11638616
24633216
84510010
61798968
66293294
32226836
1140026
39209038
8696708
38848342
13975864
56936094
70020250
70538980
22295356
74488332
31190820
40466086
14294544
613240
16854104
7033242
60071132
26125282
21983766
17924222
11381074
23438850
6429900
206836
62051704
4578352
6772246
11894796
87400356
18111652
28956678
71812632
13320300
71460700
883534
801366
61469310
12731184
233046
61103130
35773086
13882292
84838442
3832654
85832596
48270150
73230130
7758724
2779492
11057528
22113396
4334446
2309752
47836136
20374204
106214318
14680920
11474288
17936778
15058182
29932684
84640116
11139296
41163206
27317962
62523764
1221940
11123052
6721340
67940
95457682
75216304
13316974
25183798
22795234
92310634
56167242
16313300
32702646
3925920
111787436
102522546
25237944
941474
11660384
5073028
8070788
18561318
267402
54692160
56143462
13175466
28905188
30654
35405246
89883130
14515742
72961874
8884814
73547034
1067618
10792552
1236294
48660348
39148092
11222256
41286836
19398562
43887344
23731362
43549978
2448874
10716502
78138194
15106156
67810852
28650710
96393982
104867100
4494262
72655102
40684200
67742652
23234314
120212942
104080262
479288
15250972
1867906
31094530
5093892
9277592
47382400
13538164
16687198
18003828
46982598
71472372
16351038
65307422
98538612
67385496
47111668
53933876
22735822
54587594
7819074
44176324
22914586
107100
12509116
33454578
7218962
475716
38426230
19750282
35702488
17716296
2898908
19365566
42076914
3524768
78869176
3928618
23356862
32351662
1519822
24885964
26680502
58939120
4000474
40769624
8623454
48888762
35010964
10667454
634566
52382042
75458126
106824482
9819744
80479840
37615010
57080594
9894812
24362588
11014054
26372780
8894140
79690940
21834274
10917734
33435624
4249298
77396168
21699100
1700646
19878382
53469208
10816830
45942444
39525076
2656504
19216058
73723332
1918408
64407228
26868676
92828346
17934140
8491400
1074396
4421464
49500010
24449284
25469280
33774
63704922
10825976
75158374
4736508
6449216
58979284
45140912
78746754
9692620
66573576
10178444
7008
14718192
6067458
9550712
50032628
43255558
7174188
6741968
92927650
60086966
108721492
39670880
2808
23491446
613592
6895168
2024290
59752336
60563240
51469170
602446
23043220
21011154
3175598
3510178
6013100
56608766
21880242
21926590
37649438
78293144
64132472
3737914
5962654
4495840
52720886
62441184
42456900
31054934
22317886
47090328
13551824
79447900
45735020
102153442
6253284
2270374
8969216
8207464
14157456
17005296
53582598
147542
57170428
92019606
366518
47804900
49620368
433810
80081446
20679322
16607910
11599102
57713402
31607476
39372544
4583576
43586754
6629968
27301120
767764
68267662
15338164
25976700
44312562
970350
7712516
2926218
1805616
27445252
83175042
20825244
85066
84193520
16876618
30701926
66078400
24965092
25913406
5585062
67890656
62839514
7569370
65741162
75332956
36723712
46712606
44003658
80332266
13790166
42706384
14526868
13655440
49041628
25619232
16820600
20211074
3172082
314292
32083834
312344
944676
32071212
40495390
66946808
61159046
19532998
42553766
66320722
31686926
14916926
56701464
73361086
93187504
70438284
15560672
19386776
49497268
22056914
18087990
56922562
89517398
47671850
26039554
87400470
67389256
34951988
41204998
13213940
1246720
41285174
4351972
2158774
32395988
28511156
69450360
2917534
31261488
20294506
29880956
30565112
5961170
4713264
29461114
2803854
42001506
520472
21318880
59472256
8724938
39975622
83766154
34861708
75059364
31529582
14856054
1064754
81413184
40880680
22377590
7597980
47176692
57370058
46577142
19733040
3125636
52485752
54637756
96874196
22074780
488078
49759162
41058156
75408036
80579510
57368604
6371740
8737322
31830434
73752970
31661428
21313884
63408682
69973256
5816798
64984554
10637324
30863812
3792
52789610
48273842
4154414
38431250
47397836
87683100
333744
72119752
28641182
160084
14723638
30611886
37751954
38998488
24555414
92954468
32971482
5705372
54487750
676098
29793208
37936190
9886246
40432672
470766
5802624
18544528
64836718
33481540
9354264
68660846
5759246
67666932
94797734
5415406
44780212
103824438
10950430
8069036
3968350
8850322
48220
880268
80750524
8049178
5679062
34732884
484718
970514
30687766
82321462
50491192
424398
31861198
39888972
11566904
82927840
46134
10709988
2548460
27702518
80862182
112048600
38282330
211962
2672850
10919960
7557114
18465360
71585546
49912928
3261204
778168
24771192
46824628
2589516
86176398
104634320
73995056
36256564
6975898
31641826
730910
44407220
88336618
95328656
60350448
6864230
6530860
49381694
13847430
47578182
58613500
32675434
13668110
60973274
52485966
14385574
94331524
18862324
9021416
3308402
41091634
55734534
12424438
58371666
51555248
33437016
64753432
2271208
36597710
3428430
78256176
4360454
105452620
68711904
79828414
11708156
105596346
1784208
24928786
43725654
18349570
54430156
73189502
108578494
1074
75753414
34305050
34342
6422286
1591826
2244274
90761006
1479014
16669682
13913582
16591886
12156548
65577332
18816640
28772814
5075892
15318670
103210872
31786472
5581762
25431848
1016614
3367064
171444
2960630
15041360
28121568
13352048
11213346
85622524
827126
4042196
80684220
84272896
16517148
33672250
34269764
16219620
22163104
60198798
32497244
25448240
44429138
9733640
51263554
10818896
50457580
6308168
31353622
16827024
15747216
45542434
9423558
6824336
44481166
10986116
8996360
1780792
1616692
66783186
75022248
77266374
44854854
1948554
42153962
17880158
30357086
87694292
1791426
3395060
48047322
42306016
67497104
65230184
56431022
28726522
31262
28744420
48690670
20452982
453836
35221562
883414
3143658
4229118
14673398
19822912
14531712
48867838
15407674
59238254
47079354
1463310
1940516
35793178
69822258
77620220
48373428
76705398
8834866
11694132
19277458
1745130
15047566
50276464
6525610
39222070
24391308
2061898
2372026
58930506
1377470
11175190
59523810
32010190
34281536
7058402
1166468
1760586
67301156
19222408
55736616
7793574
95129882
38727052
28810
24634052
62396514
19484072
94327764
40553930
3514760
75552130
77303478
21044050
59881080
18921198
29201744
21452146
660306
31813672
315760
12674652
100503822
6579510
949970
46250360
44743364
88252884
56143520
5505106
27175570
74171110
85660006
73780706
44345918
52821362
79680294
20085212
6732794
24043574
6389380
3101876
55613446
69583304
1443964
45164322
27388164
5358276
49107242
27481628
92756000
75824454
11851546
48200728
19322880
34271880
4025492
32549406
14238978
10764748
75633098
9949976
41104300
15226570
2017178
4700364
1059110
102544392
17978818
7068094
323560
27962824
39168230
60183664
61786130
26214026
37530738
63298026
1509196
22007654
79186912
78396292
1396070
18229084
25997020
5679330
29457074
49376624
36007098
9099846
9935330
11133048
21267886
50427410
1897642
81037540
14723738
2707106
16068726
40991016
63544844
52545984
3807484
22470242
57017962
30533020
71422980
15798258
388840
110879188
44157374
716326
7304126
95871016
1483024
2277360
20495270
2124266
66050800
101752226
32265366
1413042
31758910
25155698
58496310
19783522
58274
88093018
7627138
3298228
73289382
13009608
65347084
32533642
59242210
23785288
2595806
8052936
337994
6162356
21017110
80418846
30256784
9548386
47906274
21177718
24266160
34024660
8263284
2642968
13275804
66574224
94804632
85797706
43972526
29530528
64221774
100656304
4449028
12763206
21561490
69684236
9316300
12117558
118003918
605264
88463030
68255914
15224574
22896088
12615192
64785860
88391594
97430534
65578340
64964406
17295928
294750
3858844
8114292
6157458
935716
4894466
32972682
266082
32441222
35659728
5359848
756726
98890812
66497456
659076
243350
55553496
23470392
101788988
640040
1309172
57045092
5696934
84100156
3306948
2035934
21362908
74057634
15866272
15239556
67460310
34784442
14051786
17277552
54622708
638310
68495234
8045902
9923372
56379978
9388328
27197724
27875466
43454410
29683506
94758004
14566982
9303304
68013328
21027892
9139950
34206204
81876608
36068936
27334962
19911882
66731448
24588928
52893490
50504094
8909398
95241928
21514504
94783140
6973528
98829426
114741384
136810
12430
13988858
54545912
86087550
39152170
22314338
69631020
2503132
22622574
38728676
115554
7697784
74828634
29330470
2084748
43266462
4776658
6580546
76195680
46623708
9281822
58551290
45592180
37014604
15741624
69152696
25529138
1230420
3304706
3235630
55560996
49571248
34938994
2804904
47264254
11493354
29701694
3066828
2100580
13072812
19227436
201566
1084870
27582484
34112598
8104690
5644446
92899132
53639430
54849784
40343618
12139222
32389180
33546568
7441212
21083240
35753598
29180632
54729530
11698036
52418180
105156896
107162226
34185834
13404352
62810122
18275160
37663144
43886096
64274024
74315852
72721962
46001378
12105478
73100236
38736788
35333340
38916346
5923256
72053236
75398520
8615810
16309238
68687350
36221358
23865124
5981788
70640472
13221040
54526086
66395710
42334476
1159656
34960038
44664352
4381102
10036938
4041250
32367476
54961094
57970466
97108900
23659120
22591576
47956468
80479878
261342
9062294
11683738
46025620
23825386
47618102
58676004
43294878
67189152
302148
55494874
84700054
22016436
21742112
2136968
30829244
2505570
7626960
5412576
3618820
33017332
17768
12253354
31062536
56435382
2978282
52375498
40287884
4409776
26300986
15333258
70229880
18766
21998376
1551022
63850112
10113896
1963238
73807706
35665712
91151406
6127118
102941418
27904658
35973122
37994326
54432228
66824032
25143628
19759190
54308430
1681332
38358506
5326994
10182586
40918196
13451254
18139062
28855744
8018398
39954604
104165266
1467430
43982204
926218
13029984
30925354
74082872
53199506
67274558
76787852
35099976
67347406
16915972
6594180
45232272
7489882
1893940
18905658
59080762
54932738
48751220
18553084
1077384
65233988
15627358
23596274
57115936
67384304
48118404
18332304
14064452
9409706
891080
55275304
47367148
1612706
85722752
57231744
27356144
3291102
8148896
26223440
27362490
15873992
45743400
100189720
51745702
72659018
24279554
8409000
29666364
31846152
31316006
68614590
4654144
1318358
58025414
37902772
35684846
38584672
40015902
1850720
67061320
51691794
48061160
26602776
40631658
89646446
50161640
3053780
30067354
5105204
19755578
3568332
36305574
60444904
48013218
1944512
31676776
9672408
47382040
62771992
56166406
63452640
20740840
3308872
5833188
527418
11820506
9897990
5334128
84753544
40858690
22206668
93719386
13850254
115452188
33713126
46363508
89923454
68213884
7016442
38358946
2065552
67969906
2712028
26339284
11590988
9337210
5831614
225806
36398894
48142942
79120388
28401768
77686226
53067528
6770508
5179340
33719932
29528490
281492
17617960
1170640
23412516
64313216
86357358
18306318
31459098
79955520
9494352
3813362
31603504
41463594
13328018
1469716
29728648
19262104
1986630
76014478
22232828
55419204
84367570
14966200
78993632
30314620
56618430
255174
4650270
8372220
46665054
12173050
26295558
74013474
18916268
39036518
91432288
18534786
9605764
69366972
74569554
25034072
46333470
94424810
6422160
93576264
49697070
12449924
5751076
8845666
41864296
51085508
534758
2030722
82205670
2493278
74846502
41899812
23121040
8316120
53575610
10996636
60368612
7463824
63972976
3857892
12792390
1108078
573308
1684672
52085228
40162078
6751744
38461604
2603124
13286210
16336192
5940090
16369654
461438
57910406
22504026
45091334
3180400
25738236
1086164
2883294
61654802
1036042
51811062
12525176
10277950
66372162
57060050
34886618
132312
15139140
30975522
25951360
15991106
77936488
691252
38314942
83291826
88238762
10493264
8103362
14473728
46660
59361312
88140024
813630
12604358
49260946
6193906
60013074
757482
14987864
28150672
29657654
1141068
73521894
4982408
31321394
16692946
69771390
27989420
33548362
111782826
33780916
98180602
90236562
49618542
17446028
21522130
18122470
67094078
68919112
64660708
56741208
2490168
18575040
24480670
115356
4950314
6280554
11018336
11040438
80107810
103550838
5788874
32420628
21676246
10257454
2816960
15227674
40720062
38153186
56481642
1663984
22681670
78240436
11541844
23909312
42352252
29402074
12528786
34542908
21318206
182
11021684
7312440
52799686
44342544
42338988
11421096
5569872
1368600
93605026
29364818
2827952
18314444
55923318
20342972
9020010
32375766
102153760
1474502
8889954
402964
1758026
8643886
346216
37570890
19895948
14138
69786676
16326162
47276380
34398724
32772392
2104566
87126168
8114672
10471388
71668
57275070
3286760
24573698
50805028
942818
801752
41003026
76378558
39675454
13460008
5309166
78432872
28269962
4631290
51424136
64805288
69836764
4354522
12301462
69268494
5088252
14729882
6152572
156862
7427598
90110742
377462
57197924
27595916
34201106
35672666
79075286
5420916
11466014
43313826
85303800
12576782
54306238
5119088
15690624
4468322
21084836
41042032
47994782
74068036
70559574
22756710
73051734
216750
64776634
45663724
60281224
77674408
75202050
44318270
165602
7508650
45964046
18653656
58710678
10919606
14317790
4992122
86933000
25932204
48663506
91915370
31598844
58791708
32904
2888030
820750
26693192
5793694
45856642
25597920
8847384
2772812
7833438
33098606
37621038
21757418
3459164
32203812
2393882
298064
51102520
11901646
38685570
14832994
73511590
24039238
26271708
25750284
4824142
62728062
67472910
14774082
70702206
36941414
25588728
44173498
19478514
6689286
2551366
79935528
35772282
61496516
76633256
117370126
83711792
37620520
44777314
13634236
27230540
6795090
38598694
85500656
41014314
62161452
32526852
11511792
15021462
76384548
11883112
48111222
18813666
8678250
72073018
29637196
43362182
22854402
10434390
100593392
17958284
6367876
1575244
54248510
54689850
17893566
56558932
43618068
32335450
12135796
57759374
11192966
31943800
602234
34006794
13401172
30625778
63082720
28736708
3401404
2072374
6122
88537660
36263426
24652256
21816254
38645688
12299768
1878236
12985666
14934016
89735606
38190420
74592082
26743388
36311162
49305238
31207402
6802424
5369790
47886264
28634670
30392888
5225792
53167356
55010272
12614742
71089982
38476034
26013918
43099556
38460342
30429476
13559306
499316
34673256
13993992
91264378
12698978
64461372
1581618
74073268
7678212
80643758
30298630
49604904
43091758
57973314
4986900
21699118
14854282
5528386
25811154
12437070
76219492
6613574
36051332
104403518
65934580
44724520
61571396
38934294
55507184
3830996
6508810
50221624
21949112
177180
53724000
12032298
92718298
2318406
58027738
78822314
33462618
96471236
7025136
52543048
29469036
17330838
2479506
9565902
38627634
26788882
23849572
516660
68438346
16998736
24645840
2183978
1258300
37824486
23021588
5194600
1438966
2785582
16169386
20558652
9080490
59671276
236712
29736706
17790190
47190684
75047162
27016730
24856
21250238
19369696
2704254
2832940
18885932
28561402
39214980
92880470
526690
3811550
3982604
8330762
68797780
2524370
8613048
5451628
95432190
31398036
53437276
31293672
1937112
19882220
69657230
22263380
76250746
13246026
22977314
75870552
89023394
39506454
95752188
26546774
22991114
27208258
63939594
11641574
64291192
1482836
56104404
41103342
2325144
1895084
4270850
60326964
44648328
6818710
5879462
220352
67831208
59427236
1846890
62337844
8349390
56554418
22751958
305702
2594
43661738
10676884
13147296
26709292
1073876
56361954
38254742
70864462
66200444
12022588
98208742
2996874
82858208
48989030
25504724
20124654
58529188
16534928
98
103191848
36612276
11847108
18318304
51942458
22605384
67767934
22676172
47571412
52160210
57234014
2648424
26345872
10731178
38425284
11597018
8923294
99483650
12572144
114620840
7503912
27628394
12474620
13301784
37442822
70003536
11341256
84604432
17710424
44659386
46419664
65268376
31334838
26682906
71311730
1967040
13565342
34552212
53239548
27468396
49554068
83831212
1769036
4646086
29186404
62429240
24861212
82120758
35616218
67655986
17941746
52552706
61980370
54808904
118183842
82686126
51281660
38423854
24143156
79017530
62445480
41078492
45220818
7654404
44158200
106231666
12756562
34322342
48937104
5907616
23298934
56649394
11400938
1489510
675580
52965564
945188
57522392
7437808
80795444
25443932
11454828
64103304
54163064
30076224
17336652
436820
18164284
13476126
7303682
58640548
39812250
19644084
79879314
27949070
67216332
16514412
32347702
58542806
22832592
33028704
10259280
21423218
46329672
53744296
77311472
21768284
30548370
9022762
7889706
28617344
820980
54228238
73255620
48936928
64673840
25058630
2639608
46713592
536432
64847542
44722056
24261420
26041566
17416892
77218438
35529710
19353492
74454252
5326084
14404104
99915052
717416
2954504
4406442
98421978
16803012
53421078
41309618
5343388
9316714
21672308
10277698
8477422
32785920
93590250
1503414
19200546
109412544
6436578
51155790
105361278
63026332
8491372
62732228
23914844
63234750
31534516
26394334
31925450
37952600
21536944
44011780
40542566
52730248
3742544
25803086
13505406
17875132
94780308
23548358
357096
11730244
90283326
44782578
9927222
114766
2823692
14616280
24896456
37549832
1993098
48803336
61580638
45545090
39069914
76788940
29791664
66822706
34684234
107793274
20315634
36665464
22836754
6948618
57385938
21996348
64686386
4415840
1348260
7961016
6003292
13072272
4016276
42606074
55206158
2134586
12550056
17309002
7241270
4995790
12044472
33980110
70711014
49397806
45838762
18154414
61090540
71067754
99341748
26549458
76644186
42178470
33070006
83786474
327636
28607892
3505806
27213318
93324976
5860244
32388240
45482468
75270816
36720020
14236310
127607890
35999884
5410240
2600006
17593180
77142086
69048342
86952480
56619390
106250138
36964020
50207570
38614746
34724474
11868554
28783142
12336326
20455978
17533710
12539668
13378514
16539750
70662140
41648410
37142546
14626588
42251622
31531136
98129186
5056112
232088
22273892
242678
28887444
31251898
13562924
3744448
10512920
2865732
85655198
40008042
69831016
57672460
56567304
50878662
22122868
1480126
76792316
23602082
71435986
671764
46378634
29707388
62234684
4331072
6321132
26547938
46834
19900544
3025660
4684816
6318798
8705572
36836278
56977358
96837458
48097724
67077308
51028340
79961218
131558
33909740
23269624
32957050
17176464
7086726
5841234
4685384
7597604
75086290
25766932
700468
9921700
22406388
2690732
32079618
100283012
35615554
30764176
31493722
81363544
41129602
57597284
63357902
44180748
8458082
31549540
10230892
37100378
74338200
74660190
2106646
78816426
59780994
710206
66308640
61167068
60488850
92592962
48027822
79694318
17044086
22395844
94700684
19248838
4643052
28460090
52435000
98962672
43478046
17264924
113844
17418282
39161648
71590288
48553230
7733042
7348594
26767178
10144034
75950596
3057164
52926688
70855398
8511112
15853180
33752302
58355134
13304602
50968574
14015618
23369938
16795344
416048
19910850
72093632
36450112
62053622
82051338
54274326
21861754
42514414
61207810
5984930
23035048
1159108
31401810
15609860
91675820
34841842
69756372
81546984
67603716
9125968
14797026
2731424
66253560
55186172
1982824
48793876
19899200
76154542
44908258
2482640
15710730
29709896
22841846
17615260
57672684
24747230
14608028
44321766
46118358
59660158
16177418
25015770
14852686
6089264
7303982
121168
11388308
29987832
32006288
38516552
67722888
35232636
19925128
44961182
4313066
64721144
35847442
31106032
104535824
18607454
13773452
5842682
948528
19070498
88986440
3940846
44900586
66388624
41501522
643948
65809652
1047152
41172418
25432886
428694
2809076
82254952
10006720
5591052
8023670
4098230
24362568
29647720
1920216
40997076
47045692
43247234
28181410
1356972
32521854
8263494
66823152
59185670
256512
15137836
75735220
65573024
69761454
7814538
27995558
57293554
61623824
5185982
65550108
71081856
1484610
18937540
11397884
91090528
24323578
37901628
57846804
797672
37817946
37972366
46545972
1578486
20377946
1935928
14736
24225696
93455818
16125842
101455428
93333556
949238
1247840
10892050
39403328
56219682
39536018
17327936
50583450
38187520
71271548
56639058
1857560
19414418
33426
857534
34406954
24777144
11421748
1500952
10731108
68074048
14573772
82696590
75327360
1765666
16346776
95728946
67183162
34812176
42190160
659520
14631442
105919498
14294426
15498622
1031132
24887496
289778
56450048
2041986
20823924
76212998
13969978
117988
36680122
41513280
25239742
37468
44660436
48653680
178
50022322
64101182
40356550
1668500
72033226
1133940
39672348
70395920
10672286
6483014
18251662
52482048
29237904
3875344
37634384
81756760
38538522
34025448
5502558
1728584
106108530
46368496
90802300
28053348
44743570
5524002
37766360
59154340
48113364
10544934
38575998
69184668
17849116
67201022
67263708
3488916
80367676
29281464
8289520
34632934
3594632
80193766
12282096
14470946
58352672
3965570
6618474
78525362
27017150
28369382
22262686
3104328
610868
81107488
16445198
7327810
47669848
25080796
68633540
62897398
9808184
4855832
42970590
8278118
67268666
16261312
50045424
54309824
35659934
67124420
1272212
57489836
7152948
95284626
41624628
28653584
11235376
15565936
71052760
51357244
72423616
68578380
2907178
20117066
14035452
12211466
20738404
37809786
24092458
71557922
58979730
79079358
1743268
54633106
39396142
24919424
32555056
76399990
4888652
1246360
9244474
20977872
21482154
51967800
3168130
12434288
21216392
9172960
83364128
15444
90464
71889886
360876
63945120
42672726
9470868
20568794
54066868
2399396
38462334
74410856
74463380
117790034
13086532
43336048
90981262
92657788
14545384
23520690
99648946
59048530
23552622
17393968
23232424
17880628
98987114
25609934
63708726
1370674
5138094
338992
68879264
84634562
22959586
22251698
4261480
43827982
74592306
65694886
22764694
105167000
19932884
64263282
991712
67687410
46692406
102822376
25528854
58454532
15649106
79959610
80457716
28129410
21286678
48030128
36747596
27993076
10435790
86957410
46163514
5229804
10106604
845014
1911518
724790
65838840
66614872
80467542
75718186
18020482
61462536
4422030
97049438
3623558
68277326
16480580
8485422
1896
24037518
2608956
56533212
2788170
4643292
10555610
288838
1181006
3643474
6683028
81876384
11347808
9989882
5668966
349626
2388018
47535600
59556948
20048034
51732374
23255018
17856908
67068684
42705860
40976314
8240772
6163186
4596196
29068162
60025096
21066420
58199996
36106240
44167556
22260176
19118784
2835364
62624854
23646898
71954510
15551836
62358782
3298978
63518098
46651074
5349516
19816058
20712894
35421178
57034588
74080038
54740946
47225680
414910
36798656
30360022
43102832
14088922
64514172
39825148
23639702
26804826
196080
1491838
55850772
73444740
82853178
92551976
34372786
61944910
22660694
28440992
78197792
58124384
87569534
93864652
45800636
624368
77776348
206206
69076486
60169768
35908436
63614296
55246148
318970
10360190
9180248
18987728
12395442
9952240
42103820
8114770
19992346
3232614
31066816
4560806
95141356
26389526
24723212
8540868
49845494
79045832
1804182
18306950
2768160
21706886
34940322
3928392
9927634
172780
15074480
72583374
5286448
4496956
18019378
56252504
78495940
26896850
62946066
80512066
45752000
4270244
39961666
26632856
10965474
10672332
33476912
1363286
660114
99970336
62787658
15545886
2983892
83470970
63518
16640472
20768064
731340
43848114
63719880
15795178
54883710
7060468
74559406
87805360
403934
26042618
85970152
63040156
21496800
58441860
20054100
10997440
18110808
13965618
4655150
66027746
520932
71609794
1822766
28596220
63069720
457638
75415810
56736414
42112110
33054282
7140802
5737640
25286228
902306
32309762
121957498
2991156
324314
55067470
69302716
1907404
61102584
40986158
1160980
14279098
5894234
81631960
37430860
65484726
27902440
30558432
11054598
2238894
4812652
7555950
51363890
13678744
9240474
37299794
31891440
9463148
47761322
32512764
89686382
43387798
2615598
559388
4739624
12674800
67445340
34492220
30147646
1505588
29200976
9495596
655806
34611368
88426678
52700042
13262312
31119242
24016740
1135424
7693672
91306794
24563412
29686928
3734758
76583886
17973464
19341588
13850924
4590832
36672972
7160280
65446544
85196108
48714658
41396788
39550284
944964
19130904
15710544
53904344
64490350
434010
48649040
54016642
58328150
66752384
35864874
220402
74867720
55935472
51607636
86622784
960326
4872816
46241158
29609836
25193950
17316428
49761306
5321750
14246944
66267700
10311608
328676
20337874
59440240
10887080
46650838
17380852
78994124
57799552
4776190
60125892
79028124
12808328
89148946
28698892
5184530
83877660
41854842
47752844
95695464
88046058
55045118
10056120
87063238
5027006
1356084
10983514
2302084
72024938
757732
47695650
24769324
18564116
6028772
33415234
3226964
14138422
55595180
42711300
7923646
15011972
3573724
64694898
52649910
9494760
39336700
847590
2282
97038176
80297416
470546
13609086
58379428
94529046
53169466
22415612
13367236
30332540
7696306
12417510
81383724
8588674
31694116
38981776
76033468
13971488
58275704
29635192
31544944
7352894
9029296
5180668
20653002
39241554
41594284
32882786
43383498
39607130
82680884
2865588
76878882
33964160
722038
4284446
46979260
83058044
15904158
5306726
74396632
87044600
22427490
11370720
84196314
40298
10162
101272382
52938978
26042412
19250272
32821978
4585818
41598410
35282196
6212114
1942332
28339876
56595590
42628172
20933048
49472308
43213366
17546506
59384116
29737790
64430122
16128868
16920466
13489390
1463228
3726782
43382230
67553852
66822684
876696
64161060
101984194
6907138
23297984
97179956
1344622
49851738
45029808
56885838
2099698
2718134
45821722
23191474
8516300
13901330
89235090
15277522
838674
53529056
86777432
104324244
112404038
53548794
12848490
10689722
83874328
13724516
91180426
13668786
4378602
17999922
89819438
46158416
10452278
47621752
15510346
13829224
1329484
38038344
12629430
22436136
47107946
32899520
95606896
40080324
1412378
40756572
10703040
77672
43213526
5181190
15766974
17486164
64716178
80087814
6034256
9266728
41339192
25501538
64691200
2869070
44196078
22934
82273140
31096846
23261154
49887958
229222
9176000
64261184
904028
3440088
1320764
68134400
47154844
98309350
74630716
8057772
47294258
21071526
63231566
15338054
7263906
49299236
21916478
102654122
12860154
7162038
76281250
14129808
78655650
27718994
6102316
52822292
47259954
52737950
70872556
5695610
12656400
113230828
74598898
40414660
36520168
47415778
21578340
41035604
17837234
5753296
30803392
47555664
77484250
66767882
6252452
38403548
24656860
37455442
85326704
23405164
27870886
32239354
28774516
12737466
43913678
34089754
97150
82793252
91983554
57745936
68656948
19808248
108311380
2622526
477910
1946750
93326920
45966486
16511442
30191880
276398
9589554
3857340
12119392
824290
44415748
40424036
11934714
66784906
55219856
43657036
31019156
65945906
75986352
54670924
1611550
323638
32942192
16283370
70550612
72888836
56970800
8224718
34704494
16310584
41791496
25189600
35264724
8637426
52210
64124128
60312178
2570650
3252986
9227412
96961040
27330798
30686118
16598132
26198580
30046674
17213608
29393944
46410402
41871016
3804930
3972042
234884
