651800
511704
500420
643112
502664
808112
791084
513612
595484
500312
510512
550244
649604
637812
621524
904100
538364
500544
645260
510224
785012
501984
672284
669944
905900
812840
568820
858704
503612
824012
619560
500004
867224
552164
546512
700344
502380
589464
516380
504512
995012
523544
500060
558140
500840
791084
553464
507564
916784
515312
524864
820800
500364
500312
546512
708012
509940
948404
680600
596360
501104
918612
646340
628524
522260
691580
706724
521424
595484
956012
658484
505304
881064
911324
508064
969480
774540
560900
850284
950300
514280
599904
542340
613764
540044
884564
527612
668780
502812
925964
806544
560900
504324
979220
512324
983144
513944
610920
568080
545904
636764
582824
851960
740124
907704
729164
776024
558824
794144
898724
511400
749924
764264
510804
551520
500112
513284
642044
533024
913140
505512
506612
500180
534584
610920
893384
501984
599012
804980
661880
502812
535112
780500
704160
501624
596360
768644
841964
855324
564440
851960
679400
578012
532512
509384
809684
973364
521424
507320
624500
581204
827240
511100
636764
629540
630560
519800
877580
517112
504900
515664
872384
734612
779004
817604
654012
633644
843620
597240
882812
765720
711900
918612
819200
770112
506160
840312
547740
808112
500040
782000
523544
785012
677012
668780
573344
922280
548984
730520
824012
675824
957924
761364
537264
524864
583640
685440
537812
902304
539480
543512
896940
647424
500840
523980
508844
776024
500480
792612
601700
701612
524420
674640
838664
540612
632612
570312
637812
522684
800312
520604
696564
751340
759920
520200
501512
579600
877580
659612
924120
521840
798764
566612
956012
900512
820800
671112
718460
571064
594612
535644
726464
950300
737360
513944
713204
742904
909512
675824
685440
527144
857012
534060
599904
914960
529524
575660
611864
801864
512960
803420
686660
935244
500004
687884
502520
811260
825624
500760
500000
510804
997004
598124
518240
642044
542924
516020
615680
795680
882812
634680
500144
574884
999000
523112
549612
505100
514964
525764
837020
758480
734612
666464
803420
660744
545300
556112
627512
862100
536180
863804
519404
506384
568080
559512
503280
893384
777512
684224
620540
500144
606260
768644
832112
651800
639920
503120
500024
925964
500264
814424
515312
678204
522260
975312
512640
578804
521012
580400
731880
500024
981180
532512
771584
650700
777512
786524
509112
700344
865512
801864
723780
722444
797220
757044
502964
719784
771584
967544
565884
744300
543512
891612
848612
608112
792612
500364
557460
500420
652904
646340
800312
779004
977264
940860
715824
717140
600800
722444
508320
719784
500684
612812
692820
509112
733244
744300
618584
578012
621524
872384
547124
695312
625500
782000
672284
920444
742904
516020
754184
511400
679400
755612
512012
517484
609980
597240
548360
774540
896940
935244
579600
999000
605340
500084
516380
522684
622512
741512
544700
581204
963684
528084
684224
590312
886320
532004
535644
846944
667620
554780
586112
547124
582824
556112
504704
830484
911324
635720
501404
501200
622512
788040
506612
501740
725120
749924
500264
764264
638864
600800
671112
680600
865512
788040
965612
502380
523980
659612
727812
635720
576440
677012
727812
541760
702884
645260
512960
502964
531000
755612
563724
745700
905900
572580
526680
946512
578804
538364
500180
835380
979220
502112
528084
725120
519012
927812
683012
814424
817604
623504
511704
525312
886320
530012
584460
536180
948404
938984
704160
550880
526680
531500
710600
588620
571820
697820
558140
667620
609980
631584
913140
715824
620540
845280
997004
520604
592880
501200
816012
604424
502244
509660
501404
602604
529040
549612
527144
528560
554120
525312
822404
649604
508844
568820
500000
526220
500480
904100
780500
606260
504512
530012
860400
517860
655124
501624
747104
931520
535112
613764
609044
985112
592020
577224
718460
658484
696564
900512
544104
665312
663020
657360
853640
640980
898724
507812
783504
665312
519800
616644
555444
594612
687884
529524
604424
523112
942740
828860
599012
541184
737360
504900
875844
567344
519012
946512
933380
563012
519404
591164
874112
500612
922280
937112
511100
502112
848612
733244
512012
870660
550880
795680
542924
526220
517484
762812
521840
590312
507564
754184
967544
593744
565160
767180
518240
542340
539480
574112
534060
985112
952200
752760
554120
586944
841964
513612
929664
567344
505512
644184
891612
971420
647424
574112
833744
889844
853640
640980
514280
624500
501512
991040
678204
503784
969480
592880
860400
709304
657360
577224
540612
845280
547740
759920
571820
723780
940860
629540
517860
548984
512640
738740
503444
530504
987084
752760
804980
503960
789560
929664
515664
500012
931520
961760
942740
630560
616644
514620
503612
729164
531000
694064
863804
557460
544700
503120
669944
692820
634680
507812
650700
855324
588620
832112
580400
661880
709304
683012
541760
663020
867224
533024
706724
573344
507080
909512
501300
574884
558824
554780
501860
837020
506160
611864
524420
721112
694064
561600
507080
516744
500112
541184
507320
582012
602604
748512
534584
673460
726464
563724
977264
828860
656240
582012
690344
740124
681804
797220
550244
959840
544104
598124
959840
806544
648512
503280
504324
989060
592020
500060
505100
633644
654012
508064
714512
628524
626504
993024
705440
500760
758480
730520
555444
553464
981180
584460
536720
721112
500924
987084
518624
639920
500924
556784
607184
505724
569564
631584
562304
618584
937112
528560
833744
827240
614720
644184
711900
500220
914960
623504
673460
748512
765720
857012
560204
816012
614720
501300
973364
666464
773060
786524
944624
509660
767180
789560
627512
500544
835380
991040
895160
617612
731880
995012
501012
562304
699080
525764
822404
540044
652904
920444
702884
509384
520200
773060
586944
514620
587780
612812
961760
532004
603512
605340
705440
501740
583640
503960
983144
902304
536720
735984
502520
501012
664164
500220
713204
738740
846944
589464
561600
751340
530504
586112
559512
508580
954104
576440
745700
697820
965612
954104
619560
868940
503444
552812
875844
907704
509940
609044
701612
565884
971420
840312
843620
838664
521012
625500
563012
686660
933380
812840
608112
617612
531500
681804
993024
517112
529040
516744
537812
643112
501104
691580
501860
603512
660744
506384
757044
825624
989060
504140
747104
655124
513284
938984
545904
879320
500040
794144
735984
762812
500684
506844
963684
591164
593744
770112
504704
615680
570312
565160
632612
508320
699080
638864
533540
761364
674640
952200
500012
881064
601700
888080
552164
505940
587780
895160
690344
916784
504140
862100
506844
975312
552812
868940
514964
710600
575660
819200
569564
850284
874112
527612
502664
510512
510224
500612
664164
505304
502244
927812
798764
811260
538920
717140
830484
626504
571064
957924
533540
888080
556784
503784
545300
500084
695312
741512
689112
512324
783504
889844
714512
648512
505724
585284
884564
560204
518624
656240
879320
566612
944624
809684
537264
564440
870660
708012
689112
858704
572580
607184
505940
538920
508580
924120
551520
548360
585284
