2967240
35150
7488512
25744870
18282802
17596474
4295316
16890688
2510308
164362
2704650
1732994
80300
5602708
9929634
22150394
7537546
10963854
11803998
832898
5099538
25737602
26134060
15801358
550138
8751046
17765084
2518370
11883880
3933328
7699206
14634698
31764298
7583356
16484138
24120022
2487566
1963370
812318
10942198
5842650
21295754
5052838
16918426
19040596
47663230
6025370
4929490
145716
31035832
9105226
20045766
26821162
4645820
3269910
10468
2986226
3119258
100372
20677190
15117194
1063618
9846874
491502
870414
5461806
20878774
27182182
1539946
6914170
19775602
4679146
30206122
1707954
23041700
28739532
2489018
9219802
3880938
11817960
21323360
25656306
7618078
23437112
402962
946894
10361646
1124904
9370502
20633206
3912412
957610
12189472
7176226
27800038
17265240
8153450
16109038
4585626
8013106
1853272
24951514
1634138
15764092
46490288
1035090
303730
24450782
10604854
7280242
5718400
37591794
30656662
1878674
33731372
1447990
5277382
46046
25671452
29244298
496682
160310
546284
5880658
35251078
21259342
12416902
119692
6266392
1601828
3577666
13650358
17812370
5384
18444950
55253092
11619434
15586450
384186
267402
45120
9110310
34684798
193120
23874774
44701102
26372226
3669688
34587856
26826
794506
28766668
11127880
38788376
4429882
1908454
23281510
1134592
3778808
84612
6237706
35817942
328044
26566358
30327814
1113682
46038934
19615870
30064542
151842
294060
46130974
20066
44498818
52967410
9900140
3064378
23914436
1779910
2966646
15156578
8158670
12481616
6772012
23492878
2514380
6114
660802
4222998
14477816
1428048
38578582
5393722
33420862
1217580
1901578
16466962
33333094
12726478
9205192
23762722
42409738
1057102
9485218
6318402
7014188
16826342
27780874
9208644
1325074
4756620
19017080
30341058
16316056
29708032
77776
11549442
493418
39179326
14911336
8976190
981610
31321222
24923382
20458782
5757394
41233318
15494396
430426
2887066
36057530
33109114
4209442
52482708
7879606
10590338
30906106
28765418
30516410
6676294
11067592
14471696
3401830
36870206
13252994
3441636
8266918
6874698
26243572
1014438
15906582
4692578
1056988
12978538
31717722
33405378
1035274
1335976
44637316
18970678
226122
6288874
19419178
21308698
16364218
9021506
25726630
3040976
452024
4931672
5105128
1735498
11728462
11687090
15315386
391440
5229232
3461450
27712888
17713834
376498
1574680
6080
258362
17001246
5140914
19132298
25244692
751090
3546714
4365560
17101310
352906
21128210
4497902
1764814
17954782
2120398
25152182
27016222
12469670
19778118
18075718
6763810
459824
11687086
3966610
608070
52678482
12830286
275096
27013582
5167910
22701046
316852
31157776
19608010
324052
17420908
3977490
2012824
8910450
4131214
36649140
2604514
10126594
4740
27800
3354290
5311922
15051610
18610004
48874746
2434366
2813910
266740
11461018
26752234
14156652
6011718
6663058
884042
4877044
1100004
3450378
186842
12439102
20202936
384578
2613764
13185978
22517698
919482
26269914
3237350
14402500
6941294
1805392
4515762
4194994
1417662
503518
3896354
12670328
29348674
17377582
17821672
16362530
1467522
14122950
6769642
37330840
2358936
16853480
48479974
462946
6683420
15580640
22416184
4569228
85600
19565166
11155586
45665488
21769254
3473414
43107214
28740822
12560958
33880584
30642736
79662
21426364
14369030
24351054
8893318
12427072
4303642
1232770
13865962
17970762
33116404
19092606
4699172
21736810
3557950
24076796
4426550
15425124
11576312
4847342
2509330
2234890
1499092
4971760
2787452
22440938
921418
13606374
19715322
21362434
1243486
1768708
5344618
12908048
4854514
5408130
9503958
20189170
110096
11391770
854938
23909038
1659370
2643130
750618
1417572
14267074
20336018
6345600
1324538
21409180
4345198
21308556
3916902
145452
1354738
3238408
32058490
4172438
10003730
22270166
12387758
17260852
17404238
8360
573184
15336098
5105186
18810640
25551670
15908878
35816
1218256
130692
1139796
336844
23161798
73952
14536470
6799738
1824222
14308654
36208858
7461418
18949134
22243942
18375130
24226422
336472
218658
24881394
5780518
32866242
1339790
5077538
1897310
11565742
11179302
25508122
9831362
1630888
6761182
9673270
17159264
7273720
13626164
1871380
2720930
8637958
6556418
31110706
17919556
18054040
17752174
1669646
12315106
2131972
29656
454834
2775790
9008082
52074
1216952
3710130
7109222
29100
20578026
3765020
32213606
26667766
4386212
10987592
260130
45308494
31495802
8982228
20288034
2125666
303370
14056
232080
3287762
1420446
277664
16070458
15654558
22609568
5238706
42888676
5568586
9149350
2550110
4579520
4305728
2586698
943492
10413214
27368
26119170
1171462
22775692
6089522
1231490
2800304
13294034
12167746
7027438
20624914
4869918
10271098
12490906
24979982
6059346
75952
3223682
19118470
4097670
24273126
3763174
201772
5560038
13685992
24032118
25171620
7072698
18141898
2795694
10207066
6937642
20658238
900638
26674176
6177102
24738782
17252
1828232
27062860
1077780
341828
24875550
23309770
4354762
5063872
10981690
13199386
15987134
7803442
11230888
2398048
24043888
28782446
9526466
27560286
4868196
26120492
14252286
1318696
537240
2294946
13479334
5141206
124584
19880314
33535882
995962
25750210
27539938
4760974
29203208
31142938
169460
23764442
117488
1347082
24138
19456418
26465014
2075104
4266146
18721078
11871858
4455542
24896506
252044
20140138
26779516
858666
4267230
44680042
4066898
6983642
8559094
34296702
1599856
38654772
385268
4000642
31641014
3011876
16847386
13888
23495062
10914440
24291802
182220
2796552
50460
22294398
22262666
29536078
1184750
21668236
8692476
17757700
4151050
6876906
2760912
7921874
568522
30590374
2853682
13758158
10904858
20052562
139442
2674708
27053050
6947086
7950
14403314
2636316
4747486
13620784
2738150
11293054
2780078
15299730
1773298
2997436
33254588
5634492
7482124
380866
3949690
32141328
24466270
26035294
10049798
21589342
17922640
24003738
8375346
12324634
593540
73866
21165004
24907346
5800
438310
330584
26446648
7891264
12696976
9221894
29111704
5456182
161846
17117274
1827050
35263298
769402
10265650
14680122
2866208
21252082
105308
11889050
133744
27317506
19431226
20004410
57054668
11164738
12755458
7103602
2135958
8180710
4902228
6533714
1565840
3388932
13890310
11870326
3144508
10948514
6964866
6726136
2747646
1775590
2694746
16188398
4856002
3573296
2182512
5961778
6363300
9916138
22823418
17638542
26412580
179334
161614
12128128
2776090
100590
505626
3787378
1359292
29699212
5999306
1413842
5454472
12907930
8223698
33064114
3363562
8289402
8593030
2793186
350818
289740
56276
5514434
4664990
176236
41943852
14590834
4564
36943050
26391232
8341268
35922322
730834
41922496
25694446
20255374
47093282
16174182
9267656
104056
2255830
16733194
633084
25650274
295830
27977460
13754314
751090
24132116
5304882
12845632
26605018
5420042
6413374
12997208
7169470
46625866
224840
1483900
10998472
1515642
1873046
957708
252610
6067826
13903594
27816
152326
21482226
27966324
21482590
901318
8092368
10891914
29198390
533614
20155718
27925986
284230
35144
27806786
26611626
9962182
43904714
29104902
20976094
681592
35249134
54120
22824382
44932634
10889076
1826478
6579654
26369480
3524854
12786658
2129474
359872
23489374
1800458
16462334
28607648
3700650
1547778
15032250
2780554
12025830
174004
10622394
1361488
11421442
12870582
28748722
27857692
9162778
13382986
15784
44362608
11513282
54428
33289476
10144186
173718
23338790
605098
10431190
6253858
1917622
26937310
616062
8107228
116860
6775186
14053214
5509474
3005844
27123314
5821046
3273738
4051342
1522662
14356490
15884526
28992
18773758
16133326
5176402
25075150
1194490
7813014
3888994
8853766
2372988
10965992
1063336
9190102
5702870
11878158
41405518
135610
26130698
5005914
30717082
4709656
333250
17836582
27882910
2172352
3284890
5814594
20343130
96096
10627150
596974
12218534
27962454
34395178
12432954
12291612
11698918
6439030
14447066
477736
3873870
1621978
8631478
17522702
13649258
2592694
25664650
47785738
1179382
9204026
1480234
26304002
29095754
32285116
6688418
214034
18252850
22015126
40836130
4002152
14212562
563450
19293938
5809420
27702526
46544404
19606346
9068638
27831366
1726192
32322394
8768532
323036
23798752
7038362
8533274
117770
19549974
464326
15189130
2567290
8772440
13813910
9268492
2030098
29203204
26802118
37789630
304854
3375258
740612
21240520
6097794
5301392
29015938
23624260
5810376
16853314
1961770
18463330
35045530
3265790
22955130
13040470
276064
43583774
269936
19030
1170998
3634366
14891008
1951826
25343602
5782708
19397766
2223214
8012434
7901866
4275030
6255018
81400
27557158
19843572
22260034
5334458
16510626
2635418
5149938
8127008
4032590
1791822
30576
57076
207930
21277170
25899066
1117690
31870520
10367672
21050914
26661370
16770496
5129762
25389716
7433188
14199330
12469882
888538
9861214
2500780
19700428
50498
4450078
16432302
11903032
4079530
485662
14994178
3485134
13600178
16512826
30956638
302354
153260
2894634
26425210
10258322
2477560
34145938
29049778
7436344
4821822
163608
52874762
4541690
40800
196298
19086098
178842
6836998
7318632
3463102
452870
9484482
19828142
933810
31427482
133870
137452
6238298
10008590
5897442
16900870
11128382
7599562
443794
2128
5147898
293892
5858818
18659824
2627598
2391094
2251168
3652714
41892280
22377604
29211124
2090418
2148646
46540250
3158284
3758098
13219302
29223896
13897502
5942470
41131904
3445698
25017330
29031538
16335626
446446
18481270
19707270
193138
1955378
24244100
209276
613968
14917642
27251950
12791262
1026970
211720
31870042
889962
982492
14931642
2058482
5698624
22752
2782042
22670526
3892556
27245124
29551126
16100636
1240690
45186406
2233602
2854350
14044924
14613482
282250
14025434
28710514
8922250
21432516
27075814
14944258
15132228
24461562
4053398
19346114
4703534
643004
4499138
27194826
20937290
23940224
1746162
15174856
29131204
786302
10314888
6353170
27134840
35907962
453288
31780280
1873786
22667854
3427498
735034
32573374
2001360
3942202
1651030
29486310
6292858
1800308
14026630
205030
10490762
10863138
6591878
54170326
7665574
2959706
8567602
19001884
1940722
2400482
17099674
17526658
15428854
24393906
232308
12903886
22327642
116560
12825998
5689672
10578960
9333270
4484158
678858
2693094
1500682
23886546
29758414
806062
12439108
29677006
471018
13467682
7035282
37298294
5692474
4246636
4948924
8444842
1440114
9208738
543370
25202414
4870344
891722
21536
1084432
17217380
1002400
603960
11557810
18544768
3776068
22238470
1719802
1177486
4734758
3186882
25437242
24840326
552386
128006
32173206
53238396
1425422
11315146
20947050
13707122
6129262
18078274
5070734
8994678
2436874
4232338
15224902
1669602
1805590
2216426
29257242
3992338
10211922
1508730
319462
20402146
5652600
3030094
31377190
9818112
2013802
10786694
26915388
1859746
13831696
177174
4783450
4989418
15577722
696514
1228300
32631806
4276808
23245744
23882920
10982740
54468
12799846
4282450
801006
868588
25485314
29260624
2820726
16322718
3719986
17186750
23360
1383448
1225442
1905130
2735744
1680856
33909422
10930960
12238156
8568758
12228722
90116
8578574
20060254
34158160
968286
21564146
11674564
2894874
4235236
534034
4041172
24445978
601608
27095942
869548
23298928
6384940
25968520
5357932
18328634
1553810
4820714
466976
24046558
32602032
8188110
2003320
2488818
14964744
31758140
203548
534674
5466550
6784792
587962
9032
48610880
20678868
4052254
12884578
466544
25071778
10146538
21380982
12357270
15764
17242674
2098414
43987430
14262040
30895466
2167878
24545842
2043682
11209198
1698430
13137926
654218
28515922
33558384
13402286
339876
24456546
24173272
1366090
50860716
619726
759874
27956346
11661430
18970
28842168
3936514
2384074
50938982
6972328
29387810
7205186
21034420
18039130
8613226
8606730
5572522
5940
1096684
12836458
28354558
3606
1811648
76
39957962
269332
17046958
367666
538162
15848170
12445498
4401538
1585144
1701772
8276536
32972478
14802946
6383408
4150774
10216612
3500650
4294114
29885502
21875670
3047750
44573204
116844
2504834
1508818
20564324
23640670
1422702
11156942
8139812
1178170
30304030
8497258
529704
9531434
7296466
9234738
910390
1289222
197054
19124998
11463950
23338126
187234
4150954
5019770
1548568
225942
28626546
1874866
4725634
1233418
920082
6153370
3218260
832778
963826
16582298
1073324
21313822
942978
49426
16302902
22460694
9557542
948650
35438630
19646512
11592092
14922634
3660
480918
7367188
33379302
27261490
5427528
8450372
2100106
5710482
6000778
213078
22510642
266896
6330070
21583552
17033330
126440
21937096
7976668
15838988
25021566
1749946
21326318
830
6805428
3933990
11700
22390492
452100
12675106
251250
3380988
4992658
1919214
6535328
3705068
695970
17523334
54340
2363738
7416122
3819398
25085966
28605304
6994264
12221386
16163066
6430578
84800
1463122
20383922
8787508
120936
15529018
20738238
658780
31137176
20378506
6049084
306448
13751810
28820766
3692466
233332
13900694
3963634
795232
24395494
13215748
22050124
7119640
4727490
1151174
26500176
14856100
27152338
10341526
39113234
1162894
1461670
30582772
1317016
8916616
1254984
13151382
4932514
25401554
5897182
38980822
36744128
29604354
3568658
28670254
6840234
11348826
757226
7794178
1691322
2491266
26160890
4480352
33233856
11177850
10299530
33373188
630814
1614346
10088
6889412
11503622
1046002
826738
13172932
326394
26973074
20349286
25300486
1590538
11725002
568870
10880082
169176
33485674
41858236
514184
28822282
21675744
21835608
5874178
1297554
5089888
11488898
381030
734818
16486774
28551862
2095830
5363226
7937542
473304
24091574
3679874
8674494
11103128
17636568
13086160
9930022
2018194
90684
2586562
8513306
13558642
7939030
2177980
2141962
26069110
26961210
3712442
17072872
23580756
200250
209260
12437680
5898124
608926
10708310
1650110
18341546
35150038
9356578
12780358
3104810
1055650
2871612
4444330
184812
33211718
4127866
1185592
17890078
13226818
23397912
2749134
258476
192686
8854906
3226918
4923306
1976818
21272930
15022546
11450874
1384762
16246354
21260138
729778
28008280
1895986
16709512
31709950
4506
178492
1419766
23011414
29744230
16824898
420180
12188122
4661262
19004566
7227070
3099520
5519458
12235126
10788358
27426438
3720642
952222
46745398
17641250
28118354
8280430
17165722
21840764
10915938
10831832
3405118
111172
45159270
8064742
141488
810978
20880294
21629338
26401054
42276
45504646
27978940
16012748
29213398
1398632
4417084
2857120
28407202
3594838
16491320
1020760
8188462
48363190
613498
6341478
17473048
29403462
3471104
20558740
20437448
6732928
3088542
5294638
18421180
1100166
21165936
1012722
10476906
8881264
1883992
1465706
1968856
2645930
8427850
27668142
19530996
28928130
381330
96824
28850866
16022386
9470854
13201742
3986038
5966512
52634316
44108606
27982936
1991362
9807410
2847914
5770922
16560346
13202070
3067874
22186388
35326748
10735842
4366574
654244
9998570
33195962
7631842
7051082
39150346
6740680
4821434
4039690
18804858
5745382
48974602
8386302
4891870
3459842
4762674
25186426
22441062
39196610
888542
3538174
17223666
4924090
1017540
14013336
46451042
1890690
9971110
18497830
1017772
55848
42835506
3187954
36940396
5849668
7794182
10506708
23616
9843688
26620868
53823264
571090
1457724
42326458
17394040
269438
851422
33444156
1615040
38043452
28693978
11644318
28611138
12343230
2623846
114800
14162172
4535538
1163994
7689796
21878400
3093178
901054
464690
30585236
29823944
3029292
2337354
12106782
13739962
18620074
4907316
427726
23426146
40996834
3005044
498514
14561816
24264724
15049762
1267298
3744502
1072304
2712150
7004206
12082090
4850830
11612106
24026638
5333350
10093578
6536662
3229142
154096
16865230
28971336
1655278
25377190
140630
25971406
2012698
17976224
1101346
4920154
4134218
31144666
17988628
2746954
4330558
13324042
19986144
17195362
25851554
527218
2106942
16972220
9922372
3333826
35144810
24154870
26315534
4028558
29761328
2127326
26157382
21002530
24262952
2690922
9109342
73090
3953430
1344244
16893350
15234402
14365512
34441512
18235378
9436478
17050924
20047938
5563670
16510
15381102
1847522
91712
5475610
19832102
3724138
7461204
2400
16226098
14683346
11355908
4613862
331624
29737474
4865836
511450
22656
110308
3228142
24283400
8298008
5453798
3341650
3537634
29166198
23650438
6439264
42802
17076604
14467882
28959030
8096
2127830
25957954
5398734
4072656
103662
211932
14602978
101420
3868742
34005532
264198
2220122
15920
27509830
4811560
47118274
2582372
6807486
4358724
624982
7386084
7804854
1871914
392996
2980614
6887474
36368202
35156458
8672092
16722282
13720002
18965960
19507288
11681926
15706942
12830354
34795390
2358978
14837874
22100850
5356094
4444782
27721812
12080410
31878238
1344886
11546648
35886644
78160
3296598
36402838
8384706
63238
1172138
623416
28517930
199028
27534370
5829842
5442698
565554
1716394
10826658
13857126
25882390
1274126
8893846
13532894
4518260
16714522
42347536
3265282
27743062
4326970
4506796
9176326
23259970
8336
26066836
128308
778098
4446286
5604196
336118
14582820
869380
13555902
9731600
1524652
806752
8938878
134386
1858530
7192426
396082
1829692
27797126
730906
5419122
33670706
1047506
43637050
11506658
25355598
1348
4170152
1594558
7666810
241634
2032214
7522354
43875770
821578
9778770
16710042
4892314
23849758
1210630
9217570
29156854
6788182
12173938
17378106
40624078
39434306
18695762
5254900
24873310
36325934
817146
8257762
55907976
2416646
1997810
7353714
780960
38646
10913870
17924170
10029634
1850370
8610328
12427846
50520
6649654
15357090
18251826
4114358
1121074
5579170
27840140
10099570
246064
12506
42920284
859666
19242808
17489490
14749698
8094418
12900388
23575018
26523504
3964030
1863362
998980
17380234
10907046
33233510
741994
2440010
1861292
3142302
94484
13108240
328410
19356506
17487326
32759098
99008
14711736
14089474
25413920
24329290
18486794
1923666
39466782
4328818
11712712
4706446
25481314
17916482
8904266
6606454
4064914
16634074
4178542
2158826
4191330
5199754
4510384
28972316
38950
2460028
15033172
395520
44389312
20956736
16704478
25818990
169466
167344
17544172
8909406
1067858
15560122
1177288
879492
4864026
27829362
4499918
27677678
17557496
7568474
52862110
2658162
16660
3189938
887084
1476618
15616098
2638580
7995674
13310998
25956054
8724208
3452522
10601734
1390732
5829322
907002
1525580
29568
6982136
193658
10983562
4106416
1382572
579998
30514598
210548
865542
494348
655874
1660710
18111076
6834450
850574
22748056
13119918
11103884
7436
8808346
124432
1159642
145202
8964886
852544
33871374
3515452
5622522
13486894
35364622
287820
20273626
22170266
5745142
11705452
27765178
10657314
33280824
7293926
191418
7692922
9698678
1152238
779206
18652438
11093368
6580918
33098406
21746178
31073218
22737178
597322
20762698
440
9688386
25096608
5536316
11179752
39180406
30658914
21502746
3607292
6319470
1815478
1006618
8807830
6310474
211152
8411714
1964870
768658
12388486
1492014
3072
4890274
5690946
1647448
6080584
24956256
65642
27085878
2115688
5436538
16523524
68756
4830766
13079734
49758414
9619200
984780
28747818
37642
2765598
20967294
2036218
24745930
2357954
10177434
3087674
6955058
24062218
1559786
26290834
49825096
2983814
9258106
836974
1029904
9734366
46318180
2526
45468982
23651214
4186270
26822250
2662566
2258562
6142742
3923314
442092
11361098
16264018
24993162
13843270
26921238
22909968
765702
277942
8070670
17143144
15518866
3884818
2956264
1720192
557744
5086226
1142746
6768394
3244192
439510
2152866
19030342
31223804
2039110
4034950
1356718
12356752
6354994
3837580
78992
22635742
15140786
37219694
13270262
5829252
147920
6315648
629086
1751092
177600
20369082
9683950
27363490
14533624
10626394
3519370
30959192
23929184
18975554
29742138
4212586
176
29831526
1785712
36956198
25523446
7219010
1530190
23149400
38446312
24030810
27910010
21634514
1416522
451198
3118562
17149530
801130
3396778
276056
30299170
965058
13152040
5699870
10375990
9142726
6825352
2880754
1285408
7710206
45047348
6472378
1839114
10055110
22526900
3005182
28954274
8509512
19480072
9291470
16361026
242440
2238358
134512
1470922
26068086
15738778
136504
7580498
22321358
17472928
3509092
14572102
10385578
4877638
22071736
2288138
7291394
1265260
44277822
16777378
17276366
7077250
17232778
1000738
4291252
13412062
21998986
5496178
6146710
5551402
202652
34975942
23943282
1314784
22473166
22309710
25649086
125328
19669540
1210166
31146898
38603062
4910506
25036846
7228198
602336
1938514
9239756
1136362
1525072
21773994
1819234
29428660
8485270
8833542
367570
392266
8028842
5451834
2537818
1890
17647270
27144230
10130098
48512340
22494650
1908730
26802994
11732794
5576770
54351666
13624244
1412242
41808
10260226
13759006
23056042
12966826
6624514
14560724
6591802
24723958
23725170
5484244
7470776
10008
16305898
233220
11864402
425620
9404374
5231182
13417390
7133896
1925890
7002048
12320064
12320114
21042906
176514
10790730
3621780
48304586
216698
947190
164276
7021524
11715310
122250
3708628
21366856
28362
1160282
10247562
2275794
4282054
18737614
6573382
17863386
765558
4914592
20430562
4356418
2984438
21291674
51317590
11430106
16883590
138502
27302994
9722906
15379426
1249530
15289442
10653558
18305762
1160462
5387290
7916562
3489214
3026592
254118
9502510
4193716
34810698
575232
7761448
4725206
28237098
5686780
27764218
3466218
120288
5034146
15712876
2663110
20881298
32052
33602434
10324534
13488538
931264
7631142
12341268
1023248
22149886
1501402
47307888
438586
3957058
29042030
11348160
10594878
1080018
2455872
8552322
464732
869704
31778750
3090502
19959120
667370
151562
15231106
14996194
2278342
379568
12290498
64110
6101194
6052754
210520
47372762
33873646
38925930
8540438
5540602
3813298
14767602
1886326
8242354
5414776
3360442
35425378
1986766
4911566
4516130
1019314
7724134
16348080
1421458
517618
13847890
1975116
4304952
171846
528690
12984350
34490054
510682
18661522
25697562
3515806
4071586
228424
8420170
1868602
19385608
24022844
594794
5278600
122864
168126
28395742
25827402
8449546
2496216
2385398
1732218
27778318
17620974
11183062
1944058
273704
475856
87670
22787678
452210
31939158
13180614
36611278
14560
16950346
22677328
184234
1573202
27490162
24446290
489442
1854364
2779414
27054942
4570402
150020
25931538
126098
8711800
1159156
2910818
6856058
11786722
2614598
8748810
10435922
23096030
3951538
9095440
2971130
617242
29688898
4461922
40002142
436226
249550
16123450
19240488
311080
19501418
24096902
28251324
1637792
21604392
31582486
11812054
29366542
23847362
29320018
25174522
18582214
209156
790498
21815594
13914578
3571848
24856306
11990290
20562140
1987030
18189518
20177752
5626978
34017722
8895946
39522736
3652380
426180
15315802
23873862
21424666
17320634
511744
46126
1466938
6223594
1648678
1504330
1105660
1085546
20934136
9462518
63526
121606
32057070
5843090
169320
22367908
33292732
27959422
31743402
25423750
19145002
25126778
8737178
6981178
15573676
470762
46340
6257610
17745730
2379928
14209108
16399354
691498
51230
15199990
28941538
29787270
2542518
41857190
931114
1045592
7126122
10489738
867940
10063418
192430
35472490
22160782
40328236
16967074
33058426
24488444
38177286
5386596
1515618
1724082
3248
10097360
4293446
5940854
949210
16900066
23619154
315628
36243274
14764290
39520
6213010
937902
2511802
33495030
1774196
12241672
9702382
1612858
354508
9075202
32160
21609554
6140298
5222734
32700
11842664
19997738
33756970
7587568
21215502
2433054
203708
3482992
36867598
23891490
32882476
46916454
12358114
3741304
3298550
22582198
10621414
17077830
18701590
18755620
27891226
50159868
23153068
720742
648480
1453402
38950
10968126
1606642
6022472
38071930
6942358
3018322
19132282
870148
11711986
2094350
6786642
26808780
12063262
23434484
3626606
33975652
6660862
10949912
12850330
8885732
2467516
9798674
1176538
37722770
127426
17066366
25627792
3932302
129722
4307380
10566394
2512828
23292382
17415286
9642252
14399016
5220154
1206562
540454
1280170
10783960
11483154
18692872
6812116
19178884
11265298
26478778
3720464
614402
7766164
12880838
16599286
32656678
30275184
2697270
27956094
24510310
1649628
10210000
601828
29852794
131474
4523434
31626532
12432592
2520010
660814
42111068
15372282
23467374
5271262
18230698
28915016
30559512
43569096
30432142
3168076
162316
17421868
6371998
19307682
894388
232140
606970
126468
12489994
17034826
22731486
25905854
9320
31712638
9833562
35241492
2061850
44599610
4271862
621442
9928534
2796806
38201026
34569742
5301844
11218800
297820
376684
27926162
9976498
9676266
7671122
25355062
4946062
497178
3604610
11159598
584278
13470310
54737640
14992186
5391988
28659402
55800522
124356
12067532
179118
24411326
871936
2752288
255736
2850328
11486482
4491988
49880
16187072
21154978
8388596
7099082
1387086
6341494
345810
5357730
718970
5066644
16272646
7833562
13098106
24169688
12960202
953722
31424626
2350546
15142298
10423002
14875550
36871264
4323160
11547240
22392270
19509622
30378330
4582994
25277794
23930592
6715282
898188
21880360
1076390
1388290
960586
86452
34677698
1287792
32836262
370558
1266874
614092
13765390
19516402
47625268
3738424
373702
18685266
45260046
1502692
13518438
12101644
6317226
233430
11215274
14287900
5938636
26658838
10530672
22038946
40371114
20443030
65542
79700
11436250
2081586
73264
6791218
11081044
21959646
24586974
2605606
569242
3229138
6662106
139880
9421192
23363582
827968
25200692
80124
43062676
20790042
752790
314842
6099776
8131718
6331474
861898
9142378
43495876
5690102
921602
5379342
7126078
4385742
5920
228392
1536642
21140652
47971990
17401678
21760596
43721266
217970
6475722
2339338
23719024
39106462
6257240
7952858
16397678
10153618
6271640
19655218
746122
11317322
3252826
25262950
4084542
48998800
2008534
25927110
5761324
7660296
34898406
2852758
22590018
1745002
842890
13205240
11265226
2275362
2340514
17091374
41320
20032
32657082
12374130
26149804
454882
13837310
434882
647676
1826552
5434378
6669060
141992
15597582
11336
28771482
5835764
3876166
24135096
17609062
290864
637982
46472764
14738410
2005794
5244346
1890514
20954346
11322322
5750102
38496838
17525230
383900
30576
4719836
108174
9938026
27101410
651562
955498
3727108
7724818
2682522
2644540
11058348
300462
1453740
1536362
14194682
6741742
3336858
7006054
5677946
10515882
9252804
3356126
11650194
20111808
10857442
6274806
46764018
26737934
616078
2239064
2127954
20286510
1631698
6368706
13936774
22615132
73444
10861130
35571562
4616890
30814930
27314456
9299026
453418
14525210
45511220
9264598
11242726
41097350
22328152
16495672
9236986
18802378
7729426
760882
321730
1016298
20726828
31444402
2747418
25303942
26331422
1501194
1080442
1903876
573042
325086
640526
12263608
386778
16941088
23840610
7283110
21014962
1567240
16084094
3213130
19291806
12427762
4366500
274120
157852
22342598
7571146
290460
169132
2796616
395230
7778980
92624
2865384
604248
9965906
28827678
1076726
15753430
31754206
988256
2184230
14995222
12891750
4243958
3653320
414900
7857102
22385330
11445082
1217534
3700146
5792962
23153884
24362978
2248038
135788
2985582
29100430
694168
1274866
6967042
4245856
2669704
1110274
23954018
2110952
45120
23830850
16762322
8904056
25840126
39444058
2676242
149206
5536954
9168074
27237298
246176
1277290
166284
11679940
12165544
22666754
4345690
10099678
14667610
40117924
264778
2055880
5977120
21482706
14717362
19733064
4287778
1206282
27892796
1173890
31746274
686458
6556354
561912
814418
626758
1196278
668920
21616490
7047568
892264
6221190
839146
46291194
5086882
5850814
17916530
3873472
42020
17665800
45108772
38054980
23302918
20685718
30115122
958670
6883490
146358
30170134
5243034
13258082
2118046
8282482
769152
3554722
6419528
5074982
4618080
14087946
3983692
28487998
38511764
20631002
12873586
26834380
16031374
13066492
4746
10175914
3876
2679908
1168762
608290
23145310
6833542
1822002
14602234
40288030
3822016
22226760
4698118
4992450
39154942
11695092
279006
2437168
197590
7403982
101134
19068838
24655566
24276748
28198846
4913538
503270
13911924
11862002
9621070
26674518
13689820
15245026
14670840
44114956
6921250
2917858
197848
37088
2239626
4871834
32972586
858550
804226
2718752
17539974
13244498
16809618
25418032
26020522
5332058
131572
23965918
22455448
155506
692548
3885396
526080
5448814
28729662
21627718
4742634
2527252
49332
829858
4346482
1554658
4459262
267342
21899818
796760
122500
4925560
31773344
138842
8925268
34238
2131318
24625226
14152234
15977022
12869514
18639862
3397228
22773990
5863836
14199438
4197922
9941872
7579390
3114754
2320762
218020
689042
10985854
16103318
20315706
3122650
3510528
6994210
790528
4654828
2639050
31543836
22820152
142922
7775404
9571414
6512770
7196578
9693142
31087972
26564494
218866
20383176
8545944
20389988
24518554
29156226
3084120
32705602
586662
1358434
2606114
3002994
49943852
124100
1678
11409736
25102910
15940770
19914092
226822
20953090
12472738
1202788
3087834
945196
5450474
38382174
15638062
13603282
5918902
107448
264868
14346178
23624838
29428350
30392162
37755670
11351392
3722838
36176
3685122
26762560
53505838
34509740
1046402
2702338
19069880
25800670
1288594
2305910
37580398
17541738
9876582
19415638
8570822
11604276
2123226
431332
21514954
452436
12104986
19666328
2441098
44515746
28393272
21690908
45640
33430562
1917822
11586232
17106540
9408654
9129322
11613498
17189662
138620
20993302
268882
31084800
32269138
8969422
6071052
572190
3803138
14066744
370458
25831308
137118
624118
12480142
5687860
4639778
20041090
170350
1564030
11238612
100118
297118
5429014
5512404
26352310
2962490
856426
11139858
8926006
2322896
20108098
4212134
13555476
2189140
29777844
36355478
2966234
3604620
15016550
18164618
4797552
180562
23852950
12976282
1415938
21498830
28866310
3810480
8993140
17034150
1755474
532450
885052
1876426
653974
9106582
28520472
20830
52382802
885678
7719992
1036380
44574
37032226
15289906
23329058
5693268
5630572
34694
25602610
2277970
15650058
2791282
9329542
3277362
25919002
10816
49424040
14824014
6391980
1369882
630322
260756
6226
13596506
5589894
331930
751306
2931090
850642
28352262
5116070
19379998
3088402
28136734
1526676
726024
22845388
11943322
29638764
6823006
2466562
717798
9905896
723802
55939032
1921792
3050380
23758750
2606382
13550818
1311152
2509122
1234262
13074616
15754948
22871800
8215042
293152
2246146
2571334
27052972
1206
8316022
27263212
14630272
3104
1360492
5831128
1356322
18769094
15916260
26120638
10317414
30773722
1982290
8547846
1845138
19754822
27424506
6799238
6345490
21263242
821842
8175090
12014530
271096
17777854
14741998
1298566
606746
633290
23495386
16180740
14034418
30616426
3953236
3670578
9795386
16017310
10046652
614668
17800776
4175914
3971138
8114582
2100122
20402300
23704282
11983948
1543498
32988
3349846
1274842
18347914
276362
282282
11615662
2099926
4287650
11426554
340696
1074332
4197700
75184
2348802
9608476
2782934
44276258
25369918
39925948
4327450
10131346
25573814
17870630
626626
1235630
4998522
14998196
1078102
543240
7522324
287494
33789796
12873240
48670618
16958326
669904
16009334
24524402
13685492
41282982
12437878
21385114
721524
10904366
30033432
257738
27113410
1286660
16387514
908122
6466556
19142530
10912130
26692810
42373398
20911884
14961766
2600602
614878
24450430
29965426
9800590
10775204
4235926
6942970
6598378
10001698
31660926
8598790
1221094
9137218
1245190
9188718
29000162
439010
12486088
3066572
17051176
1508618
625474
2750
439954
2331018
9392708
18339212
1985236
19537162
2128898
19162126
19159494
213452
5453378
27359038
6687082
14890250
22551240
162838
13872898
1409136
33424530
18612290
13482106
19107978
12048592
13198990
10900714
33744
25233538
43080
6554182
21608202
22402402
850510
7281330
2034562
13017112
11226832
208756
37864120
8543650
9770
24045880
32106404
1373862
4343098
508204
37713042
836440
16572874
31631890
8912530
13761656
347708
3085462
16110
8428714
17562820
5224450
1551820
280738
19282774
57058148
25327954
784426
101646
21652918
1543740
5168548
37686914
33160232
14924242
26471886
21734752
17769502
690130
1221432
10381174
25251842
6915644
19836826
23817820
34246222
6247858
6075482
20436406
13166140
1138038
255876
1233322
15592448
2075818
12554662
14559088
10953100
2849920
32693464
2629156
12705874
92040
713602
712418
7237650
4038
8384662
12431422
11131582
7571994
1275086
1028086
2170420
14229214
4249654
21675178
22154542
6837880
2572906
14270970
8755938
16296038
16751250
2680282
3268562
3474122
6758692
11447590
281062
7292686
1198738
4916734
2114442
194194
20022106
38299896
576618
1201360
8794438
8186896
10105810
40244822
13868122
33187350
37875918
4894040
15078944
4774874
22154278
2715632
21744130
8296898
10608966
9376450
157314
24624442
1995444
23882032
2081538
4216828
9072978
10326436
9835486
9739994
6032214
662844
9789924
26781898
4207258
24709452
549842
7640886
21534188
24814906
2542048
26854334
652410
1596908
65596
1990802
746410
11193238
7217716
11139472
1942460
32798086
2783918
3276130
178594
3145462
1236838
24470050
430774
27525996
1681814
2458060
27229110
5547636
13906184
4118994
44375318
1837020
2980514
8899702
4308604
33998164
392
43163646
35648194
20108006
823504
1306608
31387762
20945554
20393218
11295310
516390
3684338
13888834
17252
9733738
18970
9135382
43305104
477488
10132782
591850
1112866
2155642
9797720
19241930
2529982
2209606
5745434
116020
8916170
23418136
9110992
11313838
21143794
9325138
12001786
1048114
31803002
26191212
28806638
16024582
20528258
3701762
63700
41934618
2338212
3444122
18403928
2706548
6710
17472662
13769898
6881482
756238
22961060
472738
3680390
219804
5499732
20105524
8066710
2074926
17778796
979234
1305882
15658486
15653778
11504852
11503648
3869962
1848358
55595364
28014126
482890
8042122
5723284
7726992
3377652
2914014
43090200
2613222
610
14062114
26744034
9443584
11716306
15660458
459358
33472750
32558774
985090
17929192
6695590
25760326
738762
1348
12152158
12048
13250314
316986
41779444
38520000
6604236
26442174
12429574
2675798
9618394
6274300
327238
589516
19391250
2298458
56038002
4160674
20433610
28909886
3061194
5153554
32303128
28139264
21780760
4376738
3046822
25876990
27091938
6025850
317620
457040
27276502
18223750
19357318
16841388
665302
6753926
13415062
14661118
6831610
2341306
14644
1012298
870516
487172
2970470
1526020
609412
3501562
11744778
515026
9969666
2295782
8095332
10894500
1600074
533196
3826088
3211586
55440
235480
21374762
7222412
25223022
2333342
22446868
40557226
4079914
6962084
1921198
40415616
6960370
1298322
395904
156562
87234
22285594
8716490
441862
27426982
33201630
239058
228684
5548602
98070
3177526
10545090
4350082
1942824
4285978
33000046
1361804
2984162
9814004
52136
1321330
2768
4157428
21074200
25750186
28054536
14926690
24253306
38552684
30996194
20297102
27082972
4831726
30706888
20696648
928156
14660482
22138278
12549302
2440188
2824320
16088178
16224708
15019882
5104198
14725804
1202470
18607194
26828018
3277450
63480
2032624
20005066
6420458
8134
8726762
5401726
341578
2576298
51090442
26919618
7244780
4302274
895258
33883270
20035060
3679588
605630
9024490
19510018
3702310
10176580
274296
15918596
454102
130480
6139214
5304494
1354938
7672298
26374622
20708730
5465680
27757750
5264050
24072
3175296
2561674
143684
2953706
10379998
55386
44205776
4321590
6209818
21467228
16704344
2172466
273600
12965684
722680
5969888
215494
8674238
4033942
4526
6221698
4855174
8358902
302434
29967158
6341878
46719014
26511744
2122980
15257458
22622378
6022096
32481432
33298
2474692
395792
89948
29430720
2770390
2057044
6742492
10742930
2545444
670458
4337426
34789798
2551834
1566356
1288186
19720278
44704326
20528574
12593658
26701046
24199426
5089918
13018892
41788852
46179934
21233066
9092922
297958
10802962
28169770
21505714
20282368
746266
966342
19999174
8660354
17666686
2816
6921096
5859348
29567334
2407800
17741334
35236294
171054
9998942
4191616
2424230
3529930
16853710
1581826
13172440
40521230
4436462
4047754
22326874
48403102
13194202
14310754
9122066
17233818
2790612
20586896
15288068
1875298
10166578
1219974
25684710
4056334
2743444
254492
3907494
9833890
1188354
28543796
511968
179392
614786
1157956
17453128
2671702
486532
27266866
2444518
22731940
38762634
23161622
1474068
6400306
5817556
28616280
12129814
5326222
1195810
8100944
245368
240224
64596
8447476
26561708
6717532
37558090
6787146
44383376
17850030
7598464
12025402
187974
44882904
1173450
33862334
996562
1195986
14320006
7567834
39865910
1755778
15405730
18841042
24640984
4610938
6922480
486670
1981298
517290
19459730
18089036
2551906
1693236
533460
6112746
30494950
689522
82500
7257254
27888386
19007650
113746
803458
20985686
534266
4156232
28360684
16776574
12998802
8837254
302208
6271454
12629122
5344042
15489406
16891410
1121250
33219154
1704682
180258
25969114
851158
23237574
18600334
641220
39201260
12621934
11464258
4809532
6898716
1254862
49647054
2888986
61686
12450982
29885092
6102096
25304294
8379406
480334
2822848
28294438
2280066
10313394
1152894
2609734
3575460
5762378
33424234
13365872
23458014
15578910
29300062
5097100
12639578
1605938
5884858
17470
9961058
17766182
15740018
8562990
52153902
12558838
10497388
3221614
6930274
8843458
12818572
15780510
27237794
1984426
1454518
7066572
22756086
9287226
374844
2937502
757852
18294194
15833758
649990
29170758
3796894
2180090
761890
6387658
671288
9114334
10481396
2062266
28
28040830
3490950
2864
13990738
11142522
2845270
7885714
190984
22569296
18436
27568986
943730
6481156
28061650
7666282
11650370
5222708
45991610
175782
702346
15169238
4421764
6110518
27245560
29625170
8649268
8671174
2202286
16636444
5848624
33994346
15266470
31545286
20214186
19198572
5417794
20704
34006138
11582258
7930336
5823334
152562
7377274
5001086
2842206
39510826
4498332
134014
2055866
1152250
2801700
113062
4077478
30180
20074446
325150
40569784
44227182
24963850
536742
6189970
4509682
3785026
6166452
22827288
22245336
2220130
12961120
980354
8104030
26271630
5767870
953130
1423146
8912
4910362
2806234
6051724
26497330
28950424
28812
7681810
788520
1036198
1853768
2268920
11659914
442948
18410318
17756930
12939574
4186730
12305254
3108234
811558
10669430
29811016
92582
8171496
40421446
21205888
8366342
13878646
11448074
7595434
21187402
13066006
24378264
5980
530594
11627478
15291228
169158
1348450
28230986
14787326
36251308
4195698
624202
952282
7425482
19299610
1677976
1559036
2469974
18627224
4629966
6967240
16513090
20482546
721144
140720
2392436
14606282
2631712
427374
1329230
13061578
24301726
11808594
8008354
683256
6273190
1959082
12011674
25337662
6277892
3595692
8267418
498034
12942478
1357114
28756036
2129906
758522
10807372
974864
31025542
453532
9746386
4100572
31090630
6009598
560262
20068696
27462014
562960
9956822
10117450
6212830
3330038
1732090
15807570
15821452
193666
39821818
90278
28159640
934570
8559980
9891004
22067062
19396102
4014490
18657922
485370
3166838
22781262
875938
33976730
51044866
32702038
555670
1528518
2329818
2892562
608178
3407566
1368202
6525950
1388530
9080878
2799994
5353018
1897402
37344460
250438
33539370
44137234
3767698
370478
2248364
1131642
39285512
10085018
8992870
30165956
16821836
12311080
20240710
10896358
29439644
13408940
43491858
11491482
10516098
5677850
10639702
3406414
523418
9262066
2591494
245462
1630102
50743636
29964350
1520798
4521706
28305994
14275852
3151774
37507888
5148874
15654124
6045050
3701570
19606442
35711428
9255202
41436202
23773282
20287732
21144984
829764
10849096
5750086
52984692
16370206
9862156
8332730
66758
11999576
10737538
35702794
3450160
340840
7851014
22352044
16453120
4542142
9086662
11901032
573674
26042226
13074074
36274066
589350
15413714
15751980
23504856
1311618
29314954
362076
6497282
18324114
5192
14774074
9242530
19742158
1063458
9296490
24645406
691186
5367406
11389742
21621530
8070250
1960426
3964858
27278578
14482930
1531978
18413278
13604122
16144516
14599522
8529862
3935414
808450
8867226
26321570
34953070
6800938
3015154
13983812
1057420
31166534
424
31301884
23468174
2176370
4365682
18655258
24966298
23606002
2893302
18868208
16403598
5450794
6878194
13402186
8373422
423530
22390638
315266
1746382
427174
8978172
22035418
47361008
37273872
3155926
3513366
13299478
5250586
86500
12134122
4464558
16354738
36774022
15349162
19402974
8412122
11439150
6010924
19960028
55265330
2532126
47211100
7976190
29110346
124700
16707310
1699170
21941586
19811704
224668
413744
2110550
6416498
10638152
21406102
12791678
32631120
11847406
770920
15150582
18863720
37018354
2868286
38977620
6524298
11517046
20148466
41705264
744922
3780230
35617294
28767602
473632
2760362
20260552
3480442
13584010
23963950
28109276
64354
30716612
80200
16763172
26854630
167578
14287714
649992
7661852
29482066
5286642
21532652
21943594
19188166
1721896
15437356
1072858
10480468
29421298
1326560
25847538
991474
17590144
4597450
332916
39800254
2102768
23954642
15423034
622082
24043030
115572
28988858
15462238
2879198
14939982
47963800
22126720
1702234
4481560
11530242
42515148
5075314
2471368
11818978
16302664
333174
30080478
4902346
29915206
46172
1790602
31495300
42166
1542548
51979600
28828142
2370116
10774270
50540
409786
5917030
736102
11420950
683140
46876214
15040464
15479706
2123010
24051872
2323486
3083852
6411454
27278462
23252696
7741044
26096
32432422
6769624
20056988
34257574
7815208
5420
29442490
732544
318202
36815150
6267100
5439664
30611722
23314672
3402172
38506
2428170
24212394
6313534
16078786
2304314
33872600
7504742
606328
35636982
2204686
17145284
25838224
11950664
15692402
9033996
667202
1994338
9323866
4892746
406798
29391748
69226
1741394
7787802
1192998
15949174
33011618
15257524
30444070
8877264
2200842
21181094
2431058
5562990
10837790
1283758
615406
392
8810090
48902
1925896
3339518
28445520
24686128
17077606
17983210
2821602
4326
28579082
4144426
20717526
3008338
5166146
3863182
4798256
2915594
153824
22454088
11577898
13357822
15130750
35852420
24494688
11143770
18336706
11153692
20392562
17197998
2414170
5959802
12735514
6850836
7154418
46684704
2703278
14359772
30822718
509446
2622670
13062102
5156872
16899582
1118448
18183008
23121562
19660444
1175672
2722666
25087034
25755970
5154052
24594130
31057522
24365950
1855906
4108242
28789350
1032940
25184690
10760932
19238914
7125646
3487284
74340
10068278
294540
28712486
11284798
12631036
10065262
35339834
13727668
24870568
26798782
29568
27266210
8540026
25491634
50738732
24862126
15010930
28423168
23791290
5120
2494570
19436854
980898
47523428
7635206
4259714
3566200
24355682
2233698
14970694
16601698
24888046
22014240
19126794
1114824
4524
4834314
20689988
792568
20117304
27588374
82130
34376610
12420394
289870
10426228
257850
27092830
57466
5636328
3208238
13901176
12200368
12511202
30314838
48474840
74752
4827850
16
46999564
2379270
24419478
11174962
2734050
5640058
5621748
70864
29747860
18480966
27456934
16509720
21881524
34099278
5078874
27454062
11790842
2024192
7847962
1554472
3430146
8513290
4564978
2713822
25224070
224198
10743058
7226758
1687312
7047656
6275742
11908162
16941418
15817132
23307352
105372
1273042
33949714
325686
1471584
5005192
1526290
21840310
27385716
20180974
983698
1500042
33383786
1143874
22565652
18265678
4168936
25677198
14160082
4522706
36977176
40808226
3819074
2567086
21910012
36877630
42387258
36242626
26791270
1053388
1253180
4294638
1952492
12791956
222500
24341350
2950546
3383946
4831618
982036
5854114
6830162
3247032
5820
5209006
30027154
27734740
4958386
3562798
16948744
11083132
71824
15221650
2006752
17381478
2129456
3785266
46208036
4268956
2801074
2203490
18073740
19784380
31440
2078222
948838
89758
14663284
40144822
17620702
2549038
2615978
4892030
13568434
1458
5342338
8317642
368494
6299714
846772
38824192
3079510
2470918
27154762
5433246
6993698
15561826
60942
4954834
24936976
25087570
650782
1074546
17119966
19696882
2930714
22839818
7536154
1072520
10178956
35328930
42256966
16791038
54704666
8842990
35286742
4420022
19786516
21080824
6937082
764842
12161470
36039438
30024878
201174
25203326
29827204
24299434
6539908
26997744
13900522
36262962
38574580
20875442
102442
377986
1080418
10574266
16279622
21497482
46930892
217152
17591282
4410134
4650334
10851346
5844754
1685524
497572
18071428
22477576
25249786
23148574
1536082
430298
8449806
28533386
7131298
11197598
15113506
25926896
15638782
3544162
10501102
2862562
8021042
18886982
8332862
2649142
6275698
3888090
24670
16026880
62622
318960
343354
36112162
226204
17339350
9574170
369730
11920978
450538
7956632
559458
9556250
13283362
26899074
278878
1332364
50407344
8877838
14555322
4926398
2307730
17511926
51822
1925662
20202588
32124
7500790
22443910
10866006
23540132
23127490
5162406
35320276
18530568
8979262
28531754
82152
277068
310090
3140482
315658
1901054
8735490
5262140
46625778
1643378
8983138
32517526
8793496
7259970
33347920
9651590
1751086
650346
18968182
17257030
5636962
240730
8303114
31060696
12558
18640210
1156452
15239134
18647842
12971478
2675882
24917082
7980004
13074580
35193202
879352
15708634
8590142
602120
31017474
26098156
373102
7601618
7220670
25404862
6229042
17039626
1478470
216888
67666
36387742
29550670
2287864
2002926
1018370
1280462
5806690
617386
20799326
13832746
23719954
4452714
11106490
11167762
14374042
2337610
207980
3782242
13312726
19277308
1406450
18567982
18102202
28694770
21664090
15625636
7259350
21026314
942738
16039030
10606788
14351554
10032852
10255254
13429726
1619602
49191142
47642
1459762
114692
3165530
96976
34123368
12056418
7522830
8666518
17348980
24124498
2942462
264238
357874
30545706
8493762
673680
35379738
15593506
9200096
23128870
27735676
1948632
2875954
2035282
20872258
28203970
38787402
6386346
47760
11543518
398730
23404762
16145308
15472118
15125608
24521602
199238
4110388
2640362
76174
18073070
8540136
9187208
36776526
15475810
23198482
827018
33211970
3336394
10993498
81960
391952
14270154
543314
1276714
33382374
349454
28944778
39643974
1119094
4114870
125840
9665010
3110314
724760
46035448
33015726
12813298
8894070
11079616
4033282
181858
118498
1992306
31332010
6467802
14587778
4905178
5953842
5360
28269934
1409406
26501658
2855622
567248
2472370
17618672
603340
17715370
9362862
2367192
9017494
398968
5508898
28564446
4853638
6159058
5106594
9699186
23424
1232938
6840762
20225904
2808322
12542914
32847358
23684798
20893134
5240
6405174
32114634
8014270
23584816
31516182
2231786
26565930
430764
28832134
297598
603516
14838312
2440006
1903086
30820742
10045074
5477542
829678
3788092
3711786
4371384
176
4972772
12957262
9182074
6786592
30540994
30012166
2251588
547584
904904
10987762
3223246
9941934
20000
35294182
11434078
9052940
18872938
19715846
22462888
24489510
55590606
1118122
19876522
97708
27212506
264704
1454878
2724124
9175874
10163936
3006166
1901536
12649266
9336282
28169086
2790744
31899230
6689470
43416
45928346
161758
27856870
11505598
3050842
46106988
657426
18470806
18465586
44281660
6743380
13866510
4163542
9491394
26402706
10524250
2912706
33975562
263532
32697256
1404
2511534
6726998
44931954
3734914
34509394
49956620
1139520
2762584
198074
569842
83630
23226050
19295518
10057608
825990
4107466
28119406
26473686
19646242
9335050
625012
12947558
21484530
14228786
26342890
3061518
37488814
16075096
349454
56584
334902
2771958
5621914
23907202
47580786
26785530
41324938
6963034
2397946
2027036
3379350
21602042
9272
34549586
20720542
1840602
1606318
34909126
1360668
4164
22269798
26083642
13419582
10979694
30620650
14760342
7628098
85340
18298170
3212330
10625232
14930390
794980
2033326
13910002
17878580
776806
4682152
12634930
60016
8054764
19043600
12775234
543202
15058690
1198274
11881210
5438878
171342
26118292
12498808
9738382
29601280
720576
27971876
22321702
7735116
2964064
1285332
1148264
241138
41215538
27397572
12043676
41723070
18803542
22313680
15199984
25432618
19789242
27338574
1342138
13406842
3887410
7201578
15278160
26587458
20342766
1284190
8809882
11499794
21562508
11130
17664848
39258680
2502442
2023516
212580
39638472
3357894
18362190
2416
9861770
6066426
798442
11540680
1284874
10740682
5498614
955360
20259338
7361590
8128154
2451394
19369242
5591818
903498
18257614
985886
33106182
113344
2576638
269092
29779790
2560866
44895890
21158362
2084490
664538
30128908
29377192
15632570
1883190
36406574
44209524
8602474
1669118
1875658
23345124
625162
9387462
676762
3690852
12973518
1545326
17083558
1772914
5955908
519542
9165802
705450
55388758
19431254
34484766
12972820
2539954
88242
5854310
11012962
34105664
420894
14093466
19091914
12239830
1070758
2291218
161514
10288954
8961030
13858798
666282
5810530
27874004
2114058
7849648
2612136
30381610
2718418
7100368
25976
9108652
1223086
23266758
36002532
1110478
21181002
21055546
24068014
9395920
1034850
6038068
3181222
5337450
11955970
11961622
20751334
1315834
3125350
7308970
521986
2327878
19975132
2634772
31016074
36356664
4692930
8448394
26482
580234
473952
8473594
11267776
11909938
24406850
12339370
150818
39817960
650
334778
35008030
3715086
345196
13433756
4072810
3889600
3476986
17235586
385118
15226454
9841860
34703950
22347238
20445124
18800616
220016
23049496
2098602
38438818
2395022
16306598
2911870
6990824
10010638
16658734
17517742
8506882
13432322
3543018
26295494
370520
34226818
377438
11332858
5305312
1992496
29005878
26961658
6850126
6900666
2547298
8015170
11292390
7641902
11975030
10709114
4213462
19126230
17512582
859364
30734770
39819772
1046482
20509180
20930888
6090622
1709666
41058480
26531908
21252808
12438322
28241366
31728
19828966
8371378
14384856
126224
548864
25082926
35295464
508772
2039636
5092492
13259550
13364458
5615562
12012
27146974
39180122
171542
11517040
4387806
7189456
2713410
1696578
20404070
1536866
4243426
5056350
18492518
28196958
11098138
34647870
19335112
10898770
8167522
26528570
28848
4687640
11914832
1125898
27098450
33235240
10572778
36279310
4739230
2884838
1543356
23502212
2055208
14972642
2641648
26610462
9571288
798958
557354
46183700
46130082
29968338
10232
3768340
938522
29492276
3256546
6224314
28280938
9098486
14720130
932576
53882546
30636400
17637488
32232
32142598
3645862
626408
3798742
36407218
8063010
3929164
13088002
28446742
17366222
7250422
283222
2079218
251700
11559438
7875544
1724170
831592
4603042
19148502
226634
11093800
3234576
17391146
21179518
8482072
25323088
40718374
23649534
104592
116084
19788818
24439690
12904478
50372
27985222
20656416
24048986
2344474
3896100
873270
9631152
17427134
1836354
7284310
8128374
7894700
19430790
17351606
501698
14231250
26656166
6640606
4279314
114548
5086666
10437158
6377066
8250274
6548788
138262
3038738
1010896
28324030
18634000
6471146
28342580
27387958
5340
19051702
33194818
4013214
6619688
27094684
3937846
191328
10290514
3034582
33259694
1793440
1312282
11023334
33902858
26243602
30026266
1292914
17733658
53648
17405678
11889514
6707498
25983866
2633218
342140
14639818
14404350
28841218
4373796
7086462
66340
49326712
1211044
15712802
18989590
11549042
12151334
23038468
20341270
290348
11786106
126154
25066970
24716848
12786520
6799554
17405042
31311724
653094
935202
28480166
1316662
1098006
24741510
2072690
3634642
11958000
8955562
497230
22845800
16575268
15720154
9977090
18069610
1809346
1989042
51237100
7356826
29241190
24365682
2115734
34350514
27436354
44002254
233212
23509190
44894628
28865314
12728810
31300570
2913358
8533212
6539206
34489118
21080014
1792918
47540686
10371350
12859234
4355602
1113106
26440294
11030362
1715098
772874
15792238
4961956
7976206
49510938
5720446
10112478
179766
248584
5050630
2263374
5795418
19808808
21262200
99772
6161678
30546670
8527046
72732
141740
526034
512786
11374554
6930272
1876178
5429302
2476462
23981458
4617042
32291058
11770512
14336870
1835746
27168718
6931830
158968
47863406
6430778
14676700
348850
311600
2081106
13752554
12350550
32591014
3052618
72256
8323462
16124646
31212910
30776642
2546042
24767974
32430362
14331950
4303724
18607558
31364388
1575922
4232406
1294594
14250460
16959310
751758
1119602
559814
28438258
4534994
21642990
31178682
3256242
2884122
29409950
4599626
845710
35068874
8770996
18871954
30378352
14169054
3309198
11617266
1337322
73300
18501250
6878464
23382332
10880698
1597666
12115068
2553802
30919324
4412698
8676954
19174538
6910270
1146664
17443702
9181294
3159926
9657070
25456354
45034156
904576
32270974
164866
134792
9553378
29815670
4529930
20906682
20384398
580384
18911650
5272762
13034542
20879890
2812616
1089418
26521942
26374790
8867914
1025158
350310
31735318
25487826
12724940
21262846
23569414
40738762
2420260
27297382
27925658
114724
4299452
48450536
1542646
4323658
1033822
15172130
4660930
14112428
7411228
7875406
31129056
11453850
24545420
20266162
23130466
3288054
6784330
20504074
972562
48873548
804736
278080
19915190
38996494
13711722
830074
50175430
29418506
4551838
791986
14295466
9426764
6843410
12444082
23869462
2410440
9884
47217948
25899274
2640226
2600602
13155102
8521150
25432288
15844050
5676810
24026156
6849614
354942
15838674
9700798
16890858
40995772
7267428
34368262
22684518
3651798
23863626
491662
1947898
2030014
18945178
12526234
2561134
118746
2984524
6847234
5717884
9556258
434518
2151058
16456256
21445528
4855986
13045730
30972
36233294
675904
4736404
55194042
8388214
16976350
20580366
21896736
279694
931216
856900
20675632
339378
5255338
5510978
19474384
1955938
15470706
10761762
720094
7002012
12060680
24859234
406788
5993338
22102252
11541802
14499376
8908276
19713740
7059426
7185954
659614
425416
4572130
27041034
14798002
29098030
16831420
8646342
7381702
763682
42500560
10394682
8313530
6066418
15351334
16374454
9944572
25894276
31413276
33596108
37825488
5183398
3988482
2774530
1358404
1115808
446288
1515530
2113232
11037850
8690434
27623564
24311250
2459314
406226
2772814
3746790
27370450
938202
468634
355070
27971374
470602
613972
2566588
7762950
20355394
11394418
29127748
288826
851818
6052962
13895496
2174182
15489238
3620650
35673574
13090846
39623542
5215210
13302126
19350154
11979144
17145510
4344516
25382044
1650642
3282432
164362
39047598
377842
8930958
5105650
5240806
8897636
18113350
1575438
4736622
269736
11961866
6397490
883966
10578
18688008
23865072
25223638
25028814
6305494
2727066
776606
10051398
12436006
41690
6018634
49299522
3826006
2331948
22644448
13411174
11987146
5737706
623162
429306
14908792
11147830
4398
1776610
8692798
5112472
27306346
9077230
51594586
5767482
28361474
7395842
21375574
42665596
26641122
3878
13167808
47610
19002
28711876
2201570
24493758
738490
450344
41836966
9040818
30882902
849610
3633354
17951662
3781922
6322086
10059130
6939274
54674778
37220794
302032
1016532
12519452
3434110
2628208
13210780
584778
7128534
16018906
5356978
31093490
361798
9015646
19800730
5875492
4392234
9778378
9168160
3155116
8161658
18989168
7630584
32292600
8051450
2258818
259920
660470
13215978
2492158
43004302
11706062
33325394
14481516
186232
69184
5325658
10013634
2028546
28739370
368102
7252990
12961624
15131520
18730090
9789708
10919942
259210
3344398
32475308
7656586
20112260
5308682
12434300
4370572
27294394
6229042
8687282
3773770
5100526
3417520
119612
26299530
129810
14111930
24149608
2473858
22991058
3651868
50569834
32164422
6272218
1052470
11761354
25614490
27296626
22670210
15522786
2891800
5662402
15147010
30750594
7126498
525418
27387068
11686504
23013586
21592574
34490062
4240978
516538
31066484
6502162
14781034
10210086
3358226
4059294
484738
22782828
6744262
7224184
8660488
33921328
1547206
14812
1184818
24091366
4899894
461478
4446682
6897928
14106664
91106
892918
40244942
12084224
4444778
43038120
4719970
159832
22794970
159140
1041610
23970
5581228
19956674
41698612
26237434
12626042
14598058
2293714
3511688
42785854
10928506
20465918
45542286
492522
512530
27727064
18418126
1311322
18628346
16196822
60104
8586020
3804094
21441818
18300694
18474962
10009612
2983522
19139970
15680470
2445190
25484842
3703090
23565072
1886614
2371138
2748702
2652058
4143298
555146
43589224
1165378
31616160
5065010
10748362
360966
12239162
29108950
30378154
3356758
12548386
3707582
1385678
269514
37981264
67620
10921424
6819502
441422
6479614
1199662
31108276
30078450
516934
550306
15461292
40027156
909978
18002380
2337298
21350312
13075004
4372378
2057654
1658722
186888
183736
2858634
17317602
6933722
10573702
8608622
6732778
6527162
8943732
4066498
8725418
41945794
112980
33455642
1673650
73138
13797394
3691852
6277462
5149850
9191512
172264
2923078
12716638
6661630
1375692
28695912
260098
4263506
13165902
3828094
129260
773476
5566294
37719988
15996178
3549458
8555572
36895330
7824982
10846198
24734950
18608076
24964322
765118
6894738
3836268
16201744
7402018
3652330
27846748
2587810
17581300
12348952
8126138
60996
1604596
5822626
3908356
26317372
2249728
19578610
5314218
14462594
4081666
18046082
26454926
461722
2157490
748842
3388066
2449746
7914874
22468706
23685646
36183116
16645486
9168806
10512182
810568
2791042
1920470
3628694
9062
1090266
20999694
27090438
2416998
4667674
1925746
8477098
797954
26720474
4121792
117144
17290
18815582
7467308
589710
22976410
4350010
897842
221970
2629744
7684018
1526458
40195846
12490138
19760190
17378554
4056
15128384
2253586
12249886
7468096
3101426
40038334
26623330
15480898
7137130
26941816
274658
14342576
2303490
1074250
28967434
958054
6502354
2631766
10558544
11844952
18949810
6984040
581074
42334798
26529252
40441612
25108010
4801874
172700
8288008
49769262
146260
905300
772362
5927702
1056988
23949582
17190458
21412314
8126654
35018354
3865500
198370
26985214
595946
2896448
20477266
2601986
17697700
537844
26331868
8874654
1095118
3106400
43008116
2664790
8581878
1293166
18354002
17065706
40163764
1935446
1929226
13735348
8135914
28784082
267410
48488738
27793734
452058
841870
14631922
10051614
29575062
1142242
5530774
3723502
37456554
33362454
10563874
22220
11932978
5989562
28055722
12376510
12684
3405028
5367142
12684898
4514100
423180
40160
1284626
25782130
43668210
13472556
16551032
2525290
44158354
6293626
39705828
1406658
1509404
7227442
17583610
21448938
12423642
18520892
37086940
118008
26550954
13289386
9182910
8367126
3391946
996012
37910042
3659788
4533354
17110474
4734286
4536376
221334
7591858
34694968
1990066
112952
9638154
3491602
565260
41527734
21562522
18520634
756546
6393330
4024230
3936866
14328868
26064530
14368818
42062
8378458
36062
8776664
10451494
2031620
18412946
2675846
23239806
6610200
13830454
1552394
8501500
870124
29271468
8670700
14783622
223042
2666218
279290
659698
17448706
480590
3008342
3244098
5638402
53360252
24559970
18815922
26291332
6776572
9666252
29271906
26023390
12360640
19033044
5209418
39607676
11348802
1202266
16019464
13901914
2387784
23076712
2071190
20998894
8431882
19404310
2460106
4799278
1244386
7956034
1945266
109108
30264430
15281042
13056542
4949918
40370458
20227950
8859316
44682324
8857770
10627802
35736584
9358842
24062318
1933366
401672
24925574
771858
8142574
63924
9260332
12153938
32246600
4236340
876128
18572374
27527986
11604868
20421268
226030
14890748
5339802
93602
2965978
1440826
1695602
2499662
4950630
7712210
41221558
10658062
669242
21488830
22112854
13633136
37738786
27080590
1440418
9114106
23747152
42160
7381904
18517624
3137698
2662090
941386
20947986
14435278
7424740
34633044
1996588
16255330
265850
15644098
6752162
5423658
28999840
4733874
4585328
2026984
12393658
14886552
3196490
9902014
35835542
18486980
30815654
10573002
904858
31771900
17456458
11172
442642
11837390
591238
3124270
9663938
2763990
10162134
4400726
24973360
28053058
34684
14419192
2135452
942910
1569314
13745174
6195910
21198162
2296596
1192016
2213372
21364854
2791330
3782786
9383588
4872940
8383480
4090318
11668624
3803138
12164752
2281942
1003408
13246154
1874470
21352368
18452650
4324854
23821050
3160450
40028654
24261190
545580
13918146
9287690
10740670
8235634
9193896
6894754
10246010
1827360
30898622
26066062
25430310
15146244
6290278
5614096
5963512
19259182
10772606
32430658
2632216
36184246
6995974
25391164
1751134
8622332
13277466
2992766
591802
29017510
17644830
12837510
302226
7619176
5207786
297522
886828
2752706
6273510
637230
10731414
1326094
28048420
41973794
33119024
14636558
19444146
25043608
11785576
7388290
24376250
4598338
27895342
35084242
10135856
35266270
13995850
64492
38000
14390418
19177870
20631790
1279632
86850
17108506
19220956
2708046
9440
32668246
1206472
841132
17355580
14306304
46630834
2881906
10634270
27493322
33297022
15137050
8488502
10458924
60904
3232338
20128942
3239648
169278
4325720
16619792
1959700
23219032
782898
33349984
143358
12600678
43299382
14705690
15020884
23546420
18764504
1369042
6946858
15548742
525790
7306774
687370
27030190
9007162
34929860
4454754
35846018
30503826
8324098
35941124
20305300
97532
20370862
21043414
11909616
15833992
1171346
67170
146510
173116
75432
657324
4774660
4386214
7282418
7514308
49723472
24201894
24949062
202730
28712866
8563054
14576914
19587744
7514978
2412652
743182
20160756
1583284
1435322
30901320
23064912
28365898
6733606
1509952
3807610
397234
205608
2121828
14999610
13189746
1472020
15098758
20707614
18922666
29779054
42630
1432978
6645460
11215334
24242526
8187514
12101888
1661156
29905998
25621090
1153834
20914390
521130
6485152
25157386
13950658
15471176
18696730
23189846
650598
45347190
1057708
5204658
2545762
7813498
16906442
19680062
4751428
13668858
1657572
1279908
2823198
32936090
618706
5411518
24983924
966338
205890
218442
1809472
6297676
7548950
6999796
4932700
4720628
32265210
3878242
19689402
15644630
17680780
15982602
1246282
9155330
36417058
344940
52373014
8595658
4740362
3560310
1750290
2871730
16472258
25691114
10080382
8497104
8481974
2747602
35614800
17843562
55362920
34900554
23221250
5437678
4237796
9931890
22063344
8334472
16150090
14858532
4333780
9123446
22009450
16342778
22391998
166390
10112
19876486
20429290
32940116
9002058
45540788
33982390
37985028
31328418
47275878
4594740
12873034
32657272
19780420
27944142
7827628
1902790
20042450
7947578
16044862
5737762
6827938
28170138
20744236
6627466
10362898
663894
10199428
17951142
6116794
22998334
10735306
18066286
441252
5668790
12098746
3624394
5709130
27614836
838582
31006
631558
22108282
376058
2317534
912958
40979720
6295964
20437574
10962322
13381738
6827944
8313670
3002002
17978210
9996970
1031108
2590762
6983698
8079654
2478014
9589078
10658866
299300
81406
3111714
25577910
599458
8111662
26074402
4293170
4676650
4108930
38258290
58872
8424750
1733962
30128050
30497814
50122
1552090
2725054
41619932
13880742
33528022
4455456
37245734
19806238
26532242
3534106
52406446
2929846
518602
22172648
14691886
15985946
18650898
293902
946266
13605778
8642554
4860256
17531180
2798180
18909242
5378076
1020082
1480722
3462634
33272398
5673378
8939338
8703850
10843738
1701826
6015322
13210006
7611478
17041606
195180
24500498
27300218
118174
4556482
21046396
25941700
36707898
20660
21073750
24776404
14942294
38126858
14373544
28566900
3670194
2910854
9917422
28843074
3054794
6183508
3887824
14657454
4937850
198970
2211874
4022990
6275464
5933770
6864648
146422
10568208
5181700
38983298
2043562
16048242
17063958
23108842
54255306
980272
2405778
8092780
36530644
3123832
3842650
2649118
1107050
33094582
34086298
20626454
22182034
952602
39626404
4721054
14930690
450890
5788538
10688042
307942
13981208
93286
3484186
12242250
6507482
25505746
1807468
24452722
6810036
266746
12123234
5583426
5911354
6713714
11998060
1972618
342104
29315130
27244438
704260
25183594
655776
15097298
22535274
1342402
1480066
535618
10972808
19151548
3234964
17034550
8172298
600290
676326
6356784
18786646
77440
29811426
281728
14831548
7906162
1465722
10174618
25163442
148684
14755738
23201470
515586
23178590
29245738
2536722
15429898
6036026
3861442
3728662
4719044
3417736
37122114
2203400
19619302
7297182
34144398
717266
158920
5275828
26041042
1991440
29877218
5863930
3497450
22481942
1165494
4932862
2219090
29218510
2343682
6390874
20192
1929688
39352470
31118202
23919346
3331114
2481250
5377510
19828622
10052592
42951652
95520
433030
29322758
858442
9601526
19834946
359216
39720
5743954
5299954
14746466
18742466
27999100
235444
5839970
23526690
14624938
301162
52412642
3028388
6444034
1045252
42159042
43137070
2344394
22660306
31381874
1694154
933690
1933762
3624274
8888
219156
28297250
781960
5564948
5793304
1163780
14030222
30849350
28255256
8229410
26007788
23352682
21985310
20558758
1950700
14243284
38592490
5985802
3657638
2505418
22094818
10323088
168514
14259186
47138
13235596
1011752
6967642
456872
7978288
40
44062134
5568178
767998
763964
5495644
59464
662702
16915630
23707210
14368400
7373066
2399578
31377658
20136166
40382
65980
35359966
18818946
563418
12696974
1110682
18609530
221264
36416778
24691114
17781742
316488
30986430
260498
1441830
6771930
9467888
26918162
17192472
1212986
24996338
32882776
17961474
958998
6145270
18918238
3081226
21230716
33155862
20904898
204008
7014396
24584672
5249162
21265252
5037338
29003064
7749438
17307982
6053522
19223686
13808374
6993154
12334858
2417338
898338
1357322
8958702
136518
11032666
5598732
5645578
28973790
5269990
1484
5263942
3835450
5874154
82362
20752246
823342
23703838
29714258
15062624
76760
10653574
116668
31074358
175522
8956222
1201198
34512068
2018698
454584
85650
1764278
56396362
27151432
464526
15497758
3476362
23173294
45694
1837930
19005980
22141058
9196902
3171562
4165634
20567458
201656
22186450
33663808
18965914
4638394
523966
37535774
1823642
23642980
28010576
2720034
4931578
1750750
25256766
374844
13337830
22982832
9686770
5474944
16166124
513108
731646
4243670
4641898
13321110
28662934
22138942
14150230
4153990
3577948
17772942
3195390
3339708
3025658
17955478
4259266
1306102
26505010
112124
42200
18455026
27436876
7840338
12996358
26888406
3456138
28421626
12709850
20877538
26648116
26897350
6170056
10127678
17357590
20400120
4649634
16637652
23737384
1283966
21745218
27086214
26805376
27981242
524658
816938
2648382
1551622
44782254
30273906
7426718
16688424
11441774
4329222
24286010
23840876
1599262
16131994
5605768
2913722
2751170
9654686
2799604
9089054
15090478
19325702
571838
9888112
28257822
8908358
12055558
1331332
17423428
30486214
3644178
494048
33291030
32781166
22562086
5622172
24003310
40139838
7005438
8452474
13968012
1668874
17559198
388082
34096326
3124402
1922742
78322
554540
13124680
7922066
11364442
762038
148820
17837918
31571258
44594134
10037328
9124576
19159870
20747758
24695758
642130
52691762
14463932
3789802
3560112
12542386
6924276
11669314
2409818
3512086
40528368
34739692
786706
3791260
10333802
10114706
1038298
23963458
370178
20785754
22410914
40780192
18204294
12967260
6268062
1067942
5381494
5826898
19748104
19267842
25286746
29311984
7187850
1075514
9646702
9289468
4012760
4856024
33167336
4536186
328408
1950622
15973282
1441402
33257854
990654
37921990
20574416
234546
8113540
32323010
1765996
6685746
23598784
4215640
18377894
13795454
1431832
12279142
682528
22344250
10016578
4198810
25571302
21473010
2483138
42754558
6225538
380800
32420094
31223998
1356970
13987322
128932
93704
17492422
5987200
3620704
1029882
13209910
19376372
20198782
2295402
31335838
14839600
16930
19159042
7426510
12420490
5987952
16493798
34705086
893978
6671266
1408
3104662
6833792
25279474
6203770
2357936
15602756
4561266
256738
16028554
14426614
16288414
1192360
26766010
41054934
16902802
1599826
2566726
14902330
1089970
8369162
6090170
20717146
12803612
27445282
6883036
1756092
32681126
736498
597898
1445282
13633698
37425782
1775626
98280
3376756
33550726
94588
13178092
6213334
28926832
1438824
15427604
925054
935998
20319002
7409352
23597724
136924
1015542
340326
2166202
11492208
8723178
18264898
6327026
7414
1386022
13753254
232652
693100
6053416
14719120
41933398
18740930
10331332
395434
22051078
1073554
5430754
9007442
23994476
3193850
233474
18401426
5840076
20160262
2881322
38881128
4543978
17022458
7897618
6874046
2676280
911496
5619706
41240760
9286222
7076746
3491198
26116018
20958326
703928
12739458
3266538
10780828
29574454
27841486
1156914
18160854
2767202
46817774
5474038
200
333348
17546874
9757048
975498
365460
7720132
16502124
3060308
15851182
50945314
157518
23642480
26336278
2153368
15073798
1026102
2751148
11580218
2161514
1075420
3069978
25197610
7356350
5661558
4651504
12667660
2035676
28618022
144606
15300046
612198
4404432
16993042
1101146
2314180
8676922
678714
14863454
26386446
11996064
6104
35338262
12367320
54920
2990482
157188
14323774
2646490
1275826
10088094
4887714
9693418
15353350
4710112
1005740
50589506
27180142
21993232
11531194
34550266
10348040
58038
913488
556796
74930
1397994
19210312
19782522
24947836
106300
25239750
17946042
4568102
59726
8285090
11816594
5334602
312510
40786858
8988106
5044346
3915874
2614370
27079816
23384938
14948556
18393916
24104674
36294422
20803618
32336672
2772754
100296
912472
921874
4898542
17526982
3331598
10421882
554246
31638524
6762466
11823076
1368092
31432522
10675566
22046602
87850
13487816
13735140
11807830
7968562
1774278
11061214
21878062
776180
25659118
3000404
3423424
14068338
4819970
37409182
6325902
20255614
48277124
4482922
4880720
3109618
6596482
2192248
6771634
1029062
32392570
5448050
3673002
53873734
129736
10753822
4567138
3329570
19187566
4920146
6432338
3471184
2813922
7251352
5994038
14810866
8167634
32047774
4874390
10649686
4968450
42543478
4810650
16367278
2425034
4150006
2727030
6462952
5321530
7879906
458054
4680770
18884020
17520538
38511390
13516690
22299676
19965970
13334036
2788572
9977698
51998
2524074
1387390
900592
380194
2718958
16427778
18775492
232538
382782
1279982
15435992
18222426
14848042
431594
2572606
22447922
23213436
10231984
4995550
10726836
28610460
25380154
18284408
1934594
16966642
1911826
34618
11973424
1612788
98594
23848446
6145802
517468
100026
28017932
46604310
18356080
17485270
24051874
1696468
7491328
27119822
13108170
2594830
39642818
19490466
1219114
18134296
32540334
2653122
500038
23236090
23581098
1052478
1876656
30560200
36958030
8470402
34685198
3574402
6556
6440802
28002
12156910
4333826
207406
268138
7130426
11311084
148520
174784
27615696
15252502
453310
20879530
23190742
936512
307088
775686
347554
45627856
11138836
16758888
2453210
14986554
29066320
14944582
5350888
8106678
2903278
8769240
13067750
5384374
4552318
15249426
7443882
946898
15802972
14971114
21916954
6273778
19789498
44909218
5185714
31980634
28486286
32205298
135610
3842542
10553804
33048274
409658
3614422
26736838
28908514
24526990
8829706
19378502
6909330
3039156
1141162
26913358
51540
18946230
1043790
7899196
26778908
251990
22557202
4228598
36701108
1884478
20632370
16554440
4121006
6866562
20413112
17103212
27586414
32198386
1180450
12828702
268216
13423418
2318446
10836
12423874
16318822
21760890
3825782
15154618
19331420
27137002
9038578
13765422
66562
322302
20915050
29283844
1140810
20162130
28093426
8806076
4133528
11170256
695794
10535176
2550696
4235506
2669828
2161674
2940688
661830
740610
20210712
7059784
40978232
27144354
2804362
15029134
20340618
14302196
15273120
610108
21147914
499882
11291690
13507358
1038186
25166914
13570384
23823750
301824
42180994
3773172
16971244
19858982
4079150
1547518
5502946
28847570
4935352
19809940
1710898
3607978
1347874
1401540
34968934
20870544
7670250
4376240
5684962
25668962
16569342
21508246
6632710
39796148
1944898
15222514
4018826
29354854
17173386
2228474
12454558
31552616
831606
32813602
766678
4256502
34454452
18556084
110390
40495834
241296
2838660
1154954
140936
684558
8540866
10134098
809554
275198
17715830
18460
14010118
3931978
32366722
367132
80850
46898
26944018
2576662
10578130
33652878
23256454
259776
9644856
31849354
7349442
3827444
10309114
25944650
145098
14398694
3025262
161452
2261962
10470286
5924012
3493798
29269354
44302366
621214
17802642
26961094
8975480
15451502
951232
17564374
15040646
3146218
10584028
7945086
8205586
3898444
730726
30853322
2579676
15229288
713860
6670674
1220326
31535518
602026
3772594
22513246
12455334
826130
1601530
522778
16179350
2038846
12004068
13833994
1415194
10259604
437644
28501194
16600
53788518
2501298
7083226
2090194
456750
8160178
28580270
49316858
5208198
5817958
16880654
667234
10173238
9578070
35395514
39809650
242746
39652330
35109598
23495546
14162302
11019294
29111942
33196738
18451186
21727090
1192570
207504
4377418
26930646
330992
68546
449690
31467630
39946302
39334290
122630
1430734
7385258
443346
514944
4627732
2981964
24672798
73888
12858614
3424692
16841050
38765426
2802052
2178998
40135522
7172598
15323682
15254642
7915578
671682
2510602
21336106
630718
977578
59752
1320386
24554888
10742636
14761076
25371530
716254
8872742
2587658
26880772
17210392
28580574
14846200
20754742
638660
9946600
652498
27843062
5284
30521220
7932322
8297982
189338
28696786
3508618
5100
22233722
19361518
943140
1467408
3535398
33019238
518116
20301364
19647382
1991306
2967474
23885048
10028672
26016926
21153970
1224448
12156362
13685056
1033602
14757966
5731994
5209798
15724230
7470958
9046804
533320
35748334
19460078
8695634
35440818
2740408
42014218
12957240
701666
9245434
7140230
3426410
22142144
30391892
256884
21319186
10890550
17645206
2598142
16470720
7062454
310288
10278748
11929486
38232118
7475758
14395810
19861744
8315380
3241246
12428
1295626
8938446
27635342
28415592
13185700
21593842
5675362
23327994
9267838
23516398
35009350
3500654
432788
2810808
5302130
747162
2365318
6202796
12102054
13034478
13541404
36291940
22360810
6793022
41286196
10354690
19241878
105776
28338762
1577296
44899906
1960
13862758
11672442
348682
17021428
26762242
9156562
13414046
4599826
13517590
13706718
1261290
17413778
509698
1320474
39119634
59532
7566958
22896254
21248
3521402
31504654
4474490
11023342
7540462
10792082
25400480
23752354
1207754
13468018
4317356
20503582
708750
487618
683014
1272158
36260722
2877710
28994
2071466
5112054
8792272
368520
2106390
513474
1330256
12184390
23983860
424294
18198422
4836582
1378506
19174180
400
311246
21135142
14720430
12283878
9497906
3463302
2085978
794390
6778218
1900378
23159950
3897120
2368762
25902558
34268734
14696020
21941280
3342132
410746
4643546
266898
6191730
13248862
33054634
19492856
70
170
15947758
3991154
15371690
5768146
28153138
41518000
7184254
9380802
14341966
4213048
409368
9128
12304846
1375990
968856
26868080
21478336
9872884
21516214
5643286
22232576
4077880
32843998
483538
617322
11278906
2020286
1031242
17824088
25472656
7983752
4739138
6197630
19933578
7823662
2833270
3300778
6092582
13342222
25706650
1381534
7783510
14205868
16987374
22820898
8005918
33699028
18393634
17222642
1212430
200130
1732570
27410840
957426
6477934
1562610
28604578
13240290
22847448
15423492
133042
18437342
233522
4259194
82934
8395826
6771362
4764802
11732794
273954
1729768
382324
6464282
434070
7314910
4413518
12881074
9756022
4303660
19695134
17016190
1219802
6325138
16567582
1297136
177680
12090508
10125618
24620956
28603806
32012
28872586
2688
2485482
1752674
7418928
6879700
15256192
10268402
2302312
19982548
13232402
28823746
14105478
5829558
1361470
16300204
4948498
11717266
20390470
17854702
8085490
7172062
15464
50276848
29043686
29232190
32476732
956916
8731998
3092122
2248618
5126402
3594118
3819184
27746616
12653734
2090266
10088516
25055830
12050
660496
2959892
565936
575994
7119598
3694702
25664986
31429924
22898326
3325656
7465090
11930292
26239714
5838358
15014122
1341358
16756234
21042444
144500
14542538
24767470
1764042
1986232
434086
9510482
4267006
2123572
16586790
3978334
783342
10550174
15736
15973430
4723630
23247642
954056
23677998
512
1205836
1289362
17368152
29730568
13194478
36381304
6230650
4917202
16386238
3652792
131196
73936
78016
797488
4076548
920650
1434754
6838030
9458998
6353264
13249302
4524578
5325588
11054670
15388178
10043176
1232978
17880874
3597730
8251786
25724802
822668
3190336
45771600
9418522
15275530
391610
13610630
20947822
2741674
4798852
302022
24799170
21855574
16166866
1478034
12324028
45139690
8870786
11449186
51925410
33704638
404002
3050924
8579938
30130014
772042
28463242
6983296
16109434
15893092
102640
13950790
804480
16649162
6102594
20261424
2102732
15127602
3947650
21096868
17074646
27276018
2582248
122960
8600558
10780612
15092
15627886
18489616
3156016
14156710
8358342
36418670
651562
699622
4388962
26746054
21661852
2664890
1607026
26024656
16282246
4238176
14233154
11673322
2932786
235790
22932
572166
5454040
90466
5618788
1444036
31294726
15639970
10465158
6387028
10937940
503566
27682578
2602890
21492
7006772
3222328
5228662
15215392
3733136
1238162
25161718
14287674
9788374
27070782
8837698
5243136
22846942
36498922
1448494
29346748
31020494
8712722
40921090
5008198
3355650
17802610
21384582
10837570
5970634
9462672
5613678
8240
5866630
15035870
5886358
4071418
229512
12728598
1214650
12768506
31100130
20444902
39375114
18341000
4321896
470760
3269002
34710752
20681206
14877908
35400262
2571250
26097964
14562418
40472536
3771154
11992792
226898
1007472
7561546
37632042
21238434
21734494
18759928
41970930
23658922
4430366
4511536
8365438
352874
3269882
1552902
14506810
2010050
2226138
2003606
5549714
4834816
27026862
20694372
24901930
13453174
22914694
22451938
531320
14668298
16860652
8511866
37504280
24422068
12904294
318380
2423906
8937820
3039814
26983856
377568
17911894
10532358
25093930
1652398
29586818
6647722
853828
37522554
23923002
323458
7659822
22832162
17102108
20638750
7456506
461458
2417992
115612
698690
39193606
7521810
602658
11356414
7951522
563366
16241962
3185938
10078816
163256
12896514
35441986
181036
14483578
424552
9494134
12098200
379860
3819606
5669538
25192294
5356788
21582138
1000384
19752122
9357634
699490
20973112
84546
6096820
1054546
23486092
2835202
2410050
15436082
4755878
26285026
6216568
16713862
179392
25173328
282980
4235458
830378
22288882
36496966
662434
1971490
4537890
22177342
8961010
2967938
10189110
3110266
12285856
18215480
635438
499970
13296122
34938514
25156594
8904874
62324
499686
38165346
5850490
18099130
17314
11227352
16680406
6469970
2647974
29429518
1075114
17909044
290666
4898850
9085406
880108
7062422
19921696
47360
18211372
2049412
748498
21730098
3071222
24777272
3200
14567638
170492
2149492
13812962
18392750
438934
18543620
35721022
729890
3616560
164068
43667376
2115698
4968318
72448
12979648
27686710
2759630
19109026
21508498
10287094
1852978
27924730
1255090
46088714
6737980
43141298
34598982
32629078
1084192
42755814
7832682
2155906
12858046
36472902
139782
47582574
12445690
2405490
20934574
13424280
2773518
290376
1437862
16077070
12856174
17302374
332682
30715954
11559754
18738216
11205602
4692934
11223082
4418414
1662802
20398876
16806078
25450484
16468354
4390900
22542594
10129114
10217590
6080584
47652470
6785174
24814404
1155910
627262
793678
5864870
15665050
28071722
31549030
9404398
2884258
136620
32682868
9362860
8613786
53874
2428198
843502
10816708
8330282
44503114
1116614
322042
31240282
543644
1434674
103266
12387854
2140382
2958260
62466
161580
31268876
25208130
27313138
20735850
902022
11440318
1510708
12764404
181842
19846858
13458926
11836618
29743480
19110020
4028058
4988368
11555334
12861154
5847442
38187726
2476590
11971162
20309754
473490
32233402
32566684
683392
23229424
10275626
25282258
27058268
334338
5041522
8162658
230488
37542106
14986558
6530718
20092246
11156660
17660578
6684140
12276298
7704508
1820428
7921618
19332518
1423350
16650254
261020
10712
16855576
1431298
32528274
4436584
1621354
40963626
35630716
6434732
43682170
49669066
24366378
650594
8999862
307180
13151018
35112
232176
2084852
28855412
676126
546002
10671618
36518
30877388
1941346
5446574
18861176
17391340
9721066
19938090
14524016
3594694
9734520
1970650
4733002
26370956
30785770
2972896
16902616
27114136
24412520
42273162
42952086
3426922
10711708
3547366
19621378
17781702
3571978
52240768
13248580
13063366
398378
3571662
20937742
4076088
1115670
106182
11546
51072082
3428934
39143878
122256
17726790
3842002
21052940
25332810
372550
5828322
1735108
232438
1529866
26247114
8130010
38493738
10199238
1301010
7178490
1959282
436574
1640418
448
9577108
30480370
9350592
12508350
6994574
27960094
15675794
11071110
17531306
26419650
9956620
4996138
19502074
2286970
24946900
11825302
16345578
27992044
1093070
5768730
29404660
10126134
2645442
19154210
7163690
1072
5357330
12287902
29246716
3569282
36786222
27469010
616462
9480106
601204
30658986
2099338
159424
2274530
36881212
21051750
151592
22365310
20049152
55166
11187942
8343432
39581058
251680
392324
11250142
2147158
360394
51835014
8236030
24004040
7119992
38735944
4672090
25789214
1859110
42877340
11474290
132182
1551508
26648722
3214794
19294422
13265466
4361514
15308590
9765718
26332586
4845886
3737634
24072598
9355542
17117570
1385986
11442474
9640998
21596662
13427650
4094452
17681008
4670666
10530578
28673014
29926
25075534
1851610
451100
4562944
7688318
1803908
42227574
7536494
2067526
35139250
1895042
4002844
1338658
1657502
6273932
442346
14560174
4741746
385662
26621414
13227874
25857048
3509162
25513652
16322928
3583656
6881674
439976
15684066
22355366
5064514
24460228
26409826
4286762
361474
17737870
8945538
8527730
2512194
372634
80850
8961062
2631450
5010488
991002
9330072
5321074
117538
1061978
3374290
18186214
16900
14271042
17134762
695722
7910014
37627790
19174018
1839706
2668600
4077838
1070362
6164482
39544820
16838584
9531178
5630842
5691686
35535940
2644418
11540818
8486764
5379146
116614
1870942
20243476
1334994
18615406
29953062
30353774
263384
23230474
625396
521024
94256
380998
965050
1349392
2942602
36387764
16940518
318532
7625982
35338220
3157002
5216794
6283228
20970794
895522
4174132
954536
17734378
22227642
26102122
42348212
550650
10157520
12008212
456932
19070292
554362
4061974
48613690
6899088
36563830
49112558
5715926
6112814
32027602
11117482
2190766
1905130
440128
13673746
5006548
33327276
15420024
580
27987490
17699700
3405718
18239950
996326
511632
19999762
398956
9417922
165698
47122
2245762
51216572
8638672
43347722
7640290
20627262
20244936
25452760
306658
20828848
1462002
552138
2316640
18619442
32617522
25335722
36393302
17846950
533386
2678330
15340580
4178764
7774778
162254
27255426
9128956
5166898
2554870
11954930
12835506
2601872
27297382
23865672
16282082
1668150
484842
327832
1877122
27312982
7816896
44794788
491188
5029110
16973194
5082398
5013778
33143284
490348
13496
2299144
928
2172054
6775364
131742
6426446
709168
7385290
5988362
39886834
527146
15789166
5330
29043754
11854850
7982892
1975794
27800
1458442
19888934
4844330
3597970
337540
16219694
50752238
15115618
6152058
7196114
1037146
19932844
446194
32169460
30537860
16604946
16702
1549990
8288488
665170
1964530
16753950
3946410
15638842
3353638
28510438
24331644
4117938
3661768
3215090
36231478
19130122
94832
3350334
14726038
14280562
389874
1492848
21636472
