10792074
10106156
9320884
11158280
10937530
11008054
9118062
10822558
8900356
11247958
10494482
9574128
7734726
7767188
10840652
8012776
12801736
9046292
12883882
7923642
10199922
10946270
11114444
7363984
9531926
10564408
6927798
9123610
9576676
8939274
9659214
10094230
10799080
7762842
8015458
9758066
9746938
10597902
8574272
8063248
8084298
6922414
9874944
11353562
11630152
7793212
6699440
9092998
7179368
11314686
10555006
10202460
10806542
9725684
7472984
10429130
10317548
6892458
10722018
12043110
10536112
11050508
10736244
9550614
11902290
9088938
10458410
10910860
8218146
6716026
8388194
8216064
10630360
8170676
8904916
10823874
8779954
9226664
8495774
6667186
10355120
6784568
8961490
7964270
7549970
11132094
12539868
7196268
10799296
8333372
11609760
8252990
10506008
7041358
10419652
9507590
11039488
9608732
10292352
8623500
8231664
10983504
8242014
11477822
11274262
9465408
9815064
8715796
9849922
10805156
9578940
7029478
9084154
11852170
8344564
8337948
7653430
10075572
10579590
10701982
11323308
9218410
11053862
8051960
10356444
11414630
7284938
9740308
11917176
12295856
10141170
10082426
8225630
7270520
7738330
10596636
9274158
10723668
6749150
7430200
7814072
7559762
7613856
7706434
9986272
11226754
7573392
10520582
9993074
8977544
9627252
8012884
8731468
9708438
8229950
8024654
8090050
8411614
8583878
9339102
11591330
9472452
9035340
9182988
8758170
8500946
8693026
10868642
10325400
10173138
8643458
8348816
6960056
8657576
7876770
9332586
10456790
10268840
8665672
10294398
11287222
10046220
10762980
8403980
10841150
10820420
6657916
10806002
9086364
12117820
12097892
11159372
9426252
6660628
12406508
11089158
7778344
8487588
10651124
11309166
8863974
8207032
10057784
11563470
10473198
7611448
10962434
10652398
8356506
8959784
7494034
9733778
11333440
9376372
7506390
10781166
10679196
10440838
9162390
8198964
7935712
12309824
8282810
10299138
10966728
10729412
9324684
9747616
9124710
10277472
8292250
10535660
11928844
11269884
7254462
9637072
11280052
11752528
10470448
8611892
9761644
8351926
8122926
8320592
8969068
12181962
8953544
9006600
10901574
10863710
9783422
11466424
7640232
10544346
7298486
11884818
11169888
8695120
9909464
8868734
10541008
10098428
11112716
10007588
10434758
8446366
7511500
7327846
7129970
10130422
8418774
9666248
8707280
8350354
9051918
12544372
10602224
7973580
7102374
9931348
11929296
7830450
8958722
11417064
8660002
8662936
9108558
10997676
9673998
9645214
7707520
9319412
9439294
10106164
10584620
10166356
8617168
9937126
10128864
7030868
7955244
12535914
8329230
8267300
9115528
6676860
10875546
8326104
8314422
8920324
12242532
8478066
10452274
10255984
8634054
10450790
7455366
8131548
10264140
9600802
10048318
9110716
7195728
11164208
11431900
11638794
8772502
11297232
8616314
11280928
8896700
7047572
9042764
10776826
9606360
9371294
9227694
10439204
9013362
9019402
9381642
13003616
11131638
6763482
9533160
10197144
7600678
11457624
7176994
10734858
9663630
8350928
9946800
6738192
11151986
10934540
7883964
9635020
7529002
9430590
7456676
9728636
9805946
7531242
10713738
11578740
10580150
9922474
11074348
10153864
8532514
10493172
9450432
10037596
9630394
8560482
7907284
7878584
7449700
9576320
8397196
10054350
7889576
6993896
10797186
9435538
7912736
8848822
9491938
7674448
10607826
8263858
9150606
9112782
8261340
8444042
7561964
8170518
10518690
7492634
9600010
10326970
7927358
11195198
8071878
11619212
6837376
10136992
6671794
7742816
8955424
10932614
9623456
9941258
7118154
8626352
8439300
8799488
9661148
9911434
11647596
9052784
11078796
12819658
9561994
8965918
10221864
8079770
11213298
12030816
6833526
10591288
9080790
10953820
7704494
9304208
9627378
8080674
6869544
9306414
11052766
10028798
8413230
7177772
7136548
11429454
6963822
8968646
10739202
7148742
10937932
7528560
10517496
7564260
11957192
8508410
8716204
9625448
11291310
8148574
9379622
12364748
9540956
10389260
9473922
7923726
8125238
10722016
9332656
8368652
11336152
6758498
8426336
6748928
7049264
11996570
8935952
10530362
7582250
6960982
8944056
10285510
8756284
10378044
10852630
10093524
6647640
9984396
10837210
6960034
10342226
8491406
10343464
9434662
9022170
9168594
7645818
10846690
9841850
8289770
9845576
6767338
6689170
10413316
6948272
9274080
10599706
8322124
9999390
7315430
9099450
7708642
7861782
9358584
7337056
9300866
9035916
8060594
9881760
7086196
10781454
7366298
10164578
10435754
6950260
9674620
9037418
7789398
9089628
10439880
10113990
6961576
11922892
8676554
10406932
10725832
11257414
8522460
10815132
9946284
11706854
11327210
9767590
8361406
8988128
7052412
7715828
8972662
7246650
9352648
10398450
7328144
11751910
10863028
7682870
9986684
10461366
10867352
10375408
11896532
7326222
10772958
7890616
7922932
8839410
7153036
7681078
9077400
12793580
7952750
8206606
10855970
10912902
6863826
10247428
12659180
11045198
9270222
7471316
9085128
8120114
7740668
9886718
8995690
7529172
8687540
12920242
9843204
6797770
8495482
9681848
11303188
8076150
8941588
11772404
7405786
10737728
6889328
9290042
11289246
10252766
7547210
9391548
8653522
10513244
8249176
9001834
8498932
9082424
9097904
11902332
7671634
10646944
9579332
7856796
7682044
11178382
7480474
9980360
7564638
11052014
7617912
8938562
9459786
11015118
10732776
7989260
9492916
8379964
8907396
9129716
9553666
11700728
8367268
8436172
11202504
9451496
10797532
7186686
7794052
7838568
7776068
10622464
8735418
12163024
7002434
10562346
10677444
10642954
7985130
6771272
10527262
7170818
10088102
9375440
11767048
6831016
8375854
9346858
9236606
11729020
9538300
7646654
9367414
10243596
9342816
8323444
12910050
7732024
9916108
8015716
9354450
9398856
12684366
8180810
9568586
8942616
10062544
8182638
9108562
7270762
8948204
6874920
9060276
9505694
7371420
10617912
8298876
8261992
10380978
8732688
9779966
9320148
10416214
8391392
8149358
8442106
12287974
7794164
9859566
9921948
11267700
10213336
7181140
13099764
6707738
7482938
11627888
11010610
8315886
9543994
10250004
9003544
10346460
9125452
11357490
7597218
7184094
6975856
6736842
10734284
9444824
7379054
8325572
11063104
7653792
8486464
11085380
8612538
9599398
10074672
10168568
10109572
10316702
8935566
9824682
9676428
9709666
7850286
8784288
7311830
9047828
10846618
8369236
8430440
7340562
8935970
9149492
10993934
10961398
11611616
8479800
6848314
10558704
8791292
10229614
6794286
9098850
9125430
11031548
11776986
9355396
10207964
6792292
12478836
10883034
9145940
9587108
8229040
8107580
12775620
9719464
11075414
9986390
10652536
10293082
8748370
8109512
7781614
12051806
9538436
7449314
7472298
8329938
8109554
8486094
10590292
10515050
10964474
8790548
6968056
7851092
8228354
8118448
8234136
10691834
8100330
9741276
8864836
9094960
9919974
6676892
8585656
10821698
10549248
9490540
9772464
9146434
9129266
6825248
7105480
9439590
7572498
7854300
7110302
9975436
9742974
7771356
10496032
9528732
7380114
10707672
8691206
11556384
11956180
11483286
8452602
11561620
8591078
8093632
7381006
11333138
11076646
6877440
9096668
9797094
10360642
6712562
7505688
10642598
9911620
10559734
8908954
10214136
7792156
8284252
12454802
9858220
9015280
9837388
7428634
9571182
10628276
8112728
10445898
8025320
10524026
10083362
8357552
9641036
8720618
8233638
10695398
9679604
6899038
11290312
8596210
8082296
9413738
7544776
10488282
11243978
8260466
10772860
10090110
11142478
9340646
7300178
7436642
9944458
8641242
9954866
11227402
6800028
9028968
8252686
7955016
8743804
9461998
9050296
10206714
9332068
6985854
10624770
9402068
7676972
9507180
11061886
8281846
8512504
9691372
9055096
8143498
8058148
8867358
11510176
10972806
8824972
7417268
10476692
9366118
11290752
11114154
11032488
7170658
12633530
9954670
7456704
10182426
11158328
7656006
10475986
10584704
11132614
8908226
8046640
7851004
10077770
10579772
10076106
9101780
9638564
11293960
8417800
10364310
11358576
10035236
7098544
7161076
8832992
7086680
10910556
8012268
9320252
8857592
7876932
8170216
10213406
9826728
11850486
7012756
8487030
10528592
9129514
10295414
9015248
8113624
9511020
10026430
11500130
9081868
7634534
11334550
9658166
11452532
11048190
8947346
8582976
12115234
10152846
8424392
7507270
10237016
12021276
10388184
10108384
10399318
10596024
7472324
9420264
9231984
7489492
8818230
8306584
10052692
11767106
10140156
10660138
8451368
10266226
11785516
10563130
9046912
8729060
6836584
7074394
9035510
9816370
9113576
8734482
8075556
7151190
8521790
8319734
7830942
8440978
10874934
9923872
9429282
12494512
9101662
9089588
9288028
9718218
9907468
8982972
10962186
8545322
8996282
10499248
8701380
7679352
9189828
10462822
9282160
10522126
9462148
7576232
9608706
7708116
6638784
9408546
11686800
6687128
6953800
9797534
10321056
10273330
10262216
6834190
10761456
7834994
9851968
9912522
10240552
9564958
9316462
9907162
8066446
9624374
8761982
6738186
7028268
10345972
9119308
7509710
7223496
11833518
9522108
10995290
9398770
10744114
9607308
8765036
10568852
9483116
8035122
7561426
8597862
6825236
8194958
11576128
8670408
7811356
7448664
7842166
7320550
8776964
7100262
9537532
7798828
9608980
11626256
7231770
12326782
10415342
8216968
9887626
9295246
7534326
9839648
7254346
7205278
11237876
6678570
8489142
9017058
9839544
9334142
9058298
9985654
9994790
6944154
9243784
8118580
6678482
10210990
9745460
8110312
8932754
11944768
7499446
7787844
10690344
7815240
10920854
8640940
8407248
9403162
8781692
8650374
8419028
10172224
7060772
8752056
9001962
9468578
9208772
7299696
8388000
8563368
12648458
9104128
8090422
10297308
12405270
12201634
10300114
11865748
8727884
9966450
7562172
9923580
10712494
11676958
10114788
11579182
11094252
12446320
11248332
8911332
9757400
10071376
9224078
9415470
9225276
8072186
9537336
11706272
9560552
10416386
8406954
11467604
9666024
7234426
8102932
9474854
10612324
11317938
10944494
10374994
8335844
8099598
9758808
10669120
8909848
10755136
11235252
10751926
7378664
9462152
6836130
10636000
10104904
10464552
11526586
9867748
9656818
9042206
10039366
10414872
8975124
10232366
8256786
8546142
8773796
9748770
11449342
10168782
7416596
11333436
7510928
7677642
11474194
10418788
8327876
6837988
10102916
8456238
8489988
7685698
9417770
9205726
10410660
8203348
12370932
9347532
9087214
12140948
11134498
7556694
9184836
9699738
9690686
7592232
9490182
10352898
11252858
9654832
9296622
10030970
9385132
7244590
9077590
10633240
9828378
10425398
11704348
9259992
9050566
9618744
8410466
10199818
7593182
9329510
12308120
11889540
8964376
7761264
6775068
9179502
8010040
8424272
8852798
8401970
11309170
10741786
8724036
9290134
7131148
9632214
8236858
9926408
9697160
7035710
8894802
6987740
10403528
9389248
9881612
8057592
9751872
7562048
7854824
7925618
12730936
11370922
9661660
10563678
10876382
9721172
10430792
6817492
8799188
8274170
9930102
13108830
8190144
10586452
10256476
9161068
11994928
10089346
11642130
8699330
8195662
8316140
6989492
6935176
7176810
8388464
7067946
8490990
6942220
7930448
7213702
9664602
10325338
8744540
7322094
9718458
11949682
7999948
8499582
9026938
10385370
7264778
9092822
10249836
9606330
8611092
8297842
11167986
8342314
9512050
9632640
9146974
9364286
7642352
12066812
9808070
9164426
6860700
7372540
7666150
9234358
10418656
12941340
9360932
6718744
10427916
11198146
10430434
8142350
7987104
9602864
10786702
8540688
8495554
8762718
8306940
8589994
9105446
9896206
8003186
6767572
10602588
9588350
10841036
7144478
11542454
11564094
7244584
9907200
10917922
10856986
10405478
8108146
10024100
11677308
10222298
9718108
10236986
9965330
8457428
7989190
12609370
8941110
9904070
10597308
9507022
12121260
12599232
6984162
12395008
7388250
9210128
8104630
10340230
11276396
11762442
9163674
10005438
9067312
6925830
8506982
8016082
7863642
10973176
8340846
12156990
7327150
7182656
10276336
10150762
9355924
12029596
11520002
10767392
10295702
10205958
11180474
11523536
13151852
9455376
9450646
9527780
10048324
8946438
8823554
8976920
9442656
9096964
7254462
8478060
9997390
9600650
9950426
9035532
11625984
11462348
9893984
7459306
9052146
11734094
11034492
7943728
11974092
7504896
7501536
10446444
8488130
11831024
7576488
7392622
7836650
11409434
10989030
11389704
10665902
11360614
9190384
10728124
9490046
11188226
9380728
8040742
9162030
8901510
7060400
9651846
8843822
9415546
11119688
12638916
12293814
10226864
8149388
7676132
9405798
9732306
7674498
13050320
6668564
10105664
8527694
8209588
8292314
7751392
10012708
9595522
8182986
6720916
11495418
8618244
9153654
12460730
10314980
7532262
11560454
7617796
9967872
11819004
9414896
10332786
10267672
6998334
12768506
11029708
7952026
9291222
9386622
10314432
7978886
10648140
10736900
10456446
9931324
10174530
7821328
10339700
7687348
7655166
10010176
8372136
10290864
8853038
8398692
6941894
8828024
8283582
8795808
10353284
9074800
10111096
9807104
8463068
10336642
8193916
12542652
9253362
11141496
7183216
7108952
10934980
12009194
6912112
7114152
6713912
8116770
10964336
6808210
9962012
7418030
8952506
6952554
10242460
11259972
8469310
7431340
9556548
9754200
9746320
8292106
11720428
7478334
8561606
9027124
11058496
8719306
10239544
8888394
6799550
10122134
9957638
11992588
8569098
8495910
9262760
7032734
6659594
9892422
9321790
9720964
9413168
10706786
7658992
8618352
6713834
11579534
8665146
8644704
8858862
8365270
10530520
7111728
6663436
9183586
10218084
10303628
10921074
9907246
7350428
7269372
10421054
9259746
7561342
11936618
10493014
10862132
9887712
8331292
8641348
9954964
9511470
9600434
12787176
7951988
9533064
10711578
8314664
6926368
8224514
10386580
11495086
10186488
9670922
8552804
7598596
9232652
11063208
10614804
8078662
10370576
8244152
10397140
10823644
12419206
8137502
7180624
6729468
10363170
9827496
9500100
7177078
8155836
9124902
9591354
8095380
7683038
7033194
8573678
9231068
10661846
11212328
9696906
8756354
9847672
7109310
9665284
8150682
10454438
7091154
8665688
6979660
10958670
6728760
8247788
11853162
12694434
9604076
10424400
10235500
9671642
7933322
8826732
10269174
9178170
9374942
6680590
7489874
9756178
7801244
11803790
8622570
7383722
11405854
10250730
9737932
7026160
8341220
9401856
12630270
11313544
9801224
12091766
9702486
8484852
8582076
10955434
10485738
9506258
10540308
8064990
10150406
8542754
9877124
12017086
10111836
11506880
6668878
6773430
8241764
7473628
8621084
6809266
8514880
11403692
9214662
12140876
11415720
6801288
12886872
9447744
7300370
11084490
6680572
8634824
9336510
11560620
9607988
8253956
9411978
9842626
8664256
10160980
10413932
11643344
7789440
12384962
7121040
9744042
10441148
9393274
8805760
8441938
9580828
7121472
11561772
7193080
8760948
7068392
10464920
10624442
7400582
10073920
8664920
8347582
7945086
7197748
10671958
10489950
8400164
6673648
7076384
7659972
7949516
7375186
8097114
11289924
9286296
7670108
8344870
11687650
8069934
11319126
10848852
8002342
10798632
7754016
8719286
7942530
9805048
7919434
10274590
9234886
12136548
8855594
8534154
7853496
6754002
9266154
7157068
6832274
11470352
10191798
8905968
9971896
10525354
8953064
10608088
7678772
8405010
7868116
10670848
8450722
8747298
7753236
10552506
8009910
6731564
11813428
10937222
12035468
10106988
10246626
8081830
10108002
9730002
10968002
7488082
9743104
10788190
10548410
8494352
10282872
11558134
9711708
7831652
11049314
10143886
8191792
8504550
10768170
8134570
10827726
10275672
9785420
7448154
10313082
9566440
10627338
7750698
9074398
10473042
8501360
12492818
9859874
7700734
8072278
9871484
7952954
10520572
10397674
7935710
8991316
10388266
9322148
8339262
8745086
8865896
12710286
7533798
9851118
7084416
10192928
10744740
7559718
10129514
10904552
9243702
6952932
8228230
11320506
7247154
10595436
9359758
11210008
10280032
10603582
7055420
9478048
11132138
8278580
8646882
6836168
9771174
10760236
10531692
12762486
9906440
6923892
8992564
10688052
9330680
9458804
6654320
12271116
9723834
7123232
12256348
9026150
8280710
9045774
9636162
7903458
8878792
8615278
6757886
9680294
6774408
9446902
10590092
9929390
10401276
9117046
7237734
8027058
8738072
7146888
6873074
8838706
8602682
11000796
13096134
8367010
9751924
9572170
12168062
9340436
11419680
11726136
11143458
6737366
10699962
6906460
7308558
10398144
9960594
9661204
10503606
7484230
8845882
10476524
7962012
7079788
8658470
9609886
8252244
10218452
9030416
8236810
9476304
7008538
7088908
7306136
8611208
11322266
9999500
9362974
9797308
10592550
7822350
9301822
11386258
9078606
10145124
12119470
7907882
8061744
12618672
11415662
9121434
9504402
8255724
9814744
8105912
7849280
7635962
8393094
9873766
9053246
7182118
12955342
9403476
10992346
9756136
8768392
11271860
9737830
11050458
9249830
10987976
8471954
10053640
11685304
7360882
7160534
6856786
8565618
10178512
7062972
7326944
7227812
10600066
9696032
10590880
11877592
7083870
10291676
9517386
8247492
9285552
10018412
10728912
9781018
8103404
9559360
8442272
9393520
11704708
6737296
11352844
7256738
8253154
8586886
8946884
7441268
11595490
6790072
7898360
10996496
10340912
11438276
11294574
9759996
9031706
12694228
11452714
9107140
10497506
9404262
8901350
8013636
8599220
9426834
8803928
6763546
9743338
8763674
11064780
10585564
7593490
7949148
9899550
9535042
9590672
11131598
10723942
9018636
10120546
6676362
8083068
8403522
11513464
10178940
8249278
10627016
11432678
10818800
11746594
12385732
8253022
11591000
7295818
8659378
12526774
7252706
9848834
8619642
9788570
11248194
12163634
8656860
8012484
10416268
11533718
10229146
9920148
10579092
10565024
8370596
6971096
8759516
8977938
8457770
6833644
10697564
10002972
10023512
8152900
10604652
9805298
8167970
12305688
7801276
10858034
10305198
6784802
8552164
9750598
10972852
8164698
7776210
11166184
11559536
9303858
9013584
8308456
7902326
7142896
9445114
10363892
10201038
6688216
7137084
9188692
11701136
9296638
10908710
10530824
7853818
11370706
7772390
9964536
9937122
9804830
12311348
9661842
9912990
10618828
11359412
9571400
9731520
9243878
8526550
7175534
10155196
9610734
10046032
10177626
9290590
8202568
9763064
11715714
8984332
7035684
10754384
7381466
9151320
9121552
8069116
12592828
12581240
8790414
10597868
8074526
7209380
8853094
6899434
10161700
10630554
7761644
7942162
10008812
6820330
9813202
8426654
9714788
10351950
6996246
8036018
12250992
9465892
9389228
6747586
8462694
10592506
11887014
8642504
11580566
8471810
7174100
11353636
13142716
9926690
10610054
9001152
9747130
7595254
9040294
10024124
11665286
10400780
9937974
11993494
7191822
6652766
7157090
7612574
9938360
10749296
8999236
11685884
10205794
8756952
10908766
10640424
9116466
6678658
11280542
10190810
10944608
7593756
9953186
10308308
9324468
9431854
7595286
6731462
11150930
10556094
6728730
10198338
10078670
8496892
8493314
10051412
9228258
9683456
12528204
8824342
10731944
10249278
11977694
9839776
10767554
10976908
9129028
8070550
7735048
8248280
8692068
8124672
7386144
7403012
7825580
11884058
10586990
7974552
10753772
8151602
9056166
9599180
9481786
9099006
8617316
9450718
10183524
8338172
8562900
8778392
12230850
11714490
7827690
8358612
8139028
8465980
10869638
7115570
10314578
7219848
9007730
6642080
7453214
11928274
9136712
10483496
10649286
7143962
8864264
7896812
11507142
8907070
8839012
6883284
7127228
8030308
8939048
7803306
6745084
8906070
10284560
10191854
8469068
9709466
8582506
7197836
10659060
8628138
8355978
9893794
11457364
10962488
8896210
6793930
11529842
9484950
6717650
12295486
8240152
8667784
11367244
10257888
7646578
9556034
10344048
10364678
7759884
11066744
7082258
6772978
8818266
7693658
8576372
9892172
10194350
6782738
9046810
9911690
8493448
10204216
7042066
7340156
9521418
7994030
11518216
7063586
9785862
9426040
8342346
6941146
7151958
10222622
9549712
8490306
8827030
10397788
8294196
7191238
7970724
8677910
6954722
11022452
10617420
11576466
8381728
11566424
10102442
7412132
9048736
6998210
9736072
6784458
9323082
9100298
8090672
10044704
9732844
7824550
11790206
7430516
10530816
9470128
9837168
10381460
11165036
6785712
7871044
9224806
10378198
7348384
6892886
10788170
9975444
11663848
8087640
8286340
10691334
9097940
9420504
7472572
10912818
12005970
7266996
8191142
9769938
9673770
10029500
8461102
9808100
9865820
10089358
10752690
8618652
8957766
7272570
7615666
9959614
10358256
6945286
10721376
9210066
7664134
9295188
6852620
8059908
7324044
9421834
12190610
8833338
10089872
9223990
10267438
6819034
9802920
9398736
10283338
10739280
12384822
9210036
9751104
7626346
8414042
9666236
9563384
12205330
7642914
7884906
10181394
13053186
8901738
11817778
7572340
7340060
10793450
11006892
9728284
9656078
10419648
6881356
10431798
9687370
8875322
9548548
11281184
10565142
9282722
10906154
9153782
8752558
9526942
11593634
10614634
12780460
9380340
6963964
7600154
9325466
10702026
7384596
9661086
8463162
8766138
9309748
8536144
8893590
7599510
9909556
9032004
10059304
11554546
6846238
11452890
10223694
8601558
7298320
9327966
8979770
10472400
7535380
8113982
10714604
7753140
11061224
12044680
7899206
8085790
9517426
10355618
8419426
12258236
6750700
12951022
9172048
9544248
7887546
10936692
9983708
7367116
7830262
7912952
9227498
8157228
10698904
10420578
7523530
8097814
8613906
8788266
7907840
11773794
8356090
10479280
8332470
7640084
7178952
10699294
10917600
10513188
6726218
11665190
11185716
8033412
6739484
7090300
10569402
9340532
8378752
6953504
9748556
10104080
11319830
8897750
6731192
9978436
10326974
10593138
8453690
12501046
9791272
7002870
8816122
8934114
11086410
7754786
9476868
7755044
10235328
7550658
7564460
10457898
11383096
9363508
7229008
9952068
11005138
7417542
10608778
10491326
7046424
11351950
8859778
7482820
8562318
8717784
6926904
8285610
9448670
11507946
10212834
7929632
10157306
7553940
7164796
7255064
11904056
11210380
9311606
8681080
7434970
8870820
10320152
6837620
9569546
8434568
9208422
9575994
8709888
11927074
8448634
11295398
9028744
9778974
8575504
7146578
8388686
10550922
10648842
7781822
12663036
11046872
8756450
9828846
7016654
6921134
8668256
10074850
7871744
9896764
7231664
6793690
10673928
10577712
8828792
7241138
8091730
7890462
7223730
6684768
10979372
9079278
10358440
7294164
10371868
9348182
10471236
12889110
12189254
9986314
10056126
7003130
6990284
10416366
11197590
6700360
9331448
7081828
8215854
9413546
10391038
8135660
9351484
8466310
7111264
10065502
10106278
8226594
7053634
9189750
11025980
7196422
9839946
7562596
10002012
11877408
8408656
7349900
9241010
8893454
8793308
10263228
9572832
9239330
8531220
7030450
9002250
10075750
12493006
8609618
7981886
8582720
8027430
10187858
10475372
9975890
7889328
11268188
10826502
12830704
10530134
10281810
7377592
8115038
10892122
7230894
9501634
6709096
8162616
7481344
9921226
7983252
11338170
6777154
10251522
10262642
7641086
10137802
11508730
8851218
8776400
9997016
8142588
10173040
10420434
7355808
9856032
9124602
8908900
8075852
10680378
9466356
8900890
7288446
12880272
7340778
8664252
10403360
7904648
10689534
7591288
8417690
10523048
11987402
11104410
8481540
8149788
10561830
9362736
7979712
9612310
9976868
8486128
10452862
6931244
8656806
8157380
11688708
11412710
8125126
7440692
8460208
11696682
11907860
10979562
7669876
9808730
10573974
6651228
7932464
10920370
8861126
8482308
7595430
8995014
10237026
10321064
8962878
8429326
8924830
7181846
9276272
11907078
10318642
7331410
7767548
11637324
7876096
9714916
10275564
9307236
9225252
9863112
8421752
6745092
9044286
10106822
11636820
7914374
9075194
7938610
10493844
7572230
6986106
9130630
10649510
9584088
7337150
7700358
10359078
8808252
10781306
9821204
7008914
7902808
8326506
9681020
7629084
10347310
9033628
12090284
10364138
10107614
11203566
10662110
10599886
6806228
10131718
10440306
9170966
8577206
8327966
9284148
6722848
10265388
9445242
7150300
8190038
9192784
9340506
7303320
7719318
11222318
10570418
10260416
7250074
6987908
10087092
7294046
7346594
9786626
7107888
9053460
11114678
10866640
10449870
10340834
6888200
8544090
7418388
9235708
8939562
10019594
11014768
10525800
10612188
8114202
9946640
7405236
7367442
10071038
10705864
9886546
8174148
8751958
7083086
9318764
9059294
9288016
10543714
11288226
10906258
9710920
6659736
7377802
7973618
7998408
8401840
11492514
11405602
10302898
10203766
8395130
8597960
11670198
11224052
6797202
9997616
8482974
10220046
9753622
11142178
7706774
13100302
10646416
10904786
10368046
8484034
7983292
9482846
7684040
7159602
8703716
12056438
8332888
10053518
8839826
7379654
10571012
11440420
7351260
9255894
10368026
9305892
7531432
12016364
8146406
11863834
6960424
11579424
8784884
8740004
10691012
7470520
7819680
10245546
6925106
8584986
6704958
9354278
9569550
10029810
9080872
12680952
7842874
8798410
7724064
8952802
10436400
11280670
9525614
10507670
10830722
10706520
10585834
7702188
8547768
12512598
10431538
12367430
11043782
6985572
11569142
8287420
7099084
8626588
9828802
10079610
8410180
9577090
7951814
7032674
10960544
7717604
6730484
10940454
7947410
9225944
9048526
9791282
11921302
7785314
9676410
9025296
12172458
8290060
11554590
10488038
9798260
7871816
9556424
6703922
8577374
10477908
9584634
8936260
11039700
10066368
8882094
10056912
10041494
7880014
10620016
10702066
7262266
10133008
11303728
10770294
9197194
11798910
10527554
8121538
10522536
8053672
8422486
10947058
9867960
11373530
10419442
8634008
8233564
7221992
10887488
9529416
8434040
9548304
11673574
7089094
7129760
9443358
9840588
6870096
9395584
7505404
6911204
9921762
10750208
7903012
9070726
7622516
10078528
9724706
7178522
7839632
9308692
6922520
9042134
11328850
10400766
9306802
12060794
10266760
8495244
10306614
9525976
9142384
11525488
7613164
9728952
7557542
8756234
8292532
10558600
6763136
10466272
8958304
9663300
10927586
7960332
9891184
7161180
10454220
8299726
10413974
9919262
7599510
11562308
7450632
8253782
9818720
10470756
9663564
8920458
11644908
10638158
11683624
10541878
7481688
8886370
8980736
9549338
8414662
6888378
6666570
9857868
6826650
10192346
7513280
10201620
8126750
7270750
10278514
9882866
10892436
8375532
9351940
7139490
8761944
10633574
8330528
8982820
7602252
7812418
9245360
10788380
11146826
9844128
11005848
10366294
7477436
9080422
8732438
9886712
6731704
10039066
10111600
11100720
8593658
9112112
6871238
8401012
8076420
10158648
9769678
9274410
10620690
9082390
7784454
10515736
6750110
9490410
9004854
9157104
9597230
8150890
12410948
12034966
8449886
11463878
10016632
9127758
8700244
8943888
7412444
9636014
11342516
8129678
9509778
7910068
10167140
11549752
11486088
12825916
10558162
11677644
7688258
9480980
7465980
9096374
10957036
9159512
11333070
9834782
9474082
10468936
9342660
13093240
6866320
10573220
10135036
8054458
7352060
8902708
10583394
10521376
10333706
7305494
9601666
10844346
8398954
7031302
12131674
12699648
10764014
10903034
8431754
9683506
7555724
10717304
10151018
9389422
10923856
10585088
8434120
10270770
8664756
9152944
10066438
10020750
9257750
7460168
6949694
7969572
8605848
10686586
7844774
9121602
8720832
9471000
9761912
7520936
10406588
9494090
8728214
8688340
7417408
11559206
10984628
11062728
11340498
9531088
10088538
11827988
9933986
9497318
7746182
8065434
10129392
7716624
7467836
9230004
9495430
11252682
11085660
7659866
10363338
10663266
6837084
7762444
11234710
12667496
8507596
6948046
9405546
10557382
10410192
8295112
9600264
10777992
9809702
7254688
6822832
6985312
9860496
8584990
12348616
9533030
12810778
9213262
7837832
10120974
6996440
6745122
9027346
9698934
10284520
8896046
8941390
10347592
11413086
11450042
7709148
10101196
10985876
7471674
10261698
7353518
7062748
9213224
9625478
9939120
7510198
7133414
8332844
11430674
8229970
7462726
7983786
6882788
11198544
8289112
9365428
10040806
9965536
7226892
12035270
9933220
10748932
8354844
10789292
8920962
8276518
9929896
9369242
10486402
7986686
10696258
11027926
10812758
10211892
9469636
8881494
6952056
11626460
7199958
9356208
7804902
11194836
8263420
7960312
8757530
6906370
10716930
8684986
10470030
10257520
7579040
7068514
13047442
9760598
6767948
9782236
9923936
8293544
11945848
7954396
11268914
9974702
8862960
7351988
7510834
6783758
10882760
9558200
7077308
6799124
7033490
7964336
7327044
9630894
10648310
9163792
10273388
11843566
9160118
8705102
10104052
9813974
11539056
9201926
7196044
9327906
8847738
8719492
9309932
8333868
9559184
6672222
10091326
8762414
6728360
9460604
7817844
7913900
9365520
8605420
10775766
8129932
8035964
9863232
6678708
10310714
9794722
12252330
11269544
8356096
6669630
11846892
6923054
7562232
7654230
8578968
7376970
8772540
9719516
7277806
9074558
8151250
7692462
8693546
10574760
7910030
9735360
12113698
11448832
9236744
7493436
9755136
8446364
8132692
6880052
7279598
9791964
9849048
7924010
8423476
8844102
7101592
8790224
9967872
7420166
7717182
10253172
8022966
10734280
7297878
9759954
7294976
10881650
11206188
8487288
10326274
10646616
9924608
7289230
7455098
8445814
8298838
10018180
9635482
11344728
10250080
9173582
8245740
10802132
8569156
7044140
7914914
9832600
10547362
9021574
8855208
12784118
7141810
8481308
11550652
9856152
9117764
7905714
7900756
8484330
11613032
8133694
8614692
7497570
11332686
8861180
10421034
7607280
8531252
7219954
11128810
8045452
8046350
7572358
6768384
7798404
11475744
9083122
9606862
11455228
7751302
11374808
10539644
10771722
6965290
7708376
7459514
10082390
10101228
8248432
8974996
8148344
7881780
9915538
7617128
10018784
8374212
11069610
9356892
10312274
9566878
12741304
9733052
8305828
8365082
10377036
8949494
7473426
8906176
8380950
10479570
10106254
8232114
11817400
8894098
6993698
9750714
10543786
10215050
8900552
8265854
9842646
8352446
9161540
8433130
10579956
10974000
8150182
9809080
9345154
10522314
10453578
10642306
9859488
6835458
9442626
9857976
7526638
9742154
8556342
9578782
10648258
11808966
7905618
10045040
10728054
10368356
8551928
7957554
9622344
12372738
8893602
8856446
7854008
10809842
9125670
6947928
8555898
10462918
7174950
8350530
10003922
8266880
8397610
7994708
9951914
9694000
7469586
7790878
11427516
9536180
9117418
8820912
8143738
6683642
9971396
10255208
10229458
11413322
10524110
8970050
7142236
8543594
8083344
8569914
7297104
7596344
7312290
8783134
10646276
9362928
8871574
6834140
8570478
6714914
8184938
10803422
11588990
11512558
8622664
9478794
12191002
7347868
10396264
11499948
7263564
6963918
9528622
9717694
12251044
7585510
9955894
12083324
8757076
9245998
7451728
9753838
9183004
6856870
10333426
6782542
9495086
8570726
8735234
9233202
11205516
12599600
7517332
10025850
11008956
12126466
8617754
10675310
10273484
11586638
9776886
7224398
8124648
7656706
7471198
11071304
6931424
9262922
9827260
10170916
9786722
8871200
10285866
11300722
10107382
9138922
7682092
9913890
9447890
11814694
9916852
7815178
10414348
7541746
10230046
7183762
6877616
9160828
8292046
8660984
9635954
8059468
6916562
12499496
7301804
10431018
11404114
7065462
7865428
6850812
6997736
7903342
9065062
10736702
6990290
9042312
6783572
8828542
10257358
10192378
8740166
9316116
10122482
9671694
11808476
8324444
9392478
7778942
7550724
8136470
10100020
8365664
9298402
7161308
8648886
10241520
8721276
9226706
8272528
8254790
7543440
10322348
10832418
10402560
7892838
10458216
6990452
8721612
10286184
9370772
8757108
11369718
11324722
8595588
11920900
8511738
9136740
7528960
9155908
7611154
8191320
6793774
9175442
8437112
10753500
11379662
10867024
9936370
10549598
8066668
8615120
11517810
8600718
9061650
10720264
10512948
8209024
6917110
7858776
8326254
11536840
11565010
9543264
8202392
11053572
9806894
12877092
11401128
10222842
10864032
11637644
8006914
10658096
9928598
9407702
7939780
10150904
8111534
7829920
10247790
9518480
7223364
10967386
8648858
7604326
8275960
12008564
9722548
8564366
9899674
8841922
9663062
10220952
10972512
8883862
7756118
8299984
9666170
10924496
12023732
8540840
11324766
10415474
12425790
6658892
9500848
8532684
12202584
10374044
7225488
10116552
9206108
8765514
8279656
9120272
8085054
11191346
8625998
10812026
8836504
8463694
7066742
11386864
7825966
9208236
10268720
7568912
8156946
6676486
8759306
11867254
7052956
7221728
8981118
6843568
8359194
6860236
11725744
6710944
7392024
7740324
7956430
7702660
7882968
8471428
9492472
7920548
9577462
8972082
6928558
7815344
8608348
9231110
9661158
9423144
10750750
6782202
7890402
10618050
8288858
8202836
8448572
7632332
10134182
9376048
10252240
9156068
8761058
7273418
9684308
8089646
9561448
8821110
9497210
7671940
9826312
9802636
8534022
8261532
10380392
8862180
8004026
9160432
12335404
7587740
10446942
8668318
12643838
9556402
6725676
7885402
10179496
6976558
7638100
10362440
9336526
8067342
11064666
10080242
9293254
8652816
7621206
10292810
10135628
8361482
7156852
8279744
7617622
11406848
8121870
9624186
7505476
7138302
9423928
7326462
7385330
8997356
10712692
10450850
10202512
8648624
7529312
8574850
7241764
8670284
7387014
8603610
7515976
9199174
11290924
9066296
9595720
8897352
9375746
7958298
9508220
9421566
8888136
7847362
7903722
11568966
7528926
6851214
10627284
8070682
10322648
8935404
8363216
10065486
11400050
9344412
6868660
8063424
8522468
10195696
9565530
10595762
8802816
10293792
10399516
11668258
8261038
8825948
12071728
7689160
7304586
8048512
10203234
7008988
8397238
8053098
7900178
10468072
8364502
8080838
9203722
8442534
7603770
6781196
9912486
12458954
10466646
11234470
7594044
9162148
6993626
7448100
11917868
7884290
10764462
10582334
9690194
6681272
8864126
11955766
7510852
9679318
8933796
8393354
9430490
7867666
6820670
9066850
6659498
6699434
10720380
8625322
10894492
7732886
7186020
7033990
8588168
9447122
9233446
8454674
9070828
7177094
8891056
12467952
10913038
10059832
9634366
9829946
8634072
9964452
10059304
7153556
8582488
10350960
9239428
9634430
9239158
9531446
10948302
9457690
10198588
11595366
9478410
12508106
6968134
12346354
10558758
6905148
9236120
12953992
8901210
9551414
11033732
7890882
7626586
10613312
7908408
6902936
10874502
7428904
9891622
10510100
9411052
10500074
9665556
8961964
11461772
7223738
9175538
8343074
11306960
6968988
11250444
10596410
6772622
9497388
8749106
7959420
7434308
11115978
10688198
10787314
7201790
9660380
9656294
11349128
10200380
8997710
7741526
10561142
7179062
11271662
8474380
9562882
7405436
6737400
10637362
10749180
9669630
7373680
9950822
11871712
6725574
10653956
6814138
10642300
6739422
10010016
8605864
9936112
7302328
7444746
9874192
9657638
7704464
10642024
11642384
9782830
7403596
7151370
8805350
8908184
10599126
9221522
7724874
6808560
11133184
8875296
7772240
10311408
12038128
10784960
7995020
7804336
9180428
9438366
9670744
7357856
10539382
8793284
10543972
12318114
7967626
10558970
8300218
10271830
8402210
7136740
8775164
9736090
9923120
10977732
7636932
8863722
7762186
7079456
11107300
7192208
10287376
9544008
11335870
9897162
8404716
9174320
11297458
7172342
7277400
8781634
9895432
7187310
10529244
7410866
8176716
9246762
10157480
10872648
10714758
11128116
9091206
9034980
8713030
9919266
9735170
10830744
9842620
9927304
9748078
8154302
10398028
11545008
8179658
8598030
12332696
9442098
10061120
10819054
8841808
8555080
6820010
8375174
9239762
10099764
11052800
10221384
9235076
9927950
10194124
6736418
6796724
9162694
8666412
7494868
7104808
11374252
8616050
8857732
10166182
8895804
7698740
7426824
7958254
8163624
11254174
9771758
10726708
10058836
11441744
8729410
11459500
10133078
12310908
10257736
11341014
7338236
8185640
7732680
8011022
7067704
8501698
8697922
9911924
8623936
9856306
9611952
6861258
10733266
7383672
8043788
8116986
8904520
7784172
11186592
9936180
9923318
8442284
10004282
8370810
12100560
8867066
7107620
10422890
10593450
9331628
6928592
7411560
9801368
10062408
7223146
9897260
8068628
8299468
10352090
7826266
11823764
8796032
9031176
8705620
7212574
10545564
10312864
9980580
9047208
10995946
9805030
9954682
6887708
6680918
7116122
6800636
9603236
11654210
11277876
8983708
8149566
9672422
10139408
7185794
8218394
9707492
6721356
8312758
10359164
10377874
11416690
8266944
8777218
8110972
10522030
7674766
11625220
7516216
8842638
8799422
11206586
7528614
10945840
10512056
7453672
10115372
7481310
7219152
8268958
6945210
7948158
9783972
10400448
10252586
10874798
7694218
6824130
9345030
6939522
8949106
9135930
12552664
7102942
7600000
10866300
9455754
10771424
10131250
10581408
10523910
11119286
6835322
9444716
9048036
10150472
8498838
12053322
12312360
10259760
6650054
7612754
8393504
6894730
9943484
10376422
10366384
8403476
9934274
10605154
9926546
7603460
10647594
8841598
10127316
6693398
8675922
9328068
7397006
7715426
6889868
9642592
10685312
10800158
9301826
8384084
7740808
9671448
6839322
7941302
9635448
9913108
8994848
7548108
9500060
6987056
7468468
8198308
8230346
7448680
7491628
12417412
11005656
11064782
7355404
9164950
7743600
9589052
9455926
9204950
8474360
7615006
10096600
8422026
10339992
10519272
11445262
10501572
7424350
8804362
6967042
11444910
8839570
9085064
7692436
9451262
7340726
8039266
11492790
8617044
10392628
7662944
10796834
11524400
9661560
9882786
11826086
7810990
10483360
9405444
11295306
9763712
8668508
7130724
11893776
9322550
10485116
7876910
7558916
11697406
8190860
7280144
7139202
6984584
8033852
7245466
7842176
7961952
11704880
7788500
8506368
9456088
10745362
7368030
7456128
10401840
9423516
11010828
9865464
6872046
10301094
7226704
6920316
10841590
10845584
11279078
8037498
9169888
11448058
10517106
11834896
9667286
10632648
6890018
9902792
10968548
9137202
8389190
9631318
8731698
11598832
7311234
9133014
7985680
12259608
10571460
6706078
9423412
8929148
10758790
7984020
10682990
10266088
8314110
11913536
7305232
9854310
11616348
8222824
7982936
10149512
10199810
10515694
9454636
8531910
9959640
6832092
9550988
8762414
9807656
10760818
7793356
7570600
9769204
12093606
10069830
10798388
7751306
10899964
10768560
9327462
10738682
8964642
12573756
9349390
7325602
7372378
9721064
8529464
9862478
7427514
9104236
7907862
9533826
8757786
8806002
10485292
7608528
9845228
9622494
11676462
11305846
9540646
10794472
10739104
7137730
7882816
11722406
10159018
10274924
7742998
7268096
8299028
8753760
8785996
8330592
6718718
9632654
10080736
9012544
12628126
9941144
9330428
11955352
9803352
9985056
9807144
6826914
8499778
8017184
8975044
9305104
8669812
8800158
11915478
10602698
7974208
6650364
7305682
10333324
8263200
10853054
6660900
8043058
8183740
7135478
11196614
7737044
10426276
8092516
8804536
8510142
7663668
9287916
11107264
8940146
6700066
8876180
11973390
11219196
9912526
11043738
7248044
11362038
11808524
6810752
9050882
10982078
8199586
7657040
7089114
6878466
9110354
9574294
8459144
8112816
7514980
7268962
10882456
7667286
10018934
8104396
11665482
7356886
9847664
9862090
10981270
10648468
9425810
10534536
11341114
9796230
7611634
10049308
9063642
10418842
10923248
11127746
11026202
8138788
7987900
9293518
7131544
8719896
10630636
9920866
8552504
9627740
10996010
10318186
10619920
10107866
10295386
9678344
11793270
12449422
8913956
7877514
7320924
9703314
6712644
9732938
6994632
8979348
12725474
10525096
9348240
7810044
9017598
8466480
10508696
9051972
12298718
9569034
9074746
7292696
8231364
8666882
8734982
13008196
10170308
10654446
8532234
7416930
10061816
9283842
9954374
9135454
6976262
9767346
9986394
8174762
6779094
8920340
6768546
7100502
11897090
9177198
10903888
8013606
10271532
8868262
9155794
9541116
9810812
10263076
7200618
11941230
9659518
8745258
9343774
10703560
8562334
9242902
8254560
10439942
9509050
10417960
7374742
9285474
8585918
8713106
11407312
6837628
7584448
8738420
9173534
11308756
10062578
10937576
7965260
8835936
7342714
6956792
8707318
9651870
12021588
8482080
9110974
12109354
7372962
8744362
7083420
7699600
8171728
9147708
10815030
9024956
10127206
10949982
9822300
7375616
10468400
9218688
11205278
8724738
6983232
10328384
7264598
7292098
12216906
10794248
9484324
9110588
9513574
9498874
7516288
9637918
9971946
9064840
11160894
10820718
6668292
7064192
7410342
7252744
10433930
8339090
7099142
7618600
6924264
10242478
8813152
7334892
10324840
9199686
7181984
10499502
8727206
9049112
8423434
9355072
8385982
10000678
12087462
9573818
9035768
7077988
6811622
7524110
9511590
10714932
11740894
8803396
7240372
9270018
11406322
6795888
7124764
8934302
8593358
6945716
7393344
10522740
10356390
10399522
9045446
11252790
7983470
7353172
10369028
8125270
7576700
8866550
11229546
9085532
9090522
9523022
10738644
11041030
10466288
9932482
7814682
10203190
11105554
9794476
8561732
8958942
11044938
7266694
8215200
7690984
11690012
10229952
10820890
10251436
9664000
9486712
8975704
8030216
6878706
10405266
9701158
10410354
10871714
8885784
9914644
7759632
7330854
9322712
11127236
8503564
10772654
11473556
9760424
8676242
6973498
11826334
9297912
7126390
11149064
7409782
9407140
7208386
10195906
12234970
12392030
11190298
7208026
10774666
9465760
8735296
8566244
8612584
10405130
9091018
10979740
9690134
8775654
9493156
8706444
8667926
9276504
8958876
11360688
8870784
10334528
10850212
10354040
10383848
7607884
7305894
6960312
7909718
7884048
7580482
8933508
7046042
11410492
10867730
11291444
10036314
9083906
8182756
7479834
9092796
7258516
8551604
8396818
10839480
10089124
11956740
11103680
6687442
8287736
9376330
10197030
8439038
7017966
7097258
8326626
10806980
9644128
10648638
7982392
9270212
8868780
8297534
11037270
9617430
6970496
11476552
8165794
9391316
7736464
6919198
6663638
10729126
10431296
7015698
8617002
8234776
7565158
8870364
10088130
7480892
8567822
10545376
8449430
7473500
9561778
8514918
7846690
8074932
10771998
7636012
7960426
8689304
9118662
10260676
11361618
10235818
11036980
8473190
6682884
6672196
9469350
10286972
11512198
9001458
10140402
8383462
10852960
10837036
10773188
10404120
9763766
8680740
12396954
10108640
8394006
10660478
10082016
7172568
11061890
10702694
12127820
11293204
10788080
8460290
8511154
11294396
9090832
11595436
8327810
9413434
9697542
8453168
7230170
10455232
8469316
8183074
7215278
7652606
10924454
8253560
11077616
8214102
9509614
9288250
7134856
10385100
8383456
7256748
11369254
10081258
8719508
11082522
9098270
7687212
8675852
9798178
11485268
10917488
8657100
11141316
11653222
10558748
12164412
9725080
12433404
11337764
9270136
12405834
9295760
11211216
10519676
7587512
8340712
10339810
10614606
11212180
9665970
7847336
9201722
8343980
7914728
6778478
6987982
8195850
7105944
9260176
7752700
11512818
6904636
8532426
12799054
11006642
8333640
9281144
9156396
8548490
9567524
9792816
8549254
9930856
7730368
11454502
12006162
10375060
10454434
6976064
10235968
9540944
8923334
10158084
10978254
9550060
8531736
7184998
8097318
10243408
8388344
10107642
8344734
10731722
9378234
9915698
11206990
11621210
10577284
11960268
6719708
12950538
7356694
9470626
10675028
9559538
9413236
7808242
11147144
7746164
11347140
9153542
8507690
11310012
6874674
7520208
7916402
8979126
7770452
10525602
7753462
8493520
6841040
9954396
7206554
7236930
11722468
10551792
10324348
11097088
7382546
7901120
8486006
8665598
8730428
9389994
7785966
9388226
9451028
9355936
7866770
8853134
9009046
7082852
11006182
9779190
10368990
12970138
7472260
9024968
8562554
12040354
8494134
9621496
7204776
6913672
10127518
9721018
8670966
10588092
9035416
7181348
7335662
11505930
9753088
10952942
12760580
6898304
12930918
9988620
10076952
9860906
6768326
10787756
11441710
10201406
10368352
10088440
9726910
8857780
11210238
7651256
8699260
10884760
11493710
9793546
10676790
8411754
8739822
9688020
9654382
10073922
9103234
9214410
6980574
6670762
8026164
6947898
10642486
7299332
12138284
11576896
10473902
10464480
10953366
9624994
8598454
8525116
9301628
11181152
7226118
8734554
8323738
6923580
10491752
12158208
7814756
8617106
7439752
10644172
10631246
10197984
11007488
7077432
8941162
7312730
10165990
10184764
11590348
8481572
10918934
9033654
10233192
8179548
10034128
10336824
8807974
7531234
7793742
9206728
10584578
12243524
10338958
11457410
11153110
11891746
8373946
9892720
7799232
8931666
12666778
6908026
7304860
7800004
10679072
12104256
9900944
11789646
7934850
12188494
6845354
10471078
9666758
9954828
9716934
6821148
7756942
9660464
10014338
7379220
10920294
7351074
10638344
10943374
9291288
9790050
9958388
12197880
8951618
9282138
10039572
9784796
11357904
8625062
10727650
6910450
8214002
9635876
9226788
8438308
7073206
10322824
12143778
8062364
9661782
7980052
7937564
9324988
8441146
9229100
8414760
10344888
9044328
9427664
10746044
11887476
10420784
9981510
11244282
8427136
11139414
7344130
7450370
8215372
10417408
9485986
7159730
8505536
11767316
9950610
10053104
9514494
10500324
9378830
9354892
12355118
10298370
9556538
11256036
7687232
10659270
8851164
7317794
11015798
8252152
8166124
8640450
12182050
10270184
9895550
9605258
8982858
9975688
10434054
7644334
9953788
6764560
9883502
7878562
11276700
9511150
7694606
11979478
12553172
9306334
11017008
10087590
11360220
8631694
8043222
11692234
7452684
7862328
9871468
9602042
7551986
10232568
10996660
8686384
8354626
8108436
8666080
9057896
7909932
10126116
8213586
10646560
7405682
7529496
10113456
12129896
9474918
9030034
10421648
7173118
10373784
7106364
8206046
9011378
7985678
10572508
9131236
9696960
13027930
10518920
9133598
8600584
10149710
8948974
10626840
7787746
10799618
10066874
8466422
6901734
7904588
7100132
10867548
8161430
8172990
9585786
10688538
10508594
7885390
10751188
10395120
8065798
9922590
12651746
8674494
9529454
9293234
7570290
12318056
12387388
9095992
8531708
11147070
10813870
7384904
11660972
10227986
9415318
6795736
9561970
7110044
7146906
10923826
8716670
7852072
9339080
10188410
9498452
7801942
7938296
10156454
7498888
8928446
10688388
10209750
9038988
11129286
11722508
9516988
9734066
11738622
10957114
10972304
9648204
9226792
7514946
9226762
8306692
7994810
11843138
10909616
9855166
10782856
7735870
11654558
7333484
11231506
7956834
10483140
9555772
11554838
7281508
11181554
8702548
7087606
8402400
8509682
8662322
9835438
8644148
12348004
7833768
7333054
8048666
9094950
7255558
8422204
7231996
7902192
10711386
11450116
10331058
11183096
9427702
10430858
10754784
8134022
11360122
9181262
8050816
8485122
9781096
9560298
7861230
7339768
8701922
7522360
7746936
7748894
8513990
11759868
7598168
8655494
10606574
8648330
11943744
8645618
8794160
10678492
8633976
10837842
10477516
12198814
9786126
8894316
7628194
7388396
11999518
10887930
8083448
9317066
12034968
9499188
8387334
8128326
11508436
9303228
10115254
7759008
10624620
7592336
10695018
10152454
7187106
8512370
10349426
10499410
11346842
6780800
8913540
7674876
10262770
11060514
10872946
6712972
10579346
9113174
9322634
11608140
6967620
10991672
8946270
6798312
6992330
8888732
9604950
7121654
9178102
8061022
11073734
6645710
9530008
10626890
8902000
11298896
7175402
7620908
6776404
10301748
10546216
8825868
9814778
7448368
8192666
11298174
10679358
6780868
10779282
10415366
10983218
7980196
7188844
8529942
8253454
9632462
12302144
8227996
11341946
7070710
8603668
8259720
8486740
7985648
12363740
7929668
6821876
9772454
7525246
7232362
7484680
9328292
9346218
10317388
12356754
9947268
9976168
9602566
10021266
7750190
11617896
7967456
12161146
10475330
7002456
7154192
7083998
8647436
8451050
8722028
8105604
11832846
11102560
8340310
7552360
8678400
7102570
7161162
7886724
11930434
11778188
9026112
10360406
8671734
11477386
7068954
7332952
10996686
10245586
9963192
6649942
7925614
7733042
7250430
6992562
6978766
7986082
10731838
10182006
12370166
7198796
9436614
10375668
8064910
11619658
11259352
9491616
8271322
7865376
7623806
7876024
9793126
7529538
10859362
7152066
11246062
7572362
7492980
7310842
7025214
9048326
7392842
7934290
7085190
10368738
7159852
9000614
9551060
9420316
11079764
9921916
12264452
10653362
11381368
7294500
11685486
8218980
9517328
9471332
8241492
7628868
11000612
7067448
12154268
8643682
7924572
7590418
10200290
9490524
7317642
7228138
6752150
8952488
7964032
6836572
9114010
9401168
7233254
9799302
10169712
7858042
7199186
7999598
7272638
9546972
8967272
8551236
8687064
10234486
7335120
9976520
9489216
10741924
8552570
9615846
10443580
7686080
10065906
10301054
6680584
7512890
7136346
8264658
12253624
7230864
6836364
8375080
8576376
8011820
11585542
10575918
8468470
9642370
8302004
7715000
7906052
8049838
6758694
7095008
8018226
6909908
7295428
12473330
10739898
7789164
10345114
10732478
7929794
8792396
10599862
10372330
10673378
8158846
8333354
10390064
12442456
8548858
9214608
8610986
10024352
7042394
10055810
11200624
7092902
7377652
8906482
7841300
8908610
10175588
9784490
10343998
9819720
9168994
9091454
6802484
9925710
8235738
9136394
7771054
10265426
9935744
7663580
8714980
8129628
7050908
6959970
12252102
9588676
10449584
10788612
11036908
10176944
9255900
8673100
9165022
9367050
7458722
11829822
7622918
10894664
9321452
7547700
9395598
11028460
8996820
7144012
9036790
10410814
11534378
6927722
10158748
7377672
8577446
9457656
8981852
10624504
11176460
10300202
10510076
10607776
8943534
7572480
10667088
9920316
9219520
10203876
9289596
11109920
11470400
7412726
9687512
12430488
10457990
9958910
7485718
9814070
7537240
9971312
10419956
11366238
9426848
9865526
8784078
10273898
8420684
9857212
8731410
8818154
7405670
9593938
8598452
7966920
12581184
8570432
7629158
9573624
11379814
11108816
9364206
9130932
9654254
7449428
9246590
7790920
9740492
8665798
8039696
9645978
13033948
7793872
10319418
11657798
7268726
11842032
10877660
9909330
9069510
8494400
9039598
10073918
10779294
9401016
10306530
10705580
10216016
9714686
12061520
7116632
8179768
7937536
7909808
8828436
8164784
11146282
6805964
10419718
9565592
10262706
11086240
10637112
7068972
9239860
12000386
7156440
7680146
7110108
9528504
10106850
7277780
10825306
11371070
11402990
11400332
10903736
7642874
6756658
8033390
8066134
12211176
10812472
7054524
9867136
6704952
7147878
8467494
9474060
7610782
11479088
9526776
10819754
7942368
6901022
9192346
9691774
7934988
9554874
11433958
10282990
10026766
8158390
8906718
9239986
9097838
9485480
8240174
9128442
10563392
10472612
8503100
7338648
9192068
6876710
9758514
6817390
10169258
11107924
11588216
10502830
11109148
11633606
9272570
11976268
11071230
10149466
10230494
6746640
8438630
11095680
6997228
10348904
11527876
11325302
10186628
9358616
9968692
10815042
9347432
11484252
10851012
8616804
7706442
10031220
7760764
9309428
11553304
9988844
8679426
8587684
8460712
7066064
7021208
8108598
8589144
6660658
9884738
8962154
10570198
11054282
6687644
7401278
8806050
8041110
12405532
7362254
8577918
8506836
10326900
9763622
8542368
10514924
11371306
8560308
10981552
8035308
7269896
9237604
9329320
7889930
9408556
10986104
7376602
8224124
11006766
12453938
8338028
8239702
9133472
8894006
8422676
7683560
10570912
10568758
9846968
8335248
9167088
8394484
6666272
10328912
8695806
11763328
8069772
11580962
7209932
9428568
11727180
11321228
8589296
7954980
7808878
11340866
6724336
10216746
9769610
9529696
10782344
9996662
7539006
6807014
7078504
9948342
9339290
9960332
11835648
12045416
8252520
9767346
8463158
9591672
9141890
9904646
10238978
10875254
9928388
7515586
9476614
7877242
7827988
9283330
9591834
8457042
11527746
8845986
11025076
9919684
9056154
8131546
6770692
9636464
9862306
7556572
9660190
10719138
7575936
10096664
10084310
9119986
10168840
9980552
10548464
8228250
7996706
7508998
11227872
8677236
8803680
8672572
9899916
8577132
10639114
9076774
7599470
8033166
9927780
10882960
9838720
7812558
8089826
11054004
10873222
11143262
7194360
7295406
6658798
10057654
11424202
9598414
12116768
7757174
9741166
7006906
7316712
9504472
8252900
6691042
8730604
7995068
11119666
7577384
8746368
10203846
8645494
10905796
10387844
8403482
10229004
8952530
7873626
9304636
9164782
8668832
7531880
10738796
11813368
9323086
10272008
10967986
10143670
9075176
9376406
8481184
10373064
7102376
8371732
9710090
8068474
10485458
10034606
10239004
10712984
8264890
9899010
9342966
10825586
9645074
7586896
6823198
11007554
12323492
6865196
11950660
7107240
7266876
10921860
7918648
11015570
10172862
12136446
9316240
9347670
7576188
10877476
9669808
11223772
8149500
8089514
8342552
8800532
10335134
7537786
6870792
9866354
9860604
10442602
10429958
8383234
12185952
8444620
10765088
6856428
9090566
7360940
12644354
9366762
7993880
10662046
11987042
7964728
10426536
6696806
8971500
10437832
9683698
8875666
6786574
12038460
10483406
7545194
8198636
7568056
7389248
10071316
7662628
10737558
8966328
8867322
7825460
7414372
8289152
9488428
10765104
8028444
9793412
9219114
10240678
9004962
10105830
10410244
11489014
9474248
6897938
9593654
9733158
10615926
7499082
11498982
11211890
8563840
8227892
10035876
8593704
8936648
10328420
11268322
7961454
8717232
8611854
8320102
9077768
9561036
6764988
7518278
9245570
8764060
9809854
8887028
7117990
10449564
10338066
11180216
11854994
11452140
10261588
10263932
9944018
6946814
10942942
8814536
9019526
8599380
9099964
10318636
8532156
9864730
9617420
6881406
6806446
10398640
8272052
7791236
7414260
10676194
11566926
10021620
8208356
12334514
7668130
11048606
7202902
9248922
7284992
11033916
11789506
9960076
11096698
8821932
6820636
10282184
6897958
7994344
8699038
8637728
8810840
7933180
7785088
6994954
8822232
11538628
7291102
7632650
11679574
11465484
8915698
7122640
8555720
9027278
12498730
10056956
10940202
9695358
7192366
9518762
9809456
7278698
10535044
9439058
7177878
8225280
9342016
11811088
7647838
8669234
6789660
9253290
11663368
9811708
9384538
10739798
8676976
7539374
9659786
9698464
6993168
11789370
9058716
9727154
6743096
8755984
10163260
10020150
10425830
9366982
8607210
11457838
10770314
10823500
7766106
8493194
10091236
9515162
10873698
8523300
7812012
9458126
9292890
9545136
6753860
10553784
8643302
10519972
8620732
7041710
10696432
8443508
7393516
12396664
9621480
9370900
8244494
7005350
8250482
10653244
11316578
7932190
10804866
7276782
10555408
7477202
7808066
9064678
9042230
9237866
7462650
7185672
10240646
10032394
10246960
11726814
9186948
6647522
8422670
9520646
11404328
7964584
10582046
7505610
7577368
7747254
7238608
9846488
9870818
7646480
7917402
9472532
12102418
8022650
7680834
9486136
9163960
9888088
8064182
10207740
10471734
12609072
7062846
9060738
11808570
10897506
8669288
10823848
10126158
7418436
10492774
7425600
9298550
10221680
11139422
10130134
9607314
10092126
11558312
6851292
7345002
10809162
11134634
9724700
9638320
9960664
7753382
6956692
9403238
10210424
9923640
6712250
9840736
7111134
10009254
11592844
7569170
8816516
10436782
8381088
9838730
7613656
7725886
10649790
8827720
9649768
9210514
10829574
8125286
10456032
9565246
7513812
9561646
9653028
7485186
10519500
9541364
10719284
7358784
11557500
10588040
9174358
8416798
10610840
8413130
8949928
9898400
8775738
10051456
8318130
8036370
7504344
11116698
8003728
8868598
9418802
8718924
9182870
8462134
11281672
9003166
10463130
8775940
10307932
8841642
12869262
9870270
10931404
8607472
10830304
11170416
10960006
9339654
11294598
9876310
6886124
9402614
10413712
7727502
12589558
11205854
8028484
10326440
10317398
8152542
11726222
11175306
9339500
10591030
8287116
10128744
10428234
12122854
8828840
9371430
9822778
8340530
9951070
10285196
8576060
6973182
10600844
11757558
9619850
7716482
10961784
9925352
9747340
8281052
6824648
7556912
9077952
11235214
7872042
11785658
10724730
9706656
10847076
10822788
10614412
6936812
7136526
11068262
11883096
8342710
7017300
8179350
9869188
8142094
10719492
10212558
6679176
7235902
8150468
7767506
10446836
8869190
9048564
11232514
7160828
11604232
11648650
11046770
9891412
11472584
8383292
10922930
10720184
9278746
11771938
6956156
8644370
11327830
6915144
7381432
10717778
6655352
9229358
7501676
8883838
9565558
10687742
10536436
10236212
9285492
11872338
8596218
9307838
12768506
7729258
10552502
10679142
7915538
9493358
9521982
8980872
9247568
10315146
8898124
13090412
10502670
11162398
7815632
7700776
8033024
10650774
9077828
9151814
9895292
8236502
8819088
7540280
10978642
8552794
9574000
9252340
10423288
10723924
9568244
9502546
9981026
8196550
10147902
9930836
11214226
8270388
11169006
10777032
7789502
10036094
7829610
8470442
8979564
8752242
10059992
9374570
7756792
8604700
8257674
7199634
9629504
11732120
11552932
9082178
7415080
9566384
8628666
10734006
7674574
11168534
8992820
8681208
6758418
7557826
12024460
11129068
7590910
9791110
8226480
6654630
7957880
10635074
9075608
9949090
10161546
10404354
10036726
11667310
12108054
10822438
7228824
9094070
11428990
7078368
11744712
7496752
9963274
10343576
8595362
7221512
11034040
12979166
8005174
7157882
10630936
7196462
8232452
11513770
9584932
11499436
9901062
11583750
9793724
8743360
10540058
7935804
6720418
9985812
6680372
12081002
9274408
8071318
11304970
11723528
9514992
7557918
10358798
11497726
10604338
8261820
7677206
7601130
8537510
7192724
10404360
9163858
8395066
8059012
10606348
11194262
7901964
6744162
8333850
10662222
10708368
10798032
11535532
11150648
8410840
6936654
10404778
11344320
7195752
8907640
8643722
10601742
8017650
7415786
9568380
7110838
9321438
11988904
7288524
8465410
7108270
8000244
7520180
7052158
6967474
9387402
10542670
8427476
8573606
10853770
7154238
11001712
9725726
10023736
8305144
12493316
10742416
12020044
8360386
9575852
10594054
8816144
9118050
7573298
7133230
8826518
13228470
10896638
8774468
10005512
9149356
8795730
8657450
11495500
7164142
11978136
10080784
12037566
9818310
10421088
6755028
9954658
11186938
9795842
8341062
7872664
8604568
7006248
9388552
7012604
8913382
7512776
8069968
8241540
9123786
9924072
10127836
7652084
9909074
10557168
8168570
8565462
9523590
7371224
12506196
7962336
10237188
7664806
12682812
8383790
10125390
12850474
6819034
9211070
8359866
7093716
10416412
8622150
9876736
10242632
9125608
10686356
9510666
9088654
10783304
7369858
7779118
7110644
9824800
8352252
7693516
8078710
6920426
7511098
11629050
8896830
6857660
8720588
10015412
8084488
6820458
6840140
10037300
9774502
8691956
10866944
7033032
10679434
10005544
8134646
9912218
8459978
11363120
9551386
11956078
8238616
9465324
8481504
10054488
10090898
7899394
9575196
8642546
9347882
8710690
9698318
9963524
8727426
11165906
9271604
9296578
7925976
10357866
7166894
7872270
9221182
11513614
7727694
9773114
6779198
7979198
9285676
10238598
11146274
6854128
11147116
7500078
7055424
6796112
9441160
7927906
6966286
10318452
10249488
8758064
10990896
8075304
9787292
7013290
10998360
8240504
9278462
8231024
6903128
9180088
7398868
12296454
8217646
11029288
8378468
10815136
7719664
8351528
11048630
8723924
10547802
9381442
10619072
8039580
11604614
7294414
8913608
8518026
10612974
7164436
6706956
7696012
10627374
8616968
8092748
9070818
8960436
10519594
6733278
9000442
8054848
8716152
9109296
8257552
9248112
10628418
7910510
10145512
8664970
8584958
8532840
9962902
9189278
9331886
7373238
6868054
10312740
9768430
7602524
10614528
8951266
10239222
8647358
6879428
9921968
9202178
10634090
11584186
9686268
9777630
11301624
9345458
11373152
10272384
10145232
11305002
9897354
8824778
9827436
8507522
10295742
7267788
6900988
8867546
10788180
7062372
11824166
10578258
9758066
7443200
7682436
6962224
10150626
10769138
10589632
11390096
8718628
7790198
8374870
12273274
9196328
8384354
10490158
10282828
9447074
9549464
9180878
10008564
10381892
9487416
10759962
10833374
9589292
8886448
10023874
10908152
10970834
9779268
9812844
7611200
11063650
7617836
8726720
11398030
11249814
8437506
8407332
10273282
9241186
11538918
8611994
11175372
6650774
12561408
10020448
10514940
8325640
7745834
7177724
9407444
7251414
9649434
7430176
8624372
10809626
11151354
7144146
8112738
9493212
10347182
8312680
7865662
8845794
8123098
9923550
10898536
7922200
11119264
9318760
8631426
10516880
8471258
8913552
8800442
9017108
8863086
7270238
10486068
8504160
9615092
7224336
9475406
7854984
10139968
8135936
10384116
9726754
8301460
9542050
8161066
11054188
10115428
7123538
7619858
9868484
9181616
7404370
10864946
9565400
11477932
10812446
10470620
6864832
10276614
8856406
10392808
8264818
10070386
7096762
9959686
11650018
11598208
10745020
6853342
6950280
8205310
10611436
6745326
8158170
12119236
7055548
8458288
7908974
11290812
12298658
8978038
11161694
9787370
11188620
10318136
9715432
8027926
7908628
9984276
9049504
10747264
7310066
7302598
10392024
10632342
9896060
7384670
9250120
11983710
11386506
8308072
9702592
11287110
9499692
8596690
11625042
10497272
11412504
8239588
12174616
12528608
7417426
7730492
6684240
9179196
10803798
7099654
10707574
10362170
7748428
10831158
8801344
9543778
9432654
6856312
6946996
7892598
10783646
7504202
7455008
10648138
9269486
9847414
9972870
9540344
9623520
8342368
9411032
10635138
9824224
8118104
11001276
7547230
9656026
7352548
11400516
7301978
7606024
8243422
7765938
10248410
7000616
12461292
7483702
12158076
11241654
6950618
8367176
13054800
10120744
9743542
7251822
7585788
10668734
9434240
8263480
9798134
7016268
8098450
10492342
7608026
10767822
9670548
11470940
12134234
11497490
8854530
7069574
8559186
9139188
9227476
9823740
9518072
11050556
8289856
11375540
7903814
11395320
10424340
9730720
10299020
8272140
9756150
7880686
10498270
9382720
10661670
7407078
7806326
8358038
9179434
12451436
12042040
7944406
12783146
7640642
8914576
7597194
10355702
8220680
11076420
8522910
8974964
11327852
12311138
9021002
10209718
9781962
9054256
8812374
9663094
7779952
11304394
10715350
9119956
11247490
10132840
7784126
7071318
9447128
7240924
8497832
6850230
9193838
10260278
9461052
6964222
7575888
7665616
6764538
10449276
10775560
8680618
9400008
8988666
8454240
11477352
7029848
7499002
8048106
8163306
7364410
10702352
12356728
7555114
10558030
9764464
9774376
6982654
10201222
11112624
8443038
11661038
10476338
6682788
7964338
8518220
8572704
9852054
10335548
7179836
11914272
9985790
12460316
10005830
12138612
7191982
10288608
8713122
11492032
7030244
8045300
12186014
10405672
7397330
7808654
9637346
10931412
8080030
8190418
6763818
11429078
9602204
6692288
7999850
9867606
10654526
9449672
8840616
9926392
9348586
10213206
7014754
10918152
9486058
9383238
10414832
8377372
7405030
9282102
9651850
10353822
7959724
9267650
10152374
6829242
7451178
8274270
8361696
7526760
8626630
11082428
10681790
9269388
10613050
10485566
10676594
8618440
8138948
10237852
9190038
10965750
10537488
9314994
9095578
10412350
8841132
10255946
7753842
8771420
7674832
9242534
7827052
9349522
9202460
9409216
10555328
11118560
8944418
10872400
9641774
10458096
7913692
9361730
9440848
10728620
9704682
7075510
7352000
8034554
8072312
12352164
11437328
12001506
8608016
8330716
9294576
8765004
11470358
6691960
9320368
6949962
7184954
8529008
11632524
7397706
11105556
10293170
9184082
7507506
11690816
12013742
9268446
10315318
7103358
11535298
9305484
10407836
8049660
6675350
7530520
9586822
8312678
9963278
10248980
9124350
12231900
9923046
6836876
10188672
11125576
7138426
9338448
10141476
12312490
10123654
10802584
10940286
11350592
6832150
11408858
10692362
11452942
8992134
11495402
9324394
7539434
10602982
9953890
10516980
10686776
11123982
8815170
7497280
8647488
10229520
10546258
9680236
6809288
8217294
7628430
9582560
8666696
8736350
9368506
10086414
8158560
10809214
6715278
7176280
10417954
8875056
11444116
12106958
12081616
9076808
9850314
10218704
8159442
8663162
11883372
10369888
10576014
9266254
12025854
9284554
9795678
9389870
10374214
10504942
9875620
12355334
8130160
9412432
8069876
10242564
7625226
10403768
9415064
6765590
9589646
9136128
9743004
10228356
7429684
8889916
9272190
8614100
7608286
9771206
7483026
11867478
9012990
7651110
7776396
8583396
10697826
11847692
8130806
10338990
8779000
9347842
10051964
11951300
8853978
8821104
10533048
9949142
9923372
10004912
8703380
10604648
7550052
10641982
9172618
7068288
9757394
8851766
10470460
7605970
6934096
8843466
10214018
10259428
9961868
8153672
7755260
10605504
7175776
11261278
6980846
7636592
7106906
9864236
9244150
10124966
8130632
9428870
8715170
10946166
11112140
8410584
9750448
10060628
9019330
10931608
6864642
8050368
6773010
7459026
6653732
10453996
7935986
6742806
7607174
9686428
10231906
8559268
7649836
8580296
9093406
7333998
8119612
9772764
10870382
12417254
10598536
8385728
11332938
8149912
11810702
7724618
11458744
9891898
7695092
11381666
10083922
7559990
7077752
8296138
10064296
10921340
9593956
8054210
9227216
11957612
10362920
8859144
8067130
9794184
12866952
9740458
9692646
11130952
7696170
7825004
8990004
8122558
6962956
7377300
9051892
8134890
7730952
10179308
11588398
11983430
8864660
6708434
8038558
8233618
11286080
10546066
10233890
9565936
8176136
6875920
9931676
10904034
10206146
8409874
8263984
11326896
8784990
10542206
8154028
9279868
8422088
8725292
10480214
9419186
8541344
7982628
8191018
10300334
7208708
7987762
6931604
8853128
6698236
10257976
8450732
10041924
7829980
9290974
8392208
7004538
10494652
11107066
7747544
10309024
8975042
12606368
9497446
7282986
11039886
11189408
7061748
9606186
10003682
7222472
7721190
7049916
10933418
9632958
10530380
10333760
6671622
9551510
10111006
10777126
9406372
11865988
10879684
12610652
8626426
10612376
9631238
8180764
6996952
7859076
9183468
10306922
7059516
9589000
7601208
8718448
9908972
8687276
11219300
9905568
11651938
7089084
12194146
8900338
7575666
7769704
11783836
9457948
10462412
9879804
9921968
8316240
9900056
9959974
8266964
11031700
7544512
7214044
11151118
8956470
10127482
8882554
10914686
7915708
10106340
8340220
9576652
11245622
10909210
11288726
12290522
10696990
10801802
8954724
7113196
10183676
10355212
7170782
6688612
8034974
7519356
9354162
9491008
10841882
8814758
7598950
8703466
10891570
9224024
10037486
10438798
11091616
10162706
10148674
7187314
9622364
8681734
7982268
9471800
7011430
6870386
9129522
8813270
6682598
8373702
11314694
10426976
7233978
7724180
12548726
8358722
10077780
7572376
9056636
9344082
10676506
10630030
8688516
12882480
9889406
10678968
10192450
7758496
9760382
6910814
9839046
10414254
9386446
9613784
8850036
8078724
10428296
7707968
6704744
7657184
7027962
9505392
7502212
7051620
12089584
6896502
10742458
7639814
6880968
8028722
9592386
11586004
11028028
8435918
12122570
8394982
7455240
8988224
10669628
9860272
9302008
6778280
10262192
7360620
10635866
7206126
9230416
6973206
9475222
10526682
10533142
8537820
6928484
10855642
7570398
8000960
8558872
9699506
7732972
7760354
10505930
8566022
12900956
11116420
7338704
7609518
10033990
6791804
6673774
8466826
12633302
8363814
8884320
10299900
10250722
10916268
7796752
9948404
6978656
11708650
9780858
9690360
9860890
9352236
9962542
11299534
8236408
6868360
10666554
10328412
9160632
9866236
10170776
6890860
6938564
7047876
11702912
8903458
11866220
8278592
6808496
9344936
12261082
10773738
8354548
10530206
6958424
7157086
7528900
10233556
10152712
10274226
10872556
10378480
10449946
8140288
11232320
7835096
11205774
10587318
7529492
6979962
11110198
9154330
11821488
10877278
9809696
10745104
9077234
9178994
10334494
9931668
7891426
8317590
11038644
7325006
11320002
10744122
10362046
10904776
7743550
10311424
10748910
8273352
11498164
9143468
12011220
8680226
8332920
10275666
11220834
10187820
10212970
8824802
9334152
10634468
6870934
8496820
11944914
10772386
9506596
8511390
10391670
9539438
9379212
10624228
6754406
8427062
11201512
7646564
10121108
9649248
8653466
9358722
7540794
11907082
10264914
9360410
9792736
10546650
8629072
12584592
10209382
9130548
7780862
10532996
8331784
8146396
10098378
9540320
9265088
10259314
7342150
9858454
7907162
9285478
8354650
7978538
9482444
9080050
8123476
10354606
9184004
6838828
8737308
8623614
8026214
9309500
7334490
11398464
8584656
9245522
10107146
8670734
7843890
12424040
12464424
9393990
9301166
10217218
10255562
8706254
8246468
10704590
11057462
10932022
8055830
12536590
9378460
10324062
9973876
10811228
7275840
8745972
8916196
10406024
7547060
7031348
11640666
9534764
7207640
8159128
7180108
6902604
10712500
10460326
9430474
10155226
9303176
11408288
9900352
11049610
12169972
10299104
10561784
8113186
10248366
10881156
12415746
11525348
8721574
9808700
8211188
10676576
8425530
8613494
7470908
10481038
12273146
8527786
7374012
10330612
10236904
10188730
7702750
10113968
9752672
10895194
10697212
7436842
10581316
7339642
7645864
7129014
11023524
7146554
12502804
10240512
7506146
11251406
9814872
10207426
11069062
10597250
7274184
10789692
10459192
10620380
7947350
7865860
7748542
7549078
8898670
10721496
7747922
8435944
10234700
10950650
9640144
8194412
8133526
7960438
8392154
10339642
11024402
8058954
11123216
7466322
9051844
7559432
7840280
9024318
8707572
11039206
10276780
8103564
10460930
11093422
10246110
11028290
7270760
10850540
9291300
7810744
8126270
9766938
7644372
10129672
8756650
11419338
8299394
9438792
9176270
8604778
9425622
9495758
9413282
6748156
11532308
12240552
8485806
9708384
10215982
9511944
10660006
10127550
11132260
11606254
7959428
11046080
6793096
8241824
10366114
10852306
10275906
8886878
9539008
11508742
7972966
10594312
11199826
7229072
6996516
9136268
12182884
8880842
9762040
10743620
9395546
9576122
9588950
9916954
9712220
9253956
12062644
9061656
11821700
7649124
8601840
9869770
8123182
9239950
10363834
8472460
9579604
10176690
9153732
11702192
10440240
8992848
10416144
9649476
6724184
8337612
11143336
10377460
11161564
7302738
8474086
9751232
10217292
9325732
10806556
7635734
10999728
10483248
7541138
7073992
8774484
10877916
11673028
9222188
11056746
10457958
8158514
10298842
11502742
9213946
9356506
8962078
11290534
7741928
8349274
10799488
7496996
8199242
7460620
9845794
7955230
7057542
10565774
9924654
10006096
8760282
7112168
9889076
7431846
10100820
10931192
8419684
10379022
10335222
7231172
8282090
6812396
11128950
10328150
6913228
9009342
7775712
7221796
6724874
7335558
7974408
10629020
8212508
9630950
7348384
9279014
10421140
8991560
11223848
7848450
9719474
8142580
9058612
9807624
9307186
11964000
7938962
10291782
10914222
7981426
7879554
8473730
8020744
8918344
9734002
7235478
10129996
12247836
10198456
10448314
9666690
7052562
9030158
6763458
6810732
9394726
8762498
11425250
8759114
8043356
9556806
10320804
11138992
8303600
9482544
6727646
8667298
9533722
9756694
7761424
7213390
10994306
8324554
10865126
8723356
7445974
8963454
10106354
9896866
11733398
8377444
8480450
10027024
8734076
11108306
9808838
7728292
11859298
8432604
10088508
9573118
10896092
10744240
12150876
9686324
9537544
7459832
9467470
8917398
9878232
11623326
7782650
8589456
6984284
8979014
9957288
10304418
10596296
7688838
10810036
10183114
9167076
10424180
10570860
7738544
7504850
11186774
7716856
9919524
7217558
12283952
9638250
10118494
9638720
10481170
8928690
9693548
7230218
10245088
8511472
11773804
8931766
8414980
8326640
10444516
9361008
12393536
9279856
7044972
8813680
9207404
9883336
10768606
10628952
10878002
7665414
8951724
8901856
6891274
9691060
7820682
6697920
10873330
9370936
6651378
6781790
8176864
11817612
10761714
6867722
9160506
7861222
11131220
7659604
11613698
6897594
12333216
7666698
11506876
9443844
9172606
10746212
10306870
8233376
8928506
6660370
10665746
10972152
9492850
10629252
10477394
12260850
9087132
8556976
10502120
8910140
8862730
8295296
7474500
9915290
9800886
8093364
11263646
8347496
7792260
12391632
10585316
7735788
9701508
10977956
9067622
10497640
9022542
8910418
9492158
10843016
9325804
7316632
7138768
10907522
8602946
9421902
9863908
7603954
8872534
7120224
8407556
10773286
9060820
7212110
7832846
9916364
6687098
7106982
10120024
10308606
9697092
7943226
8504018
12073652
9479106
7681180
12083294
9014378
10366916
11052944
9410876
9828948
9629998
10529940
10562126
11787064
10519944
8054414
9376538
7610384
9739722
11568154
8539132
7463410
9464730
12766722
9344644
7992792
11192338
9989132
6894776
10449026
8237614
10048246
6763360
7949524
10309822
7209108
10184862
10782704
10056218
10459652
9776804
8290838
9043520
9517522
9221518
11046172
9625184
8538532
9819970
10619056
9813948
10804370
6858840
9113936
10400546
6893846
10055396
11279196
7044098
10205210
8184720
8277778
9347646
7367144
9177292
9601760
7953396
6772266
9244718
7659202
9864430
7453074
7058036
11767046
8850568
8568794
10907670
11166268
8092076
10438062
9245720
10942688
10882564
10521196
7846290
9580552
11190698
8991274
9318292
9012776
11644296
8534976
10684988
8078548
8078302
9391948
7164628
8285204
7043376
7287526
11204930
7159694
7504386
11426606
10944218
7735222
7418582
10526768
7297704
10214490
8904238
6812014
9110316
6999130
9586862
8300880
8582632
10302382
9758566
8225880
9813548
10010218
7680858
11313700
10208532
7101142
9987562
9051490
11282194
7757264
10905936
9648854
10612596
10639894
9105796
11170600
8543510
9020488
10031694
9498102
8175302
12308412
9861288
10385112
12065746
10108662
7724648
9228646
9025604
7076080
11010944
10623984
9901632
7369528
10914794
6778032
11766474
8390296
7638994
7727608
11348506
10029408
9973588
9263016
8042780
7230726
7046280
6976506
9297770
7075920
6736658
7278498
7055198
7123480
9232484
8871458
10532022
7634234
10536960
10758264
7609040
8007848
8146248
10937220
7110096
11721574
10318260
11512402
10681068
9291448
11478030
9958986
9207572
7296590
8474202
10548076
9992204
7186956
9724466
8455648
9155296
11459496
7932660
7764250
7441554
7115160
11004206
8342082
9509910
11132610
9965194
6949948
7267570
9712652
8100870
7613538
8785132
7695006
8053804
8363664
10455096
10879480
12224486
7278040
7962778
8510640
7934188
9866200
8962102
11855922
8804536
10871836
7054484
7881032
7757240
6929182
10799362
6675172
12529766
9581602
8051438
7342018
10117126
9689692
9293380
7186432
7662878
8941226
10466946
11584254
7642308
11024214
8085478
8234316
11840532
9934664
8014296
9249766
10411660
7054804
7492024
8546558
10203446
12027876
12175338
9777658
11679662
10155544
10960126
10501192
10615594
7902540
7218418
6738004
6808260
10417598
6733590
6872950
12372322
11456176
8962780
7433400
7492954
10525472
10612898
10908480
10375676
10542150
6877414
10369076
7834402
11677330
6950234
10554962
11022930
7094118
8183352
9249938
8699052
11479050
8912812
6721978
7653640
10079364
12472248
8566512
7883666
7152818
10810308
6817362
9470124
9043322
10470902
8727888
10116778
12247304
7580596
7301934
10143640
12608588
11119438
10116020
6638806
6663992
7061930
11565638
9546284
9477656
11115596
8890160
6957316
8202434
6860804
10336330
8092588
11346602
9052726
8261680
6682016
10331634
10444328
9702906
12251600
10385300
10394608
8795682
7413110
8082888
9863770
8175094
10341304
10851664
9928858
8118414
8918906
9385880
12563678
9917664
8676954
7888528
9152216
8711936
10717098
10384388
7069802
9816026
6781854
9599146
11029420
12610318
8941442
8634346
12317856
9763602
8661050
10611448
10306232
9309092
7853274
10582926
12135060
10390058
10068656
9360622
9865858
10325472
7300680
7714768
8893588
10116960
8633254
10541076
7329604
9736068
11095002
9343124
8690090
9401940
8275582
9615222
11559606
6863286
8689070
10361930
7566508
9922602
7991358
10067068
9155958
8094356
7233774
11276962
9303498
8562154
6734404
9369504
8199408
10709552
12014724
7480802
9865218
9708812
9975334
7798026
10808194
6716906
9511228
12452832
9457636
9681910
10946814
8158918
9394130
9856168
9642676
11262092
9309020
6999284
8926478
9803898
8678748
10202236
6650502
12548860
7802092
6942698
9916388
9070314
9804388
7358396
7474328
10274016
9809946
11283658
10348084
6831198
10181308
7805214
9648972
7988880
10763814
7051164
10100700
10710322
12869796
10505078
8183192
9265788
10560598
9262836
8627666
10499782
8909352
10358724
11468660
10529004
9517320
12373050
9564072
9169708
10907094
8383882
7850298
8930242
7338134
9280684
8686796
9394636
10545064
10282314
7500806
10350314
7687584
12594852
9727478
10459432
10264068
9467104
9452408
9497070
8311546
10672004
10653860
7236848
9636426
10372650
7386806
7505256
9205334
7391358
10440090
7574688
7148968
7130986
7812124
9703004
10330556
6761526
10015758
9933898
6795836
9671836
9624054
9903140
11915936
7656588
10660842
10747402
8028982
10163908
9144182
9184486
10631788
7336884
7345462
8606822
6980284
7521362
10106460
7853914
8143614
12154422
12633414
7590792
9568618
11263798
7333168
9546418
7693776
10855328
8436648
11037754
8668774
8440752
9628178
10356408
10952000
8171470
10791634
8924564
10540006
7937690
8574026
10070904
10046700
6898654
9157306
9049836
6946684
8401800
10340314
6669880
10061164
7159870
9065808
9695588
7490484
10284406
12805084
7324516
10882580
9689692
7300328
7750590
6924918
6712468
7629690
9457456
9435472
8281416
7800626
8439698
10398338
9097384
11715970
7235124
7750278
9911606
8603640
8204088
8804508
12366188
12283690
10195986
12116362
10497198
8023398
10073316
8290780
10780186
7763578
10794454
9624846
10619414
9254558
7078724
9838942
10853272
10418296
9630828
8651100
6758366
9695946
7239258
7318756
7771840
11268776
7089192
10127828
9367378
8877518
10340352
6699790
12631458
8542050
10668434
10499920
8401898
9226392
7822206
10305414
6781608
9274330
7828182
6991946
10130520
9586952
10336154
7122360
8234830
10075904
9087184
6963936
7013328
11761552
8035228
9921308
12326140
10087380
10952446
8644914
6977594
6685978
7770804
6888504
6665744
10762694
11992352
7551740
11298448
8060806
11142904
10927414
8582678
8527070
9874262
8572718
8881176
8954728
11937338
10716514
11835714
9038962
10367394
9373162
6855296
9506738
9937172
8165178
9103016
9145640
10554816
10462802
9093936
8568466
12180964
7058306
10896394
6820056
9677306
9526604
9580710
7430672
9790646
10552968
9258570
10443936
10258438
9948554
11151868
7932482
8432298
10017420
6869668
7829396
9846872
6712812
11414820
8299182
11187272
10297978
9151848
9301908
8207610
8752828
11625488
7649872
12321206
10514950
12226212
12523872
6660922
11707506
9527062
7684816
10434334
8072052
8720466
8507052
9271704
9423798
11147652
7766320
8396862
12269120
9969562
7348950
9305418
9257168
10911948
7787240
8340542
9303340
9867482
10741614
11182128
8042686
7261290
8960102
6785756
11863428
7400304
7613650
7651992
10662524
9516838
6687032
10391974
8517770
7181480
7274198
7043764
6733146
9584902
12333924
10774882
10628140
11603248
10679810
7554038
10519022
9079748
7141640
7191488
8685954
9907826
9193386
10582352
10483542
6810708
11454106
10734792
6782820
11418286
7263340
10706260
11784214
10871808
7479904
10665988
10334792
10139856
11037434
9776732
8914280
11806808
8671122
10518230
12079890
9260786
9553002
7445470
10879768
7469778
8015294
8476840
7686748
10162292
10506992
9141886
10065948
8827840
8016766
8573266
7100700
9426034
8573164
8211582
6787524
8199236
11370426
11022274
8037236
11878012
12367176
9025444
11244954
9054930
6724944
7749762
10988252
8104742
9606836
10325754
8503582
8284124
7864576
8350186
7060140
8827772
9118678
10953132
10672706
12789076
10027724
7854512
8394468
6785232
9620778
10866398
10310002
6841366
10023274
10574574
10648302
8531776
6880642
11826024
9217162
7133976
8356752
9959030
9627014
6916308
9102096
10276940
7226574
10088142
6662126
7135742
8894840
10720264
10581916
8139860
7986064
9337458
10593020
7103594
8242736
8047262
6879410
10647354
10987574
9589010
7594934
7590486
10736220
11918234
8194098
7037440
10073820
10852176
7643746
7769800
7154644
6789496
8200076
12467940
11015884
10839780
10347956
8769084
8232552
8908642
7126870
8068012
8240380
9019050
9585112
9245140
8158966
11238218
9127240
7661886
8845816
7179612
9431884
10145542
7329452
10275126
10824292
10503950
8373346
10142404
7451320
9759486
11820840
10457532
9027570
10013818
10369794
9492748
7193244
10042024
10151070
10439028
12304150
9265032
8158460
11764780
10432088
10169390
11462044
10583586
8674884
10638812
11413252
8734230
7497304
8133686
6977246
7871460
7928264
8487614
8178292
11460738
7586566
8522544
10780908
7532102
8688300
8587570
9539534
11226868
6790174
10278044
7861954
10627058
8455718
9139642
7676744
9014432
7240122
11502958
8344672
11282888
9348100
6829680
9088842
6966158
9759386
9370768
7432526
8149696
10026114
6713936
7780994
7233514
8736904
11394590
8690784
10925314
10689964
8623286
8418480
7248958
7308034
7063316
6672370
12259874
7586614
8828262
11034826
8428826
9806854
10502674
9447640
11393600
7072340
12703046
9416876
7300638
6889344
10017946
7719712
10445944
9780356
11017682
10624396
7113334
9122838
8818084
9473132
10237874
6802924
9491232
10104068
6753456
11061878
8282184
10076734
10529714
7932996
8361930
6968454
7867132
11114436
8999124
8176022
8188538
10634622
6828584
8560498
10784074
7358672
10486896
10871144
11129374
9068474
9904720
8812710
7358700
7368560
8045180
9564196
6907090
7437604
8669194
10938522
6932592
8841316
10043464
7429236
9629460
7613066
11087930
8637806
10497490
11114472
11633868
9182152
9485106
8919178
7147440
7210370
8056648
10183578
8564978
8602662
6955750
10342586
6890232
7220740
11004524
12274648
9923288
9897074
8922772
7858646
9986828
11248786
8931724
10073392
12623844
10529548
8824706
7511702
8182200
7941236
7402836
8337358
8254482
9068666
7641750
8625594
6675816
9982908
10655982
9356994
10940752
9797394
10104196
11266120
10016666
10622754
8989140
6737712
10379192
7458598
10920374
8966122
10704686
8435094
9404628
9803546
7989566
10239652
8395318
7117046
10092976
11143996
8331130
8636236
6973882
9977192
6699096
6826858
9785230
8987386
8048288
10139826
7516474
9861020
9513060
7696300
10354158
10997804
9287204
10339336
6737590
10164556
11747572
6707580
9691452
8306516
8514464
10416668
9866908
8857548
7125618
7534834
6861502
7446158
7126644
9414806
8517978
10688706
10876540
7345876
8771346
9577826
7536168
9705376
9924330
7311396
11033980
6658788
8958490
8577682
8398384
11609684
10135454
7210454
6746002
9872978
7772188
10869146
8219790
9886024
6671138
8496204
7179650
9445798
11682842
6806856
8394716
10169480
7706406
9873062
9171296
7033140
11103520
8848904
9024254
8704434
11674614
9958228
9511920
9953996
11104152
8144140
7108742
9042974
7448254
12752152
8684874
9496544
8396258
8915420
8744276
10597352
9380712
6660988
9123494
9559658
7867604
11099264
8197890
6741172
9617360
10090440
8165672
8194976
11055296
7555222
7487274
9197534
6768530
11209604
7490246
9497568
10066814
11482212
9351736
10584930
11314196
7352266
11825434
9361038
11979814
11395972
8261268
10695156
10293090
8028666
6895052
10010516
8979044
7537520
8124590
7865634
8054218
7348814
9558750
10206762
9783342
11651100
10085578
10807436
10624762
10434202
7820368
10015514
7581878
9604816
9399800
10088348
8312818
8449112
9867336
10073260
7315308
8591538
6670888
9324740
9461450
9404234
10150624
7956098
8340840
9919418
9179162
12453922
12154082
7347012
9524704
9843786
11447018
6922422
7640764
7321582
8028028
11553890
9109498
10757260
9086990
11433658
11747692
10234648
10047934
9100584
10440512
7450022
10679702
11547966
10398872
10072634
9501852
9507348
9772656
8223624
8196000
11430168
7768510
9319194
8793756
10579508
10516130
8813032
7854016
9718916
9850640
11143950
9026950
12624722
11198694
10262248
7956854
11848990
8791572
8010840
8920728
10410870
7055568
9979724
9429488
9463080
7308300
9142848
9442222
8536720
10000214
10390630
7254626
10930726
9904898
6696582
8911740
9785312
11077842
11739504
7919378
10956522
12201166
7383568
11368018
8018982
9062808
8469044
9227110
8059828
9577518
9325652
10780852
9430682
8944954
8327600
8656272
10874796
8773588
10895222
7263440
10787706
9183902
9980182
8967190
6828496
8609590
7869146
9303406
11814132
7253862
7032136
6825138
7206512
9314128
7792126
8810858
10901700
9094644
6737088
11441828
9730776
10692370
9929936
10930936
8012360
11923950
10861476
9356102
11117168
7825186
6745160
9358254
8940740
8897520
9435714
9031350
8658916
9788546
8995886
12968526
10665926
10649676
11590488
6766834
7062760
6873406
8576060
11132568
9556316
11105014
8461942
10843436
8427438
9310704
10709040
8148896
11171642
7364106
8471204
11433594
8759682
6946786
11701846
9106400
11579150
9811690
6731990
10573686
8573374
10278434
6715434
6643978
11045108
7739776
10010394
9868660
7560844
10311454
10711858
9992888
11671286
11280612
11307720
10715376
7527678
6740578
7154444
7942168
9055480
11252610
9997654
8210232
9345328
7883586
9379712
8491728
9211380
9307622
