3343362
82465556
7044698
102909316
32500412
27331796
5545348
13535018
75833666
30412520
24010474
9578846
44794794
65711278
13840004
116568662
41730664
31044764
3260232
9774518
106243588
549938
9210370
104271652
54027298
45420864
7542850
20786232
33890752
11388868
5578
39127842
55548782
80760898
37810964
76905010
39948256
89821008
27054372
73862568
475330
22622642
47433476
134295482
69304506
6437486
9853308
24219490
10037834
56771918
43948356
26440938
25936798
6332106
65212704
18191266
68654118
31751736
177780
131486778
95281826
61731366
70898012
99107298
77219974
17205858
55399106
2052562
20080692
22092914
73563508
25349474
61584934
3904668
89319556
67068358
326352
2995330
21969918
43060846
20766378
62040002
30802554
37316636
23622716
30392564
3846228
6606888
93733500
3097380
90411074
76294574
10576270
2048230
6478290
44888142
39661324
82510452
8730154
46203448
111244502
61264130
41767268
84326724
48290658
980420
23605520
31570754
39807840
51403858
4686692
7647000
55684698
9820916
93664688
27179024
128321770
70513144
9321578
103709100
37974394
53797486
67828212
36933150
13564844
100033728
39700642
8287046
30982568
118485100
51069358
16793906
7631742
26121474
80990508
35750668
45278678
88548410
7015470
33722434
27518888
69709650
34297386
15134220
30956080
3889176
24740212
12989614
6916418
7918460
710196
62011266
47127276
665956
48196060
54102072
52062572
75203830
18542348
7671740
29040764
101758776
12980936
93669654
99030550
133781028
27714354
48281648
2572804
21847676
41860004
32079164
9102726
2932626
84411752
59082652
4489112
78123884
33610450
80135266
17242024
30725578
26767050
10143386
6635530
80715404
31852140
6897804
6454208
43610926
82565002
38044506
12236250
42640326
54568224
94523146
28735660
84824232
51772062
149740602
353988
36183648
18401826
20793294
11649254
28810808
493610
125555404
18026668
63674982
74534988
61847276
37934722
39973336
50597270
592300
52689792
122736
85878052
62277716
28651052
1223080
62212720
34787840
1945966
123680514
95152732
38672032
36568512
13360818
139674358
44371064
10869130
16255088
14843626
79632358
61171194
78493120
15830104
100440258
6890710
165381116
163866
25138446
91137928
65342318
14517636
61696808
92039662
58138184
8076070
71864760
4023534
1255100
103812240
54021012
9784252
8174570
101696010
24195132
125629278
74487042
34155946
84851480
18983482
44225484
53499242
903600
47001920
6112290
5933536
26386304
70705504
25658768
21923560
2190628
1659294
6051870
880692
34657062
154506472
34530026
936014
41732760
69159624
92033230
92335076
106287620
116348714
94239324
103663614
5655756
117490928
53310810
34380142
104860522
3452264
19338304
18614510
11182938
13497278
20167328
69216252
75256794
116037510
66849116
75796404
15324918
4126742
49019454
49318108
5406886
59135320
6811966
548546
1371972
75969316
63114614
38803568
138315860
1006858
11191292
152145700
106129050
82622112
4543952
23541732
97820546
40972150
53730198
45199806
14663186
2373086
28604756
52868326
6136870
25372024
41745524
3177034
7942784
22515104
4342400
40375704
34473614
11866998
26984838
88143454
48642236
67327552
62730392
66776834
6076278
751236
640092
10430688
143768186
68231074
23629222
1235456
49079798
67179978
35980482
66222144
31986230
27811754
25990934
30603010
8757776
128478302
76105806
28210608
143845638
30241194
52035270
15871250
71533446
27956630
42434972
27353022
1044876
142083634
542854
104743702
1399080
103142190
98664890
154769744
8934470
22438800
4106818
59575986
99170198
3272182
94343048
10769098
35761532
9934756
869352
25636324
58433698
106243000
20652600
32959678
4475136
19265406
44395552
13246072
39240258
46307886
6590388
731032
121776654
6982840
54090784
67383392
48361352
62335680
94045748
74311274
95796370
26246866
28959746
34957500
21364514
7010098
113016112
5007396
65494592
83124542
10252326
89670312
1046224
73322318
132145544
15425450
52107054
51294360
70279160
91625112
31447516
67070482
8597296
28588094
8619146
24095398
32748
2613482
3389814
10811804
156617448
35096988
69367990
7065692
79044716
69960260
81630250
44886992
51087276
3258206
31031078
57257924
5356144
129836982
48164220
18817648
113713340
37688464
51075724
59047182
128866774
50101424
59333664
6834520
84461354
531318
42419942
47853948
106715722
1703752
80951808
93811820
64371596
5335092
55056634
16066006
12050416
5406814
76220096
69572880
73261188
20352220
15160030
14084318
82787092
42240908
1365708
67901152
748752
77617482
76442348
45167158
39373778
89063922
59839290
36008610
16734728
38113178
6080322
10644350
108946180
99456370
19816920
2955850
31842016
26494656
81367314
62334932
2651334
83485766
30601648
1508932
5904516
92431962
13898470
1923902
94497384
3975804
566716
24342200
16808372
23747144
62747092
101256562
73330810
15594294
47224152
13212
86898118
13858424
102058384
77869672
146829322
36918074
102309622
29561628
138035578
14116376
23938500
2443082
71505812
45471730
17362148
75202686
66669098
60384830
2945764
11360546
43943056
75424104
46854134
8941604
88833468
22160946
2173800
22530182
26445106
67794290
52296104
16275314
46027730
23532154
8684400
1932874
23891446
102717720
23310288
26570430
92153312
81047004
113508594
20213282
125333608
80299540
5349614
84645480
3546986
70926178
57790218
2152526
59185530
4131450
24134974
31265180
58992716
49140518
106577206
59296986
73409966
10844086
90362578
61514316
58580570
41822236
98587178
114733044
22449434
3663320
58208700
91453176
10161746
139623532
144409064
13279246
45784840
12047926
23266368
82897928
33098274
58125986
62830668
106434964
55171286
76231190
111072754
46615602
70824642
25916946
58331890
67268426
5379554
51367848
9236572
13670094
85778304
7333814
73770530
62178558
113799088
98218844
23248216
66930960
29785684
80050210
117153350
86663030
54294880
82082228
66767836
17855606
120116206
14453656
26074584
53869694
66702308
9312664
2128736
44810774
52997710
100064
118631558
11765278
13376744
5360594
18154006
7117920
55489740
28380580
21924544
41528590
78752876
76388200
56865550
27716970
12326184
41291110
85290282
105415808
93190324
62710870
3902144
114849848
72251342
90232162
108018528
64907414
299948
63026784
42386012
99709618
45716966
10284038
71516366
272254
35948166
7828960
85879264
28138208
104612734
27922654
14965768
42339052
53747880
13574786
27739348
38218288
579786
77592550
111212402
136331330
2667482
91576126
101721842
53944156
37162058
17456118
28551274
76353366
54027344
67921804
37172444
82760438
27962408
39114
17164584
55114210
7322766
32147770
103261754
19789826
43034430
112594314
20792938
18278514
85821558
32136024
43591898
4571980
2388
12809814
17334530
72875876
14635790
98804842
80391620
36662718
52867102
99295006
47944420
92551426
3342344
81211334
28547464
59432420
50928102
56694596
90160716
60502334
78625580
40491956
120488816
160100800
83355896
62387338
111512228
116418430
29379924
21895828
15263770
32585040
16348728
52878894
21713692
375206
2875510
21585664
18055178
46654040
2118972
45375224
20280788
31547196
3388274
4069714
76671738
37838768
16778488
40554106
29991004
9191700
75146704
109933770
67451408
21408874
31533166
80817396
19489710
64081392
14694604
73885746
51548498
3810864
3052034
106960162
62408946
41743546
24071912
109781682
8458336
2193504
33571664
18299492
6955326
72681826
25190748
85518242
34920774
53162304
28402820
8664388
118616398
24333750
102875298
82255492
3465622
69628882
15813944
42266908
158000998
73365270
113000538
8145224
62061476
31062784
37921272
92635210
97661984
1878380
39149412
55526992
7438592
4134292
12945046
41082976
7045346
8658918
28126760
12605960
21288230
11390386
106558390
12585822
49121172
14202414
54030958
52805472
86976198
9740094
950758
110756126
83978
64334634
8963338
10038532
79447152
149920
16847456
84389110
6546110
26648180
26902570
19210912
1155234
17301260
77808960
11270190
109675978
16627816
35359772
89372582
24696512
51957484
63732908
82975164
975078
2595436
8272846
86572600
11243986
22702146
74308476
16604980
9878840
462614
103973602
47398408
414650
25093210
107302898
85310196
55539260
62542864
7446318
4935554
55640010
92102048
4885700
13386560
7991746
40718538
35112612
118004364
47200500
5903932
7040986
73743890
76522924
39243020
7630210
96059956
111866580
15929052
58589758
62754422
138754338
27304960
36454166
27896974
66243326
93200864
161906862
20010912
97189170
125521178
7818792
85387974
250674
45281120
13481582
113083042
39314786
9623508
30717110
43202066
37440200
3993590
2436810
28368836
88548128
216056
31727276
44043636
32247658
16965980
26166844
30194042
30851182
79914242
24276
2337666
21548562
3244862
80249636
233730
52710612
33138222
31682218
45688514
72665186
5018900
75408696
53981416
1099706
33964886
1822538
32098106
2224934
31296118
74534036
83959422
30146160
16590478
14322680
57343334
15852108
34386640
44986968
79786964
57395144
79318024
19972918
25588134
32308648
24401490
16281336
32205466
81027186
57268250
62798174
28321796
69720766
29704944
19725626
374874
94075754
68222640
20171606
103796090
3138868
64420658
57789008
63793476
2418356
36073940
9169414
56580406
13944896
69198548
82677282
121171110
84974330
2174
119801546
1408856
151739026
23830550
2183794
43512690
16441758
19792712
158108948
70282078
53726870
87793084
21041970
20990330
99829430
49566238
6785246
96516918
108736532
75475236
100889422
151734596
79213922
40612826
69533608
32562862
171622
129085938
6529866
86265022
94758566
1206876
94124032
11706728
2582226
45199776
457302
4263820
7173108
33101488
55749048
9142844
31743094
3886762
103019188
21766730
5321942
15785180
27817612
4771846
7218802
55689890
79415940
133883686
46960034
30287818
44190920
10450210
85736472
28890290
13265882
36594126
56159852
128716168
28806816
71844400
6065188
15779486
54155442
84181670
35137724
32322426
7009814
2443384
5656274
5701856
121937116
89204064
31401500
33113336
96167828
94313514
10291130
120937074
14933762
105670368
83279108
137251814
53511762
71909578
20731412
79388692
35765376
60348230
11017718
3159936
76290056
88829456
8339182
19418144
41876248
126495926
73751036
22489816
76840090
76005288
18908994
1022046
55340574
84074666
6680192
4361344
95486690
7147000
7848906
55466004
122298908
5116786
33031326
111818784
12856022
74476624
25752
1271496
38976022
44827596
99951506
1846080
40869108
45795588
7562860
33486858
10744548
64028598
20716572
75291846
69704330
59618750
3702168
66536886
120849034
56923380
50704384
100260640
183038
20519518
58206956
10160024
47872748
146327654
105511204
97390836
5333284
120775398
729030
18839422
30873722
8459884
39239408
70926530
82715564
14066868
133114472
41782902
69126920
1659234
35913598
959482
29809492
14041640
21123160
21731038
30977578
92120266
80561504
39594436
17146684
133716598
27482708
66848566
77209632
29047936
89239662
8501348
115044848
14480422
48713300
56787592
96896776
6723936
1456300
3714670
82202316
34781960
52860380
64750592
21469358
16986468
127944034
39275066
103940200
96719050
77715332
91561916
63415426
459036
95540200
79767062
68288680
153415138
53428726
53703554
23950284
48356988
32976704
57610490
43963478
12204914
17320138
40068532
106567388
6586226
104624490
59200540
1470452
23721538
6386974
81452860
9978484
93292580
158117834
9026400
7546064
13508450
90470428
3384000
66180664
48281740
69794822
17763560
58221542
16083116
51185862
14762708
6427252
21238846
65620980
24453370
9924140
92639692
3695304
73947748
717148
54283478
24785550
76669730
65440568
121937258
67757456
51204780
126514932
23878654
12469804
41646552
10415746
73835428
23203720
131759796
42259848
17477710
53743202
1560792
120497380
1786006
38671496
1683924
13762424
106690032
48252876
86287892
8730340
9852908
20491058
81812672
52189618
39220660
119072958
99487992
98309796
144887640
126298920
77512150
33027190
117065632
82051988
18868704
72867710
4206246
74546376
66735964
93608972
70370388
5732312
11714586
2193304
68132210
53972096
20791942
36871420
83662332
137869154
45271684
107052
21626380
98694930
61499140
89862778
151140012
20512548
19697054
58776444
82897096
25409804
79388998
18563616
4349432
12378148
70851594
63997228
53399464
44844868
40337178
107052316
73482266
27134286
13290734
75821186
60602020
80822650
77945406
14186198
33329232
94577610
37824126
138434934
93317280
56175198
567786
13829206
2789770
68935284
29162466
15189202
104299138
12405010
78357014
17570752
50933476
1454398
74408448
137904994
93268074
52672258
280338
436950
41671170
31050798
5103468
9433866
48840356
25089640
29417086
61560222
19654192
93318456
82459444
68800592
6247224
40322738
50560366
86340810
20234478
106677852
33455748
85978992
81283270
486950
35937098
58945524
20395390
73079214
50654568
17711592
48113800
99941630
76594160
81213204
28605278
93680620
2947770
150194358
45031956
667800
43794698
109303810
25111804
16105670
13324254
4798102
12474880
10159762
27402688
17018926
365460
1281800
8539036
5906250
16465646
9880844
85141358
96414810
101134046
37015726
24200880
6153222
28831250
12197080
36108820
10924386
88572218
2089478
51862676
42079420
54804700
6137688
7025176
74402372
64302524
37399256
40656600
389604
71659378
39395748
12300
66856362
15807638
16452010
32349502
52976588
39648836
52712994
46440194
72173462
51503322
3530534
61302718
63120198
62042064
16285870
84097900
42604134
3561368
52799010
34224864
883698
95878772
90973914
47411644
44267554
107385344
122260306
41443458
2379692
96772648
49727716
40406024
46655134
5225060
4468014
11286652
25390158
3101408
340030
47304798
7086476
105562326
2311858
65364768
56976340
15800102
1788748
3694742
130320252
124210474
40519930
3506752
58259120
94164776
952454
108823298
75889748
8616856
51250418
13773224
6188812
10082728
56807086
1489034
786594
115473654
32536828
84386736
4861846
31748646
82030384
77865388
66221260
41550882
11452026
12309830
80345518
26183940
31688854
111530812
99400968
2283692
799440
44217670
9020146
34573656
77704990
17891840
14328392
26798078
67702430
71115314
42208822
37443720
31936636
6056834
2110584
98837086
33223916
422568
63058894
17705158
96237666
90707236
259558
17935738
31070250
82068546
12268346
72636238
77477264
12728136
67682294
32799468
4463046
14642552
95879672
12020262
14394660
2312496
40598952
23554974
119119898
118403322
73359572
143041338
26356780
69274272
77899588
34702676
89288866
29865870
56066778
45162008
35819910
23529906
15719868
82796210
107154770
27274734
7225712
86642688
77191142
118518574
60771046
4602156
51668446
4046130
12546934
70802604
35327636
26450790
36970966
157442594
53966936
29775824
41790338
137171708
16219640
25239942
19238630
17244798
1228680
4146378
31319418
55617718
117804524
92920758
3637868
18474514
128595912
64364146
38209226
52186164
64776808
123706
56050080
29941712
92655386
17665292
21611206
4238166
1987804
12947906
13275514
10119026
131476480
2101958
19140466
11111440
7557054
72280414
2291922
49233484
1503564
35932644
97287344
2842570
1533940
35988550
87065454
159532194
37563484
33019108
47972584
137169146
17044346
22748674
24792746
41401246
18859686
53098806
15575704
50707078
22293628
4304224
107009252
16330014
4147148
55818956
29736182
16552372
69909538
45524964
66239652
2306218
14555202
13683062
25188924
70382782
9807198
14981458
65737630
51590232
5062986
8823576
33160146
34988532
36145850
43216438
297532
81977564
8550302
123128492
88641214
9866570
102960862
2259160
60422774
72403854
72007134
50560510
19696400
58169530
50354918
57894336
90063296
11202912
23309764
88435888
12149126
60363492
7003878
43754308
30114922
144659768
55916940
15017800
9718240
68527194
84752638
31827522
96841044
34364612
13259858
85338864
50602880
20072730
18296528
62677730
40666364
82351306
39190640
74940854
24040236
18046142
20361302
6154132
78934888
90794476
87353450
89478876
65121832
5760134
2933026
41751038
6689346
43868312
48683066
51116716
64781256
7438196
548636
84720550
117688670
42344388
850494
1659940
30483380
24964358
4869950
74812428
88293484
149588386
16511168
8650880
85728844
453276
55399480
76922616
41036814
98929396
63172310
16554050
263748
120320594
28745806
38522328
60555250
18081806
40785200
23201774
33337334
3934574
81826636
67638190
70692380
20168086
12429260
33702318
4533442
31710872
8520424
63638486
123172722
36113424
77852930
18845922
29412758
37947040
110188704
97091278
50878940
109159154
66620508
10377038
12528050
77133080
51080680
2852328
2410902
43844690
124078720
25312652
30300990
579154
47939852
98180666
74967538
84342900
77235874
2708502
27332246
43109590
120129786
69673936
97502962
50912122
4499822
30089790
55473682
65916482
53766326
17878274
12231134
27244144
60383064
86875500
147897374
20598958
101219868
6922842
3516932
759050
123291864
34688434
128779576
3636574
82555894
9030
22059656
32165426
73181826
2890
108979680
63995028
133300306
90221762
5765262
108754374
88539054
49553362
7803738
7918202
3152176
47112274
9637788
102670966
3868624
16072804
2074330
9521460
35639206
12745752
39444038
3320822
27161800
48114910
46716266
27138780
2134674
6304516
104912050
15163852
44992258
18981084
2028260
84018800
96478052
8028736
22703758
2141530
5618624
35902252
40470184
2031540
29825450
77159294
3722368
29490802
86676942
112769020
36464544
14247620
22386188
152359378
30327232
1938266
10943008
59008884
57027302
28520046
17544034
79449008
54185162
78163518
48031974
18377404
26941528
14340922
10458646
27079574
52282594
5627628
32014824
9492392
53665240
46112992
72875572
81362374
23577008
3416554
64329382
47601634
15699122
40106552
74961026
22653788
4427710
103839228
15551380
5704752
94850454
901106
4321794
907054
43866484
2413760
27074260
1797302
1690684
5611204
48587922
33787100
25548084
61369782
61372692
1934652
40290576
23742300
103224222
22912310
2135758
1116194
86178052
59389990
50206744
70982504
52825788
87403314
73698042
16422738
21776666
20107144
66392112
95489782
24945192
68756066
5911584
87489406
545044
86853288
141112622
33480136
9950202
83538216
94847524
57797552
110780534
56559086
140531780
20955448
57600192
98945190
78338314
69235232
4219834
31348814
29742170
12206760
2534280
82892500
101915864
65133204
42653720
87534248
13722436
38164650
58220088
30728484
31728056
133288442
37357776
17486032
92467892
103092576
623142
1326096
123199502
24901352
26785634
32026872
95027858
55529200
78265602
29878142
2952318
83583156
53310668
97256052
23699768
35059966
112091232
74459100
11091272
134283188
482186
65242954
7900024
83837290
2780054
5219568
70565916
1282352
39572150
104667406
44494788
26137274
125084258
2852256
22980788
58397600
108731920
65617528
73695052
27860158
912092
30253968
17041208
84
2156802
23520266
30146066
27169184
27002370
15980222
59766314
58042728
12581714
3411044
12443996
5077312
3205806
18306036
79112
30410552
3104960
2418486
81812762
4774382
964090
19454326
48922038
65051432
34938848
24743610
20478086
11409640
5067638
21839176
47329962
8267944
46153768
6800564
63999386
105331484
37715282
48646588
127249716
46449274
10957976
86216706
155604606
65193218
41506
32586994
41458952
84424976
35964050
40488834
24613548
55726160
28023262
31564440
107831960
25897284
41225012
5921954
72512020
9506646
88385576
84757012
15714908
48935642
127285540
34462698
64898094
120345370
49992006
102574090
132416556
21194342
32358594
35449186
27384906
88814348
113646082
56682140
69640
131089312
122377474
5215376
62889986
25228864
56885616
46129948
91573190
84593404
11115326
79969932
24404522
14504460
58022108
144302166
7780500
51390916
131126922
45188012
60432226
5692748
19867930
91441022
27758912
45670252
15345832
1211478
137841394
17058840
35792040
84094486
77148880
19928966
7167490
61552450
19765586
52967132
30289090
41375574
113165728
29092446
140199064
759980
49964284
914614
24944750
11678750
71159676
12374238
129211230
10116032
42755492
21663748
1359418
1710942
54238564
353618
71628684
78068044
30632586
52010312
7460690
1043454
19041230
101388728
47746792
64898668
10027388
71902
14815434
10658784
107936696
55298004
39798196
141240470
37171500
30452556
7325564
12921578
18210614
48611508
13559680
62132202
102529342
15094646
19624954
47452046
21336764
16414112
84295220
37039210
8256758
81775582
30090252
26434262
109652892
5839522
693144
46084534
81530646
87529618
38811790
55064514
74397136
40124324
8268524
1471572
8254912
91333052
13700978
54912
253474
6362392
2648392
39116250
12179986
14060128
118877998
92886420
63460744
17039382
105269232
49113620
45492790
90404662
23373338
53965664
4346860
61666332
168632
75569812
71298132
60294756
4856610
75481508
89644658
16073444
70789608
8748690
46372342
112070536
23125974
102002452
26829142
7807204
64387320
2221180
14913334
90483164
18864236
6742612
10744548
111038958
2180540
80391236
23016164
9938280
126921402
49717546
124725166
17853978
72741472
113701138
48593656
78752826
86214410
49702698
64018444
58909858
82074794
19026528
25798018
60624998
73246418
6466064
71485660
2231036
80067222
87706344
43729160
16611994
52938620
17320636
4269140
141605090
5732872
11951154
1547402
12216148
144007440
55490362
35154702
6209884
24530
7552154
89865502
70720378
27464996
1784146
3152708
47642812
16661998
14882896
90620568
3197728
8147886
78041942
2328098
118428308
8876486
5904988
11807626
113863588
30318990
20662848
190004
87760242
131527644
29986924
13658380
76462728
18404068
7456010
31117600
87313976
56001950
15205686
16434624
10807500
75563210
104960404
50866070
2453416
33416530
47124192
61539370
1411678
20294744
37615926
38547498
4749532
15527866
16353114
78021002
26166734
57061402
89960344
128755818
16671036
94474506
35595758
9797484
61891468
56882020
11476884
80817528
20332560
6045370
56868322
9664258
11392032
105090262
14430210
70444220
58378142
38848382
17605094
70846236
14626586
1057310
28483550
41185508
7164562
4185984
148681360
79750762
25931884
19975812
43120650
23024814
76596142
39285376
6639078
71467816
21223390
35495214
51492168
2288796
89556080
255938
106770950
39916378
3877664
4297228
141501622
10331440
4385356
43750134
2001166
34415908
2401906
60264840
15902012
119640088
81399368
5421514
94326236
35652538
17176438
5084480
81000764
38468370
67357172
19966402
21142606
737286
3216948
99154216
5810600
18635870
8103206
9373812
90772320
24860268
43717130
25142430
67064366
39956956
13575514
79502732
114873286
121943550
52177306
85766374
38382230
80226668
11767244
92657814
67194532
76502292
6996146
92128696
103207100
36019080
2381752
21262864
90129038
60917788
54779282
7628658
13979646
16676746
89619178
28443994
10041978
44833222
96046100
5353708
7127350
26521070
5614210
31817490
50316642
1581612
85387974
81027746
8972648
93109520
507500
31350828
28800840
49975260
51872248
42262836
79479668
53853294
4581980
115494996
94587226
24597376
28267240
7892860
107901010
30555336
96465748
5972064
6689014
58373040
47758338
7748190
1047274
4214554
41182508
73924526
5708106
1232014
27076764
130130
56762862
61949014
2124852
37241428
22091800
26059452
97526440
23084850
54904222
42691394
1403786
26523114
1845208
1381702
70728218
131277924
68962568
5666900
9093650
55998318
54495478
79343988
3545172
3079720
122302782
82826514
48579488
62339716
129486470
27793972
55902384
511548
29958478
127249932
67692018
107281524
17737890
10483834
508056
37624230
134909192
76765066
25277636
122894756
42018210
61092926
136287350
54912032
650956
112612116
1749204
29483836
48905300
140097788
132104080
7736420
15191566
22855644
70075240
121609054
8694226
30615156
5202440
7596810
8467148
39712506
5514412
38064040
14446182
47386668
42480350
113459928
119308010
16213990
31377690
16536250
10778096
86878052
69816508
1431692
11353910
117735304
11873440
21003518
48535684
15248466
88788894
17903862
45113806
2552622
9257486
74056370
97263574
86735816
5511996
54281224
31260124
23299446
31451770
66953830
1579534
11184052
54656928
30898582
93873064
53389878
19262096
82407430
6900472
72479248
18154166
10851872
11283120
23050470
57684382
29918122
66180248
13210902
36672214
96861706
90897182
122916218
12222422
98088558
12876840
67849632
109940712
92885456
120693384
973880
12557954
62461472
39060628
74625224
51871042
11222402
1497930
47741328
11988122
84685072
60580242
267644
117070070
81606434
1014052
15225980
102927776
84582942
1277000
61464892
90246818
3409694
66812354
447196
7864782
140243302
106562
6014050
80970020
38388032
1296552
54400900
89363276
13023314
4053032
9552340
83376938
36546260
77560520
78306
27261574
106206836
71603954
15523594
53750600
1073048
11940560
100573496
118584506
6001966
56596736
23205848
88738954
35833730
53555218
5695774
111196940
6364950
106342310
31478174
2009608
108959960
7231638
31010684
46630340
54143524
46217122
33426266
70943614
46106716
62031766
117539102
40638292
22221798
19616956
120369498
9576908
67943976
10057540
6744
52099328
61644182
1890736
117683946
6254596
21847914
9813338
34055184
51428194
19028802
30870714
5497048
27037516
62285208
27090590
9541354
28681480
81378734
32520104
14775910
36864356
88587772
14634008
134727686
19031580
673006
16917090
75733698
40385850
30553540
6781628
60173560
7489666
7252732
15364562
91257604
46154054
24504448
60486532
75272472
27744768
76975592
3217438
23623396
12298770
234622
4082824
1001768
22067918
45796822
7193202
60430854
30140936
5197776
31719370
3783070
67988556
74254664
54630250
66390242
97181258
113991042
94826722
110879414
32115206
4224712
10809952
28107660
36689138
50796566
37501984
97185782
45913910
25179014
24716942
69740824
53952368
129986436
90617716
81275806
3763600
56182544
78040150
20170674
42114436
6982506
65258834
100742900
59259390
95674062
108097724
5677886
12720954
6014348
84418194
78443324
68229362
21462486
37165276
58586192
3544004
39864926
23274890
58358756
2952562
6806192
145776740
55373628
19151516
25935880
59768916
22950694
21099712
10404202
13429896
103069944
4802738
1343344
85545642
18239980
27481530
2253894
62159632
60315620
16298006
60312984
202402
42624438
65295788
4626636
11686196
55922278
21908644
77945836
15345920
1803562
5677208
98269956
62931570
116126894
74863646
9628030
20654052
78955336
74502648
77514168
44070038
69956460
54713918
90236778
17626466
47382454
10805482
79555420
8340534
49200976
88955722
29891116
74616780
8618278
55046048
51789124
1097216
94254776
38731602
18230
25497680
14848690
70488810
50783802
19285018
16632680
12456158
39435486
16196122
121239898
2660682
41416458
71979626
32010590
2289032
128971840
20305898
66270266
77494722
4188514
25474310
124170134
110844878
1433564
1106730
4911452
42996016
87126716
104193038
5368640
577038
39384052
58275326
10366512
130477996
66427920
87435984
48105644
57373740
69571546
65781394
15149626
126258096
79236924
6738536
12541508
111642504
10746726
58890586
103239182
6324534
110548186
108780172
16431474
12760954
133019146
5824916
126396634
47916426
109840560
52353546
23138584
10316142
4452308
56399314
76702088
74840332
95877450
38919848
3221156
18762026
7894428
65945320
57255266
87686764
45468136
1107430
6023884
19071076
64784788
34151656
56688714
40154044
20502968
51182156
45241394
32382920
44903498
47400938
73229926
50537966
36799892
14855600
77764194
46940812
3729320
24922254
74034004
34517474
116396788
37702838
2724264
47466544
14342724
65218180
6015876
24769600
123937558
42721870
5166192
9162790
66941464
237800
53607180
6073324
34703424
616970
57053180
18739886
9941874
3837446
30562004
60523584
109263012
23851566
37130452
10279558
746194
49526764
55482954
1480976
40289548
60209292
2870118
23000912
72614812
48357554
108157676
86067544
72929428
104480424
121445184
7868398
64004616
95928652
6270786
24789864
164074
9121424
107277266
114561072
25930104
33471904
90707564
44659018
88786010
2815172
61480014
99548244
36066680
2195606
47868576
50239062
5150506
72682800
89042902
27586794
50708
49838468
102027410
15284
45970430
132918264
63536318
17782254
62227578
48568458
79636868
51945968
11068796
55170970
74123164
111490244
147016280
77271872
32578004
99518770
21506630
55834904
3612424
62926550
45102446
82594998
13603828
100318440
95696992
30752098
101488132
1729004
95080308
12226634
96066130
76163208
36682590
1579988
109877172
679838
1174
88026086
64749248
76890312
99365962
94352652
21668704
50070584
120743212
110903462
51773438
62163442
10087278
73445618
859076
31042156
32981686
57225164
62537998
66102910
5231994
27412458
6675880
65017496
1282410
59831652
64170676
69979202
1908478
67607912
3781934
19192172
43181942
15353114
68971262
25877064
15994748
28522452
6322266
53016036
20719562
23231118
4158390
54316678
31488700
33728420
71663952
17227306
40157420
36686674
73519834
28949742
10235542
40497526
27607332
76094476
16839726
85676
28220770
407456
55796578
19802096
94882486
17899036
6919046
67977510
83978456
25693162
15090456
4281178
27439512
72084058
38366416
72312768
74294606
113881166
1057800
1931768
23328314
10133098
49691912
5000836
3387146
36307862
26809616
40966614
5101738
10811428
62398000
102990828
3272716
35473886
6537854
104727342
91278
76176010
30808814
37703288
81844730
67890186
106114546
22041108
61471376
23233118
55496852
23189952
68110444
1900220
491000
65913570
52453966
140900
68843756
68337770
70217542
50935784
289894
12683972
46539482
95269202
105734356
109090366
19634102
274710
24424004
12003142
66579168
33276224
76257048
23175740
51432216
52681122
14518822
20993452
102450662
21418080
24697276
87105682
44877370
85557632
25997606
60440336
30779298
27575152
33693266
974904
17854048
61529404
47089522
9182516
7946346
1146472
99401066
12752706
43408
83565982
1306692
67140422
18553484
89771160
66299908
88335464
272362
3678654
2872322
92488824
8839830
824230
1100994
25174594
43034296
14196174
58978862
33418166
25858922
38313736
68359630
26075398
2960332
13507304
130560442
29475184
97972382
317242
69415390
35831540
3487234
12276310
253610
55711390
35800860
2256938
117704342
63918222
53351306
86520546
103406160
68045910
81053620
50715374
103862542
23982232
2437342
124070118
29625482
6447806
71449192
72125234
50702330
106668122
64831226
42568870
5695782
124732296
82128790
5036362
25166404
90626066
31488422
78905850
107551556
14774330
22542562
54799072
119661430
10983804
6464582
1374948
17730624
23202926
52675762
292476
77022586
26620390
32802986
32283674
15381162
22292400
16524906
96316768
69515636
78375536
2837196
1609280
2163098
19172604
122792320
100307272
52025386
15472820
20446266
22332154
32241012
35465976
85026104
108324578
90851722
16419574
44073326
95907340
62668092
12972162
14734336
90613734
90619410
34874522
82003938
64004840
61881156
16792710
16748
1771878
8607646
6410576
17527110
19332212
49966058
23464744
56594126
659874
65729640
87147980
33829038
3318674
988182
91671608
31447128
33417908
22440
17809084
70501382
106702390
1897640
54496094
58107900
602766
117956900
873412
54930014
117053456
10256090
3693670
287014
82227926
991894
27439558
30103330
560070
281832
74638434
129303750
34044170
43798356
80318476
35545652
20959822
29803278
3942496
4522340
46125218
22702190
1844400
39131078
137744266
6378562
37532238
86991310
1988628
40417642
83621178
19336986
22489578
85099370
47554726
36973820
58446454
68031968
54873452
15456276
27987632
13853504
51643208
85966092
24752530
28347806
120381182
40518780
79128192
20131156
4301410
28984720
78885164
80100280
118548502
42377722
9794702
36600856
88626584
151438
83459708
8010556
37495920
157800
3027140
69219548
39984760
87776244
58412984
84485732
16231524
32158236
9605916
63803958
80206272
110455736
25374074
76951686
19050108
18707250
52514108
28200390
115895950
31752
225846
46380462
1461822
72931784
36529864
60996242
27538806
67485714
2501590
4510794
32685130
59796964
83803378
71032814
4778216
62174290
119520440
75501954
47036554
25925170
12266338
2995560
30939588
46519662
8267458
2582262
76807218
23616156
22236106
3564256
18463874
15789302
12003950
47570134
20947762
57527466
81418482
133561934
76977744
26018222
57013110
21455660
124449094
86378890
50548208
85236102
18532920
77667754
3503780
100714736
61385690
7104498
15641210
36716202
64462770
48458074
59693794
23233588
42872798
154048432
36628792
131529828
43464432
47648488
46240908
85120928
944836
53222332
62060050
4929282
11845622
17195184
85272062
9437004
38796454
42290832
39957764
57134620
77604156
22928584
82799788
64650900
48088262
5557814
70650388
7655124
8202300
4472264
120408206
6692978
7133152
65670940
66316326
54408936
69179976
15155972
45399656
21333922
1058408
66580670
117527594
3461676
34586
27808676
116244236
40161212
126493754
13360458
85057490
108178430
60124034
4617142
69556516
841836
41238566
27088416
1403230
108602240
2806384
111482838
2845892
33933490
34193328
3296738
119760190
51353472
49036962
14422426
32757132
107500914
39675226
18448238
42908540
116267012
44864732
41474860
6424870
31396848
118945596
5251868
39005190
27045118
4326526
19229826
37048128
39811394
40579120
14220292
79394320
6014456
10002602
2466034
115640932
18831970
13501560
111718634
61733356
70594884
1292520
23497994
16369612
28648950
75680406
19949158
102258070
11064254
4593246
43818552
89247458
8722794
1228442
38454190
92803860
105956832
1883680
53218686
70693014
10779166
37533334
54793876
40246820
82824832
83322498
63302148
21607052
132002154
1176602
3797736
2872250
56499236
23461398
54532680
14236646
20562968
82633140
1288558
12943966
68396462
148702724
94452276
75220260
1425070
112101174
60686614
22751392
91618436
29572220
50285124
11980208
25167856
8766218
28549456
58565288
41704272
8976802
10572272
26795580
48192576
1824708
10990040
78754326
34644300
56328596
25360808
65436752
59415710
33242614
28076210
80585842
92186436
59529866
14408774
29322722
1308712
22138406
8025646
62912674
20535344
16850058
38936284
39862030
3641640
31201006
128045140
38872928
18462872
11198032
59703656
142081352
58790480
30724328
6729448
81016020
2744462
10723582
21839288
13485878
7455528
20706160
141742058
60496438
38828990
61356224
61633738
50241832
45411094
72461598
80421438
48426680
107761348
102044724
4167992
51070804
11943346
85468734
5035480
33060372
30747288
32130208
3016826
36050532
34829842
4596636
1723098
95584070
849244
46824
65608666
53557124
16039380
87462452
16879082
88555520
26902842
60333966
33733940
35386430
71169960
45390596
3824458
7611304
54969912
33056996
19259376
61615332
120577682
13537470
79118
94526470
123336218
76015502
66463916
62289418
4167352
89206948
9738470
20143962
1635378
66385994
21436920
1764770
65805278
109694108
37781350
24030710
76186656
3095168
4785106
12741858
61998282
15789768
87991568
61840558
81383644
66881226
102739200
126697224
5464038
73390484
70800478
137903204
15302922
1933892
94171572
66029482
31788542
42479714
143810350
56559834
3706538
23820308
97757178
51142504
105310244
64844654
25138316
153304040
61304732
42593588
34728374
95984760
68613738
81067818
39599498
95560776
84159194
52463166
5275078
4166558
100252026
31924672
49593576
48143890
21561834
12614002
1751546
56744274
42639188
10881048
42178018
21877238
150758028
20848614
21357344
294996
63364660
23325372
31621392
3394702
21126734
14325130
15469742
88840226
99084886
34042498
341936
44250226
40009516
83587724
31569476
42567176
137080470
58220064
1233032
128302736
30892230
26230666
20167470
105769992
3822968
91360274
22628270
27558708
10766620
34329298
26146372
36234942
62082844
105984838
8008828
5349130
10044
53142160
24304638
20321406
44986784
18737154
22898906
12978894
17689818
41211336
16637346
100890102
24758430
68956460
95725304
42350882
25045638
7579184
114709818
1806880
45989656
101991034
80848050
38546098
110274552
2446598
52040646
80545888
52772562
37560160
28058728
52363074
995060
143029118
74623316
7466
49087746
3380054
80450084
1529818
51676262
49728714
6194004
37793388
27773894
40360550
92955064
47944750
31637700
36104438
6183142
22308430
81860860
17871354
52067402
56713996
35727620
87398554
3571296
38000294
83782074
899992
129202520
1115556
70659376
18930238
22443618
623320
68356158
111442870
8693494
105160680
40825012
87504228
92617946
533616
4013026
38520678
79362766
10599544
72231418
1394878
10367048
11584514
6495022
77149972
61061562
90708534
31396122
4334708
49753884
52832324
18287338
120135864
56232094
4856942
20782562
37950138
102570400
42119498
26805012
7811074
44090322
66996266
40326884
78456
2542600
2395194
109815398
15062090
26210490
4031162
10920538
1953620
126170778
17634000
11668318
1418358
17073370
88106050
109779964
6668036
15452622
52346870
10676888
3280452
46889632
6374144
5178906
102028
60139288
102211254
74196412
9725636
111094726
32288154
22999200
32807102
32068726
36935438
41519102
20987316
38059580
113647210
91204262
27040516
27325950
52203884
78056998
31662986
90842792
37489838
24678008
16350304
2228562
33786176
79119088
12770912
39898272
82202204
54455510
52932112
107914674
1365858
63574878
86490296
17918232
60924666
49706268
1507064
3774188
47301206
5064970
98428542
2647530
2696574
6058292
14693820
19671642
44281320
18793242
66875652
75785620
148520582
31499874
45892
82135880
79780424
67507508
48229112
19281694
66012704
142376980
99300210
96744056
55523582
118570740
9393492
25939392
45911966
1297296
58162584
77482844
76875026
36465370
118746908
51349914
90963200
87062894
13829976
28988574
27119528
6634636
76158658
408640
16454770
19824318
67052766
16199316
127896378
239170
18825916
16299200
20922268
84745968
60646268
44659002
19398868
15191706
3188866
10294346
76957336
733762
76860020
7079900
75123222
4171078
24228948
68322226
46336472
6188
9785218
1731084
78107608
75551292
18842910
94434780
3652960
61048416
77859032
18214088
4546514
11121728
5065114
21386154
71950562
18202388
64986578
129686954
82441736
17069076
19249696
77114516
14095934
52912130
11395430
99545464
32213496
87914328
62880036
86782928
11415270
12380172
64057102
116479186
45236904
2232442
14107364
22164704
61890598
584062
96620534
72884650
34309022
13535618
134744646
114092840
23629938
16575432
134223928
105993762
5751578
28002464
111100264
15725114
56587250
4710126
98657146
5203396
1498006
728104
59388338
66309594
18613396
2772730
92052832
94639382
2626304
14221442
1245158
73892218
67674708
46736308
27527726
24152694
114418762
38070756
122740878
58709664
811960
85107028
104425122
11286942
26562958
49324310
86249206
135017292
24570938
37026108
30069040
8512306
3247556
134471178
114988046
58766742
34386504
9356486
94040134
130129256
32506252
14640042
12240888
3407464
64761628
3554418
90771118
76902746
9167792
97322796
41933756
7475476
8715328
6157578
21053544
28430650
70018172
54170204
76637282
104098012
52380616
104540306
45638046
16464248
45295482
4774854
16588824
15566126
36118272
48433880
29853772
91382562
79803716
152790006
55390564
26567492
1674858
124488746
98813986
26232294
48539366
9468790
21272790
13597684
18081178
110536656
2946828
92888404
17282838
17249140
3344252
7783492
33420960
68021732
2255640
56202176
34270528
32532968
29729494
87418938
11720856
2523696
68099082
51974220
30303532
29246074
129230624
17589354
43323690
24104796
28440422
7475016
16620310
32304760
108394806
558798
29847590
120959904
4088852
57857992
108522560
11591206
89912824
8695064
30755004
114552754
3041672
2758858
6894378
94775782
84770866
3205214
104254880
37388550
61325526
125753198
9112050
3485734
21268716
57910560
5056096
4980078
98322
71955366
20636896
30401004
3885380
52894426
91526076
13954818
110169002
43016538
61257230
25818906
49285778
3255812
18026488
20132556
10675978
42671196
32013382
67093132
72945152
82679528
9933310
8588238
13049612
46154138
123281006
2083052
70457314
10206642
94654746
81509104
40062102
59062730
1236998
88418130
93203694
2716536
15496494
153945830
85068666
12632534
87236044
8958642
143378062
107015712
141147702
99731252
98069762
968172
39028898
52615630
107645774
109944196
3526028
809004
44119718
9640926
867282
4323176
25056564
13851546
92866238
102756262
24504496
68203704
62528910
96199352
34569558
17327296
91684444
53270962
76762282
98173682
71328272
45692194
17777572
62485270
49734298
39144606
85249292
140804336
76558736
23204336
76564976
43013980
92422006
39044454
99895716
98139726
90624124
16207382
64896094
5511524
1962244
49992356
84068100
87653610
3273788
81851828
2904672
3961128
52900220
21640324
5314658
81582060
32310712
27780474
90476458
114499826
32447142
56079900
59092106
66366090
117431570
60540536
27986962
3752472
30767008
94054944
6660408
11538510
24480670
34173714
121072018
1283028
499514
84008808
74729132
46184008
26810406
85425468
52215548
15032884
71866694
2025306
55076372
50275230
103948102
10128586
18802046
50837912
27371836
1355784
11250892
79912054
3312832
93779090
61297292
27723582
52576602
10715822
28870952
57102454
93679020
28411760
82587486
11559434
64321094
66040448
24399524
8815932
73288274
41983556
34945528
27809184
53662684
3824424
8780416
71349714
16526272
41161976
7481010
44051306
72495990
45889926
58086358
66405754
7542208
82961004
71438378
29487296
99217306
2175792
82595056
19177168
61398276
11930726
582286
23149968
93583358
111010264
42585544
108460
151835286
66661728
4876612
43371234
32671242
11721746
88635738
122610278
86
13311786
50733004
26847868
9495492
118849044
70492998
378362
97780434
56843748
15218554
4073738
48959932
1309744
47142622
39336490
60644372
68049536
16527604
36441826
25704714
47830216
1196214
88991530
84409644
3814592
8116926
16176652
37680852
37456244
29625380
58302808
13656
2815808
10291134
15512832
13936700
67281264
127300572
110065008
76075916
7901666
81064902
827316
3684094
13540382
13760396
1530416
748184
89823906
105607662
28561432
4048466
10738860
10332112
345602
108701208
3224982
4437522
2699026
83667922
11102916
67388878
36398104
58040094
66101188
67642384
39197014
13516954
762740
49089182
37950240
27763774
76757918
19687190
203388
30997514
81069092
21921076
4991480
4507790
831234
882646
198936
42391378
35527176
9662148
9372204
63617956
68904406
88731190
11062
129180108
73688564
377484
137815206
64241744
19507266
328096
141325564
77206166
25185630
52950758
7503880
28012586
27049976
6292056
33230370
19979368
10021798
107401950
2169770
43714832
40839248
51052980
87363364
38413122
138446724
115128990
90463706
82260130
69798490
15398576
82072316
92389274
158680
91839416
55498662
43575272
23298964
135769122
35574570
712184
44621376
106125878
33709022
25650554
91991846
70988694
112373556
4468156
60531264
2239544
91138072
1447102
21215678
5863226
59685104
32598128
90023478
13769020
2624530
24988566
47209312
17055882
1893602
13939372
27854080
5741114
109781044
3492192
22635118
102185950
5130284
54450064
54839274
18760992
86223172
57659190
70148894
28016866
5035068
68491104
12099170
637888
103272160
16820296
70520912
83996762
75883120
22672298
56395744
5752024
67779432
100424240
14655102
100226250
4217954
13786134
110887856
25504936
13679012
71597848
4845360
54142064
10839934
638532
4907426
59185002
115767674
121059442
21572148
17100148
8901892
28020218
45409482
8557492
71834168
61776188
72975078
29296336
48248408
120897324
77054610
52212422
21119396
52662558
44277596
70558448
3921694
10165120
64176880
80789944
38120394
13689732
53191398
33830010
3038202
5102846
62905422
72338796
81326176
109380078
33201104
22397092
15475038
108030
89847390
91914446
97018622
28855332
2215698
143045818
24093362
5027984
38003924
53476718
5896708
51293214
44906044
79246090
91328300
5526258
37539408
52807320
30891988
12210490
77236586
44398152
10310372
55649338
39413402
7468622
36492758
22618
34950028
60365128
21110124
56950748
22258994
9643052
2875904
560100
126495580
12427890
16374794
3387220
80350312
140735114
10588300
49017286
60941506
105263952
84383756
67069768
33513052
82403228
15021516
4011276
32119532
1249784
86079970
86618910
70226138
1492564
49150264
21000294
66180484
36790174
84821138
25814878
61812704
48784162
816506
101065650
70569292
14883286
113875294
12171744
98097364
49466784
2630118
2929214
68019638
30344612
91589316
588764
1259562
65211620
857638
51374938
31360740
22402416
28003606
2286504
67603868
81751228
33263896
23096804
89539842
45202806
44387054
7133546
21004520
72348
76319052
2144820
47151148
114740688
75291660
5702490
129986108
115250886
108062414
75937444
66747166
35968416
22055316
81261750
49977836
71593320
46025760
114204292
12614036
69387102
87048680
861784
22591484
38416266
95095752
24897522
28991694
2276968
55378198
24231566
61627560
62849904
106976750
99915120
4109150
91512224
36639468
29192824
57686190
55868002
44401556
30159020
10154154
58454840
74180120
54446822
61923714
45069156
107637310
2708332
54624908
106432188
83386990
79208934
61595002
1950702
7798522
15889602
87691242
63169554
107396640
39839918
12353770
26617964
83539210
70106988
122064210
55912874
111389926
19883282
71872446
35533886
4892944
9011498
15768
367634
19657912
48044596
62712118
10558068
11682644
2619066
64200
84694796
13489394
75892850
121881090
129852210
51305734
34275766
1373060
16931486
90415332
44115600
27498120
27835062
29331734
58701896
10244116
15098418
128295898
22823480
60783014
83622262
37584522
194734
36669242
45005330
108645546
798910
14294896
8529558
16502450
94929086
41251096
91318732
115909224
37125818
52813784
6056136
64024758
77953362
139832
4902330
65995980
102230046
13570206
832690
26702520
117137372
38926010
123696080
35766382
20993880
75100008
93037960
33891602
14359742
96604386
14928876
70064050
2656010
78224976
134414062
39298850
33626780
8869696
10376056
77971712
46392598
15606508
150051730
52951134
13915388
8476540
3161180
83339140
22631142
101253584
4024186
91776092
997844
10880436
3462570
156674628
57396514
26088098
44832624
72044272
5574146
1646214
36786316
126125976
100982892
4885362
30087264
57942274
9415392
4579514
116031736
98347848
976864
93344210
1877096
6747780
26122682
106861604
27857842
10410174
102837314
6763356
17610914
57221750
98283472
102900900
75156784
63631026
59985656
116721584
16019788
59208180
62733460
12835996
109333008
16612508
5087958
7589652
35847592
131233260
84650074
32519288
25632038
23012536
2335762
92409756
21148926
60380832
16339158
19559648
3330308
1926906
1910426
92081960
35548608
1764572
92895240
8948264
84534154
88300612
76428080
1774348
51794530
80774270
84522204
65413822
40108112
53144724
20794118
49149364
68246530
46253854
14026496
33056350
49350328
3783516
96345398
130042018
931874
88996414
77450470
27150940
26944028
89474824
67855786
115521614
32338548
1824080
68149916
25963742
4771752
13095218
65604114
7560158
20219606
14889028
99071572
128024
6881280
18115902
123869480
32931464
48171272
33010110
35775050
60424016
27461288
21321920
119851978
62546404
34045174
48579858
3820630
37119476
4732140
90034072
43624158
161097056
19532658
14985018
7591368
58704
109327396
4422500
2368806
88052572
32768168
121635160
80394862
44329938
58724024
1065328
16621754
10082296
88378478
15571708
16259356
58757198
121008904
52366946
31249164
26958158
3019610
30343556
42686
3457172
21949610
11386022
21376594
108552490
76806966
210030
23467942
98975628
103901818
65335188
6616080
14533842
92482532
94765114
40153072
1151628
97634494
41285602
6475674
28740090
3195614
97866344
82678594
52788222
26660996
119799394
4960696
11823542
56616230
43845346
20648484
44981610
107406544
61595774
51125054
2630662
51467914
20263202
9893762
381282
15877174
94503726
94019116
155530556
37990844
13702080
44209748
51553952
134228548
7759332
90227772
21590128
11368314
94614958
959180
26202874
38585700
4851098
42911432
16438024
84715958
36425096
49618370
50777536
106123536
4371110
34927794
152785454
3510266
103549072
110488834
31468590
47849828
28590008
109006316
64354702
102423096
52078566
3939884
540218
95765296
18763026
9288634
101335714
31847552
107766322
36520842
866880
5028052
27151080
123662
83694394
12081724
15106236
70333998
38017056
95497436
77757076
13798898
45697888
307864
53594350
28711870
17539958
68571610
16985742
34973866
100889470
69260932
39846450
40222050
144861310
23356570
70282060
119734336
52105062
34841900
23551996
48739806
42672340
26812346
43043870
31752692
7831522
32516750
29090318
23573088
135724482
30763110
129582816
28748334
91061182
80833094
29827584
3852978
38514194
97577760
2600300
89755844
71355478
34526568
19720326
2606670
61932906
33758316
11454130
87046142
34066258
3837322
15419504
2744158
9329448
3113676
1033418
23512402
21480332
33733564
86210690
134426308
77084436
26624680
37486068
5577438
15763822
86714336
116899812
115932534
110992322
52965460
21647030
28728110
32795426
2998698
131990972
52095592
102433632
126948000
24236218
13595708
17551006
61422038
9536084
5503900
93873442
28615514
29085222
19015084
83459494
5239820
78294028
2895084
2791940
10401706
92592768
37381638
111737754
33350420
12426914
130782940
58389340
38243168
36650228
38598450
4231448
94010078
82942830
151683498
11633188
37427062
71836514
63499040
82094958
3122266
82058382
43223942
6784448
109636860
2561356
89748174
36984094
4124300
6958928
9588314
44010792
37937346
23188030
45832360
23234954
62282
5573182
32380388
4163386
23514808
4402834
5925576
330448
88412872
71984346
2086580
57178026
14332836
51852158
149067830
1364442
98823048
28951518
150606538
67842176
134869920
5409138
11081904
41963510
44082340
123415518
25936390
86039012
21139498
10621686
56573388
926394
99839306
37878298
281470
3807282
19659200
2043052
34469270
116555002
30506618
30632546
39908224
17416924
3460194
86962430
68613528
104211992
32213866
60736592
18348314
61632232
115385268
1265450
28595098
103090582
88647612
6135950
28236640
67658610
14259894
55275338
8602846
248582
26083376
11243530
59668588
81829978
32120170
6646138
45777754
20930840
1933060
52572380
2645652
106763292
3875298
32510644
46988164
19186682
17349112
147305864
4094910
63084674
48888268
35830186
28429066
88863538
77208
95657734
50205280
167208
68431726
6359960
34174252
87791116
27324982
87971552
17919310
42515742
26349462
49254620
87409830
67520750
4316704
95126
8586008
51573368
114624244
60371406
55100214
70382450
14266
32032682
153772456
41087160
26540180
31440112
25435428
26969564
4948780
34602926
13316556
62090588
69862660
39473950
61680694
43721108
63009400
76882592
32325598
17753104
18895986
54145582
20601546
76061856
80942484
79659180
362448
107265770
23542790
74449852
44157858
42919256
111758126
141391782
12031582
26995200
97001094
1095388
15933662
29194918
18066782
536122
93746320
89342310
28078762
112020290
77917378
14065820
48018766
75246102
84093526
24876432
57575102
2801884
1993226
79744206
4447416
15283192
79428912
6084132
93574096
561892
39408892
17913674
132191774
19547176
88822084
1781096
64124312
40484564
46536820
104520450
74814472
87074188
108692256
8698128
2068972
70440916
572100
16921550
133674362
36410200
130162282
94860316
130006474
131993240
66401300
44554996
107786732
70888770
38419020
48392128
25543370
63374924
25236766
10246888
39681192
6090726
72532238
551460
43443226
8876706
13907302
60979174
36286566
16256892
124463270
95444932
56083170
75325352
53429404
20424362
32327656
74129642
32961888
52103186
19086384
126440634
1527412
91734948
113096982
133786712
71729098
4477686
7983602
8911892
41542314
19667746
1915884
16724510
89250006
125725738
26428648
2885438
8278940
8418616
119911806
38748304
97461518
1179320
70755738
53925766
16720876
6159272
11609946
101239454
63053908
6833578
52462558
56911922
13783650
76888712
34485136
90351866
4137532
47088346
8490978
49122896
12831340
50250952
78924698
24070218
80382746
55829616
21833560
10126280
20867026
62150308
9972100
1816966
133864666
102850340
66709256
48998258
32416342
15473310
92679888
69721110
81052826
43254622
79417832
52124372
122686978
84152946
64599234
967982
27367778
103451986
1424240
64183534
114150706
26300674
71496614
38802918
50547966
23463332
15250022
63458738
76382958
79185970
49547904
56713894
23974470
16839992
1871264
114288176
94434944
18699412
77962650
60254668
7317648
37296580
2977710
19758626
72898026
2759516
25835882
4675580
33211504
59035714
26136222
98226024
23895116
19856098
171292
22183186
59428144
2815438
6827938
39799712
26340430
61860
45504338
26364352
70311100
72808012
44302384
37503482
137755706
14566722
123528948
5500340
15160906
712604
88735238
57162380
31161552
23647444
58480112
23438252
23822376
111830692
135717792
79725914
75571738
3727114
18961680
60663400
50868752
59231000
14103354
4190170
67280356
77470392
69530038
25483460
15863730
7441914
26001522
10107994
4273342
4970690
29612936
1096660
19823546
21396202
56902294
11431530
52448604
86689396
2768372
12086144
10852586
60845382
4418122
28816550
50763510
49843746
35149750
12418128
36848788
78409138
156929506
26240982
5232112
25461024
5872608
104780538
77186310
6704970
68794798
8874568
39543982
70455518
91497530
2005694
33358070
54773234
8337822
25586032
44882070
12473140
43662426
13832034
45340292
81820264
18272636
70924498
20174646
22381722
74367914
25627456
49150484
55590
11168408
54783246
41290024
1830560
64371420
19443760
87015358
300
26210196
120076300
117227116
4825228
80899544
116244414
89826368
44503214
44277252
68459690
30346658
107485002
100518390
123950008
53199918
130943494
42010136
29209030
95821010
42867938
37938312
47553198
30202110
25514190
72610230
19170414
20272214
29440640
31007720
4112552
26744220
23400264
58322026
56980
2614592
14982008
63032866
65507498
121084834
4206322
96831432
93375430
139409242
2648576
31788524
5323966
69041154
139184126
6148234
73580
20637654
75242420
50031248
9459776
38923284
72168902
84680644
5332752
1194294
13235948
31612528
58040192
6145684
72917182
139814724
13044230
122885790
8210404
12264128
59190
79196628
94454690
66894916
68600028
83988506
151991030
74813540
75394612
151190770
31562304
15228182
131443260
25889674
1416692
8076512
108554014
29729722
36141624
62078224
34108
66608082
1588906
440354
80527972
63900654
12588024
111870822
1946332
21708002
1012010
15951378
29053014
23069188
56623964
18402766
105853602
22530444
14058380
132398884
1661738
3089818
68321080
88911244
14725214
96583326
46530144
653944
90157788
72687524
67961962
4102950
21002064
760242
119230984
12673686
31028066
31349462
72998678
38910482
111332792
57771916
95148066
295558
2331182
4019098
103406
99876100
99032454
61515396
168906994
78156552
17807836
73170472
100922962
14617094
21307942
18991758
4646662
20612292
9940146
35411184
130500920
48009810
73472822
36140834
66316448
15777380
20767188
43366566
104382682
110716492
12112354
17107596
57860830
43204530
1182058
33279304
7212024
71699026
41473870
115712596
96813350
12632438
15308784
85442256
130678
83504372
22583790
46434708
41748266
6699742
9198226
110634028
1917558
68647454
38644578
122394382
75751116
15659808
958426
59023616
29493996
4230068
37198142
96622552
20372024
26729608
34776174
27919432
23682156
87262266
71917920
2240278
8488284
46893326
5544300
47131682
15882262
97281516
92581686
53560556
79528568
23028376
5858080
142062366
97494096
131122708
56013424
96513762
7585548
37713850
4355994
377396
23561384
9481124
16034176
1086708
9359242
103059982
11463336
65099380
55310654
98441978
3823986
19310050
6647978
23988734
654922
17810866
49296480
128782
27453704
7803796
243616
7778090
10943298
93401470
40426358
1387024
94007184
50121580
12100688
90901902
33241166
51035360
340462
82387402
134979646
88982288
20013016
7236418
116301466
24710570
19159918
1191254
3121740
39309320
38908682
94562792
21258626
1208994
105107260
102343338
63304806
4784612
81653258
92649038
69817102
15532992
5795634
71629240
905292
16336676
99196202
51886048
8750006
53705138
94301980
41149738
5010180
43109052
40918820
36299412
16350708
4881518
43775656
1442542
15300616
10241980
78608738
130008348
2972712
79142858
12592498
29133932
21452500
103484782
50489674
44563636
135144
38904404
38560228
87442448
83565814
20580852
46327842
88790498
80231334
160966
86881470
30218802
99686542
26663392
17827196
130658120
70120344
71617472
52643664
4214980
61411562
81939972
475054
7198442
32066
83998406
248562
6758800
41796458
57494766
66163946
66061730
104946336
47849112
71140256
81877892
4292450
67740092
75242112
81218524
25586572
370118
1674146
70208794
6944548
55547112
96593288
33507536
2819880
96311678
21037172
113686730
62805332
298226
3631420
40744444
100612158
39043492
35171484
34271504
23089488
138252236
42211466
68464276
14409888
1029932
4042740
84838578
129260910
2651274
104755932
541744
86490312
114270468
15910406
68772712
47230654
25016490
5653610
84034684
1795440
348536
11419502
6044566
1949318
136877132
39093902
71266124
54222356
29016368
29627036
800748
17813634
69721618
82204334
110437644
95711298
153758
101512892
6082702
33244014
91103860
76171016
11071514
42038734
34452538
41082930
453814
6798032
84574020
3806138
18150732
630662
53284570
10939422
12211298
111422
72164560
62453194
9311774
13749952
86375226
23364518
89180352
19073922
46540446
52071456
6301712
86852230
63138670
75469536
54788820
10244246
6657760
5629814
17524130
102862276
87906534
104055970
86112920
3089150
7458
80764030
126819360
35421116
8497740
91666604
29908178
49054708
100083932
2999986
38939684
15684752
96753548
4035610
38216440
12662862
10206576
21488186
30670956
43120494
103226028
12095552
403906
92514190
76932768
48109276
24501154
34244276
42400370
126348480
1366618
63629494
56238942
6651972
21598128
12842418
25273622
99836612
71125996
6256616
11196374
24091296
4648032
2510162
142490152
44482712
2919562
3690998
3188370
105524582
4151528
74700642
12273480
37072086
27216122
32444612
14765102
40607606
1369804
9752310
127101832
93916856
30871702
101473674
1992906
29774360
108962192
2788976
7369978
61206784
131577642
10124004
95179748
1417106
29338408
1941824
70073184
30628792
75195716
34533604
24121098
8805294
58942132
59615252
47022018
5523862
70745994
105906798
30498038
102079470
61906952
2123404
25426770
54596360
74700322
17321568
62565520
135130580
76624028
15026932
4671928
86120076
40280374
105915906
55020932
83329162
65304300
123212762
8556246
39755842
111614790
23169314
28770950
9851696
3536328
89732146
147835702
93681034
37740222
105577890
54580320
39006688
9155990
89126114
20202098
129931656
89944664
5845604
20582758
84079792
2677620
9274916
7070922
2826752
93753244
86279270
83960978
58754318
79792012
19151904
9447962
80503986
16085066
91035982
295982
4194630
84676882
97603370
76196268
18313928
60467558
408074
17847822
97868020
32796200
3331262
3824380
66691318
110509014
35810890
29159344
30445340
8166538
3734600
62553606
44954
3528876
112499072
68865712
8501344
5709306
2570432
3614836
3593190
43819792
3112958
5133752
4726490
54437338
3761330
68840694
118527530
8407414
64936784
57144768
68744912
20292722
42116054
38991990
46277238
77996052
70700412
6028444
81421120
30785662
32151596
2752358
89437184
5335522
10978738
22837244
50760972
17033884
63208474
57914772
20895662
12682
56823524
49773760
6696436
2618972
8040972
8207742
53347474
5874
47683288
73940854
30743028
83576172
149194544
22671898
28736934
30923880
6666872
20208072
31652200
89423472
103683704
67195538
88700644
83325436
12905608
69127348
24038386
50006366
43330606
14738474
57438150
7834842
49106
97911302
77041800
51309958
101922762
14049754
91790130
42879510
13782226
48718486
124238548
62966838
33206760
89770376
28859742
57340978
129686870
2705330
52592452
50500510
131927214
22944026
67483308
7125072
84116820
7865936
23028634
5516136
72974596
120291758
11912768
769310
52585056
35173012
86397584
6698030
79566596
25053848
85778690
5867994
16611798
12321040
4758894
6127470
1072504
1815240
1676042
36925086
13388398
8456992
54105164
120185916
46509066
109076764
3528082
54419332
1726954
144044
60692028
4102562
64262924
52216064
27606608
3004702
121216000
16816630
1845854
20492548
39282834
50330480
7234228
20311884
19352100
31490504
113188182
12917838
1149968
121884044
24186594
102770966
128622662
103353278
27398528
22279702
97868756
45859940
53207008
43011102
36950742
46772018
18931392
36412994
87184312
23704
16793994
54715494
10294744
75028460
102886284
76406556
51995002
25059470
762038
105758036
6118404
1383912
75636792
60770340
41908950
2962882
758748
43944414
99219880
23075678
72996608
10151888
39710246
130047608
32497070
27012712
52208402
57558616
59830508
41157466
6870422
66244158
34960870
87277202
3649422
79455650
10713264
70555444
39727434
36844450
40654804
28706112
1016958
23007736
48561534
64930096
47690750
6195816
4508494
133528802
2088898
11815386
83393476
21981726
47805410
19556344
3265092
7795034
63110654
57253878
65871382
42532320
12101552
257400
42987368
80211080
20519784
94958666
89723290
55469746
8494872
7553804
13124522
75974478
62842596
11604836
23089756
16582788
121592242
21811018
6361570
332834
105358890
23042788
55099078
96981350
89451500
41774852
55745616
53888064
47376842
67508238
38966064
120672340
121140100
53166550
71912970
150578
32521684
91172654
72791146
33107484
43666272
30783180
40033966
11007916
4814238
71772064
47114028
77087008
8097738
47743336
22283736
2980322
13584644
32719372
69459922
111688110
57360392
12896702
1207102
9040540
11576794
13315834
28535002
31359228
135113004
2240086
55591440
21884834
2034522
7900064
43816052
970244
38129266
59952008
4003492
78639092
68674770
22927444
40796288
49922354
58509670
131222580
120779814
93752
18905466
117335572
4944082
68963186
10734960
97729928
31920574
23541564
18282874
24050222
1670732
59803216
20521684
74984468
28811208
52935554
24495890
12575556
1095406
3811946
11533370
51968726
38572536
58602502
41798512
52564986
88511478
73994606
28017174
1247552
17475140
537910
35111570
66928520
41996402
25284036
118014568
57026542
88833706
31194136
77729774
10568100
7105480
76891798
112808344
79111490
106581936
39692018
52566882
87868118
8230330
73631564
8276964
3228462
25674790
9526636
52964286
110954490
52651134
43515946
124304582
11299998
22565314
28977566
2248300
144440740
4164846
24778204
1024412
4164936
39804074
103868658
2245920
8395982
601898
63903106
79641472
61945416
35014236
2033366
7408446
11573776
3489494
61311024
88719806
49420330
46539224
16651712
48475598
12815516
17152432
69382128
44806826
94610270
30562238
63216972
93913620
16144412
54884948
66817076
26851754
91846742
19339318
6969934
136192400
93729278
92943396
58619140
23969700
2825710
47183080
118577248
16551902
33814412
38996794
10261482
1140
90919890
10989426
63814036
96852732
64474784
120296116
82730648
52959904
11770588
27319986
7192216
95781608
89022768
58164624
1309664
16542568
17515676
3603914
72002
89913440
75216
7224510
38856884
31416140
80416420
48319060
23592502
29200722
132146544
42028020
8977726
24171666
87392572
10937666
5032570
58773660
4321076
117991660
37561912
17220964
89838740
26029628
3366840
3628
374676
2173572
947948
35755458
47771654
11091864
75199012
7821248
21495336
12237806
107170308
34668702
13934964
2774162
65612990
23522744
21933442
5839668
12103440
89346206
7106180
103391756
19275570
122441270
90479326
7335046
3670882
15648028
20666312
20272456
63749120
5668156
33005692
39955684
25715286
44066306
29561244
57590960
19254578
5986454
85276988
55775896
78891222
50273970
28371056
69975324
96895384
18941678
39032394
6444990
35268338
54723502
33490166
22842626
21506568
61960650
31355234
51842754
17341796
128289522
45807244
127228572
27443110
56111356
6032166
71078954
33811720
3003114
42096426
53623276
61676880
11730066
34169244
44030516
32087100
36057354
51983594
60110908
29954274
71177284
32577234
90361092
625694
14281508
72912064
7626140
12556598
54750846
42064366
51826934
76378306
463942
58811198
100617106
110046818
103233244
2145506
7925172
10181212
19992556
52241398
296272
6627562
69669056
13755324
104925568
47998114
46316256
9014206
11012316
88384556
20003558
94159882
678438
72662722
32871382
6965040
85631592
100349448
29495808
101107918
55766498
52939492
19190430
51737254
11534482
8946896
47613322
5681668
36716854
55090492
112403916
64984156
23272906
11959742
8673054
106620304
9152394
3876962
15991454
1485358
641854
16131928
81308708
21392728
90415156
62775130
118715526
99355008
8763782
8912846
85331326
826438
7553262
37835580
4093816
71320640
1276702
87404792
49929494
57183622
62687820
160800
18509452
19542112
39766350
59893948
93577956
39251878
103312026
94115240
59578568
35701266
73087706
52875350
88668452
34032598
135678
2770262
71966142
83121870
19917782
219690
130402740
125576432
46408328
58732702
1780594
50215024
264358
15216604
7979278
839830
15911642
14828942
16839962
8926776
10260198
23372638
20104720
3754870
50521798
90142006
11872404
1922578
8411108
2842328
14839788
4823744
42383070
34940902
617086
7524128
5108260
62513080
44332140
26497562
48778208
25258750
53364690
60068324
2899670
39735950
21521080
128747100
70383112
4217680
20595070
84526162
54921872
10856440
57387576
59801692
92717678
20933948
5529092
15084864
22065428
27792904
45402282
8827434
5820960
1872302
50041856
2156416
22515178
102864974
90168468
7789428
56902158
1040834
98047128
108839242
87392142
47311686
44801430
38511516
52987398
6861888
88477076
456460
5915874
19812232
39289832
115674666
51408804
4167324
27826948
4153884
37979500
17069216
37924632
86527972
43680454
2092862
95626978
31785990
38786546
59087642
64935342
6501964
48430828
25256776
30910912
19086674
31320156
58257986
15984846
60827430
6485482
66806300
32323356
146830778
144776880
56074402
103919836
20710658
93383514
131485284
10953714
13063160
9198934
14613274
57622690
2284080
7359038
11950986
110861406
62454778
4801846
12916734
12269984
19982270
100404984
50250132
94229630
61611030
15643978
146858832
126131888
100069012
258586
65834898
53239554
373588
55399744
92795144
107625098
9981892
16767196
64249092
7936072
144045858
37592506
42854946
50224714
119056944
22858884
579182
8725558
17082336
79468040
83399566
82191364
24635512
116183892
81193232
57171384
19578994
13682852
14634714
97730488
39536490
28650420
48688188
35039732
41137490
7845728
50461016
70211246
38084168
89781656
48629848
3136792
2658014
34850614
19994114
21178410
7389128
110735220
141936730
445594
75305286
87444790
59373388
10778922
122379104
39898626
34995302
37772854
93806266
85286710
29666886
110321030
108262618
8424936
28757202
16166134
70047130
13817604
5239218
18731230
17959324
83634376
5201354
1534060
57833322
25038888
79028868
59846680
150854
55533458
77217956
117865680
54311006
295872
63343694
16774422
26157684
10983432
4849954
108923790
14646342
25946322
77554894
26942584
33082034
72114738
96204548
128744822
41498398
69192
34493674
39231426
84366536
902142
111933740
48817536
99116848
69986820
82835072
17377028
95426556
13387636
111077696
13759196
74601550
29677786
12061274
321860
86700206
36088024
9389842
16284766
66475748
17886440
73129942
78094922
46932578
2840944
89333788
132285982
7817060
52118034
94929950
4145144
50395752
17675292
66644654
21801726
94526
1367732
20114770
73534204
21684514
32384430
68710680
36223214
16444952
69720032
614564
37341672
53700112
138885324
55591912
74733150
140538474
69902618
8391454
476182
16663924
1197342
80703778
58570862
35522458
57193106
61866808
23844850
37658274
23935466
20604814
115209874
122241668
68037112
8924950
26339728
1502602
48566124
73335284
26096694
7857114
28017746
124784302
10909552
6389756
7321168
45312626
92167486
92136768
121804486
35278010
45856560
84502102
81253752
53517352
10945796
4081514
144416372
27278058
64488014
96128822
16825028
46399388
8073592
9898028
35562646
65503932
46398684
37729992
21940674
1122480
89636174
11187066
83107168
28328482
7783128
90562574
15466210
2051772
43209314
68516988
80240376
35955828
30357962
88238872
8950880
50936674
112473908
22600688
1331630
21791466
11151104
50480492
46327588
537080
7100534
67449406
33165242
59965720
67293844
45377224
75058618
5849120
51347806
99508338
63345600
50108628
34298614
104846852
34468650
6011866
6004584
40728604
20499722
15975106
54891192
8598816
48152396
12417546
37343278
5186400
44506736
18003514
5414406
102434936
30554588
162600168
7589446
18781960
16771232
27366786
28458686
61124338
3019098
28818002
9326390
7396944
9553230
49637480
109693146
47520438
65925260
87411272
71049054
82526376
32188
1859340
11486912
31896976
58173892
9318822
85376590
32472156
854718
11138340
19678030
63333778
45373028
101905246
34456290
5811482
5561636
78502970
8664430
90733660
130837590
4097626
4523818
49319062
6608306
57384022
10759040
19738184
1569572
99197728
96035156
5132442
33832368
95761584
31325860
41756572
56841298
61271028
110846804
15652644
87701668
38170918
33800604
39168922
34090676
32092160
3935880
63229608
14204330
17072476
12021404
14634246
181194
1671742
98188304
6094790
18162
38377262
439248
8931222
53275692
2243582
1201802
8454680
91305710
10642436
9987312
36314338
86191712
28859612
44117712
30138486
56641936
142934048
1902668
94809374
7318784
63033568
98316808
41515452
2863852
6235838
139413012
51219740
72739264
82506634
12438582
101811738
1210878
4831288
91126530
98178
27024870
9911022
11102370
4362900
1097390
15765668
73160388
20374930
26063358
21531738
1119652
29325346
12197218
35401460
61733962
109949346
29735036
10617516
47881936
24133760
2983658
77410480
53265790
103432092
76044374
30835186
74435964
77002864
10806320
4918668
24875258
31126150
9692934
16847436
82108094
56672148
4473642
125696844
84466922
18132346
79442992
31748794
63151512
20886370
1415632
15622444
133182356
23802430
30762302
69043480
75329078
60765778
127187566
74887800
46153656
98328086
84369608
12231074
15118348
8894644
73303178
87482936
42627126
116755034
7974460
40985642
11553684
13667558
29494870
37561588
36143382
16044422
80638594
34048550
84579614
36163378
6925954
49761500
10094386
34005686
3239800
75208046
28403616
123753670
57179914
106242688
1585914
28329010
12178326
11434812
774604
94076152
74284646
1184280
59532972
158690624
38534828
44073726
43818242
77431632
1463008
13032354
86666564
8844606
115452672
9300276
7765832
21954912
106503562
16416204
63884564
111795206
107954702
43224574
127227416
121421042
19538
121761434
593046
21071742
68715246
21071596
17289962
31938022
95602718
575148
10398330
105725348
37301266
73799516
50118956
99125622
109902222
99515508
25183574
121469446
98062240
24473930
109570508
448698
28951392
37424312
59508122
91058324
4432866
89166644
41360742
32532186
75105000
67463740
49864396
20791866
102348324
92023542
699150
49599240
844776
11859312
22710604
39631112
1534474
14154176
22502108
123170702
78223078
13213744
41313856
62415146
67083684
133900440
1776758
42352990
12754070
60743660
17275304
88851484
12218640
63357018
19343244
51754908
1686258
27922840
66298288
64962060
4562034
36196052
77022212
424284
53867668
796548
59467296
84966116
9949926
33888486
38681156
11268242
20063752
35010854
8056200
94268884
27938884
116893474
59286504
65314110
3189356
2000854
43445334
102057932
76227200
45329010
25316296
25601862
57560580
117293112
32194824
2962298
11798956
25113324
119209218
25858784
4961042
29547468
67099850
45439558
28623450
61975194
76287388
23204552
4235292
60925288
53390652
37541484
37874786
5512502
94524744
28244016
3922634
25953804
23504890
45176400
10062374
16609140
78578330
120570702
94360010
18026080
40459424
61043216
31249866
115743062
58343856
14896142
47589826
91370248
1037678
83637152
85537154
6795388
66462656
126542136
59981312
74077690
7378214
74089962
3918330
5333056
66297230
91082188
471252
96866232
1925722
49556206
11932736
816908
52456060
17105660
26113088
57313828
17687504
17059502
74849236
21268
125918032
7517008
30228348
88928204
137801930
91822212
384192
137023192
77486838
47290910
38767324
126212014
114403976
134463328
5465336
2846888
90608806
9682002
37868152
33918964
26711368
33846806
115404884
1301710
17577122
47291780
30795088
29190448
134641776
46368778
156569170
15053318
41910750
5974648
24419944
2975904
17694452
22553102
100173318
75071060
76428022
49953012
2007148
7814824
25353690
453536
14785968
8239282
25670278
21302974
51975534
54919312
52729008
16656132
9883616
13784866
1336066
88745238
32284352
5036614
87843826
9916188
67461880
12423880
48969036
86359360
92641224
81070168
101702662
1968582
51951446
28566588
8607860
58473638
387480
10516604
55737338
14622352
24724482
22502440
19269202
24822506
31150774
67223768
76978682
25634134
15629092
4718020
6347876
43336666
47653012
19421634
56395700
115237564
91202326
63883526
8783078
79681354
26157666
2691528
44788622
49154492
13690588
23301970
74684068
23163196
19479874
22520822
2390312
13293204
26290862
13005688
2970784
5906798
22239022
1843104
97783428
63740536
6940614
122794262
33990064
40308584
19266556
280040
3830470
22363090
64854278
57755642
28036584
15473372
43237986
32251350
1576086
31896572
17077738
10780718
22756426
139406782
9765298
28262408
46250958
98840194
19990602
66442834
8692822
42080922
39857900
1611098
14403248
31277936
48518474
26569368
101175962
2420452
104701868
20785892
7533040
14152280
35366050
9483840
5458806
103227818
57989676
40648316
107316970
70336364
119093394
21781876
61362680
64313142
98523014
115862918
110445950
69545656
7702338
56766
29722990
59974422
46981094
89149580
11820250
37539840
39271994
1827498
2534142
78935940
56451338
73562530
7009004
8537438
52175760
3516030
63683060
10569274
35494452
4213082
33105136
65477132
353106
6146392
37232502
12273878
8202030
25894
100956932
114393022
92836
27010770
19585286
94412206
115004440
16167576
102448794
121090176
82911004
43571606
33861592
8644064
21874034
59256948
8005604
72575874
29602314
53310692
104881152
109740964
16741170
18927104
115245972
7693292
51481390
89970538
72850568
9267890
12008666
75108556
90540122
93652002
4212960
67595396
103826772
10113534
41705866
3984686
3299282
9421918
381672
4127036
36267936
122845946
61608126
1970384
94540914
71031688
89180926
101837262
92967292
93991392
127005230
43984556
2919430
10036602
84381530
9165484
45767686
55044576
7560100
18344518
17215878
50076996
64443256
45616662
61079646
101859012
39228870
1783964
68194122
137377890
138443530
2468792
70022648
38528312
23566570
91932072
53416474
83965836
107931586
33403422
100549708
71984882
38130540
89805616
43193992
103958460
98104616
19322618
2117704
9133898
42337218
44272334
40278980
43170784
1280226
408654
61190574
42883458
13308514
68932870
72238296
41865458
60553980
35250324
42673500
15839196
84355576
131166782
14663248
18616712
53178772
81303488
53108440
102981352
3420418
76158462
55400
45475280
10029820
43533360
74041278
1141332
32632572
5740482
55129004
147965754
14308594
32777806
5011374
21940892
26346080
63085716
77680180
23866368
69600314
422730
1140272
94419096
9344734
235100
116588668
20638354
122645846
15076200
29194214
58866664
6432120
4711326
80704052
10092524
81399558
109547094
67290782
4538226
141708690
80279630
28298180
88444282
50453798
33135256
25195756
91441654
32555062
68591110
9321872
12370014
31329458
82486400
23811460
50715334
117422416
4188212
81907704
52538262
3832134
134980636
131741450
4456446
3344242
1811732
32752602
68757216
44610766
25057462
59644
98377668
6872216
90882392
52424534
6524622
38875670
90670668
7102398
74980920
30218230
109143646
61201972
11540020
15912598
42214770
6463716
27234474
12828906
21424288
53222824
36484422
1648480
4386508
32388178
15345956
25723292
52642886
19307382
30948996
1738988
34675676
96638840
82923900
10874900
63488862
5157516
39587398
51503396
80172576
12831446
37025562
4761914
115406408
122360162
1807706
25170828
46016690
75211970
1225352
65299178
80189750
39754
36828064
111356
59960
10882092
115704470
42125322
48596356
100840478
160097918
39564394
25431374
5978326
30374114
14332784
25606004
48117770
13962908
2650256
89503912
77852832
22432622
11432612
14804360
131508
63745800
108775192
2985136
100485628
13694878
15632908
1841128
65106946
95523560
16990550
24919512
53929890
23884146
57240368
55662800
28239384
37955692
1589804
97751612
148085426
63485724
86979998
25812138
27730446
72454888
108656600
46452448
4101940
3393410
94226160
22154596
4908224
36350138
16278702
88205036
211342
122516186
66335046
3611912
50842016
2081810
91647074
57984026
64717702
125151058
20644208
97628118
27478786
43792116
102468428
57557726
2108468
58937456
37188376
19534488
71679594
24184706
57560602
79770316
79071336
44766692
10413756
8732428
35624346
100513294
86383812
52939298
274156
121622428
140100924
12149242
92924556
22686392
3978342
46811504
138424510
288996
83247932
102804878
4585892
35342336
61478296
33449886
7313078
99917360
414712
20040404
55212446
122797112
2051110
6099196
101668770
135190872
123814594
11464016
24252050
60623112
53834514
24896056
53221510
54983886
50237862
15019252
16769868
60856368
75378692
64388282
34579062
78222098
17871962
19506474
2535896
87614620
16263496
71256606
14873954
4196354
113413402
96112496
16953114
3991024
48540706
9527700
13831150
57385812
512018
106916566
8653234
35769224
106023818
28012564
114697930
49844616
87538070
242
21173042
12491312
13098198
30228996
4716928
31813460
53628448
57724896
38693116
3993232
55585626
47093528
69759134
141511416
61182756
96725340
26003434
25693048
7072464
85243388
16216464
43609554
50285530
18455870
10234918
30806778
104886932
574734
568008
44189652
80630684
53109470
122482814
3100322
8829756
55348314
59109468
34606674
4795888
112510930
91937212
14147662
101725914
51602316
15538130
8408066
108299400
49535572
22911954
78819248
4197988
47645630
120268006
55449308
4831460
8056266
17148206
104590456
83022864
2151204
1904764
32977610
10714504
40811892
24500406
41813568
118311070
146567814
8113506
16406702
721160
47371900
70626802
107791198
3145906
84741444
136247990
10787314
19386830
96928274
131809198
11751646
103120756
14465444
98460058
65965880
37478662
78385458
94354754
20703394
32940754
5652630
47641336
53895212
114981952
376626
61139742
26482440
83097614
27238844
160600
48507456
3618374
129262942
5425170
58404540
93189456
62679240
13202948
12393792
72483520
815644
67163378
19214950
117932
60106560
30592722
33848398
135216488
58205536
21585670
49592076
51901142
4033310
621690
38624226
98661028
6743796
34592272
95051932
50008310
64934624
105370516
32102716
82706686
1797254
35650504
114508256
10946206
132090246
47042180
12718532
878050
60074032
46805058
20187346
34913254
67174040
7397622
39344370
100933404
3903670
17308016
39079228
1227168
61393362
10070730
173594
14133616
74875992
62731904
8787114
65697972
63262972
8730676
46184314
1755146
8095422
10288584
59785512
50649966
2367760
3076644
23410228
4133314
30942316
120557122
84533756
98728772
270446
17367320
80317262
1349206
81861298
103632338
6841128
18665344
145792
80578888
1997384
50862978
82162656
17032016
27147542
51920014
21025616
227766
28563094
33354422
129454290
104997342
88339478
127189990
18219678
20837608
35398390
84687540
58185022
904320
6213850
94200670
4509978
5590966
124679816
10992584
96442360
2567904
76036182
54852238
226260
72535500
99926596
4330026
107024332
517900
51366728
4218058
9567224
6543336
19161994
3738662
130672656
3731360
42527768
26962368
7436196
16266396
9287718
50437064
46817976
32645166
106272506
51136200
42023554
95177432
8601162
82165180
14919244
13376852
92358654
62077728
19054156
89172696
2348558
14472140
15132824
65571228
39711020
63960194
47013308
26450096
34250808
35578580
199652
6865244
12682784
97872434
71562764
45760998
71877362
38091004
35796070
38187950
4507880
82450646
46041932
36590010
62291392
102068228
33390140
68743098
27885150
42369358
64566272
35167092
167444
63881098
56082908
102649776
3270468
31477518
37989752
44556400
49346948
115597268
71937988
1445170
2814272
3940452
19026676
55780854
24382
88447102
55486
14757612
6161648
20421500
36550918
6948386
87817706
99609994
97662464
18664542
9726166
23529836
4828958
25491206
55897284
87903714
13770196
130339518
4037232
62501172
24789864
6695520
64698
63553178
46720620
2847958
29069282
23004954
9484668
105321184
37137750
30221196
22058468
3551874
34045240
6047276
90112
109338888
43630904
66000332
54032928
57043844
7666274
75250430
2616036
64999542
8140488
65143204
14170522
913632
1599792
28888194
67748176
122186
17741374
42369346
11762044
1220344
67171278
28521942
142306442
8019658
11603144
108444526
8399474
36179566
32229058
106151390
119562796
27675490
72108502
2524100
37755214
78468022
68916604
57236256
35122404
16306858
45918882
1910554
2921994
90416694
84517768
5861858
8677818
81428010
72652164
54173018
94013040
62269108
61538450
31565062
16672614
17035514
46368978
108547536
25259512
58618930
93948818
129466418
2526616
2111074
29703406
31913060
7557738
72433142
66788766
1281346
135845322
73470134
59450974
22848052
23106744
59671060
44112208
89891854
108167158
32405492
53526354
71350864
129711334
22676552
1988814
62001692
79987812
46471896
12024146
616556
111915236
73607478
31069552
110445982
35596824
9132100
18729914
44836
32062522
461034
27042958
37743852
96342938
10127126
54644030
49492988
62438322
59283596
1732374
81772206
29921122
125630370
18265872
78323582
4443114
49874492
23679394
35713552
8295834
18081060
29030616
58550924
88504418
16176320
87540744
39470492
17806086
8809206
16404530
303102
44724004
139806830
54390726
70301342
38789598
36342452
20560768
6076814
34785268
32524446
1881058
64666240
131029248
31753976
5264110
13904650
21629816
67437330
17505748
95610906
9922438
56423054
39424612
35173644
69834650
37349084
79375202
21894336
39232502
25249524
20501388
114507996
15300590
77511976
91644752
45508080
18410966
3413850
18776856
18040096
22350300
62447006
52401198
119137168
1048474
12329964
51559100
82391350
1379640
119205336
75603858
75685980
39377094
38725272
21605976
21166828
97435136
73072266
2875044
15763262
45482448
82779028
2051798
17895258
129715508
108664312
93081262
141422370
23112626
102367354
5823242
60425636
129544990
65269988
2417130
967150
55836838
30989962
50215442
141106404
73531532
14301938
81669770
58744134
50318374
30957824
75318500
26934286
51856960
58003466
89568090
39422016
19424792
52410500
1229526
88400978
1655518
28787882
86212318
123045432
12967882
41142218
1502848
9677684
6397034
11826366
62689930
66968084
158525946
4759244
4997954
87209420
63544596
97453266
112314814
21969286
6148254
3514420
101732964
14674026
39399684
64617060
99686410
104252826
12666764
29193664
29953092
48692728
7375684
2007384
54198802
65128848
55774372
34471506
84838982
55315684
14802
69611190
3102708
24097428
44785016
148238504
80991566
94185954
7331462
15332410
8470464
8751788
48219172
6308260
65499696
33457354
30230760
55734284
13897516
4199326
62800464
25981316
76761610
89612454
2306460
66213706
46039554
8913310
127695842
109782882
97225102
101489036
102934146
55552440
25102888
49608628
50406394
33700074
115104936
589976
24368100
1882240
5963602
8538478
16089212
110135520
81208826
833532
1784228
92598150
3298756
104492938
48435962
105579652
110614380
8351416
99976010
26251714
111977906
35993644
126568280
61266106
87471838
13015692
29041354
87894910
26748952
49213842
50276838
21238408
91895890
73337632
3892
68699314
90340050
29553864
66573556
61012396
59764774
19621826
1374788
34738184
27277314
27824530
148734394
43674004
13570954
28788770
47274006
82775372
108556866
1324240
12762046
134092300
27125130
8585532
62910646
15087510
8093232
85801014
7424654
13414082
33907020
35835602
3899038
10126044
17264062
28168562
32742228
34961312
40544094
95184984
104678766
58776596
61175628
77869344
430132
98219656
8016314
74208672
71906078
603992
30932570
93071338
1011072
36724456
104105922
49850846
52678288
45179676
496036
48549078
71695274
9029692
70738192
111251962
6894476
66268688
1335570
84873008
3431918
40473316
44657954
86912556
5766098
24879446
120737808
41725892
62915350
34400820
10118980
12447018
20951190
14950102
79778732
76252232
47493352
598172
2432958
21769722
46275902
39304304
136433354
52390550
9848654
105128242
70649568
17215396
6533998
16188022
19557370
93649766
16717218
1089006
196124
66250282
52893610
89795540
10985150
15091246
49029052
37129402
29770090
6251198
37784680
4810844
42600774
2034452
47294736
65722260
32157560
18740238
84093624
51418436
88690538
33045926
25708708
65858356
51386224
104584028
89284626
5608390
100812468
145076542
54317284
100579556
44991752
15658886
2135388
67688460
63441882
13128144
58288372
8804002
35652682
19153054
52996226
109115962
11853484
4655854
41063194
5101008
5634108
105987994
123087406
28302552
10626070
11853748
66841900
48934410
80478170
44027872
42295946
15638
54306160
14200692
23104032
15891386
32834628
50631926
55562456
1653760
17875080
43937676
7953286
27103554
21163720
134322628
4753514
98613518
94050982
27546666
31170118
77769118
84724
1354404
95728400
30113784
34654418
3872424
1527622
96728332
23437268
2179656
9207288
77935802
10534498
77212314
43391432
50904194
15910056
142545760
67469424
75979874
17413810
31720614
95560426
49787586
100382024
8381682
40507002
39560184
44259632
141927418
64705554
81233320
95244334
115932388
45966318
1143550
107469054
107929918
87534342
56240576
31392
16874238
25612046
38230214
55185928
61960454
93252058
28375950
10447394
83103106
7517068
126826808
93477834
45028460
61087990
61774618
151914370
68274210
124487902
33531168
14880884
103721566
29529962
60614288
91424656
20425674
105247304
50950534
38579902
27764060
10170168
98201186
1120080
7004730
60620276
56439316
94177688
14003784
2375626
47036482
11884210
81622956
77077594
95629340
99304282
93406680
84739594
7946178
34654378
18294516
37478292
34343074
111314034
84231996
28268358
685290
66341484
104560660
6311846
29821346
476122
16640784
72552034
28509090
125933892
50817294
36878
85962076
111018590
84296856
13022348
122546570
34375458
4524894
36274754
80101134
111752448
49399814
43823910
37772468
55481706
44831824
24569410
46690706
100008624
92635408
79493124
75823368
65364154
9349402
4277154
44660380
32427384
2496496
64560708
30708356
45777240
39325206
42569450
60285722
38916448
67039078
28133048
73612978
2150430
1939448
25069592
20266036
109857192
76243488
51262928
48225568
21238918
135218584
116858852
652112
57574806
7381204
53518432
42350980
111569870
45542968
13143538
25698778
36321882
5620192
68515918
688574
257068
32695208
6672824
141248390
86231030
111828214
26703002
28778670
26600012
40221246
14102132
6383420
81089900
115036450
16276210
47800130
61359596
19183954
310474
90783980
75258172
10501972
3731908
9918220
63280194
2962196
78444328
2072756
47271854
38533182
68963582
71931878
7598214
9074514
19216682
117625678
182742
20198238
41318658
141618770
5002688
96974012
23116
123161812
152307110
6950814
57674966
22575164
86247448
7506600
12530586
3444530
80135934
50189002
138779372
7940746
7548798
16257392
6199376
7490144
21210592
21257322
29832358
58995146
89665920
52525726
276866
43610660
102487044
13880628
26802332
60429940
38133832
5633454
112596642
41613686
38561826
135294228
28866596
84752166
19062200
21595490
22784112
52882986
99466172
40390142
62363664
49442846
108549644
54899168
2927320
78873920
28343018
5563822
11780022
71720796
13584674
9123270
23089792
16403754
12195230
131217748
7009290
9101186
82892982
21507952
57437416
35432898
593436
57228552
136091608
144073164
25895910
54267150
9018412
73421264
1994344
17469396
56675834
14577474
40446206
28316464
22203582
17340362
31299060
24489974
67252300
95640244
104414754
155478788
13656740
17133288
38665888
15037722
111080728
50616086
2483550
73862234
89609248
86384928
116950736
5415374
5198068
82600574
41106806
26360088
124861090
76811414
17632668
43408946
95489560
5736568
117340
558454
5304044
50094304
264460
57697028
29164922
18621784
149638164
9138542
33086776
106680072
10010842
76806490
46009088
70110446
81247186
112724306
7439516
457166
28932018
10627000
68847684
125342074
11920066
3672122
12831196
63195528
10551728
55187178
65213028
1501630
66377076
31365914
15358352
51187338
4780492
102161522
18886474
1291572
25356458
6383598
39863186
24755024
15303420
188734
24948378
4260628
658874
28099606
6856352
103417746
23589744
95015020
76798590
116637016
38089058
148631986
2754762
49034298
52030606
47498586
6211896
99616778
122053694
65308038
127807962
53813234
94656268
46214920
24527886
8457688
37676078
458110
16007092
123712616
24880840
36921674
4672512
102391064
13262546
117256408
66909832
45087534
9462130
99167962
36890188
83182330
48256706
33544174
38454646
15405526
18289346
34132354
1675552
12826994
14059344
3684390
71830480
53429902
53755928
128728188
19746018
44226452
47254454
30021078
152568770
8854322
29472576
163522420
5236060
27340030
78944168
74457146
1021818
357856
7582146
472440
40749054
48529190
3238316
104980080
92362234
20890846
31464966
25915502
3335166
234784
61346552
72950650
24690878
38941130
43082982
97579122
58940860
25470682
54290744
6281186
106242382
10049954
66940502
117963084
73061052
2158318
5982034
45400594
19817726
94749368
8037548
35236526
93670832
27709472
878688
65595844
7613074
6777020
9154502
4203790
7553608
99884724
72348860
28573290
15370698
20547488
68208802
14334860
93315468
2275820
100470980
93360440
79402124
3974596
43424150
96104754
32073548
29263158
30134828
18288816
24725522
2220820
19839342
30109648
43705496
114698364
4415834
31736790
17405258
19053356
55555860
76022396
960512
853214
7300912
111168414
52362744
8890868
18060882
53160964
17023084
127542248
35088286
35678698
195868
122848
25223520
10919264
81812462
14977428
92175092
56551258
59185300
54040946
11362358
23628324
52228564
35142340
1676090
53094496
32205694
13140720
66788544
39497110
21658724
137251264
72087734
28330708
3863266
27152060
532776
21830886
119410446
32493470
13905572
89698746
481512
2891326
96047450
22335378
97876430
34646
10511710
141452410
