52134
91266
86110
84994
44678
64818
80910
68774
73926
79210
75622
59594
104358
60426
46442
77146
48118
60338
53098
46450
45650
57246
86226
62910
94242
45954
44962
87462
69750
59082
64730
83102
44962
105158
65878
90906
64590
46362
96598
62362
50566
66890
75102
53894
47302
55542
65802
75438
91446
68886
63174
85354
44790
45366
52202
49274
53606
88206
68366
46834
86878
45030
45534
48710
59282
49690
81450
51454
51658
48778
101390
102566
69046
62490
45150
86766
61898
57482
47262
46118
53746
46482
45190
60534
47630
73494
75606
68246
91842
46410
45518
50338
70806
103558
50394
45230
65590
47218
45630
56318
91806
76110
46526
56130
74254
47150
46010
87658
54982
51622
66918
72918
49198
58254
45678
52474
54906
66174
65306
55854
51970
76614
44978
79866
59490
56898
77622
46262
54086
67970
50034
74598
45974
61782
46658
64458
46106
47726
81706
89466
74710
46042
69526
51370
53386
45702
44678
55222
51046
83082
44778
53798
72886
77958
47582
91986
44662
76446
48914
48506
45342
44754
87266
78970
53222
53602
73950
44710
57990
61262
68638
62826
92642
45938
44694
82394
51706
70486
56466
87846
73590
56046
58234
46570
48986
54386
59150
63522
45510
79146
66598
54886
53530
85730
52678
52410
78082
93442
82566
50798
50586
91642
45090
44714
54682
47822
49882
45654
60010
57850
55062
45130
44786
50842
50522
81090
52066
104958
58606
47010
74102
57726
46614
46170
49114
47198
52854
65014
62130
100018
83286
98478
90546
70626
49050
76078
94926
52322
45402
77770
87486
61394
44670
44846
44818
53458
76278
52882
91042
68102
70330
45606
45414
62594
45438
44662
45982
72582
64218
48226
44670
60602
46402
44834
46322
80850
56802
81534
75942
47406
91442
67310
60218
45390
45202
98290
55382
84114
74430
44930
55878
44662
44686
94006
70166
95478
69366
97726
73038
52338
81998
47250
67442
48022
52234
57902
50010
45070
44766
84642
44938
59414
45798
60470
66310
78462
56202
83770
94374
47394
77454
53414
45902
44690
71286
61526
49754
64170
101194
90186
49654
46046
50714
49730
55086
93638
103758
56298
72250
53242
71366
46206
86050
67706
45170
97350
57054
96974
63638
104758
45082
73190
78398
92350
78630
93842
65734
80554
83662
47306
55710
59182
45250
65058
46866
71606
82918
74262
51114
59678
50650
52146
49178
64030
48982
67938
67178
84818
50490
74766
71974
65158
76382
75270
84466
86946
72750
89042
68726
44666
51038
50958
68910
50414
61318
62478
53510
53026
49806
56434
45270
92534
65926
57642
61666
95846
50642
76534
64310
69686
44826
58986
85166
52954
87854
99430
64338
81190
53962
70922
56550
47966
77118
49242
78294
49562
61090
55142
52610
80378
97162
89442
77614
45374
55626
72734
88842
72126
51998
45226
50138
71218
46778
60866
71446
44750
64450
44718
55738
48250
47574
53314
48574
79702
47910
73646
58166
44702
44770
61934
82366
84978
76230
48282
93454
57390
54186
54986
47870
105358
55514
65678
58342
44946
45846
65446
48394
90042
48450
53702
55626
51182
62630
45774
101782
63870
100802
84414
76950
47918
84290
63890
60734
49126
81630
45130
73254
60322
75774
69470
81878
45822
67634
81018
72414
97538
60114
45178
44898
45010
70478
54250
57306
71126
46966
45550
77286
54286
91626
92042
46702
48566
47102
90842
98666
52746
99046
56086
71766
80522
57138
52946
84790
79374
50266
56214
44666
51522
49306
95110
93270
63290
62070
86494
56634
46298
76782
79538
90242
100410
49578
66298
48866
67046
93242
58430
61130
93822
53818
66022
70182
46610
49426
48078
80686
49350
48134
67482
67838
58622
46954
45726
54830
88442
46010
67038
51726
54394
89826
46822
90442
51794
45110
46226
48686
75318
51538
72086
48066
45582
66166
100214
50330
44742
55962
46242
80202
46334
47086
53130
63986
59802
48506
102174
104558
59906
64938
51882
85874
49370
70006
80730
56718
46790
46910
92166
87126
96410
47966
50978
64870
102370
48926
97914
46690
46282
67574
68566
74406
46530
69330
70774
76686
46074
47534
52586
49054
83474
60074
92842
51250
62942
58518
94042
46650
65182
45210
74934
93042
45486
63330
44994
45298
86686
88926
52762
56666
88566
101586
78238
44850
73798
49958
44738
91086
54786
78882
53170
66454
53990
75014
47130
62246
66050
45462
66794
68406
102762
45794
50910
45430
51454
93642
46490
45274
99626
75926
46190
73086
76838
90726
86406
55970
103358
48378
56970
63406
91242
53674
79850
57602
52498
78126
82550
49434
53318
45926
58754
79322
55190
45830
62710
62770
70646
56886
75774
95294
92242
74094
49946
84226
59698
69190
99238
48642
57978
73758
94558
84038
89842
79046
82182
58794
51794
103958
98102
96786
50262
74558
47350
59810
48170
62014
46138
89286
44866
45614
46878
46570
47742
64578
69610
45686
62210
50778
83850
44802
52406
58886
87666
61434
58362
68090
96034
75470
89106
44806
56782
71670
77302
46154
79498
51202
71518
47774
59282
63470
46998
73342
60642
88246
52058
88642
57558
87070
92442
58698
47042
90006
89646
55794
78718
80358
83254
64102
103158
47462
59018
49626
49502
52270
52814
44866
45294
47486
51862
45870
60754
63610
53890
83598
54106
67786
47686
102958
61798
54322
46370
72278
75166
45458
45582
59546
49498
48746
45346
95662
47854
51286
55406
66670
76990
48014
65554
71822
48314
81362
82734
58890
104158
68502
44758
80030
79674
47518
48846
45866
72582
68234
47174
45050
89242
88386
59386
45250
60978
54586
105558
57222
56382
90642
81814
84602
54486
70326
101978
83942
64698
54686
85698
58106
45034
44882
86302
48806
55298
63750
71926
67334
50458
57726
49882
55302
96222
70966
99822
55462
45758
45318
50878
61550
100998
100606
45750
53038
69890
77790
94190
60206
49818
45322
88746
45722
80026
66546
69050
54034
94742
85522
57130
82050
83426
51930
70034
59942
66742
89642
92718
52674
92902
63058
87306
50074
48442
66422
48338
86586
57362
44914
52542
51318
45154
93086
45010
45486
58078
44726
47054
51590
45106
65302
45058
48626
58490
54178
63190
50110
50718
61662
51386
47354
57014
45898
47630
98854
47798
73422
54610
57474
54754
56550
44702
44734
77926
46922
81270
85918
63754
78798
54466
45558
88026
72430
63050
46082
61202
69846
44914
44890
78558
85170
82738
46734
46746
67186
82910
62350
77458
85346
60866
50186
69206
47678
54538
88050
85542
57814
44986
90366
82222
44726
48190
60998
80194
47438
50202
71070
51118
65430
74862
