83180
101148
114356
90412
67792
103016
108488
97358
96424
119204
76306
104606
114010
78710
108588
107758
110396
97932
106174
98704
84488
76408
96830
130034
84758
97452
106186
77062
86940
124062
98244
93352
106946
75730
102724
88006
112718
83130
68762
75910
101286
120370
83066
80954
96178
73416
88454
88472
104750
106792
71512
111780
117558
88628
110086
97608
126348
78790
82044
94288
114512
101936
84376
109924
106692
122278
84918
78230
100374
86278
100492
77242
79992
89700
84748
102670
107788
97252
72064
83484
81032
103942
108180
99852
84406
85748
95422
119150
103138
109342
107418
71886
121608
76492
73648
101842
95286
99078
89798
69754
105394
104718
69268
67822
106578
108340
93100
96258
103022
70540
69190
86330
105226
97420
103358
72282
85374
78850
108630
88256
107500
85454
119592
81474
103708
105042
73010
123266
67878
99304
67438
75736
118260
110906
100278
88656
83780
98314
93494
90100
85932
107284
78530
86840
75612
89762
98846
75836
105170
99060
116782
93774
75378
74412
75744
103122
93282
67386
68914
96694
85414
112350
108936
90820
118242
88982
92160
66898
89534
81796
87584
100492
101698
120110
94644
76470
85248
75192
79394
104994
74082
69718
70540
89230
91198
88394
86112
86672
109324
72884
71260
86694
109402
98266
93544
105542
100620
109772
75450
93602
78178
80606
92388
67144
92882
70270
98764
109460
94448
105168
81638
69158
70224
85836
111294
109374
117256
108696
87836
109358
79614
98160
103720
105936
113270
98772
97760
115768
104618
72672
103640
98692
78122
96004
82848
77998
101982
104062
113790
67040
97940
108292
111452
96208
108042
104922
76684
91214
108738
81020
97846
118834
94460
106540
83582
95554
81608
101572
108460
101830
116200
97934
94696
71022
82866
119144
128826
99510
75654
117588
105720
80058
68604
70008
69732
82176
104192
99884
70970
96964
99254
104052
71204
110476
107548
105526
107102
112830
98252
78464
105178
112686
110426
93254
67360
103528
86730
94750
72066
82344
129058
100902
121868
107028
106970
83106
83318
99368
103208
105282
95756
91980
69732
104262
110648
66882
87824
82910
124886
118650
101372
111810
68088
84646
110806
72262
84154
92164
85160
80230
102454
80050
106046
78110
98740
100216
102672
113474
104598
72620
85326
77748
92260
87594
72946
78636
114894
111382
98606
99174
103406
74826
104310
116658
77126
109958
98838
69676
83736
103926
111808
94060
102768
68070
102198
105300
122638
119876
98104
95278
109974
116608
71760
87116
79286
74590
97038
105662
104666
68446
69742
86770
78642
77336
128788
104618
102754
105038
83922
111272
78782
122762
93678
82066
106464
104354
104818
113604
129710
102492
109674
72186
66968
114138
113544
104622
85182
102622
74314
120036
90066
69212
84886
114884
97320
99606
68392
115928
105274
102870
77670
87874
97618
93468
90996
106686
83296
72062
105348
101828
78474
126690
121816
74032
115416
76982
69382
108338
106082
81258
105574
121986
79624
107438
77022
85074
75030
111122
115342
81010
81852
86100
87894
88498
71034
106908
93062
108164
109338
95602
98460
80688
103480
112188
82560
115214
93042
93320
102922
80870
93602
73552
100938
98884
76128
93866
69368
90228
102892
107188
105512
87914
81942
75596
83176
87332
73460
86576
69024
102966
102460
110292
114050
94250
119916
120616
113552
86038
77476
92704
115910
99126
78274
113034
108910
86926
68718
93692
107104
74560
75298
75568
100158
110052
93646
81086
72720
80470
114244
71754
91382
115230
75320
84636
75838
95110
69192
105570
73132
115002
113926
75140
101466
91058
100234
70778
104106
123812
119836
113676
86406
72664
85806
74256
67166
95052
108544
89326
84908
76784
108896
92746
115118
108202
124686
101460
85588
119770
113988
93630
108702
112642
88980
118112
68014
96244
82388
106234
99474
69384
71796
94984
70896
72228
96010
103852
121856
72226
118650
91478
76728
98372
82352
100212
110278
105314
75640
87996
88482
117544
108376
70964
114306
105946
82872
72040
88990
70810
94140
74068
73718
82148
118322
110014
72278
98138
89956
121840
82670
97624
82368
75842
108194
85356
101566
106392
84924
119868
104368
106250
81666
99664
104536
93470
77774
71916
73818
76388
91126
99638
116004
99018
106248
74754
111120
122196
94790
96380
84102
109058
86416
72026
67500
88710
97994
110448
66802
108616
79454
95934
80882
80510
113318
95478
78980
105024
73232
76354
121304
98194
69662
92474
87848
104114
114180
107520
97894
75280
105998
98644
89486
69864
102968
74770
126902
94214
91094
102730
88826
67088
72088
84594
89880
109942
119006
74278
96992
74016
89946
76538
110704
71100
107626
122472
123058
77892
105478
102294
80976
91988
92794
123848
74878
68042
115010
106558
67214
124910
68370
78602
86730
86846
99364
94034
69810
119010
110028
76156
83634
95740
111854
73048
98336
85626
83484
100128
107946
103662
82006
96536
108104
69106
87564
84246
107564
104148
101606
113478
80766
84606
86116
117940
74642
87048
85288
87770
95474
89166
108066
100410
84212
90066
112194
92510
106904
76106
106742
79360
114374
100436
74184
88388
72152
90132
67424
72652
121410
94244
88050
116790
101068
100564
90714
106430
78812
71248
83900
105758
82016
109124
101434
83752
111258
108020
89052
81836
116132
85328
68586
106100
74038
79756
74128
68980
102906
100020
73096
115668
113296
76652
112632
87522
110088
71958
104042
94080
93284
79498
101952
100598
81082
70224
81398
73086
119852
90800
73292
71716
105604
109280
75144
85292
86536
107514
95850
87722
100574
93278
109764
91614
72624
78882
82106
117890
104282
74844
66634
81210
104636
95018
82704
73256
100832
75666
91764
113094
78128
113016
103308
109032
119982
110958
96344
89360
95200
97410
85464
79348
107774
104456
70528
97188
127830
98676
111006
81850
101416
70268
102058
81046
103322
93432
75354
80208
129708
86170
68540
127026
80070
116774
91988
90234
67694
66868
87052
83060
108772
83686
76766
69210
76576
70352
111320
76342
78016
80510
108554
97570
86062
109256
86648
92394
105786
101888
105870
72486
108298
102142
111252
110724
83250
70974
99896
96258
105582
87646
77738
69666
92364
74140
101754
126154
73882
77292
77272
73290
94426
104876
114208
78902
82544
98576
110728
97888
82308
86850
99698
115054
85394
85634
92448
106514
77720
115826
79094
85468
92700
107594
102794
73850
90670
106884
86894
102792
79990
74620
75222
99346
77440
109080
75922
77370
88900
68496
76384
75006
93382
75470
98316
112408
103250
113910
97630
69548
79538
86958
108146
72334
86256
72664
79208
79356
104790
99496
71678
104398
115348
94604
108292
73240
102820
109442
89966
82936
71872
88484
119028
105892
79924
104322
108440
110238
86368
101876
113218
81168
98876
74336
85506
117864
110302
79612
82982
82716
99290
103550
98526
91442
106386
94910
78610
107276
92076
107876
84698
112502
73318
105598
103524
85036
107402
73460
103478
74234
106422
105722
89250
124778
110412
121316
109340
93682
81002
107344
75382
83918
75116
115042
72066
113730
73490
83260
120924
84938
85546
106520
67684
75650
108538
72300
119802
77342
96288
72104
98798
107834
110370
113280
87294
105310
93504
108434
86024
93894
112762
103814
76066
81014
95734
83874
103136
114576
91142
67264
93804
72502
95026
103784
78006
78346
99026
98792
73828
77338
86630
80288
97928
66584
75134
111434
125300
90530
85736
100026
96612
126148
96292
67012
78404
86132
92434
126874
91154
95662
105286
85672
66964
106416
89582
68696
111754
82086
117848
117470
80776
102520
70182
107512
85990
114218
84076
95712
99382
90682
116020
92590
99558
81098
94182
100038
90868
84098
102622
109706
91290
84876
83738
119104
71840
115444
67332
85510
105500
111830
96360
92128
103490
105540
69474
66896
75322
108670
77376
103800
70440
78922
108546
93688
69842
71406
112282
74302
73296
118090
127674
97182
97666
69638
111246
93690
97838
121992
112468
100640
78238
92712
101252
95460
73702
82624
79330
111354
118520
99354
69736
98162
97410
79546
94760
84538
67172
97898
85104
96432
92094
76262
82812
99052
93538
90786
79710
80668
122186
105742
104076
105394
81030
114966
118834
90394
88098
107304
91166
85768
105772
106128
125966
117222
125926
102180
95760
91934
93390
73080
80186
98432
91284
84910
81874
87550
125718
80538
93572
70372
91038
79560
81706
74994
104182
109796
82914
101806
101388
115590
67664
85784
105086
66614
121756
102078
75658
97720
82620
90804
89792
99794
87028
103744
78570
112374
99430
88826
118794
99924
85372
82066
100062
101712
83112
90060
120290
101892
81616
110916
68408
69302
110728
82734
118614
77850
88596
105566
82230
108888
125802
74752
78940
107976
95864
126842
79608
94580
89240
81146
107120
98280
96232
77786
83604
105270
100528
103114
83338
90660
83806
67608
68542
123108
96710
79564
84052
79710
84836
92336
104408
67996
89358
103244
74404
84572
99096
82010
69848
95646
89536
72664
82958
71274
70640
107904
101558
75966
92888
85384
88438
110576
103278
71804
111142
87118
98870
103040
67304
67504
87738
81012
92410
93948
92548
67598
96584
75180
69010
95162
100934
82004
77868
106928
108884
117064
109684
91504
91574
101922
94646
77690
95142
117068
75078
68820
101262
96654
125920
113422
79084
73142
104624
101206
106878
95174
107956
82482
82220
67844
81942
73436
116196
90936
84122
77944
98750
110160
108678
109394
77866
104794
118128
109916
79720
103954
87980
83148
109166
99824
97686
85738
89840
113630
106542
96944
109390
70902
81400
91538
88780
120640
113698
108976
71320
105594
111720
102050
111096
120190
99052
105194
105372
88700
86562
77396
81038
94930
101324
106416
96228
79894
79028
86396
95114
110400
111738
98298
128870
108204
117358
68036
69258
96424
125104
84400
104640
92858
130726
88394
75140
88876
101178
109248
68930
70760
100220
77442
108868
85510
107734
112994
93318
81066
108538
131722
82400
106958
78786
88920
81342
105578
80210
87422
83940
95038
75484
94308
91592
74626
95956
104926
92914
81200
91716
79688
83448
72306
83402
104570
97774
80110
79022
95298
99520
100082
97270
121724
75066
101520
114610
108496
71060
105108
94528
85276
101294
79806
122066
106086
122812
107536
104076
80666
108976
93008
88658
93654
109470
123614
99268
68472
111634
114468
75656
84166
103068
69450
99932
111472
97314
86188
103760
66778
105054
74544
83298
83242
72244
79834
100428
76838
104204
98638
109226
80758
96174
100738
90604
117034
129688
97808
105862
97578
90218
85960
113142
95462
96792
70604
97582
76734
103816
98436
87634
111142
118698
104786
68654
104080
75740
95344
89768
76590
98090
93604
104532
73344
93760
80742
98444
109618
98640
100834
94012
77706
84702
73638
105712
116418
82348
68242
93872
111138
87756
71932
84926
100878
117068
109594
71628
86870
115506
99890
102186
99334
95168
95370
84794
88850
69866
96850
75744
107584
71522
78188
85984
111082
89564
72662
98502
108182
88184
71784
102012
88310
103926
122254
118034
80098
101402
93558
94158
87662
90032
122808
84344
72580
96690
110312
82088
113440
90542
101352
77876
91194
104920
97876
66956
87190
108538
67588
71072
74962
68448
92636
86710
69822
73094
97164
96056
96266
80666
92970
105372
71530
94700
85954
101388
96750
82304
79662
78902
85064
101088
121656
102036
101206
72388
102046
103570
100314
75054
89076
68836
113996
91662
84072
103806
85872
90410
105784
68088
82666
127814
102252
98328
92154
93720
85112
102668
78926
95048
77054
101344
123792
96774
83700
80698
102872
93994
89468
102984
80378
106968
70664
77750
91796
79096
90516
108454
94984
89266
90944
100388
89010
79280
103826
90274
67024
80876
90548
103166
97178
97874
74534
98054
84498
92324
74142
90888
101492
116232
66778
92412
98002
69156
100680
121132
84936
108114
88756
100554
75962
118434
98850
107022
67326
124570
101952
115616
93736
94294
89904
83766
68492
114708
84116
96202
67390
123084
67950
97870
102366
117958
93982
108264
81480
81650
101804
86306
105558
78132
91290
127018
80876
83154
86596
104194
83506
90754
94240
108010
95970
78688
75970
82142
126868
124158
90760
102958
99768
81388
108918
99480
72692
105490
112404
101588
83482
102548
99124
78670
72604
116948
91428
109394
99190
90844
73818
101404
119458
102456
119424
83522
77456
102716
113130
80698
80516
110182
121774
73270
100788
73962
79300
114094
89796
85572
105082
94980
67520
95090
112246
75574
111134
99248
100050
86830
113212
117426
68210
73502
104374
99596
95098
108864
98492
88928
80170
105482
71336
86768
106454
123110
70992
85068
82612
122030
104676
101002
114512
112628
79074
91950
87894
74390
106680
97506
116242
92648
85438
69740
106854
90372
107978
108244
86920
120966
103134
101596
126782
104390
79688
118854
100934
91570
69272
117954
117246
101016
98410
95136
72324
103160
121456
94622
99560
85770
91726
110364
80908
103630
106656
90944
95940
133706
76248
109562
70782
109528
109542
91246
106650
101916
78952
105640
81890
104934
88650
122342
90886
123832
110274
99498
68210
92698
81800
106304
79590
74220
81596
116828
96778
93108
94156
116068
105064
92774
80952
97438
115504
99332
78196
73450
78976
101204
83584
82940
117704
108500
74114
88188
69150
122928
119836
70436
102830
87640
104772
108830
77824
95714
111698
98330
111626
96722
102646
94618
74056
89860
79418
118694
77400
72180
114292
88090
106382
85912
103298
75600
116230
86502
94858
77258
102406
102590
71808
89790
91804
92878
80522
110310
82230
104482
80208
72772
83572
74558
108236
66792
79490
68452
104008
93128
106256
96166
107104
77412
83254
67764
92132
81484
117946
94414
86404
100222
112888
78128
92360
86412
86618
109088
106908
73676
83610
79768
92094
89656
84190
98680
71010
97698
95192
98636
90448
99306
81404
92974
91158
112960
93472
68020
129074
97164
82274
82954
78020
82992
101914
99768
79788
99284
95800
79074
94120
126834
111528
76216
97772
85206
116936
92694
110336
93914
91772
104888
105552
98128
70690
128750
105760
70362
101026
74744
104868
93852
87080
114386
78908
76968
73514
101282
89940
96036
87768
117480
81670
94730
91180
115804
69816
96214
85492
70110
113108
91208
74558
72138
101296
103192
87516
74240
90708
99446
106988
72866
100700
69328
73932
92014
105566
90226
109936
109072
81726
81990
111782
111028
102042
94464
89830
80110
102218
93030
92786
83582
113024
98972
72966
98862
94544
87070
100138
80832
99148
127914
79472
82470
87774
69750
74102
87414
92360
85598
98542
86814
110728
111632
93120
88640
106036
113152
96040
116768
68522
74032
68936
85470
76386
100360
90890
73784
99144
94104
91922
112498
85506
109070
80560
103924
75560
74350
106382
85714
93844
97712
95986
102240
98566
90840
76172
82484
80694
85556
73012
92906
66690
95496
72952
84062
98166
84480
99486
89380
91072
119160
84392
72622
103384
86290
69754
68794
120258
94852
92324
92808
101870
81064
87464
74056
88044
73054
77308
78722
80260
120370
98004
102164
81182
74732
68578
101284
102896
97432
103852
123442
102884
99252
100076
78210
104504
101612
99468
112534
70728
107790
87176
76338
114508
82474
115140
91852
112502
95536
114104
77306
95584
71810
71482
73844
94276
108410
102800
125426
88344
103398
82702
82384
96218
95384
72126
67372
90126
106562
82520
109998
71402
115442
77636
67310
107292
68034
67648
78466
107526
113074
102638
83850
110274
109576
70148
76106
93204
108318
68782
74366
117262
90312
121872
104934
115898
95182
84880
86326
69654
104514
98540
101768
67946
112522
107400
121116
104026
110998
109002
91286
106760
75474
96562
95132
122888
99318
96096
100726
74000
100120
94326
109418
104974
95990
102458
106416
70168
107928
101028
96908
106810
94802
105004
98594
111968
92804
103662
110338
81878
82004
68714
81224
83558
88076
81242
93606
91870
102498
79178
101386
78170
94248
108648
105532
95278
70358
112272
104350
103094
116918
80346
106034
87980
117970
91626
116442
84204
78106
94100
123690
109110
87862
79702
121360
106112
87920
74140
78506
115654
73818
104638
95520
92416
82458
101346
97592
110172
95654
123334
94322
80144
78356
120030
82556
97982
70224
91608
69996
101166
88454
108310
111892
86158
106198
94938
113206
77346
95268
70692
86390
82648
101052
94822
92846
82488
75074
105974
87448
78884
90536
90354
76490
114024
117826
97736
87472
77574
71216
104462
104628
73764
93666
85158
105944
129724
78650
99742
97784
102970
84404
107290
96426
118248
89370
94688
111186
79154
83344
113546
90062
125036
99844
85208
116802
99716
67606
77828
99554
75982
85144
119772
85216
106890
86588
85636
76554
74992
109410
73682
99926
72818
108482
102110
93408
68346
88824
115920
108602
96878
77874
102534
115644
104000
104968
102318
119166
118312
98256
67162
73546
101080
92454
68784
74310
103052
93916
85874
85890
99422
94112
125734
100588
118890
108992
105964
91456
86938
97216
82576
87398
93490
107582
68570
95396
85534
87134
103612
70988
77038
108068
79238
68752
88178
106006
97728
104308
101942
76268
72954
69960
104614
67472
82122
93442
91838
106936
110286
101074
84098
75948
116168
77754
99710
91388
91556
75690
110588
81090
103256
110538
102298
92276
76194
120240
86048
70058
109816
110778
110756
100144
97292
73142
89056
68402
113592
100036
67196
95554
76154
88358
108334
67144
105862
114090
91868
111906
86078
70592
78700
86592
94396
106722
94508
113272
68064
87646
93994
95700
118904
103496
106572
84994
108866
79896
82512
85216
80532
98990
102716
82902
66578
70728
70406
85750
69924
90820
90238
84362
81236
108470
119860
103354
92906
66742
80376
89154
85260
100284
102166
81478
76006
93086
78336
104674
103664
108854
115372
118092
109864
82850
67276
70262
92060
95728
109960
89612
73856
81004
87460
96776
108424
96264
84320
93612
66834
67352
121880
93568
107072
91776
112606
75448
76786
102292
103656
73498
107260
78868
120938
67734
76640
106834
111666
71056
80142
78108
80562
86598
94658
89306
91858
106762
68854
122904
83002
118166
74424
71972
115184
82344
95696
79950
116142
71802
105412
103616
110392
75940
74982
99272
118250
116148
103828
74602
89344
97168
85736
84596
94270
74788
93534
72584
81514
78010
92968
107698
109916
84056
89988
96010
83308
90382
70274
92036
85490
90012
111032
79572
102164
119056
89688
109050
80048
105288
124790
90436
93522
106434
114636
66762
100342
102458
111434
102462
76534
96326
104720
105478
110084
107324
84944
119664
78174
81648
106188
95132
122904
114292
73174
74702
69906
69992
107328
88534
84686
104114
78088
80512
85924
98996
94698
106846
87756
86104
98472
99390
90984
131706
81804
114134
96234
72944
108922
99132
76490
120192
80448
77192
106872
83252
93068
105724
84066
85242
100098
112362
75046
110226
70508
86364
84078
105338
77674
88214
84684
109994
76224
73228
95358
87308
88456
94044
102216
87116
79324
91286
106716
106158
91570
101414
89796
71620
85516
69116
106634
93892
85006
72762
102060
122156
105492
94992
87598
67938
81406
89646
68306
98566
77236
78734
110712
89696
105822
105060
84592
101026
112912
103366
113708
85740
114270
84324
123948
91238
88514
108706
77062
85752
85132
70940
105602
76432
95450
97278
78270
107892
93162
110762
104384
86790
101250
117524
93242
98060
91522
89408
94726
96968
95360
71782
92398
86570
90400
100086
82010
83534
86848
105208
120562
89810
71278
114980
112230
84374
120922
74130
74130
93022
96596
122774
100866
89854
107634
94876
94028
72970
71360
124434
116318
106790
72698
85952
67612
67404
75786
68534
89470
89830
84026
67156
104914
73772
117568
98888
100214
97192
121152
75784
72962
75692
110384
119492
111548
70784
77946
109700
98364
96358
78508
88728
109134
83020
78414
112962
119914
112342
84318
99616
80964
74028
85282
96936
89708
77444
98574
82268
71364
93748
117918
111208
107842
111416
84142
92992
86508
92402
88872
88414
123486
115826
106668
79090
73996
78682
78530
94154
79228
79582
79602
76692
97622
87202
90398
90120
113028
125696
129672
69328
81384
110026
95686
73904
92102
110526
94678
70118
102122
72494
108846
86460
90556
79800
92178
69818
105528
77074
90346
86212
78012
96456
95268
86978
100514
95644
104632
73140
108428
102868
108132
99668
71550
93254
112242
86818
107858
100790
112158
121000
76434
85178
70596
80904
95534
103536
89914
83086
111456
105228
79442
118718
94960
89242
72734
109140
111460
112382
96210
76300
121290
77300
124144
108464
109546
70444
72024
114498
94470
103542
118142
91560
87650
108878
106052
92372
85144
88936
69300
71230
78766
83072
101378
111632
109266
87708
109454
87372
98256
105026
69616
118978
75978
88158
68212
123982
101966
90500
71256
102532
88024
94438
89978
87580
89358
104396
114892
97166
74154
78230
87724
88458
128746
97148
75124
69788
88122
102076
102046
93054
99258
88516
103454
96600
80170
101044
73442
103798
70412
125782
99564
104978
89894
91404
92006
97776
84998
91982
74496
102474
111722
74156
69130
100406
101090
83860
109852
78520
77512
101978
77568
96800
74550
72870
74438
90592
109354
80432
88470
92104
93126
95528
95514
109116
101370
104056
95256
87504
105822
99690
83956
114170
112168
99834
88314
120730
111702
122250
91290
83284
99974
107304
90360
75512
100368
107134
114206
78724
68844
120204
77332
71382
71510
96604
83380
127774
94628
73610
105220
94932
94572
100972
71826
120866
77756
114704
76232
103976
129202
111200
84334
104384
101296
94636
108560
92410
96014
101494
87018
98152
102778
86700
86014
110238
95232
104244
108612
86452
81110
91764
93824
91028
110008
89604
67134
99606
95246
107652
92236
86540
73294
88162
83042
110620
81294
80090
97880
99524
71618
101778
104410
92730
72548
109186
79256
76900
119342
125742
80452
91122
101400
70172
102334
91146
94558
66694
78534
107498
105874
109324
94380
102868
97848
83364
124880
67740
71618
81154
117848
117366
83982
76338
115284
127240
107452
78562
100204
90904
74876
126172
81908
80614
68196
71780
80010
91808
100388
107844
106540
104270
94980
97946
72370
101190
102610
71474
93740
105502
79772
96140
96270
73654
95444
107402
84014
89824
100494
98978
104690
70240
109448
97266
67396
100136
114940
110966
83048
123996
76698
108154
84524
105196
74276
95938
87720
71662
76804
76554
116216
97844
115650
79434
95904
122822
113234
77220
118978
90424
95900
94944
79054
111456
93326
100306
98022
81798
102864
113486
102940
97574
102974
72778
116712
98336
112508
86502
99192
97228
88802
82278
107214
81386
94456
124480
71452
105594
77456
102670
102704
68420
114866
93604
124140
111780
92082
89634
80394
84568
67768
102776
110600
99788
81774
86024
85374
85440
93060
116316
95658
71472
76196
70926
101210
89358
94124
92816
99556
110204
103654
67860
75530
113138
82746
112944
114256
74482
97360
91470
90206
84970
74446
114316
68752
69146
95918
106858
88690
75900
68902
102062
101462
77928
106754
90552
111334
103700
98078
74870
91958
80656
112894
70804
90768
111336
85810
88954
91242
80282
78170
66674
96840
106656
108104
102258
110158
107776
95204
119704
107372
73114
101768
104382
89848
73254
98142
111126
106000
81600
92486
75446
115134
68364
99224
84230
117042
76268
83460
100856
68020
100176
104410
96098
99288
91648
108344
78374
89642
83244
84716
91388
101240
109756
101578
118718
113698
105126
109848
90454
90594
74790
108104
85540
112686
90994
81356
87558
75862
108710
111530
92144
89372
105882
83188
71268
80682
101928
87542
76198
87098
98318
96578
109304
88556
108420
103456
96300
86730
100344
108248
74908
83422
89086
120314
70300
85428
94434
90954
99864
83304
104500
84222
84178
75196
108342
84552
81960
113730
72606
101846
105488
99572
77508
105218
117224
88486
94678
106280
80032
89146
107078
86226
90312
91626
98634
102338
121718
85996
72080
101924
71046
97440
100182
108886
107610
74758
85220
116180
80550
78050
114040
103244
94138
87834
84876
107544
76510
106472
104864
106308
76250
105170
102222
79326
92126
97210
71856
86074
116696
112608
95634
108150
108448
88070
119208
67212
70182
70584
109508
74940
77442
76108
93434
119882
76366
87302
72390
79330
105598
83082
95548
98156
109006
97600
92898
83816
72928
95174
69002
66710
75810
93980
122626
77838
86776
79150
109064
82846
89310
120666
115606
110898
106188
75692
97764
101360
77360
110328
66818
106196
84562
102832
104170
91738
73946
109368
96094
91442
73664
107796
88356
111110
67466
111952
88250
79038
69748
93042
74004
114626
105990
86326
71386
75598
122790
89904
102232
88520
115656
102358
93900
100022
109268
85312
113908
93940
108894
85026
130020
130708
88380
95964
104828
74652
95054
81036
83470
78276
98670
82704
96334
109144
100962
97610
82336
92882
92960
88148
115660
93964
100226
91498
72970
108590
110066
74018
80544
99428
66828
110562
114080
118944
80580
71416
88758
111852
74654
102926
113044
103766
107212
82054
68754
87838
107124
99612
117852
111594
98758
71976
91860
103074
81430
83552
97656
110944
104406
77258
83728
104974
108488
93524
125838
98978
113172
92326
118732
78560
70546
100044
115100
87288
88872
73520
66826
85160
70896
128040
75520
77502
74162
119536
104060
130670
68950
82852
98932
69384
84166
94168
119538
99046
103880
116166
102348
69960
66988
110050
90966
84280
84400
103316
98074
101270
84644
76572
104378
101474
110892
73286
116916
92462
83164
71240
107772
104752
89856
74568
88698
88734
92846
92376
101656
89934
70428
83430
124854
84598
101434
98504
75350
89308
87642
91020
72646
117042
91408
72576
114824
81932
80316
68002
93544
80584
83216
86578
78604
96622
69404
108626
85118
100572
97536
97706
96130
99560
77078
89584
109526
104082
84040
71026
81990
102512
112164
71646
94330
70506
114520
71674
106934
69790
100226
83506
84636
97794
93024
92340
76048
97620
101012
75226
104134
101314
125108
79570
84224
91136
85408
90214
87206
98626
111692
97324
91680
124862
73530
109560
68436
100080
99170
73310
68956
116712
71634
78786
79062
107516
70808
82046
71552
88490
90346
109086
106930
93558
90244
81070
78940
69198
106066
70328
101438
95122
91348
120854
83038
108772
111378
106462
92662
103422
87918
81472
110542
112968
100032
86878
88432
108400
96616
95030
104058
87916
73112
80944
97354
107970
108020
114262
94810
115928
93488
74716
114940
103426
92394
120832
85304
88810
83346
98880
81394
108450
113532
83730
81618
68310
92046
66812
94968
91506
92714
93874
125412
86316
98236
73170
71184
73504
74904
102920
82054
86784
81558
112898
78408
77954
89786
70726
96630
73812
74156
102508
90450
108116
97598
82710
104184
113572
70920
120676
100934
94260
89400
109812
85066
95736
85698
125312
92454
86882
77792
108812
106906
78828
85226
104952
76420
74820
114338
78934
106608
86370
115600
88734
78196
116336
76232
74498
96396
74170
114016
67482
81562
79660
81318
82460
110304
108152
91844
71272
86596
99070
85590
91588
105822
74982
75088
104636
107686
72226
71446
104920
81646
90290
74832
109700
86220
98402
92220
101292
120852
87028
88228
86192
98764
85548
80090
119788
101910
77324
93926
99316
73618
94292
91208
126674
80526
103278
73606
70316
67682
96120
103406
111320
87936
100508
121846
101364
74614
73956
116292
68902
66986
106748
79690
87460
93520
95842
75836
98960
110234
76214
106726
76434
88378
99650
104266
94470
79238
82654
78172
88758
71908
81846
102358
102314
79972
114590
94364
107904
99420
80564
87684
68044
75592
102112
115948
85430
103944
89364
114800
117210
124362
72222
75166
105314
92160
103072
82868
110928
97442
86576
106124
70098
130746
101578
89360
114066
96720
78660
68952
105076
90746
98474
116808
74056
83178
115612
85654
100754
77460
116920
84448
68882
68128
84770
96860
102370
67886
108114
112580
70066
70218
122016
82602
104300
87406
99650
70550
109726
106848
83886
95674
67028
86742
101150
112200
87364
87826
106358
97182
98500
80540
106958
100476
101248
94360
67240
91020
97988
67278
116864
85954
66696
75574
82242
96298
92148
109384
69938
88964
104918
79000
68702
92072
124930
74692
105854
107566
105840
111562
97192
88882
76932
81000
76712
115620
104642
83044
116722
109296
71826
105848
105938
102566
105962
82190
98198
70670
96938
71020
96388
93910
116370
105038
93144
69300
94894
70198
70986
105592
88198
111176
108064
76642
105646
100426
104550
100160
86358
89446
68438
115894
108582
74064
74978
83094
73920
98222
101930
86560
86910
66978
102584
87880
108896
118318
108026
91774
115088
94910
79742
111362
99458
109504
81570
114410
94036
74934
80364
112458
94742
72824
69124
79764
77084
100176
105686
78816
76886
112432
101034
126034
71538
76550
74076
73800
75578
104198
66594
78124
117284
94580
108950
103254
105712
103762
105502
108080
89322
82734
119968
82766
96680
70060
78532
88434
119278
107430
100338
76124
99308
115996
73272
79970
78570
95564
104274
119754
94614
79410
88612
114466
76680
97028
120210
73874
106430
72748
105322
91322
87488
88238
104846
120948
100078
97714
109220
81544
83822
81146
79922
121792
120034
82312
106926
77588
69260
111792
83884
112372
112306
129768
129010
96444
95318
70346
112768
89420
87140
100258
79784
90944
106558
107876
93096
80898
98012
82422
84484
80844
110674
86824
68170
93826
87182
106640
96158
86702
103282
104238
109514
69206
71258
94742
121134
70022
85442
99954
77342
86156
78782
76930
98880
94054
76786
96796
84158
83762
95646
79490
107332
95332
83596
114554
102544
71766
96748
81632
69882
70948
76228
94114
81670
85612
81306
89232
84462
77822
132670
98960
76352
85762
88778
74284
131672
66982
71346
105504
110418
83632
73726
96714
87090
100944
90800
107744
110272
107222
86494
80038
95672
78326
76598
98938
69428
118612
90158
86038
89846
105690
108878
108146
102630
97224
68384
99312
82038
70112
107896
94022
104230
111658
99868
104908
104698
84114
68354
119808
101168
109218
111020
112072
91656
66698
105190
73220
98702
101756
86894
67990
106566
82412
85182
126240
96870
88796
103918
107032
69974
94852
99324
89726
99714
106690
98992
122948
80556
114638
103190
93280
106490
113092
88204
91558
86580
94098
104158
87646
95824
85926
102360
102760
87886
105862
104974
87502
73512
96340
71524
77784
100586
101332
112112
103156
111848
81598
80732
73054
92080
84090
84480
100932
101494
85420
113254
70850
89638
119144
81726
100042
89570
98410
71812
69660
118322
82884
100052
79056
116248
76850
86624
93160
85454
80996
80044
95966
99832
112190
75810
108890
67298
90970
105094
77518
80126
80014
89094
72206
84624
106244
99502
102560
67912
82774
75474
96794
123830
75596
110782
115024
104276
120838
88326
128136
90546
80064
89072
91972
80642
72256
94478
96374
95532
90764
69364
93746
108110
69676
82320
108784
127096
81532
114158
106208
87192
75056
97000
87286
83126
98838
100552
76250
95828
96862
98872
102872
108566
101172
85984
95008
101018
99324
121808
102198
88042
92472
105148
106620
89052
118276
74192
121510
87610
72564
87200
70254
92400
94948
100278
67122
100948
115320
79906
100958
96282
101706
90482
103170
89486
89960
81870
83484
98590
107034
97142
116674
106464
93862
86484
93190
83202
75554
89000
105512
75182
117226
93262
104868
74094
106266
112212
93544
126796
96906
88824
91192
75766
113674
69528
82116
79110
102884
112238
70028
73680
96188
92146
102246
86114
104686
84974
80086
111248
113184
100692
90542
106276
82302
95116
108928
96164
97788
95950
123770
111426
114428
99988
111926
77038
75456
66838
82896
122080
106018
71084
82728
70464
77352
80162
92814
114986
99614
93044
104864
81670
84790
108766
97366
67258
82682
77450
110146
87598
91876
86152
94256
70768
83798
95494
92800
102780
109082
117496
84748
106856
76420
81046
97638
83856
94418
105354
107078
94544
81788
111776
106302
103128
105476
83566
90646
85912
118084
93564
122182
80794
74384
74100
121428
90784
98910
78942
102388
72218
88326
107998
79138
68800
110914
90636
89910
111764
94466
107872
106268
78712
84134
87442
100580
84664
106710
72768
103942
72242
109560
114054
81892
102934
100730
93284
100706
101560
104770
83592
83710
100838
97142
86134
110498
103676
105628
103604
100694
93026
72436
73124
90604
88742
90164
107164
78146
110700
86634
73530
78646
87478
103274
69228
106384
89918
91902
97318
94412
97868
107120
111276
80900
91060
88850
91522
67390
66618
89566
98844
70068
75704
76356
75328
90000
70694
68726
78132
98468
96032
96096
106122
109118
81730
81172
85900
85854
98926
105878
92586
90040
70768
88700
120930
96614
105762
80152
116202
93848
101800
99236
78424
83432
82710
99360
70838
90322
111560
103600
100706
110788
77652
96332
102402
68492
69268
88098
82750
81040
98952
77356
114078
132016
79808
88726
72380
120994
103422
98464
128686
105964
111380
108722
111596
107546
96282
98306
109582
87522
90342
97172
99424
85436
95896
101324
95294
79184
100602
81350
100714
96868
100356
102606
73660
87440
117154
87570
103768
81228
86028
119182
123954
79208
99390
74688
109912
71564
88352
89760
90090
78978
68730
110486
108628
100260
86530
105464
77056
81606
104044
67648
74960
81702
86294
102672
82418
67270
84682
100792
74870
107678
69454
67120
78946
78600
68626
73546
120746
109136
111134
84046
87052
112532
77806
79146
98482
123072
103972
76920
88428
101020
94168
77992
89594
117924
121720
86534
111408
83404
84408
81212
88920
117828
91096
97090
77008
79678
120592
113664
86304
109374
98754
90820
91108
116164
101028
79970
90098
129808
72442
89204
116516
66718
109652
101842
73152
72918
106586
99056
82260
69112
89412
86678
77018
75300
100162
77232
102130
99862
111864
103118
66868
100356
80956
107594
85530
110786
97144
113988
76502
69692
76318
81656
122002
97576
93638
110846
97254
76644
92566
90280
91862
115160
105564
104414
99614
103982
95990
120816
126310
121808
71878
107590
67768
104126
81966
96030
101086
94262
78110
131688
73166
107342
87190
107460
71858
84102
106124
87316
110738
128712
93298
81410
121832
86774
71356
78674
73476
96596
86052
109346
69168
112042
104836
89366
94738
104188
103594
108900
91030
96820
71800
86314
83794
67830
83546
100418
109854
110898
104166
74730
107610
121734
95954
94274
105882
66634
94552
98648
107560
83424
92472
100680
111914
97200
91066
110750
86422
95580
114880
81418
78236
95680
90524
75000
84150
103106
86972
76992
79324
118346
100696
76824
106738
89982
90922
76024
97890
84430
99590
78326
109016
83744
96140
114684
72362
93308
103628
89870
68106
97514
112736
111222
67366
97946
75750
72614
83614
70294
72860
93850
106034
90076
77264
85572
101558
92674
102994
73238
100512
110080
97662
90710
122162
91562
106698
91748
75336
103936
126736
96250
88732
93204
82500
78428
87006
115510
97424
87812
81412
73446
87702
83288
74828
106362
104606
112964
115964
68824
91800
93592
107804
107332
104200
100468
68184
104000
80630
94616
106284
75746
84324
84084
74886
78930
101476
75392
90940
90654
76054
94576
73830
89222
108156
71704
79310
71314
107718
105096
81882
112642
93638
86850
100760
72566
108178
86904
118032
106024
98588
95944
68194
97030
125726
77012
86754
79220
119200
124258
99956
106684
115954
110748
93442
76694
99998
98026
80518
98196
83850
118304
89856
77920
68648
77236
90624
70802
100960
87026
107076
85680
126730
67196
101734
92732
119964
86920
76290
110640
91246
101808
69426
96672
95632
78168
87116
101812
124168
123432
85376
112064
102450
75582
95524
124742
123384
94298
110396
114120
102744
107710
98350
71644
95310
74892
66882
94828
121466
120976
69584
106502
97472
117498
91404
90478
69646
108438
95878
106906
89888
84372
117254
108254
90424
105182
117086
77528
74434
84658
105770
66848
101460
106686
103492
85170
89512
76212
72274
99422
120516
105844
100910
99560
87854
110620
71448
99950
125024
101574
127958
103618
77410
115954
92644
66818
98900
73010
69148
79362
86608
89180
115340
87516
104028
113710
80050
92350
83402
104284
69798
70212
77356
72656
67544
95454
98750
101206
81222
84632
103110
91224
89306
76054
79652
67738
109956
96904
97864
73980
86560
107806
88660
117872
97148
87420
98300
83682
92206
78454
89244
117370
100890
103096
98660
88968
92334
83642
110630
70338
71764
119318
86856
73960
78086
70236
101632
114446
78596
101034
111500
114530
68406
104572
96988
109162
80856
99064
82432
80392
72402
111998
116414
98564
96868
79542
113606
71590
86650
98550
79874
101336
100186
124740
114398
81444
67440
70356
112156
77386
70522
82070
110360
92692
121410
90396
79772
106630
82666
106428
84296
91364
92888
110264
128670
74836
88404
86694
98358
67504
95174
113744
100434
116840
110196
116770
68008
100192
99138
74462
99506
109340
106726
109610
77134
107456
103492
72616
81334
114076
101638
102098
102168
107006
92464
87208
80034
85142
84288
77862
104086
69538
107076
78432
86970
82964
130724
116064
70826
89264
91738
108372
88896
82900
85018
76056
81712
91322
115166
78894
99470
95492
112370
96890
107392
108754
103150
86774
90110
104784
93358
74682
104944
75706
102620
91234
84506
77480
107972
100362
96896
110640
67692
108544
114406
79148
109686
89004
95142
88908
99368
104658
127066
116012
77570
79300
110574
103660
89460
83466
106992
98454
69922
91240
115414
77096
105450
92894
75624
78864
93052
98888
80140
81990
72790
105134
74516
128122
75690
83482
80224
71154
80206
70156
68098
102028
91034
102602
88960
101974
106502
78322
111424
81978
89172
91734
88886
110302
77724
77078
69420
72068
87762
86398
87250
84632
108004
77038
91022
77334
77062
104152
105678
94454
83888
99536
107610
93142
89700
81392
98212
93336
127058
85918
118616
80726
122722
87954
111150
77048
77058
79344
74540
88292
103098
108478
105640
113660
102042
117264
113414
84536
83974
92908
116678
69646
69848
78228
92588
82524
80566
88866
102392
68712
86056
89420
92378
117078
66962
93956
73976
81562
80332
72102
115468
79794
84550
106220
81902
70236
93982
96082
89502
103978
96760
73104
89034
100992
81456
72142
83370
67692
69562
114372
98024
80372
97950
116202
89932
124324
116958
67700
108054
73114
87522
67666
80720
70580
92664
71540
87126
121114
75394
99494
99170
68484
104798
109026
98446
94030
106426
87234
108434
103564
92436
109424
70466
97872
73210
95312
70776
132708
105454
94918
93354
95766
90068
94418
95820
83342
99266
111810
100370
100578
77540
70704
87826
90882
96958
111820
100604
112600
106890
78172
103142
102930
66992
90702
96324
88936
90918
89560
94238
83042
76446
76750
80504
110622
72634
113086
95904
122588
67998
111534
77788
74736
80076
105356
113210
108210
92678
100108
106946
96256
67924
126556
108750
103192
111240
98354
102272
93804
105210
103930
82496
81824
81468
107548
121980
68226
75962
68960
96394
67012
103764
120250
71932
115102
90492
107276
106184
78714
82462
92706
79328
84668
77780
128146
106638
95980
68430
93488
72558
94352
106658
129784
91218
124886
83676
120718
83218
110044
74904
102974
81214
92316
77066
102896
109286
78000
74204
82888
97702
79840
111550
98736
79672
67022
66706
124702
81410
86334
97980
94652
79750
69828
116962
104758
89838
79276
94718
117736
76718
72254
107698
107290
80334
74332
68144
81564
108002
110430
75620
91278
69612
100148
82528
113602
72890
85500
92060
87798
66794
109428
72744
68446
109318
72712
66898
78714
85738
85130
80300
109458
72644
75668
114924
79242
100572
83254
88344
109658
97852
105210
103716
87308
87290
125276
77138
94802
83518
104642
98014
107768
67714
104894
110718
112560
82616
111002
102908
107384
112586
89348
96932
96732
93502
120590
85992
84278
102442
94508
82680
107404
93790
83768
89606
102952
79718
91086
77674
103902
81562
79800
81806
107974
78304
106326
80938
110530
96762
79192
72374
95984
88404
90506
101086
81250
105464
91854
103786
82050
70880
97970
81196
91458
107166
115312
120930
73094
100610
92522
67470
118986
73364
105174
68172
93678
79152
70146
94214
89344
82674
93028
88494
101698
113432
105416
123736
104476
106710
106084
93668
115464
69636
119504
76212
103752
68708
91518
86352
68668
113768
80598
90230
100692
81886
101330
111238
95088
98372
80466
73598
100014
79968
115546
70724
96068
72652
99650
96624
89984
107842
83912
108562
78538
82448
93358
84580
82162
70242
102438
89090
75626
76950
107008
91508
84738
98436
86290
66720
75962
74888
116004
114314
87510
102536
94598
103164
81980
116040
75354
77372
97054
102374
127972
104330
88000
101582
88630
70888
80454
122782
116194
96600
102432
71772
80232
96700
78228
103410
84950
113700
124606
107000
75576
108978
76138
101056
70262
93610
99722
83574
76464
83898
78060
114896
99814
80984
98132
106786
104508
70630
96860
94550
77288
68200
77818
98568
89688
85758
96478
108372
113270
100820
102138
100458
70546
101068
96128
102242
99846
99064
119482
101274
108936
77182
108070
105736
100562
71078
79078
97308
108572
80864
88210
83780
93402
98132
123822
88084
70342
76660
97024
79460
68722
94122
78836
109262
79822
110944
104836
77890
72476
86988
69288
91554
105220
74374
92978
121848
73120
111796
74488
86112
82634
97386
72984
98016
115346
67506
96980
103082
103004
72118
72640
85270
79990
93254
73308
84352
100206
83094
93288
103266
80530
124870
92982
107390
104594
126130
80128
69750
115556
102390
83336
104088
75120
89294
67240
108370
116086
93308
94418
98006
85398
85834
99474
84610
75936
108898
69972
111084
91954
82376
107082
70026
80496
106466
115660
66914
75004
103468
80946
83874
109764
74578
87968
108078
80828
81210
109350
104012
76146
114118
77790
89590
111698
78214
91456
96742
87840
70744
85608
74598
105608
100988
66712
80510
69036
131762
70238
104820
85690
104202
115124
77712
80614
89854
87986
97880
112050
72666
69532
83866
101164
101838
73542
111828
81842
68026
101262
93306
103010
111026
93628
101384
120806
76650
76610
82754
86218
88832
110144
124620
82450
106030
99010
107024
84740
117980
79232
93974
89354
83154
80866
68974
107452
73490
109658
108414
72722
74178
71848
96678
115664
95754
90240
81844
101162
99054
114278
102310
67458
82758
77564
118902
100232
92370
69830
102352
87942
100558
78172
102008
84794
82736
82318
95878
101470
68688
96314
76928
86480
113228
103570
93656
88906
83842
108414
76002
108058
107000
113422
81090
73794
86574
79426
100352
112260
92204
103578
83154
114858
100122
73538
82916
78976
109186
91452
109564
98520
84618
69376
67884
123754
91474
72236
94554
94516
116356
92236
107274
90632
75562
97234
124234
71376
89154
90508
79564
96810
77068
107578
96372
72712
111002
102336
77786
111392
86024
131054
82404
72952
85196
116606
109080
76018
82354
86940
77816
103964
101212
97052
92072
128774
112170
72590
81408
70242
113876
99674
101208
75552
106132
79288
76074
92432
89002
100896
72116
112792
100704
95852
113452
103754
74434
86320
113612
107142
105660
92744
97930
77554
94918
82344
72196
79524
109530
68806
86794
127210
109158
83450
67476
76518
111818
77694
117218
105390
94450
79714
73350
106126
118646
85352
104306
101800
108466
107708
122966
87336
71158
79606
89182
100032
99022
86246
95570
108178
99992
104508
82330
68718
70156
118700
76532
104448
92020
79006
79842
71432
104556
69474
90684
108414
109982
111628
89214
95780
101986
78286
77084
95154
70872
103182
93750
101418
70374
103238
91212
85924
74488
89916
109170
104808
78664
107172
117096
101754
103746
69338
78880
83110
74934
112534
82168
106622
86436
88704
100450
71064
88898
104296
91978
76688
73408
102264
105320
106764
88828
97166
75954
78260
102526
110868
81106
116522
107692
82752
110070
80738
106674
79388
66636
78192
118404
124006
83226
97318
84000
72612
109676
104122
83922
97108
74676
113448
74914
86988
87398
100536
67956
86068
106296
88034
118152
106998
98588
107210
73982
74490
81208
74664
124182
81420
68134
117760
107534
71942
72048
112660
94724
105578
105306
106570
88422
107600
74798
68374
85026
84036
77774
99688
102008
73142
111146
103842
80416
96964
90926
111476
97654
103322
95074
84920
112088
101698
119454
72920
92734
95644
95778
78488
117608
102802
104288
103870
92950
102576
119494
84776
94706
72438
107862
104684
89036
93512
101934
85182
80464
92262
91148
84626
88454
67182
87466
72868
72406
99822
78156
94730
121400
105718
83750
113794
115162
108454
84644
77464
84988
74566
78548
124756
71386
69892
108116
123310
107828
66982
125648
80002
105068
71892
103220
85764
82566
78618
116200
100346
100654
89424
110480
111806
96838
86538
112582
96942
112528
72388
107626
90830
88400
79202
87372
111234
90238
69226
67908
122822
118734
72216
104908
112386
82564
76838
101254
110000
101102
104960
119162
80076
96380
125822
100690
74896
69540
106910
67168
109170
89126
87962
73860
69412
123122
123052
99996
101622
103434
105002
102340
70516
103778
79922
127690
71498
72104
108512
90670
98092
113078
89738
98074
103258
108748
71254
115478
80790
105672
89812
80130
87800
68778
73886
77270
79678
86330
110512
75452
126720
108602
92220
100660
108528
79334
71554
83626
91792
100754
67292
97486
97504
98380
77334
104976
69598
77712
99226
114790
104070
90938
68558
108558
86256
84878
109864
100702
97528
75502
103492
105914
69252
108226
124804
75536
94832
81864
102610
101708
67950
96924
81180
106420
114134
116114
75732
88634
79096
91814
95538
84026
114812
85440
128834
70706
102176
103080
101000
85686
89016
68560
100056
118098
109932
83262
95050
117976
103476
97624
74634
70842
119900
82962
112152
69338
85594
97622
87624
75872
93968
101870
106222
116472
95074
102076
78876
93290
123820
115618
100004
106684
110188
107468
102748
79250
108734
106020
117914
113412
107052
96682
83788
76268
91070
94590
68340
82182
83360
92464
91300
94770
110612
88400
121260
68560
110134
99272
103588
75936
106004
102876
74018
103656
109578
104516
103178
98870
95924
89086
80068
86750
115286
69922
82864
103860
88270
113622
113118
79916
95040
107612
94940
113776
85808
106068
111378
71054
75364
91470
82634
77832
85062
103980
85468
109880
96148
85316
118864
84486
98440
68324
101854
87340
88346
76204
100728
89578
72738
94016
99182
82950
105388
84722
73174
84006
103444
85576
98756
109228
105100
76624
99826
88174
72414
98466
112070
107694
98098
76106
81920
118048
113482
87488
95986
101174
78126
97038
94496
75730
119190
79398
77430
85912
79300
110448
93628
79474
105894
80270
72180
87600
75312
90258
112302
92154
95936
91310
88620
75002
96606
80036
102342
102944
92194
86096
91782
103516
107536
94708
103684
106330
109984
113648
81418
67878
75786
79126
118128
84390
108728
95382
90802
113920
115604
83912
85384
106346
82554
89308
95016
94046
107066
90998
94286
92460
80686
70982
91210
85938
97258
81820
70868
106366
106054
75686
79242
80638
88314
67434
105834
97242
95638
122322
77894
67742
95296
86442
104028
73980
104566
74676
104118
94318
113792
105328
69710
93634
89574
85174
105308
92930
98634
89570
111572
77128
67716
74442
116210
78830
125066
97918
89400
95128
67698
91822
97504
82864
72694
97166
81126
80518
101780
104718
66600
73274
91934
102518
88066
105428
114962
91734
111420
100172
71950
88068
107808
109792
113952
79908
76660
101360
84520
78334
71718
103160
99430
84546
78722
101110
80154
107298
85620
106750
98838
91908
99026
94242
88060
107134
68832
68156
122206
67206
107998
96224
111178
78970
75350
100438
123784
71326
67666
101928
83988
111060
107018
102346
76018
99026
94900
113798
97890
99156
81520
69748
79786
67722
80584
87560
89406
77000
76456
98280
108570
118986
92572
104804
89848
97172
97894
70666
119912
68714
97750
104932
111706
67928
87216
93230
108614
121158
106210
106512
69634
102190
117520
96238
112050
78544
112316
70446
107324
72604
89400
110792
111868
81104
68058
73534
88416
79906
87414
109464
108368
119370
113704
106954
69120
87504
105452
73950
117982
83546
72494
111380
100592
83822
92898
87142
82224
106612
77680
80080
84702
76262
68426
118094
129764
127416
77014
101528
106194
89588
118920
73126
102104
67926
116898
106554
115144
95922
97644
72336
100946
85706
113318
73482
83920
76558
81022
96634
90918
93560
96244
73224
91464
78486
83152
117044
106512
107956
97592
97792
108192
94934
107144
100648
68756
70292
85568
97036
81032
78476
67642
85492
85704
74040
72342
101992
90024
114086
67510
103182
75610
75496
72084
86944
92986
103542
88698
90924
76072
106960
103150
89642
115124
67420
80020
111202
117034
109386
73296
94474
89186
120958
119792
76162
84228
117456
93488
93018
86362
73114
93120
92102
122558
83384
93966
84900
72732
125680
89050
98500
107702
115304
114100
114850
113978
88944
91758
124114
87744
102426
109280
115862
120662
109824
108668
110428
69028
74538
70788
96650
117068
68758
80358
122670
67732
71506
96146
77004
96394
89242
71436
82036
72058
107818
115110
109670
91062
91462
95560
80310
78152
92414
88182
96246
106718
95596
73264
81478
75166
90086
103484
118778
77886
69312
90950
116390
71202
93662
125250
114020
102894
78098
74346
89882
114898
115218
125092
68930
117932
83330
123698
106168
82990
94074
86494
74700
93628
108296
72720
85044
112128
73978
81796
89864
87650
103528
104810
91502
124048
103104
128728
99894
107362
77790
79372
99002
105222
125220
69276
111740
105090
109152
101840
84730
69164
67588
104166
106656
105128
86582
85044
101896
89188
116858
99452
74996
72904
104842
119400
82826
75140
69054
115504
94034
108770
89802
92748
80494
80284
101366
75540
106364
68002
106486
103808
107018
90324
67416
102274
75678
122062
89524
70288
81448
95694
102298
112460
96266
99298
85940
111150
110120
89568
107830
127714
116036
91428
96552
100838
92090
77246
110450
109506
96352
90750
102498
77614
99814
79534
110866
90574
73398
100014
104196
89872
94882
103670
81904
70712
107264
127004
73026
103398
82176
80724
99234
90622
99674
103508
74740
92808
69910
94024
103986
97218
104568
79674
103396
112992
68352
71946
112648
68882
91870
87478
114324
85552
117036
130772
92628
103650
78820
88626
97228
90104
83514
78290
98334
69344
101194
104930
103964
105966
86674
77760
70326
91500
75016
84264
69234
113020
107392
86044
111162
71900
100524
93486
106628
75510
77712
118774
70974
115046
73338
99186
103932
107206
85266
108294
107998
104800
92464
80534
106234
73954
102778
83226
115328
99648
85256
127280
101220
88956
109590
112002
111196
79956
76090
70092
72602
122616
109844
93868
85620
101112
105472
78360
75236
96762
87366
127908
94560
100322
75016
108248
90448
121738
95480
123386
86806
90254
102816
80786
76246
93052
92678
103202
112790
79630
91138
105976
90878
88986
73160
86408
73326
85258
87156
109526
89534
78638
73444
106826
85462
95436
106488
109716
76288
66936
92986
91374
88368
91338
110758
102128
100732
103274
88372
83540
75720
93018
99630
86848
74324
84540
113094
110478
77336
96526
116412
90758
85106
122000
114324
87164
83536
113428
96430
116718
94268
70776
123368
87366
105330
106050
106252
68324
114974
99632
73548
108956
108104
109716
75958
121114
89944
76700
81860
108082
112130
118526
93220
80888
105866
90440
77390
101852
88626
84242
113018
105014
76142
86610
70160
106566
88984
112118
73726
112186
68798
114924
104652
93234
99786
87662
85206
95276
106418
84012
85084
69596
92336
98052
93228
126452
90588
83384
78636
100242
85062
73958
105560
95238
105338
82044
108724
86254
97208
117520
71132
82288
87506
90904
92812
96728
105788
87950
74864
102600
97372
95168
87434
119892
84396
84840
103660
111346
123714
76720
73352
79230
113752
115270
116016
86478
100986
79076
97922
84176
94474
85250
114224
79036
127790
70640
88762
86740
80460
91036
87580
105100
82230
103342
82552
110954
83980
78898
83322
106874
130116
108386
104658
68114
94774
92736
75362
66650
82570
90576
108636
77462
101808
74690
115148
84706
86618
101648
80170
82804
103170
120214
112998
109630
69512
86506
76948
97274
88670
105774
82024
86168
79050
106966
90496
117446
105706
76176
71738
96460
108470
111052
112586
83124
106308
95058
72728
89130
67216
74844
120052
115980
88118
96740
94018
85418
90130
104230
88522
99642
95134
72034
93978
89862
100464
77050
103762
68448
104264
89238
101010
83802
96688
69522
101104
77924
89490
94010
90372
67344
68312
98264
103932
126758
69762
76496
81852
104094
79244
92992
80636
67220
84424
69546
102608
113462
98980
67522
100866
109998
98622
106776
98500
103716
96782
116712
73260
100364
75410
91462
77584
67144
102976
94838
68906
118646
99892
105278
76992
88132
84874
77388
71776
86300
115136
67492
79392
95170
87366
79662
66876
86014
66622
111906
87492
120094
87026
107372
76876
85582
92836
69320
97446
67782
77568
87114
108178
102236
82674
100340
110218
95400
96134
67158
72696
86860
112452
82112
86186
94288
97236
95636
75416
105262
108534
110240
98732
70416
96426
105806
107314
103678
87632
80710
101120
110454
83026
103252
91676
104552
117354
73806
119456
109506
69616
69808
89482
111756
81922
103204
104936
117966
101566
79628
70434
99322
90466
110006
70644
71500
70856
86632
105304
102450
99942
84524
70906
82004
107414
97314
83636
92028
73954
86092
72820
93698
95502
120408
88672
104264
78984
94772
96882
87534
115000
79656
96018
102082
118518
71354
71310
113254
112312
81268
82184
92968
106670
69124
112492
94558
121422
74200
93686
85478
79452
69334
108340
92834
70930
103194
125802
69766
99912
74956
108356
86476
76992
108638
100978
89490
91120
69594
88544
88094
77172
71934
92428
100778
99460
104032
76028
103944
82374
106088
102594
105718
109906
112838
93114
123682
97546
81444
96982
111200
98806
69714
107958
90402
104134
80016
82634
103754
105324
72086
97966
83608
76616
90870
113502
95384
66808
90330
125076
108604
112356
82174
122518
95956
72924
111326
94548
91376
112810
109832
101748
67194
67068
101360
73328
108338
75538
68422
88878
78708
120558
79082
75344
87004
98152
79986
67760
86964
74208
80256
77042
72010
90876
74856
85986
81368
100656
78804
87420
75778
91960
114134
106668
84246
74694
95290
99724
88684
82252
114256
86420
79904
81352
71556
80048
101794
104684
71204
108444
69760
76468
90682
73570
81904
86140
102846
106212
98552
122548
90282
89308
82072
96744
68392
127730
112200
89678
88208
91376
127082
83704
78064
105668
103404
103222
120682
103116
66984
74040
71470
94046
67866
107892
76800
71462
88634
96940
95310
82712
90418
94128
100196
118104
97278
89130
89912
105820
106424
124762
101798
129018
104200
108642
108750
71878
95958
88676
106778
74630
87430
100974
82576
108794
108018
105176
91516
97546
84126
102434
115580
123976
107186
84340
70592
75442
103850
95744
91790
67680
95976
86786
81894
84432
78198
117830
104430
90470
89892
92070
105542
73168
99244
83414
96470
66818
108660
86880
78262
94636
118784
93816
97958
69036
92096
111944
107400
97298
75496
98762
73780
91162
101240
105640
89174
127796
67314
114796
97896
95068
105898
87370
88076
94688
86896
72384
69488
96094
102778
70542
96486
107280
81274
96198
74018
82866
99906
67700
78416
69286
91478
84938
92306
97876
80952
81432
78248
122380
106996
106358
93098
87090
90614
92114
104636
98266
99028
125470
113270
94430
68906
99344
78896
125090
100478
105172
109304
105658
87946
92242
95360
123236
117128
81468
108190
72748
97800
67902
112176
93378
67044
96684
79866
75106
107596
77304
89926
91040
106990
102610
81894
95284
68868
87864
96876
121076
89564
107854
95572
100822
113616
78456
112266
103730
74484
71862
93364
111372
109548
82580
72148
97778
101566
93674
106246
90130
93040
69766
84730
71268
86988
81252
84484
69882
115028
103682
120218
74820
80044
116814
109802
104692
89232
87880
109840
102874
66634
129786
115108
92482
76944
80256
106618
90482
93472
104916
109672
73810
90850
84314
102320
112726
87008
101692
88550
68832
78992
90914
73380
90760
77710
98808
79618
82460
104686
88246
106486
79672
74540
119278
102674
94964
76004
82468
68118
103930
82154
69942
74156
105322
82456
91738
69542
118614
83524
101292
116352
71016
105884
89624
94420
90288
106640
78118
99126
75286
115430
70846
102604
68778
68392
83706
102232
72742
94014
84510
83220
99106
73764
103584
98388
93000
106848
92776
104818
69004
94532
73588
97362
104138
68868
90694
118570
113368
76566
106178
91558
108110
74160
68610
87440
98324
115550
75420
99340
70248
85856
67750
80990
86084
84794
111198
101710
77100
86260
85952
108734
77206
110542
87876
90450
98512
109496
105188
73038
116132
74796
85182
82158
78312
112762
110494
113336
108456
78658
72648
78712
89790
121100
95130
70060
98818
104488
86520
106042
80486
97966
103896
100936
85728
96838
92980
100742
67056
74972
77430
66720
89794
92904
103518
104144
83058
104760
103856
90232
110318
109292
85486
101474
109802
95582
69210
118986
106678
88886
107236
109024
71238
114862
120074
80142
68174
122164
99050
103800
74174
119360
77296
109496
100812
105588
67434
100102
78348
108768
73762
108570
102996
112980
85538
74034
92386
89954
101774
108222
74264
86446
95452
102662
97144
90694
106496
89962
95230
76634
113250
107580
71272
75574
104242
98904
117810
97830
120044
108862
72186
117540
74936
95292
75208
112868
89578
112132
76490
116024
105618
99200
76636
73852
103758
88064
120786
111152
113892
93420
118224
72904
112458
97712
107688
97660
91814
98300
71348
104872
86948
91354
76500
113278
97128
108730
99794
67020
88996
94024
67518
100870
115960
103052
103862
92280
94518
96136
83734
108828
96632
91486
107602
90744
87604
75142
73558
87126
91502
100348
87188
106404
112140
90196
103846
100376
76586
83328
100764
99352
107596
70624
86398
68960
95502
101602
91728
98848
99030
91916
119790
69278
107060
114810
93842
67484
110604
96296
86424
78566
95178
94468
98674
83178
82580
76856
81372
97488
67038
79822
83644
95776
91966
67738
97510
107738
89082
114702
74698
96702
107678
92932
108318
77716
75040
89020
120258
118370
125964
102534
102692
93392
99750
99592
109236
87702
109296
132724
99652
87894
117338
98306
86334
101732
94180
120952
97448
100416
91208
89266
70722
75462
68106
98886
80794
88094
94616
90168
85676
81526
127788
109226
94214
91372
94410
92450
83374
99464
81768
96644
95664
113374
130822
126878
106904
92576
88244
74218
94900
89858
90990
76374
110840
80882
122906
102164
94842
110474
69144
93316
112094
96674
93092
103026
103480
92706
109724
69658
94834
109030
74230
101646
103252
95050
77114
95430
71362
112640
74484
82838
98588
102220
87766
78538
82482
100306
96820
95632
88272
98030
88174
80548
79722
80332
70694
81870
97952
91748
70096
69406
71862
76400
97268
108904
86886
87180
69710
107846
88682
71856
84648
108662
104672
123750
88968
105848
78310
91424
97670
83774
114532
98036
102816
97272
70690
73510
80738
89064
82394
95734
88104
114924
93494
107274
121760
106050
96950
104172
87516
78094
71382
89556
76188
98224
77834
104198
78444
124176
96436
74972
90530
71348
87316
74172
105998
92140
97654
91158
101764
106404
77526
101626
76844
75286
104906
113070
77272
91664
88206
91902
103988
105048
82986
102070
76474
104392
102362
118880
84612
108464
93764
110614
88214
109574
86232
123810
113258
79504
86092
66654
68410
93632
109376
96944
87188
113972
75324
107178
84826
84508
95714
100184
103264
100392
91366
73300
101662
97970
107854
87948
107698
120594
102212
107440
106766
110368
73452
95192
88322
86998
99722
92166
85192
98808
79708
117368
97316
110250
90536
98366
94238
91962
95294
100482
101900
92476
117520
113588
128726
105874
101142
112306
81846
92924
107214
94934
85258
105822
89260
89262
92800
77888
85980
96532
88422
113006
66598
130686
100708
81606
80328
104006
77194
107982
102136
114342
106802
120458
71354
98974
75692
86036
90116
107528
111094
76626
88066
81334
92172
67806
85338
105266
88606
76410
84880
106480
121396
104634
72792
94854
93350
109264
108478
91068
120192
110188
126750
98350
76406
101412
103416
105134
106644
68350
118260
95802
96028
106316
89042
80234
117418
101790
100834
107698
93976
111332
75162
92710
70186
81510
113012
110134
97548
91352
113000
72418
102822
81346
107138
97548
105024
84922
86864
74126
116330
71048
97064
98194
100100
85638
76998
97346
82494
90336
119894
108112
69040
90362
112478
84932
110294
102042
75352
72580
89768
90662
70444
72096
114592
84784
92040
81960
117106
125996
109976
106816
100388
98360
76758
122900
110310
109248
68356
122908
86742
72400
88912
98866
99068
84938
75392
70012
108992
84108
100024
120250
97846
101834
86738
74674
76286
86314
81448
107696
92224
107368
97472
124490
90854
73662
91532
127770
108558
73918
92122
82160
73556
107832
93590
114424
90188
74518
82186
74742
117876
91272
115882
96454
99592
84246
69018
81680
94304
105618
99604
117194
88604
70042
97336
95544
81730
113796
80518
114350
100598
108078
98952
98742
103418
92972
111574
100716
80556
94964
112358
67184
108872
108262
89018
81282
104038
120934
88718
72606
107142
110298
76626
83786
80918
107712
94812
72594
93402
117522
83102
121352
76540
99548
92742
91672
102644
92366
72120
77122
91974
112254
103010
69132
99048
100840
101188
89036
91404
100730
97956
92388
81712
87738
106888
112888
92260
69570
89180
113358
85154
67694
78178
98106
104640
106786
87536
126130
122514
76948
101312
116940
84114
77228
102616
93180
108322
105728
109788
92712
119772
108036
120108
110478
112210
74162
99650
72008
96248
105920
107420
120294
66680
83502
92970
75210
73982
68238
80808
98464
77034
99926
76396
88524
92850
116412
69328
96952
93926
97066
71768
72310
87088
94420
107122
99652
97788
75188
100194
110412
116326
81144
109618
109214
76870
95776
100252
106256
96558
90148
72324
76742
99436
102644
76634
70054
119288
77016
73578
84074
105824
100660
110478
89818
80346
108314
75770
75872
99080
68232
91652
104886
98460
98532
108662
102808
95056
84220
118348
116510
96442
100658
112526
70186
82380
114224
96904
81270
79798
83362
109554
107598
100902
101994
104108
108748
107876
71458
92656
72432
107644
76712
90414
107778
119010
84020
114750
91622
88132
102390
72078
78108
72028
83260
96596
110680
110794
79230
86942
77934
96718
72154
97120
114048
95698
118108
67002
95422
92600
84572
91766
76932
104300
85776
97328
84460
81420
84520
101960
79694
105736
67580
99726
101846
100492
95358
109932
117886
77842
112516
73618
84334
104870
102896
98502
67158
103272
97450
96216
94406
116628
105788
109732
104422
107602
111688
76374
92132
87258
87846
107718
108730
97590
68896
102390
96554
78034
101050
89904
76292
91668
69186
79344
83000
72422
104974
99884
115270
111820
116862
91022
84962
109598
115342
84158
71802
84814
77828
84754
96160
68386
68826
117328
98536
113354
95768
128302
78788
92216
102182
81676
71606
97862
70588
83858
107460
112076
95664
108256
68704
131014
113192
103728
114852
87906
78882
108256
123380
74482
75206
82324
111314
83346
87392
92994
116596
114440
71310
85956
81042
116778
114448
114750
114776
97620
68272
112272
100000
67488
66974
103478
75174
102278
70754
99592
110918
71366
84574
84890
80744
88140
94700
107116
119020
85998
121376
105794
107538
113078
67228
108702
96758
67442
95584
97860
96816
84060
116978
100648
71962
73410
90212
93942
67454
98494
78096
111182
89376
92508
83032
71072
109414
120038
66704
98678
74460
90016
93808
77594
90372
101952
71398
71240
117906
79494
108650
82788
97138
106068
111284
92518
104924
101674
86050
99632
77758
107874
93382
68458
66860
119462
107652
97608
79564
111446
88732
105030
101180
97334
95732
95382
96544
89020
99610
108884
93220
100786
68790
101186
97470
92572
104612
91908
68000
70860
98188
69358
90946
78522
66772
84572
74110
79502
85346
71092
78316
79034
96060
85228
116842
99228
104440
78788
78248
87440
80416
106146
74930
85916
81610
102084
83208
94614
88312
80608
70722
123330
68170
79126
96202
108360
91618
75942
68084
105210
87618
109250
116758
94044
88668
68624
81362
112768
101938
73576
125038
100668
79114
109420
99792
108224
92560
93970
96588
77084
89954
102406
88284
113572
71008
92926
103738
99498
98332
93678
102572
101354
100524
100214
73534
82562
84854
72594
96620
68632
83174
82780
111604
82938
102328
98432
92534
84290
77252
100838
96980
99670
107664
110732
119412
93326
101378
127712
115522
91314
71560
121094
95240
78828
70256
68306
112922
107916
115178
93458
78430
70882
74512
97184
96384
93824
88432
102300
105470
90540
94116
99608
125978
105368
109804
106124
98820
107742
107518
73496
108646
71442
76504
100720
67000
80972
98316
86052
97090
96012
95254
103766
107966
97672
122214
106500
73620
106652
70330
75070
87006
98724
112774
104418
116404
98906
92396
106562
101738
87570
104866
94444
119148
104690
67924
88730
71764
110596
107804
91418
75442
92504
110472
68044
119430
123058
107168
105544
108672
90686
107398
70486
87800
90134
94104
77504
76812
80930
98202
78590
92582
74506
95642
107914
90028
112112
87910
92390
107510
104808
84264
103604
101434
119002
80150
107316
98482
105580
106848
112110
91778
76716
104836
105116
98656
99706
106904
72840
118442
117428
73274
75552
110686
87868
109104
117674
114508
71130
106198
96730
103390
75834
103792
101384
99944
102100
75960
115698
109950
90972
96076
95628
70448
101146
129908
110944
79438
70922
83876
99908
71752
79216
95946
77574
103178
113178
71268
88420
83144
90564
75978
72906
100404
97384
99340
115962
95080
91852
105166
78772
108766
92064
105982
84070
102742
90712
86326
103928
108432
93086
115952
101350
92496
109928
105376
82368
96644
84108
83866
89852
92772
94088
72078
128026
111460
85134
99632
75018
102314
113102
70914
77834
112624
95796
79348
90372
80498
94060
73538
109564
96890
122706
102884
94732
111932
122896
99670
107862
80180
96826
102830
84904
100002
83226
114038
95582
73300
94142
99212
97724
128870
96348
94614
110290
100444
116074
107950
103428
67106
75788
118294
83222
83926
68534
70046
77882
123092
102044
98412
71198
91918
88150
102386
117204
72966
72512
113050
116370
105288
110488
93300
70242
90358
105046
126048
85762
108074
84304
88306
87772
110684
67750
103838
98158
85860
95160
71506
114052
80514
93678
71530
121152
112292
105126
89572
69038
98968
108248
76038
125782
69212
68318
124226
82362
94292
95452
123128
102120
85434
74214
91904
93546
93534
125794
103114
81016
69570
107512
73264
87310
95114
92702
109958
99388
120644
89250
82842
88250
101608
107094
90264
107430
80112
103528
122140
72080
106480
95270
89740
104558
68026
118972
80674
106752
95082
87402
89048
74760
