105024112
97898098
86559528
110025082
78415850
89917020
71226882
78572844
76415174
93967086
88017996
71816442
114155190
103185546
88036282
103062406
106440206
93045842
101082274
85143076
95430142
69838988
83265624
104162996
69935820
109092864
107476104
80576302
101555206
114424520
116811368
111840792
100000230
97520134
69032668
75660384
70181832
81555114
69897992
94909174
87410634
85350840
100097528
73431714
108323018
89896310
89287136
69496792
108941884
95448390
78320678
93498928
91115262
74812778
101901116
86114984
86636426
88899710
111686806
84469086
81819528
81364180
105560632
73888068
87639830
77335572
113594116
68865220
106981346
87156068
115127890
89132784
100620512
83593028
107534066
93966684
108158572
104236150
102729174
101530580
98824272
75044612
87038562
116814804
98010668
97365330
97308694
88762910
97743672
101083876
84867522
102616050
109572538
117527634
114289230
77107458
82559146
90584664
69636222
72213256
96074614
105301134
109726662
75305772
89687000
107428838
66792706
81058070
93582106
69412676
90625588
113394844
103514350
72939132
77823618
99084896
86359316
105480772
128653686
80117540
88095780
86397292
73872524
74398340
91280736
92749372
100440082
106562186
104636352
99549752
95325672
122138596
101492944
99306934
118077508
119724902
77854072
100957084
126562356
70696186
122436180
102358006
67428548
118179056
104012540
103430968
82644228
76399420
123623834
90340060
86287232
106016516
100211006
86825254
66985736
111137864
98236468
98162758
93816246
91950258
108466172
101318070
95497722
79939342
85677784
84341342
107064648
113894368
79751656
116586978
76473622
87651104
86089030
86477422
88064686
110243098
92857130
72092712
113161558
101596428
96549498
91228802
74878464
74764846
113149568
105717746
115626482
113177812
69009172
101519660
83793584
69230458
85186132
104034292
100993684
96761522
118908026
80921076
77639440
71568694
86374192
68123180
81244276
75509782
71708938
113256186
103898250
78742162
94827124
88816300
109446340
104263324
104003238
90096430
74560030
76763338
101885180
68765064
79696672
83775346
95048154
78881130
88219376
80212506
82777330
79572582
67786432
85349908
115880750
103095310
110639356
67602546
108719254
101370332
99854494
100247568
112719346
98137028
108255576
81522878
69897696
89108616
94814832
80516440
107902836
117790118
86147516
70290348
82636144
125847168
111920456
104948688
81185842
90452250
88750252
98565034
74170580
68857304
74465912
106746730
109306106
115470108
91421292
70681328
83005576
70794338
83016594
84383310
123690014
72172682
103351090
110094664
81436898
107253146
117675594
106387400
71195948
87638656
72131088
99253404
105830384
83334190
100984236
121214936
105194986
116345546
90207870
82542146
83148794
77363222
110331734
67844982
89273418
110963792
118639114
121453514
103825596
109115402
85317690
126617482
83199126
107947210
107864022
72298496
79609018
85729640
88208604
111056332
124274158
79531670
81307830
106691600
88884578
87692564
70999716
72900788
90543892
75715930
92955736
88402498
69427280
84805950
70881974
112967026
84106396
86486198
120992708
84727496
107848474
73350436
75217366
111333268
107369584
75507788
73817636
96856244
91509408
108465934
104632926
105894564
103593254
84809384
90442858
130613122
105943638
108575184
85010104
96443392
98525872
106367696
78631926
74721178
96782370
103697704
94586980
68976692
78432294
79317998
110182504
86919032
67545210
85949752
72890962
67759960
75985670
97050494
91992124
84748094
93033332
92588464
86636690
89419946
71880010
97217352
102446242
100977378
104261404
105732816
103011688
114232990
71781130
67159918
108094000
110255688
129301764
76069622
106891936
77774134
78253694
93381664
72202934
76853826
77780676
119550516
95331836
90338352
94308674
104842182
109753146
109173964
67130178
110861916
112735380
100240480
76315296
103411684
69144578
101620534
112200724
102716562
112610556
107759204
107539416
89922724
103844448
100789786
105480540
102861644
102857350
69798314
105186274
112077390
110883594
100404066
87206782
109581364
104165512
87358968
104130688
102627908
96108820
104009726
85642196
99111306
110085538
104706566
68689646
78590284
70544952
100846230
84386784
103969698
109520694
95466510
89513650
110863736
123297348
110688872
101746310
67616496
84266548
115301486
83748650
111711084
112625952
107123526
104741268
74808620
77154884
70437392
87380968
104382594
93800862
75661564
126408214
87895964
111068950
99357148
128702442
113052770
118900822
69174896
83586152
92362294
104287430
99886426
90832108
84113752
67443868
85973186
110080676
98257228
103821020
105633172
83345088
116862228
66961292
100295818
99423960
67385498
79131556
92264330
68514650
103257812
74316930
118975074
111059832
92452496
113967332
81963984
98850512
69003120
95517022
103508128
94776026
79375432
129152586
92898336
107298552
127558672
120473194
117076974
98917140
128455884
115627708
97382752
77320246
76261262
103874846
68191396
88808762
114700090
107930768
102415946
89318624
96010400
119653756
74754738
85200756
106492926
88836512
124555018
94029260
94210752
113742472
102545674
76770916
97576162
98229330
67392104
128052508
89509990
79624694
111807562
101586912
105825050
91100514
123108384
83474212
125075150
92565534
121403218
69158680
123166942
88321668
70859812
91992494
101766576
104472172
122248648
88415540
96732384
100330522
76367764
74120188
75447516
91768872
87958988
78060068
82089306
77336764
114171124
114103822
117095392
94705744
84389818
96778516
79531416
85367014
89759646
109108374
114703896
115507244
105779290
88073014
76642900
103162082
77299548
110922066
98938736
99862372
81337444
101331390
67580634
109791990
103643786
91722474
79741506
112574284
93045050
94085526
76188656
92144392
89557036
78419946
73760174
98743536
69482098
104664394
96101816
112796412
84389640
71099596
101356266
66835320
108104930
83284062
76318844
126232846
88394390
109407502
119240214
121862308
107716828
70194636
132071588
67475892
71167626
111816308
79964926
82148654
81068070
84447466
73128354
102786278
86570164
98065212
101737310
69821532
90561482
97221108
72623744
92618830
89938786
100618774
129217098
94522200
83796126
107277010
79697804
102299578
103598504
109442296
101532038
77854622
109986130
107790976
107377368
73222254
119307030
96997680
74047246
103662200
87080186
92106210
83763282
108619262
101967482
115960764
84593408
85648474
105622920
73577060
101197880
86796362
113745036
93444746
108410954
81357326
69711486
76489154
85721104
118493528
72392796
66727354
106430850
112164184
95438208
73304194
77856516
96339882
115752462
70881544
81231080
70145080
102093694
94451980
108309698
77606132
94766094
67935018
77419310
79133226
85209882
96829234
122661028
71436384
105702166
122448850
94467448
108222966
120861484
85538730
102503410
111661604
70421312
114825128
85500010
109514470
113175960
90422556
76580690
78051154
76771762
96015996
76959260
101734652
90773220
78684938
73249116
75663440
81397164
110127220
94067706
79090904
103630236
103586930
86730076
91995178
108387186
128375910
68297664
87444580
113848868
80590184
109682246
78988162
90884290
72229154
69418748
80678978
110895026
114882522
97789686
86320076
80474884
78871886
88043142
88708604
116900702
113896548
81130182
92793338
111412262
100272662
107988998
69280780
124070450
127214178
116121256
82352910
71517904
87970464
114219660
90894504
130000864
74692140
103702326
90735344
84668364
86203880
95351400
75245790
103230782
108938576
78054792
103678006
103932400
101393282
113223340
103776188
93606550
73298222
117683766
108716012
81219390
119922592
105473126
71781222
99454492
89739654
82987516
84039222
116493732
108462430
94708974
110329484
79464666
117318434
101545702
105907476
100898060
108718290
84703498
80968516
98560632
100136044
96311240
117744912
91425256
103957150
97595586
103637648
89510478
81691370
80572850
86487012
124322388
83816114
84869612
91213472
104767528
105316976
96047284
69009096
119816952
116249924
100912220
97002634
83844268
108437804
76645580
69279530
87761612
105713048
81384516
83939814
81726506
67966196
101368654
74292666
97800468
92249072
128361138
104042718
79131880
103260346
70525588
92882412
98208558
84619812
120001258
85977172
90226976
78740526
96867078
99401398
106176614
106919194
70622830
81195804
103932582
99005282
118072854
89387798
90706296
80308676
77359046
98487770
99768358
78810444
85505062
99402620
66742862
94919428
86994310
111984662
91958674
84220048
93299770
124854390
71405216
102740048
95889386
67971046
105834826
95209228
78591780
100655860
106417040
109682822
68144758
101348466
89966974
80841944
87378118
114352812
99499854
97329290
92196530
72511384
88827234
87697876
81521452
108042578
109931544
92094064
123629662
118050172
105697996
101580430
119522948
119628130
111683290
92084916
78097764
89341344
89200992
107259424
97346352
93522800
111255652
83546256
120024290
84667214
120992056
108791322
85135990
103909172
89748966
87465066
104838426
96303038
85349442
93732370
93469352
76782522
81293180
67773754
90908518
86276010
108956792
76384366
74993356
107729584
104964294
92125566
97107016
72660332
81362834
108353790
119446674
109428534
87306470
78184424
114483420
105557474
86053622
87066174
67943052
78896104
94552686
110244442
110654506
75380794
125646364
69780134
97991356
91103058
106570404
76274462
83673854
82213778
99233694
104655494
118884904
81284320
75017518
93004750
74159500
73094524
89826428
79435966
71406284
102216414
108553426
112243362
93406692
102918376
127141936
107374488
98445172
107782674
83206076
109751690
89252454
102892028
109617870
101775534
96140370
113016748
73800534
123714578
94619398
76735240
93081798
72492270
90730586
82669944
94587124
68541184
98710584
100696454
96472000
99278244
109256782
77412642
71357550
103783956
85012952
98457588
75217990
95229750
112564604
99162566
79332336
106202584
125155902
94669226
94400806
109024258
93378058
75961972
92596136
104044148
108910916
76319708
70892972
103461540
93849078
103650876
81240180
116607528
108173156
81045840
105574654
74776398
114433522
87626404
110471856
67452084
94376038
102206740
105776094
101346442
124335854
104056378
104467714
102852538
74700430
100893062
110811752
99255968
103076422
67372582
72313334
68494398
69463422
89112098
106574770
85445600
67625614
71272492
94557322
126418046
90271924
108814490
85160912
111152744
99614642
93946388
97444080
124838450
69980954
101727178
80037748
74366896
94937696
109192650
96929102
88952374
127786962
108722476
86166862
106809596
97555312
98725614
110523592
85091192
121753712
91715514
107710406
96193778
107875838
113596496
104155198
89720798
76763306
87520182
86013418
117895462
101321808
103619382
97047504
95159162
69947674
104314854
94863218
72329244
81718524
79936274
108840896
111624436
73418426
87307426
106630906
99678496
74859548
102400514
105538232
113490992
68409368
81731004
105525020
121823682
74496004
80649706
87528978
77465648
86919362
106445100
79425816
98750604
89931362
68011972
69831586
82586404
97394304
105974120
87785240
85626402
104810698
105020888
102955996
105335714
90764016
97944674
110351144
76309858
71967046
74223304
116635054
91982350
104244874
70656952
74068524
89596372
94646352
119805676
69519412
86498928
88336990
119180186
72277234
73192752
77524910
95157514
68485370
96464036
107241782
104101060
113991556
91832398
101969128
81984572
87811052
70541514
93324400
69013918
107505862
108104730
112594304
80666046
106622376
77263906
88900284
82051288
99014294
88312724
90342062
82644974
111041202
75052218
84250288
112186706
82280376
86062486
88001780
78832962
107628280
86945254
95920636
116026314
123202160
89244674
109665976
121067456
123341534
91920996
116675162
88720422
90705050
93192942
100247742
97998496
78420574
93829492
107888654
70627510
73385656
83249564
91677090
77128464
73231410
97026988
114988374
99315794
86206736
100994352
121502230
116515082
117561180
73618282
67731326
107150552
103828342
76675318
69981120
101496816
107587234
82138154
68225996
71111434
78361280
112470724
129814874
92259080
94980958
91897606
82211484
76809602
79497544
100003548
115859110
99992276
89351842
79183460
87616864
72014966
96961656
96672088
93303376
76741166
98389662
73460316
96054838
88532830
74830140
119863830
68141476
106886624
81431182
129659528
82772176
102861320
91450918
89646086
77382382
118363224
117767950
85277746
125339420
110626238
109685394
74245290
91710940
109523362
80702176
92402480
103501964
98764616
95875178
85434684
95805814
86431346
69551874
69268550
106540670
117043158
89168050
80865316
132658196
70411858
106300726
102118974
128382014
67913932
93751360
67727868
78832548
106150746
113319658
67680178
91994634
74735176
107877972
84447986
94321068
85961298
86732424
77261716
101458090
105936260
71370054
75877440
115938054
98733816
76291510
69779344
103942584
105469738
118525644
116297074
75433156
67284602
97961440
74488594
71525890
80008852
92580898
69989972
105153044
122643108
71332542
77180520
77388570
116137972
108692398
78389768
69494236
85107164
74414508
117735822
84689852
77182438
110721078
128431356
104352186
124552386
84437778
80154754
83429070
82797530
78478388
99148490
67415952
95984804
109965988
100463208
100035164
109981240
80294922
96838440
113979454
109847006
67875834
90388248
66885994
67061792
102541436
107407044
85641716
82963434
91912010
90221322
103816036
87471732
122431028
116189834
102391250
86135582
92629716
67016342
95892972
99876414
69506956
96388574
105548768
109205216
113999178
105407844
88184462
80324328
67102742
85044988
85097250
91319626
96503498
102295024
86213098
98533970
109309198
106476122
107171762
122714452
92219040
105958562
120791672
75542562
97595572
114409750
85325304
89173756
102536594
107000602
111728644
97311970
96890846
67023294
105592738
104024484
70289168
96465462
82067506
101657194
72112056
83308664
115817768
104410732
113104702
118390158
90412554
75883984
116633054
85438244
109339258
109219840
86939694
101797712
87654850
93091654
117379792
81990784
82246992
79553336
99680090
97149258
117176972
80908598
104395058
78429588
113024336
68367878
81612266
121834502
76888410
87484688
94072204
85147060
128708188
86737980
93995990
89073086
77451514
74546732
121404922
73205628
92939876
106313182
108668810
110112452
66752570
74432722
72318366
110934882
75732598
107922946
87160618
83426006
92685814
69442114
88645752
91379038
79270542
96548156
92134824
87687184
81791684
85936494
84562798
107566132
107324256
70719992
79747352
102766100
82242916
69340138
75214446
104290426
115725158
107346844
81361374
96635270
78725352
66905004
78231588
80378616
111338160
67830104
76661540
109141606
76009326
75368592
77506496
104312394
117211722
99923384
94208480
68970816
78587156
114810244
91096014
70308860
77637048
94526158
98478126
90250660
106728166
66727788
108508576
90768072
77880444
108901316
86642906
93565972
106261884
73602690
74036076
94512594
111491102
100241104
104479890
107954492
88349946
78310356
113164470
72588202
82560066
76075332
83198846
127479096
102159180
110999262
102302766
97910394
82298746
129165570
123323630
110557200
98255984
80592668
103114474
72843880
88184262
81943770
72921300
85622022
75557426
106709088
78379494
99775898
89945550
88953098
101697274
71973638
81141296
90335720
78217352
86392648
103736826
108060204
74930630
108800090
72796616
112976108
71607982
80438956
90129180
119800016
122417210
78959456
108675094
85987524
97141456
93680178
75256616
83747610
108623300
95235292
74997188
116295170
108254250
115751942
95984260
75143670
93991188
100489864
74663822
71614024
99939484
104033924
111906096
93415200
76302464
122807812
72566310
99208836
102077772
93312602
85515028
83413784
97457702
75271886
89870000
78931736
90473220
96079880
76852526
104775236
110763730
111433110
98422586
117215142
118997086
97435222
87770394
98861510
108944128
68219158
92982154
73381104
104468874
91951516
126497014
114980892
81228390
104923460
102175068
107908178
79823768
103135998
101970370
96597184
77649736
74698580
92156786
67322620
105692488
118664458
94179292
120337126
68908686
86031276
102274334
89183660
74765832
105373996
100180822
70962462
103568458
78179292
82120210
92687168
84962374
98042992
101365570
97903422
111859466
100559440
108609400
105973714
73487426
79878670
102657138
102345546
85909300
94159740
102096724
124033394
83659008
82606820
85353248
107282594
85758668
127183978
110652130
96948150
106814224
81742938
74122014
113682956
73013250
94931792
79618728
94508194
97661398
111542052
78330070
90310782
110883742
89401912
80867618
79429088
122109784
72798688
103891648
120915924
81136662
91060194
119340162
94758212
119375450
115693794
127539276
76197242
94231390
108011252
118611596
89953706
70146580
109395664
92192200
77898704
71813928
101890968
79331764
106326542
74939774
70654560
76127214
69710056
112138016
92307950
96767106
76839416
70924562
110873352
91770230
95300218
75413182
106042470
78243028
96901958
72252886
68387238
96375990
88747066
101146614
84961524
84960408
80378636
73712004
80192316
69878138
112517950
86507988
76501028
111358882
115117652
76459698
83108242
96214362
111258172
84658354
92621422
70182150
82864628
101236372
94454862
100439042
103332602
96737578
75122632
68702390
75924296
116479440
77677296
86370628
83846420
94562586
76816910
88533930
67781838
104109122
85496852
77756132
84779648
131301366
89946358
111251104
111741670
105754886
67148432
121911022
100303308
73794854
84679426
73276604
84853826
105188660
98854708
112740586
72206950
103715478
111818920
94573962
106007552
76255676
114731478
85012604
76141950
91445008
83208604
90201240
83401930
97816828
71042886
109343266
75169158
93791174
122637758
67338280
116394290
87874346
94775746
106850970
104455760
102993572
94867828
103853058
99273504
72128644
80565728
106667334
100556330
67884652
76482338
77564860
74034646
85439202
113337046
106020910
75948176
90882734
99007824
93815920
119971142
97441224
76877896
101551322
98197384
96985074
99414542
91367208
110303668
94498840
77329426
106829464
75027560
104038812
92313774
92297810
102954686
103897990
100707758
90951812
81532456
100258788
111753984
103365346
76921422
77476142
81025360
104912396
71132040
111208024
84484416
107979622
74376038
68838252
99598548
79234344
76217940
92966878
81855664
86061416
96733244
70443948
78969010
78534180
70322108
89424928
77329336
118442368
92918308
98771276
84545480
127983212
84799954
71738452
92945016
72379656
89707792
84184272
81175690
108308934
70095294
74627068
114848914
79775506
95343738
71005476
91306254
91563518
79748490
118005890
83028910
79909514
103809716
74836596
80589158
72669948
80635132
105182262
101531956
104321962
82675000
104870316
94095170
111772334
72832678
121432986
84983368
114203642
88001180
93434184
84517860
96177092
119796374
74230350
72145618
89395754
88299284
73369774
73539866
74814078
89769478
76160324
124528184
87799646
124718774
108356320
77677340
113756538
92516622
101976702
97637540
79307282
78963998
91051876
113519150
112158894
78233760
111116150
93771906
104357708
120784556
82791010
79359644
113508352
88675718
88777468
119151812
75242528
100133148
84339440
84065598
69367880
104108382
94175086
95484966
80272840
119088568
106932676
85003194
130370598
108768716
101136216
100878546
89257342
93215752
102461578
101121198
118150308
129753868
84885554
113609044
75855918
107606076
93628312
102046120
68904738
81616314
70166286
80679706
113495698
95046930
73842944
78868300
104106182
115774822
99677434
97691140
94867042
116447942
75894936
81210012
83000772
116273334
114453386
99241578
95544680
70213278
79727370
117473086
100232894
99922080
108859296
105033808
88028452
85687480
92289284
100484140
110583582
104348824
99796776
100095336
94295076
107248856
106941564
98155740
72371520
97951028
70276152
90622566
105814522
90516750
110413952
102137840
101859582
92285598
110099920
84044486
96706726
75972200
83931386
114310812
102379424
107929240
101330862
117907504
78951220
72145126
104141072
100665722
108473962
87384220
86025340
99649406
101259306
78309346
75178846
73319126
95997056
89417388
73281258
119256960
105335508
80654700
105762072
87582946
90680908
91886874
99271180
76251320
93155332
108321950
104207976
108734216
104731660
83167838
94020004
72757770
88498578
105080906
113433050
107838704
84097560
71249306
78975176
100522026
100075174
69335070
75587968
87535706
72090678
96996200
129903722
102526076
82727654
96944516
96551882
120584416
77382292
84478252
74227350
112251814
76375314
115189508
95254868
67294112
115065226
72228174
78468552
74105272
106285470
113340772
96735886
106441844
119608846
97821266
104604166
83505380
93668086
100827698
70698854
71918020
99860700
69046810
71029346
71294140
71336472
91586240
109460336
104358174
81349952
93761054
116430180
111519446
94866824
69695254
108445476
111672384
105214486
91810484
96409888
80632362
108328898
89423318
91194576
99539828
97542992
73603362
109265504
103696768
94779940
87609626
90121650
70260724
97770802
85119060
68754820
79207212
95114422
118740310
107798968
87384072
71049536
103976536
79682702
84504772
108087630
108529458
71982220
99241460
101796274
105334374
110939620
96069430
86593788
112609588
102368830
74081494
78140180
81389042
87828608
68400346
115695550
87384202
84329928
74851632
67942344
71516732
123100028
73333374
115217150
106494494
84262226
105784728
82218538
89289296
78512122
91122652
119967738
67541894
70994272
108149744
68508216
107803308
83719696
103835452
86956766
112012690
98502432
91752024
80653692
104665904
115012182
111542486
82217994
79039710
82468944
77806312
71769284
124595024
89242970
78247476
106926682
85122360
96785780
71861718
81674660
112536636
116813250
110100258
73759068
71365534
88292604
99426794
80598044
122224708
96916644
103600552
96241932
93290544
73098064
89479672
88971636
92720812
76606486
88134926
84816908
99010466
92608556
76262638
90620650
116183846
80026484
112596206
87568200
82354964
118470128
99781874
114675404
72777796
76439372
121732148
99975750
67001024
67542236
76211788
92227512
70439234
115364628
86279494
107443424
77374112
125448508
98731882
80563738
68119532
98129026
98237684
70580752
85181840
73292250
92871636
69216528
119676012
86277936
95189346
113891976
69730376
119275334
112001274
80676140
124539356
87904634
72070638
107210760
96003518
71475094
100619576
120881458
89447228
84080876
69500776
116386840
109674118
98857618
72561702
95299610
68639960
105581460
81484262
83756078
116965708
69548610
108705090
113304590
115294794
102232974
94138658
96005018
110607772
109437758
82231568
95028394
108915808
76225932
77021870
96265252
71051202
89314058
126902764
90778904
104190114
92929596
83164202
77323290
71935310
96627322
111561568
88715980
100812774
107262824
96017108
80877838
99498904
91391284
107862646
105197676
108824408
92544726
100330870
108898668
73333738
110771868
96721264
82791792
109143560
98459318
79104926
103130496
84724586
90947994
107238132
111511872
92735416
114334480
100107632
77390946
88775430
92265056
112617818
104097158
88846410
102288692
108366142
115404282
74622440
74154944
77825102
68466218
74935280
124148812
124697238
106833552
73501044
73682126
99485950
74706656
74440958
105383434
70052926
103587676
67001726
90833496
110217028
96029190
112928972
85253540
109543320
119954486
85033396
108284548
75317898
98669138
95083698
104177556
108170582
96081708
84952650
81705010
79247356
106732836
84623844
113044234
83035674
92871860
100464656
100985756
68655118
98922380
77011038
82791868
78460526
97490022
112761882
116319686
73027372
94571616
87919746
77978026
99377466
106048374
80611994
87580058
70871108
73527046
100390322
128589716
74020254
89351804
117817810
97927344
93296790
103489138
88981238
114366836
79172286
91978752
88351662
123986928
98941024
109427920
105898164
116852862
86770924
92600398
95950374
70610608
80676552
110166040
80744982
99129196
123166702
70564354
107097078
111954490
101476510
67955308
71153486
78211716
105249842
93826428
68034696
68224758
90993566
100765952
80952998
82135522
107409470
69674992
77477698
84775360
101011678
108267850
100531244
71224804
86117056
69948422
92329248
77631634
76313208
66726782
94890428
69031174
103765686
128144476
67628806
92116082
80418514
105017682
97706376
83352542
100721480
97947654
110179018
89247042
107527450
76371348
112667536
122114004
76197348
76434698
92772378
98781496
69255542
109668116
125781170
88544118
103935454
102371298
75125782
79924362
98590782
98989706
98005396
67311570
78972888
91123142
92896680
78060986
93698932
100518696
119780060
100774692
111201872
119383268
120195144
103700038
83350328
86126776
90691222
105000352
107673328
108264698
68233178
86939852
73553300
104812338
70678232
74138014
107266326
105140250
102837716
92288558
89254346
87392608
67788430
93251168
80998202
104212878
84065246
85985100
73081108
89618470
106263580
104732032
67826274
75651796
106541654
107764676
105601798
112480092
115540880
72239864
81862680
123984148
94665330
74530158
95268850
72127372
81329484
114030926
123704592
100060844
95459726
75114362
97651086
106716722
70137526
88844178
81489702
114965628
82258934
72540718
111339696
103267104
71101836
85960810
116815746
90933222
71366822
85242700
114425916
105827692
92606580
78292448
113860820
95378486
68009068
75660912
79652492
72665548
107473068
121365574
86187606
109642052
66903652
88897630
85586336
93122012
72485000
80409896
102111150
102881282
83658916
124383320
80539098
83650098
69276846
88788314
77588028
75909424
66770214
97478862
83779626
88837502
103563286
82624524
81616052
84115496
107167414
86292946
111328268
97360964
93914092
118809864
109862822
98923820
109276372
105326728
70846022
99241422
77399178
90287378
74514180
75215034
80366184
108597214
102219232
90822644
87677302
81526582
123314080
98513278
109157542
82304168
96402260
115340582
70508442
104114232
93919330
83509166
67713962
111592404
93721400
107969482
106871656
68480784
110853016
101196116
82101212
113195902
69437150
101638248
87892950
70103868
78752816
100886386
118505972
94475606
67257406
78600990
68098066
97907636
92324292
95503706
83432358
117792480
93366542
96441146
83499478
83435064
81919326
105192284
75792406
70934242
83378234
77346008
69702128
91526506
91366604
121137542
125795800
79716466
99992518
88687550
103188434
92984056
122450174
119639218
89060958
70042010
68155564
71744594
99421834
90564748
105661622
89703992
112150906
108486158
80352288
69475526
86494900
122456394
84387236
78113594
122260806
98997394
69657940
87821468
108439856
94948510
93111630
110936070
73783310
101219592
117457488
82626980
102116692
76309636
70430874
71570546
106483184
105848206
132302524
96061366
114906326
114987606
95925194
90509606
96748360
74365948
98167120
73540732
92985908
72290154
102336262
109161808
67560958
79529506
94346422
103636038
95766464
81168166
93867304
93293666
104605114
102902510
114384024
70656660
72286966
83662376
95851398
102184304
92264326
70965656
97854618
107573752
78324680
97882476
90093910
89054570
87273844
85485636
79088498
73558806
102899986
114349068
103662176
113898244
100127862
77326380
73829290
87529046
75191786
101843364
67329968
107141148
91167774
103889654
70365438
72219782
74314630
95709548
99988242
99128476
111558004
104425332
108512828
70230392
104507034
113372528
104781168
112889742
96920894
89523670
88438036
99317268
85152640
117762588
109534680
109957496
110611706
86743786
99324944
98591200
98489848
93361396
98892020
74733420
115569590
84720000
81228096
92141942
90667998
74396946
122962820
96247564
106967428
75869508
78700034
82009074
94183144
91170810
113639432
102169670
84380646
88703700
71711438
118514488
101002446
95480136
113136116
81558016
91309692
108232962
119225220
98031228
110842388
100172082
118575658
91100582
112327518
108444558
77845784
75955720
109396908
110497956
97705542
89502030
95799372
76302436
95870912
80430122
120925358
74741912
79493078
106892750
115237140
82101876
80342864
76090020
102019620
103431624
91999546
102432168
87328196
71864696
103034352
86336506
100953406
97876792
102978570
74925486
86363558
87800508
82684544
94399998
122701892
80901376
108704628
109369664
83911840
79128872
98371158
121720550
105777646
94762770
84669418
75146166
75633874
102893668
110479104
99760516
97867982
80264694
96235778
81324906
121794442
69199922
127699390
107430958
67829766
94266966
104889160
93273300
95192900
75018224
82984162
81415064
81005022
99520428
95477346
84710388
104002258
114722764
75354214
72234398
125234540
92092344
131053170
74291618
92624718
105428510
69483014
74228558
121157292
86321364
74231774
104814136
91835350
119391706
111670792
94843810
126878070
90106202
100356458
118450534
105311194
77281738
115147094
101886138
98489788
98407050
85134248
100334268
73838450
68403130
123060580
68621146
108505440
85389216
104502894
76423616
72596442
76709320
103420368
121677058
76132998
92399976
69650132
88672790
67221524
108519374
96848518
103491934
76234258
100824776
83550018
87886382
119972878
108398132
72726020
108650618
92392748
79401990
77401432
69562400
124572168
85852332
67303762
105981188
74660108
98029444
111532040
80360040
122001736
95766120
77664870
93050010
69677068
82310280
109403940
67300630
80370128
69260686
110676228
72798888
103591378
81124820
106283620
80158580
92748924
91948176
84419276
93052230
100483222
73334638
94180724
86908258
93464726
101019744
100066952
70182058
103998218
81261620
104181940
106057158
88862142
122584120
94314714
101496312
94449514
106122516
71341676
77052942
84544122
91897718
106771208
100257128
90920836
106998322
88814584
98278112
84194378
94109786
109297238
107408460
101212364
110087300
103482866
76029010
76978156
124427044
95385690
92338334
74626416
98276050
70363796
106540390
86320722
106247818
112780730
86430556
78460172
116439074
94099464
89325398
75583796
76423262
95694512
82177614
84736554
95775048
83969802
96266542
105534002
102055592
82853242
99166604
94398634
79542036
100275770
85545234
110494440
81314542
72897400
81995152
95777536
95177878
113189632
122988292
93603704
86975870
114012546
97154006
107354280
102302308
107350674
94887338
71300036
72136592
76039796
72389058
80530278
107973820
103813028
119275702
71260544
83845436
102831794
79118778
77184160
102393252
93353532
108068248
84520626
91168050
70280502
95002372
108311308
120642728
104504326
99277434
100364796
70276924
73948444
104360328
87654246
107334058
73839320
82355326
88784814
80644510
118994786
76611450
86807080
70211894
92013434
97186050
74119244
91705580
119175368
109098652
104422352
81906284
67854566
91727604
74096284
87930418
126341906
104276390
67847158
119339256
104393452
121641170
122165206
94177048
80450746
108735240
110731692
113785176
114858690
94423820
79198502
69136222
102212586
81100260
84757566
69360792
98722040
95296632
114283746
69163386
73051496
114321512
72825706
98688764
110067276
99932606
87082256
70847340
108938316
99591850
106167404
70214914
67938350
80463280
69687568
106288812
118077972
81858368
76077502
90749952
104097488
116510822
106626094
110078446
88439958
84828674
88497362
86928480
124641356
101224494
123707676
105536610
79899932
98514848
82204412
116660614
79680706
88548924
78132614
80807362
130619384
70918500
80949168
82785802
77885722
90237420
73812586
72490938
98409836
87704400
68557028
77819272
127583648
108816622
76852908
104712352
127614230
87112728
108397038
103555256
99399508
72559630
101197584
84490354
75635434
76119524
71807832
97176094
104605922
81331200
78749586
76283012
98538826
87162574
78923784
79717566
107833306
73423238
81872752
101702928
69409802
92249982
101408478
83815480
74479328
91391106
118996356
80341680
96952268
67792572
93651208
74355594
107076280
103845830
115584876
81722952
73854506
110503514
95380618
106109474
122877786
99692672
81450266
67782034
99168988
101002636
80130854
82096150
102018266
80202994
123384648
107427138
95340644
99206154
99123040
78414166
96708022
91114316
87475628
105695694
87118044
68260136
107900998
95187668
85088684
69397354
102350342
104896724
72521070
97962694
87119182
92119474
131921222
80743190
96774790
86114154
105714778
122476268
75427384
113844472
73707214
109866512
118421562
105330216
92138662
74037220
106266732
81593742
108734890
88246666
78895906
91621464
96903888
106695896
80037536
111529268
83293442
78974306
106628588
98530694
106930204
87180928
91691582
86237980
75687530
74279592
106052274
108079010
67964596
71363992
99538862
79609862
73417784
73084442
100778980
74411490
67836718
78686820
86094432
104200828
101467232
103088624
106432982
95016484
80782024
80262182
96311266
98215312
104845824
100142002
111772030
98085918
84354680
105936722
104836712
119228360
93213380
116581136
90305346
71881012
103162082
80959066
69978010
70938270
100589610
105252536
76435732
79483528
104067372
71606082
71476530
108049762
84387798
96934328
110125214
95322692
104777590
115936428
75244386
102215096
100944166
71169144
104771992
101955182
110426830
93335110
100660482
85032242
96389484
94210890
109732602
90747574
84115478
94497066
113855340
97504300
101270918
83124282
94184566
105662308
120705410
83872054
93900636
108548798
69886592
69637908
67047664
107706198
88369446
92587674
101840686
99846056
81124724
111483870
67840066
98974062
92700364
104424154
119603834
91117944
104504302
74803758
106834924
74580122
99743746
82608636
87918458
99096436
90505468
89716974
115320150
101795096
110503190
99968968
103163378
95559418
106766502
100272372
75072412
105048508
88945864
95558030
114117164
80593360
108659726
113452260
73067808
88611368
72408984
88782844
89890768
100577544
96040570
106100220
74287900
85274168
101548596
98921174
115898644
83202340
85082630
72414682
108176470
87897906
74353552
82522312
92492272
86804170
84709442
97439500
101114004
105172294
91993322
91472052
72524434
93030060
96298890
73065342
88947622
112048934
85570678
93298982
110486336
123432254
79301504
117977988
112312792
91231644
93988428
112249528
92942428
104600778
93109448
67097802
90707760
103572878
102602152
106814480
85103720
106572110
103719612
72574590
77493552
77615670
88464034
76976542
123079116
120290058
99710252
75301032
106374792
92180228
109364592
104415096
72875386
90566278
90549676
115420954
102668294
119652294
85820154
97082008
75609766
77749358
79835136
85127376
93112566
99085628
87947498
121057672
123827492
116281276
101428044
89547998
102682384
102208326
100783368
89056428
67935428
94139710
100456312
119850420
91303888
94688084
119160772
86013504
72381564
112004146
89619660
97273626
74639766
80840330
80177984
103897622
96242076
91473858
72368798
73017108
110303496
106526908
119342360
88879570
110949728
111583678
123494826
97869402
101465504
97260266
67049410
114720632
115009600
83492768
69565246
77438234
90808856
111917044
86147006
68848734
108529886
68977066
111215766
114431510
127503564
103159386
76745120
106506612
76729986
105046250
97762706
91515396
90091874
123967362
109957704
92922576
79905350
102163738
95759792
68589004
96553376
74340642
124557654
105677098
96527240
67786088
121141044
75285062
103630832
82432714
82715206
90743244
99045584
94395860
103696536
107678328
76022126
99976140
90437120
114282560
67641308
85089164
94456634
110043780
87819368
103094522
78313760
77269184
72517258
102282238
91618402
91911444
85707324
92339766
82385196
105279786
103055820
125366064
84296510
97267308
95178938
83266710
106542978
72424942
90593334
95663378
97867412
87313194
91569784
106614008
80856340
102167000
86459630
94152916
78464538
118412032
106599910
75726432
92481942
107454836
79765302
99334526
87913748
112068030
69225182
86538128
107797232
115252474
105083054
113144306
78738696
72340712
88401836
78931100
107015988
84673818
102134802
79088398
80571316
75794146
82301686
99730608
70476000
97447680
77587358
86886222
79836882
95812808
87627138
107312002
85896924
99970298
82803640
106115918
110202972
100541924
116417612
102575274
74826088
93541318
86590530
104724686
106297628
110679398
80998098
72422996
104776662
105403728
89362872
115311544
99415994
78951958
87713378
82998632
72743244
86936582
105892674
75858228
111549090
95580614
107344904
73234360
78328708
107148662
101040082
106578202
102339800
108149468
122402950
94102940
94554864
91698684
105260206
93046322
73569930
95274306
98408908
92696934
71673890
91763378
110327546
88920456
119016584
102153182
94297598
67190470
80821514
99636386
98899850
91023718
96890224
108948842
117618448
112318034
108790046
86300938
103968310
100796776
123280880
86912732
114835546
71654666
97676014
82695294
96868300
122996646
71664402
109741292
106678476
110467446
88540140
68050648
96103090
97137418
91042910
84157640
105878718
83087038
73046804
108515356
83407446
110819150
121162640
75559384
89261532
102707788
81536266
113804380
71742970
102667326
97165904
99616052
103714004
80667718
84361802
79091936
80477796
73031086
108794950
73302340
110810516
92252460
127052740
88752868
95187300
117360340
89812142
91434376
86066990
87134098
69377670
106960098
106130154
87007358
100080480
85828346
104767686
97709992
114794150
104991952
123267692
75348462
126819160
87648456
71848534
115308316
102647380
104863378
77566122
80028278
102821038
93327858
100807248
76685558
94815008
98458850
89185654
112416162
117601110
69415450
86694080
129540866
96505160
94098090
75969410
83355360
94422586
107653630
106683650
105946044
91489546
108246892
83656580
101888640
83625878
81537576
70057278
71129422
117592992
90792414
85673590
90455276
90852330
113117380
68531778
74145960
108810246
89096034
101352576
93042760
96194030
90533214
108762986
83279408
102253994
79299310
103219386
76792386
105655704
91464596
95825136
94077762
106243922
89854518
105026824
84027472
84877384
119165342
120668544
78906998
99549604
122610818
93160300
88070652
88142498
68729490
67769522
71051824
97969936
93010072
80306378
108146170
93343214
84678712
95109196
83084336
73196492
82583270
85080674
115114120
103010286
67708172
67442394
108547752
119270480
113862082
80986120
118180952
112630890
88637856
119042602
90242260
79132320
109639718
121372998
97333834
74311248
88864844
97688102
106421870
88637724
123126530
100590654
73934634
86368574
68016836
89415568
116129582
73039904
107461022
76112394
88126088
111314466
88718310
97966544
107101142
111669034
100349814
93137490
89751708
75918420
92321250
110037378
102681050
95835958
103015460
106235170
107228826
86112964
78227442
94368926
91831726
84452496
77302500
110674174
110119290
105511640
81386044
102696894
79559940
95868724
105720880
90164496
111575514
68867978
71248594
92959564
77874398
67006700
80393586
95050356
71380108
122249874
83806432
85362620
79931414
79349088
85506342
71438620
69036118
111400072
103828934
82837176
88584468
109017380
90671712
106211560
99826262
108029456
97539868
106447542
99478614
68867126
82895430
99911406
105368168
79191920
85627858
109761536
90681598
99050084
86146084
70897986
68034276
106401088
77585446
103491382
85057612
95038072
87799190
100637032
80500942
79475698
82268798
78280566
96508034
88129192
110581298
76946790
83597068
87935540
88546194
95310214
79820974
105014430
72185686
99168472
92967870
111181902
71144288
114088936
114388160
87492268
95637060
88201798
120034102
95640714
112061490
77900564
101220894
96133206
128314366
67665168
104317554
104190656
68335694
115495940
91310698
99758570
92808228
100593086
107240572
78788440
95387458
117717706
120723180
98975670
110499972
76401560
71493434
114666164
70896564
76853972
87308300
66846008
69836430
92538022
87797872
97527390
85005658
85350150
70941190
69036762
75589684
73169608
69608686
74010598
108046010
93116336
79982856
107045338
100678340
106533652
93698138
107042454
104366564
104382618
70450256
107201642
113109724
81539674
93298512
122407312
79276020
73067490
71116462
121269818
68184750
95247426
113927728
86156366
70056290
78618994
67732532
79804256
108743286
92804514
119574340
68018690
87817388
101121882
101641470
117573324
115205764
105015838
72917928
80800438
104332598
98950470
100694636
73332244
77134268
101595878
87530804
83756352
66937054
92898390
108277120
77192964
121848394
79700014
69835902
82067998
79326306
100792012
110721468
88699336
86216568
92605838
72168088
80388756
88683736
74807650
74474774
74180912
84542624
112159632
79565500
109928940
69953866
85462616
68004780
113998450
80433774
92281702
97666444
81790464
81929536
98928652
115562620
81006458
67730402
102148814
101118938
82578072
107975332
95850690
120920440
93437254
76627964
71082060
82823930
108261152
106509330
97346714
91411608
77846014
68606206
88251848
81222368
107825966
109000692
74107808
92573620
69545306
94745076
80770852
83346986
70743050
83719670
71027400
70501726
113800860
97663790
72357956
67915544
126269934
103761532
114353640
74747814
97317930
119355392
110426152
99411322
102958078
109018494
107995704
123584818
98187474
82217806
90695980
79444874
78135724
100985710
74857220
98942798
104584802
76271684
92683280
81987058
104236698
93175846
104119690
68705992
84737290
93615090
79251904
78827910
73916760
97468974
109993262
83052096
66742942
105531068
95147626
92553452
119939012
110398708
86032036
111400768
91588854
93712674
91930288
82364102
85956706
75135764
113688378
120394078
105086292
97353426
101033306
105979522
74239844
81048076
102799304
108046496
99568500
98000748
91509274
85324604
84571830
79289924
110647414
105894538
68079446
123483544
89024848
107009024
107978114
70984202
74312834
101371544
113192444
89708240
82585698
117503926
72080370
126197210
91681486
88365776
116249942
116774000
105032410
71771844
102468838
96350920
99802722
84699934
100392408
101074782
77391114
83796250
109174336
97957434
107974912
106843532
105632194
112372474
94764340
127586916
105821464
89151706
105219820
116835130
118112086
77456098
92783628
99352516
109892938
98615666
95048310
104699704
99794918
86438548
93271192
100565092
76245080
103866702
89954170
79779258
106105446
109540868
107027312
79500580
94204090
72401716
85768604
112933548
104507600
68467844
101496048
107232900
88685726
84044408
104595468
97353998
106104200
95216832
85432900
85285514
83545662
68323848
110968286
90686108
94727076
70311680
90540060
75285966
102391182
68931284
102762188
109808748
106436252
117222624
87472480
99100928
85110056
110220018
85382130
72726254
86441978
87827454
104625356
91117896
94231296
70585770
103256036
77028666
74429482
86862494
116716710
70684886
77974688
98361926
98339010
78763508
109596600
91700512
92594002
95898830
77771660
93345096
109915530
116460706
99013086
89745048
67524240
102858680
111987058
69233850
112660836
109327366
69766448
78174102
106815278
109626368
74261756
78313618
95487448
117009780
92405072
81647216
100800446
95102080
107714168
104941344
88493180
107800848
73580310
68224638
114851376
105716470
72450518
81005928
74029482
93196184
87949610
109248236
103441514
119717276
86724736
107372218
67280062
86339514
107453160
72140914
88409394
94018990
91441790
106627058
105957892
99994168
73973624
80859054
87759536
101809228
108401990
94295728
77997134
97556338
124605764
114343506
100869636
71005470
84547900
73532682
100121984
81304804
127172080
73577840
92347502
86199636
92381774
70376640
108889988
67425658
71650704
95626634
102226858
105645250
97954482
90693006
104067954
77173950
88038446
80541530
103081630
69153706
105016798
78456474
103495224
90651888
74409420
82482046
91059928
73632438
79400852
91067248
93040122
77441146
80566640
73700518
79220984
80991344
74398630
83832756
111358426
113504888
85355284
76851000
92690160
107366462
104053380
107405460
110100460
101900022
72558434
78322104
123170866
108659388
82872682
95304158
81377722
73919678
85615354
107579736
116427070
83128036
84940622
82288560
105821350
75279108
86069028
89541626
86441714
110450736
79891458
68701294
91435018
71433178
96756574
97712604
116515736
71028896
84233314
100142796
106564202
105529814
102351518
101937664
93392152
106755690
126401078
78825108
93686016
95896158
95506450
107771932
81620180
102515784
106634928
86054288
68530406
78739396
107061234
83219048
82448792
66794810
76065700
100435870
101821360
109079392
91610366
95594096
101608274
103933898
84425668
109507268
78839096
83295518
76875098
71895870
104753944
121026720
94950042
112869672
100538412
67682114
126989906
85975474
86453538
77315500
67068990
105410820
83498174
110740926
115631808
96514852
88081268
89663732
78214996
102129640
78465084
105174624
90054486
67301004
87490734
107683484
77764866
73446382
108835804
89611006
79455532
108678942
96255430
91936670
81675008
108648628
83194576
115201090
80580938
68443606
101517612
90166498
96833832
89455904
83926664
99582734
98994222
106121896
85111096
88776690
111484280
70301046
106180322
84214014
112323414
69146160
70164356
100549420
72849194
86938382
90057132
110717816
108056146
93075904
72164608
104557712
110100008
71628188
107454016
110175564
87108882
111673978
70202482
102402784
70492242
67026650
101616878
73406858
119683512
100248052
70537118
117183402
113540756
84116636
111565984
108300400
97871174
96501836
104688830
108621120
109384770
100749734
106545642
109604900
111806024
100516678
87882566
97039026
84062254
85419726
109230832
100003334
74608702
96725116
84299210
82139612
86425084
84667344
113424578
80244142
75521962
103647350
92778394
71607154
104653874
116627402
105024902
105893826
72849888
86273702
102521312
101746036
92693652
85255172
79200400
85763170
89015038
74509070
102465616
117185042
92271078
92400082
71815796
117761134
91967544
94497284
90199758
119465630
86812436
78099848
76050284
76409916
108744480
88748426
70289026
98549472
83769898
79823784
68567918
71192406
101781028
106294956
104740110
85918194
93775490
89673840
77008338
67614560
72387280
92494002
74709600
114159640
101645914
104569822
69727386
84262286
108393070
73166658
104571888
83849144
88130726
129751262
67824922
79635404
79378520
111188838
98852122
95937914
78447810
125627796
116757236
92060830
83910544
104284478
83354234
99442352
93720930
106752364
73843794
93681676
103007998
95516358
88241070
72332284
104520378
71196344
93433976
99024254
75801782
75149228
75805718
78659518
80467136
95551670
111092552
104634784
94147012
121914444
108143362
113838216
99738558
87384682
70846952
84697466
85872432
119859566
99160298
103896282
113327024
107916910
88637814
102466070
98908092
108752848
100076252
85639914
95783052
73675898
91747670
91177960
108326932
98003034
72939554
70003158
104702472
80327994
67147404
78327192
74232104
84098166
88615502
106594020
94283612
72476086
85764822
116197380
106043446
86531090
100654058
73587518
68880968
99256866
71588894
108362776
90033054
71661070
73688758
119731396
115193506
76009916
67350038
110627538
85461674
95664190
85691890
97018796
98247644
107479096
87814756
78454222
112636648
93283908
77046102
94696940
70571986
127007402
70161412
72679802
92451676
103138194
110876476
77502838
100579080
129778266
108056898
69627178
105144008
99562636
80414590
118714556
106906516
97497356
114896594
100821046
82073970
98475194
106711442
73203078
69635678
106501800
83099334
97458226
90327258
105454328
116987564
81989696
97458756
92832682
89992282
67585442
82347434
112926470
89362296
94174274
105125612
98966056
85428112
77752716
77966092
116271544
79690254
79449644
105685822
85600540
108259784
120823530
88526360
88483530
98945998
72293472
72147118
90882024
67665474
76536132
104895522
69329720
75537102
111347178
97000498
101637406
107944706
76949858
115369460
79758452
122408090
104635010
96016598
108783444
102661198
93573312
111866238
71469648
87104740
88437576
103325592
109247884
104609028
92724390
94517138
71363760
110419504
99631394
84468024
93055202
82392086
101173026
92034714
87113484
103144194
129654958
72612072
77388546
103727782
106165086
119210464
92051200
83419458
121864476
98324256
85953388
96033894
93892934
93655558
122831234
73188428
103107226
68663708
80102386
80517754
87077208
71262334
88429884
97408578
76792740
100515502
118518422
104028840
107522868
71384196
83084558
75695398
70145418
75465470
102661104
87417388
77428894
71050604
68293420
103077438
80080464
69485378
78201534
112810056
95372768
72981574
81757472
108629982
71166272
114092400
114069912
109779518
112633000
69459698
96227224
101086352
109469094
99724870
77564792
96676018
119700048
112213398
102778338
74033018
98425662
85572198
71310118
84395262
114667566
108195804
102274448
73162322
118135882
92554224
105522276
75451308
81712344
70049524
72350682
111214668
96847986
78345388
83289312
103687334
95704440
108023264
81216060
80209912
82454094
71302618
86491550
93802096
116542514
83899750
78127540
93186966
97072660
110918112
94872916
117883962
124105078
96067156
72787934
69337922
91324656
86218380
72090324
86330514
74630682
102589016
83071074
72824632
117066120
93167924
122231726
95882102
104673708
92400302
109461098
95239000
67063926
89733534
90614616
116634792
67953362
110728606
81375258
114184188
92544500
116618122
74565864
110834112
107903256
90241096
83392460
86762230
117379152
97266012
88204588
114058320
91336830
100593604
121153158
90680126
76485402
106230556
70733270
95827452
92235708
78336154
99917980
99797026
95869340
104423660
77163296
96372958
83804622
72368348
95893832
81811972
105024816
79275336
91874134
127548558
99819162
99692690
87337610
76499956
83614638
115253480
95664090
103931664
82796016
87755474
109553382
115356318
79384180
80879854
91388466
105809334
75162968
116202632
72001270
93320638
75301012
109797256
118900066
88426132
108468420
109017504
91193328
90879174
87475822
108310188
95336000
104920332
99607582
105429264
75471630
98598004
102580390
104428890
108826710
102132310
69162836
80961158
80576942
108007432
81654084
99945042
81395302
91037584
96650748
116079402
106047526
68757900
110262900
86898854
93367812
80899190
75139336
121579424
84226834
90010884
86653662
96771200
100263782
93747682
87250232
96927490
104581290
76872664
68889840
130250238
85033102
97863632
75767904
114848780
118405524
73063792
105949304
95035960
90887350
106006410
102891698
85022890
77006052
73521126
108806188
97945928
82910280
101777882
93537730
116740564
92230148
91759348
108635938
103569518
97483822
108245980
79145648
84814974
113585084
86949704
102776738
69965802
69320396
81291200
106561594
107634222
106682760
87495832
98782182
105884856
84547688
123485134
84760266
106140062
83709224
90337126
102174358
103565964
76744602
123833422
67510544
107618474
72423654
109953440
109214244
88934450
118095856
93058622
78559678
78008264
86911296
92814146
86714198
87928646
132509008
105373072
109916848
113390958
87704040
119821318
88749368
106100464
84261502
90468558
83265064
92380126
67705388
116798862
95962510
105176948
95790926
110522432
102377758
81924758
86889308
92800054
83954176
97555294
87188332
105900464
67141124
86688208
68967764
72166764
77521600
116592998
96303938
69141298
77199008
76959314
86115400
80342720
101246018
94278000
93869656
71056068
79072390
101205580
85821236
99801392
117419658
102017000
75519764
72209190
87245180
79761086
74507906
127966548
117817978
67626682
120388916
76498888
68819180
109244158
74035880
108833172
104380664
100264442
67522174
74131296
69954668
100201440
92991458
97189396
68267626
115986140
86176490
102616804
82351570
73378780
67977442
111203508
72516958
78845386
83856364
83083082
95037220
105176856
98361908
69914118
73512782
89427694
89472420
89339722
98015348
100682154
106355278
75577326
104841306
88958522
108550538
99992908
105916122
96556228
111050134
107749890
125151452
83888270
73697858
126507738
70061230
84952584
89005566
93211728
97109050
74283402
69200314
68923402
72601172
91592738
101210400
89357726
74465040
88709596
90562120
102499408
104635020
67722726
86544056
83995854
70055608
107109990
105793784
116191302
88088432
86565990
76318080
106357034
84768168
104187106
109624512
74371024
97153748
110573182
120795298
102774608
67742244
95652580
106204298
100838092
89385932
76569322
121269220
68129056
91098274
124269068
99703102
109986412
105094758
103178884
106745838
104113900
111299596
70848778
67112898
103980670
111434058
74713524
97712832
84088560
93814502
112757962
108353116
113267778
113574228
100754934
106538410
104796438
108717292
71131038
91053624
74585552
117932568
105197664
109400492
68875146
105817554
104423718
117539940
88020074
92196570
107909032
76072616
109354826
90140262
105866742
87659258
84805790
85288772
94794198
99598172
86885784
84082230
96037950
95696608
94048664
66974602
90510498
97500780
95507318
113450802
99428566
80814504
89186312
72891672
97584540
102953648
81096556
71682914
121704048
90291406
99498788
107099368
86199006
82976082
90400358
99968868
118003238
72230634
82221380
102749488
94166474
99127236
77622816
91263890
69418356
88902182
80162632
114711882
83650098
101373702
84441496
108488340
78761262
107049160
83468178
107475586
102903644
111557232
91370454
114133604
100914878
121089764
99065130
104525932
71285878
85957254
106151104
71955396
90272770
83098270
105414570
104500476
81086754
81573196
96718392
114019950
77309642
108363206
95817438
69830554
92039084
70652360
99717252
103235068
109195708
94591810
109678838
107867376
80018570
68137702
105875366
98446250
104090526
121361866
102519892
67958838
101287544
75723358
105475460
88189500
101259068
94163642
93297648
83754222
85619020
102982196
70570162
80193000
119792736
100629394
116990056
91670942
78738118
105133284
79731456
125127946
98634512
118756226
107437556
97325590
97421968
116386702
67849978
87195996
88456752
93309480
102958586
112181812
92670846
95868300
102554960
93930156
82717906
106970442
109364242
91201908
103397350
77770098
129328144
68778412
90213022
90963626
80255828
87929500
102064722
106909558
74300652
89197176
115342708
93506770
102800516
104185494
89279216
87392418
95474564
112671206
83498950
84491560
72006490
81214018
77623882
109234844
75128620
70144374
97764686
91592606
85508350
100588732
79917006
80696878
68714172
72915696
93271074
95190098
101550360
107622754
94212274
92384182
108161480
84902800
87080722
103296050
126099402
80955750
90561172
84581460
98259804
101132078
72192748
97831834
116401644
103847518
80323558
100518600
109903214
106338630
82769674
85109934
107348802
88777002
99616770
121286760
77350000
95799422
76158278
106894214
106905394
107472980
83930416
118280290
107258282
82928588
91619250
95861270
99382248
69807098
72721090
108382676
88687656
90417004
84521568
76504372
78542594
87354190
113249230
84171718
69249192
71278146
87502894
108955462
77146736
104043594
87798394
82670504
94221926
106088278
69782090
76459250
74600284
100527254
98661584
83103876
121266738
105917832
81860316
86211698
69257130
73747656
99382938
79943934
73327288
109372000
102603688
89176812
74159622
68541162
108656784
73185234
68060084
94813272
103745170
101552666
79395386
71764874
104061750
72352448
114407666
105418884
98937790
114136362
126779120
73473582
114724948
98473988
105080912
83255918
110040602
124717530
73650608
80387488
95639564
89650160
72293202
87754154
116393214
115329674
77737324
92603436
86512264
77778528
109346562
108666462
71984660
98788024
75186590
77484960
86922968
81301800
124929816
83738742
94189702
111509180
80829340
103696312
76852404
109958046
90295104
104066158
70223476
82453392
101486004
112247866
76020008
79253496
89120136
97926472
99160892
96660724
82956190
83861570
77395876
81892470
87820260
80724470
116697726
107085448
107256422
72953980
106236116
84103852
104197988
105603126
92315180
99390572
89526888
86551638
97800790
106205458
115771596
104747368
76483870
117927340
102277108
81948230
89994678
97925482
107327342
96215298
102726736
78938162
81032768
109994188
71798868
112502466
103027084
78484520
103983004
70195268
106396928
103553744
101066070
85637704
73440080
103923146
72769286
99475142
105027296
82256652
91660436
76044546
79212930
77919876
100519346
104989634
85886446
80763738
128085976
73319762
119729126
102138416
78669532
89008678
109464194
106900370
104527072
111375648
69037412
76475580
103370240
87013452
69569142
78997518
81931058
109881158
102265526
108160478
105738132
72152374
84693004
111627484
108607924
69824064
99994396
101516214
89915850
99585312
67405738
95988018
77802390
74468994
75197030
97256924
93309676
101566324
84931102
101349884
68055234
89853894
107659884
105563740
75590954
111795076
90829618
75631878
78109954
108194230
99715658
87752450
85691766
91620796
69671020
81392070
102864630
108622918
80381542
85497650
85268532
104246002
90598988
87654242
93590708
69419030
117068468
114632250
95689868
94680864
114482784
114275270
106200398
72691668
102303762
70053554
96191096
80504400
108850432
105932788
97787884
105990498
70294600
105123148
75398884
90340586
106804724
85111674
72919516
105564752
106474288
94762974
92773024
116975650
68258576
73041002
102178578
117437906
88783830
93530414
96477546
114988902
90075442
105309104
95769332
89440182
93788256
71622456
75381442
69020878
76954872
78638824
91549100
80786818
80778668
106959776
88758558
89119026
113327744
87848482
88336736
71702408
93267306
103736768
108012578
102205960
82664742
88153040
72319990
67565760
81431744
75655060
82336404
91939674
67736578
95462542
85420798
108096984
78306196
79636954
110685378
71141954
86872280
108882878
84241204
71593114
73060082
96646428
107445956
104893764
106284828
104204778
101251628
106026186
68920654
85622180
121604574
95720404
100871370
74140118
77606632
93285794
78603926
80512004
113415666
99648034
94143556
110675530
103268468
98775152
120326638
103416758
89871336
77668706
104878036
96603370
116868640
96785608
116660336
88391144
91135198
80479098
85902238
75705954
116670828
77797270
74669948
83963484
84081656
98018524
101677048
108837890
104157952
75950036
79824470
76818422
114276612
69349268
106803708
100912020
84000104
73175522
78115992
119067712
100151880
69561838
130615310
100975270
92705700
104768830
95802748
110701384
79200770
99634108
75740608
130398900
82155844
94169726
92555462
108816126
103091654
130919648
104818742
94454320
101123452
121161950
114444716
78210326
91150288
101214826
104050086
103937850
100463300
113553560
94765392
106531332
98206442
73710030
103773264
71338386
77252308
78377548
111062276
115035362
70341416
87620724
99363136
106560914
108293190
110137902
95340570
112102988
80138646
110104488
107907944
91214852
106361996
88290828
81512982
71334680
77660022
83516408
99278258
104571958
68693384
85148078
100009400
74155630
78715402
70824170
123818266
70294188
74797776
97863460
80065576
79818396
103976794
79654182
86279692
95773738
128701552
97223162
97114694
93999466
73273286
89749082
99821386
99489298
74973818
71422066
91262536
109453966
77532074
73064778
124180350
87758612
86678018
105933898
121777648
117312726
96749188
119699140
117975406
97673558
76079376
79146520
76725174
107932536
71962542
110454202
111059086
99737694
72240064
76828948
88719738
85913888
78847970
92138824
90636662
98214612
99166174
103227510
93024164
93654930
125418864
74265878
97334616
85139402
114052362
94847026
90441934
121245932
80636126
94595638
115943376
85436674
101709482
67532372
71728390
121342776
118901204
98673294
112905398
87868534
69890882
81490488
83416898
67584894
94302234
82954802
73969996
108297696
106121910
73707490
67098460
108474070
101147330
80123800
91815610
112614184
73360174
73940412
73372648
101346782
118017392
73305768
118072032
81476842
86130280
108812110
100524954
78065674
72675702
76341418
89475652
89242008
97946668
104169546
118294308
82233984
93121792
105808306
69813912
106972718
95360484
85986194
73497946
107571536
101955528
76708106
111458398
78567462
81306840
70402788
90675522
67427626
113390902
77078896
108134918
93477170
79164056
112305016
103472286
108926514
78993634
127849978
78613820
81926062
89612764
85051394
75983862
108697898
79788092
92850130
102691678
70196278
120091890
108483704
97112862
94384782
86896282
89667534
113184280
96418446
88725488
69817218
82013852
81535132
98221234
69020106
83944246
110244848
86526534
72888458
69919732
113663254
102996448
103748144
76337072
91262844
112272002
117529228
118980106
122268148
105733614
73635848
93727318
116780284
102851702
67500658
69421686
110954896
75252610
90213300
94757120
81719632
72779728
94929562
86542700
86982588
95339260
109298446
75347922
97523298
78813836
89813922
95016212
69631920
101630250
105679268
114245462
101351202
94828634
74847948
70728316
84484146
92992088
89060370
87465424
96773266
120086250
88105932
86722678
74072324
70963662
80618920
104891928
103752382
91048264
80036786
95969334
108384516
79379794
110751568
118266632
84735688
97692992
102303676
85672038
118310488
111493594
103059882
84552794
111100584
69311034
105392776
123497434
71796514
107022426
110852784
88323182
95750826
85942912
107383904
102048742
67456230
89887640
119744552
79811182
97834388
80944944
75362856
108896168
103924872
100864062
124098900
84210696
72951006
66875342
109578456
82229430
71747176
103290926
103532342
104907016
105745558
79966220
90536894
91045792
83315916
106348248
116557152
77468240
112212488
72507842
118602474
68743010
106855376
106227920
95500390
93305166
111908006
119125416
115252564
105702822
115624674
91878664
106112540
81417192
95201984
96937976
76451580
81115666
99006548
84169954
68252642
72910840
129308002
67778784
89527754
75056682
110967714
108350784
72853904
77796128
105352020
120825530
83032142
69329092
73242328
86007980
102021896
69563264
73985514
80558806
126767492
93411718
86739774
85586090
86505072
95572704
126668010
99654964
104150622
90443226
73076592
87550240
117461820
107918636
87884842
90828230
74973504
102323916
106341548
93419878
78663478
67796386
113045794
74420250
73590952
85705922
81209102
96999364
97353424
77557562
101798720
88537430
88648310
78098228
76674154
69641348
93118898
72685828
98518400
94532098
99946910
78781560
95317434
110252300
106729264
75895148
128703626
77036160
111513312
117972578
90393418
93825928
103389430
82981284
93445024
72802738
74137348
98445480
105310600
116637790
70090968
123523176
110777598
72652764
100214916
100921334
104039634
79216444
93629930
97403190
78747386
76967536
125144018
93394196
81886864
123114442
82999464
95919112
85838618
88522436
91866612
90458724
105661316
110972218
92597078
119880396
96874638
79223522
104864808
115643820
109251360
93906652
74994280
100530398
102677314
72664608
124106166
125090946
68079492
104074728
81873532
68262200
71591978
109613700
97538350
99815280
101535474
84021784
95057446
114279204
93047316
88773806
85475960
74189332
98327776
98228502
84459144
108558404
85941292
96013684
91518960
97001164
107775272
93487838
103264256
104775518
89441320
75364778
102305172
105915020
73290826
101937470
98184630
76635162
80973642
103903212
104675238
122171100
93458700
107151246
109611152
109041784
74969978
106756318
105991836
88221408
93908512
98510490
84323678
92152972
113683336
114169346
97260596
76566852
77163478
84895886
68999164
123513832
107886964
67562702
79128908
89773976
70005974
75241894
117171898
108636936
114796580
105779090
93229744
111681570
115396728
109386874
76307878
106223750
72074858
96032030
92543854
96716940
94662284
100235372
87022096
99476440
100122382
107993680
111155084
84077680
97804074
69051112
105539132
97572640
97567786
108626492
99007360
74150174
71884718
68929184
92307086
80246798
113495608
110760298
106909640
111434004
84584582
71705472
101000808
121343084
97118604
81097908
99324932
94928984
117195992
73454112
103087640
85310530
90152702
125007580
67267906
83569074
108294844
111906218
76595060
94254402
67014938
98854894
72484276
115671816
93196502
117220458
68205124
70122368
117098712
97254524
110541752
87688934
109000374
112743704
119204200
132993848
85633274
75940964
112029998
83582198
96868162
80922842
111226306
84264914
99964584
83661712
68566308
91860946
101529500
96208868
81272964
100233878
97460772
79594372
77263514
87970980
87142090
113034108
68328102
113541674
100333106
109534478
100082968
102536322
87826200
108509648
69202704
92731620
94671474
75669278
69330824
120086556
99369250
107030838
92097918
75377460
106326356
88872838
88017454
86358662
75033924
88763330
116740564
82215244
101411116
102260256
96858798
102000482
108020536
100352868
83660746
73378508
97956872
93223848
70707088
99277580
107220866
88247120
81115180
79528536
79322808
79151216
110737084
98384254
119391376
106709280
80480522
97360964
81529090
91735476
100392434
108536362
106517062
80495308
93171606
109528132
82591524
82565456
117298628
93133696
99412184
69497902
123056056
109002690
86033956
90531752
85907670
70487406
102026796
92701962
105593240
83444872
101647778
102501070
67694128
94149042
101843950
80037148
93543862
93506806
96942944
99376208
75057096
95857286
75802456
89651734
67487822
84121620
113931694
90885254
98598604
82857180
100087846
103297418
89291506
79458302
69532596
87237342
71847550
74712552
68218754
79545184
68847952
84589582
106732462
97110322
103539550
124857908
92580848
105386190
107762408
76768856
104974936
75681158
67193654
92810552
110533194
88787910
110534518
124905158
87573324
90195980
92352544
86689230
89599852
76922508
82738304
85978006
95118876
105260352
105957346
113153064
97908348
76822376
70082934
78687872
91643666
86580038
105400940
113533554
69337316
83388450
98966002
114063040
99448250
105034282
109454280
72922118
96822014
101823718
90910816
103021836
93860214
70138904
70923406
96032862
83841074
103101186
104133900
96832224
117123148
85460360
82819008
81858190
107612484
97955138
106129924
75344260
110189722
108745458
82751328
105043008
85265178
68077692
129266006
78435108
100790670
122227178
132203976
106899252
85844788
118842162
73629036
81236456
76800856
108178222
92380432
68675614
107615474
81733764
114526146
71708410
87612816
108711838
85776782
99040420
110742038
91138628
70726772
74136348
91252460
108135664
85251378
101126936
98467612
112628346
95172546
110479842
106735376
84534460
107551858
72045046
92740800
93573196
106955166
107303094
90834762
69532268
86888924
106345158
72152552
97267372
83128522
103063766
91804910
91205072
111674716
85456222
88680628
92209362
87278224
103079638
111891006
100352560
101555554
85927500
84453106
101898116
79434896
68046010
93244278
78932776
106590212
95594498
105464358
84278836
104818368
95099918
82744494
90985436
68410776
121336456
123472410
99765972
96429668
93727074
79355942
81248424
95917144
85612560
97507946
75370084
102190814
96613404
66848078
107555806
80597340
106611458
87158602
97503162
92847082
79971424
103452180
90675384
83125302
79858080
67553906
76366992
75425662
106656172
101860188
96904290
84798008
88442584
122631882
73917828
97837952
107168146
107886512
100204022
75915680
92045560
126878224
107322818
92988818
91483144
102376642
85077572
111672812
108089038
66966490
75425122
78281726
120448074
99053404
93360738
116086768
76066796
78852206
83180616
76317670
79715802
74056608
94331598
100219548
98578192
77598426
68924642
118767030
71726232
94692430
95344012
111927878
68161346
83226088
81408616
111858640
100538072
86446544
105359444
121023258
103559322
77496110
116111850
75911342
93416528
83783878
82129768
116239644
68639946
88405924
86898620
75194224
109413272
83768784
105328792
78222968
78893404
102198888
89811748
81430938
82890738
79362884
73153238
108053526
119094048
75110434
80596496
70881220
98614368
79051000
87834486
99417030
103874104
104163214
108924120
70343904
88512010
96673800
84090350
99593922
81956648
86143148
83498866
102705598
76074528
128588972
72335744
104098094
91978070
88917092
118256906
118214092
104286962
66829698
68088490
78418620
81101038
100245270
95983328
84611720
74153220
104001818
125516182
110627194
75538182
107500706
69323522
75552846
73531824
100652870
89417618
95604734
76540676
68927540
92386348
100376188
120412004
107961080
102846064
72486496
99289314
94179400
66764728
118006182
90403062
69526576
92185292
96575772
117099858
104866294
102568058
91210768
78769246
110079100
84394712
100950704
89928490
92487146
82243264
98196002
82267658
71026354
90929366
91536844
85922140
66786802
109868848
88591192
75433560
74026662
106759420
95873562
72164340
93868284
87155066
107885170
86753340
75918768
106260354
97878536
104312166
100739128
90822058
97811822
104658724
73829944
95671966
92685196
84106982
70427702
86954670
97308198
72540548
81071200
67041702
97627466
70251486
120608078
75594056
69298144
112668748
87167554
103961288
74272750
94496034
86753402
73315422
124745890
87764934
81285482
107913340
102667148
86006110
112518158
90303816
100690266
101785910
70333158
115695798
102455142
118273412
92206160
114479994
82842018
82767574
102032904
90764622
72494016
93755880
84676116
89663396
109864000
95431920
98598964
96124304
83844466
99440974
87739866
125322302
106425144
91775422
94228710
105950170
93947640
114115954
115828890
103871978
84292944
104532896
126640202
67447350
107041362
80943950
92829260
114310430
92247712
85384880
71282032
91665524
76510788
108819108
92372452
88836232
79458076
91506002
88424382
117044968
69814402
84490504
95542588
104272696
75438464
90010370
112679936
95143966
70639888
92217588
109812282
85018834
74156438
74255414
115276994
76379392
124018178
77238414
103669684
102281584
111105678
80924414
76273758
79053736
85004138
124114038
85061426
86767182
84503324
108247654
90380702
111402936
81541902
85828610
86716218
118192842
109033012
95543224
97326562
101030300
82568002
74227868
118662560
75642616
84006774
103270362
96912386
73858560
69918522
80935610
95313672
86190968
66815022
68084998
83555750
93410876
87051870
81797072
101224858
98399858
72180526
86950012
85720688
97957970
122153732
106394452
78680236
99950428
97797490
81526714
78197794
77475704
89833460
71205538
114190928
95540712
83781636
112970128
68484142
111391186
125611758
75063116
116594406
101993798
78771432
82302230
84466168
87847372
115200450
80018140
103716550
88566810
96236852
125788064
88481508
73921860
99607120
81501396
124516328
96247184
93597466
88505330
87000394
71347356
84287188
98615356
82884826
103411552
79239196
95948894
103649108
95667920
105905452
102392292
96120286
99189462
98181828
81802502
97807246
84424568
116772808
102488968
87711188
104621892
86439148
67878164
101991664
74000916
75228056
90621296
99530552
92801552
71930854
78490664
109370076
91940632
89844188
103826286
101559454
75527666
88857940
81376078
69038018
104099338
80402114
88272442
97143342
73963680
89557964
76387114
86106016
88901694
72752536
105467178
82868934
92566292
85032542
70928426
100087898
93583676
90753990
95868452
94739774
79610938
111855176
83392752
96073320
110256570
69478730
68176770
102119308
88713880
107094626
91038898
96211420
82387108
108035438
92250554
96126130
98682174
86300026
108096146
113752126
96636744
74506208
75513084
106981286
93701960
116903872
82829700
102661790
106345150
91308000
89313658
99693824
74277062
87085422
107706576
90807638
95861686
81685292
84921198
68846028
96609988
72242508
73722080
81672578
97718714
126752598
108329358
88184056
104655590
84229364
118613866
81350918
103230228
77096918
104524268
103179172
94533288
113310868
72788368
76587618
95706686
84214708
95650386
106793340
103729570
111867754
118155058
83913874
77495366
79255186
76247982
72216646
103313770
123927124
87173436
104293456
68828782
82460552
86213476
86405748
105279628
106239434
113319494
110027446
111448306
101835336
93891492
86442358
112804218
110338450
80379886
71625316
90728532
102559124
88905400
83826168
94760004
78391958
89014238
80224494
68754540
71198682
108201070
110732330
105192258
125022750
94590102
85164260
130366828
112898424
85092942
94594056
83605104
74814712
84567492
76302790
88468562
99899392
107400092
72398822
70612020
80808766
94511272
68618272
75946116
111380850
67142106
116487024
95899788
118743320
80841524
103430090
68694944
71193924
109535424
100014220
101649890
110764018
77674018
100190938
121912262
87942010
96831578
111877132
90050712
71437768
82496246
98200146
91958100
90263348
103693858
96489006
119962630
67348634
93975806
107108970
99624000
86080210
93800754
82254510
110063584
111015972
71289766
85123668
107965634
83010162
109579834
109436024
127948370
91870364
99867186
73960554
105205802
108918342
89354166
89204272
76739814
106642278
82416554
89930860
70958700
82975934
96602066
116519610
101231802
121056212
105573904
113835392
76656850
92576428
100345264
117642860
79397894
83097482
73595988
79599042
81003536
92164062
81580990
74751956
101004028
86349142
100017610
76902482
89133486
83916694
111940536
113848732
87612412
111155470
99808046
129479422
69353490
98463310
123704684
98995034
103263044
94498694
82239356
95952000
103997336
78242472
95539362
79980854
69375074
87681354
78460662
78181036
103346240
86301920
107218300
100981294
105765092
85118220
75454660
97162556
111575526
118242298
104475920
76063428
110218644
79957474
82523696
95312350
82946046
104383176
67335504
76310920
111769516
107385248
107035358
72172452
82144782
86848294
103427822
107605780
75023904
94757752
125457962
115658404
82433042
71372124
99933984
115777966
108335998
71040354
97446994
74506596
102654950
89831606
83004120
91722284
129302838
66850250
94446548
79320958
111134050
68536092
91128200
67621222
97524300
102962088
123595888
96200770
67533378
89996852
76070680
108461702
100980664
95836976
122729926
105327158
77259718
109557606
70714774
106135656
80943052
72862218
99587876
88630412
75280200
70643374
92237454
98541312
102381922
75417054
102875456
82351792
73759350
100578716
72348858
119355688
96293088
88798738
106385050
91001154
80763592
74117814
97106290
102913052
108546066
84288164
102210644
95290876
81029910
97148906
112704608
82778540
97505246
69844568
72437642
108955984
110167236
86623068
75151752
77873218
86959078
117553204
91495644
115829156
77837140
86849874
73251688
85313922
91762054
102302376
73817720
67559076
83373570
94837200
89864180
118670068
84514788
78067924
85227354
100247982
80503858
76637962
103251648
70978830
99790752
108757206
103473256
80268926
86001690
97018020
71046642
76064522
90361732
87854764
109795676
72566094
78953058
117233624
95406792
111826030
85203934
68003754
82467278
103025628
70591592
98559480
92188278
96484614
116806346
103237620
106665974
73848630
105693050
68362772
87728636
105181178
102018076
88554112
105859172
79387134
74388724
79661140
90331824
97993886
78378118
76352482
94220782
73996328
76057700
109524200
75288196
113720846
86770256
77133302
96774460
99386236
70564902
104336712
110097330
86793388
99025212
105840404
91905504
77070134
68876322
100125338
110600678
109668634
84642972
73471082
79581352
92518362
101129142
79555858
69549066
110523790
94106966
75291348
70314434
69348398
101511002
113183842
96290736
77860538
103521784
76891580
94737914
105243276
81884620
119079984
71166584
90178352
100056280
116092796
113755620
118299182
76772220
96081922
104520918
89796192
110164396
76145162
66798874
77308336
99086002
96196334
94417350
67116058
85593210
94623084
87185150
105361406
69481924
109616388
106656672
87002604
119898512
89645088
76696384
70121228
70108734
106418924
87637926
74364284
104386204
100905776
91282436
112948486
73695002
94591730
87825318
91239172
94789688
91091448
84701096
126795446
85726318
68208634
93556106
90397426
73106434
76278702
83386974
108042042
108070826
79541546
81986928
89386402
103136542
101582138
85883472
102699630
79409332
70861588
108192724
110357926
79063356
112697816
99679834
82538230
100547926
103715546
68391256
94915308
104720018
111736254
90741986
69484806
96474970
97913982
102817884
79223548
93684142
105034912
95830904
86381866
96395012
100912482
70222678
110137868
91743234
96391608
82672246
104993924
121770406
104929014
69523432
121858540
87801590
93155412
126704610
89732592
71278282
113911578
85439406
69400420
91874452
90045498
106573254
80863406
83337612
86935872
114923334
96843770
128403254
70412908
70975676
100096748
116125202
101784370
74733332
90667626
89352176
73140716
69416812
72211656
86153586
83293860
86949466
76928244
67614698
109638146
114812412
84804204
107907952
104962940
77973330
113631924
101593894
93066060
76784768
67769160
108375424
90605404
81403478
78136536
108826506
88167386
77823556
96531538
123445026
103954556
77528240
96897772
73886696
95358674
103503146
106629100
93377346
103384884
94134350
92148282
114021824
102850862
101606238
78942094
79457350
119555280
72101600
76399086
80226588
105225256
98523816
97211470
104104538
86060950
109883962
93145180
113486554
126369974
89020262
76981160
95316746
93044652
104993496
81982588
69477100
109372158
102758852
70693976
111403898
86784330
87715150
70045502
110928242
113906832
92146026
82227588
85770712
109966804
118793146
103775174
104464444
79401836
79699934
102175124
80679274
71633216
107556514
126234896
99122752
95867214
99312636
91731468
90025990
97920288
102460192
127079346
108229330
100720258
96406034
105040400
96690212
125821746
105403624
113756780
70909030
99651966
108281712
72245520
82934980
109973532
71033480
81615626
76494914
88316292
89472178
92776794
106102266
130850004
84654536
104281052
101720010
85758626
71164352
90094246
68097898
88028718
103913240
84776636
116935216
99463520
77537794
121818938
126749502
73325010
87502716
105764832
113326016
118836664
94345840
80598262
97023454
124395068
68522224
87279526
77166714
94508110
114434760
112138986
81395132
99164748
97052834
119165578
90695594
126766568
106235362
85704924
100923904
83268548
71787322
74009556
109420880
102616644
93407098
75846292
93260890
106058366
90161204
85601226
81072880
81356984
94669780
118994744
102781852
91737998
98803648
108476330
106017704
99450330
108164000
67444390
105325076
105240814
102320930
118769916
115040972
85041136
96341608
112074902
99680412
105164738
94772856
115062840
75965350
75150724
89888658
96684792
125419590
102511968
106717970
91467106
92990032
128767264
98201682
84894216
67663792
70913958
111126550
78950134
72972188
119042050
95017304
69493730
73324178
81491376
93768852
87611260
70139612
106432992
120839574
87542970
81051490
102946644
116101016
108756644
108037784
108993986
79693372
101310330
121610976
123717024
96820588
76406842
78492424
79835822
123112304
67599602
72576544
67186050
79863798
102559646
75445814
100872644
110645758
78026372
85145660
87632856
74352908
104420640
80220398
113945128
104507710
76677584
83006524
107188240
73706186
75007672
90718776
95978224
95104722
113304590
88416580
87054564
90626926
81919838
102161212
90311920
75630532
70840534
81602678
81768534
112964188
97241466
108696770
82885622
103461816
121202938
89143662
86156360
125685934
93186464
76198486
77729582
102868642
68666920
98873990
125126688
74673508
100392534
71582410
107519454
94655228
83194408
118217846
90262554
114255740
118219510
110455586
101970996
86457538
102226502
74040076
80358920
102052228
107669468
112236186
80035102
101774884
87775950
90658288
102279928
126319884
115908456
67600302
81496384
111526402
94115818
120672878
91793298
93509958
80551484
78725998
91073090
116052998
109156682
89147488
109393752
80717200
97512930
81677618
97322006
105061122
104050142
106507740
83195990
97431350
78243292
82110152
84092974
103419278
68139642
107023888
85433702
96265798
92509714
114742118
104642136
80832812
96510060
124356892
76854914
83891256
108753818
108736472
107971048
100646350
108999400
85791966
87096200
119840724
72728512
96352562
96349956
108567406
96811784
88847278
90412302
115218384
109231786
66777712
132301938
101619800
94000520
81063430
87033942
92262344
103267378
86859142
88689738
84071242
101402080
97270378
93202022
122338942
91422066
92155410
97487572
73302248
86113468
86818982
82513218
84786434
70436064
88434302
94158784
82263530
83746958
97519234
98593788
102811312
99020850
113893482
100786288
75456704
78546320
95372814
91298564
85814184
95676482
101311308
93992058
122604754
98763156
113812220
97934270
117595222
87361820
103244006
98397406
103476988
87893694
93747324
114582642
87663972
77061624
91866662
80538996
80169534
109299292
101050970
83773418
104221790
68327876
92584268
88570298
106020664
71179374
79952778
75552558
72645732
67658872
98533416
71802226
120814230
84783710
124443366
85783386
91190312
87119720
99878140
125357472
91855838
122398378
112507214
97209416
81284074
123264048
117980586
93665076
80690082
99227952
85618624
105678188
92183110
85579120
90116342
109684680
90547854
103924876
88393574
109550664
78115050
96068722
95968144
95541114
90837174
104242914
86632740
79482556
98202354
108409668
95397262
91364970
104163690
106122060
77014392
121642946
110709490
96713506
102486234
122101912
78704602
96235686
93927384
92158082
72790860
91551506
87913528
110670002
96417324
91175260
71971322
69819386
68417984
80638988
79159542
108155850
89870698
94946982
126369338
86962958
95282478
88172542
104536322
110637196
100735676
74156708
76671438
108447418
69086910
79547596
78510910
87963144
67324482
84017180
82070088
90606766
90611700
80691378
95356056
104101332
105125866
87792644
82073670
70873862
87873178
71725350
77527272
81274086
126322188
74356428
78671144
84769146
119561754
75166012
73965666
121959874
79257586
108659582
118457420
99002288
116608240
105550030
108775496
110083620
96325052
68009220
100020972
86157590
104559412
106508622
112147250
107253694
123360086
93644312
75126042
131696120
112011732
70572372
72544052
79811670
106648770
74225652
91330784
85670906
74999318
108700970
89133416
111084474
121323320
97447332
72063142
114832746
95532756
73633706
85000992
77237862
82702396
85251008
67084506
85018844
100516310
110076658
87219472
90398256
104500346
70790508
71930214
89584554
96009396
105435994
67009386
95516482
95037336
83090352
78961914
126717060
105653428
113691066
84532640
77247510
94749530
71497284
100133110
105306364
97170538
97745900
93495288
100729388
111449362
93987568
122792732
84016156
89455292
87594230
81326824
66982316
84203678
99657030
75042694
99694672
94406114
94051182
93105236
82811482
85229278
91748070
83721720
96919872
90191258
105290532
78422060
84932318
111044224
81087864
94798494
107207522
91204654
82571680
107716700
70921902
83408578
120521836
84403714
125031150
108458248
67341728
72091474
101125840
78585234
102021900
101909442
79722028
92373382
114168304
73959428
103369694
97300782
100412478
67052648
79077174
77395256
68530042
95792818
112040712
103865814
104318604
118810450
126688864
125069218
100039820
126085984
91781956
85030674
97323542
85253310
95839518
78748552
117602644
97044898
107032612
121051730
96659024
80793596
107721916
79400574
76394120
87154278
102416666
95457948
80274640
84656920
107885638
92046264
82340670
69174896
122757800
80942928
103076740
82248154
91287722
105131890
102108446
107736286
100892006
119595886
69811466
91883304
68750552
81805346
105059376
108170148
125677150
85657276
116580864
78354138
74711312
106028742
77035596
96987468
94285374
118362130
89693964
105808818
98331904
75535912
70876060
99157666
80435158
96613772
105761494
90992056
107921622
108895634
116310902
86439004
70613316
92344358
85110122
72117074
68825238
91121138
72408172
106249410
88192854
69280084
84530882
97485258
82319226
81951848
116507916
77074504
111168068
68680644
70679308
77316908
94896594
76866302
101511044
95504856
101074872
67552770
95392008
83906604
90936412
92523180
107932102
96679656
117235362
82077982
73365554
106347846
79406574
73244264
101790718
115773208
69529516
107553956
106445690
113352878
123932544
120268108
109702316
93022300
110830020
111871626
76178718
116017056
111114186
97656174
85239160
78789910
75703242
67052064
79372494
103062350
83897970
108558782
87122430
100966232
71341428
79394380
110896042
109732922
93790612
103628904
72260136
74851840
108581490
90396566
98817296
108931348
106403906
107654418
108011420
70335952
69001006
87913656
82312378
86972484
101805412
101248992
109156506
95565070
68653914
93552466
108102128
80542248
113865126
105270924
108055676
95746884
88035718
91245006
80646016
72164060
113786150
78944872
101339096
71523490
98700492
109641870
82554920
84677210
104917782
104237236
92649596
108367984
85857486
73282192
68935080
78253778
90480894
72959614
94512794
78579512
78650912
72185458
108255182
126835316
92741438
71487602
97331348
84230226
107267322
112131396
80618458
99763608
90959600
84286122
101329864
80488786
89575368
66842564
85136410
116167280
82257464
91108378
79203910
92017212
77695744
89175116
93918642
101813482
84312016
75205342
108113082
109624654
95199902
99032824
67279790
83534672
94657610
95651606
98328648
86058130
68446962
97263980
88755514
92839630
97224966
95469008
92624434
106884648
67922956
73638140
103140096
94083544
70390984
99341498
74322510
87923640
99177718
113585706
92525164
101954042
106919892
107637394
93521072
93795612
87960730
66743516
77372826
121158096
84139096
76847286
95555150
103559874
101303332
98894596
74982990
101013028
119956432
101075758
96684660
66957950
98453314
101283824
124337260
92658346
97845758
84470176
85282528
111911428
88207518
90430006
99999980
108666506
87423744
98736480
97474262
90242872
94860520
73150556
92668318
98031532
104411452
76729170
115169526
76818440
86084420
80188656
113467486
72565130
85787788
81552396
72262534
108687648
107489438
92731414
82416042
87625316
101775374
104480928
92595102
78015838
115116324
82122606
93958746
99494404
112870744
69328508
105911374
106945298
68006838
80798262
111156202
69400846
90086604
97724690
82313056
92668506
69064952
90559804
96397204
99829458
82143342
116163588
74298650
77530810
100678702
74125024
123426888
82423868
98700246
72152822
113754888
98476538
85488170
90661780
74714800
105847402
92249300
77863014
101044452
81110208
101843918
105246972
92049334
67161574
83073562
99229724
100044458
96626124
94532682
83565200
85423204
96071140
75454448
104244278
98599750
105414292
91254066
107327944
69633650
76552434
77050826
95533204
93390900
99712410
101126830
94794606
107067502
93716506
94853144
122430518
111519146
82562436
104442748
112921324
114882680
80847450
110506360
101886984
98093026
77193752
85151214
107093306
74764088
102299522
67528370
99444158
80699540
67228530
83071004
101852914
117127130
99522968
106062950
72748674
100259736
127617234
97269570
90768670
87489600
86991824
130388784
108074740
113549670
70519996
107502566
90641460
99532704
96815106
105905190
89085808
104266988
101582866
105120632
85758958
95829800
116266248
74428186
132348542
72571998
92303076
96721996
100689460
94979056
71014952
95295722
102538664
106873884
106051270
114095020
101813550
97100390
112112754
110718972
82414258
74443372
84880882
131892644
86104072
89815244
82075716
79086096
123993104
82773026
99784736
77556942
94319382
118766818
80321408
71570722
73285006
122414932
105601824
77920354
86002842
70939122
83294362
115917352
108114386
97865490
101314382
98819824
115232354
119014894
92690806
71159922
121457458
103811904
74803696
67039536
104831706
107311824
96909972
91751062
79172830
91564514
77920098
108982504
76685504
125830270
94842402
103620920
108484340
115852868
91433246
97689346
72539784
70980286
89589326
111498944
71991776
68272034
120988792
118987072
105865428
99453706
110967408
71801226
79370376
104522648
117340658
113199106
74948802
117498830
76609250
89375102
115453062
88147082
112507578
117475040
101100632
85652304
85019894
106490318
108872932
92273072
114995244
76598744
93136302
120386514
90105108
117802158
97845664
110383302
87500224
91940398
125121976
92929026
107986314
116426624
97303648
73005196
94795700
73166624
82572564
96524784
68347454
121216946
102909706
119636892
100779950
73492564
102399106
95045874
66915814
130754698
89799672
73604978
105234812
119322324
100670782
123359074
76090166
96930106
98687858
94562666
78654304
100475328
80535646
88806272
92883706
69960360
121186562
82480816
75026770
110930434
106678238
91834290
123328686
77449380
85608112
113028898
102018270
100962398
93891980
73913636
117082272
73475868
73849000
94115452
95967244
116549428
87486088
77223842
91746490
89394028
105255086
67815476
75752398
75680382
71097070
68734274
82041192
90080934
78517078
94885104
112681328
99203532
98267494
82363136
72329516
121203656
85168070
86041988
105108814
112095032
72837294
104296980
78006044
94097558
106501326
68224482
116545806
96727156
115698344
109768574
82453498
75320940
67616592
96363626
69947564
104349860
70475690
69878060
67829978
76514710
71465078
96934546
111731358
116486924
73901614
69329200
90439300
74364072
112056280
68745900
105404364
100264660
90587126
87817060
81006584
101077948
108242666
77611412
87807776
107721568
98955236
92761640
75872080
86242476
120480740
81290522
88040384
74600924
79775624
117480118
76456060
112666590
103145900
104232342
68704896
105491744
95899202
105105648
120252974
99497324
98350106
102859192
66875370
87877584
75278340
109946232
105026756
83851060
85308746
130186788
87606660
69573892
122824910
73412250
116677072
107065828
88211104
106649114
74663986
66728092
105984810
90453022
103416638
73475456
80783108
75630010
99938910
96831680
73664320
100620402
112790826
74558268
90033400
125230566
107264640
112228890
100986920
111131528
83876970
102717912
105464232
107230032
86125880
73385344
80159974
103466024
76194586
87292848
95747446
80189290
88403296
108535326
75361296
100401654
93571932
68116620
107397526
117114436
106570904
78467748
84413372
89683082
113220294
117107072
92001954
113791948
69228646
83723990
76526502
81705870
87509300
84147078
88027770
103981840
99324208
120331498
77265518
77240102
83446372
90583450
97650152
93933618
120991140
94191282
102275996
111072392
110446542
81993440
85030902
103419600
77088688
101767230
105309718
107285334
111559996
68431990
92875650
106599898
88140752
86874072
73491340
93179150
96964662
73572284
82851174
101589066
69949122
111863504
111491796
77006046
79281728
111615344
94761970
78522324
95244740
120396506
100049724
121104450
95010514
97439166
114493716
85433008
101015890
102192936
83988262
99308870
68402542
84946662
76416294
84232584
93658668
113611350
67642066
71513682
92547996
72374506
75378042
78883942
107308612
82035930
100324290
67429284
69782752
81814350
95298926
82858628
127329554
67059648
91161074
77320208
92785276
71455260
97310434
93902942
95283190
102608496
85808850
106626880
112077702
89445624
110274786
106035756
96985296
110163762
104824868
91661818
108885354
94481994
90779510
80640894
87273374
92728566
88537096
101798580
77803796
118615068
104077374
102112122
88413554
121972632
95989684
80298004
82675650
91391694
74204618
115981110
80582178
91891738
107027032
92645164
80506152
106797538
73984582
114254836
124188176
72655776
84638306
72220498
101935136
102708820
80784474
67987162
72468390
99145084
84218334
105268494
100000096
85982160
76741778
79567548
101547670
95079392
66781854
83728902
89641812
69381964
98337314
98060606
108216166
106759066
94761458
90782948
70278268
71777814
88894584
109927996
83725148
114110200
76344952
89617798
102998068
100184758
100493312
67047370
78939652
109170934
111012178
97423922
81235682
117386164
73938498
74460478
76057654
114567722
93733888
75801930
72701534
88137894
85489592
91519710
96474062
89695390
74389240
75741306
107090290
106290078
72872800
93376448
111112148
76628898
69714500
79558158
93136662
96072760
108610940
88934832
99300330
96336730
110363852
74808226
110310302
68876848
120686330
79926568
69076924
80067566
119486728
85438404
99617822
73243110
69379652
74343356
85417294
89258858
110647012
81566018
107154164
74026038
105897248
122653492
88257990
127388956
89590980
79123064
99522252
86288380
103336424
128786592
74296102
107177906
94191318
117757828
84939848
78323378
92992456
97110476
122011364
92387646
117224532
107763976
126671114
66989724
81030730
106696098
93019720
86355432
94077140
83190818
76056458
88839086
105112420
92631550
80599544
68296586
96777942
74689686
88921296
88811844
86755142
101382606
106254604
109552614
72411376
92029052
84627748
79472864
123990988
91092444
102892420
79241710
81751820
77979828
75103006
99675856
72407794
106445154
108299302
82700248
71024322
107378312
80401424
102385234
100283752
76958402
79892900
96908792
95042688
108648836
105242304
93727484
77912110
104678292
122792732
108027234
105370034
87084632
126039836
120871006
77964658
81500796
109998818
86391140
82240658
116981966
120932714
111108332
92999976
80791302
106280716
75812566
70165662
74353642
116334090
100088312
131132272
77418264
102279034
89502670
76748966
105352086
87747136
78564168
76272436
94854716
67025858
116575926
72234310
85570306
83785262
114024854
88603806
77354958
102369364
86197814
83355286
83284484
75662894
87225268
77355696
78599138
74250196
85745848
98974312
78346240
105648744
106782396
84974670
88249510
84077456
93324196
89354594
69746934
129273634
82661532
90963478
110791924
84883640
73260616
68621162
103220598
80420046
69534728
83298472
91168570
73960196
100159020
74523580
116459554
105771326
90575894
131423142
113310820
93356492
95054490
107172958
122305746
70442318
107664944
73715246
108595252
127489920
75341258
79836536
110346574
113888904
77318518
104691992
81351466
70610878
76140486
105574472
82060630
81965912
108040914
108628266
121530616
97216700
76285828
75038928
80585430
105806602
90621452
77512730
106987974
89902622
107859174
87847258
99012206
68295842
96145490
108180010
110650146
88002170
97457184
73793878
107710272
96731884
66852804
91295658
92587174
123262248
97188460
83559464
93556274
125596500
106227850
97061758
71228848
126452994
99200198
126632422
93622888
78604506
108160882
99552420
97597354
109013002
76441830
94612722
118659906
76405010
103358366
128673216
111459408
86241138
72256806
75354360
83442962
83305656
72188422
105119634
99834832
90687748
106754206
104569666
107317580
67561884
79618788
76951860
116609186
110929474
119959220
79253998
85566320
83956634
102391062
91778800
93827598
95612992
85352662
72011884
104548216
100472486
75084078
73199954
74502244
90069176
107997728
81028226
91730706
87413350
71334900
77186358
77696998
84257580
92793726
73176320
92134822
105559150
129499642
74665466
82010906
102763648
84153056
102259992
105205662
109404248
76521342
93697902
74248508
82548122
75238776
108712846
108863592
96000410
85069670
110378172
90849404
108627434
97517082
114827714
84674720
107282832
107169158
121072600
107859000
99559298
96668998
123333956
93828066
85080268
121278966
98239616
103453156
90446726
76516432
69279418
81124484
110546010
99907924
72992962
85823630
97533704
93051310
81278136
68609872
104063210
67817530
106537226
71712552
91265344
95833720
114991542
86230584
95128426
126730480
89849254
68565900
107673754
102592862
71008130
110844256
73907956
83489276
86489376
105805990
85329668
97875726
106787688
74879202
99339896
99602118
68644924
104361414
83382396
107082786
78432984
72349078
95185064
110804586
108774396
70657342
110303020
76500058
80656422
79739710
