1 775
775 843
843 1112
1112 1387
1387 1769
1769 1112
1387 250
250 5
5 1264
1264 1124
1124 5
1124 1877
1877 33
33 1700
1700 1877
33 754
754 763
763 1555
1555 205
205 763
1555 1837
1837 348
348 955
955 1977
1977 895
895 771
771 1622
1622 1720
1720 1892
1892 893
893 414
414 1892
414 580
580 1318
1318 1768
1768 1990
1990 1318
1768 426
426 1853
1853 1985
1985 1557
1557 1238
1238 800
800 1012
1012 1085
1085 990
990 1030
1030 725
725 973
973 948
948 1118
1118 868
868 659
659 1567
1567 838
838 1444
1444 1966
1966 1330
1330 1284
1284 1604
1604 1516
1516 677
677 1272
1272 1240
1240 677
1240 1291
1291 669
669 833
833 1862
1862 532
532 1196
1196 1862
532 53
53 993
993 245
245 836
836 46
46 1094
1094 836
46 171
171 57
57 1428
1428 653
653 1162
1162 1390
1390 968
968 146
146 1693
1693 1475
1475 877
877 449
449 599
599 1992
1992 1389
1389 220
220 849
849 1914
1914 1365
1365 526
526 28
28 191
191 526
28 748
748 647
647 1882
1882 1258
1258 1905
1905 192
192 1258
1905 1765
1765 1357
1357 1424
1424 182
182 401
401 297
297 458
458 730
730 195
195 1106
1106 1439
1439 1500
1500 1951
1951 1119
1119 104
104 1951
104 1203
1203 1683
1683 844
844 140
140 1414
1414 1967
1967 1193
1193 761
761 1242
1242 1846
1846 667
667 1812
1812 1269
1269 667
1269 783
783 1121
1121 1269
783 697
697 1942
1942 1175
1175 1551
1551 40
40 961
961 971
971 40
971 820
820 650
650 1158
1158 820
1158 437
437 1543
1543 1158
437 575
575 875
875 1257
1257 1791
1791 1595
1595 1257
1595 462
462 623
623 1595
623 1270
1270 165
165 37
37 388
388 404
404 1306
1306 1786
1786 285
285 1306
1786 1383
1383 1092
1092 1417
1417 512
512 936
936 1417
512 801
801 1664
1664 1903
1903 1441
1441 1479
1479 432
432 84
84 74
74 432
84 1188
1188 830
830 84
1188 1823
1823 1050
1050 779
779 18
18 627
627 779
18 943
943 116
116 88
88 1824
1824 116
88 988
988 949
949 1931
1931 1084
1084 1283
1283 921
921 398
398 307
307 1485
1485 398
307 298
298 334
334 1409
1409 1738
1738 1344
1344 1129
1129 1884
1884 1861
1861 361
361 549
549 1861
549 652
652 1491
1491 549
652 1160
1160 572
572 448
448 77
77 675
675 448
675 1817
1817 1443
1443 675
1817 598
598 1165
1165 1817
598 193
193 1789
1789 1335
1335 1055
1055 1789
1335 1080
1080 155
155 1335
1080 120
120 1128
1128 1080
120 1938
1938 1082
1082 415
415 396
396 1657
1657 1305
1305 162
162 1003
1003 445
445 608
608 177
177 1231
1231 1334
1334 54
54 962
962 1334
54 1027
1027 1978
1978 83
83 1171
1171 1997
1997 533
533 914
914 811
811 578
578 1180
1180 187
187 578
1180 1807
1807 1645
1645 1180
1645 69
69 787
787 1645
69 1932
1932 1798
1798 995
995 784
784 59
59 1830
1830 1651
1651 59
1830 153
153 1890
1890 923
923 1510
1510 960
960 1097
1097 65
65 444
444 1518
1518 1004
1004 444
1518 1539
1539 497
497 1637
1637 1969
1969 1001
1001 926
926 989
989 1577
1577 225
225 176
176 208
208 1321
1321 665
665 1972
1972 1232
1232 1723
1723 1972
1232 1480
1480 1088
1088 130
130 1150
1150 1616
1616 1077
1077 1847
1847 573
573 1433
1433 1058
1058 1692
1692 1809
1809 42
42 1274
1274 1809
1274 1442
1442 1639
1639 1866
1866 889
889 138
138 1352
1352 118
118 550
550 1352
550 353
353 1454
1454 243
243 1674
1674 280
280 243
280 662
662 1102
1102 1244
1244 662
1102 759
759 557
557 664
664 380
380 568
568 782
782 1753
1753 115
115 371
371 1909
1909 115
371 1297
1297 1928
1928 1455
1455 1459
1459 1995
1995 256
256 288
288 701
701 1589
1589 288
701 814
814 1137
1137 265
265 420
420 1137
420 781
781 1740
1740 420
781 837
837 1688
1688 1556
1556 837
1556 364
364 1641
1641 207
207 655
655 73
73 241
241 240
240 1421
1421 241
1421 1105
1105 64
64 1566
1566 190
190 368
368 721
721 342
342 1716
1716 1073
1073 1993
1993 1032
1032 651
651 1912
1912 295
295 1586
1586 1691
1691 1859
1859 1287
1287 1631
1631 1859
1287 1219
1219 1926
1926 822
822 1219
1926 326
326 21
21 105
105 1672
1672 1186
1186 105
1186 418
418 81
81 1039
1039 1751
1751 369
369 758
758 1737
1737 82
82 127
127 1887
1887 862
862 892
892 281
281 1430
1430 937
937 715
715 541
541 840
840 480
480 1973
1973 1976
1976 31
31 1534
1534 1976
31 1154
1154 927
927 1255
1255 1554
1554 693
693 1917
1917 1780
1780 1183
1183 375
375 1204
1204 252
252 61
61 1277
1277 979
979 1600
1600 648
648 273
273 1013
1013 648
273 1448
1448 1546
1546 224
224 1927
1927 93
93 904
904 1378
1378 93
1378 1209
1209 792
792 547
547 1982
1982 792
1982 423
423 621
621 1341
1341 423
1341 1697
1697 482
482 1341
1697 1234
1234 576
576 564
564 984
984 576
564 1489
1489 1578
1578 564
1489 919
919 1742
1742 785
785 534
534 1358
1358 1845
1845 1477
1477 1945
1945 1706
1706 1477
1945 1558
1558 1760
1760 22
22 607
607 382
382 1871
1871 1836
1836 382
1871 1279
1279 1425
1425 1280
1280 1069
1069 1425
1280 1873
1873 1868
1868 1701
1701 1517
1517 166
166 924
924 248
248 166
248 1265
1265 1522
1522 1360
1360 339
339 831
831 1552
1552 1371
1371 1980
1980 1835
1835 1923
1923 1432
1432 587
587 882
882 1432
587 1822
1822 1419
1419 643
643 1207
1207 313
313 1988
1988 815
815 816
816 825
825 527
527 255
255 296
296 527
255 1696
1696 1364
1364 1523
1523 58
58 1364
58 487
487 1965
1965 1642
1642 487
1965 75
75 731
731 1582
1582 1643
1643 941
941 1582
941 178
178 946
946 1843
1843 1598
1598 946
1598 34
34 1618
1618 1107
1107 804
804 1618
804 90
90 1465
1465 1166
1166 945
945 1971
1971 1098
1098 945
1098 552
552 110
110 1994
1994 552
110 232
232 591
591 613
613 743
743 1726
1726 1023
1023 1152
1152 1497
1497 1698
1698 1313
1313 1497
1698 222
222 1925
1925 1249
1249 340
340 148
148 1340
1340 1883
1883 357
357 637
637 1054
1054 841
841 1958
1958 1054
841 1130
1130 1042
1042 1908
1908 1072
1072 1310
1310 1908
1310 859
859 1571
1571 1484
1484 1299
1299 1666
1666 640
640 674
674 1901
1901 1189
1189 216
216 817
817 722
722 89
89 817
89 106
106 1520
1520 457
457 1327
1327 847
847 1140
1140 1956
1956 259
259 133
133 1745
1745 939
939 1606
1606 1745
939 72
72 323
323 939
323 301
301 517
517 323
301 644
644 25
25 111
111 121
121 354
354 123
123 98
98 349
349 1778
1778 147
147 1002
1002 793
793 1155
1155 1624
1624 858
858 1981
1981 1624
858 1300
1300 1241
1241 1588
1588 1935
1935 156
156 1588
1935 630
630 645
645 807
807 124
124 477
477 394
394 583
583 577
577 394
577 263
263 1524
1524 577
263 422
422 933
933 1979
1979 1051
1051 1483
1483 1379
1379 1266
1266 1483
1379 938
938 453
453 451
451 938
453 1223
1223 1303
1303 108
108 1919
1919 122
122 555
555 117
117 562
562 1143
1143 551
551 1507
1507 1143
551 1885
1885 1413
1413 1194
1194 1885
1413 439
439 1113
1113 1413
439 671
671 1377
1377 1736
1736 790
790 1176
1176 1314
1314 131
131 253
253 1739
1739 1099
1099 253
1099 435
435 1679
1679 1099
435 1016
1016 175
175 1799
1799 1398
1398 902
902 1916
1916 1547
1547 264
264 798
798 819
819 1713
1713 1777
1777 356
356 247
247 406
406 356
247 1721
1721 745
745 247
745 1411
1411 1743
1743 745
1411 796
796 709
709 1134
1134 855
855 1794
1794 1660
1660 855
1794 1728
1728 1018
1018 17
17 1415
1415 1550
1550 17
1415 821
821 769
769 1712
1712 1006
1006 1795
1795 1261
1261 1492
1492 848
848 1316
1316 181
181 1247
1247 880
880 1797
1797 1164
1164 1593
1593 1237
1237 1182
1182 1324
1324 631
631 680
680 736
736 1423
1423 680
1423 1620
1620 1401
1401 672
672 436
436 1225
1225 4
4 436
1225 1005
1005 536
536 707
707 1393
1393 384
384 427
427 1633
1633 1894
1894 1233
1233 1633
1894 537
537 907
907 1537
1537 537
907 1865
1865 1933
1933 1429
1429 1865
1933 509
509 1612
1612 1933
509 1944
1944 1827
1827 581
581 1583
1583 1450
1450 1559
1559 642
642 1450
642 203
203 184
184 316
316 863
863 553
553 597
597 329
329 553
329 854
854 355
355 507
507 1681
1681 1996
1996 1014
1014 1940
1940 1773
1773 429
429 1940
1773 1585
1585 1029
1029 1773
1029 625
625 1731
1731 1333
1333 1623
1623 1731
1333 343
343 284
284 1293
1293 302
302 975
975 876
876 85
85 1043
1043 876
85 1246
1246 535
535 85
1246 1487
1487 978
978 1136
1136 36
36 978
1136 1060
1060 1253
1253 773
773 234
234 358
358 119
119 234
358 320
320 227
227 1851
1851 320
227 912
912 1954
1954 1947
1947 233
233 1814
1814 1292
1292 499
499 1759
1759 540
540 1652
1652 1878
1878 1829
1829 1652
1878 1127
1127 589
589 1878
1127 11
11 1702
1702 753
753 1151
1151 690
690 756
756 726
726 210
210 756
726 1048
1048 1856
1856 531
531 125
125 592
592 1970
1970 839
839 522
522 481
481 1059
1059 522
1059 309
309 1087
1087 484
484 60
60 1611
1611 1418
1418 1289
1289 308
308 267
267 1309
1309 1610
1610 1420
1420 78
78 957
957 1704
1704 400
400 917
917 1704
400 692
692 776
776 400
692 1957
1957 159
159 129
129 1532
1532 159
129 1656
1656 1198
1198 223
223 879
879 170
170 223
170 476
476 362
362 170
476 515
515 1215
1215 27
27 515
27 1307
1307 1356
1356 27
1307 204
204 68
68 391
391 204
68 1460
1460 1952
1952 1709
1709 1066
1066 113
113 1709
113 1590
1590 1386
1386 1907
1907 1590
1386 1636
1636 1367
1367 91
91 1636
1367 66
66 1605
1605 1367
66 1104
1104 513
513 236
236 1275
1275 546
546 236
1275 1876
1876 1197
1197 884
884 1685
1685 1934
1934 1783
1783 1067
1067 1934
1783 1549
1549 160
160 1783
1549 600
600 1426
1426 1804
1804 600
1804 1400
1400 1922
1922 842
842 1771
1771 1855
1855 676
676 428
428 1891
1891 397
397 8
8 336
336 1245
1245 867
867 32
32 523
523 1758
1758 981
981 9
9 766
766 321
321 421
421 501
501 306
306 1062
1062 749
749 1271
1271 751
751 1302
1302 786
786 1801
1801 1236
1236 1259
1259 1964
1964 10
10 1886
1886 1474
1474 1984
1984 493
493 992
992 1984
493 934
934 1017
1017 1359
1359 1399
1399 1031
1031 563
563 211
211 1440
1440 1800
1800 958
958 269
269 325
325 920
920 1813
1813 1328
1328 1734
1734 1363
1363 1328
1328 1665
1665 1813
1813 1007
1007 920
920 269
269 1800
1800 713
713 1440
1440 563
563 1399
1399 344
344 1359
1359 934
934 1581
1581 493
1984 1886
1886 1964
1964 1236
1236 290
290 1801
1801 1302
1302 1271
1271 1062
1062 514
514 306
306 421
421 766
766 114
114 9
9 1758
1758 32
32 1654
1654 867
867 336
336 397
397 428
428 1855
1855 842
842 799
799 1922
1922 1804
600 520
520 1549
1934 1505
1505 1685
1685 1197
1197 1275
236 1715
1715 513
513 202
202 1104
1104 498
498 66
1636 850
850 1386
1590 967
967 113
1709 683
683 1952
1952 68
204 1488
1488 1307
515 894
894 476
223 1900
1900 1198
1198 129
159 692
1704 1319
1319 957
957 1644
1644 78
78 1366
1366 1420
1420 1309
1309 308
308 738
738 1289
1289 1611
1611 760
760 60
60 504
504 484
484 309
309 1117
1117 1059
522 1970
1970 125
125 1856
1856 726
756 1151
1151 196
196 753
753 1707
1707 1702
1702 303
303 11
11 1163
1163 1127
1652 467
467 540
540 499
499 1814
1814 1947
1947 912
912 1138
1138 227
320 282
282 358
234 258
258 773
773 1060
1060 1889
1889 1136
978 733
733 1487
1487 107
107 1246
876 302
302 1009
1009 1293
1293 399
399 284
284 1333
1731 1029
1940 1996
1996 507
507 424
424 355
355 329
553 1596
1596 863
863 1677
1677 316
316 135
135 184
184 642
1450 581
581 1434
1434 1827
1827 15
15 1944
1944 768
768 509
1865 1427
1427 907
537 213
213 1894
1633 1560
1560 427
427 1393
1393 536
536 1225
436 1401
1401 1423
680 1324
1324 1237
1237 1164
1164 880
880 181
181 848
848 1544
1544 1492
1492 1795
1795 1712
1712 1584
1584 769
769 1415
17 1728
1728 595
595 1794
855 709
709 1411
356 982
982 1777
1777 819
819 264
264 976
976 1547
1547 902
902 1015
1015 1398
1398 947
947 1799
1799 275
275 175
175 1757
1757 1016
1016 712
712 435
253 1314
1314 790
790 1658
1658 1736
1736 548
548 1377
1377 439
1885 1384
1384 551
1143 117
117 29
29 555
555 1919
1919 1303
1303 453
938 1286
1286 1379
1483 1983
1983 1051
1051 739
739 1979
1979 422
422 832
832 263
394 124
124 645
645 1935
1588 558
558 1241
1241 858
1624 952
952 1155
1155 1002
1002 994
994 147
147 813
813 1778
1778 221
221 349
349 123
123 425
425 354
354 111
111 1609
1609 25
25 301
1745 259
259 1140
1140 542
542 847
847 457
457 106
106 183
183 89
817 1189
1189 1473
1473 1901
1901 1208
1208 674
674 92
92 640
640 1299
1299 1571
1571 1310
1908 716
716 1042
1042 841
1054 357
357 1340
1340 1035
1035 148
148 1249
1249 1224
1224 1925
1925 1698
1497 1568
1568 1152
1152 1347
1347 1023
1023 743
743 1796
1796 613
613 232
232 922
922 110
552 1792
1792 1098
945 1668
1668 1166
1166 1880
1880 1465
1465 804
1618 70
70 34
34 1498
1498 1598
946 1388
1388 178
178 1619
1619 941
1582 75
75 727
727 1965
487 1509
1509 58
1364 255
527 816
816 1988
1988 1207
1207 1228
1228 643
643 239
239 1419
1419 322
322 1822
1822 164
164 587
1432 1895
1895 1923
1923 1980
1980 1552
1552 339
339 1729
1729 1360
1360 1348
1348 1522
1522 248
166 1701
1701 1850
1850 1868
1868 30
30 1873
1873 524
524 1280
1425 930
930 1279
1279 238
238 1871
382 22
22 1061
1061 1760
1760 1945
1477 430
430 1845
1845 534
534 456
456 785
785 1790
1790 1742
1742 1489
576 1697
423 1690
1690 1982
792 1172
1172 1209
1209 521
521 1378
93 224
224 1448
1448 1793
1793 273
648 26
26 1600
1600 1277
1277 252
252 375
375 1780
1780 1918
1918 1917
1917 1554
1554 927
927 31
1976 942
942 1973
1973 412
412 480
480 541
541 686
686 715
715 266
266 937
937 281
281 862
862 127
127 1737
1737 870
870 758
758 1910
1910 369
369 1222
1222 1751
1751 1322
1322 1039
1039 418
418 229
229 1186
105 883
883 21
21 1926
1219 1599
1599 1287
1859 1586
1586 1912
1912 1032
1032 1073
1073 1110
1110 1716
1716 721
721 190
190 1842
1842 1566
1566 649
649 64
64 1141
1141 1105
1105 231
231 1421
241 655
655 1641
1641 1556
837 1553
1553 781
1137 701
288 446
446 256
256 530
530 1995
1995 1626
1626 1459
1459 1928
1928 371
115 782
782 1063
1063 568
568 664
664 471
471 557
557 1391
1391 759
759 1101
1101 1102
662 1353
1353 280
243 353
353 1603
1603 550
1352 1395
1395 138
138 1663
1663 889
889 1852
1852 1866
1866 7
7 1639
1639 1274
1809 1058
1058 573
573 772
772 1847
1847 1317
1317 1077
1077 1150
1150 198
198 130
130 985
985 1088
1088 1232
1972 1321
1321 176
176 1577
1577 1515
1515 989
989 1001
1001 1637
1637 1539
1539 1564
1564 1518
444 1097
1097 1510
1510 1890
1890 1830
59 1221
1221 784
784 1798
1798 69
578 914
914 1997
1997 179
179 1171
1171 1978
1978 1020
1020 1027
1027 1467
1467 54
1334 177
177 445
445 1963
1963 1003
1003 823
823 162
162 1657
1657 415
415 1938
1938 853
853 120
1789 598
448 559
559 572
572 652
1861 390
390 1884
1884 389
389 1129
1129 1738
1738 334
334 307
398 1283
1283 1931
1931 953
953 949
949 88
116 18
779 1513
1513 1050
1050 1188
432 909
909 1479
1479 1903
1903 801
801 1195
1195 512
1417 897
897 1092
1092 1786
1306 869
869 404
404 37
37 1587
1587 165
165 623
1257 575
575 311
311 437
820 873
873 971
40 218
218 1551
1551 1942
1942 783
667 1242
1242 1819
1819 761
761 1967
1967 1655
1655 1414
1414 378
378 140
140 1630
1630 844
844 1680
1680 1683
1683 104
1951 1041
1041 1500
1500 1106
1106 1733
1733 195
195 458
458 1451
1451 297
297 182
182 1357
1357 1905
1258 647
647 28
526 1943
1943 1365
1365 849
849 1389
1389 599
599 877
877 1693
1693 968
968 1162
1162 732
732 653
653 1053
1053 1428
1428 171
171 780
780 46
836 1638
1638 245
245 53
53 373
373 532
1862 878
878 833
833 1841
1841 669
669 1240
677 470
470 1516
1516 1284
1284 1966
1966 838
838 659
659 1118
1118 973
973 1030
1030 1410
1410 990
990 20
20 1085
1085 777
777 1012
1012 1870
1870 800
800 1557
1557 141
141 1985
1985 1200
1200 1853
1853 1768
1318 414
1892 1622
1622 1686
1686 771
771 752
752 895
895 955
955 856
856 348
348 1555
763 466
466 754
754 624
624 33
1877 488
488 1124
5 317
317 250
250 1147
1147 1387
1112 775
775 620
620 1608
1608 908
908 1820
1820 1608
908 13
13 1243
1243 1301
1301 1592
1592 1781
1781 194
194 79
79 1525
1525 50
50 506
506 1332
1332 330
330 605
605 1372
1372 330
1372 305
305 898
898 634
634 496
496 918
918 688
688 469
469 331
331 1974
1974 469
1974 67
67 1342
1342 1810
1810 494
494 986
986 383
383 1788
1788 19
19 606
606 944
944 1230
1230 606
944 762
762 1939
1939 1816
1816 828
828 279
279 495
495 628
628 585
585 360
360 87
87 1081
1081 596
596 1089
1089 332
332 864
864 1782
1782 332
864 1323
1323 1761
1761 1115
1115 991
991 1761
1115 609
609 525
525 24
24 910
910 525
24 1008
1008 1315
1315 461
461 228
228 554
554 14
14 291
291 1466
1466 1210
1210 1120
1120 1466
1120 450
450 1614
1614 1561
1561 315
315 1449
1449 1671
1671 315
1449 1436
1436 1711
1711 395
395 1625
1625 212
212 717
717 987
987 491
491 1962
1962 1376
1376 491
1962 657
657 1282
1282 1962
657 1941
1941 1184
1184 71
71 1959
1959 901
901 112
112 1920
1920 441
441 463
463 808
808 1211
1211 824
824 1975
1975 185
185 735
735 757
757 272
272 735
757 861
861 980
980 757
861 818
818 387
387 861
818 1514
1514 1722
1722 742
742 1514
742 571
571 1355
1355 696
696 1457
1457 1355
696 708
708 109
109 696
109 1540
1540 1864
1864 1848
1848 1394
1394 1214
1214 1848
1394 95
95 1913
1913 569
569 95
569 23
23 1074
1074 1708
1708 900
900 367
367 1763
1763 1538
1538 1103
1103 1752
1752 1288
1288 293
293 1202
1202 473
473 293
1202 747
747 519
519 1202
747 242
242 1826
1826 1831
1831 312
312 1949
1949 1831
312 1535
1535 283
283 433
433 142
142 283
433 681
681 846
846 433
681 660
660 262
262 1177
1177 1699
1699 262
1177 1676
1676 52
52 866
866 633
633 1311
1311 101
101 197
197 1311
197 1953
1953 891
891 678
678 974
974 891
678 431
431 1049
1049 903
903 764
764 954
954 289
289 1840
1840 954
289 1536
1536 1268
1268 1281
1281 1741
1741 714
714 405
405 1741
714 1354
1354 1756
1756 38
38 1146
1146 1756
1146 574
574 483
483 1750
1750 574
483 1772
1772 1251
1251 700
700 300
300 1090
1090 744
744 1252
1252 346
346 1345
1345 1502
1502 622
622 1345
622 1100
1100 1968
1968 327
327 1100
1968 1185
1185 560
560 1122
1122 1037
1037 1217
1217 1629
1629 99
99 489
489 1052
1052 999
999 319
319 1010
1010 584
584 319
1010 698
698 150
150 724
724 1079
1079 1667
1667 685
685 163
163 1503
1503 485
485 1682
1682 740
740 977
977 1312
1312 646
646 977
1312 257
257 1495
1495 1312
257 479
479 434
434 1445
1445 1331
1331 1493
1493 694
694 1648
1648 1646
1646 201
201 1437
1437 1298
1298 1506
1506 508
508 402
402 1368
1368 270
270 1091
1091 1190
1190 474
474 1091
1190 654
654 337
337 689
689 1156
1156 1948
1948 1597
1597 417
417 1948
1597 663
663 1924
1924 1597
663 1047
1047 1529
1529 347
347 1653
1653 1545
1545 913
913 1950
1950 188
188 438
438 809
809 691
691 1613
1613 809
1613 729
729 1173
1173 996
996 97
97 1173
996 1602
1602 447
447 518
518 1838
1838 1019
1019 314
314 502
502 1022
1022 1343
1343 502
1022 802
802 1024
1024 1022
802 460
460 1748
1748 802
460 1615
1615 1248
1248 410
410 1570
1570 486
486 1350
1350 1570
486 778
778 516
516 791
791 1213
1213 516
791 1930
1930 1133
1133 1179
1179 1930
1133 261
261 1808
1808 582
582 1349
1349 896
896 16
16 1349
896 835
835 1779
1779 1096
1096 136
136 1858
1858 1111
1111 1541
1541 1528
1528 826
826 1632
1632 1199
1199 765
765 174
174 1863
1863 765
1863 1784
1784 1402
1402 365
365 1803
1803 1038
1038 365
1038 217
217 246
246 468
468 351
351 1565
1565 1725
1725 1911
1911 1385
1385 1805
1805 1494
1494 1470
1470 905
905 1494
905 1732
1732 1899
1899 1404
1404 1542
1542 1416
1416 442
442 1542
1416 385
385 684
684 1915
1915 1714
1714 684
1915 610
610 673
673 718
718 610
718 96
96 966
966 718
966 827
827 411
411 911
911 1374
1374 1776
1776 1381
1381 1374
1776 48
48 1869
1869 566
566 1336
1336 734
734 62
62 1336
734 1326
1326 702
702 865
865 626
626 874
874 1382
1382 173
173 874
1382 1627
1627 997
997 1382
997 998
998 374
374 1369
1369 341
341 1290
1290 407
407 376
376 641
641 602
602 1056
1056 1351
1351 180
180 1735
1735 1594
1594 1011
1011 172
172 1999
1999 1276
1276 1472
1472 963
963 1276
963 1408
1408 1461
1461 152
152 237
237 393
393 249
249 1718
1718 1025
1025 1453
1453 1126
1126 186
186 1872
1872 134
134 1205
1205 1775
1775 1767
1767 1607
1607 1396
1396 1767
1396 1170
1170 632
632 1396
1170 1811
1811 1263
1263 1148
1148 803
803 956
956 86
86 1167
1167 1373
1373 1057
1057 1167
1373 345
345 1825
1825 1339
1339 1392
1392 244
244 1755
1755 1392
244 1036
1036 1828
1828 12
12 1157
1157 1881
1881 886
886 1329
1329 215
215 80
80 377
377 588
588 706
706 1380
1380 3
3 750
750 94
94 593
593 1452
1452 154
154 1744
1744 1764
1764 852
852 851
851 1533
1533 1573
1573 1033
1033 56
56 1226
1226 1033
56 214
214 1273
1273 617
617 1563
1563 1078
1078 737
737 440
440 35
35 1548
1548 1070
1070 1168
1168 1239
1239 812
812 1168
812 44
44 1527
1527 812
44 1531
1531 1034
1034 1068
1068 661
661 1034
661 1821
1821 705
705 661
1821 1687
1687 443
443 1821
1687 1774
1774 638
638 189
189 1308
1308 529
529 545
545 1021
1021 529
1021 219
219 1921
1921 1181
1181 318
318 1095
1095 304
304 1028
1028 465
465 304
1028 928
928 1754
1754 1109
1109 416
416 1083
1083 490
490 416
490 76
76 1149
1149 510
510 1260
1260 1295
1295 510
1295 1936
1936 1806
1806 1256
1256 1076
1076 1159
1159 1123
1123 1325
1325 475
475 1123
475 1650
1650 1403
1403 1496
1496 916
916 565
565 1296
1296 1169
1169 565
1296 544
544 1320
1320 1296
1320 929
929 366
366 1320
929 699
699 268
268 682
682 128
128 857
857 103
103 419
419 1678
1678 292
292 1673
1673 703
703 292
1673 254
254 503
503 381
381 1220
1220 1591
1591 636
636 1621
1621 100
100 1086
1086 1504
1504 806
806 505
505 774
774 806
505 144
144 1897
1897 505
1897 720
720 1724
1724 1897
720 1135
1135 1346
1346 1874
1874 1135
1346 1659
1659 1370
1370 1635
1635 1659
1370 695
695 543
543 1508
1508 618
618 543
1508 741
741 1875
1875 1508
741 1601
1601 1888
1888 1989
1989 1857
1857 350
350 1262
1262 1762
1762 1000
1000 579
579 1695
1695 226
226 1267
1267 492
492 1361
1361 139
139 352
352 1178
1178 408
408 352
1178 1463
1463 55
55 1218
1218 379
379 1499
1499 1218
379 1422
1422 132
132 1746
1746 1991
1991 1818
1818 1375
1375 287
287 2
2 1144
1144 586
586 1114
1114 1717
1717 145
145 1815
1815 1749
1749 145
1815 1833
1833 528
528 1902
1902 500
500 1132
1132 561
561 500
561 885
885 1469
1469 1229
1229 1131
1131 1986
1986 710
710 276
276 1893
1893 403
403 1406
1406 1987
1987 1937
1937 338
338 1898
1898 639
639 1191
1191 556
556 639
556 1839
1839 1044
1044 478
478 1108
1108 1647
1647 1669
1669 614
614 635
635 260
260 137
137 829
829 1250
1250 6
6 795
795 1278
1278 983
983 795
1278 969
969 1960
1960 1278
969 906
906 970
970 126
126 1787
1787 668
668 126
668 235
235 328
328 789
789 299
299 328
299 1670
1670 1161
1161 1998
1998 1670
1161 1766
1766 615
615 1161
1766 1116
1116 890
890 1766
1116 1575
1575 1854
1854 1125
1125 413
413 1854
413 409
409 392
392 464
464 611
611 392
464 1397
1397 1719
1719 464
1397 1482
1482 1785
1785 1512
1512 1254
1254 1045
1045 1040
1040 746
746 1481
1481 45
45 1405
1405 49
49 45
1405 656
656 1662
1662 1405
656 1832
1832 459
459 1071
1071 286
286 1860
1860 925
925 899
899 935
935 538
538 230
230 935
538 755
755 39
39 1879
1879 1456
1456 151
151 206
206 335
335 51
51 206
335 1929
1929 1476
1476 1486
1486 539
539 149
149 1486
539 1710
1710 1689
1689 959
959 1490
1490 1689
1490 278
278 1478
1478 1490
278 472
472 386
386 723
723 1961
1961 386
386 278
1689 539
1486 1628
1628 1476
1476 335
206 1456
1456 1562
1562 1879
1879 755
755 1661
1661 538
935 972
972 899
899 881
881 925
925 1705
1705 1860
1860 1501
1501 286
286 459
459 656
45 746
746 871
871 1040
1040 1254
1254 1785
1785 1397
392 413
1854 1116
1670 1093
1093 299
328 668
126 168
168 970
970 679
679 906
906 1462
1462 969
795 1250
1250 810
810 829
829 260
260 614
614 1703
1703 1669
1669 1108
1108 1634
1634 478
478 1839
1839 63
63 556
639 666
666 1898
1898 1937
1937 1406
1406 1893
1893 710
710 1131
1131 1469
1469 1649
1649 885
885 1145
1145 561
500 454
454 1902
1902 1833
1833 845
845 1815
145 1114
1114 1174
1174 586
586 1187
1187 1144
1144 287
287 940
940 1375
1375 1834
1834 1818
1818 1746
1746 931
931 132
132 379
1218 1463
1463 1201
1201 1178
352 1361
1361 1267
1267 1407
1407 226
226 579
579 1579
1579 1000
1000 1075
1075 1762
1762 1046
1046 1262
1262 1849
1849 350
350 965
965 1857
1857 1888
1888 741
543 1370
1659 711
711 1346
1135 728
728 720
806 658
658 1504
1504 100
100 687
687 1621
1621 169
169 636
636 102
102 1591
1591 381
381 254
254 1212
1212 1673
292 1431
1431 1678
1678 794
794 419
419 857
857 932
932 128
128 268
268 929
565 1530
1530 916
916 1403
1403 475
1123 797
797 1159
1159 1256
1256 1802
1802 1806
1806 1295
510 76
76 277
277 490
416 1754
1754 157
157 928
928 363
363 1028
304 318
318 1026
1026 1181
1181 251
251 1921
1921 1021
529 1235
1235 1308
1308 638
638 1687
1034 44
1168 1548
1548 440
440 1078
1078 1640
1640 1563
1563 143
143 617
617 1727
1727 1273
1273 56
1033 704
704 1573
1573 851
851 1338
1338 852
852 1744
1744 1452
1452 94
94 1730
1730 750
750 1380
1380 588
588 80
80 951
951 215
215 1576
1576 1329
1329 1881
1881 12
12 1904
1904 1828
1828 244
1392 1825
1825 1373
1167 956
956 604
604 803
803 324
324 1148
1148 1811
1811 616
616 1170
1767 1192
1192 1775
1775 271
271 1205
1205 1872
1872 1126
1126 619
619 1453
1453 1718
1718 393
393 167
167 237
237 41
41 152
152 1471
1471 1461
1461 963
1276 1285
1285 1999
1999 161
161 172
172 1594
1594 200
200 1735
1735 1351
1351 602
602 376
376 359
359 407
407 341
341 374
374 997
874 865
865 1844
1844 702
702 734
1336 1869
1869 209
209 48
48 1572
1572 1776
1374 411
411 966
610 1747
1747 1915
684 1416
1542 511
511 1404
1404 1337
1337 1899
1899 1896
1896 1732
1732 1142
1142 905
1494 1385
1385 1725
1725 351
351 246
246 1038
365 1784
1784 455
455 1863
765 333
333 1199
1199 826
826 310
310 1528
1528 1438
1438 1541
1541 1858
1858 1153
1153 136
136 1779
1779 896
1349 1808
1808 1133
1930 603
603 791
516 486
1570 1435
1435 410
410 274
274 1248
1248 460
502 1019
1019 601
601 1838
1838 447
447 996
1173 1519
1519 729
729 570
570 1613
809 770
770 438
438 1950
1950 1545
1545 347
347 1047
1047 1468
1468 663
1948 689
689 594
594 337
337 788
788 654
654 1227
1227 1190
1091 612
612 270
270 402
402 1580
1580 508
508 1298
1298 201
201 1648
1648 1493
1493 1574
1574 1331
1331 434
434 452
452 479
479 1694
1694 257
977 43
43 740
740 485
485 163
163 1667
1667 724
724 860
860 150
150 1010
319 1052
1052 1206
1206 489
489 1629
1629 1867
1867 1217
1217 47
47 1037
1037 560
560 1968
1100 199
199 622
1345 1252
1252 1090
1090 888
888 300
300 1251
1251 483
574 670
670 1146
1756 714
1741 1521
1521 1281
1281 1464
1464 1268
1268 872
872 1536
1536 1906
1906 289
954 903
903 431
431 1064
1064 678
891 1955
1955 1953
1953 1447
1447 197
1311 866
866 1676
1676 1294
1294 1177
262 372
372 660
660 1458
1458 681
283 312
1831 242
242 1946
1946 747
293 590
590 1288
1288 1362
1362 1752
1752 1538
1538 1446
1446 1763
1763 900
900 1617
1617 1708
1708 23
23 1569
1569 569
95 1216
1216 1394
1848 1540
1540 805
805 109
1355 742
1514 719
719 818
735 1975
1975 1211
1211 463
463 1920
1920 567
567 112
112 1770
1770 901
901 71
71 1526
1526 1184
1184 657
491 717
717 1625
1625 915
915 395
395 1436
1436 1511
1511 1449
315 1614
1614 1120
1466 370
370 291
291 158
158 14
14 1684
1684 554
554 461
461 887
887 1315
1315 24
525 1115
1761 1412
1412 1323
1323 964
964 864
332 294
294 1089
1089 1081
1081 360
360 628
628 1065
1065 495
495 828
828 1939
1939 944
606 1675
1675 19
19 1304
1304 1788
1788 986
986 767
767 494
494 1342
1342 1974
469 950
950 688
688 496
496 898
898 1372
330 506
506 1525
1525 194
194 1592
1592 834
834 1301
1301 13
13 1139
1139 908
1608 629
629 620
620 1
