1 520
520 1805
1805 1752
1752 1657
1657 1805
1805 1621
1621 1373
1373 1805
1805 316
316 1782
1782 1805
1805 1375
1375 1434
1434 1805
1805 125
125 1278
1278 1805
1805 1190
1190 1252
1252 1805
1805 886
886 1679
1679 1805
1805 1430
1430 795
795 1805
1805 994
994 1699
1699 1805
1805 178
178 260
260 1805
1805 550
550 830
830 1805
1805 576
576 51
51 1805
1805 1652
1652 101
101 1805
1805 1508
1508 1891
1891 1805
1805 1530
1530 1671
1671 1805
1805 890
890 1840
1840 1805
1805 904
904 1835
1835 1805
1805 529
529 852
852 1805
1805 1166
1166 1461
1461 1805
1805 144
144 523
523 1805
1805 704
704 959
959 1805
1805 1616
1616 578
578 1805
1805 730
730 926
926 1805
1805 476
476 1710
1710 1805
1805 1435
1435 1551
1551 1805
1805 1302
1302 511
511 1805
1805 1349
1349 450
450 1805
1805 1863
1863 947
947 1805
1805 684
684 1366
1366 1805
1805 1204
1204 77
77 1805
1805 437
437 1528
1528 1805
1805 227
227 1901
1901 1805
1805 1295
1295 1764
1764 1805
1805 40
40 14
14 1805
1805 1403
1403 1684
1684 1805
1805 1106
1106 925
925 1805
1805 282
282 280
280 1805
1805 1110
1110 697
697 1805
1805 1255
1255 1169
1169 1805
1805 611
611 943
943 1805
1805 739
739 1539
1539 1805
1805 89
89 71
71 1805
1805 765
765 1263
1263 1805
1805 1865
1865 381
381 1805
1805 806
806 867
867 1805
1805 1187
1187 650
650 1805
1805 1002
1002 1896
1896 1805
1805 1636
1636 644
644 1805
1805 166
166 1444
1444 1805
1805 1338
1338 161
161 1805
1805 1734
1734 250
250 1805
1805 1079
1079 718
718 1805
1805 928
928 1177
1177 1805
1805 1266
1266 1451
1451 1805
1805 786
786 34
34 1805
1805 493
493 639
639 1805
1805 134
134 1150
1150 1805
1805 76
76 429
429 1805
1805 378
378 105
105 1805
1805 477
477 270
270 1805
1805 156
156 1178
1178 1805
1805 1145
1145 1741
1741 1805
1805 679
679 1144
1144 1805
1805 322
322 1825
1825 1805
1805 1036
1036 137
137 1805
1805 1692
1692 1310
1310 1805
1805 933
933 1365
1365 1805
1805 509
509 1683
1683 1805
1805 985
985 1396
1396 1805
1805 817
817 1042
1042 1805
1805 48
48 1450
1450 1805
1805 1016
1016 1536
1536 1805
1805 1154
1154 584
584 1805
1805 83
83 908
908 1805
1805 1790
1790 837
837 1805
1805 380
380 532
532 1805
1805 1804
1804 1161
1161 1805
1805 512
512 972
972 1805
1805 1860
1860 1643
1643 1805
1805 1789
1789 1193
1193 1805
1805 1590
1590 709
709 1805
1805 1317
1317 449
449 1805
1805 352
352 275
275 1805
1805 1964
1964 255
255 1805
1805 95
95 915
915 1805
1805 3
3 1391
1391 1805
1805 1808
1808 304
304 1805
1805 1425
1425 361
361 1805
1805 536
536 847
847 1805
1805 1993
1993 453
453 1805
1805 1287
1287 1350
1350 1805
1805 1502
1502 1078
1078 1805
1805 595
595 1264
1264 1805
1805 1760
1760 26
26 1805
1805 1007
1007 249
249 1805
1805 625
625 722
722 1805
1805 61
61 300
300 1805
1805 1924
1924 1225
1225 1805
1805 1503
1503 807
807 1805
1805 1055
1055 1787
1787 1805
1805 136
136 750
750 1805
1805 953
953 1399
1399 1805
1805 29
29 775
775 1805
1805 1889
1889 1208
1208 1805
1805 888
888 1340
1340 1805
1805 1814
1814 1379
1379 1805
1805 265
265 146
146 1805
1805 1043
1043 630
630 1805
1805 119
119 1107
1107 1805
1805 1328
1328 767
767 1805
1805 92
92 1680
1680 1805
1805 976
976 438
438 1805
1805 1728
1728 1256
1256 1805
1805 774
774 278
278 1805
1805 1661
1661 1820
1820 1805
1805 1561
1561 1658
1658 1805
1805 1001
1001 1475
1475 1805
1805 1714
1714 1591
1591 1805
1805 788
788 920
920 1805
1805 142
142 1270
1270 1805
1805 1698
1698 1392
1392 1805
1805 221
221 1501
1501 1805
1805 548
548 384
384 1805
1805 1911
1911 15
15 1805
1805 1485
1485 1388
1388 1805
1805 397
397 897
897 1805
1805 1533
1533 1598
1598 1805
1805 59
59 1495
1495 1805
1805 554
554 430
430 1805
1805 1517
1517 783
783 1805
1805 1347
1347 500
500 1805
1805 1955
1955 607
607 1805
1805 997
997 1727
1727 1805
1805 385
385 533
533 1805
1805 990
990 1297
1297 1805
1805 1577
1577 1997
1997 1805
1805 372
372 400
400 1805
1805 728
728 1669
1669 1805
1805 359
359 1983
1983 1805
1805 1654
1654 518
518 1805
1805 1497
1497 764
764 1805
1805 656
656 52
52 1805
1805 869
869 747
747 1805
1805 618
618 1697
1697 1805
1805 1118
1118 1987
1987 1805
1805 551
551 660
660 1805
1805 1159
1159 1999
1999 1805
1805 804
804 1164
1164 1805
1805 960
960 1640
1640 1805
1805 1343
1343 1948
1948 1805
1805 1633
1633 1920
1920 1805
1805 796
796 632
632 1805
1805 1129
1129 1469
1469 1805
1805 327
327 1053
1053 1805
1805 1916
1916 1641
1641 1805
1805 283
283 713
713 1805
1805 1428
1428 416
416 1805
1805 1925
1925 1201
1201 1805
1805 472
472 597
597 1805
1805 267
267 1460
1460 1805
1805 1468
1468 1420
1420 1805
1805 649
649 1013
1013 1805
1805 1623
1623 555
555 1805
1805 336
336 239
239 1805
1805 1665
1665 771
771 1805
1805 1922
1922 741
741 1805
1805 194
194 1975
1975 1805
1805 299
299 561
561 1805
1805 927
927 1304
1304 1805
1805 1775
1775 1336
1336 1805
1805 581
581 1900
1900 1805
1805 1736
1736 203
203 1805
1805 831
831 1198
1198 1805
1805 1326
1326 655
655 1805
1805 199
199 6
6 1805
1805 1913
1913 1793
1793 1805
1805 374
374 751
751 1805
1805 12
12 9
9 1805
1805 289
289 377
377 1805
1805 1050
1050 916
916 1805
1805 545
545 328
328 1805
1805 1990
1990 922
922 1805
1805 1290
1290 1056
1056 1805
1805 973
973 977
977 1805
1805 1452
1452 1847
1847 1805
1805 1806
1806 1770
1770 1805
1805 1856
1856 411
411 1805
1805 257
257 934
934 1805
1805 1171
1171 608
608 1805
1805 1335
1335 1563
1563 1805
1805 792
792 1492
1492 1805
1805 1845
1845 1604
1604 1805
1805 339
339 1427
1427 1805
1805 615
615 957
957 1805
1805 506
506 1393
1393 1805
1805 67
67 850
850 1805
1805 395
395 434
434 1805
1805 206
206 769
769 1805
1805 954
954 1756
1756 1805
1805 457
457 1667
1667 1805
1805 1405
1405 98
98 1805
1805 1046
1046 791
791 1805
1805 1556
1556 844
844 1805
1805 1670
1670 1498
1498 1805
1805 1068
1068 78
78 1805
1805 1857
1857 579
579 1805
1805 189
189 557
557 1805
1805 1872
1872 1105
1105 1805
1805 177
177 748
748 1805
1805 1585
1585 1791
1791 1805
1805 912
912 1544
1544 1805
1805 1149
1149 881
881 1805
1805 38
38 1573
1573 1805
1805 1063
1063 671
671 1805
1805 1861
1861 1843
1843 1805
1805 961
961 568
568 1805
1805 1715
1715 129
129 1805
1805 1867
1867 939
939 1805
1805 1509
1509 321
321 1805
1805 1421
1421 1584
1584 1805
1805 367
367 885
885 1805
1805 1367
1367 1148
1148 1805
1805 848
848 605
605 1805
1805 880
880 287
287 1805
1805 1917
1917 93
93 1805
1805 1286
1286 1968
1968 1805
1805 833
833 1996
1996 1805
1805 1398
1398 567
567 1805
1805 1221
1221 373
373 1805
1805 998
998 1685
1685 1805
1805 1973
1973 525
525 1805
1805 1389
1389 914
914 1805
1805 1026
1026 636
636 1805
1805 969
969 190
190 1805
1805 1203
1203 191
191 1805
1805 1224
1224 1784
1784 1805
1805 1696
1696 1462
1462 1805
1805 1828
1828 1797
1797 1805
1805 1946
1946 1478
1478 1805
1805 155
155 1737
1737 1805
1805 1210
1210 963
963 1805
1805 1637
1637 132
132 1805
1805 1133
1133 692
692 1805
1805 152
152 1045
1045 1805
1805 1090
1090 1644
1644 1805
1805 10
10 45
45 1805
1805 1859
1859 1188
1188 1805
1805 402
402 1299
1299 1805
1805 307
307 201
201 1805
1805 1855
1855 1245
1245 1805
1805 208
208 1332
1332 1805
1805 1570
1570 409
409 1805
1805 1768
1768 993
993 1805
1805 1364
1364 205
205 1805
1805 983
983 1280
1280 1805
1805 1956
1956 1705
1705 1805
1805 666
666 944
944 1805
1805 992
992 1686
1686 1805
1805 383
383 28
28 1805
1805 297
297 1076
1076 1805
1805 145
145 1921
1921 1805
1805 382
382 1580
1580 1805
1805 746
746 940
940 1805
1805 256
256 1558
1558 1805
1805 1614
1614 761
761 1805
1805 800
800 414
414 1805
1805 1257
1257 645
645 1805
1805 1829
1829 716
716 1805
1805 1476
1476 1217
1217 1805
1805 1418
1418 1953
1953 1805
1805 1308
1308 103
103 1805
1805 779
779 889
889 1805
1805 1779
1779 1739
1739 1805
1805 148
148 232
232 1805
1805 163
163 116
116 1805
1805 69
69 462
462 1805
1805 1887
1887 218
218 1805
1805 1726
1726 996
996 1805
1805 1028
1028 665
665 1805
1805 1876
1876 1693
1693 1805
1805 824
824 1730
1730 1805
1805 1957
1957 1690
1690 1805
1805 308
308 1459
1459 1805
1805 1761
1761 1431
1431 1805
1805 1021
1021 820
820 1805
1805 1465
1465 1979
1979 1805
1805 876
876 1077
1077 1805
1805 1268
1268 675
675 1805
1805 1091
1091 626
626 1805
1805 1062
1062 1708
1708 1805
1805 346
346 1361
1361 1805
1805 241
241 1662
1662 1805
1805 1796
1796 392
392 1805
1805 838
838 223
223 1805
1805 1831
1831 895
895 1805
1805 1074
1074 659
659 1805
1805 291
291 549
549 1805
1805 247
247 127
127 1805
1805 1718
1718 1143
1143 1805
1805 1322
1322 469
469 1805
1805 1566
1566 1067
1067 1805
1805 587
587 1619
1619 1805
1805 1104
1104 1940
1940 1805
1805 689
689 357
357 1805
1805 1717
1717 1712
1712 1805
1805 1991
1991 1818
1818 1805
1805 540
540 43
43 1805
1805 1827
1827 1959
1959 1805
1805 999
999 917
917 1805
1805 1774
1774 1848
1848 1805
1805 253
253 693
693 1805
1805 1579
1579 956
956 1805
1805 1301
1301 1909
1909 1805
1805 281
281 1542
1542 1805
1805 1082
1082 919
919 1805
1805 1158
1158 879
879 1805
1805 1134
1134 1938
1938 1805
1805 1223
1223 828
828 1805
1805 1531
1531 1089
1089 1805
1805 970
970 1057
1057 1805
1805 672
672 738
738 1805
1805 1694
1694 1596
1596 1805
1805 1419
1419 1098
1098 1805
1805 1576
1576 1748
1748 1805
1805 1400
1400 1394
1394 1805
1805 1344
1344 1408
1408 1805
1805 1986
1986 1627
1627 1805
1805 68
68 226
226 1805
1805 1214
1214 883
883 1805
1805 1523
1523 88
88 1805
1805 1115
1115 1131
1131 1805
1805 314
314 510
510 1805
1805 1206
1206 16
16 1805
1805 1337
1337 396
396 1805
1805 1209
1209 735
735 1805
1805 174
174 82
82 1805
1805 575
575 802
802 1805
1805 622
622 114
114 1805
1805 1505
1505 1493
1493 1805
1805 1448
1448 1334
1334 1805
1805 1442
1442 1260
1260 1805
1805 192
192 1886
1886 1805
1805 464
464 479
479 1805
1805 1132
1132 930
930 1805
1805 941
941 662
662 1805
1805 782
782 1151
1151 1805
1805 496
496 1072
1072 1805
1805 638
638 65
65 1805
1805 508
508 1682
1682 1805
1805 580
580 1443
1443 1805
1805 695
695 366
366 1805
1805 36
36 1318
1318 1805
1805 785
785 846
846 1805
1805 1088
1088 1356
1356 1805
1805 1729
1729 1634
1634 1805
1805 1029
1029 106
106 1805
1805 1048
1048 213
213 1805
1805 1821
1821 1541
1541 1805
1805 1606
1606 1249
1249 1805
1805 1534
1534 799
799 1805
1805 22
22 1572
1572 1805
1805 1146
1146 81
81 1805
1805 1521
1521 1370
1370 1805
1805 1639
1639 410
410 1805
1805 1207
1207 513
513 1805
1805 1271
1271 1826
1826 1805
1805 1429
1429 483
483 1805
1805 435
435 1300
1300 1805
1805 1345
1345 233
233 1805
1805 819
819 1906
1906 1805
1805 552
552 1314
1314 1805
1805 1676
1676 1893
1893 1805
1805 305
305 725
725 1805
1805 112
112 1864
1864 1805
1805 1023
1023 1357
1357 1805
1805 1433
1433 547
547 1805
1805 433
433 465
465 1805
1805 235
235 1659
1659 1805
1805 369
369 1112
1112 1805
1805 604
604 565
565 1805
1805 350
350 57
57 1805
1805 1702
1702 306
306 1805
1805 240
240 1189
1189 1805
1805 351
351 1417
1417 1805
1805 1874
1874 398
398 1805
1805 471
471 1346
1346 1805
1805 135
135 1339
1339 1805
1805 1724
1724 446
446 1805
1805 1559
1559 1267
1267 1805
1805 696
696 54
54 1805
1805 1069
1069 815
815 1805
1805 131
131 487
487 1805
1805 1153
1153 711
711 1805
1805 159
159 673
673 1805
1805 1822
1822 542
542 1805
1805 401
401 538
538 1805
1805 121
121 794
794 1805
1805 955
955 1837
1837 1805
1805 768
768 853
853 1805
1805 708
708 1479
1479 1805
1805 1582
1582 1568
1568 1805
1805 720
720 1395
1395 1805
1805 1851
1851 1032
1032 1805
1805 1281
1281 1413
1413 1805
1805 681
681 30
30 1805
1805 1574
1574 606
606 1805
1805 1898
1898 102
102 1805
1805 859
859 1967
1967 1805
1805 641
641 1801
1801 1805
1805 1578
1578 118
118 1805
1805 58
58 365
365 1805
1805 1125
1125 1327
1327 1805
1805 1689
1689 1871
1871 1805
1805 1777
1777 1163
1163 1805
1805 1902
1902 1883
1883 1805
1805 150
150 909
909 1805
1805 220
220 777
777 1805
1805 756
756 1296
1296 1805
1805 757
757 210
210 1805
1805 293
293 759
759 1805
1805 259
259 1246
1246 1805
1805 621
621 1538
1538 1805
1805 1701
1701 80
80 1805
1805 1984
1984 1945
1945 1805
1805 798
798 157
157 1805
1805 117
117 31
31 1805
1805 1119
1119 654
654 1805
1805 1799
1799 629
629 1805
1805 1269
1269 1716
1716 1805
1805 1897
1897 1781
1781 1805
1805 635
635 1630
1630 1805
1805 425
425 1747
1747 1805
1805 948
948 599
599 1805
1805 424
424 1458
1458 1805
1805 822
822 702
702 1805
1805 1123
1123 1803
1803 1805
1805 980
980 1769
1769 1805
1805 427
427 1456
1456 1805
1805 719
719 601
601 1805
1805 1776
1776 1802
1802 1805
1805 1742
1742 1609
1609 1805
1805 1436
1436 734
734 1805
1805 1936
1936 1625
1625 1805
1805 813
813 470
470 1805
1805 743
743 115
115 1805
1805 825
825 1663
1663 1805
1805 839
839 1219
1219 1805
1805 1899
1899 898
898 1805
1805 1795
1795 1445
1445 1805
1805 386
386 583
583 1805
1805 516
516 685
685 1805
1805 504
504 1382
1382 1805
1805 1890
1890 197
197 1805
1805 1547
1547 1960
1960 1805
1805 968
968 620
620 1805
1805 931
931 349
349 1805
1805 1522
1522 805
805 1805
1805 1199
1199 1024
1024 1805
1805 1545
1545 1927
1927 1805
1805 1052
1052 4
4 1805
1805 907
907 406
406 1805
1805 1126
1126 1966
1966 1805
1805 1038
1038 705
705 1805
1805 762
762 851
851 1805
1805 1524
1524 251
251 1805
1805 1819
1819 149
149 1805
1805 1020
1020 417
417 1805
1805 521
521 317
317 1805
1805 1312
1312 1765
1765 1805
1805 964
964 1065
1065 1805
1805 1546
1546 1022
1022 1805
1805 474
474 193
193 1805
1805 279
279 648
648 1805
1805 1918
1918 700
700 1805
1805 1511
1511 447
447 1805
1805 485
485 1842
1842 1805
1805 1912
1912 33
33 1805
1805 758
758 535
535 1805
1805 1135
1135 1017
1017 1805
1805 1529
1529 1885
1885 1805
1805 1674
1674 600
600 1805
1805 1611
1611 1414
1414 1805
1805 1234
1234 938
938 1805
1805 301
301 143
143 1805
1805 399
399 1155
1155 1805
1805 18
18 1377
1377 1805
1805 439
439 1084
1084 1805
1805 1075
1075 176
176 1805
1805 1025
1025 1617
1617 1805
1805 592
592 1432
1432 1805
1805 1323
1323 1390
1390 1805
1805 732
732 694
694 1805
1805 1743
1743 1027
1027 1805
1805 923
923 238
238 1805
1805 309
309 86
86 1805
1805 614
614 186
186 1805
1805 740
740 651
651 1805
1805 468
468 501
501 1805
1805 582
582 1962
1962 1805
1805 85
85 1651
1651 1805
1805 1681
1681 491
491 1805
1805 1879
1879 353
353 1805
1805 431
431 1552
1552 1805
1805 556
556 1453
1453 1805
1805 749
749 1513
1513 1805
1805 368
368 276
276 1805
1805 1329
1329 1309
1309 1805
1805 1510
1510 1720
1720 1805
1805 612
612 896
896 1805
1805 1653
1653 27
27 1805
1805 913
913 1170
1170 1805
1805 840
840 1092
1092 1805
1805 1989
1989 1526
1526 1805
1805 1506
1506 1233
1233 1805
1805 1292
1292 1758
1758 1805
1805 1978
1978 1569
1569 1805
1805 1628
1628 360
360 1805
1805 1525
1525 1071
1071 1805
1805 1471
1471 363
363 1805
1805 46
46 1194
1194 1805
1805 1099
1099 1439
1439 1805
1805 1908
1908 1272
1272 1805
1805 318
318 72
72 1805
1805 858
858 793
793 1805
1805 348
348 594
594 1805
1805 13
13 97
97 1805
1805 1251
1251 752
752 1805
1805 456
456 460
460 1805
1805 1034
1034 298
298 1805
1805 388
388 1481
1481 1805
1805 245
245 1951
1951 1805
1805 1470
1470 169
169 1805
1805 1250
1250 1841
1841 1805
1805 780
780 502
502 1805
1805 603
603 274
274 1805
1805 562
562 1721
1721 1805
1805 610
610 445
445 1805
1805 962
962 669
669 1805
1805 842
842 534
534 1805
1805 801
801 1437
1437 1805
1805 664
664 1085
1085 1805
1805 678
678 1482
1482 1805
1805 1111
1111 1629
1629 1805
1805 643
643 835
835 1805
1805 1895
1895 574
574 1805
1805 454
454 1185
1185 1805
1805 1839
1839 1409
1409 1805
1805 958
958 1015
1015 1805
1805 1353
1353 1236
1236 1805
1805 1138
1138 1412
1412 1805
1805 1931
1931 1228
1228 1805
1805 286
286 763
763 1805
1805 1051
1051 571
571 1805
1805 1376
1376 448
448 1805
1805 710
710 1446
1446 1805
1805 586
586 706
706 1805
1805 634
634 781
781 1805
1805 1844
1844 475
475 1805
1805 1950
1950 41
41 1805
1805 849
849 263
263 1805
1805 616
616 1691
1691 1805
1805 91
91 563
563 1805
1805 1631
1631 1807
1807 1805
1805 878
878 507
507 1805
1805 354
354 1949
1949 1805
1805 1348
1348 295
295 1805
1805 1723
1723 492
492 1805
1805 344
344 419
419 1805
1805 1646
1646 1241
1241 1805
1805 1192
1192 699
699 1805
1805 74
74 902
902 1805
1805 345
345 228
228 1805
1805 158
158 1244
1244 1805
1805 1836
1836 1352
1352 1805
1805 900
900 861
861 1805
1805 1954
1954 480
480 1805
1805 1809
1809 1732
1732 1805
1805 531
531 1823
1823 1805
1805 1589
1589 375
375 1805
1805 1253
1253 1869
1869 1805
1805 1004
1004 1794
1794 1805
1805 1688
1688 62
62 1805
1805 887
887 744
744 1805
1805 1404
1404 698
698 1805
1805 1109
1109 1592
1592 1805
1805 486
486 490
490 1805
1805 623
623 995
995 1805
1805 1160
1160 1186
1186 1805
1805 1033
1033 371
371 1805
1805 21
21 358
358 1805
1805 877
877 929
929 1805
1805 1254
1254 160
160 1805
1805 1426
1426 1087
1087 1805
1805 1878
1878 100
100 1805
1805 426
426 1130
1130 1805
1805 461
461 230
230 1805
1805 856
856 288
288 1805
1805 1152
1152 1933
1933 1805
1805 420
420 229
229 1805
1805 690
690 1103
1103 1805
1805 1532
1532 1833
1833 1805
1805 637
637 875
875 1805
1805 1813
1813 387
387 1805
1805 1884
1884 1853
1853 1805
1805 864
864 766
766 1805
1805 75
75 1788
1788 1805
1805 1320
1320 1515
1515 1805
1805 1273
1273 1086
1086 1805
1805 1113
1113 712
712 1805
1805 633
633 70
70 1805
1805 1467
1467 701
701 1805
1805 1543
1543 1974
1974 1805
1805 466
466 1601
1601 1805
1805 1243
1243 870
870 1805
1805 911
911 1093
1093 1805
1805 1849
1849 661
661 1805
1805 1512
1512 1655
1655 1805
1805 164
164 808
808 1805
1805 497
497 1397
1397 1805
1805 1480
1480 1998
1998 1805
1805 1216
1216 827
827 1805
1805 1184
1184 1237
1237 1805
1805 1402
1402 292
292 1805
1805 1275
1275 834
834 1805
1805 56
56 1928
1928 1805
1805 1031
1031 1555
1555 1805
1805 1707
1707 967
967 1805
1805 936
936 965
965 1805
1805 133
133 1740
1740 1805
1805 331
331 162
162 1805
1805 1648
1648 1850
1850 1805
1805 676
676 1706
1706 1805
1805 139
139 1325
1325 1805
1805 1355
1355 1321
1321 1805
1805 787
787 1905
1905 1805
1805 1258
1258 1041
1041 1805
1805 198
198 1044
1044 1805
1805 1709
1709 113
113 1805
1805 1575
1575 1212
1212 1805
1805 1342
1342 1282
1282 1805
1805 1677
1677 1096
1096 1805
1805 946
946 1499
1499 1805
1805 1483
1483 1183
1183 1805
1805 1618
1618 1360
1360 1805
1805 1649
1649 1930
1930 1805
1805 1935
1935 196
196 1805
1805 683
683 1778
1778 1805
1805 1754
1754 333
333 1805
1805 1766
1766 1704
1704 1805
1805 1824
1824 1010
1010 1805
1805 541
541 893
893 1805
1805 1011
1011 1261
1261 1805
1805 577
577 455
455 1805
1805 627
627 1982
1982 1805
1805 1725
1725 1120
1120 1805
1805 1235
1235 1463
1463 1805
1805 1816
1816 686
686 1805
1805 572
572 173
173 1805
1805 821
821 1181
1181 1805
1805 1733
1733 1289
1289 1805
1805 1595
1595 1894
1894 1805
1805 826
826 19
19 1805
1805 1162
1162 1903
1903 1805
1805 1102
1102 1815
1815 1805
1805 1731
1731 1330
1330 1805
1805 1136
1136 1888
1888 1805
1805 1205
1205 1005
1005 1805
1805 1750
1750 1873
1873 1805
1805 894
894 303
303 1805
1805 1687
1687 1620
1620 1805
1805 443
443 428
428 1805
1805 1494
1494 1374
1374 1805
1805 151
151 1881
1881 1805
1805 311
311 1197
1197 1805
1805 1122
1122 1540
1540 1805
1805 1965
1965 935
935 1805
1805 313
313 854
854 1805
1805 237
237 1474
1474 1805
1805 66
66 598
598 1805
1805 432
432 1588
1588 1805
1805 1168
1168 921
921 1805
1805 1749
1749 1854
1854 1805
1805 778
778 421
421 1805
1805 733
733 1218
1218 1805
1805 1700
1700 602
602 1805
1805 559
559 310
310 1805
1805 1484
1484 1473
1473 1805
1805 211
211 1988
1988 1805
1805 236
236 1354
1354 1805
1805 745
745 539
539 1805
1805 1923
1923 1817
1817 1805
1805 670
670 1557
1557 1805
1805 1384
1384 517
517 1805
1805 188
188 1772
1772 1805
1805 1324
1324 63
63 1805
1805 1882
1882 340
340 1805
1805 489
489 1703
1703 1805
1805 1066
1066 122
122 1805
1805 1565
1565 141
141 1805
1805 481
481 1780
1780 1805
1805 1156
1156 355
355 1805
1805 1919
1919 1970
1970 1805
1805 857
857 1313
1313 1805
1805 553
553 1846
1846 1805
1805 224
224 1472
1472 1805
1805 323
323 168
168 1805
1805 1100
1100 204
204 1805
1805 1049
1049 1369
1369 1805
1805 1642
1642 1942
1942 1805
1805 814
814 1735
1735 1805
1805 1602
1602 1383
1383 1805
1805 180
180 1553
1553 1805
1805 212
212 989
989 1805
1805 952
952 219
219 1805
1805 1605
1605 1746
1746 1805
1805 356
356 1424
1424 1805
1805 1315
1315 242
242 1805
1805 1277
1277 1767
1767 1805
1805 1535
1535 285
285 1805
1805 1140
1140 1127
1127 1805
1805 1852
1852 320
320 1805
1805 338
338 951
951 1805
1805 1371
1371 1792
1792 1805
1805 154
154 1358
1358 1805
1805 1632
1632 459
459 1805
1805 5
5 216
216 1805
1805 631
631 724
724 1805
1805 248
248 187
187 1805
1805 436
436 1466
1466 1805
1805 2
2 1172
1172 1805
1805 1711
1711 522
522 1805
1805 1941
1941 1745
1745 1805
1805 1963
1963 495
495 1805
1805 1117
1117 688
688 1805
1805 589
589 753
753 1805
1805 1411
1411 1410
1410 1805
1805 1832
1832 987
987 1805
1805 96
96 175
175 1805
1805 871
871 1527
1527 1805
1805 296
296 394
394 1805
1805 147
147 1305
1305 1805
1805 1549
1549 526
526 1805
1805 1167
1167 290
290 1805
1805 315
315 1276
1276 1805
1805 1786
1786 1910
1910 1805
1805 776
776 816
816 1805
1805 1229
1229 742
742 1805
1805 1985
1985 1626
1626 1805
1805 1381
1381 1030
1030 1805
1805 1830
1830 1562
1562 1805
1805 467
467 1311
1311 1805
1805 658
658 1587
1587 1805
1805 277
277 1907
1907 1805
1805 1656
1656 343
343 1805
1805 499
499 924
924 1805
1805 932
932 1094
1094 1805
1805 1958
1958 617
617 1805
1805 1083
1083 1239
1239 1805
1805 986
986 646
646 1805
1805 1284
1284 1773
1773 1805
1805 1866
1866 1477
1477 1805
1805 1647
1647 222
222 1805
1805 984
984 389
389 1805
1805 978
978 1457
1457 1805
1805 527
527 1464
1464 1805
1805 1548
1548 1274
1274 1805
1805 1191
1191 1943
1943 1805
1805 1341
1341 613
613 1805
1805 42
42 225
225 1805
1805 39
39 1222
1222 1805
1805 1279
1279 703
703 1805
1805 271
271 1490
1490 1805
1805 687
687 714
714 1805
1805 1009
1009 836
836 1805
1805 195
195 906
906 1805
1805 1934
1934 1195
1195 1805
1805 1095
1095 109
109 1805
1805 812
812 335
335 1805
1805 872
872 1455
1455 1805
1805 564
564 1231
1231 1805
1805 1008
1008 325
325 1805
1805 573
573 971
971 1805
1805 1306
1306 653
653 1805
1805 1047
1047 1179
1179 1805
1805 910
910 20
20 1805
1805 770
770 1226
1226 1805
1805 1351
1351 668
668 1805
1805 1586
1586 341
341 1805
1805 326
326 982
982 1805
1805 1291
1291 24
24 1805
1805 1875
1875 731
731 1805
1805 1248
1248 1904
1904 1805
1805 1713
1713 1971
1971 1805
1805 99
99 596
596 1805
1805 773
773 755
755 1805
1805 252
252 266
266 1805
1805 1491
1491 234
234 1805
1805 172
172 657
657 1805
1805 674
674 140
140 1805
1805 1868
1868 171
171 1805
1805 1230
1230 442
442 1805
1805 1610
1610 537
537 1805
1805 1944
1944 1182
1182 1805
1805 407
407 53
53 1805
1805 1124
1124 1518
1518 1805
1805 44
44 7
7 1805
1805 1202
1202 1753
1753 1805
1805 330
330 845
845 1805
1805 1858
1858 393
393 1805
1805 1810
1810 591
591 1805
1805 1838
1838 451
451 1805
1805 1039
1039 677
677 1805
1805 1238
1238 1108
1108 1805
1805 1929
1929 94
94 1805
1805 1759
1759 1372
1372 1805
1805 130
130 966
966 1805
1805 337
337 183
183 1805
1805 1972
1972 1220
1220 1805
1805 185
185 444
444 1805
1805 1635
1635 391
391 1805
1805 79
79 942
942 1805
1805 231
231 108
108 1805
1805 1594
1594 1914
1914 1805
1805 1668
1668 423
423 1805
1805 441
441 736
736 1805
1805 482
482 873
873 1805
1805 254
254 1489
1489 1805
1805 1303
1303 478
478 1805
1805 1811
1811 1175
1175 1805
1805 217
217 1242
1242 1805
1805 261
261 726
726 1805
1805 1416
1416 1976
1976 1805
1805 1000
1000 202
202 1805
1805 1583
1583 1952
1952 1805
1805 1180
1180 1870
1870 1805
1805 1316
1316 1447
1447 1805
1805 1147
1147 1613
1613 1805
1805 1307
1307 1441
1441 1805
1805 1040
1040 1603
1603 1805
1805 264
264 588
588 1805
1805 1196
1196 1037
1037 1805
1805 1137
1137 269
269 1805
1805 440
440 1386
1386 1805
1805 1961
1961 1514
1514 1805
1805 246
246 1675
1675 1805
1805 1200
1200 721
721 1805
1805 404
404 640
640 1805
1805 1519
1519 35
35 1805
1805 811
811 784
784 1805
1805 214
214 1488
1488 1805
1805 324
324 754
754 1805
1805 609
609 272
272 1805
1805 1438
1438 11
11 1805
1805 1157
1157 1992
1992 1805
1805 1504
1504 165
165 1805
1805 868
868 892
892 1805
1805 1487
1487 569
569 1805
1805 515
515 1298
1298 1805
1805 463
463 1834
1834 1805
1805 347
347 473
473 1805
1805 1612
1612 268
268 1805
1805 691
691 403
403 1805
1805 32
32 179
179 1805
1805 937
937 566
566 1805
1805 1785
1785 1695
1695 1805
1805 1018
1018 1101
1101 1805
1805 1560
1560 1265
1265 1805
1805 1650
1650 1892
1892 1805
1805 1486
1486 243
243 1805
1805 1660
1660 1080
1080 1805
1805 991
991 855
855 1805
1805 1141
1141 642
642 1805
1805 975
975 663
663 1805
1805 1440
1440 717
717 1805
1805 1
1805 1762
1762 1994
1994 1805
1805 1064
1064 514
514 1805
1805 1385
1385 1070
1070 1805
1805 682
682 244
244 1805
1805 73
73 1937
1937 1805
1805 590
590 215
215 1805
1805 1800
1800 546
546 1805
1805 1368
1368 302
302 1805
1805 528
528 860
860 1805
1805 1638
1638 1798
1798 1805
1805 1507
1507 1215
1215 1805
1805 1006
1006 412
412 1805
1805 498
498 918
918 1805
1805 1128
1128 524
524 1805
1805 342
342 1331
1331 1805
1805 729
729 329
329 1805
1805 1073
1073 1571
1571 1805
1805 530
530 760
760 1805
1805 1969
1969 558
558 1805
1805 1262
1262 1285
1285 1805
1805 1607
1607 891
891 1805
1805 543
543 723
723 1805
1805 1213
1213 1012
1012 1805
1805 1666
1666 950
950 1805
1805 138
138 1915
1915 1805
1805 47
47 1116
1116 1805
1805 1014
1014 624
624 1805
1805 294
294 1581
1581 1805
1805 1247
1247 797
797 1805
1805 25
25 110
110 1805
1805 1333
1333 1567
1567 1805
1805 17
17 1722
1722 1805
1805 50
50 364
364 1805
1805 519
519 1600
1600 1805
1805 84
84 362
362 1805
1805 667
667 55
55 1805
1805 1597
1597 1165
1165 1805
1805 1174
1174 1019
1019 1805
1805 1423
1423 1926
1926 1805
1805 1564
1564 981
981 1805
1805 1407
1407 64
64 1805
1805 1516
1516 1862
1862 1805
1805 182
182 60
60 1805
1805 209
209 1449
1449 1805
1805 1387
1387 107
107 1805
1805 1401
1401 1537
1537 1805
1805 974
974 570
570 1805
1805 899
899 126
126 1805
1805 120
120 988
988 1805
1805 505
505 49
49 1805
1805 790
790 1227
1227 1805
1805 1599
1599 882
882 1805
1805 370
370 903
903 1805
1805 181
181 652
652 1805
1805 1593
1593 619
619 1805
1805 823
823 1415
1415 1805
1805 949
949 37
37 1805
1805 818
818 863
863 1805
1805 1363
1363 1520
1520 1805
1805 1783
1783 312
312 1805
1805 1672
1672 1054
1054 1805
1805 593
593 1932
1932 1805
1805 1142
1142 1678
1678 1805
1805 884
884 1947
1947 1805
1805 809
809 841
841 1805
1805 1939
1939 418
418 1805
1805 865
865 1114
1114 1805
1805 1319
1319 1744
1744 1805
1805 413
413 1081
1081 1805
1805 1812
1812 1173
1173 1805
1805 408
408 284
284 1805
1805 1664
1664 810
810 1805
1805 488
488 1061
1061 1805
1805 1751
1751 1060
1060 1805
1805 87
87 1550
1550 1805
1805 1673
1673 390
390 1805
1805 1755
1755 901
901 1805
1805 1362
1362 789
789 1805
1805 123
123 1763
1763 1805
1805 332
332 1121
1121 1805
1805 1283
1283 1496
1496 1805
1805 1176
1176 1622
1622 1805
1805 1771
1771 258
258 1805
1805 1738
1738 167
167 1805
1805 715
715 803
803 1805
1805 1259
1259 1877
1877 1805
1805 680
680 1139
1139 1805
1805 1232
1232 560
560 1805
1805 334
334 979
979 1805
1805 1624
1624 128
128 1805
1805 1757
1757 1003
1003 1805
1805 458
458 1211
1211 1805
1805 111
111 843
843 1805
1805 200
200 1554
1554 1805
1805 707
707 862
862 1805
1805 170
170 647
647 1805
1805 319
319 1608
1608 1805
1805 772
772 273
273 1805
1805 1359
1359 1500
1500 1805
1805 866
866 207
207 1805
1805 1240
1240 1378
1378 1805
1805 945
945 544
544 1805
1805 832
832 1380
1380 1805
1805 124
124 905
905 1805
1805 415
415 422
422 1805
1805 1288
1288 585
585 1805
1805 104
104 1097
1097 1805
1805 153
153 452
452 1805
1805 628
628 484
484 1805
1805 1980
1980 376
376 1805
1805 1035
1035 1454
1454 1805
1805 727
727 1059
1059 1805
1805 184
184 1294
1294 1805
1805 379
379 1995
1995 1805
1805 1719
1719 829
829 1805
1805 262
262 874
874 1805
1805 23
23 1615
1615 1805
1805 1422
1422 1880
1880 1805
1805 737
737 494
494 1805
1805 8
8 1406
1406 1805
1805 503
503 1977
1977 1805
1805 1981
1981 405
405 1805
1805 1293
1293 1058
1058 1805
1805 90
90 1645
1645 1805
