1 1155
1155 971
971 954
954 1335
1335 1536
1536 1100
1100 1009
1009 186
186 3
3 697
697 1953
1953 1365
1365 743
743 354
354 1599
1599 1804
1804 890
890 1691
1691 420
420 1272
1272 162
162 1578
1578 132
132 1324
1324 1648
1648 12
12 1197
1197 676
676 895
895 368
368 513
513 411
411 1831
1831 1581
1581 443
443 1704
1704 1855
1855 1824
1824 1680
1680 523
523 392
392 827
827 783
783 138
138 1768
1768 930
930 206
206 1569
1569 809
809 84
84 1542
1542 1232
1232 925
925 1551
1551 1042
1042 1403
1403 1707
1707 725
725 1594
1594 1153
1153 1281
1281 548
548 50
50 214
214 1963
1963 1444
1444 938
938 749
749 176
176 782
782 506
506 1443
1443 1104
1104 158
158 217
217 1166
1166 1229
1229 1319
1319 1500
1500 369
369 376
376 1202
1202 1656
1656 1631
1631 1783
1783 941
941 1363
1363 572
572 871
871 1930
1930 1738
1738 605
605 1565
1565 501
501 1312
1312 566
566 399
399 1592
1592 567
567 742
742 1181
1181 772
772 1814
1814 1596
1596 1603
1603 207
207 371
371 1832
1832 604
604 1637
1637 76
76 1612
1612 1472
1472 335
335 11
11 1237
1237 521
521 647
647 1075
1075 262
262 1821
1821 766
766 987
987 1571
1571 416
416 593
593 1499
1499 260
260 1848
1848 539
539 1921
1921 1852
1852 1700
1700 1134
1134 615
615 552
552 1385
1385 153
153 139
139 1888
1888 1740
1740 1667
1667 341
341 1220
1220 1024
1024 1254
1254 1412
1412 825
825 1159
1159 1011
1011 1123
1123 487
487 931
931 1191
1191 874
874 1353
1353 917
917 1626
1626 1465
1465 1000
1000 1664
1664 1676
1676 1752
1752 1518
1518 1398
1398 581
581 527
527 1184
1184 886
886 773
773 1418
1418 195
195 22
22 910
910 1311
1311 339
339 974
974 140
140 32
32 579
579 44
44 1894
1894 1650
1650 1151
1151 1169
1169 356
356 58
58 215
215 1423
1423 178
178 1509
1509 379
379 1791
1791 993
993 270
270 1962
1962 43
43 166
166 1890
1890 875
875 796
796 654
654 1300
1300 1130
1130 1479
1479 879
879 704
704 66
66 358
358 377
377 1308
1308 1679
1679 1817
1817 479
479 359
359 850
850 662
662 1854
1854 1935
1935 1081
1081 858
858 853
853 790
790 1083
1083 1110
1110 295
295 1059
1059 1726
1726 1384
1384 1781
1781 383
383 1127
1127 337
337 649
649 1015
1015 1146
1146 42
42 313
313 187
187 394
394 1841
1841 209
209 939
939 612
612 518
518 1417
1417 292
292 1803
1803 1096
1096 1278
1278 1070
1070 643
643 1376
1376 1749
1749 1255
1255 1552
1552 1407
1407 1430
1430 1392
1392 638
638 1273
1273 191
191 1520
1520 1628
1628 1144
1144 1714
1714 1008
1008 236
236 1567
1567 429
429 1049
1049 1180
1180 200
200 239
239 576
576 1377
1377 48
48 475
475 118
118 756
756 1393
1393 586
586 241
241 1268
1268 21
21 821
821 319
319 1495
1495 901
901 1292
1292 1528
1528 1030
1030 307
307 658
658 845
845 1108
1108 495
495 152
152 240
240 1452
1452 456
456 1702
1702 1469
1469 904
904 196
196 610
610 1559
1559 1355
1355 1967
1967 798
798 693
693 1529
1529 1517
1517 763
763 859
859 620
620 1447
1447 1849
1849 1453
1453 1695
1695 117
117 322
322 771
771 1198
1198 1177
1177 1549
1549 671
671 1988
1988 1323
1323 1391
1391 1145
1145 1556
1556 184
184 1611
1611 1845
1845 921
921 1390
1390 1577
1577 1454
1454 1007
1007 499
499 413
413 1558
1558 710
710 116
116 582
582 1560
1560 1415
1415 1138
1138 1906
1906 1701
1701 1309
1309 1388
1388 253
253 970
970 1673
1673 1525
1525 1048
1048 635
635 600
600 46
46 1936
1936 412
412 1482
1482 1678
1678 1040
1040 862
862 1907
1907 769
769 805
805 982
982 282
282 198
198 1960
1960 692
692 1246
1246 1586
1586 872
872 1116
1116 961
961 775
775 573
573 190
190 1570
1570 1354
1354 759
759 59
59 1339
1339 1754
1754 1462
1462 305
305 1241
1241 1807
1807 1378
1378 1776
1776 1212
1212 553
553 125
125 1455
1455 1884
1884 627
627 1158
1158 774
774 1341
1341 1087
1087 246
246 1912
1912 1548
1548 923
923 470
470 1438
1438 1428
1428 1225
1225 1575
1575 357
357 1481
1481 1756
1756 278
278 511
511 1314
1314 1568
1568 5
5 559
559 977
977 1573
1573 817
817 1910
1910 854
854 767
767 193
193 928
928 1404
1404 841
841 1747
1747 351
351 700
700 1074
1074 960
960 976
976 90
90 151
151 157
157 202
202 1812
1812 1941
1941 1604
1604 1995
1995 366
366 1038
1038 1582
1582 1477
1477 10
10 818
818 1271
1271 434
434 929
929 1395
1395 242
242 1983
1983 1772
1772 943
943 762
762 1722
1722 719
719 320
320 670
670 477
477 1168
1168 227
227 1381
1381 1329
1329 837
837 1917
1917 1216
1216 1330
1330 944
944 1170
1170 594
594 410
410 1822
1822 1606
1606 1601
1601 1016
1016 1787
1787 1952
1952 1823
1823 1846
1846 28
28 1200
1200 540
540 473
473 1634
1634 1318
1318 1485
1485 544
544 519
519 731
731 1431
1431 919
919 1514
1514 175
175 1156
1156 490
490 17
17 367
367 102
102 1965
1965 1681
1681 1427
1427 1946
1946 701
701 183
183 1689
1689 665
665 964
964 1535
1535 1820
1820 1234
1234 286
286 1039
1039 631
631 498
498 1242
1242 888
888 1621
1621 1980
1980 1449
1449 1801
1801 997
997 1054
1054 1757
1757 1226
1226 1228
1228 348
348 34
34 13
13 900
900 1893
1893 1625
1625 126
126 1331
1331 747
747 185
185 1563
1563 1164
1164 1755
1755 1810
1810 174
174 823
823 507
507 180
180 1475
1475 1139
1139 746
746 920
920 1902
1902 1872
1872 642
642 1911
1911 560
560 1402
1402 735
735 1192
1192 1944
1944 1327
1327 119
119 524
524 52
52 85
85 347
347 424
424 331
331 232
232 1602
1602 706
706 1920
1920 1193
1193 940
940 708
708 120
120 401
401 1414
1414 224
224 55
55 49
49 7
7 1107
1107 1915
1915 53
53 1705
1705 1105
1105 1250
1250 1126
1126 222
222 1489
1489 1666
1666 1721
1721 257
257 1878
1878 1782
1782 1317
1317 1723
1723 899
899 1767
1767 1380
1380 107
107 855
855 1432
1432 1295
1295 1865
1865 813
813 72
72 431
431 1092
1092 881
881 1440
1440 816
816 1992
1992 1785
1785 205
205 623
623 1763
1763 336
336 1904
1904 1674
1674 1597
1597 866
866 26
26 155
155 1898
1898 1687
1687 1346
1346 469
469 1112
1112 1248
1248 549
549 591
591 715
715 860
860 1956
1956 815
815 1635
1635 1523
1523 451
451 1925
1925 626
626 1433
1433 1779
1779 897
897 445
445 1343
1343 1698
1698 884
884 512
512 515
515 1258
1258 1371
1371 8
8 770
770 663
663 1328
1328 47
47 1802
1802 504
504 760
760 1406
1406 1643
1643 1137
1137 1027
1027 1880
1880 1961
1961 812
812 908
908 173
173 1684
1684 1434
1434 745
745 1022
1022 404
404 486
486 1769
1769 1468
1468 1463
1463 105
105 1981
1981 1236
1236 699
699 318
318 546
546 1949
1949 1471
1471 1842
1842 1913
1913 203
203 1263
1263 1562
1562 732
732 1837
1837 1870
1870 1209
1209 1420
1420 1290
1290 1762
1762 471
471 1276
1276 558
558 950
950 1099
1099 1775
1775 541
541 911
911 973
973 1429
1429 290
290 168
168 1633
1633 820
820 650
650 1858
1858 1366
1366 94
94 1985
1985 831
831 221
221 633
633 618
618 1770
1770 580
580 1959
1959 1672
1672 54
54 1194
1194 83
83 776
776 1313
1313 1337
1337 788
788 1800
1800 1044
1044 557
557 1970
1970 352
352 922
922 1045
1045 1991
1991 865
865 243
243 529
529 1662
1662 252
252 1334
1334 784
784 1342
1342 65
65 1934
1934 682
682 1728
1728 223
223 212
212 254
254 340
340 1624
1624 1023
1023 2
2 652
652 646
646 1073
1073 300
300 1742
1742 1593
1593 310
310 275
275 2000
2000 129
129 1399
1399 326
326 1531
1531 1889
1889 730
730 321
321 192
192 350
350 1401
1401 1464
1464 611
611 1777
1777 400
400 1875
1875 636
636 41
41 1661
1661 565
565 251
251 27
27 1908
1908 1397
1397 234
234 1510
1510 1759
1759 946
946 1711
1711 1519
1519 621
621 1515
1515 298
298 945
945 1456
1456 1696
1696 285
285 1619
1619 182
182 1165
1165 1788
1788 873
873 868
868 683
683 1657
1657 230
230 806
806 1847
1847 1708
1708 1590
1590 913
913 181
181 1160
1160 57
57 346
346 1938
1938 1647
1647 1973
1973 1652
1652 1513
1513 261
261 836
836 441
441 668
668 101
101 1576
1576 574
574 219
219 607
607 1065
1065 1474
1474 480
480 1506
1506 1928
1928 714
714 1971
1971 1796
1796 1609
1609 711
711 530
530 1982
1982 71
71 259
259 1187
1187 723
723 1121
1121 283
283 832
832 1566
1566 597
597 156
156 1332
1332 327
327 287
287 1589
1589 1882
1882 39
39 657
657 1554
1554 112
112 1294
1294 1998
1998 599
599 149
149 1579
1579 1901
1901 967
967 457
457 1457
1457 37
37 362
362 789
789 1864
1864 1149
1149 73
73 177
177 493
493 640
640 1993
1993 146
146 88
88 406
406 1066
1066 1321
1321 145
145 211
211 315
315 1694
1694 891
891 1732
1732 1091
1091 333
333 1663
1663 468
468 1825
1825 1994
1994 311
311 1267
1267 645
645 1580
1580 1887
1887 296
296 758
758 999
999 137
137 1675
1675 1658
1658 707
707 694
694 1161
1161 365
365 1089
1089 1964
1964 1545
1545 628
628 267
267 1293
1293 1903
1903 609
609 1067
1067 1218
1218 380
380 677
677 14
14 1516
1516 739
739 329
329 851
851 755
755 1538
1538 1734
1734 1613
1613 655
655 1098
1098 1396
1396 1261
1261 981
981 869
869 918
918 266
266 439
439 225
225 1950
1950 302
302 1697
1697 1383
1383 1298
1298 1386
1386 1833
1833 1421
1421 291
291 752
752 1665
1665 757
757 1790
1790 1758
1758 1196
1196 1588
1588 1797
1797 1132
1132 751
751 1739
1739 1150
1150 1879
1879 724
724 24
24 87
87 1106
1106 1780
1780 1367
1367 1835
1835 777
777 672
672 189
189 1926
1926 1189
1189 1483
1483 396
396 99
99 1437
1437 130
130 1240
1240 277
277 1128
1128 1874
1874 199
199 1326
1326 1533
1533 373
373 1094
1094 1564
1564 619
619 1256
1256 1222
1222 792
792 951
951 1260
1260 1620
1620 1598
1598 880
880 588
588 533
533 1131
1131 464
464 1203
1203 393
393 349
349 717
717 1877
1877 1773
1773 308
308 1206
1206 271
271 299
299 363
363 1079
1079 659
659 779
779 127
127 106
106 1771
1771 1815
1815 1288
1288 466
466 92
92 421
421 1860
1860 328
328 843
843 1052
1052 1233
1233 703
703 804
804 514
514 1182
1182 1262
1262 729
729 165
165 550
550 1524
1524 1336
1336 956
956 666
666 1671
1671 1005
1005 459
459 279
279 375
375 427
427 1167
1167 496
496 1909
1909 1036
1036 969
969 61
61 625
625 1093
1093 1856
1856 502
502 602
602 1163
1163 1076
1076 1266
1266 1863
1863 613
613 1730
1730 124
124 1109
1109 1018
1018 269
269 1811
1811 1727
1727 1669
1669 1958
1958 690
690 1627
1627 687
687 1729
1729 957
957 786
786 293
293 1315
1315 1183
1183 966
966 510
510 802
802 204
204 887
887 1897
1897 30
30 364
364 822
822 1082
1082 912
912 986
986 1359
1359 1547
1547 1553
1553 1649
1649 1424
1424 1368
1368 1623
1623 79
79 691
691 1979
1979 1932
1932 289
289 1410
1410 1162
1162 1264
1264 689
689 1325
1325 778
778 1124
1124 516
516 1750
1750 937
937 1699
1699 1275
1275 1937
1937 1838
1838 437
437 1373
1373 1205
1205 1460
1460 1503
1503 1207
1207 355
355 830
830 726
726 1245
1245 564
564 1185
1185 1853
1853 733
733 1629
1629 1654
1654 228
228 68
68 1507
1507 556
556 250
250 1753
1753 1316
1316 1413
1413 148
148 1966
1966 721
721 1253
1253 1532
1532 1174
1174 592
592 1280
1280 848
848 1826
1826 467
467 1361
1361 1534
1534 276
276 1034
1034 194
194 1425
1425 992
992 864
864 1685
1685 422
422 975
975 69
69 984
984 795
795 819
819 807
807 115
115 505
505 1136
1136 651
651 63
63 1895
1895 231
231 965
965 344
344 1653
1653 1080
1080 808
808 154
154 1257
1257 418
418 122
122 1021
1021 1809
1809 1881
1881 1375
1375 1491
1491 720
720 258
258 1660
1660 1086
1086 1792
1792 1914
1914 1999
1999 1445
1445 1306
1306 1795
1795 1919
1919 902
902 294
294 452
452 1794
1794 1688
1688 1405
1405 1646
1646 1055
1055 1651
1651 1051
1051 765
765 449
449 1905
1905 1451
1451 532
532 824
824 1641
1641 1840
1840 1951
1951 1013
1013 436
436 727
727 949
949 417
417 1270
1270 74
74 1502
1502 1019
1019 1987
1987 570
570 378
378 1954
1954 1217
1217 361
361 791
791 814
814 1693
1693 1289
1289 1125
1125 89
89 488
488 685
685 761
761 667
667 684
684 678
678 660
660 563
563 1955
1955 1493
1493 829
829 1223
1223 1322
1322 1886
1886 634
634 408
408 1419
1419 844
844 942
942 1866
1866 438
438 77
77 330
330 1244
1244 1172
1172 1470
1470 18
18 80
80 508
508 543
543 852
852 1458
1458 1480
1480 167
167 1806
1806 522
522 458
458 147
147 1247
1247 1208
1208 272
272 1486
1486 953
953 226
226 996
996 1344
1344 448
448 741
741 141
141 435
435 1195
1195 415
415 36
36 1712
1712 1857
1857 150
150 104
104 1830
1830 810
810 1537
1537 1283
1283 1933
1933 1274
1274 1133
1133 179
179 1867
1867 905
905 1103
1103 1204
1204 131
131 78
78 828
828 1709
1709 1585
1585 1349
1349 425
425 800
800 160
160 1025
1025 718
718 332
332 838
838 1252
1252 389
389 578
578 1058
1058 1351
1351 1555
1555 639
639 353
353 1492
1492 669
669 907
907 1798
1798 45
45 1622
1622 4
4 1061
1061 878
878 1348
1348 998
998 1043
1043 430
430 947
947 405
405 62
62 303
303 1636
1636 927
927 534
534 1550
1550 297
297 1211
1211 1382
1382 1640
1640 641
641 395
395 531
531 485
485 274
274 1891
1891 629
629 114
114 1063
1063 360
360 1219
1219 1356
1356 1345
1345 1490
1490 1818
1818 108
108 1719
1719 1394
1394 144
144 1143
1143 25
25 1939
1939 1683
1683 1307
1307 577
577 9
9 60
60 489
489 1057
1057 1147
1147 1032
1032 882
882 503
503 834
834 569
569 1478
1478 440
440 1178
1178 935
935 476
476 309
309 528
528 481
481 111
111 1176
1176 1122
1122 1231
1231 898
898 306
306 847
847 500
500 1844
1844 1142
1142 924
924 81
81 407
407 1521
1521 1644
1644 381
381 738
738 1638
1638 764
764 914
914 1352
1352 1221
1221 571
571 38
38 870
870 826
826 1320
1320 1056
1056 959
959 1677
1677 1078
1078 1002
1002 842
842 1497
1497 688
688 1494
1494 1614
1614 397
397 419
419 388
388 1986
1986 1296
1296 82
82 1085
1085 1786
1786 1379
1379 1546
1546 304
304 1084
1084 1069
1069 20
20 526
526 664
664 1816
1816 1974
1974 1416
1416 1526
1526 1784
1784 96
96 1114
1114 143
143 391
391 1111
1111 201
201 849
849 1839
1839 1265
1265 926
926 1062
1062 1186
1186 803
803 674
674 673
673 1064
1064 338
338 994
994 280
280 1301
1301 247
247 1299
1299 722
722 1028
1028 1387
1387 680
680 1540
1540 316
316 656
656 686
686 698
698 1422
1422 716
716 1473
1473 1120
1120 1060
1060 255
255 1703
1703 1710
1710 1088
1088 799
799 983
983 1213
1213 93
93 1305
1305 1504
1504 103
103 1467
1467 1834
1834 1997
1997 1251
1251 794
794 1765
1765 596
596 702
702 372
372 811
811 343
343 497
497 1544
1544 840
840 896
896 1574
1574 1668
1668 1498
1498 734
734 1720
1720 110
110 990
990 67
67 1389
1389 218
218 113
113 584
584 835
835 23
23 281
281 889
889 414
414 948
948 163
163 1968
1968 617
617 648
648 608
608 1745
1745 6
6 1284
1284 465
465 1692
1692 229
229 1310
1310 1975
1975 867
867 695
695 1861
1861 35
35 1799
1799 1279
1279 936
936 428
428 1269
1269 1358
1358 893
893 1215
1215 1789
1789 492
492 284
284 324
324 785
785 97
97 537
537 1302
1302 737
737 1885
1885 334
334 1751
1751 768
768 1615
1615 705
705 1972
1972 423
423 1014
1014 1466
1466 1350
1350 1077
1077 644
644 235
235 484
484 208
208 1850
1850 863
863 1157
1157 1154
1154 616
616 1505
1505 16
16 172
172 1774
1774 1557
1557 460
460 750
750 1487
1487 1508
1508 386
386 1862
1862 1883
1883 403
403 1989
1989 29
29 1459
1459 1945
1945 220
220 1610
1610 1050
1050 780
780 1873
1873 1484
1484 1501
1501 134
134 589
589 1118
1118 1741
1741 409
409 1285
1285 51
51 1746
1746 1461
1461 995
995 980
980 575
575 1400
1400 1969
1969 1291
1291 1948
1948 1896
1896 1744
1744 1129
1129 1868
1868 1347
1347 1900
1900 963
963 455
455 342
342 1357
1357 109
109 587
587 1152
1152 661
661 517
517 95
95 968
968 1448
1448 1978
1978 1735
1735 583
583 1372
1372 345
345 547
547 31
31 637
637 238
238 1239
1239 1690
1690 606
606 1046
1046 916
916 952
952 1436
1436 1303
1303 450
450 1957
1957 846
846 249
249 1004
1004 1476
1476 323
323 1441
1441 19
19 1713
1713 433
433 426
426 906
906 446
446 1102
1102 603
603 1686
1686 1426
1426 1175
1175 681
681 1033
1033 1527
1527 1012
1012 630
630 535
535 1047
1047 483
483 934
934 536
536 1595
1595 159
159 40
40 833
833 1119
1119 1737
1737 1876
1876 136
136 1297
1297 1370
1370 988
988 100
100 1716
1716 1117
1117 624
624 744
744 188
188 1360
1360 1173
1173 70
70 1333
1333 1259
1259 245
245 142
142 1230
1230 1630
1630 370
370 1148
1148 1827
1827 161
161 432
432 248
248 1068
1068 75
75 1766
1766 679
679 561
561 123
123 1561
1561 1179
1179 978
978 1409
1409 1736
1736 748
748 972
972 555
555 1214
1214 1715
1715 1718
1718 1512
1512 210
210 1947
1947 268
268 1006
1006 1805
1805 979
979 312
312 314
314 903
903 1035
1035 390
390 1190
1190 1829
1829 1171
1171 1435
1435 1188
1188 894
894 1793
1793 1249
1249 244
244 1761
1761 301
301 1286
1286 1442
1442 1670
1670 1364
1364 1892
1892 525
525 256
256 861
861 857
857 288
288 1843
1843 494
494 1530
1530 1977
1977 551
551 622
622 542
542 1618
1618 1488
1488 1724
1724 133
133 263
263 793
793 614
614 273
273 1733
1733 1020
1020 86
86 1922
1922 958
958 839
839 64
64 1095
1095 1374
1374 1113
1113 15
15 1097
1097 91
91 709
709 554
554 753
753 1828
1828 1617
1617 1682
1682 384
384 545
545 1940
1940 675
675 1003
1003 877
877 461
461 128
128 1362
1362 1607
1607 164
164 520
520 696
696 781
781 1227
1227 374
374 728
728 197
197 98
98 237
237 1037
1037 264
264 1304
1304 1199
1199 1725
1725 325
325 1605
1605 1836
1836 1010
1010 385
385 1996
1996 1731
1731 1976
1976 1931
1931 797
797 1871
1871 885
885 233
233 1808
1808 1990
1990 1243
1243 1287
1287 1224
1224 265
265 1851
1851 1235
1235 1859
1859 933
933 989
989 1238
1238 402
402 740
740 491
491 985
985 955
955 463
463 317
317 1918
1918 398
398 1277
1277 509
509 1819
1819 1916
1916 1071
1071 787
787 1543
1543 1201
1201 1496
1496 909
909 653
653 856
856 932
932 915
915 1446
1446 712
712 1743
1743 1869
1869 1135
1135 1645
1645 472
472 713
713 1639
1639 387
387 453
453 1369
1369 1072
1072 169
169 1511
1511 892
892 595
595 1591
1591 598
598 1642
1642 1408
1408 121
121 1090
1090 1760
1760 444
444 883
883 1539
1539 632
632 478
478 1717
1717 1101
1101 1026
1026 1572
1572 562
562 1632
1632 1029
1029 1031
1031 1706
1706 1584
1584 1141
1141 1439
1439 1282
1282 1115
1115 736
736 1929
1929 1041
1041 170
170 1411
1411 213
213 1899
1899 876
876 1813
1813 991
991 568
568 1600
1600 962
962 171
171 1541
1541 1943
1943 801
801 1927
1927 1522
1522 382
382 474
474 1616
1616 462
462 1017
1017 216
216 538
538 482
482 1450
1450 1340
1340 442
442 447
447 1778
1778 1001
1001 1140
1140 56
56 1942
1942 1583
1583 1338
1338 135
135 454
454 1608
1608 1210
1210 1659
1659 590
590 1655
1655 754
754 585
585 1924
1924 1984
1984 1053
1053 601
601 33
33 1587
1587 1764
1764 1923
1923 1748
1748 1
