1 1156
1156 1420
1420 1406
1406 908
908 879
879 1104
1104 1581
1581 741
741 1000
1000 879
1000 664
664 1581
664 1104
664 879
664 597
597 1581
597 879
597 1000
1000 1104
1000 1581
741 879
1581 879
879 1250
1250 1359
1359 1459
1459 887
887 1359
887 1202
1202 1359
1202 1076
1076 1784
1784 30
30 1359
30 1250
30 1459
30 1202
1784 1359
1076 1359
1076 1250
1359 1088
1088 1330
1330 1548
1548 1679
1679 1361
1361 1030
1030 797
797 1055
1055 1679
797 766
766 253
253 1878
1878 766
1878 1679
1878 1623
1623 1679
1623 1030
1623 1592
1592 1679
1592 797
1592 1342
1342 1679
1342 1760
1760 766
766 606
606 1361
1679 108
108 1330
108 734
734 1330
734 1548
108 1359
108 480
480 479
479 1661
1661 1517
1517 65
65 492
492 1605
1605 479
1605 65
492 129
129 171
171 1533
1533 921
921 65
921 480
492 479
65 479
65 1661
65 480
480 1548
108 1548
1548 558
558 1514
1514 355
355 558
355 1690
1690 750
750 1514
750 558
750 1368
1368 355
1368 45
45 984
984 1869
1869 1514
1869 688
688 558
688 428
428 667
667 1690
667 45
428 1514
688 750
1690 1514
558 1330
1548 554
554 1359
1250 369
369 1406
1250 1420
879 1676
1676 1531
1531 1176
1176 204
204 101
101 502
502 1531
502 1789
1789 1669
1669 1676
1669 1954
1954 386
386 123
123 1531
123 1954
123 1676
386 28
28 1676
28 1669
28 502
1954 1789
1669 204
1789 1676
1789 1531
1789 1176
502 1676
101 1531
101 1676
1676 1228
1228 439
439 118
118 269
269 1017
1017 1854
1854 1619
1619 996
996 837
837 649
649 1854
649 1448
1448 1057
1057 1068
1068 81
81 1079
1079 880
880 996
880 81
880 1068
1079 1854
1079 1448
81 1057
81 996
81 1619
1057 837
1057 1619
1448 996
1448 1854
649 996
837 1619
1854 1160
1160 1228
1160 528
528 1228
528 884
884 269
884 1854
1160 742
742 269
742 1017
1017 118
1017 439
269 1228
1228 1156
908 1139
1139 975
975 976
976 1840
1840 1196
1196 570
570 1010
1010 1162
1162 1276
1276 976
1276 501
501 1306
1306 1369
1369 1840
1369 1010
1369 570
1306 976
501 145
145 970
970 1358
1358 287
287 1922
1922 1089
1089 215
215 670
670 240
240 1489
1489 1922
1489 287
1489 853
853 215
853 145
240 501
240 1358
670 237
237 1089
670 145
215 145
1089 501
1089 145
1922 501
287 970
1358 145
501 976
501 570
501 975
501 1010
1162 1840
975 1119
1119 657
657 1007
1007 1119
1007 710
710 908
1007 1468
1468 975
1468 276
276 908
276 1119
276 1007
276 975
276 657
1468 657
1007 975
1007 1139
1007 908
657 975
1119 908
975 908
908 827
827 156
156 1472
1472 827
1472 907
907 1657
1657 1842
1842 156
1842 13
13 1867
1867 1891
1891 158
158 763
763 1891
763 1842
158 1464
1464 1891
1464 1508
1508 13
1508 1891
1508 1867
1508 158
1464 1867
158 1842
1867 1842
1842 1472
907 901
901 401
401 783
783 901
783 1141
1141 264
264 746
746 1395
1395 665
665 389
389 280
280 1785
1785 665
1785 1101
1101 183
183 1768
1768 500
500 1101
1768 25
25 1108
1108 72
72 859
859 1469
1469 497
497 1599
1599 617
617 72
617 330
330 1639
1639 1482
1482 1941
1941 234
234 1407
1407 1639
1407 1490
1490 467
467 1639
1490 1984
1984 330
1984 1482
1984 234
1984 1293
1293 330
1293 1482
1293 1828
1828 1482
1490 330
1490 1482
330 72
330 859
330 1599
330 497
330 1469
617 859
617 497
617 1469
1599 72
1599 1469
1599 859
497 72
497 859
1469 72
72 538
538 1355
1355 183
538 420
420 795
795 434
434 538
434 183
538 1768
1101 264
1101 665
1101 746
1101 389
1101 280
1785 264
280 264
389 1395
665 1648
1648 823
823 1008
1008 1497
1497 1641
1641 1008
1641 1812
1812 1648
1812 333
333 499
499 1206
1206 805
805 273
273 1754
1754 1008
1754 333
1206 1497
1206 1648
499 982
982 1648
982 1641
499 1008
333 665
1641 665
1497 239
239 1960
1960 1348
1348 1332
1332 97
97 1260
1260 960
960 1611
1611 1332
1260 753
753 1497
1960 1115
1115 1129
1129 582
582 894
894 1370
1370 1609
1609 1566
1566 1115
1609 1722
1722 1261
1261 15
15 981
981 1609
15 532
532 789
789 1744
1744 1609
789 15
532 17
17 1062
1062 1609
17 1261
532 1609
1261 1609
1609 1960
1129 1960
1497 665
665 746
1395 264
264 627
627 358
358 491
491 1312
1312 1127
1127 586
586 1141
1127 524
524 1022
1022 943
943 295
295 165
165 1148
1148 47
47 1144
1144 1462
1462 911
911 1875
1875 1111
1111 1736
1736 1875
1736 1148
1736 165
1736 47
1111 295
1111 165
1111 911
1875 1144
911 1144
911 47
911 1148
1462 295
1462 165
1462 1148
47 165
295 160
160 285
285 524
285 943
285 247
247 524
247 228
228 524
228 943
228 295
228 285
247 160
160 524
295 524
295 1022
943 524
524 1485
1485 264
1485 1141
1485 1986
1986 491
1986 627
1127 1037
1037 254
254 985
985 1934
1934 378
378 452
452 1852
1852 905
905 340
340 1304
1304 571
571 1280
1280 340
1280 905
1280 435
435 135
135 1923
1923 340
1923 122
122 905
1923 1905
1905 571
135 1304
435 905
340 1480
1480 274
274 1598
1598 1453
1453 1596
1596 1862
1862 1453
1862 167
167 1596
167 1764
1764 1480
1764 1598
1764 1596
1764 1453
1862 1598
1862 340
1453 757
757 274
757 1598
757 1480
1453 340
1453 274
1598 340
274 340
905 676
676 376
376 732
732 1515
1515 1934
1515 452
732 1852
376 1934
905 1934
452 1900
1900 1934
1934 559
559 964
964 224
224 1934
224 1752
1752 398
398 1116
1116 1752
398 964
398 1474
1474 361
361 402
402 1934
402 224
1474 964
1474 1752
1474 1934
1474 559
398 1934
1752 1934
1752 964
1934 1292
1292 83
83 216
216 1701
1701 1318
1318 731
731 1809
1809 1525
1525 1214
1214 1804
1804 353
353 1525
353 802
802 458
458 806
806 265
265 595
595 334
334 1762
1762 265
1762 1804
334 1525
334 265
595 1950
1950 458
1950 1804
265 802
265 1804
802 1214
1525 1534
1534 1945
1945 1002
1002 180
180 583
583 1002
583 1956
1956 1524
1524 180
1524 920
920 1002
920 583
920 1956
1524 1002
1524 583
1956 1002
1002 115
115 1857
1857 903
903 1761
1761 936
936 1868
1868 1788
1788 547
547 903
547 1857
1788 1857
1868 1321
1321 1761
936 1857
936 21
21 1857
936 903
1761 115
1761 1825
1825 1458
1458 115
1458 1857
1458 1761
903 115
115 1012
1012 1023
1023 1534
1023 1525
1012 1534
1012 731
1012 1793
1793 731
1793 692
692 1809
692 377
377 731
377 1534
1793 115
1793 110
110 1953
1953 1945
110 115
110 1525
1793 1543
1543 1525
1543 1809
115 731
1002 1809
1525 731
731 83
731 1701
1318 83
1701 1292
216 1292
83 465
465 1934
83 985
985 1131
1131 1824
1824 1375
1375 1660
1660 1569
1569 1375
1569 909
909 1327
1327 1776
1776 1174
1174 405
405 426
426 624
624 1124
1124 426
1124 909
1124 994
994 1375
994 1569
624 405
624 1327
1174 1375
1174 1660
1375 1457
1457 1252
1252 243
243 230
230 1325
1325 1894
1894 979
979 1169
1169 1765
1765 308
308 504
504 128
128 1191
1191 1702
1702 919
919 1998
1998 230
1998 427
427 1526
1526 1325
1526 308
1526 70
70 983
983 1122
1122 1542
1542 711
711 983
711 689
689 866
866 1047
1047 983
1047 1122
1047 689
866 983
866 1122
866 1542
866 1053
1053 1571
1571 735
735 720
720 1994
1994 406
406 1038
1038 959
959 735
959 406
959 1571
959 540
540 720
540 1571
406 1571
1994 1053
1053 1449
1449 916
916 844
844 1053
844 689
916 1122
916 1542
1449 1783
1783 1484
1484 1240
1240 1886
1886 988
988 505
505 1783
505 1886
988 744
744 1886
988 1783
988 1449
1886 1449
1886 1783
1240 1783
1449 983
1449 866
1053 983
1122 267
267 1496
1496 1242
1242 194
194 289
289 267
289 1602
1602 1705
1705 648
648 1242
648 142
142 267
142 443
443 194
443 141
141 1242
141 267
443 1051
1051 648
289 1496
194 1496
267 1654
1654 1122
1654 352
352 1302
1302 86
86 267
86 1122
1302 1167
1167 1757
1757 476
476 833
833 536
536 1232
1232 1167
536 1110
1110 1851
1851 1302
1851 1757
1110 833
1110 476
536 1121
1121 833
833 1757
1302 1107
1107 752
752 1302
752 1075
1075 1122
1075 267
1107 267
1107 1181
1181 352
1181 189
189 1122
189 1107
189 352
1181 267
1181 619
619 1302
1107 1122
352 267
983 1894
983 61
61 322
322 275
275 810
810 1547
1547 1989
1989 621
621 519
519 461
461 1547
461 1906
1906 1662
1662 1547
1662 93
93 702
702 1906
93 473
473 621
519 1559
1559 1547
621 58
58 794
794 1719
1719 1741
1741 58
1719 834
834 131
131 182
182 997
997 58
997 834
997 621
182 725
725 794
725 621
725 284
284 182
182 621
131 621
131 794
1719 621
621 1547
1989 117
117 1547
1547 191
191 956
956 275
956 690
690 811
811 270
270 1963
1963 421
421 690
1963 61
270 275
270 191
690 61
956 983
275 168
168 293
293 322
983 128
979 111
111 553
553 1386
1386 774
774 714
714 342
342 232
232 1680
1680 774
1680 342
1680 705
705 1386
705 714
705 342
232 1386
232 1668
1668 714
1668 774
1668 1386
342 1386
1386 139
139 1831
1831 16
16 1860
1860 1643
1643 139
1643 292
292 1386
292 979
1643 979
16 1386
1831 111
139 111
1894 230
230 971
971 338
338 1813
1813 985
971 470
470 1426
1426 1877
1877 223
223 1170
1170 488
488 1307
1307 693
693 416
416 91
91 80
80 143
143 416
80 407
407 1170
80 1221
1221 91
1221 1170
91 488
416 1170
693 1170
693 488
1170 1687
1687 223
1687 1948
1948 223
1948 1170
223 1336
1336 356
356 1282
1282 223
1282 653
653 1645
1645 223
1645 1297
1297 1184
1184 703
703 1498
1498 1691
1691 680
680 366
366 1691
366 94
94 286
286 1231
1231 151
151 1969
1969 1645
151 1879
1879 94
1879 457
457 286
457 703
94 1645
94 680
94 1498
680 1184
1645 1216
1216 1336
1216 653
1282 1336
1282 1877
1282 470
356 223
223 1265
1265 972
972 223
972 1154
1154 495
495 223
495 1640
1640 704
704 1118
1118 1977
1977 1640
1118 629
629 972
629 1154
1118 223
1118 1640
1118 495
1118 972
1118 1265
704 1265
704 223
1640 223
495 1265
1154 223
223 470
1877 470
470 67
67 1976
1976 1046
1046 1334
1334 1777
1777 969
969 1549
1549 1296
1296 1491
1491 568
568 230
1252 819
819 475
475 1434
1434 551
551 1833
1833 220
220 255
255 1252
255 1434
220 475
1833 923
923 819
923 1735
1735 1434
923 1434
1833 475
1434 1252
985 876
876 1823
1823 1520
1520 1444
1444 1823
1520 1018
1018 1949
1949 1771
1771 800
800 1201
1201 561
561 1241
1241 1939
1939 1201
1939 1771
1939 1823
1241 29
29 1018
800 562
562 1018
562 1949
562 1814
1814 1987
1987 438
438 562
438 9
9 1981
1981 1995
1995 1727
1727 1814
1727 1349
1349 1839
1839 1987
1839 759
759 562
759 1349
759 1814
1839 1461
1461 1987
1461 658
658 438
1995 438
562 578
578 1805
1805 1018
578 1018
1823 254
1823 1478
1478 254
1478 574
574 1616
1616 638
638 440
440 306
306 1430
1430 1256
1256 1732
1732 1143
1143 778
778 1256
778 306
778 440
778 121
121 1732
121 1326
1326 638
1326 1256
1326 1430
1326 778
1326 306
1326 440
778 1430
778 1732
1143 1256
1143 440
1143 306
1732 638
1732 1430
1732 440
1430 440
1430 638
638 463
463 1901
1901 995
995 677
677 1301
1301 574
1301 985
1301 1901
677 638
677 463
995 254
995 19
19 1973
1973 114
114 888
888 928
928 642
642 114
642 573
573 1808
1808 1973
1808 19
1808 114
1808 888
573 1973
573 19
573 888
573 114
573 928
642 1973
642 19
928 19
928 1973
888 1973
888 19
114 19
19 638
19 1901
1901 985
463 876
463 574
1616 254
1616 1823
254 1331
1331 1141
1331 1255
1255 491
1037 491
491 1225
1225 43
43 713
713 548
548 1696
1696 1622
1622 1620
1620 209
209 140
140 1863
1863 856
856 209
856 1247
1247 98
98 1418
1418 209
1418 973
973 1593
1593 302
302 1863
302 209
973 1863
856 885
885 1707
1707 209
885 1686
1686 209
1686 1863
885 1863
209 1103
1103 460
460 209
460 1629
1629 747
747 650
650 222
222 1622
222 1483
1483 271
271 1509
1509 867
867 209
867 1483
867 1622
1509 1316
1316 687
687 177
177 1024
1024 1011
1011 1509
1011 1316
1011 1098
1098 1787
1787 1404
1404 640
640 531
531 687
1787 1137
1137 1025
1025 1011
1787 1316
1098 1509
1509 1622
1509 222
271 1622
1483 1628
1628 1622
1483 650
650 1629
747 209
460 1620
209 1622
1622 713
1622 1225
1622 482
482 1225
482 1656
1656 491
1656 281
281 815
815 403
403 526
526 197
197 1625
1625 1921
1921 403
1921 526
1921 1317
1317 526
1317 1656
1317 197
1317 281
1625 403
1625 1656
197 815
526 1656
526 1145
1145 403
1145 281
526 281
403 1656
815 1656
1656 1014
1014 1225
482 713
1696 1225
1696 491
713 1225
491 264
627 1070
1070 918
918 318
318 1151
1151 627
1151 918
1151 1093
1093 918
1151 1168
1168 1518
1518 1070
1168 1507
1507 1339
1339 610
610 918
610 1507
610 627
1339 1151
318 627
918 627
1141 1034
1034 26
26 820
820 614
614 517
517 603
603 89
89 1207
1207 1751
1751 603
1751 89
1751 26
1207 298
298 251
251 1944
1944 1594
1594 397
397 1512
1512 924
924 1750
1750 1944
1750 397
1750 1594
924 684
684 397
684 728
728 953
953 298
953 1512
953 1944
728 298
728 924
924 397
924 298
397 298
397 1944
397 251
1944 298
298 603
298 517
298 820
1207 1699
1699 1540
1540 895
895 1171
1171 1699
895 1724
1724 555
555 400
400 1015
1015 350
350 565
565 1925
1925 350
1925 555
565 1073
1073 1724
1073 1527
1527 878
878 1166
1166 350
1166 1582
1582 878
1582 1112
1112 33
33 1381
1381 1552
1552 1112
1552 1405
1405 33
1405 1112
1405 1582
1381 1112
33 1096
1096 1582
1582 350
1582 1847
1847 1724
1847 290
290 400
290 565
1582 895
1166 565
1527 565
565 555
895 1189
1189 812
812 1834
1834 77
77 1540
1834 1996
1996 1328
1328 1094
1094 1259
1259 1136
1136 1094
1259 1564
1564 1519
1519 1328
1519 813
813 124
124 176
176 840
840 1663
1663 793
793 202
202 210
210 161
161 659
659 1027
1027 202
1027 176
202 176
202 1935
1935 176
1935 1056
1056 793
793 176
1663 176
176 1267
1267 1996
124 1470
1470 813
124 1834
813 1834
813 925
925 1259
1564 1328
1259 1834
1834 968
968 310
310 331
331 1756
1756 666
666 310
666 1199
1199 1756
1199 1402
1402 1841
1841 1895
1895 1697
1697 716
716 310
716 1384
1384 666
1384 1895
1384 1697
1384 1402
1384 1841
1384 22
22 1756
22 331
22 716
22 1841
22 666
22 310
22 1199
716 1895
716 1841
1697 331
1697 1841
1895 310
1895 1402
1841 1756
1402 1756
1402 310
666 331
1756 310
310 926
926 1059
1059 991
991 812
1059 895
926 1540
926 812
812 1540
1699 516
516 1779
1779 213
213 900
900 530
530 316
316 1539
1539 1699
1539 102
102 516
102 1880
1880 388
388 861
861 1712
1712 1001
1001 1880
1001 1982
1982 1675
1675 1005
1005 1850
1850 1211
1211 948
948 1672
1672 1958
1958 278
278 468
468 809
809 871
871 1005
871 468
809 1672
809 780
780 1249
1249 1487
1487 187
187 749
749 669
669 809
669 278
749 948
749 278
749 780
1487 468
1249 1958
1249 278
780 1850
809 278
809 1958
278 560
560 1982
560 1005
560 1211
278 1637
1637 854
854 1399
1399 758
758 850
850 1423
1423 1273
1273 1920
1920 662
662 850
1920 1638
1638 1936
1936 1399
1638 1266
1266 1734
1734 1637
1734 1423
1273 1637
1399 1178
1178 278
854 278
278 948
1958 1211
948 1850
1850 1982
1982 726
726 1072
1072 454
454 1183
1183 149
149 1743
1743 1791
1791 941
941 149
941 848
848 185
185 1072
848 266
266 1791
266 724
724 1072
724 149
724 1020
1020 1072
1020 149
724 1743
266 1183
1791 1183
149 454
1072 442
442 71
71 1575
1575 755
755 442
755 1072
755 71
755 1667
1667 1072
1667 442
1667 71
1667 1575
1575 1072
1575 442
71 1072
1072 380
380 1880
380 829
829 761
761 1495
1495 632
632 1692
1692 1279
1279 1287
1287 166
166 523
523 1908
1908 1287
523 537
537 1192
1192 1135
1135 260
260 166
1135 50
50 396
396 1287
50 1692
50 1495
50 42
42 1631
1631 1495
1631 351
351 1287
351 1192
1631 166
42 1495
42 1279
1495 1930
1930 178
178 1021
1021 767
767 683
683 1558
1558 1042
1042 950
950 68
68 1309
1309 913
913 313
313 1588
1588 1658
1658 1822
1822 952
952 56
56 32
32 68
56 1681
1681 68
1681 1352
1352 733
733 1019
1019 913
1019 1309
1019 1968
1968 733
733 487
487 1681
487 68
1352 73
73 68
1681 952
1658 68
913 68
68 1257
1257 1504
1504 1511
1511 37
37 450
450 431
431 1257
1504 68
1504 950
1257 950
950 1495
950 679
679 1583
1583 829
1583 761
1558 525
525 1021
767 625
625 1114
1114 1978
1978 1269
1269 236
236 192
192 62
62 1269
62 199
199 1978
199 1269
199 236
199 192
199 1039
1039 1978
1039 75
75 192
75 1269
1039 192
1039 236
1039 1269
62 1978
192 1978
236 1978
1978 175
175 1729
1729 1114
1729 496
496 268
268 1769
1769 767
1769 1695
1695 496
1695 1009
1009 1095
1095 625
1095 1695
268 767
268 175
496 625
1729 625
175 173
173 1134
1134 893
893 175
893 455
455 347
347 229
229 1274
1274 173
1274 347
1274 1134
229 100
100 173
100 1061
1061 173
1061 175
1061 347
1061 455
100 1134
229 1134
455 1134
1114 767
767 829
178 36
36 1544
1544 694
694 1245
1245 567
567 1718
1718 1866
1866 567
1866 1587
1587 1041
1041 914
914 557
557 1718
914 1587
1041 1109
1109 1587
1109 567
1587 567
1587 1378
1378 567
1378 1718
1866 927
927 1451
1451 567
927 328
328 567
567 178
694 38
38 109
109 48
48 38
48 178
109 1035
1035 694
109 1544
38 1544
694 178
829 1792
1792 388
1792 1982
380 1712
380 388
1072 388
726 861
1880 1779
1880 530
1880 900
102 530
102 316
1539 1779
1539 516
1539 213
530 213
530 1779
530 516
900 1779
213 1699
1699 26
1699 89
1699 603
1699 614
1207 614
1207 26
89 26
89 820
603 1050
1050 312
312 1179
1179 1050
1179 1220
1220 136
136 1194
1194 312
1194 503
503 1835
1835 136
1835 1389
1389 1194
1389 743
743 1050
1389 1775
1775 136
1775 1835
1775 503
503 1220
503 1179
1194 1050
1194 1179
136 312
1220 312
1050 1488
1488 1477
1477 235
235 1105
1105 1251
1251 272
272 490
490 1708
1708 940
940 1229
1229 1230
1230 374
374 272
374 623
623 1721
1721 486
486 20
20 1229
20 490
486 1492
1492 336
336 272
336 940
336 490
336 44
44 1492
44 1419
1419 227
227 962
962 272
227 1708
227 623
44 486
1229 1226
1226 1091
1091 852
852 912
912 846
846 870
870 1391
1391 506
506 1048
1048 849
849 912
849 846
1048 870
1048 846
1048 1391
1048 146
146 912
146 870
146 1391
146 506
146 846
506 846
506 870
1391 846
1391 912
912 1229
852 1229
852 738
738 1229
738 481
481 1456
1456 1226
1456 1258
1258 481
481 1091
738 1091
1229 584
584 3
3 404
404 1126
1126 1955
1955 1614
1614 1475
1475 1955
1475 41
41 1704
1704 521
521 404
521 1614
1704 404
1704 1577
1577 404
1577 1955
1577 1475
1704 1126
41 1955
41 1614
41 1126
1614 404
1614 1126
1955 404
404 1876
1876 1618
1618 219
219 4
4 3
219 1578
1578 1229
1578 3
404 1229
3 1975
1975 1932
1932 1102
1102 584
1102 1229
272 603
1251 546
546 1477
1251 235
1105 1050
235 1463
1463 1477
1463 603
603 614
603 26
517 26
517 820
26 740
740 1034
740 783
26 1275
1275 1197
1197 1802
1802 1433
1433 696
696 8
8 1353
1353 226
226 889
889 1942
1942 226
1942 594
594 1499
1499 413
413 594
413 437
437 226
437 889
437 485
485 1187
1187 226
1187 1149
1149 1636
1636 1499
1149 485
1149 413
1187 594
413 1942
226 126
126 1551
1551 706
706 395
395 1965
1965 660
660 444
444 1505
1505 1180
1180 652
652 14
14 471
471 550
550 477
477 821
821 1052
1052 1069
1069 550
1069 471
1052 11
11 1180
11 477
1052 1243
1243 471
1052 550
471 1180
14 1180
1180 1882
1882 799
799 1505
799 660
799 1965
1882 1505
1882 706
1180 706
1505 706
444 1965
444 1130
1130 1409
1409 395
1409 706
1409 1716
1716 395
1130 660
706 1085
1085 8
1085 966
966 1855
1855 1896
1896 394
394 580
580 126
580 966
394 1085
394 1855
1855 706
1855 1353
1855 1551
966 1455
1455 217
217 630
630 1940
1940 830
830 1455
830 630
830 966
830 974
974 762
762 966
974 966
974 1836
1836 966
1836 1455
974 1455
974 1798
1798 830
1940 966
630 966
217 966
1085 1353
706 126
706 1353
706 8
706 226
126 8
126 1353
8 529
529 1993
1993 493
493 1610
1610 256
256 84
84 626
626 1310
1310 796
796 1398
1398 518
518 184
184 1993
184 84
518 845
845 256
1398 626
1398 1310
1310 493
1993 1275
1993 696
529 696
529 1794
1794 886
886 1635
1635 214
214 1215
1215 1927
1927 433
433 1215
433 947
947 132
132 1350
1350 886
132 214
132 1794
132 1635
947 263
263 1454
1454 88
88 605
605 1281
1281 170
170 605
170 263
1281 947
1281 263
1281 1454
605 263
605 1454
88 1117
1117 1128
1128 719
719 1608
1608 1747
1747 1710
1710 1856
1856 1117
1710 1608
1710 88
1710 719
1747 719
1747 1683
1683 719
1683 88
1683 939
939 88
1683 1128
719 1117
88 947
947 1635
947 1794
1927 214
1215 1635
1215 1557
1557 214
1557 1635
1557 886
214 1794
1635 1794
1794 1275
529 1275
529 1642
1642 8
1642 1275
1642 1197
8 644
644 1838
1838 965
965 96
96 46
46 1738
1738 1838
1738 695
695 96
695 644
695 8
96 1501
1501 1838
1501 644
1501 1589
1589 1338
1338 1899
1899 1501
1338 965
1338 1501
96 1838
1838 8
8 1197
1802 1740
1740 144
144 297
297 1205
1205 860
860 297
860 520
520 855
855 825
825 534
534 1438
1438 801
801 672
672 130
130 1928
1928 801
1928 855
1928 373
373 1590
1590 363
363 855
1590 130
1590 233
233 825
233 373
373 855
1928 825
130 801
672 855
855 1343
1343 1740
1343 297
1343 203
203 1694
1694 1929
1929 1347
1347 208
208 1343
208 1694
208 246
246 1347
246 1343
1347 581
581 1064
1064 1347
581 1929
1929 1343
1343 212
212 1740
212 10
10 297
10 1802
212 225
225 297
1343 1802
860 144
860 1159
1159 1205
1740 1313
1313 769
769 929
929 1746
1746 332
332 1580
1580 258
258 817
817 1709
1709 699
699 1067
1067 294
294 1720
1720 611
611 930
930 1209
1209 1720
1209 82
82 1800
1800 462
462 817
462 1709
1800 1720
1800 294
82 294
1209 1709
1720 798
798 1067
294 699
1067 1709
699 817
817 1626
1626 1746
1626 1400
1400 1795
1795 1555
1555 1502
1502 682
682 1219
1219 1988
1988 1382
1382 466
466 1502
466 1400
1382 1400
1382 221
221 1632
1632 1914
1914 682
1632 1887
1887 1400
1988 277
277 721
721 1795
1400 1494
1494 1746
1494 332
1400 1849
1849 258
1849 1580
1626 1580
258 1465
1465 1782
1782 332
1580 1746
1746 317
317 1246
1246 1746
1246 769
1246 63
63 317
63 1550
1550 769
1550 317
1550 1354
1354 1165
1165 1390
1390 1058
1058 1182
1182 931
931 59
59 1440
1440 1058
59 639
639 1213
1213 1390
59 1058
931 1165
1058 1165
1165 1425
1425 769
1425 317
1425 1354
1165 769
1354 769
317 769
769 1740
1313 1864
1864 1442
1442 1106
1106 771
771 1864
1106 1138
1138 1633
1633 1864
1633 1106
1633 1422
1422 1864
1422 120
120 1441
1441 654
654 539
539 977
977 838
838 1871
1871 1235
1235 977
1235 654
1235 1725
1725 838
1871 1063
1063 1428
1428 977
1428 577
577 120
577 1889
1889 120
577 1063
1428 1574
1574 963
963 838
1574 120
1063 838
120 1138
1138 686
686 1203
1203 1864
1203 1138
1203 1106
686 1864
1106 249
249 869
869 1442
249 1864
1106 1864
1864 1013
1013 1363
1363 792
792 1740
1013 569
569 1740
1740 1513
1513 1157
1157 1802
1802 1897
1897 1698
1698 636
636 892
892 902
902 1123
1123 816
816 892
816 902
816 910
910 1698
910 636
816 1536
1536 1152
1152 57
57 636
57 1536
1152 1123
1536 636
1536 902
902 1473
1473 1698
902 636
1698 1175
1175 836
836 1714
1714 727
727 1802
1714 419
419 509
509 362
362 1417
1417 549
549 323
323 252
252 261
261 681
681 1432
1432 69
69 1186
1186 1272
1272 1570
1570 261
1272 1952
1952 1322
1322 1435
1435 323
1435 1272
1322 323
1322 1186
1952 1432
1952 661
661 681
661 1186
323 392
392 1946
1946 1980
1980 1898
1898 1892
1892 1479
1479 392
1479 323
1892 832
832 717
717 1239
1239 1733
1733 1530
1530 393
393 717
393 1790
1790 1084
1084 1530
1084 717
1084 770
770 393
770 1790
770 832
770 1239
1084 1733
1790 1733
1790 1530
1790 1892
1530 717
1530 832
1733 1299
1299 1892
1299 717
1733 717
1239 832
1239 1892
1892 1980
1898 64
64 245
245 1268
1268 1980
1268 392
1268 1946
245 1898
245 323
64 1980
64 1500
1500 392
1898 392
1898 323
323 1584
1584 1417
1584 804
804 1417
804 1700
1700 1627
1627 207
207 602
602 906
906 1393
1393 1506
1506 1284
1284 1335
1335 1649
1649 1393
1284 448
448 1749
1749 1506
1284 1763
1763 1532
1532 1284
1532 1579
1579 602
602 1150
1150 1700
602 1815
1815 804
207 1417
1700 549
1417 1671
1671 509
1671 1212
1212 362
1212 509
1671 1385
1385 362
1385 722
722 1937
1937 1188
1188 1044
1044 641
641 618
618 1959
1959 835
835 808
808 1653
1653 785
785 1693
1693 112
112 206
206 299
299 990
990 1693
990 489
489 315
315 1295
1295 489
1295 1060
1060 489
1060 1693
1060 112
315 206
315 990
489 206
489 1693
990 112
206 1693
1693 1888
1888 1937
1888 1516
1516 1826
1826 897
897 722
835 618
722 27
27 868
868 1961
1961 1803
1803 200
200 671
671 410
410 864
864 1861
1861 1403
1403 1604
1604 541
541 722
1861 27
410 200
1961 27
722 419
1385 419
419 52
52 85
85 590
590 1682
1682 1193
1193 781
781 1651
1651 590
1651 150
150 1193
150 590
150 1612
1612 1346
1346 781
1612 590
1612 1193
1612 781
781 1682
1193 590
590 836
52 1319
1319 1802
419 836
1175 1897
1802 1717
1717 1918
1918 430
430 1951
1951 1521
1521 1873
1873 1341
1341 147
147 1521
147 1873
147 1263
1263 305
305 1429
1429 601
601 784
784 305
784 1644
1644 1234
1234 1652
1652 601
1652 1043
1043 958
958 1999
1999 674
674 1799
1799 305
1799 1739
1739 958
1999 1263
1999 1043
958 1652
958 305
1043 601
1234 1263
1234 1429
1429 1263
1263 449
449 1521
449 1873
449 881
881 1873
881 1341
881 1521
1263 1341
1263 1873
1521 303
303 1837
1837 715
715 1535
1535 307
307 152
152 372
372 1237
1237 643
643 1684
1684 343
343 643
343 172
172 707
707 1529
1529 765
765 1858
1858 576
576 1766
1766 634
634 1858
634 765
634 1401
1401 1233
1233 1858
1233 1766
1233 576
1401 765
1401 1766
634 576
1766 765
576 765
1858 1460
1460 379
379 514
514 1591
1591 1858
1591 1460
514 1858
379 1040
1040 1858
1040 1362
1362 409
409 1397
1397 190
190 1362
1397 1858
1362 1460
1040 1460
765 1315
1315 1529
1315 172
1315 707
765 49
49 172
49 1529
49 707
765 172
765 707
1529 172
172 544
544 1684
544 311
311 858
858 1603
1603 613
613 186
186 1563
1563 589
589 1158
1158 1843
1843 1947
1947 1380
1380 218
218 422
422 938
938 1004
1004 238
238 589
238 1161
1161 1563
1004 1947
422 2
2 357
357 390
390 422
390 2
357 422
422 1563
422 1947
422 589
1947 533
533 1563
533 1759
1759 1563
1759 589
1759 1158
533 589
1843 589
1563 1437
1437 685
685 542
542 1222
1222 360
360 651
651 1045
1045 360
1045 1915
1915 1568
1568 1911
1911 1071
1071 1447
1447 1286
1286 1903
1903 1071
1286 563
563 1911
563 651
563 807
807 1885
1885 360
1885 1911
807 1568
807 384
384 1915
384 592
592 651
1286 1911
1286 360
1071 1915
360 1437
360 186
1437 1177
1177 341
341 1621
1621 138
138 745
745 1049
1049 186
1049 341
745 186
138 186
1621 186
186 1237
186 1603
613 1237
613 172
311 1237
311 1684
172 1237
1237 1918
1237 303
1237 1802
152 303
307 1802
1535 1918
1837 1717
303 1717
1717 756
756 1650
1650 262
262 739
739 451
451 839
839 179
179 782
782 346
346 814
814 647
647 782
814 782
814 1832
1832 851
851 782
851 839
851 1870
1870 116
116 839
116 1881
1881 346
1881 851
116 179
1870 839
851 179
346 839
782 839
839 1080
1080 262
1080 527
527 818
818 451
818 1717
527 1715
1715 451
527 1285
1285 1650
1285 756
1080 451
451 1717
262 1717
1650 1717
1275 1034
26 1811
1811 1190
1190 1926
1926 484
484 608
608 1646
1646 1737
1737 484
1737 608
1737 87
87 23
23 365
365 510
510 1613
1613 729
729 1036
1036 575
575 729
1036 1379
1379 510
1379 365
1379 1613
1379 87
1036 1032
1032 729
1032 87
1032 1711
1711 87
1711 349
349 87
349 510
1711 23
1032 365
729 510
365 87
87 1333
1333 712
712 1360
1360 1685
1685 1452
1452 1227
1227 1217
1217 159
159 730
730 1357
1357 1227
1357 321
321 1503
1503 730
1503 1217
321 1227
321 730
321 153
153 1227
153 418
418 1227
418 1217
153 1410
1410 1874
1874 1227
1874 159
1874 1217
1410 159
153 1217
153 730
730 1217
730 1227
1227 1360
1227 24
24 1360
24 76
76 645
645 543
543 1360
543 1223
1223 1031
1031 751
751 24
751 1223
1031 1236
1236 1271
1271 1821
1821 1132
1132 1031
1132 445
445 1031
445 1821
445 1271
445 1236
1821 1031
1821 697
697 1031
697 1236
1271 1031
1031 543
645 354
354 1360
645 1227
76 1452
24 1685
1360 399
399 423
423 1546
1546 826
826 1829
1829 319
319 1865
1865 1572
1572 708
708 1755
1755 1173
1173 1424
1424 1865
1424 1829
1173 1916
1916 1865
1916 718
718 1173
718 1938
1938 1173
1938 1576
1576 1755
1938 1572
1938 1829
718 1755
1916 1829
1916 1755
1173 1872
1872 708
1872 1865
1173 1865
1755 1829
1829 1659
1659 1601
1601 877
877 1364
1364 1113
1113 429
429 877
1113 164
164 890
890 1466
1466 760
760 301
301 164
301 1909
1909 760
760 1083
1083 775
775 776
776 1364
776 164
1083 1466
1083 1113
760 164
760 877
164 877
877 1979
1979 1493
1493 600
600 663
663 1586
1586 1288
1288 663
1288 1919
1919 31
31 1493
31 593
593 1919
31 1367
1367 1493
1367 1586
1919 1493
1919 663
663 986
986 600
1493 934
934 1415
1415 1601
1415 877
1415 1659
1415 1493
934 1659
1979 1890
1890 1659
1890 35
35 1601
35 1979
1979 1659
1979 1601
1659 1224
1224 498
498 1546
498 587
587 169
169 498
587 1910
1910 1345
1345 1142
1142 1538
1538 620
620 1910
620 1142
1142 1340
1340 447
447 291
291 1624
1624 754
754 478
478 1730
1730 522
522 748
748 1624
522 291
522 1277
1277 954
954 133
133 425
425 723
723 133
723 1624
425 954
522 754
1730 754
1730 291
478 291
291 1383
1383 609
609 1153
1153 787
787 609
787 1340
1153 163
163 1340
163 609
163 1772
1772 447
163 1383
609 447
609 1340
1340 498
1910 498
498 961
961 423
1224 87
1224 1970
1970 1394
1394 250
250 622
622 1848
1848 250
1848 1394
1848 1597
1597 622
1597 250
1848 119
119 1394
119 1655
1655 250
250 1893
1893 635
635 1970
1893 1224
250 1224
1394 1224
1224 1371
1371 1078
1078 53
53 1726
1726 1436
1436 1917
1917 1264
1264 779
779 1917
1264 1371
1264 1726
1264 1300
1300 1371
1264 1078
1917 1371
1917 1726
1917 511
511 1726
1436 1078
1371 87
1659 1097
1097 1308
1308 1195
1195 874
874 370
370 6
6 1248
1248 113
113 370
113 874
113 60
60 1324
1324 1904
1904 932
932 66
66 1303
1303 282
282 709
709 66
709 5
5 1689
1689 1026
1026 5
1026 932
1026 777
777 5
777 66
777 415
415 1303
415 1904
777 709
777 1303
1689 1303
1689 932
709 1303
282 932
1904 51
51 1081
1081 874
51 6
51 874
51 1248
1904 874
1904 1016
1016 60
1904 615
615 1703
1703 1845
1845 1290
1290 946
946 786
786 1742
1742 344
344 631
631 107
107 1904
344 615
1742 1421
1421 615
1742 1904
1324 1133
1133 6
1324 1238
1238 60
60 1248
60 874
60 6
874 1099
1099 1522
1522 198
198 512
512 1553
1553 773
773 1522
773 512
773 241
241 508
508 1522
508 512
241 198
241 512
1553 1554
1554 1522
1554 512
512 1522
1522 1097
1522 598
598 874
598 1097
598 335
335 1195
598 1195
598 822
822 1723
1723 1308
822 1758
1758 1097
1758 1522
1099 1195
1195 1097
1097 1360
1659 1333
826 87
1546 1333
1546 87
1360 18
18 1820
1820 55
55 325
325 106
106 1560
1560 1360
106 1360
325 1360
325 18
325 1820
325 137
137 18
137 1120
1120 1360
1120 325
55 105
105 1634
1634 1748
1748 371
371 1971
1971 55
371 1291
1291 464
464 456
456 494
494 1957
1957 1933
1933 55
1933 456
1957 55
1957 1291
494 279
279 1634
279 105
279 1291
494 1748
456 1291
456 1748
55 18
87 1377
1377 604
604 1997
1997 1966
1966 1377
1966 579
579 1190
579 484
579 1926
1997 484
1377 391
391 54
54 368
368 572
572 1450
1450 54
1450 1377
1450 1753
1753 391
1753 572
1753 54
1450 368
1450 391
1450 1678
1678 1471
1471 391
1678 1377
1678 572
572 768
768 54
368 391
368 1377
391 205
205 842
842 391
842 1244
1244 391
1244 824
824 1146
1146 391
1146 842
824 1561
1561 1443
1443 1647
1647 1356
1356 1674
1674 957
957 414
414 1647
414 1476
1476 1356
1476 257
257 474
474 1674
474 1414
1414 1595
1595 1674
1414 1647
1414 1585
1585 1674
1585 1647
1476 1647
957 1647
1674 1647
1647 1320
1320 842
1320 1912
1912 1561
1443 842
1561 1801
1801 691
691 1427
1427 1713
1713 772
772 1806
1806 1561
1806 1185
1185 1481
1481 1387
1387 1523
1523 1427
1523 1801
1523 1561
1185 1713
1806 1427
772 1801
772 1561
1561 391
1377 1737
87 484
1646 1926
608 1926
1190 1670
1670 1972
1972 1767
1767 828
828 1283
1283 1827
1827 915
915 828
915 92
92 1964
1964 828
1964 1902
1902 828
1902 79
79 1033
1033 564
564 1745
1745 296
296 616
616 656
656 1673
1673 1033
1673 1706
1706 193
193 79
193 1774
1774 1884
1884 1366
1366 1931
1931 1817
1817 1774
1817 1810
1810 1774
1810 1931
1810 1773
1773 1884
1817 1366
1931 1567
1567 1366
1774 1706
1774 79
1774 1673
1774 259
259 564
259 616
259 193
259 79
193 1446
1446 596
596 616
596 656
596 157
157 1446
157 296
157 1033
157 79
596 79
1446 1706
1446 616
1446 1565
1565 564
1565 616
1565 296
193 564
616 79
1745 1033
79 1827
92 1617
1617 828
92 1283
1827 922
922 828
1827 828
828 453
453 1289
1289 1972
1289 828
1289 345
345 244
244 633
633 1665
1665 1028
1028 78
78 327
327 1254
1254 935
935 345
935 989
989 446
446 345
446 327
446 1028
446 1665
1254 633
78 345
1028 345
1028 244
345 1990
1990 1972
1990 828
1990 1767
345 1972
345 1767
453 1767
453 955
955 154
154 1556
1556 231
231 1924
1924 154
1924 181
181 1630
1630 955
1630 154
1630 155
155 944
944 231
181 412
412 955
181 955
1924 955
955 1731
1731 865
865 556
556 872
872 675
675 1210
1210 556
872 1140
1140 483
483 1006
1006 1125
1125 387
387 1077
1077 937
937 40
40 1077
40 103
103 937
103 459
459 1077
459 937
459 1125
459 387
103 387
937 387
937 1853
1853 1077
1125 556
1125 1606
1606 862
862 872
862 1125
1606 309
309 556
309 873
873 556
1606 872
1606 483
1140 556
556 1562
1562 904
904 1376
1376 1270
1270 955
1270 1731
1270 1562
1270 904
1270 556
1270 865
1376 955
1376 865
1376 1562
1376 556
1376 1731
904 556
904 865
904 955
904 1731
1562 865
1562 955
1562 1731
556 1731
556 955
865 1943
1943 1163
1163 591
591 1323
1323 1859
1859 382
382 612
612 865
382 673
673 591
673 515
515 1974
1974 737
737 195
195 1003
1003 424
424 1974
424 195
424 211
211 515
211 1412
1412 791
791 385
385 288
288 148
148 326
326 1607
1607 125
125 1147
1147 188
188 1411
1411 125
1411 1607
1411 1200
1200 1607
1200 1147
188 1218
1218 1967
1967 134
134 411
411 1147
134 1147
1967 1305
1305 188
1305 472
472 1218
472 1607
1305 1218
1218 125
1147 585
585 125
1607 1003
1607 195
148 385
288 424
385 515
791 737
1412 515
211 737
1003 992
992 195
515 591
1859 39
39 967
967 1943
967 865
39 865
1323 99
99 1431
1431 1486
1486 1413
1413 588
588 599
599 1413
588 1486
588 1323
588 896
896 1431
896 1413
896 1486
1486 1323
1431 1323
1323 865
1323 1943
591 1786
1786 865
865 955
955 1972
955 1767
1767 1688
1688 545
545 381
381 1090
1090 875
875 381
875 1688
875 329
329 1767
329 1688
1090 1767
381 1767
545 1600
1600 1767
1972 26
1972 1811
1972 1190
1972 1780
1780 1670
1780 1190
1670 1573
1573 1253
1253 1467
1467 1065
1065 1388
1388 898
898 1819
1819 831
831 1388
831 348
348 980
980 1208
1208 898
1208 432
432 1819
432 607
607 1388
432 993
993 1819
993 980
1208 1388
980 1819
980 1388
980 898
348 1819
1819 1388
1388 1164
1164 1029
1029 945
945 1298
1298 359
359 1262
1262 945
1262 324
324 1337
1337 1204
1204 646
646 552
552 701
701 945
701 883
883 1337
883 1439
1439 945
701 1204
701 1262
552 359
552 945
552 1337
945 1537
1537 320
320 1416
1416 978
978 469
469 1416
469 628
628 1537
628 978
469 945
469 1172
1172 945
1172 1537
1416 945
320 1294
1294 1537
1294 945
945 375
375 1388
375 1816
1816 1029
1816 1830
1830 1467
1830 1253
1830 945
375 1670
945 1164
945 1573
1029 1388
1029 1253
1029 1670
1164 1670
1253 104
104 1796
1796 999
999 1198
1198 1778
1778 1664
1664 999
1664 2000
2000 196
196 790
790 1198
790 2000
196 1796
196 1155
1155 1796
1155 1778
2000 668
668 1796
2000 1778
1664 1796
1198 283
283 408
408 1396
1396 1983
1983 1846
1846 803
803 951
951 949
949 1396
949 1198
951 1092
1092 678
678 408
678 951
678 1198
951 1198
951 1846
951 1983
951 1396
803 283
408 1198
1796 987
987 383
383 1392
1392 1728
1728 535
535 1528
1528 1253
1528 863
863 917
917 104
917 1253
917 1528
535 248
248 987
248 1253
535 1392
987 104
1190 127
127 1074
1074 1811
1074 26
26 783
26 655
655 1907
1907 901
1907 1141
655 907
655 783
26 401
1034 907
1141 907
907 1677
1677 827
156 1844
1844 1066
1066 337
337 1373
1373 156
1373 700
700 1992
1992 1100
1100 1066
1100 337
700 1086
1086 304
304 1066
304 1844
1086 156
700 337
700 156
700 1844
1373 1844
1066 156
156 1344
1344 1365
1365 637
637 242
242 1365
242 1818
1818 1365
1818 1372
1372 1365
1372 1807
1807 1781
1781 300
300 942
942 566
566 1666
1666 882
882 364
364 1666
364 300
364 566
882 788
788 942
788 1666
788 300
882 942
1666 942
300 162
162 513
513 1781
513 1991
1991 1781
1991 367
367 1278
1278 1781
1278 300
1278 1807
1278 513
367 1781
367 1807
513 1807
300 1807
1781 1985
1985 1545
1545 1510
1510 1374
1374 764
764 12
12 1329
1329 1374
12 1985
12 1781
12 1374
764 1985
764 1781
764 1510
1374 1082
1082 1781
1082 1545
1374 1985
1510 201
201 1985
201 1781
1807 1365
1807 242
1807 174
174 1372
174 857
857 90
90 1615
1615 847
847 998
998 34
34 1314
1314 174
1314 847
34 857
34 1615
998 90
90 174
174 242
174 1818
174 74
74 1365
74 1372
74 1818
74 1807
174 1365
1807 1818
1372 242
1372 637
1818 637
637 7
7 436
436 1445
1445 933
933 1087
1087 1797
1797 507
507 1087
507 1445
507 417
417 1770
1770 891
891 417
891 1087
417 1351
1351 7
1351 1797
507 7
1797 7
1797 1445
7 698
698 637
698 736
736 441
441 314
314 1541
1541 1962
1962 841
841 441
841 736
1962 7
1541 637
314 698
736 637
1365 339
339 1883
1883 156
1365 827
1344 1408
1408 843
843 1311
1311 899
899 95
95 1054
1054 1408
899 1408
1311 1344
843 1913
1913 1344
843 1344
1344 827
827 1406
1406 1
