1142 1165
1117 527
1106 1665
1127 786
335 1260
1113 1772
1131 1514
1948 1297
203 1783
1535 379
926 1370
1877 1538
194 1546
368 1582
1532 167
419 1868
930 9
709 1335
459 211
447 355
476 1596
812 1797
117 1156
401 67
420 1112
819 626
1015 1773
813 265
1436 420
1184 1472
1239 895
1969 1259
1125 510
1840 1222
886 982
1565 1196
1903 1626
269 712
666 538
1875 1560
1004 1341
821 1623
385 1554
686 1457
1323 1959
215 1345
484 1402
132 608
1086 1691
463 493
1561 32
1363 1349
252 1473
1852 1901
1129 1460
1407 981
777 1728
1675 670
1584 1927
1413 984
490 183
1510 1505
691 1033
637 546
1456 1026
1839 545
528 829
1052 93
1416 817
150 1193
430 380
576 141
191 475
1657 1980
1020 1937
1185 937
941 261
1664 383
508 1554
1429 1982
1347 467
1128 1827
1294 1893
522 1607
461 1326
1556 1912
878 722
992 947
186 602
231 1219
893 1083
492 316
622 1065
954 1484
1576 365
184 1798
644 223
1593 603
1333 699
631 936
683 208
1583 480
1192 918
912 1635
367 567
1697 1488
639 576
26 704
693 1286
1872 739
891 1104
1544 201
979 119
1585 233
140 896
34 1237
985 218
1789 50
79 492
204 321
1489 746
243 599
330 1537
1726 824
1966 67
408 1453
1869 1087
1609 1142
39 1616
986 1952
1151 491
1136 518
1984 679
126 154
1256 1668
563 1016
129 1300
874 445
1645 1933
1090 520
218 1202
1771 279
166 1354
527 1034
66 1703
1455 680
721 821
1751 487
1078 160
351 969
205 992
207 1257
1068 1467
133 1891
149 1199
1459 652
921 1478
1515 1240
1694 1543
1520 1673
567 1976
970 1725
1891 384
1623 1984
1644 967
1862 902
1094 1920
1200 605
105 542
151 17
1956 1758
398 1261
528 1410
571 992
334 217
162 272
256 1123
263 367
632 532
163 1989
1499 1735
11 231
308 1079
566 1034
141 300
932 1068
1943 1013
1991 954
1541 1020
632 402
1805 322
228 98
778 351
955 304
1488 1672
1194 581
572 177
1879 1718
1417 668
428 1007
1874 1009
1605 1108
663 1251
1221 1657
1947 442
1028 231
1832 1490
1410 540
1819 1164
613 1821
1683 1646
744 27
204 662
948 1141
68 1867
709 900
1018 771
1807 239
1453 887
984 248
37 1731
906 1128
575 367
1418 1085
1331 768
1670 945
995 1095
526 1709
1997 54
1536 512
1036 84
73 70
1287 1980
65 1041
1843 1874
234 1094
1124 562
444 1122
465 1027
797 697
238 86
514 1160
1421 1587
1029 1379
1034 1818
1294 1624
1066 559
1711 1168
634 1342
1227 550
1466 1994
631 1903
375 1552
1107 375
45 557
1481 635
782 463
1649 1411
346 880
179 431
1603 1144
1927 1373
147 1615
1613 1006
529 172
1022 1935
1278 328
658 623
1936 1748
370 1044
267 1012
803 1779
1153 317
345 159
991 570
533 1477
1953 227
1511 935
1460 455
247 962
1642 1007
617 1860
724 1284
1641 1111
928 1093
1203 881
876 1059
854 413
460 1970
1360 1988
1945 1357
1582 1804
1433 1471
1957 168
719 1721
607 1971
826 909
1572 1399
668 1956
1796 673
1772 494
288 109
656 1973
1951 1983
520 822
802 696
19 385
1033 984
880 572
892 1186
1432 1493
1603 6
1430 1530
1327 1240
377 949
756 33
785 1012
1296 846
118 496
1027 499
1290 600
375 1497
1400 911
652 1304
387 626
715 353
1991 131
1856 1813
15 1866
127 107
1815 623
1666 1437
588 1588
574 294
642 548
1557 541
1920 1850
1404 1074
954 765
107 299
373 1538
1501 8
4 1297
1371 1848
1422 504
1187 234
187 318
1857 982
1025 1479
146 1307
1570 1947
604 1052
168 528
1366 1819
487 730
1311 1312
1535 625
1330 447
1737 170
564 598
924 851
1052 1630
129 1170
1028 1491
819 705
280 1399
236 1238
464 1656
1488 36
1189 911
298 1262
664 1205
719 31
746 638
1310 1593
1291 1370
1054 349
1156 1701
77 1374
1167 1928
947 510
633 1107
944 750
1538 718
777 468
1643 546
893 1526
292 1266
603 854
756 195
203 33
44 1114
669 101
1670 298
1188 560
741 1911
540 275
155 68
281 1343
853 580
1493 899
887 1501
1786 1583
359 475
545 184
1 634
1937 1886
877 881
1146 42
636 1760
783 618
1059 834
442 968
748 1745
678 1581
102 1566
1703 726
256 1592
963 994
1423 1960
380 258
712 1121
1214 155
1744 1864
1815 1030
445 425
212 940
1764 336
1974 1208
68 582
842 1641
1776 1386
933 1446
996 1972
828 1060
1924 629
1910 1714
143 813
1114 205
721 1232
771 406
920 1715
769 682
1744 1675
1724 1570
964 1650
725 552
930 1790
1499 140
903 10
772 999
331 1450
1378 1276
1578 1660
1541 1893
894 826
111 1498
1041 1283
388 1487
1788 1129
945 1787
908 1115
1148 1929
248 511
1559 956
1161 1431
585 1946
1573 782
816 637
1983 1555
416 1837
1297 991
1878 1031
1030 665
1002 222
324 1799
1785 661
341 1784
1746 1806
155 1388
929 1343
1393 1776
113 619
168 1651
214 1144
1236 1152
890 1736
1949 203
1581 898
80 1444
787 952
962 1003
96 1866
1022 677
1872 276
8 1559
349 1859
5 1414
1271 465
1923 797
1833 1623
1887 1278
814 979
453 424
775 395
1337 272
1818 388
1500 876
133 1776
1301 1481
1600 707
840 301
1828 1312
810 1361
705 646
1446 362
831 1727
1375 250
1193 762
716 1991
6 1594
1739 1523
1308 683
65 112
1665 1527
818 426
838 538
249 1823
55 484
1686 297
1882 393
1667 736
827 578
958 1328
1262 1787
189 25
829 649
1155 1096
1123 941
1112 1071
344 697
1802 38
1806 1800
506 243
3 414
519 671
1759 1729
1560 889
1026 1469
1660 1873
1917 1844
85 1728
942 459
1584 1772
258 1778
430 830
1044 1163
907 108
1725 1694
306 1860
60 45
643 1591
498 37
76 390
1196 549
1516 1599
624 320
1300 1915
1317 847
1228 1876
46 1361
1418 991
1761 260
728 1780
868 537
446 73
1227 418
743 634
1571 1066
1149 762
244 719
158 737
858 114
1121 1428
806 314
1934 733
1152 1803
1437 63
1403 1233
101 428
1203 486
306 1876
436 1953
1992 561
1070 1785
597 976
1049 47
10 1372
1108 1619
870 205
402 1339
229 1257
1471 1106
548 1601
1583 256
1981 891
1993 699
935 1851
409 1838
1763 1591
373 118
66 1708
366 1294
1434 1154
1186 1327
1157 1420
685 769
769 1017
929 441
1612 1805
193 1318
970 568
317 888
337 1906
1000 558
185 1557
581 505
554 405
1116 1127
763 184
1059 1855
138 1298
998 498
43 1329
1165 1739
1915 1577
848 1282
1021 1862
1846 100
1219 632
770 846
876 529
1799 849
1183 1109
1569 1831
952 1800
1320 257
1376 371
1753 671
905 1590
1697 1105
974 1611
741 486
434 427
973 1686
389 472
1479 650
1812 1217
908 862
466 224
1824 394
1474 1936
928 331
1132 803
951 1885
1517 1645
257 1176
1639 1367
661 930
670 1111
1547 16
933 735
1981 1168
229 1516
119 1715
1370 812
332 1090
1760 1991
139 1133
83 1015
1056 53
1976 776
784 1518
1159 799
1522 1509
217 493
1088 551
253 924
1724 843
1064 1043
1699 1566
1192 709
485 417
1401 1969
305 173
881 1911
199 612
1747 1665
1622 223
1058 1697
1484 1369
917 1960
199 1424
425 125
98 1951
1529 1974
1691 88
680 1019
549 916
558 1499
1765 1954
923 1690
121 907
1730 398
1128 1108
847 1725
702 309
222 788
1096 700
213 262
1214 749
178 1195
1448 1529
662 849
245 973
42 499
41 1211
1974 1061
950 1559
1063 804
833 406
1642 641
671 396
562 1697
1471 1747
1908 728
610 1173
1654 34
463 155
1038 1060
1685 1906
1859 577
1378 1573
1992 1446
561 362
600 1770
100 1992
435 1684
223 1766
462 1958
20 615
1023 1891
1904 481
1058 1628
1209 78
1444 221
1379 479
263 1922
372 1175
1336 1172
130 1477
524 1752
734 1464
1655 1120
1317 1092
182 1028
1647 1571
1252 1513
350 1079
1248 1482
152 789
639 386
436 1677
124 688
177 734
727 1302
787 1075
1842 1576
1361 399
4 1085
1497 752
544 1239
724 1790
1555 1073
1773 490
409 1547
1787 457
1013 1400
981 838
334 799
1215 1729
540 377
927 92
309 1056
1666 1235
725 879
67 1454
1946 1050
922 1043
320 1320
1325 1932
491 252
89 1139
1337 1550
1794 1638
1481 554
398 1916
1983 872
937 1852
1534 1005
1738 1408
596 1032
11 1978
221 1905
1318 1070
1319 373
222 625
330 1942
1859 89
1867 710
1614 1417
1177 200
897 1904
1990 1965
871 1786
1244 1337
760 1849
428 687
111 1568
1847 1704
582 858
501 593
1315 247
1100 287
284 341
1399 52
602 1934
1079 677
104 1562
1637 811
360 1831
459 330
799 463
551 1406
448 1172
1567 270
766 1727
49 758
987 1705
523 1380
1050 798
626 1585
703 179
1722 1
1199 219
1305 768
1373 914
1274 164
1207 1092
372 1416
62 97
417 120
1277 117
1362 1264
1397 1540
965 1694
513 337
1321 386
594 1952
1076 303
312 946
1506 1064
1543 953
714 1495
452 1897
698 400
1940 361
1348 1595
1607 1832
1896 744
1707 152
1200 489
560 1140
3 891
1657 262
1635 1233
828 1579
620 1692
1763 1177
758 429
300 473
1655 230
1430 1157
560 419
838 1129
867 46
220 1979
417 1634
438 1156
628 370
302 1280
450 708
768 186
1053 1417
1237 372
1354 1494
195 347
531 249
1387 446
1556 65
1321 1356
415 1401
1062 1044
675 1863
1380 899
1325 1581
1478 1441
820 335
2000 1869
1065 512
811 1393
1595 1598
376 1707
207 1599
479 932
1141 893
78 1917
808 908
1863 585
583 889
413 515
1007 1317
857 855
407 1394
1695 754
1539 1375
792 1549
418 1071
1728 894
687 1207
701 1853
1350 913
571 534
855 1924
170 91
920 1248
440 1415
1029 599
86 1380
1701 51
1484 597
440 1843
139 1976
1960 1870
1950 608
1631 1057
558 934
758 391
1678 756
1941 1093
1892 1047
1414 1676
583 22
1490 667
798 119
80 1236
573 1719
318 2000
681 1035
1493 1820
1719 1005
1781 436
378 1264
465 42
477 882
1389 138
1637 570
1748 354
759 1930
342 1505
1886 1789
153 784
1902 931
259 685
378 236
231 1578
94 696
468 563
1271 1551
770 1183
285 1053
863 306
69 1132
525 423
1877 1765
29 1190
92 1865
539 1812
1031 1447
950 1101
960 23
1963 549
1295 124
1610 424
1332 176
165 1544
1424 502
1673 416
391 1627
347 922
1817 1063
25 959
860 1121
1242 1806
286 1627
1125 562
1676 281
277 722
748 1574
692 1588
744 1301
387 1119
837 745
469 1484
1694 1913
1260 1735
1185 1719
1939 1927
505 309
1097 1624
1158 960
1115 1854
1434 1654
1359 1786
775 1718
142 1731
291 1455
1884 856
1948 1418
1463 683
738 1241
390 1572
22 319
1826 172
673 1511
1222 783
810 1397
1133 1539
1747 332
800 1836
1305 1435
579 1987
1923 344
84 1351
426 659
1281 466
1658 743
599 225
1713 1400
700 433
1761 126
400 213
878 447
524 169
24 37
472 1338
1537 1458
182 11
569 431
1837 1571
377 693
1019 364
625 1203
1836 24
1738 282
1590 288
215 1311
698 17
1868 1816
757 1390
946 383
225 1486
591 1216
1492 1234
1954 1971
1324 1915
619 387
1743 237
1762 238
1119 690
918 777
936 1626
1184 282
340 1216
1755 1544
509 81
1723 50
1087 1231
1876 196
517 706
1998 1524
475 255
1206 1785
1381 1793
1398 356
1509 1414
1663 249
646 1957
1952 575
131 597
237 1778
826 369
990 1344
584 1600
1976 1375
473 269
1817 1962
759 1497
499 456
84 1782
1018 714
821 374
1207 1734
1972 1242
1135 1270
1046 91
49 1528
1249 1704
1154 34
822 254
1576 1274
1684 1849
1887 339
467 721
1668 1277
1547 483
1688 1318
251 94
969 268
545 794
1596 487
1045 509
1804 1744
940 150
1437 41
1209 174
427 192
1467 69
112 1436
608 230
1414 929
1426 359
1706 1603
1270 1721
90 1182
63 1740
1704 1779
1961 770
1911 304
218 1253
577 1434
1565 1963
835 1292
720 1981
1518 417
431 1170
1108 912
1095 1567
405 1081
1753 957
1864 670
16 767
610 614
488 1997
1865 75
23 1755
1621 874
1630 1711
1687 151
253 1288
1639 653
723 864
367 139
1313 1036
1600 727
1115 366
690 168
1796 410
329 305
1554 1894
1196 410
173 1015
1739 1046
35 1334
83 1220
1731 1896
427 148
1169 9
391 1366
14 360
1044 1197
368 461
1510 1130
1157 627
1691 1325
1591 345
875 1636
483 681
1280 526
109 1633
388 1002
1396 1138
665 1236
764 1126
1898 1584
1280 1882
630 1359
585 1881
233 586
510 99
750 298
555 775
856 1212
1417 1424
1605 1880
1094 572
859 1272
1960 1158
1628 36
1432 611
1968 382
1797 1746
832 1009
792 784
667 86
345 1496
843 1589
402 684
1520 973
1477 1328
809 392
166 1468
1663 1229
1314 38
1611 1459
1710 302
1402 1138
1912 1010
418 1348
1169 724
56 1479
817 1222
516 1835
1634 350
1669 1409
1269 20
1684 1293
369 1298
123 929
710 114
1774 1371
1226 1360
162 197
1774 592
1909 529
1696 931
1607 1580
384 56
1343 988
1599 840
16 681
173 1381
809 1565
1689 246
41 1740
136 365
1060 1705
564 1292
1182 750
1114 571
1216 692
1277 1089
1616 1272
1768 1512
779 1091
773 136
1055 688
960 1402
325 811
237 348
696 1535
314 24
548 1509
1033 1188
994 1017
234 1368
1946 979
423 759
421 160
969 1019
1629 808
807 180
716 1608
938 675
346 234
1362 1238
475 310
1889 1789
151 616
603 1611
511 507
1312 30
71 147
445 1674
584 190
537 480
1700 1271
213 1287
1419 1169
1410 649
1444 1564
973 1647
239 527
1929 401
389 635
1886 466
1702 1470
498 185
1032 1322
1296 1109
1944 1022
1083 940
517 1485
7 1184
1439 121
692 728
765 1369
660 1793
332 1258
708 870
1051 1618
914 40
1402 165
1762 523
47 573
12 1652
1482 745
906 841
1526 150
1928 1195
532 630
1592 941
679 797
181 265
412 110
1627 412
1906 990
144 794
1752 1625
1720 1390
1952 439
1601 1558
1560 319
455 1165
684 630
170 1523
1211 103
1940 89
728 271
1925 1602
541 27
1932 1683
1756 678
1916 132
1591 1856
1841 602
340 13
1692 715
1921 622
1382 1662
1086 678
171 875
1233 1953
1928 1331
1902 726
241 1140
1894 1333
832 921
1633 575
1266 1795
14 796
1472 1408
978 1457
858 1355
1617 1684
542 806
1539 790
1651 1410
1588 1780
1699 1872
1056 1770
1329 1712
1707 927
1827 1880
1074 1206
58 1085
19 508
1883 1802
1924 716
733 1047
1105 404
793 1830
1614 175
1077 289
288 986
1096 331
731 1649
907 253
1232 374
501 1914
1234 100
310 1941
1962 655
862 366
1383 1155
1485 277
1551 1027
1073 1938
489 1231
1979 613
507 29
1332 76
1076 181
343 675
1344 918
1873 684
1883 1314
1195 1811
901 1872
1349 961
57 1346
1208 226
8 1291
674 753
416 1647
289 193
1160 423
1554 192
638 651
227 1100
1778 825
311 461
287 1062
956 812
1698 810
123 281
588 1908
975 275
232 63
566 1810
1508 853
735 561
752 1186
224 801
679 326
1618 695
557 1733
1145 1644
1295 1051
1723 1252
543 1356
601 663
466 1723
59 514
1238 312
1668 1137
324 662
411 901
357 1011
431 536
478 349
1938 1141
1675 1641
400 1657
1459 515
240 702
1223 1357
232 1211
312 113
350 1022
989 40
1160 1107
268 364
216 579
251 802
383 819
1046 1425
1359 868
1680 293
1619 1781
258 1659
289 1688
1082 1354
1226 1898
1257 517
1574 43
1857 252
193 1404
796 1492
910 1265
966 1472
70 1118
685 1669
727 513
1171 1223
568 729
40 963
1726 1838
523 1432
1101 926
718 1008
1949 756
1989 1159
1180 1461
362 1053
1864 1018
363 180
1775 64
1165 170
1070 1198
297 1066
56 1834
1440 215
654 1116
1304 25
1810 94
1782 1847
872 444
1944 1985
414 1104
1338 1081
303 1088
45 1706
339 328
883 933
1889 1723
1098 691
740 658
437 1842
1846 883
565 1476
1581 985
745 329
1246 616
1931 1169
1625 1337
1509 1558
1899 1429
1788 1609
1822 544
1516 517
946 619
1661 435
1272 666
1149 1943
1822 1791
1628 1105
519 1150
1978 1491
729 1405
678 88
1135 719
93 609
1183 1465
1935 791
262 1569
46 1921
296 1822
1166 1032
167 832
1473 1524
1807 804
1188 241
319 631
559 401
551 398
586 1651
967 1743
1779 850
1810 1818
1040 647
1982 332
112 1010
1608 954
227 1449
922 1433
1977 555
1893 1575
559 890
1314 1480
279 1510
684 1309
1918 1854
1110 1995
957 808
1586 1260
1911 415
924 972
817 1936
1916 1950
601 869
1095 242
1339 1309
1140 511
1497 892
939 1305
1487 379
1118 738
279 1717
1474 1840
464 816
1759 51
1328 1620
689 1265
1825 1263
1913 953
393 967
779 1247
1780 747
175 199
550 1348
413 266
1674 257
1638 326
230 1086
903 1604
1341 1200
1452 1275
1023 1393
1622 220
1243 1143
1344 900
998 142
1947 116
1409 1191
686 1648
1865 1658
1150 1629
434 1894
503 1903
394 206
73 958
1495 780
1482 923
1816 296
1854 1097
1377 1561
504 13
1943 323
1234 933
1562 1248
1182 1670
967 380
439 263
296 161
668 612
1907 948
599 479
146 809
1710 1067
36 1741
1925 1542
1309 868
1205 96
859 1316
1664 113
1412 1749
1950 1120
432 1353
791 163
1766 215
1254 667
1120 278
1258 403
807 732
336 1706
198 229
820 1586
1586 1499
1061 90
1835 1184
473 860
1515 1161
1851 552
1036 454
1895 453
205 156
470 710
1705 1470
283 559
1988 1584
33 347
988 999
1137 117
1706 1733
1661 1617
653 207
1105 1672
483 1553
1360 1113
1821 1828
550 1112
457 55
864 636
1913 1405
742 733
899 506
1411 1949
1997 372
1435 1841
1838 16
1363 1182
1580 606
1181 1374
177 1503
1527 1090
1988 1939
641 1734
407 1054
1479 781
788 741
366 1541
1884 1593
695 1761
952 1147
1878 922
321 1919
1107 759
1503 531
745 1690
290 1707
691 1413
961 1262
1420 543
1677 227
172 848
1831 1846
175 668
1562 1606
1853 1857
351 1455
1650 232
731 1732
1156 1759
183 533
593 519
527 521
1550 315
1436 1227
186 1990
60 336
648 1115
27 1481
1847 1132
1996 656
348 500
1894 148
1374 1610
1631 919
1927 494
735 285
1416 1840
1006 1483
242 270
38 437
1265 997
191 1383
1067 1280
546 242
1489 353
1092 965
1221 1287
144 763
1450 1616
1367 207
1980 1569
1478 1057
1559 926
1127 645
1224 22
1803 77
1302 337
353 1771
454 1467
1464 531
677 791
532 1339
99 1488
1686 1837
706 277
949 1445
1858 354
1447 1429
1652 1678
521 251
163 1276
1144 1594
275 693
255 1941
790 910
1382 313
1587 737
1533 284
1624 1575
1602 674
1579 987
886 491
1174 1072
1777 1383
1361 1540
557 1225
451 1825
1236 1564
1528 429
902 176
1768 996
248 419
456 818
1693 860
1552 752
1010 1227
1786 654
1364 488
901 1545
531 1890
160 1014
1311 1996
1504 1964
1735 943
801 166
1729 146
1897 66
541 1250
1592 645
755 835
1021 356
1844 1555
1143 1171
1504 1377
1161 1653
587 1069
1500 1826
474 1286
1089 1215
453 1011
219 536
1993 1958
264 1839
516 966
1122 893
655 239
1608 469
616 1221
1579 1702
97 1398
313 411
556 225
842 1864
1398 1332
471 1293
797 1887
1212 676
626 646
125 216
882 1413
956 1768
1173 524
154 1398
179 129
746 1771
1717 1167
126 97
1418 1297
641 1317
1465 621
1540 622
1074 1070
651 1510
371 1078
1897 316
1861 1406
1512 1972
1502 183
598 1475
161 1791
1350 659
747 1480
680 1347
67 1098
1457 1224
437 87
1454 477
704 905
1397 1921
663 836
1784 1648
776 790
1470 1443
99 1628
1756 1325
895 1411
1617 760
1570 1589
1404 844
1462 1912
2000 1767
29 1822
1327 1431
1593 974
1392 1519
1292 1243
1422 340
1034 251
1596 596
481 986
382 295
823 107
934 140
355 672
1166 852
722 26
1178 1881
788 1203
850 1099
422 1967
495 1326
1829 1418
1411 1652
520 564
937 740
910 1968
1880 1619
326 1887
1587 1319
1483 267
602 742
304 1401
1175 817
640 1185
1777 310
1615 458
1667 850
362 175
299 1054
363 857
117 1215
1820 1029
1421 395
1413 241
1856 159
1289 875
1830 1666
381 245
1537 1532
1752 1244
971 566
164 1453
1767 1200
1522 5
948 1750
1190 544
1567 1961
472 554
508 427
441 772
1016 826
873 1947
1524 311
1714 1977
1638 1923
87 773
1349 1670
914 293
1531 1500
240 1323
257 216
35 841
300 1999
223 1440
1088 1861
677 1548
1364 1237
1632 492
174 1951
1003 381
688 82
1662 1699
444 948
1257 840
192 1993
671 1629
1009 1478
607 1556
1345 1828
1003 1346
1836 498
1353 1315
1220 660
1712 873
1143 1809
1213 228
808 648
1409 1975
925 1308
1339 1359
1206 1931
1615 210
1376 456
1261 1950
915 815
1146 1551
1204 906
93 720
134 1610
1027 371
805 452
1136 93
856 974
980 1687
92 1722
1355 1726
254 1475
994 1669
1379 556
1282 1835
181 1088
870 534
1462 112
396 648
1283 420
1933 1235
931 732
771 1495
448 839
1658 1
347 1064
497 633
815 1769
1967 1421
1712 1570
512 687
898 218
1218 1756
609 1981
1545 739
1553 1035
1170 1324
484 1396
1139 1154
1477 70
1099 253
206 571
1951 188
1238 1664
534 156
323 1713
230 278
1092 970
955 866
1340 290
1454 691
1071 346
1390 62
392 1196
1091 1597
1276 1159
40 685
1801 828
1871 1389
1955 624
923 1045
1620 738
958 1118
486 955
1442 1621
1910 1285
1513 1082
304 1710
403 564
1745 1428
636 716
1009 919
438 1089
1310 1212
1326 842
1749 795
1118 71
1017 1395
4 58
977 44
48 583
51 146
707 1685
194 1508
536 1324
148 1993
1210 1136
1714 422
250 1968
1456 1171
1868 29
1825 903
1457 1875
646 690
1648 1875
1708 1696
1024 118
1495 338
358 136
902 390
652 266
1715 1482
353 651
1722 75
1102 1449
1533 460
700 39
798 920
255 928
919 1441
480 1123
1491 1757
657 1310
984 560
212 1526
244 1392
482 1751
553 823
1225 214
338 1671
153 122
1472 1622
1793 490
781 318
172 834
1922 567
305 83
62 1021
17 1221
1734 970
1194 1323
135 1373
723 106
615 57
1276 334
1937 1889
1064 1031
1671 1247
672 905
713 1175
270 1296
717 1039
959 1537
30 1973
890 1966
433 1407
885 80
266 942
52 286
912 1403
1458 167
271 747
986 1633
1168 657
1659 1422
900 777
629 1608
669 1065
1518 1679
1480 1689
316 1902
1445 1049
1354 1076
1531 1909
482 764
1119 1585
848 516
1750 1083
1388 1867
614 1268
786 1336
629 1760
864 629
649 377
1130 178
1412 1006
61 169
322 1501
1801 1451
1601 5
1542 674
1899 1106
1435 1990
393 430
1999 269
1246 698
1677 1102
1742 1193
547 594
1330 26
149 569
594 109
1035 79
21 485
1129 1142
789 1722
1263 1604
1720 1761
885 1030
1011 476
1283 550
704 897
1145 526
1168 414
494 273
844 1206
1287 14
399 1536
612 1758
252 1998
1223 1910
167 1415
1195 1305
1275 1102
822 598
1690 305
1142 1385
995 637
5 123
361 1654
328 886
1941 1096
827 290
262 14
1372 643
1172 1692
544 731
1848 1038
846 1465
1452 1677
1231 244
1071 1187
760 471
405 284
404 993
589 1091
1498 1522
1683 1253
216 980
322 1110
896 1463
1669 682
1429 1747
767 805
512 1642
796 307
1485 878
327 1859
609 3
1290 53
1247 1597
968 717
1007 1207
1700 1146
1813 1814
549 673
642 1498
1606 923
386 171
621 522
1266 522
1626 95
200 345
1861 1916
461 1804
1014 913
580 240
25 330
874 1320
369 1226
178 939
1791 1732
1917 1983
737 1877
695 757
1389 369
1828 656
489 397
1816 1190
1431 145
1286 1049
64 1404
543 639
1754 1217
1315 1269
403 835
460 761
1316 838
1795 1607
732 723
1384 1055
423 1552
1662 102
1467 1782
336 1225
1811 186
889 503
1646 157
1428 1329
1939 135
656 501
190 727
1602 201
814 798
1640 633
670 714
1198 1931
1709 1743
889 631
243 556
909 1226
485 352
1176 579
1842 773
996 1797
122 485
355 897
863 1228
1148 890
1656 1643
77 1895
1569 796
988 1137
1443 906
898 1683
1065 428
1342 508
88 1932
1138 1755
1346 245
911 450
2 1922
1843 832
1779 1439
421 818
518 1630
1695 711
360 307
1440 1821
1594 1268
1719 1852
1900 1161
538 1460
381 1520
965 568
1563 785
1890 1229
487 1166
860 748
1304 942
1112 1595
1047 194
849 1613
813 303
1604 1763
991 325
697 701
210 1777
1529 1964
108 972
949 474
214 610
1220 1381
1612 408
1358 1687
1045 329
26 672
715 638
1791 1239
795 785
675 1178
1672 1741
1120 1218
1369 1504
794 1303
15 194
1222 1748
989 259
169 1625
570 1023
1245 1136
103 1909
1130 1928
945 1162
1291 956
538 1609
1284 204
106 636
1558 123
1783 195
1494 181
1208 32
1589 1201
188 872
261 620
605 1135
591 504
904 990
773 1274
1355 1267
479 1313
1248 837
441 1256
1341 1869
1390 126
1356 576
395 158
1800 1180
613 1345
424 476
1388 470
110 314
1150 957
196 1028
135 273
525 375
825 340
1306 530
1134 152
1331 1811
971 521
1004 2000
1303 1798
703 569
272 315
1292 254
1566 276
1264 18
1438 1883
529 1855
1764 557
659 1209
1299 1830
458 191
662 1919
412 542
310 1155
627 639
1619 1635
1270 1392
1019 467
1915 903
1632 66
1113 1939
1365 299
1406 1261
830 348
753 497
384 1025
535 1210
1117 566
1549 122
866 1710
219 129
266 189
1102 628
1031 1433
462 432
43 1724
815 1194
1038 987
238 1432
410 1306
647 606
1845 1515
1426 210
1358 1246
1099 209
1987 1246
1558 1676
1745 43
854 652
533 958
1491 1219
202 7
1431 111
42 1376
1381 1773
1439 736
844 1198
904 565
301 878
761 978
1171 1469
121 209
1743 830
1936 1858
1731 541
87 358
586 829
1216 588
188 1073
331 39
158 1024
1067 1145
913 228
24 142
321 1412
1048 1667
390 280
979 104
944 1349
861 1724
1606 837
640 1534
1630 609
624 445
940 1149
612 502
23 165
1674 125
1176 1716
1732 12
1318 844
1713 1808
502 343
1110 950
754 1269
365 408
836 291
1536 101
1486 1068
107 1394
887 1995
1384 124
140 1042
794 464
1551 1376
1782 1249
1383 255
1506 1878
1037 1940
879 553
959 211
1445 1131
404 535
224 1252
839 715
1346 1673
1109 621
1525 1461
682 1191
1465 1266
1104 1310
13 692
422 1879
1147 1525
452 1632
142 185
1401 302
1297 1637
1970 1784
189 459
1201 442
1808 1824
1040 1580
1693 712
1199 179
103 876
1172 1489
1240 145
780 589
623 665
297 283
999 1277
1367 229
492 1708
608 1218
1285 1977
825 591
943 896
1798 816
1494 813
97 1862
1604 643
1253 157
1316 666
1483 1382
1776 56
633 525
987 574
974 676
1174 1774
1001 1663
580 1194
12 1352
900 85
176 280
1962 1807
869 1251
1513 166
718 607
1641 1018
196 1978
1380 611
317 1163
86 1493
916 1511
975 949
143 1076
1571 1148
1323 505
260 154
1140 1868
1765 718
1265 1080
1386 1834
672 1904
337 565
1284 1799
379 788
52 391
497 514
888 1466
1769 240
414 1884
419 507
1162 917
1652 203
136 1612
1717 1130
335 558
114 409
277 1330
145 642
658 885
141 1636
1730 1861
938 1179
95 1063
1742 1149
184 464
1084 320
1322 1754
861 1712
1015 660
849 1412
1986 1082
197 1550
294 1443
1219 1660
147 1426
1709 430
503 1273
875 1999
941 786
217 1214
1640 1160
281 1256
1138 1925
1260 934
836 778
1469 1945
1867 858
1368 1888
1181 134
1492 883
939 1331
439 2
1063 655
575 2
1896 1250
176 28
618 64
1460 1385
1511 725
1442 1084
1464 1663
1829 4
1391 95
382 1080
682 1395
1441 198
947 1124
101 1642
1732 895
496 1954
824 845
1568 548
877 741
720 1711
729 1543
294 35
1841 1965
348 1659
667 523
1750 212
1132 1048
1703 1696
1945 1285
17 213
1881 1050
1205 15
992 1125
1848 828
1971 1462
245 416
1914 1150
1938 1122
833 338
563 1871
1228 182
270 1183
1678 1783
614 524
319 1273
208 545
1060 1702
579 1358
1368 1920
1057 1639
983 975
1870 484
109 439
1427 247
1307 392
739 1157
81 1220
1965 664
918 1335
722 355
1577 1263
115 1418
333 1341
847 965
1685 904
221 1152
267 313
397 1270
1496 867
37 1557
1682 1179
31 128
1197 1700
1676 441
1718 158
137 243
10 1763
1100 628
1279 449
1069 311
1787 1423
326 344
1302 904
34 1997
276 1430
1069 368
1934 664
429 286
1178 1255
1151 1857
1681 1530
1347 831
96 1546
54 1474
857 106
356 76
1800 1525
1375 1507
926 1768
1824 450
706 301
845 483
406 780
1789 224
1502 1387
927 789
1729 1279
1335 85
1830 1933
1769 581
1819 412
55 1158
1163 1700
1407 1316
852 1812
1197 1994
1858 783
521 1810
801 1986
272 1103
1785 1419
148 462
295 1955
13 1908
1037 577
1424 1956
1078 426
1673 1686
1365 407
411 1699
72 680
1649 12
1240 1653
1139 1364
1970 686
1975 1299
1770 236
1017 1409
1043 1899
1116 1592
1405 820
1821 1311
1320 425
443 190
1394 478
1869 489
905 547
1288 951
1972 787
693 1445
1618 1720
1101 1291
919 1639
1912 1041
687 641
1039 707
1957 586
616 400
1039 513
730 852
1523 60
114 1726
120 350
1866 915
1264 312
1005 740
1909 1826
246 1842
171 300
1061 226
978 48
1837 283
1250 389
115 1948
751 584
734 1001
1870 960
1672 535
1425 45
737 373
1636 1693
568 1913
1757 1873
879 127
1137 438
1967 775
997 295
1963 1796
358 1576
1650 1437
1835 1738
1233 1452
1926 1353
1954 1008
711 1427
1336 620
1834 781
733 1205
1996 30
1648 48
1190 161
673 1306
800 998
1530 543
478 1037
451 1577
1512 1746
357 482
1403 1781
707 1302
1736 1792
1656 995
1755 1602
1507 910
916 530
1053 199
774 1378
1794 679
515 1304
449 1307
1469 1910
1202 149
699 432
1977 1967
537 654
781 1004
552 823
1393 384
1781 1452
1008 1462
982 587
1020 1281
1253 74
1329 843
476 1751
1653 111
597 1448
365 164
293 259
1959 1290
53 378
935 879
630 871
1175 1474
502 938
1823 1295
225 932
54 1416
1091 1340
1300 451
1833 1794
1301 472
1931 661
767 1553
708 1114
91 60
1369 1448
1534 937
1681 1420
420 418
738 1615
850 121
1609 455
1179 1178
426 1014
226 1363
271 1314
1598 1094
963 769
27 389
274 555
659 1213
1574 861
1920 177
1804 842
394 708
648 1918
1303 1656
1850 1503
1458 440
761 686
1441 1367
78 98
1971 65
681 805
694 1342
1844 188
577 361
145 1568
1308 1839
1072 1801
1351 69
793 1645
1047 96
1237 713
1328 71
623 80
1914 1753
645 1336
1400 1824
699 1926
1415 1874
1085 325
116 751
655 1117
493 68
1081 341
1653 642
1258 755
187 650
1826 1059
1935 774
1548 163
115 4
154 1021
1109 292
1083 1742
1595 346
1625 197
1784 978
1055 1051
1523 1425
1263 1372
209 924
1155 928
1466 1271
76 28
1647 297
712 1745
824 1547
1254 1762
1735 1042
1855 202
981 1788
201 235
265 551
91 1764
7 966
772 1668
1243 1456
1282 7
1728 1016
621 865
1487 222
61 1244
1854 1294
1186 1515
265 1730
620 839
643 200
361 1139
1956 343
1309 871
1553 452
1476 709
572 1888
522 1040
1514 640
1406 132
1688 1074
249 595
1097 1541
1998 1069
1080 1955
1106 1982
1783 1506
1111 833
1385 1737
676 854
287 370
1564 1803
20 1003
352 308
1805 887
1420 1321
1395 1517
872 1907
1803 134
457 1870
1307 1963
751 443
1134 92
1893 1937
128 1549
867 1397
44 206
1 694
951 663
1545 1430
380 237
75 694
18 1664
711 1315
977 394
1746 787
713 54
32 1363
574 1204
424 482
352 120
598 1243
841 1605
1475 1143
1231 1135
120 1944
1241 458
592 1801
915 580
1217 592
1373 1680
649 975
28 1572
595 1295
38 246
753 1640
1408 644
307 1846
32 90
1888 734
282 644
1682 1863
635 405
717 1600
1754 1774
9 324
1572 1528
1908 1438
542 800
180 723
1286 1514
1385 1739
164 1805
506 1379
1419 930
1708 1902
354 1775
676 1459
1849 617
1006 1563
1050 104
58 991
1564 1905
1446 285
657 1884
635 1338
1610 357
1598 880
1929 1966
530 1851
302 1259
1387 130
1702 574
1298 1988
1179 585
1079 1985
1093 1450
1255 814
124 884
1396 23
931 363
840 1485
555 1879
895 1352
1191 793
1247 1230
273 989
328 1151
1273 1391
1654 1364
226 944
1814 810
1634 308
370 317
1958 1926
1885 836
106 1924
1839 144
309 600
284 1970
1969 1067
316 1703
1880 1403
1521 792
341 761
1249 803
1163 1466
299 478
63 1531
1932 985
701 1151
1272 981
1259 1145
338 779
1557 744
1873 532
1766 613
1721 1521
1242 952
1144 614
1792 477
936 1817
274 422
1715 1606
1450 433
425 1176
514 525
763 1303
873 1201
1480 437
834 1282
30 593
278 1691
185 1896
736 907
1705 294
1468 1494
209 108
1862 1332
364 766
757 260
605 397
1589 116
1285 274
569 219
650 333
1882 1644
1689 87
561 1614
1660 402
397 244
192 1333
1860 196
1370 996
1799 321
1131 47
1000 1586
1964 1208
102 901
1126 596
1659 825
1461 435
766 1232
1797 1242
1008 1556
128 153
647 1832
320 1674
1736 1454
1014 1213
75 743
834 202
1633 263
638 279
1002 1535
1427 20
982 1998
841 1827
1901 1815
1546 915
1141 212
587 1473
494 1680
880 1368
1975 793
1903 1391
556 1313
1030 1444
782 217
961 945
1408 220
1016 1389
1994 1146
689 382
122 1518
1599 706
661 724
1891 1386
976 1529
247 615
637 1567
1737 1046
1026 1809
953 335
1122 1750
499 421
1840 1858
1068 84
1162 1423
835 822
1566 1545
1563 267
298 1162
69 1249
664 1892
1164 806
1594 1173
1229 1384
1072 1371
490 446
410 916
1334 1128
627 1321
1851 553
1814 867
1324 1825
1514 573
690 233
1900 1327
604 518
1449 287
57 1520
1251 351
909 138
454 1351
966 1738
228 174
242 770
582 470
1340 376
985 1646
1268 61
1985 1935
843 873
1725 729
932 1036
1621 624
742 1892
269 748
1812 1174
79 1897
611 1820
1075 1180
1451 1579
1455 268
578 1134
1679 1634
505 1290
250 689
812 1512
349 1940
260 62
1267 409
449 1565
1813 1496
1447 1471
1274 1612
1005 1901
467 766
1959 1056
957 396
50 1513
108 1288
1849 863
1879 1421
1733 214
1281 1889
1930 1845
1961 1296
790 250
1926 711
1267 824
131 765
791 1378
1202 74
897 1590
1958 1695
356 902
1987 151
211 1942
590 1918
1696 807
1901 885
1644 1709
1811 1435
95 1807
894 1871
650 1004
780 779
1995 8
866 1969
1582 495
1505 1167
896 1308
1468 143
36 404
1741 993
1790 324
307 1234
282 1622
1561 1061
573 1534
1573 334
1507 689
1386 1025
762 1013
1519 128
1273 936
89 1434
526 393
816 1643
408 322
1733 6
921 1631
1716 1358
1153 1062
990 1192
273 914
1544 1542
1806 1075
972 601
747 1802
1319 1024
1548 774
1326 1675
160 1350
1546 853
1080 1442
871 537
283 1148
443 717
138 1360
615 381
1905 1181
1651 983
201 753
1701 1279
200 1813
1748 1077
1624 1020
74 1199
1268 1752
1438 271
339 1853
1881 814
1496 1698
913 1209
714 833
851 601
1832 1254
1093 700
374 1794
547 288
764 1596
1399 758
1461 760
976 1504
432 1695
845 767
500 591
376 578
1919 1613
1827 912
396 590
1575 1886
1275 1100
1255 1946
799 1214
6 610
1773 1502
385 434
1486 454
554 1533
235 59
110 800
942 959
342 1717
1986 1468
180 855
1525 1617
1772 135
1313 1486
837 1045
1585 1957
491 587
241 248
210 191
1874 1631
1013 1189
1048 1439
644 1979
343 1682
169 162
696 1487
1391 1817
116 968
1930 892
183 130
344 1278
157 149
749 1388
456 1078
1342 434
1627 105
862 1097
468 894
82 757
1964 1561
1611 413
578 927
851 1885
295 1621
1690 509
1490 238
534 947
1680 989
1711 3
1973 1914
1081 460
1241 1426
1010 1283
118 1765
726 363
74 703
264 208
1985 1548
113 819
726 807
259 994
1395 1975
1665 1258
1922 1133
127 1365
1757 632
486 415
765 976
1532 1843
301 1330
1792 1098
1133 776
1051 884
1333 462
513 1685
535 1245
1501 950
1679 352
964 1666
1552 1930
1530 627
1780 1883
553 1365
379 877
1170 451
1979 1440
1299 964
1942 440
622 1536
156 1124
882 1188
1261 1655
1517 1299
1066 1929
804 1117
1012 411
925 264
1371 1451
1345 1996
892 1900
477 1033
1025 187
455 1737
39 859
999 438
1795 647
997 1442
654 256
329 81
953 1000
1907 1938
749 582
1343 772
619 705
303 1730
1377 1974
285 1614
318 333
739 1681
829 983
1189 1808
1032 539
1366 105
1966 1792
280 49
1588 1438
546 1961
1057 198
159 1698
1250 1301
1741 1210
1845 1900
1269 962
125 1716
1718 1587
1288 851
518 720
1973 519
1646 1202
1259 1882
865 1795
1049 640
1793 1387
1578 1757
653 1516
1187 1598
1890 595
81 173
1990 1934
762 1713
823 407
811 133
1042 1463
1024 1877
1293 617
865 1040
500 1422
567 1539
386 1289
536 1300
1671 589
1104 856
1449 1153
311 495
660 1502
1740 1500
1875 583
1217 1072
447 704
105 1164
1863 1255
600 378
618 289
1568 1522
1751 1126
1043 1447
1519 792
51 449
1727 821
1698 46
1312 501
1919 1749
1374 453
1953 1275
1994 465
165 1925
471 863
1527 755
1041 1436
480 1116
1279 809
1075 1147
446 533
1989 1573
1473 368
1524 1582
429 1366
33 1506
1636 473
1767 1087
552 127
1888 1850
784 21
1758 1682
511 1816
495 1744
818 1350
934 943
1760 469
1866 1508
1933 1650
1356 1289
1425 1764
732 857
1357 1714
1906 1476
327 1037
983 540
21 1679
1521 153
1177 1856
576 171
496 607
1623 1638
855 864
1054 327
364 831
730 539
1262 917
805 79
539 1754
1838 845
275 474
611 137
470 1355
239 971
1995 1101
278 1756
90 944
740 1815
1498 1601
752 1845
1164 110
1073 444
1876 11
323 1189
1152 1181
1111 771
869 778
392 1796
1860 182
1853 886
98 1844
1965 742
972 951
291 72
606 1490
1210 604
85 563
325 1023
645 261
1012 1662
174 1917
1201 751
1855 848
1918 862
1802 1689
795 1483
1475 1026
1771 342
64 1688
469 131
59 1640
70 1620
47 1185
993 604
1211 1531
1077 1775
1508 815
1229 1823
1394 327
853 1769
1555 1907
1635 436
100 735
1256 988
702 1959
1955 1084
359 1777
743 19
565 1192
1798 995
1062 888
1090 403
72 969
1982 1527
1124 1058
383 387
1198 1419
1213 78
1322 1174
1289 141
1749 1563
415 866
839 1489
198 653
450 44
509 83
1245 1052
651 342
130 73
750 961
1428 861
50 801
401 1736
1191 1517
236 18
161 731
1085 1637
276 1681
666 1788
1616 1407
1415 921
1476 1344
778 72
776 1507
774 1989
1692 746
1278 701
374 1984
592 1848
1158 1396
1372 1177
911 977
1334 1605
1121 1574
1921 399
1885 869
1645 964
830 258
1898 1113
606 1762
22 503
515 189
1453 1110
286 1819
736 1099
1613 795
1778 500
1173 61
1984 1923
883 1992
1549 21
846 292
1338 1533
71 1241
48 1224
202 516
150 1943
1352 1949
1503 1001
1433 1899
1526 1742
1850 1464
768 1841
1204 35
1232 1833
1852 658
710 1267
562 99
1740 103
435 471
254 1456
891 657
493 749
292 865
1218 1086
1577 10
1212 603
94 388
1905 77
1357 274
1154 488
206 870
1298 1898
82 1720
980 1987
1820 506
831 721
1470 1204
1758 938
1042 925
1167 939
1001 1890
504 588
261 448
313 102
803 1667
474 1131
211 1458
596 730
593 1753
31 1521
9 1284
634 385
442 443
1082 143
1230 1340
1225 1603
246 358
1348 1187
293 963
290 1134
1443 1334
783 1077
1543 820
1871 909
157 703
1505 178
617 1228
899 137
755 520
208 763
395 1319
665 221
1892 15
1089 1759
1193 323
137 1029
1818 802
233 528
1775 193
570 133
1542 235
694 19
1352 1678
1948 58
1087 605
190 1039
1834 187
268 1347
917 457
705 1119
1293 306
1244 162
1978 1578
1528 52
881 955
1590 481
888 1197
1716 980
1084 874
1540 669
754 1427
1823 1055
1123 1127
1727 1833
1011 764
1224 1560
786 448
399 669
683 144
1809 1223
1351 1847
481 594
943 925
868 1583
1251 291
371 421
806 1836
804 971
507 296
433 859
1626 1962
1147 1661
152 1865
354 618
119 1562
590 908
1999 1693
28 49
314 998
1620 147
406 1671
595 1384
132 1655
134 1895
1235 41
1235 232
2 139
220 1766
789 1658
1405 1000
688 1618
18 946
458 359
235 497
1126 1166
488 713
1770 1362
308 1944
1704 1048
962 57
1575 1281
1580 1254
884 82
1968 997
1597 827
197 1103
1904 547
1721 1519
1643 1095
1423 55
1942 1532
1538 496
1035 1632
852 1322
88 898
1252 1986
1597 376
968 584
1831 1492
159 1814
1353 754
1629 590
1895 357
1239 1649
333 1767
1790 204
104 920
1448 1377
1215 1701
674 59
1098 882
1159 782
1809 1945
1230 827
993 1245
53 1362
1180 1661
1980 360
1687 698
802 1002
156 1125
1734 847
1306 935
625 877
1829 58
510 1058
1392 31
1808 977
628 1153
581 702
1335 468
1463 264
1451 1038
884 695
785 1382
589 1230
697 339
530 725
195 1878
