602 145
252 1095
1283 729
970 1613
542 1062
1370 57
629 1955
333 1814
178 517
1080 1254
1367 825
1369 1557
91 1152
116 187
1345 1549
1694 1613
147 1182
383 592
944 962
319 977
1072 138
891 558
1731 1297
1777 1977
713 1643
1554 1769
1869 1796
1694 1755
1714 635
1349 572
1595 385
1912 1488
1639 435
1512 21
660 674
192 196
927 1323
1417 1170
1805 1222
716 596
22 1621
1921 701
927 1465
577 1168
1828 1760
1949 315
480 833
1012 606
1862 1842
1051 1020
1608 1210
811 748
361 1683
734 155
1764 1488
849 1882
692 1424
82 1701
397 1825
1412 349
646 1482
496 487
1018 143
1921 908
1483 343
448 315
397 1503
1008 866
1979 761
1143 1849
1805 1571
337 1684
441 763
534 1366
1235 1358
1650 1418
135 1458
922 372
1398 634
1793 300
205 331
1559 1532
259 1776
1515 1981
1833 1665
1063 262
1295 1069
1389 1843
1637 1242
1083 1029
1911 412
1758 1633
319 707
1518 796
941 821
829 585
886 102
548 1529
768 1565
1647 1299
1652 308
31 1555
1423 605
733 263
1403 60
1005 506
1694 856
643 1023
1543 118
165 1562
544 1934
1738 1040
46 101
852 168
248 816
1398 923
657 180
1710 608
1264 1790
971 674
741 1844
726 1796
567 326
270 1081
1963 803
1635 13
1048 592
1667 785
1698 1939
1937 437
1349 278
1747 1845
443 531
1541 837
1281 625
474 1169
1041 1348
873 693
1746 765
1610 1545
186 1436
927 1822
1244 391
1702 1231
1479 272
383 836
420 196
1649 1488
218 301
1311 233
1952 406
783 510
443 1170
1127 765
303 1158
1232 1035
1874 1126
846 523
1703 1566
627 1409
1671 54
1389 1980
122 143
285 1034
863 1159
610 1601
1887 836
319 370
446 1424
348 1712
1370 800
970 789
894 1422
40 1365
1810 1894
1902 1769
213 136
658 2000
1485 410
722 749
873 1986
863 809
1559 418
1012 486
1519 836
921 487
337 1532
1193 1660
1364 1776
772 1625
488 707
1052 454
448 1885
733 148
1502 1305
289 2000
330 1142
34 723
1456 1600
287 717
1746 1106
203 1958
1751 1513
1036 1069
802 833
22 485
926 767
1704 1561
931 1473
1238 1513
1304 1060
544 1983
270 929
1929 796
1396 915
1411 589
1818 1088
1570 1060
941 770
1304 1477
122 1438
741 1834
726 1532
591 13
632 1596
1063 1106
1398 385
952 1997
1486 1724
46 1408
1652 704
420 452
438 1857
1949 1886
1285 77
424 906
1331 770
1749 580
1148 1958
1572 200
282 1098
53 1913
1105 810
743 444
30 1908
434 27
178 500
173 624
534 272
678 1530
448 628
773 39
892 1700
1078 543
1249 487
1658 1229
1635 1413
213 65
1148 1028
472 65
1155 1602
109 182
931 1056
937 154
1077 1460
1818 1660
1064 1095
801 150
273 1225
1639 1945
530 1118
578 414
827 1378
1186 730
1350 1059
1444 364
640 1351
219 744
1144 916
91 1781
325 916
1787 1029
397 331
417 564
1086 837
616 297
1342 1597
1273 50
248 1482
1203 176
497 1175
190 1935
668 1526
757 1697
1846 526
397 90
1115 1354
933 1532
926 118
1486 136
43 1876
927 1520
490 1792
316 615
1064 1884
874 1028
1357 1832
1304 125
450 866
5 481
891 923
894 816
1102 1220
904 1872
1817 1850
822 1842
942 950
135 628
149 1779
1311 461
1916 1760
165 143
248 1959
144 1513
1745 673
775 1955
515 1795
1279 62
434 1251
1518 572
470 605
1249 1935
1651 1006
576 1536
1012 1231
1807 233
1390 1724
1450 623
1952 615
840 412
532 1908
1196 708
1160 1401
265 1168
450 527
41 1976
1386 1508
25 228
1775 1565
633 1240
303 963
515 1042
159 1477
944 1811
1483 1533
106 145
1353 52
1742 1663
525 1892
1948 1056
922 1555
1846 609
1686 1571
1786 297
419 540
1402 90
1674 572
64 1711
1097 1373
490 1207
338 948
1450 1277
989 913
914 686
1325 1475
157 539
1386 1323
1808 1927
1391 760
1676 233
1367 709
536 1700
1897 1540
99 176
361 528
1163 1547
1758 879
458 483
1375 317
1269 649
257 326
443 166
1068 242
728 156
934 1393
225 1547
1369 906
405 1825
82 1250
721 1255
911 1454
1386 444
582 558
621 145
904 1632
203 589
1573 623
1693 906
1543 1991
1873 730
1010 744
1259 1059
1041 311
175 738
771 487
1592 1629
566 409
1008 1220
1679 581
945 262
1639 1785
1045 585
458 260
1397 667
1450 1953
1944 835
952 146
561 760
490 1408
1115 1641
6 1724
1057 1930
1102 656
1725 1307
1723 808
1833 1845
1071 1307
1190 1088
493 1219
1253 889
41 717
1363 114
424 1383
829 962
1377 343
991 1150
949 320
103 940
439 797
127 1194
1411 1791
1560 1771
403 1580
1841 1060
1036 62
1381 1636
383 1336
1232 543
1485 1995
501 1241
646 401
1698 1618
1805 1356
43 1865
332 1336
1607 1015
473 1537
43 1927
11 1624
677 216
1515 1482
1689 809
1072 1623
1057 1477
1515 1619
1471 1798
1397 791
1714 1855
6 1329
869 1046
15 1584
920 281
1916 1622
1243 1531
1559 471
1560 308
1045 1976
360 865
861 132
1471 708
1603 254
610 1442
1593 1128
1428 1145
850 1673
1694 1855
512 288
965 1752
1838 717
1996 917
875 98
1008 1923
1412 1675
1390 1158
282 693
157 1436
771 1009
359 835
383 37
910 1382
907 1748
1048 1733
874 1225
1091 1910
728 357
1719 1362
1310 1940
99 1106
1650 1545
524 609
1245 1535
338 1060
174 1792
493 1792
1528 1735
871 1302
766 1242
904 1009
1725 809
603 335
1550 1491
259 1598
1264 1182
480 9
1103 1597
1742 1348
741 369
1852 1934
469 881
1195 707
512 1009
1820 878
1499 1895
682 481
1608 587
671 1822
1559 187
952 136
1938 1081
569 1488
32 709
1431 1625
213 1187
1582 1050
559 650
1463 1580
829 1555
477 65
644 220
1440 1120
1846 1055
553 70
198 155
1226 1936
1008 184
225 1940
1688 1566
530 1405
1777 1975
149 1997
869 1675
553 1932
214 1426
1010 541
826 638
1649 1611
1608 328
455 38
442 1465
1846 1872
1363 1106
78 447
893 1185
1138 1477
20 832
1559 1724
103 1726
64 796
116 1290
312 1913
874 1633
621 1241
1058 615
971 1752
211 65
524 342
988 725
1696 1373
1703 510
875 549
1605 1497
1896 1154
258 1024
49 1030
420 1278
434 50
926 1221
208 123
1572 1142
1944 836
1123 1729
45 1316
425 1597
1343 71
1490 118
1392 596
1021 1221
295 1194
1698 818
1546 17
1649 1242
1864 38
499 1795
283 1520
1690 1530
493 1659
171 1128
733 1995
1133 1354
440 663
1808 1265
1051 608
660 564
1141 1706
1364 1066
1952 1824
1874 180
1343 414
1052 1568
631 913
1369 17
1911 1884
1300 1147
834 1404
192 1172
1973 1496
1078 432
386 1405
643 1625
1929 1378
1450 1692
728 1801
174 521
1064 311
1304 1526
1469 630
1262 93
898 1505
681 864
1793 101
1968 967
1690 1173
949 593
1689 1697
1179 1681
1363 1228
1764 707
1045 1491
1048 1932
1180 102
34 1009
1920 216
1499 746
1704 1387
988 1015
772 1788
488 1966
651 528
1217 1069
1761 1274
712 451
733 293
877 1209
1330 327
1647 1583
75 1529
1065 777
1087 1990
361 180
1608 1752
397 1393
1911 797
888 1061
685 1503
1746 1665
1304 1329
734 1098
1698 155
1676 507
1578 485
112 1609
1195 1108
1607 1663
1512 341
403 731
172 748
823 541
1738 795
790 1028
829 1482
1461 1221
478 2000
553 366
217 1845
584 1530
1677 86
1677 589
1303 1906
904 1323
1330 630
1528 238
442 1622
1582 1001
265 1580
159 87
1553 1537
1592 369
1937 1986
1933 527
588 1926
1239 23
918 510
515 1784
210 1145
1171 835
64 707
212 1734
1091 1617
1559 407
1235 242
1938 1600
1874 1212
267 1320
1476 145
84 335
678 1855
1094 1034
873 343
1616 1918
1217 763
1094 709
75 1975
1667 433
1099 430
186 1681
1873 317
1746 1769
1087 998
1757 696
360 1059
826 1157
489 1934
1350 533
775 1111
122 723
1528 1276
1874 143
42 1060
267 133
1072 1111
1301 1892
30 749
884 1930
45 797
1176 503
353 1170
1973 683
1854 98
1637 990
975 976
99 1514
557 1194
847 1769
1008 380
1045 1222
928 1567
470 487
743 1387
1039 796
446 1930
1887 1401
914 606
568 1513
775 1545
1342 1251
64 1170
524 197
212 1272
172 200
1864 808
1770 597
248 992
1083 202
1227 233
1777 300
942 444
1512 1460
668 1035
462 275
1403 1100
1304 1814
1889 785
283 510
1102 769
848 708
496 102
273 54
1165 154
163 1600
618 812
1680 62
211 408
325 1069
894 948
213 693
1793 155
426 1030
1805 1669
902 825
10 1443
873 1565
530 957
1608 281
188 13
894 1132
1350 492
1377 803
632 1252
256 606
1585 107
386 2000
1719 1438
1987 1872
1312 581
1317 1296
332 396
733 589
371 709
477 923
1676 461
5 209
24 729
1574 367
857 1779
1011 233
1063 615
1410 1062
1871 1124
1190 1760
981 1557
1676 923
721 2000
358 504
1569 608
1232 624
996 216
1218 689
177 765
1136 1798
1022 1432
1933 558
45 1577
82 1997
224 1796
1243 1991
1036 1318
1534 923
14 1407
893 1675
565 899
629 377
942 1726
716 1575
561 1910
490 1778
20 1932
1005 453
1616 1956
660 531
1114 1545
267 1788
420 1697
1569 176
1582 1640
64 700
1179 587
307 1020
1282 688
838 181
1295 703
1026 1772
1091 456
960 1663
1689 1819
1217 1505
186 329
1637 1277
1747 963
1090 1531
1546 197
225 1237
91 1254
416 690
1485 540
1902 492
1000 1926
1287 855
722 1135
1737 730
49 301
755 1795
103 929
1756 35
1245 1140
1411 1362
1293 708
1072 1802
1281 708
1485 261
1873 1832
1644 541
416 510
928 444
1616 1611
1275 1870
1005 1692
1853 1336
306 1596
1920 412
448 1872
106 406
1688 118
1718 1382
512 451
193 286
1369 1129
1705 449
426 1733
873 1860
76 1380
1907 1724
1345 182
522 1142
1928 413
1131 68
753 156
942 1867
82 380
211 679
694 523
524 1427
618 125
838 73
106 972
1749 1405
1607 313
1841 1095
1043 1460
72 1927
1725 667
1891 1030
1702 1706
891 1571
867 494
1468 83
841 982
1880 1561
960 1033
843 1681
1266 1096
547 209
766 680
1920 1222
1862 637
1377 611
1504 572
1485 1545
340 176
213 746
1720 1458
462 732
1125 1316
1582 1643
1891 1539
875 125
1756 1106
198 1465
14 583
838 1598
264 1625
914 980
472 1930
553 1700
309 693
877 261
1649 1212
1588 788
40 1728
360 804
1064 916
1471 308
644 808
598 164
76 1815
1569 913
669 148
954 661
728 222
316 1712
359 1168
386 335
325 1184
1948 1221
1852 1876
1840 730
1434 720
603 912
1083 687
716 763
1011 583
232 1272
411 1320
1391 1194
1941 327
1105 964
188 527
1546 3
960 519
632 1625
256 1351
416 1054
1873 1985
1292 1825
1742 1184
283 1003
838 482
1300 915
1474 688
1907 1906
561 1252
1335 899
100 1855
1572 1318
955 1830
1370 1432
1319 1124
1963 1145
19 748
970 300
1924 1333
1012 720
265 121
159 123
591 1124
1226 126
42 1532
945 1895
550 136
1853 1129
1141 1393
1746 968
736 94
1786 958
323 917
1363 1697
633 1733
1181 630
922 1633
24 430
157 1265
1420 465
49 391
1164 527
1874 506
1104 1182
1698 308
309 1229
392 1307
515 1788
45 1782
1559 1665
642 1347
1167 968
567 27
1257 1732
1044 533
374 143
76 1124
1688 209
535 335
161 1771
1264 1120
159 992
1719 709
901 1128
1137 1580
1912 1383
1859 254
1674 1954
827 228
1325 1557
340 509
1091 395
1676 1844
78 145
840 807
861 346
1306 1636
183 342
852 795
439 1348
1595 401
1335 280
841 1188
1153 1520
53 27
365 138
568 246
319 1015
1306 1681
1922 648
1181 1438
1321 318
1058 483
1862 500
741 672
1662 1711
822 1778
934 1162
762 262
1369 1769
303 1575
1610 637
871 170
1355 110
1560 1826
359 1241
1541 1393
1019 1779
1655 1774
434 804
1420 246
965 128
560 1368
1431 1458
178 1844
857 1362
960 1831
106 247
177 1336
226 1981
1289 1799
42 54
340 143
40 1073
548 206
1770 412
1357 1514
1915 816
1911 1154
805 1147
869 1791
306 1681
559 385
49 1653
1607 1532
1490 796
675 709
569 527
565 617
1385 95
695 1726
195 1069
1160 1641
1068 1054
245 1613
513 1111
400 1210
130 451
49 976
659 1158
1615 1347
1820 1020
1650 1547
1667 1752
884 558
871 740
1687 1927
283 957
1590 714
1041 351
1765 1073
801 765
867 1566
1005 1875
245 275
425 262
227 1548
450 1845
183 418
468 70
215 145
1607 938
78 836
607 527
1021 1142
450 39
753 1162
600 1788
1743 1496
1871 1277
678 686
332 1013
974 1128
530 1126
1742 1250
1563 700
397 980
1239 445
64 322
1979 328
255 320
1710 384
1521 123
1269 150
106 1108
1282 481
551 461
232 1157
224 818
1911 209
1463 774
429 759
842 98
1949 1565
374 1429
289 623
169 791
841 1458
622 1033
1190 409
1402 1909
829 396
669 836
25 1513
909 1771
1667 98
217 67
515 756
1504 1140
211 447
1453 987
1608 1772
568 832
1271 1219
942 414
1071 150
1266 1961
985 409
826 74
882 260
1907 1930
1390 956
1512 1194
1469 249
873 94
1541 992
1572 1302
1293 729
1102 1432
1447 1815
75 818
1371 729
1068 510
1310 543
212 1096
668 1814
1696 761
728 93
1948 1813
1680 1395
169 987
1238 189
1840 611
18 1766
1754 1006
1171 1620
477 810
91 1358
566 585
1868 494
1655 1135
721 929
1920 1393
1902 693
914 126
333 835
692 1448
1952 1482
42 1545
1195 1958
1397 94
1757 1796
1676 300
508 1111
1718 396
557 558
827 222
1969 723
1787 1116
1163 1934
859 1927
1397 1
290 956
1199 240
1854 1255
18 1172
479 155
470 655
221 1945
942 1508
1716 432
1911 899
1 1327
1327 1500
1500 301
301 700
700 628
628 187
187 275
275 689
689 1910
1910 1784
1784 16
16 1494
1494 1042
1042 263
263 625
625 1152
1152 575
575 1877
1877 423
423 220
220 204
204 110
110 1549
1549 787
787 1024
1024 1589
1589 674
674 329
329 1501
1501 1823
1823 1904
1904 814
814 452
452 506
506 930
930 134
134 1558
1558 13
13 1539
1539 586
586 350
350 1755
1755 2000
2000 315
315 148
148 1157
1157 679
679 297
297 1240
1240 533
533 1085
1085 1669
1669 555
555 150
150 1274
1274 1734
1734 1796
1796 302
302 1049
1049 1604
1604 1629
1629 156
156 465
465 176
176 1717
1717 1415
1415 475
475 895
895 1552
1552 1299
1299 1802
1802 1548
1548 554
554 1678
1678 1365
1365 686
686 939
939 260
260 796
796 1918
1918 327
327 1594
1594 1851
1851 638
638 785
785 1834
1834 837
837 437
437 356
356 1772
1772 156
1772 97
97 485
485 1875
1875 504
504 1184
1184 1095
1095 1673
1673 324
324 890
890 1636
1636 115
115 87
87 395
395 1438
1438 1564
1564 430
430 700
430 1354
1354 1549
1564 1302
1302 809
809 54
54 1763
1763 105
105 1783
1783 626
626 1174
1174 976
976 556
556 1659
1659 998
998 1261
1261 1154
1154 179
179 1581
1581 529
529 1356
1356 271
271 376
376 1341
1341 180
180 1159
1159 770
770 1958
1958 1329
1329 461
461 925
925 1338
1338 1268
1268 271
1268 1909
1909 484
484 806
806 1328
1328 1799
1799 1598
1598 156
1598 1700
1700 1134
1134 638
1134 308
308 1046
1046 961
961 962
962 1991
1991 482
482 1405
1405 580
580 1265
1265 305
305 1964
1964 1280
1280 1124
1124 1272
1272 1229
1229 725
725 1362
1362 1760
1760 1629
1760 423
1362 1096
1096 1878
1878 1320
1320 301
1320 1421
1421 1565
1565 1220
1220 1368
1368 1112
1112 407
407 1975
1975 1373
1373 810
810 624
624 769
769 1826
1826 1628
1628 1346
1346 1049
1346 1211
1211 1989
1989 184
184 727
727 1242
1242 136
136 887
887 1231
1231 154
154 38
38 341
341 1297
1297 1088
1088 1545
1545 1642
1642 58
58 322
322 1507
1507 1580
1580 1779
1779 906
906 858
858 202
202 1162
1162 194
194 1346
1162 60
60 518
518 943
943 1622
1622 1308
1308 377
377 1780
1780 807
807 1093
1093 1533
1533 240
240 7
7 1748
1748 125
125 1653
1653 737
737 366
366 864
864 196
196 1700
196 913
913 583
583 50
50 1712
1712 1930
1930 1149
1149 687
687 595
595 1980
1980 1205
1205 788
788 1956
1956 1932
1932 708
708 262
262 1624
1624 1066
1066 968
968 1070
1070 935
935 385
385 1960
1960 938
938 765
765 138
138 1905
1905 1095
1960 1347
1347 776
776 650
650 367
367 111
111 756
756 654
654 624
654 1849
1849 680
680 432
432 1508
1508 1122
1122 667
667 236
236 1421
1122 707
707 1809
1809 1060
1060 510
510 414
414 1613
1613 1562
1562 1665
1665 1496
1496 980
980 1791
1791 274
274 1711
1711 453
453 940
940 52
52 1106
1106 1481
1481 987
987 687
987 17
17 1663
1663 589
589 86
86 1855
1855 835
835 1029
1029 1586
1586 1995
1995 1566
1566 456
456 1825
1825 1437
1437 1276
1276 1360
1360 1034
1034 1329
1034 1850
1850 661
661 461
661 1525
1525 1024
1525 98
98 738
738 1117
1117 866
866 1591
1591 1730
1730 1424
1424 1892
1892 541
541 1020
1020 1596
1596 809
1596 1819
1819 94
94 720
720 300
300 899
899 1618
1618 1984
1984 1967
1967 1877
1967 1053
1053 1132
1132 447
447 612
612 435
435 1792
1792 1672
1672 464
464 740
740 1305
1305 483
483 1675
1675 540
540 1316
1316 1100
1100 1161
1161 1023
1023 1277
1277 1347
1277 769
1277 1565
1277 923
923 523
523 1697
1697 1926
1926 1530
1530 797
797 1834
797 800
800 1073
1073 1966
1966 1387
1387 982
982 65
65 481
481 992
992 200
200 527
527 311
311 281
281 485
311 541
992 412
412 1602
1602 1531
1531 1633
1633 1140
1140 1870
1870 1383
1383 1908
1908 1659
1383 1981
1981 1254
1254 246
246 1496
1254 581
581 222
222 1211
581 1997
1997 1961
1961 1683
1683 1776
1776 756
1683 1839
1839 546
546 117
117 1204
1204 1790
1790 1182
1182 1111
1111 1821
1821 1513
1513 191
191 1568
1568 714
714 1382
1382 1211
1382 278
278 1465
1465 1735
1735 1538
1538 784
784 277
277 1825
277 1766
1766 1685
1685 1835
1835 1059
1059 170
170 422
422 683
683 111
422 572
572 1060
572 703
703 1159
703 1460
1460 408
408 925
408 761
761 809
761 630
630 612
630 1432
1432 261
261 1399
1399 335
335 673
673 412
1399 1142
1142 1831
1831 509
509 1128
1128 86
1128 1724
1724 1958
1142 730
730 672
672 1492
1492 1946
1946 1548
1492 1856
1856 813
813 789
789 1441
1441 54
1856 1510
1510 357
357 1213
1213 1454
1454 272
272 1617
1617 1681
1681 313
313 1830
1830 1056
1056 1708
1708 1522
1522 1348
1348 979
979 1060
979 808
808 889
889 1467
1467 95
95 956
956 943
95 418
418 1788
1788 908
908 656
656 1016
1016 507
507 1739
1739 1336
1336 1007
1007 835
95 1558
1467 449
449 1189
1189 798
798 649
649 830
830 1517
1517 905
905 437
905 351
351 609
609 48
48 1659
649 1272
1189 1621
1621 1990
1990 815
815 1700
815 1681
815 77
77 1294
1294 517
517 286
286 90
90 1771
1771 1656
1656 570
570 35
35 1260
1260 140
140 636
636 619
619 1771
636 145
145 1255
1255 176
1255 1294
1771 1248
1248 431
431 655
655 1628
431 879
879 1422
1422 1006
1006 972
972 1547
1547 247
247 1448
1448 1995
1448 1790
1547 1564
1547 1792
1006 1307
1307 1172
1172 833
833 1942
1942 1529
1529 1430
1430 1470
1470 1561
1561 343
343 1830
1561 740
1470 1867
1867 1893
1893 719
719 1366
1366 1990
719 1493
1493 730
1493 1003
1003 1054
1054 57
57 1774
1774 1462
1462 1728
1728 1953
1953 346
346 1173
1173 166
166 1270
1270 1473
1473 1020
1270 409
409 1910
409 1122
1270 1822
1822 481
1822 585
585 1544
1544 1726
1726 260
1544 1154
166 1520
1520 503
503 1732
1732 1221
1221 27
27 1571
1571 1209
1209 1848
1848 357
1848 1800
1800 457
457 1577
1577 104
104 663
663 399
399 982
663 70
70 1170
1170 1084
1084 731
731 589
731 1060
1084 774
774 471
471 391
391 1675
471 749
749 1555
1555 242
242 1409
1409 181
181 1845
1845 269
269 984
984 1497
1497 1950
1950 390
390 1378
1378 1623
1623 89
89 977
977 37
37 606
606 102
102 1145
1145 239
239 454
454 967
967 380
380 94
380 855
855 1557
1557 1804
1804 1393
1393 1495
1495 23
23 1584
1584 1506
1506 706
706 29
29 1865
1865 531
531 1362
1865 308
29 505
505 229
229 1291
1291 1567
1567 803
803 1426
1426 549
549 760
760 533
549 1625
1625 1597
1597 1600
1600 1669
1625 1035
1035 1023
549 785
1567 845
845 1940
1940 748
748 1351
1351 293
293 780
780 266
266 1424
293 1482
1482 714
1482 1815
1815 635
635 1611
1611 326
326 1030
1030 1819
1611 1034
1611 1974
1974 1333
1333 851
851 759
759 1539
759 592
592 1032
1032 1884
1884 1358
1358 187
1884 1842
1842 1225
1225 1537
1537 1962
1962 1116
1116 732
732 932
932 968
1116 1993
1993 373
373 379
379 164
164 919
919 1813
1813 1965
1965 1414
1414 648
648 21
21 1722
1722 1406
1406 372
372 1236
1236 604
604 96
96 1728
604 719
1236 1004
1004 413
413 1632
1632 1551
1551 73
73 124
124 807
1551 483
1632 1972
1972 1978
1978 599
599 1782
1782 516
516 1672
516 1514
1514 68
68 929
929 872
872 1646
1646 369
369 1752
1752 1062
1062 916
916 1056
369 1401
1401 77
1401 1557
1401 746
746 593
593 1449
1449 1886
1886 587
587 1621
746 634
634 1446
1446 696
696 328
328 1729
1729 1986
1986 1826
328 1622
328 1451
1451 1407
1407 1276
1646 1958
929 1362
1514 638
1972 401
401 77
1972 1348
372 1803
1803 1657
1657 1839
648 575
1537 1732
1842 349
349 13
1032 1145
592 1542
1542 1681
1542 120
120 812
812 1252
1252 1001
1001 1329
1001 521
521 791
791 698
698 1533
698 302
120 709
709 1158
1158 1175
1175 461
1158 79
79 1060
709 818
818 1629
709 1913
1913 1263
1263 1013
1013 693
693 1832
1832 804
804 13
693 835
1013 1814
1814 1935
1935 964
964 445
445 824
824 182
182 637
637 378
378 832
832 451
451 782
782 774
637 1545
182 216
216 61
61 1429
1429 1629
216 917
917 1120
1120 396
396 137
137 899
824 433
433 132
132 56
56 1248
56 1049
824 1989
964 953
953 126
126 966
966 663
126 777
777 1480
1480 1498
1498 1286
1286 844
844 1329
1286 597
597 1059
597 564
564 1843
1843 1488
1488 623
623 1733
1733 238
238 83
83 299
299 1620
1620 1242
83 611
611 948
948 1954
1954 1888
1888 1798
1798 1296
1296 1049
1296 906
611 1706
1706 539
539 1631
1631 71
71 915
915 1
1631 1034
1631 703
539 1540
1540 605
605 1147
1147 254
254 1811
1811 128
128 272
605 1495
1706 924
924 1773
1773 1442
1442 121
121 476
476 1492
924 1495
1706 444
444 1250
1250 1436
1436 304
304 1785
1785 1387
1785 615
615 235
235 1046
615 963
963 1983
1983 1648
1648 1627
1627 1630
1630 234
234 1802
1983 1851
1436 67
67 118
118 133
133 3
3 883
883 408
883 1596
118 1771
67 1932
67 737
1250 717
717 492
492 1380
1380 487
487 836
836 1222
1222 821
821 947
947 1188
1188 123
123 143
143 1953
123 1142
123 487
947 427
427 744
744 1643
1643 958
958 596
596 1769
1769 1150
1150 1098
1098 1294
1098 1906
1906 269
1906 1900
1900 228
228 1583
1583 1618
1583 308
228 1278
1278 1168
1168 1096
1168 987
1278 1009
1009 729
729 1028
1028 1935
729 435
729 1157
1009 1040
1040 1971
1971 1717
1971 1172
1971 1923
1923 1408
1408 583
1040 1735
1009 1795
1795 320
320 617
617 1684
1684 180
320 1159
228 1939
1939 201
201 414
1939 558
558 1855
558 119
119 1617
119 1340
1340 1368
119 1416
1416 614
614 1219
1219 1151
1151 1778
1778 1899
1899 1500
1151 558
1416 209
209 1505
1505 1084
209 723
723 110
723 1619
1619 526
526 1736
1736 1992
1992 1329
1992 249
249 519
519 973
973 415
415 740
519 1170
1992 1049
526 1860
1860 87
526 946
946 1789
1789 1395
1395 1876
1876 1532
1532 481
1876 1096
1876 690
690 1715
1715 197
197 1404
1404 206
206 366
206 107
107 1806
1806 364
364 1290
1290 1640
1640 466
466 280
280 767
767 1121
1121 101
101 763
763 1575
1575 1050
1050 1700
1050 111
763 1438
101 1959
1959 543
543 1834
1121 1567
466 912
912 185
185 1323
1323 1955
1955 923
1323 1251
1251 233
233 688
688 1150
233 1943
1943 13
1943 1082
1082 1241
1241 1791
1082 1926
1082 623
233 730
233 1229
233 1762
1762 1200
1200 563
563 1118
1118 1329
1118 1934
1934 302
1934 1405
912 1256
1256 878
878 1302
466 1037
1037 1228
1228 1503
1503 1033
1033 449
364 820
820 9
9 377
9 1850
197 1844
1844 1430
197 1212
1212 1475
1475 152
152 865
865 1129
1129 906
1129 288
288 1895
1895 555
288 1454
865 1930
152 1484
1484 1488
1484 992
1715 1712
1715 881
881 1925
1925 1883
1883 1017
1017 1641
1641 1513
1641 1432
690 244
244 1882
1882 1957
1957 114
114 1237
1237 384
384 317
317 1612
1612 1513
114 1191
1191 1081
1081 62
62 1435
1435 1985
1985 1927
1927 481
1985 1893
1191 1548
1191 1393
1876 1493
1395 1316
1789 406
406 1126
1126 1784
946 1482
1619 1825
1619 623
1619 39
39 1443
1443 318
318 855
318 856
856 1601
1601 1418
1418 1015
1015 704
704 628
1015 967
856 1169
1169 1894
1894 1536
1536 36
36 362
362 828
828 1634
1634 1427
1427 58
318 331
331 1755
39 1571
228 1422
1643 1382
427 363
363 1642
363 1700
363 1945
1945 1990
821 136
1222 1885
1885 1744
1744 1333
836 1668
1668 564
836 1821
836 795
795 837
487 1422
1380 1329
1488 1961
1480 1204
777 104
777 868
868 1135
1135 1170
1135 1140
1135 1780
868 1291
868 50
1913 1111
1913 1701
1701 608
608 494
494 1185
1185 1975
120 297
851 1678
635 146
146 336
336 398
398 1566
146 606
635 1084
1815 350
293 986
986 370
370 1936
1936 876
876 1824
1824 239
748 1134
1567 769
229 1462
1804 1329
1557 1538
967 528
528 1855
967 1594
239 58
749 243
243 1003
749 1539
774 1093
1577 866
1209 382
382 1774
1571 1991
1221 689
1732 1977
1977 1055
1055 1187
1187 1857
1857 1437
1173 410
410 1774
346 486
486 612
1470 541
1430 261
1307 1660
1660 1387
1660 1819
1307 1790
879 342
342 500
500 1609
1609 1210
1210 1192
1192 97
1192 500
1248 1617
1771 134
1621 1088
1621 1872
1872 961
1348 1201
1201 1587
1587 672
1056 180
1681 523
1454 1801
1801 672
1801 1387
1399 837
1432 1958
170 923
170 344
344 1132
1835 1790
1538 1673
1735 1796
1465 1309
1309 1781
1781 750
750 957
957 1526
1526 1308
546 156
1981 276
276 1069
1069 1594
1069 796
276 624
1633 1692
1692 1161
1531 1421
481 93
93 1976
1976 1477
1477 189
189 1061
1061 702
702 993
993 263
1477 1265
65 1207
1207 837
1926 1508
923 134
1023 1458
1458 1663
464 586
1132 837
1053 110
899 1892
1034 940
1566 1413
1413 816
816 701
701 1194
1194 1834
701 837
1855 1070
17 187
17 751
751 1042
274 1622
1791 108
108 825
825 1095
414 1975
1809 1184
111 1910
1347 1302
1070 74
74 168
168 294
294 155
155 1653
262 1154
1956 1042
1205 1108
1108 950
950 1535
1535 1208
1208 1373
1980 1280
1093 1318
1318 1334
1334 1491
1491 1664
1664 395
1580 176
38 1365
1989 54
1826 552
552 990
990 1159
1373 329
1320 1268
1338 301
1356 1174
1851 1234
1234 1365
1851 297
134 1877
2 1146
1146 553
553 681
681 926
926 34
34 45
45 1649
1649 1166
1166 1295
1295 1138
1138 710
710 1982
1982 1881
1881 969
969 1759
1759 226
226 643
643 421
421 712
712 1578
1578 1002
1002 1693
1693 1230
1230 1812
1812 1516
1516 441
441 1731
1731 177
177 1658
1658 1398
1398 1647
1647 548
548 1364
1364 434
434 212
212 942
942 1896
1896 1710
1710 172
172 1546
1546 1553
1553 1757
1757 203
203 1854
1854 217
217 165
165 1635
1635 1854
1635 854
854 1306
1306 1852
1852 1063
1063 31
31 1479
1479 1970
1970 291
291 1651
1651 310
310 1313
1313 1707
1707 1662
1662 462
462 1599
1599 1388
1388 245
245 1445
1445 802
802 1608
1608 1186
1186 1075
1075 753
753 1313
1186 287
287 1827
1827 1919
1919 419
419 999
999 1165
1165 1607
1607 1911
1911 1233
1233 436
436 598
598 161
161 620
620 1456
1456 400
400 1691
1691 631
631 666
666 1375
1375 389
389 651
651 677
677 1751
1751 1411
1411 1933
1933 205
205 1447
1447 542
542 1987
1987 1345
1345 1080
1080 1861
1861 910
910 839
839 1311
1311 1214
1214 497
497 1123
1123 547
547 1304
1304 99
99 1747
1747 1979
1979 904
904 847
847 46
46 112
112 1179
1179 1425
1425 1319
1319 227
227 1235
1235 76
76 1321
1321 472
472 1912
1912 665
665 1677
1677 1376
1376 965
965 224
224 488
488 960
960 1076
1076 514
514 161
1076 1836
1836 1223
1223 842
842 1292
1292 334
334 951
951 499
499 1026
1026 1996
1996 721
721 4
4 1553
721 151
151 1410
1410 716
716 25
25 734
734 1343
1343 1101
1101 1464
1464 207
207 472
207 712
1464 419
1464 974
974 657
657 1193
1193 875
875 439
439 1198
1198 996
996 12
12 1686
1686 1148
1148 1721
1721 1253
1253 1838
1838 562
562 1141
1141 1610
1610 1879
1879 1244
1244 20
20 882
882 1431
1431 1317
1317 1614
1614 411
411 1478
1478 918
918 694
694 722
722 566
566 1339
1339 1079
1079 298
298 92
92 888
888 792
792 859
859 571
571 141
141 1914
1914 153
153 100
100 1322
1322 1572
1572 1922
1922 1471
1471 952
952 1025
1025 402
402 633
633 429
429 891
891 885
885 1164
1164 113
113 1227
1227 1433
1433 1489
1489 1425
1433 355
355 393
393 1089
1089 971
971 1929
1929 545
545 1434
1434 237
237 1654
1654 420
420 144
144 237
144 532
532 600
600 1455
1455 817
817 394
394 1920
1920 1576
1576 959
959 339
339 1301
1301 1556
1556 560
560 248
248 1948
1948 1249
1249 1370
1370 1232
1232 955
955 1289
1289 1202
1202 1313
1202 147
147 365
365 898
898 264
264 991
991 574
574 231
231 861
861 1490
1490 1176
1176 903
903 1515
1515 1687
1687 647
647 1295
647 1651
647 348
348 1574
1574 1146
1574 819
819 1793
1793 169
169 226
169 1298
1298 1661
1661 989
989 1019
1019 911
911 479
479 627
627 997
997 1718
1718 607
607 24
24 1607
24 178
178 970
970 397
397 163
163 237
1718 1787
1787 1310
1310 1224
1224 1921
1921 1837
1837 768
768 22
22 225
225 1603
1603 1131
1131 983
983 82
82 1216
1216 1258
1258 292
292 1463
1463 559
559 1267
1267 1450
1450 766
766 854
1450 1143
1143 995
995 438
438 1667
1667 1357
1357 644
644 469
469 1840
1840 1543
1543 1283
1283 1363
1363 1817
1817 442
442 1367
1367 290
290 1704
1704 1177
1177 1453
1453 84
84 1768
1768 1139
1139 255
255 478
478 1196
1196 323
323 360
360 1898
1898 1099
1099 1109
1109 20
1099 762
762 1457
1457 1218
1218 742
742 1858
1858 158
158 1593
1593 1335
1335 192
192 1453
192 642
642 1874
1874 538
538 1560
1560 1559
1559 1746
1746 403
403 211
211 1655
1655 159
159 1541
1541 122
122 443
443 306
306 1786
1786 1238
1238 827
827 1761
1761 894
894 175
175 1115
1115 47
47 231
1115 861
175 1922
175 259
259 49
49 632
632 733
733 270
270 1749
1749 386
386 1281
1281 1086
1086 1091
1091 130
130 1027
1027 1996
1027 1891
1891 1092
1092 1257
1257 1483
1483 1183
1183 1444
1444 405
405 1509
1509 557
557 477
477 1127
1127 359
359 710
477 1756
1756 1353
1353 892
892 1361
1361 1645
1645 85
85 1866
1866 1195
1195 1041
1041 1266
1266 568
568 1269
1269 1293
1293 221
221 1585
1585 1915
1915 532
1915 1394
1394 55
55 167
167 1474
1474 1469
1469 193
193 1521
1521 535
535 1146
535 129
129 1829
1829 811
811 345
345 495
495 1847
1847 670
670 1827
670 1829
1847 1288
1288 1178
1178 1650
1650 354
354 455
455 1094
1094 1982
1094 171
171 1052
1052 659
659 852
852 1439
1439 28
28 81
81 1419
1419 257
257 1226
1226 1999
1999 995
1999 394
1999 757
757 1203
1203 1947
1947 669
669 678
678 103
103 46
669 417
417 353
353 1324
1324 1139
1324 1768
353 779
779 1592
1592 752
752 1384
1384 1524
1524 1952
1952 1768
1952 1582
1582 1011
1011 1808
1808 981
981 911
1808 843
843 459
459 512
512 448
448 493
493 1064
1064 59
59 1982
59 186
186 764
764 1389
1389 1889
1889 569
569 896
896 1423
1423 149
149 1836
1423 652
652 1264
1264 949
949 884
884 1968
1968 1727
1727 1067
1067 502
502 1754
1754 945
945 1818
1818 955
945 676
676 1171
1171 1518
1518 860
860 524
524 867
867 831
831 252
252 289
289 1699
1699 387
387 147
252 1273
1273 1386
1386 75
75 1428
1428 933
933 1325
1325 139
139 1459
1459 682
682 1859
1859 162
162 530
530 664
664 1215
1215 1379
1379 460
460 603
603 869
869 18
18 775
775 135
135 755
755 764
755 550
550 645
645 1167
1167 1499
1499 1907
1907 1064
1907 1031
1031 684
684 1890
1890 944
944 428
428 1588
1588 1719
1719 985
985 640
640 544
544 1944
1944 1022
1022 1275
1275 173
173 691
691 620
173 64
64 32
32 1606
1606 43
43 566
1606 1466
1466 1921
64 1863
1863 1453
173 1077
1077 116
116 1078
1078 1282
1282 1871
1871 1275
1871 792
116 534
534 743
743 1190
1190 1295
173 1279
1279 1478
1279 265
265 1271
1271 933
265 1246
1246 1313
1246 1570
1570 1662
1246 257
1275 1595
1595 1262
1262 621
621 1740
1740 831
1262 19
19 752
1595 1008
1008 268
268 618
618 273
273 1836
273 190
190 259
190 1371
1371 1303
1303 1775
1775 1090
1090 1402
1402 53
53 1377
1377 1359
1359 69
69 726
726 1725
1725 142
142 778
778 33
33 871
871 316
316 41
41 1483
316 1864
1864 1702
1702 697
697 786
786 405
786 1486
1486 1797
1797 1381
1381 91
91 705
705 1199
1199 567
567 480
480 1337
1337 438
480 1949
1949 975
975 1928
1928 1058
1058 1243
1243 337
337 1921
1243 1937
1937 613
613 1353
613 1887
1887 1931
1931 841
841 1390
1390 954
954 1519
1519 1388
1519 793
793 1071
1071 1770
1770 1667
1071 871
793 1388
1887 666
705 1988
1988 1314
1314 853
853 1638
1638 880
880 1472
1472 657
1472 937
937 285
285 360
285 584
584 551
551 677
937 842
1472 258
258 81
258 1478
1472 72
72 692
692 295
295 1400
1400 1690
1690 1512
1512 561
561 267
267 283
283 1444
267 739
739 846
846 338
338 1180
1180 1767
1767 230
230 30
30 1527
1527 745
745 794
794 697
794 319
319 1881
745 885
1527 1679
1679 333
333 51
51 897
897 849
849 113
849 1758
1758 1576
1527 309
309 736
736 1041
309 1287
1287 2
30 1214
230 722
1767 747
747 463
463 1637
1637 922
922 515
515 256
256 838
838 894
256 251
251 1163
1163 515
463 1777
1777 80
80 1396
1396 424
424 106
106 14
14 1471
1396 1590
1590 325
325 175
463 1461
1461 790
790 1014
1014 253
253 1181
1181 1247
1247 1716
1716 491
491 718
718 1044
1044 223
223 1807
1807 862
862 1312
1312 699
699 1420
1420 1512
1420 629
629 576
576 1820
1820 28
1820 588
588 1479
588 374
374 1412
1412 1864
699 255
699 312
312 8
8 217
312 1897
1897 1193
1312 1973
1973 1639
1639 773
773 28
773 1130
1130 69
1639 643
1973 525
525 1710
525 1667
1973 1156
1156 900
900 250
250 639
639 1605
1605 1288
639 901
901 1267
901 715
715 1468
1468 15
15 1072
1072 728
728 1676
1676 1745
1745 779
15 1065
1065 12
1065 920
920 404
404 210
210 1344
1344 1097
1097 1994
1994 1314
404 1674
1674 1113
1113 671
671 1110
1110 1045
1045 489
489 253
671 1136
1136 1155
1155 131
131 1650
131 221
1136 1696
1696 496
496 1038
1038 857
857 1143
496 232
232 11
11 758
758 1391
1391 78
78 1816
1816 995
78 508
508 1137
1137 988
988 1714
1714 284
284 641
641 66
66 1342
1342 1901
1901 1144
1144 296
296 989
1144 10
10 375
375 928
928 1010
1010 1000
1000 1385
1385 544
1385 1723
1723 1102
1102 237
1723 1266
1010 1518
66 811
66 1226
284 421
284 1439
988 42
42 1468
988 495
78 848
848 250
1696 550
1136 440
440 1239
1239 340
340 1626
1626 994
994 653
653 1197
1197 1376
1197 1889
653 1026
1626 393
1626 1924
1924 321
321 5
5 511
511 1332
1332 1487
1487 160
160 1737
1737 675
675 1349
1349 1970
1349 330
330 1476
1476 208
208 1284
1284 340
1284 199
199 1686
199 1951
1951 368
368 497
1951 1903
1903 1198
199 1866
1737 532
511 1026
511 99
1924 1119
1119 100
1119 1394
1239 771
771 1698
1698 1941
1941 875
771 1550
1550 1352
1352 1703
1703 470
470 1461
470 1911
470 1588
1352 282
282 1397
1397 577
577 1650
577 1651
1550 1554
1554 394
1554 1156
1554 590
590 347
347 1321
590 1425
1554 735
735 888
671 1431
404 323
920 219
219 907
907 1666
1666 1512
1666 853
219 490
490 1153
1153 40
40 1896
715 603
715 88
88 660
660 565
565 352
352 914
914 1179
660 860
88 1750
1750 711
711 662
662 1869
1869 1335
662 601
601 870
870 1998
1998 1652
1652 685
685 910
685 1524
1998 1873
1873 941
941 840
840 1682
1682 332
332 522
522 371
371 676
522 1968
332 1649
941 772
772 213
213 801
801 713
713 1841
1841 195
195 1670
1670 931
931 893
893 1938
1938 361
361 512
361 602
602 854
1938 257
195 157
157 1166
195 823
823 1846
1846 927
927 668
668 741
741 1350
1350 566
1350 1686
1350 1969
1969 762
1969 1330
1330 1464
1969 1671
1671 218
218 478
218 264
218 985
741 1326
1326 1403
1403 1369
1369 1615
1615 1105
1105 537
537 1880
1880 188
188 1417
1417 498
498 1315
1315 69
188 826
826 829
829 438
829 1223
537 1731
1105 1021
1021 360
1021 186
1105 694
1615 174
174 1039
1039 1005
1005 458
458 1086
823 622
622 1862
1862 1133
1133 1833
1833 448
1133 1608
1862 1245
1245 1012
1012 646
646 1616
1616 171
622 1444
622 1076
713 1592
601 1453
639 996
250 63
63 109
109 1768
63 1695
1695 1107
1107 665
1807 1896
253 1504
1504 1314
1504 1523
1523 971
1014 1125
1125 591
591 1217
1217 1742
1742 1471
591 874
874 416
416 1281
874 1198
874 1478
1125 573
573 354
1014 99
1461 1018
1018 811
1018 99
1767 1987
1512 894
880 1259
1259 1741
1741 1579
1579 1916
1916 1810
1810 1751
1916 1103
1103 834
834 1709
1709 388
388 44
44 754
754 241
241 1043
1043 169
1579 425
425 1379
425 792
853 936
936 1765
1765 1067
936 1764
1764 902
902 392
392 610
610 1367
853 1434
1988 582
582 659
1381 446
446 722
1797 1919
1486 468
468 450
450 1068
1068 307
307 1528
1528 817
1068 995
697 1376
871 560
726 1644
1644 1754
69 658
658 127
127 1440
1440 909
909 1705
1705 959
1359 1688
1688 303
303 499
1359 186
1402 287
1090 1355
1355 221
1944 49
640 474
474 768
428 594
594 952
594 843
1031 501
501 473
473 1689
1689 1114
1114 1183
473 99
1167 1447
550 1687
550 1694
1694 1680
1680 792
1694 1057
1057 1911
1057 1273
603 863
863 455
460 1223
530 779
1859 1036
1036 26
26 805
805 1524
1459 1389
1459 400
139 183
183 1392
1392 873
873 724
724 1087
1087 1534
1534 1868
1868 1761
724 1104
1104 579
579 877
877 1051
1051 358
358 214
214 1300
1300 850
850 1854
877 616
616 383
383 1720
1720 695
695 1083
1083 287
139 536
536 1929
252 55
1518 1511
1511 1546
1511 1171
1171 1840
502 314
314 1794
1794 1164
502 1738
1738 215
215 177
1738 198
198 999
884 520
520 578
578 279
279 1331
1331 1569
1569 1902
1902 365
520 817
520 1914
1064 1854
512 1853
1853 1206
1206 882
1206 1747
1853 1223
459 1559
843 643
779 1074
1074 978
978 1743
1743 467
467 81
1074 566
353 1463
81 1353
1439 1372
1372 381
381 783
783 1919
455 886
886 1196
1178 1285
1285 1812
495 1452
1452 1707
345 842
1829 1919
129 997
1915 411
1585 426
426 513
513 995
1509 839
405 1047
1047 799
799 1376
1047 722
405 971
1183 1048
1048 1917
1917 861
1257 1578
130 1258
632 402
827 1563
1563 822
822 1963
1963 934
934 1982
1563 1805
1805 1160
1160 1434
1805 1165
1218 205
84 1295
1453 839
1177 1002
442 999
1817 1485
1485 237
1143 1713
1713 665
559 287
1463 6
6 1502
1502 560
6 1388
1787 882
997 712
627 291
989 716
348 1370
861 1677
1289 1319
1289 1912
1576 1919
532 1376
420 1599
1434 25
355 781
781 1313
355 1691
1227 1578
100 1573
1573 710
100 921
921 441
298 1828
1828 1677
1339 1374
1374 1516
694 1753
1753 310
1198 1445
875 1311
974 951
25 1398
1311 1751
1599 1852
