1226 831
1987 1624
27 916
1668 1509
1311 684
1457 1441
70 1909
1210 1080
46 984
988 1499
179 638
1578 498
614 1907
392 533
429 662
1781 1326
1350 1150
1498 88
1932 629
807 56
1819 916
594 355
1411 1837
1544 1943
619 219
50 1303
1825 514
329 1613
213 1418
985 1231
180 241
1600 717
260 1188
1262 464
578 1927
1432 1090
12 1098
894 1035
1529 52
152 1191
1057 1832
28 254
1093 1676
1546 700
659 1609
578 57
1357 1248
592 1043
469 1548
675 1558
55 491
132 1794
844 1200
1096 870
367 876
413 280
744 812
310 1577
1930 1400
1885 1593
88 1256
52 1386
1055 1649
1979 465
636 1071
659 490
903 462
1623 1215
1809 156
25 302
1130 1499
1923 1111
1012 1276
1618 1221
1410 1526
30 945
785 246
1188 849
1402 1389
1757 1962
1363 1267
952 1812
1096 1661
1973 1168
1531 345
1402 1597
624 1594
1364 350
101 1260
518 1534
731 1107
421 509
274 875
803 1336
605 777
1338 1289
1659 1115
1163 341
111 1752
1265 845
947 864
1809 1909
1133 1005
651 1458
429 463
452 181
1880 1561
1285 1871
1986 398
1985 370
1591 715
1174 1289
1870 565
1435 542
1679 789
769 715
1043 923
753 1905
1971 1512
55 657
339 1797
530 804
1902 826
832 1295
763 1938
62 1925
1191 1955
1851 1867
1449 51
1864 1892
1175 860
51 804
66 1563
767 1236
1202 1324
769 289
1616 1551
881 1360
894 1383
789 250
1192 925
636 1226
1399 1681
1746 1945
157 717
419 1697
726 1538
1399 1447
416 1086
1917 1512
1809 552
1405 1228
31 1759
1467 1242
1802 1929
1657 877
1861 1968
1930 966
117 572
472 1406
564 326
1668 476
1224 1255
1418 1609
283 1552
469 1290
512 1377
114 625
146 690
968 140
1994 1254
697 1981
487 531
785 1752
919 791
1175 1692
187 97
783 259
114 24
1560 724
1241 1095
1994 368
7 1800
1635 1893
1150 362
997 363
967 1082
1291 1679
1084 1520
1353 136
1305 1769
717 352
315 1254
1239 287
722 464
303 959
1109 851
44 1999
71 1790
1032 1720
1232 110
706 174
1444 1194
1273 577
363 1031
1777 480
546 1925
1820 1339
1263 1785
78 293
200 694
1659 1999
588 473
27 19
852 1197
1776 1111
1829 1541
448 449
1390 585
1266 1569
563 1884
542 526
1929 1832
261 1398
1665 5
452 1405
946 1152
1490 1241
1225 366
1641 586
908 1053
848 418
1936 516
1825 37
1486 1278
1262 972
1232 1146
1416 125
93 1021
1538 148
75 1242
1602 757
771 997
672 1214
685 1484
26 1242
836 14
1382 1130
274 1322
1180 76
1269 509
1785 314
967 88
692 661
238 1199
1083 527
1226 1117
124 864
1498 566
1219 951
1920 1690
281 994
1699 497
1255 1170
407 1005
101 212
981 1392
1132 875
757 700
321 814
803 1299
221 1999
1344 1522
1362 1505
1096 1241
592 534
894 1041
941 885
1239 1495
1026 1012
792 1956
1267 1005
893 1794
1699 603
1959 900
1568 1406
418 1242
974 876
1586 1812
1119 1672
955 871
952 1236
1109 124
710 1089
605 1922
1802 763
1365 1607
1921 1091
870 1659
533 93
119 1389
1273 874
795 1838
69 955
342 197
1721 1621
781 237
1316 1461
1806 517
851 1763
1741 994
1666 906
1653 400
1608 1213
1256 865
752 589
6 1612
1904 1155
1853 178
1803 1754
252 680
701 219
1269 1865
1704 1451
668 1256
290 1406
1319 1260
1758 1772
1405 565
872 181
1263 1489
1354 11
1776 848
563 1577
1931 1243
124 749
1971 805
1218 1736
1275 281
1871 1413
1293 1599
1764 1587
36 433
1100 865
1013 1789
466 1750
1096 1411
231 71
195 1958
1635 335
1289 398
988 407
1910 1583
1139 381
1368 1358
1879 1180
1302 612
1456 552
1998 1759
958 259
857 446
636 1353
467 83
1993 100
1909 1697
455 1315
607 1377
818 634
1671 856
1815 1812
1269 1503
951 1155
1042 1053
1989 1337
1840 1358
1875 1628
563 733
798 398
1318 922
571 88
348 64
270 433
1957 1837
49 763
1224 1752
1994 1942
1283 1221
1522 250
333 411
516 1691
429 157
1303 950
857 1913
248 213
1928 361
1907 1765
1844 1059
901 614
1780 22
606 1259
1836 173
1998 1434
1101 1005
1394 1969
1999 1766
952 276
676 175
1587 856
249 923
997 94
274 1133
1057 1741
594 42
452 964
1693 1219
1632 1131
952 422
1130 557
1106 714
1966 1080
206 509
1881 1449
1553 956
1612 1510
363 1200
1360 1595
1059 733
1728 1031
1997 1049
701 740
663 1543
1690 1955
196 1403
717 1730
1219 859
1381 1349
1915 1312
1246 1895
1566 764
1280 790
1202 35
7 704
636 672
1411 789
1245 1467
988 677
72 362
1820 753
1623 661
16 750
1794 446
1245 774
1635 1239
1653 582
524 1587
1789 1657
191 1754
441 355
729 1259
942 865
1689 1260
1976 648
421 1348
1243 1242
1025 1031
472 1053
315 1064
1885 1576
461 1458
452 1619
1173 1609
1757 506
580 619
1226 769
1754 420
223 1205
1528 386
1142 1577
990 1484
755 1067
1558 1659
1035 770
1994 561
1592 64
1614 1807
114 749
937 1005
1149 180
1481 246
662 161
329 441
132 1118
509 1312
291 403
1492 904
1061 819
1263 1661
1273 511
1926 331
1342 1853
1147 1211
2000 446
736 305
888 802
692 1312
1928 1487
64 1880
654 244
678 1053
1318 761
1145 898
1179 1954
1836 981
1931 304
1406 516
753 927
1148 315
1045 1352
1890 1326
199 744
1371 1283
1006 88
1107 1301
1809 1448
1626 1812
1747 238
483 996
1989 1227
1839 843
1649 1714
1189 1438
1737 384
1122 1406
1540 1775
1632 577
1146 433
1934 136
60 1594
58 385
971 464
1206 521
1417 67
592 1098
1587 1659
1474 929
1164 1632
1538 933
600 1547
1839 1137
199 1963
1045 162
1263 1722
1644 1794
1013 640
483 1794
1519 493
1987 1400
69 870
1626 293
536 1791
1948 1992
763 1679
454 1460
1740 926
753 698
1096 1374
1498 1507
930 1213
1266 1190
1544 1335
1354 128
1659 743
1777 1974
907 1583
1432 505
1785 248
195 429
989 445
1051 1456
1180 1643
1447 1812
1738 1137
677 1846
1709 259
920 617
1803 1880
1304 1559
16 638
1768 912
852 72
671 1911
840 1885
1352 1299
689 235
1205 1854
373 1679
1832 1283
130 1755
1057 1509
557 1673
920 302
1007 1710
1863 270
1642 1196
1724 1362
1148 1232
913 433
691 1492
523 143
1737 1188
1737 1976
1661 378
898 1386
1456 1478
712 1762
1254 1812
727 327
340 747
113 972
58 1887
1384 38
310 1511
912 1107
13 624
1568 1309
654 59
594 1348
1202 1290
1275 242
1157 1713
1617 737
1463 754
51 1514
929 648
691 1716
1393 865
1708 1599
1632 232
584 1808
654 869
1110 391
128 1162
72 105
662 1314
221 1256
397 759
1506 235
910 3
686 512
1957 1089
167 399
114 359
394 959
1864 1553
1751 1545
463 1913
788 923
739 1454
1142 1665
425 880
352 1584
1069 530
483 1001
50 1339
1571 1086
5 611
1861 1953
1123 886
948 1067
1013 533
1875 422
1979 1702
211 112
876 1895
897 1109
241 1812
809 1293
1751 1585
1705 1491
223 1345
328 416
356 893
55 632
1824 707
1266 1729
1477 270
758 1201
466 706
1706 586
512 548
582 1213
1802 1238
1686 1643
1127 1778
872 574
1327 199
910 793
1300 1003
1096 1064
460 1837
321 303
758 1747
166 207
1055 1526
603 805
1344 219
410 2
730 1090
1109 964
654 619
446 54
1006 1688
567 812
1789 68
1056 956
1047 904
1849 1322
1747 1391
884 361
1820 1595
863 136
296 1765
1332 250
31 442
339 1864
654 1825
1339 845
1871 1289
1878 41
1699 1681
1493 1552
1637 1342
928 512
726 1347
1164 1161
322 1919
1543 1835
607 1291
1580 105
869 1555
714 1644
1219 1580
47 1079
807 1439
1346 540
1342 415
321 1390
1391 1522
397 219
1422 192
957 1838
348 1901
1579 1715
1444 1928
500 641
341 1056
1350 1824
536 1784
1074 385
96 1775
1879 429
878 294
278 667
1304 1693
866 1708
1555 1049
1141 700
1844 1216
626 1100
35 836
1302 1517
1457 1412
201 614
1836 1696
626 1547
1224 684
170 365
1368 83
211 1850
1563 1031
324 518
834 257
541 1331
1891 1477
759 1919
402 1263
745 1115
755 972
206 1718
636 1780
1864 82
1577 1534
1204 1776
731 1395
1206 296
993 431
681 294
169 1594
955 793
1110 691
922 1645
1675 1999
30 1362
1865 1025
1749 1265
1194 1679
840 1302
1809 956
50 364
1632 1783
1441 1665
1519 949
1232 167
521 885
1130 1951
600 1778
309 1591
1444 943
669 250
1641 514
1686 1607
952 635
1233 174
557 1981
1252 1377
1394 235
1493 1704
1507 1965
1533 1969
1518 918
952 1470
425 691
852 1089
329 1177
1145 1155
350 1505
184 629
1068 554
494 1863
1747 871
1360 1315
1728 641
797 41
753 1162
1917 244
452 1497
125 492
2000 609
710 696
1984 34
1725 1954
920 192
237 734
1434 732
1819 862
1245 1733
1645 877
801 1276
589 142
1866 1639
1661 212
1095 1458
134 831
1489 1227
1273 836
27 1532
1994 163
1433 566
1168 776
1051 631
116 587
872 878
1442 384
1205 51
1023 1349
715 892
1176 1821
615 1491
736 1045
205 1113
1139 1456
1282 1558
340 1713
1087 1162
611 1291
1416 470
1220 1402
1386 876
1005 1153
1573 24
788 1081
128 1540
1800 950
1344 1406
1464 776
559 529
137 1536
1538 913
1645 1808
888 302
553 1244
1003 1293
672 862
1034 1636
669 500
484 449
1441 1459
1498 285
549 977
479 545
1883 1438
824 14
1975 1588
1272 1482
1579 133
20 865
958 1919
1267 1197
1266 291
1645 465
618 1947
1547 1514
1123 270
1421 1912
843 1251
1205 882
1175 1251
284 666
585 548
739 1772
1729 926
176 1421
482 311
320 1127
933 1312
1460 294
647 246
1885 1983
1409 444
832 1054
748 269
1805 1308
1270 382
205 1916
1025 1080
1802 32
298 508
1757 1065
1729 1053
1055 1316
1875 162
239 259
1902 1135
952 875
1728 235
273 770
1847 1462
528 1347
894 600
1957 553
703 1388
912 1593
754 1644
752 739
1366 1561
762 1503
1546 1095
183 1775
35 41
186 398
1300 1058
1551 831
115 1761
731 1663
280 1469
200 720
1558 804
1409 1270
748 1134
1611 1948
751 385
1545 1651
1112 68
991 138
1829 1887
758 1067
320 1280
193 375
719 1743
1538 1326
832 106
1531 769
826 72
1163 434
304 1238
469 189
402 1518
1350 1936
994 1938
1025 1938
1809 1724
539 1578
281 684
742 486
902 1031
1923 1495
115 1430
1397 1342
1324 1361
1318 1505
1668 1797
1827 1482
1957 1689
630 1289
903 1665
1172 1831
1345 576
1149 1744
1371 1052
226 1431
1032 503
536 1086
571 1971
215 385
321 1171
613 349
860 1382
1421 1956
1741 976
206 1803
1987 484
968 1513
935 614
1219 1688
115 1111
1305 107
1400 468
1048 1484
125 373
1819 932
727 19
1175 1925
1400 1252
197 280
1202 1418
252 877
1511 679
1808 392
1351 1265
67 774
1201 1617
1211 549
50 1146
1601 1685
778 1200
1872 174
1038 1816
404 1578
1098 394
1222 1204
1964 1012
124 1907
1861 513
1267 1981
209 1098
1110 1973
494 601
31 1794
1431 1907
701 1935
406 493
113 464
1589 1954
1847 1181
1864 1493
1494 335
206 1565
341 1904
287 1505
1059 484
837 1016
308 720
993 550
1381 771
1175 777
170 1936
297 872
1637 1155
1436 880
193 502
1048 787
1871 1381
240 1257
1736 986
515 486
1399 1213
1389 984
1920 236
64 817
1940 1588
762 119
51 1404
309 1090
195 997
1286 710
1808 1208
953 977
816 464
875 1012
1829 176
1929 1084
701 1188
1929 1927
1612 1093
825 790
537 779
1342 383
1055 1156
45 1907
1917 1878
860 570
102 259
1773 1315
1477 1002
111 100
883 343
390 510
997 7
1487 1031
496 918
1205 452
710 772
1589 1950
239 1168
206 1502
1050 1285
1930 25
1122 203
369 326
413 1512
199 97
1666 1983
82 1966
1108 1301
982 1347
1006 1271
1390 1238
1995 1315
981 1991
560 801
840 1582
240 411
697 487
1047 59
1357 1877
1645 924
1109 1195
1768 1186
503 1469
1858 1763
268 820
414 931
1191 34
1224 1614
1009 1560
30 53
819 1482
738 1247
82 1202
1456 1347
53 1386
1871 148
46 490
1496 270
701 1627
1544 1878
542 1594
1324 844
35 909
1011 907
1189 999
1009 736
1044 1016
1779 1925
1193 136
1454 1119
750 781
1704 1121
130 769
481 743
1555 1067
1477 1613
1468 261
444 509
1359 327
1003 1390
810 1044
523 20
1811 1587
1939 1992
1363 1927
1862 1251
648 443
1087 280
467 498
1973 1628
1204 399
372 585
1082 1651
1783 645
840 851
693 19
414 330
1974 1347
452 1009
1016 1679
54 649
1954 1098
716 1913
742 1057
803 1972
1202 899
913 1925
699 1351
1141 1114
1480 116
1190 1453
1891 631
195 635
1867 889
25 609
671 1315
1501 398
1831 713
1073 825
393 1593
1585 1864
211 1404
226 958
407 64
67 1919
1898 422
1266 1698
1350 586
1114 41
1928 1189
658 242
1988 39
883 1917
23 766
1839 1557
1360 986
1641 846
1601 127
1601 873
1683 776
1558 1652
1332 220
1122 613
1928 1094
465 1752
1038 462
767 1182
785 235
1957 1325
482 458
1762 136
16 1641
536 916
886 1723
1202 1931
1950 627
225 1909
1636 1719
1797 1155
626 684
2 814
1044 1076
460 533
427 1904
1266 373
193 1860
1226 686
1113 512
922 1001
470 199
987 1171
1527 1469
446 572
1032 727
1199 899
427 474
1237 890
1532 1004
1885 1025
1632 757
509 409
1683 977
1091 1283
1896 774
1847 1769
1225 1072
747 1221
995 1776
1493 1236
1011 1919
1547 1837
571 287
1928 1879
328 1297
223 920
1929 1750
870 1911
1327 1630
901 184
1255 620
1592 661
920 1972
340 113
1725 714
348 424
9 401
1822 1065
7 1910
181 1011
925 1084
788 559
342 302
999 257
834 318
169 627
297 136
1763 97
689 1593
988 1487
1961 1120
340 1750
1289 1691
579 757
992 853
1675 1291
1861 1324
1764 744
1769 1651
796 1520
1870 1502
274 760
124 587
1018 548
733 84
523 1532
455 517
726 1949
1857 1031
1553 1214
1568 225
407 1812
391 1283
451 1171
1371 1948
125 1041
672 1663
28 131
1036 1812
1580 1936
1913 1191
889 1111
1699 1647
826 1130
74 250
273 96
1388 754
1947 950
1048 1332
1728 1363
1330 1152
146 1163
1092 548
1245 935
965 1583
922 1758
1383 136
1434 108
803 1492
1206 250
1007 271
545 1761
1280 1816
525 553
710 1681
1757 556
434 475
701 469
1989 379
440 1091
1865 265
1929 465
1088 647
148 572
1316 1513
670 546
1684 803
763 395
1246 516
1059 1913
1197 972
1232 1196
585 420
663 971
1221 71
216 1012
1433 724
678 1526
950 1058
523 938
1939 1708
387 850
1638 212
1792 1705
1684 822
1312 116
1833 1003
1891 947
1164 1583
1253 1608
1143 814
1858 1221
553 567
9 832
874 926
381 1983
433 966
226 1483
1140 1331
15 97
670 1812
1372 1259
693 219
1829 459
1870 438
1625 1097
59 14
122 288
421 134
1385 516
482 1317
1239 1398
831 892
267 381
636 1413
1787 5
1661 456
1019 411
1635 1005
1367 938
1032 317
540 318
424 1882
1821 786
1951 1347
857 199
620 734
1213 959
636 1351
1217 317
119 1114
397 1935
1166 1332
1623 1928
265 682
461 1111
1284 273
1534 275
1706 1258
1623 701
302 1620
375 24
1070 1547
710 1341
1378 1086
519 874
1234 1953
1081 1191
1878 1297
1350 677
1284 548
1635 1098
1047 1305
643 581
910 1904
1436 1204
1381 290
1958 1609
1908 1719
1638 737
1269 1674
1128 1966
1162 1724
448 631
1937 14
1303 1803
1580 1226
72 888
196 656
769 548
1507 194
1373 850
916 743
1052 486
693 820
1456 725
519 401
682 1315
1132 1731
1756 385
675 1953
1595 1312
1724 1924
519 1305
1742 619
1600 1517
220 1256
617 1196
244 774
1394 1551
754 770
697 1864
65 13
1352 633
100 649
1048 1732
812 1196
28 1989
553 1479
568 536
1176 1099
284 790
989 301
773 554
702 1970
1367 654
1316 910
1730 1780
122 1423
1399 245
1393 1347
1678 1938
1612 471
1586 1095
1532 287
1371 1915
554 22
1808 1820
1324 1579
1961 113
441 406
1661 105
779 1922
545 1058
439 714
454 901
1176 398
1677 1608
857 1708
478 967
1493 370
593 789
82 1324
1948 972
1050 1037
553 549
717 626
1878 517
248 1896
1626 1693
1318 1640
1560 1299
1 1490
1490 610
610 268
268 632
632 455
455 835
835 46
46 173
173 39
39 1247
1247 855
855 1915
1915 579
579 1178
1178 307
307 617
617 969
969 154
154 127
127 862
862 531
531 1272
1272 380
380 1856
1856 1717
1717 181
181 642
642 583
583 1709
1709 1735
1735 1572
1572 75
75 1667
1667 740
740 833
833 353
353 1062
1062 345
345 853
853 732
732 524
524 1023
1023 1826
1826 134
134 1154
1154 1470
1470 1903
1903 1786
1786 1515
1515 400
400 1299
1299 1827
1827 1888
1888 1687
1687 471
471 564
564 1281
1281 878
878 911
911 109
109 1818
1818 189
189 152
152 1395
1395 739
739 793
793 1901
1901 328
328 1903
793 1197
1197 375
375 532
532 936
936 1689
1689 1552
1552 458
458 1884
1884 110
110 1876
1876 1525
1525 1280
1280 378
378 545
545 1311
1311 225
225 896
896 1468
1468 1869
1869 863
863 1387
1387 214
214 555
555 1479
1479 1184
1184 961
961 243
243 526
526 506
506 658
658 1320
1320 760
760 1375
1375 227
227 1470
227 1804
1804 81
81 644
644 391
391 1597
1597 732
1597 1383
1383 844
844 598
598 1165
1165 1897
1897 1939
1939 1478
1478 1967
1967 1908
1908 1243
1243 1099
1099 908
908 628
628 1698
1698 591
591 811
811 1135
1135 1279
1279 42
42 1515
42 1966
1966 796
796 652
652 944
944 15
15 1369
1369 253
253 1063
1063 1228
1228 741
741 1146
1146 1523
1523 371
371 733
733 655
655 36
36 217
217 1586
1586 595
595 933
933 145
145 1298
1298 42
1298 639
639 1971
1971 1613
1613 474
474 1216
1216 1797
1797 938
938 313
313 913
913 1131
1131 723
723 724
724 769
769 824
824 87
87 224
224 423
423 902
902 190
190 1056
1056 276
276 428
428 187
187 343
343 1727
1727 132
132 1344
1344 1894
1894 502
502 722
722 949
949 245
245 916
916 1565
1565 1686
1686 451
451 325
325 671
671 1631
1631 934
934 1970
1970 1639
1639 1873
1873 1842
1842 719
719 982
982 1496
1496 837
837 1618
1618 973
973 1720
1720 1338
1338 637
637 661
661 1535
1535 1370
1370 106
106 1233
1233 1054
1054 909
909 1376
1376 1845
1845 1817
1817 1940
1940 1590
1590 382
382 1654
1654 150
150 1554
1554 1545
1545 646
646 1471
1471 1392
1392 142
142 347
347 1499
1499 1662
1662 424
424 1723
1723 944
1723 520
520 1673
1673 436
436 1121
1121 1061
1061 1368
1368 1846
1846 1366
1366 1936
1936 457
457 486
486 1475
1475 529
529 169
169 191
191 1962
1962 209
209 183
183 668
668 957
957 1602
1602 190
1602 431
431 1664
1664 53
53 797
797 1419
1419 1774
1774 1274
1274 279
279 1995
1995 1189
1189 660
660 1094
1094 953
953 1292
1292 380
1094 1783
1783 1711
1711 1319
1319 875
875 1341
1341 1860
1860 1413
1413 143
143 117
117 1066
1066 17
17 1321
1321 931
931 412
412 1663
1663 751
751 1759
1759 1073
1073 869
869 1863
1863 1353
1353 470
470 499
499 371
499 1620
1620 144
144 783
783 1329
1329 1085
1085 438
438 1642
1642 1976
1976 67
67 1962
67 1237
1237 99
99 305
305 1092
1092 688
688 228
228 983
983 905
905 1946
1946 1573
1573 1427
1427 1272
1427 1296
1296 782
782 23
23 439
439 1648
1648 129
129 828
828 210
210 1073
210 794
794 468
468 18
18 1244
1244 961
1244 844
1244 601
601 1186
1186 1517
1517 821
821 1733
1733 1735
1733 1656
1656 266
266 773
773 132
773 1246
1246 1070
1070 1727
1246 165
165 1690
1690 161
161 1308
1308 1321
1308 800
800 430
430 1113
1113 1683
1683 1426
1426 1744
1744 836
836 202
202 1506
1506 1824
1824 1478
1824 1799
1799 367
367 1217
1217 1869
1217 1042
1042 1160
1160 1899
1899 481
481 855
481 521
521 1795
1795 1696
1696 1166
1166 1437
1437 899
899 1884
899 113
113 1943
1943 378
1943 1567
1567 21
21 1932
1932 901
901 1445
1445 76
76 1418
1418 1779
1779 1745
1745 214
1779 1788
1788 842
842 761
761 1446
1446 4
4 1174
1174 1125
1125 862
1125 574
574 1185
1185 1420
1420 1466
1466 1759
1466 1797
1466 1007
1007 165
1007 1064
1064 423
1064 575
575 531
575 20
20 1428
1428 621
621 586
586 1652
1652 768
768 1460
1460 552
552 749
749 1243
749 1158
1158 917
917 644
917 201
201 1834
1834 590
590 935
935 1156
1156 926
926 1886
1886 1832
1832 336
336 839
839 461
461 1543
1543 366
366 1553
1553 1949
1949 1872
1872 887
887 979
979 357
357 1004
1004 1041
1041 1106
1106 1889
1889 1294
1294 1852
1852 1750
1750 173
1750 1642
1852 1230
1230 1530
1530 620
620 1833
1833 234
234 1877
1877 851
851 718
718 1043
1043 44
44 1559
1559 1449
1449 150
1449 1890
1890 1892
1892 612
612 1945
1945 1649
1649 1061
1649 880
880 708
708 401
401 403
403 169
401 18
880 1177
1177 370
370 818
818 534
534 1037
1037 655
1037 625
625 1344
1037 1432
1432 1151
1151 311
311 472
472 350
350 1165
472 1046
1046 423
1046 1508
1508 1716
1716 1320
1716 375
1716 1425
1425 476
476 964
964 1788
964 761
964 945
945 996
996 1479
996 1771
1771 756
756 565
565 1739
1739 1732
1732 730
730 1868
1868 1556
1556 1117
1117 258
258 165
258 1169
1169 1089
1089 780
780 653
653 380
653 182
182 1141
1141 1215
1215 163
163 1682
1682 772
772 234
1682 891
891 1144
1144 1813
1813 1472
1472 1028
1028 549
549 1629
1629 914
914 57
57 895
895 633
633 1833
633 453
453 562
562 1194
1194 4
1194 529
1194 768
1194 10
10 272
272 121
121 1978
1978 1694
1694 60
60 1731
1731 1569
1569 112
112 449
449 1464
1464 657
657 1472
657 192
192 1968
1968 1942
1942 1703
1703 113
1703 1675
1675 1061
1675 1306
1306 1183
1183 1243
1183 506
1183 48
48 1027
1027 1975
1975 1984
1984 1060
1060 175
175 1896
1896 1339
1339 802
802 521
802 1389
1389 732
1389 1359
1359 489
489 746
746 1361
1361 1660
1660 1124
1124 167
167 1089
167 969
167 919
919 539
539 1753
1753 650
650 1507
1507 303
303 1524
1524 43
43 1068
1068 243
1068 510
510 488
488 148
148 839
148 1890
488 664
664 616
616 1823
1823 424
616 132
664 704
704 1711
704 604
604 1
664 480
480 111
111 142
111 435
435 497
497 1249
1249 1328
1328 547
547 1674
1674 1530
1674 1076
1076 1414
1414 251
251 1473
1473 426
426 1858
1858 815
815 1605
1605 765
765 1825
1825 518
518 1217
518 544
544 1478
544 1685
1685 1733
1685 1811
1811 606
606 867
867 115
115 43
115 229
229 1486
1486 1075
1075 1441
1441 52
52 818
52 437
437 596
596 123
123 303
123 1348
1348 1556
123 980
980 1143
1143 1698
1143 924
924 1806
1806 780
1806 851
1806 1425
924 871
871 1252
1252 1914
1914 960
960 49
49 787
787 1904
1904 380
1904 392
392 140
140 644
392 347
392 1403
1403 1549
1549 1574
1574 1951
1951 781
781 1246
781 1855
1855 1375
1855 1173
1173 728
728 169
728 721
721 434
434 1076
434 134
434 1842
721 962
962 1863
962 666
666 943
943 1277
1277 1486
1277 1884
666 456
456 1178
456 323
323 118
118 1557
1557 1104
1104 1126
1126 1933
1933 477
477 387
387 214
387 366
477 1373
1373 1769
1769 92
92 1830
1830 686
686 408
408 1250
1250 1543
1250 623
623 1756
1756 153
153 561
561 543
543 889
889 165
889 1483
1483 823
823 1388
1388 1500
1500 298
298 522
522 363
363 1368
363 351
351 1485
1485 1830
1485 400
1485 1370
1485 370
351 908
363 117
522 1581
1581 727
727 979
727 8
8 991
991 486
991 470
991 1958
1958 131
131 21
131 1389
1958 439
1958 432
432 1462
1462 59
59 921
921 1718
1718 91
91 1487
1487 1372
1372 948
948 3
3 1518
1518 135
135 288
288 1210
1210 628
1210 245
288 225
288 459
459 1736
1736 1680
1680 365
365 1784
1784 459
1784 107
107 632
107 732
1784 599
599 1842
599 1890
1784 177
177 486
177 1627
1627 606
1627 1527
1527 106
1527 1235
1235 603
603 1299
1235 1694
1235 1833
1527 637
177 1420
177 735
735 928
928 1134
1134 566
566 77
77 409
409 560
560 827
827 768
827 806
806 671
806 1830
560 1638
1638 151
151 1606
1606 1169
151 558
558 185
185 308
308 48
308 1690
308 583
185 1308
185 1167
1167 903
903 1815
1815 1878
1878 900
900 304
304 1848
1848 40
40 163
1848 1027
304 1945
304 190
900 1554
900 1822
1822 1722
1722 842
1722 203
203 680
680 247
247 80
80 149
149 1824
149 971
971 1466
971 638
638 1669
1669 551
551 954
954 1195
1195 32
32 859
859 442
442 1804
442 262
262 1062
262 1975
442 468
859 422
422 927
927 249
249 830
830 1033
1033 769
1033 794
249 1705
1705 612
1705 1975
1705 1393
1393 1227
1227 1494
1494 277
277 1774
277 330
330 799
799 1736
330 1034
1034 870
870 1287
1287 1022
1022 137
137 1504
1504 1927
1927 1565
1927 1387
1927 1071
1071 1455
1455 550
550 1138
1138 1958
1138 1229
1229 134
1229 1883
1883 1439
1439 1448
1448 1877
1448 1949
1448 857
857 88
88 1043
857 47
47 168
168 608
608 1712
1712 792
792 1396
1396 164
164 1094
164 924
164 1450
1450 379
379 1166
379 1144
379 132
379 1846
1450 314
314 1991
1991 232
232 1479
232 1379
1379 172
172 313
1991 1432
1991 602
602 1403
602 904
904 1465
1465 1795
1465 1356
1356 1695
1695 565
1695 428
1695 759
759 449
759 1460
759 916
759 415
415 278
278 1100
1100 974
974 1464
974 1732
1100 33
33 1272
33 1564
1564 1022
1564 290
290 775
775 256
256 1303
1303 1647
1647 1281
1647 1868
1647 438
256 1394
1394 1868
1394 945
1394 1906
1906 495
495 982
495 597
597 371
597 12
12 296
296 835
296 1380
1380 1343
1343 79
79 171
171 312
312 1921
1921 1575
1575 1770
1770 1753
1770 230
230 930
930 503
503 66
66 796
930 1702
1702 1967
1702 917
930 540
540 1860
540 445
445 709
709 928
709 1779
445 725
725 338
338 527
527 1658
1658 1476
1476 1039
1039 182
1039 829
829 1797
829 844
829 269
269 545
1039 221
221 1539
1539 377
377 725
1539 388
388 1369
388 1664
388 74
74 1826
74 912
912 280
280 510
280 1001
1001 1548
1548 1198
1198 1026
1026 507
507 1886
1026 1945
1026 794
1026 1338
1198 1085
1198 1330
1330 833
1330 105
105 1730
1730 1415
1415 1670
1670 42
1670 1770
1415 1981
1981 1553
1981 1216
1981 921
1730 939
939 1951
939 1630
1630 1440
1440 1471
1440 1248
1248 1972
1972 1127
1127 1910
1910 1476
1910 796
1910 26
26 419
419 1801
1801 85
85 253
85 1174
1801 1667
419 42
26 1287
1127 580
580 376
376 1262
1262 1604
1604 384
384 932
932 975
975 359
359 1967
359 405
405 1488
1488 1071
359 1814
1814 300
300 855
300 143
300 1481
1481 849
849 1281
849 1511
1511 1334
1334 1758
1758 1833
1758 1193
1193 588
588 739
588 58
58 132
58 1212
1212 1062
1212 1500
58 141
141 1573
141 1018
1018 1912
1912 29
29 1764
1764 1209
1209 1631
1209 912
1209 1554
1209 1447
1447 1608
1608 747
747 1234
1234 828
1234 1734
1734 1986
1986 1774
1986 428
1734 76
747 834
834 94
94 1749
1749 1934
1934 104
104 1868
104 1295
1295 870
1295 62
62 1932
62 202
62 1036
1036 63
63 1967
63 139
139 496
496 1046
63 623
1036 120
120 1842
120 127
120 775
1036 1195
1036 721
1036 103
103 1849
1849 1840
1840 1605
1840 244
244 1828
1828 47
1828 91
1828 343
1828 1781
1781 847
847 1455
847 1440
847 936
1781 1169
1781 994
994 1990
1990 190
1990 1660
244 1932
244 481
244 1103
1103 453
244 1369
244 1254
1254 640
640 1231
1231 1268
1268 474
1268 154
1268 713
713 43
713 1510
1510 760
1510 155
155 286
286 1108
1108 92
1108 1306
1108 1002
1002 228
1002 1472
1002 241
241 1562
1562 68
68 1984
1562 879
879 1995
879 882
882 912
882 1177
882 463
463 1019
1019 535
535 687
687 1020
1020 1203
1203 1116
1116 787
1116 396
396 552
396 1888
396 1726
1726 386
386 286
1726 358
358 1030
1030 927
1030 121
358 1557
1726 765
1726 1389
1726 916
396 491
491 640
491 1351
1351 110
1351 314
1351 643
643 659
659 716
716 1467
1467 978
978 1076
978 239
239 343
239 582
582 706
706 1423
1423 368
368 1893
1893 1673
1893 1724
1724 216
216 1179
1179 1004
1179 79
216 1129
1129 43
1129 946
946 1759
946 234
946 1135
946 1478
946 1481
1724 492
492 822
822 1862
1862 821
1862 795
795 301
301 488
301 1674
301 142
301 104
822 896
492 671
492 1850
1850 156
156 828
156 1786
1850 1102
1102 1663
1850 1950
1950 538
538 417
417 355
355 689
689 1197
689 1281
689 529
689 951
951 976
976 1603
1603 497
1603 1727
1603 531
976 1926
1926 4
976 158
158 1443
1443 1136
1136 1010
1010 165
1136 481
1443 208
208 188
188 436
188 1020
188 1479
188 151
208 102
102 1978
208 1815
158 471
951 631
631 978
631 477
631 1982
1982 643
1982 595
631 733
951 1620
951 1856
355 347
417 465
465 794
538 1890
538 1383
1950 1063
1724 404
404 530
530 1150
1150 1727
1150 1903
530 356
356 1678
1678 293
293 1391
1391 1140
1140 1258
1258 562
1258 970
970 352
352 345
352 81
352 1515
352 1948
1948 1993
1993 1127
1948 751
1948 647
647 1868
647 778
778 1464
647 1654
647 357
647 632
970 787
970 942
942 1077
1077 1106
1077 1696
1077 1340
1340 656
656 1796
1796 263
263 1832
263 218
218 338
218 1046
218 1640
1640 786
786 1064
786 1540
1540 698
698 1646
1646 460
460 609
609 1135
609 1389
609 547
460 724
460 233
233 564
233 1799
460 1414
698 1449
698 1228
1540 1056
1640 198
198 381
381 1795
381 784
784 1082
1082 556
556 165
556 459
1082 36
1082 1703
1082 39
1082 1815
784 1984
381 601
198 1817
198 659
1640 1633
1633 1261
1261 1793
1793 1973
1973 1368
1973 1441
1793 99
1793 87
1793 1575
1261 1620
1261 126
126 459
126 311
1261 415
1633 1937
1937 207
207 613
613 1570
1570 927
613 1742
1742 143
1742 551
1742 481
1742 1257
1257 1008
1008 1764
1008 279
613 280
613 740
207 440
440 878
207 1858
1937 1288
1288 162
162 236
236 347
162 159
159 1825
159 837
159 501
501 39
1288 1299
1937 391
1633 854
854 285
285 1760
1760 225
1760 217
1760 583
854 337
337 690
690 1201
1201 628
1201 635
635 334
334 851
334 1515
334 1709
635 957
1201 780
1201 1487
690 1671
1671 564
1671 1951
690 1620
337 1857
1857 1991
1857 1559
1857 141
854 1017
1017 1124
1017 1181
1181 1085
1181 858
858 1614
1614 1613
1614 278
1614 1642
858 942
858 468
1181 129
1181 108
108 1774
108 582
108 1542
1542 813
813 1445
813 345
813 1779
1542 1749
1542 848
848 1869
848 175
1633 1800
1800 1548
1800 1437
1800 724
1800 364
364 1325
1325 835
1325 1474
1474 1537
1537 1712
1537 137
1537 117
1537 1463
1463 1431
1431 47
1431 1903
1431 1437
1463 330
1537 177
1474 373
373 1900
1900 1343
1900 914
1900 343
1900 1723
373 582
1474 258
364 1786
364 954
263 344
344 80
344 1195
263 671
1796 57
1796 940
940 659
1796 1927
656 1515
1340 23
1340 1020
1340 150
1340 258
1340 1368
942 846
846 1101
1101 1133
1133 569
569 1508
1133 855
846 161
942 480
942 1968
970 280
1258 941
941 204
204 142
204 746
204 564
204 164
204 978
941 1295
1258 1980
1980 919
1258 81
1140 1652
1678 800
1678 1515
1678 1159
1159 1622
1622 1798
1798 935
1798 1779
1798 773
1622 924
1622 818
1159 1997
1997 713
1997 1667
1159 1826
356 1524
530 1366
530 133
133 1470
133 121
133 1574
530 906
906 1447
530 1694
1724 144
1724 1262
368 870
368 1638
368 249
368 1874
1874 1865
1865 1725
1725 1688
1688 1619
1619 818
1619 400
1619 118
1619 499
1619 1649
1688 1337
1337 1783
1725 1121
1725 276
1865 175
1865 1914
1865 1511
1874 1687
1874 926
1423 1966
1423 1759
706 1552
706 1508
706 1815
582 1634
1634 1908
1634 841
841 1317
1317 696
696 1574
696 880
696 101
101 1818
101 534
101 312
696 203
696 978
1317 1215
1317 1886
1317 1365
1365 868
868 1791
1791 1411
1411 657
868 1467
1365 1413
1634 932
978 1072
1072 486
1072 1939
978 181
716 42
716 1064
659 312
659 1562
659 115
643 296
643 1186
1351 169
1116 299
299 927
299 65
65 510
65 258
299 1696
299 1131
299 1749
1203 1373
1020 21
1020 1769
687 1905
1905 153
1905 843
843 1120
1120 1146
843 436
843 564
843 217
1905 601
535 1556
535 43
1019 769
1019 944
463 1690
882 620
882 1328
879 450
450 628
450 287
287 1372
287 1964
1964 1272
1964 1523
1964 365
287 92
450 862
450 1230
879 1078
1078 1755
1755 1094
1755 359
1755 580
1755 253
1755 936
1078 436
1078 187
1078 747
879 1229
879 366
1562 1284
1284 474
1284 1868
1562 354
354 861
861 46
861 1696
354 1076
1562 67
241 1247
241 149
286 837
155 370
155 809
809 1034
155 1516
1516 1521
1521 549
155 1915
713 1951
713 1029
1029 1121
1029 1834
1029 1252
713 610
1231 1853
1853 1918
1918 90
90 167
90 382
1918 61
61 685
685 1254
685 747
61 1125
1918 780
1254 644
1254 113
1254 502
1849 214
103 1481
62 438
1295 1227
1295 408
1295 899
1934 755
755 457
755 3
755 87
1934 1475
834 1573
834 370
1447 1490
1209 1915
1018 597
141 313
58 1663
58 1187
1187 1908
1187 449
1193 1279
1511 1001
1511 780
1511 53
849 1559
1814 99
1814 457
359 1832
359 1513
1513 693
693 1892
693 374
374 453
374 457
374 1830
1513 1660
932 1949
1262 1252
1262 375
1262 1707
1707 1962
1707 1722
376 1043
580 53
1127 470
1127 1105
1105 497
1105 1971
1972 203
1440 796
1440 200
200 998
998 911
998 1313
1313 77
998 674
674 990
990 1591
1591 866
866 360
360 1455
360 1392
1591 1720
1591 430
1591 1810
1810 1616
1616 1081
1081 365
1081 1968
1081 1496
1810 1610
1610 1378
1378 1842
1610 681
681 1984
681 1097
1097 1073
674 224
998 1432
200 1892
1630 477
939 915
915 1675
105 1843
1843 887
1843 1762
1762 279
1762 1811
1762 1932
1843 730
105 369
369 1996
1996 91
1996 323
1996 1393
105 1968
1198 189
1198 996
1198 1311
1548 1076
1548 1903
1548 859
1001 1113
1001 1894
912 1281
912 1074
1074 566
74 1642
74 552
74 245
1539 319
319 303
1539 740
221 1000
1000 1759
1000 1565
1000 1698
1000 11
11 234
11 1673
11 1567
1039 2
2 914
1658 1015
1015 1701
1701 1041
1701 1182
1182 1216
1701 1779
1015 1921
1015 1976
527 1698
527 839
338 229
540 1243
930 962
930 1872
230 224
1770 76
1575 877
877 719
877 255
255 1043
255 1169
1921 1694
171 1923
1923 1896
1923 1833
79 436
1343 1387
597 39
597 1113
495 1076
1394 1473
256 1146
290 471
33 954
33 1507
278 474
415 1845
1695 1683
1356 1038
1038 1530
1038 1556
1465 1859
1859 1272
1859 1686
1465 1680
904 1783
904 1786
1991 1842
314 39
314 1621
1621 884
884 1401
1401 1230
884 1526
1526 474
1526 773
1621 168
1450 741
1450 1709
1396 1735
1396 652
1396 1451
1451 1279
1451 1904
792 618
618 1595
1595 948
1712 46
1712 45
45 295
295 1368
295 39
295 1783
45 1681
1681 1855
1681 143
1681 596
1681 305
1712 489
608 1825
168 617
47 438
47 1215
1448 1060
1883 1216
1883 543
1229 1892
550 456
1455 724
1455 1183
1455 1669
1071 1424
1424 600
600 160
160 73
73 1605
73 461
73 1279
73 1106
160 1769
600 796
600 793
1424 1680
1424 272
1071 1060
1071 1717
1504 1333
1333 3
1333 152
1333 1518
137 1466
1022 524
1287 431
870 1249
870 1832
1034 44
277 1642
1494 1648
1494 1565
1227 1935
1935 705
705 1271
1271 305
1271 64
64 1553
64 1506
1271 1215
1271 668
1271 781
1227 1299
1227 824
1705 1854
1854 1773
1773 937
937 1933
937 173
937 1952
1952 1121
1773 1676
1676 660
1773 658
1773 1309
1309 688
1854 190
1705 1453
1453 927
1453 887
1453 917
249 783
859 1824
1195 59
1669 1215
971 926
149 254
254 1217
254 732
80 1933
80 1502
1502 761
1502 711
711 1788
711 783
1502 1888
1502 895
1502 1811
80 439
680 1141
203 228
203 1361
1878 1720
1815 722
558 1154
558 1024
1024 961
409 1478
409 1336
1336 1995
566 1826
1134 1649
928 150
928 1663
1784 1960
1960 1075
365 824
1680 1690
1736 1946
1518 371
948 1976
948 231
231 761
231 1471
231 142
948 502
948 1896
948 782
1487 836
1718 719
921 541
541 1106
541 1811
921 1508
1462 695
695 529
1958 644
1958 266
991 1441
8 502
8 468
8 1533
1533 1014
1014 902
1014 437
1533 472
8 391
727 606
727 1524
1500 673
673 1549
673 1827
673 765
1500 1788
1388 1966
1388 303
823 1023
1483 1157
1157 633
1483 1
889 808
808 1940
561 113
153 960
1250 1631
408 98
98 969
98 745
745 451
408 430
686 863
1769 111
1373 1565
477 1711
477 1667
1933 1329
1557 1549
1557 815
118 109
118 1233
666 869
1855 1605
1574 461
1574 549
1403 147
147 1767
1767 660
1767 461
147 1715
1715 1846
1715 576
576 1694
576 760
392 175
49 313
49 333
333 732
333 741
333 983
960 1054
960 1281
960 1154
960 1353
1914 1374
1374 86
86 1620
86 901
1914 163
1914 129
1914 1896
1252 1355
1355 1517
1252 1598
1598 1783
924 476
924 1605
980 1359
123 488
123 855
437 1565
52 1085
52 595
1441 175
1075 546
546 499
546 1689
1075 671
1486 143
229 630
630 724
115 1247
867 987
987 622
622 838
838 1389
622 1497
1497 1490
1497 1524
987 1314
1314 1517
1314 833
867 1683
606 1189
1811 1471
1811 449
1811 1240
1240 842
1240 75
518 60
1605 201
1858 485
485 1243
1858 719
1473 70
70 1733
70 1797
1473 655
1414 48
1414 669
669 89
89 449
1076 343
1249 1339
435 1976
111 1472
664 1620
488 117
510 127
510 982
510 245
43 36
919 366
167 780
746 1799
489 1243
489 1306
1060 1392
1975 780
1306 835
1306 1472
1306 914
1703 106
1942 370
1942 1667
1968 555
1968 325
1968 1711
1968 1460
657 1860
1464 380
1464 268
1464 1154
449 1690
112 227
1731 1586
1731 1094
1694 228
1694 916
1978 1041
1978 796
1978 39
121 183
272 1995
562 583
562 20
633 520
57 1797
57 862
549 617
549 1335
1335 1131
1335 1
1335 963
963 1565
963 264
264 1094
264 1300
1300 797
549 564
1472 1094
1144 598
163 110
1141 481
182 506
1169 1673
258 44
1117 741
1732 1620
565 1577
1577 646
565 1299
565 1449
964 461
476 591
1425 1886
1508 1662
1046 723
1046 1125
472 935
534 751
1177 38
38 916
880 887
1649 718
1945 1939
1890 461
1559 935
44 1478
44 412
851 811
620 189
1889 468
1106 1567
1004 1419
357 1376
357 646
979 1842
366 1733
461 723
1832 1166
1832 1428
1832 110
1886 552
926 833
926 1445
935 276
201 458
749 842
749 532
552 719
552 1233
552 106
1460 1085
1460 423
1460 913
768 782
1652 1523
1652 292
292 1084
1084 481
292 933
621 1338
1466 165
1185 837
574 577
577 18
4 610
4 1154
761 816
816 127
842 637
1418 800
1418 797
1932 1869
1567 1392
113 1535
1166 1413
1166 828
481 913
481 1040
1040 1876
1040 1687
1899 532
1160 1506
1042 973
1824 1648
1506 228
836 1936
1744 190
1426 279
1683 869
1683 1321
430 837
161 1208
1208 1944
1944 1366
1208 1546
1546 1480
1480 853
1690 1974
1974 1631
1690 938
1246 1939
1186 1565
601 1216
468 617
794 215
215 949
129 145
439 1869
23 811
23 428
905 117
688 875
1092 1687
1642 796
144 1922
1922 740
1922 75
144 837
869 1759
869 741
869 969
1759 1099
1759 1869
1759 1281
1663 1368
117 1686
1413 1207
1207 173
1207 316
316 1916
1916 524
316 1869
1207 1236
1236 214
1236 722
1207 1711
875 1509
1509 1061
875 375
1319 896
1711 1966
1711 506
1995 224
1274 39
53 1145
1145 769
53 1962
1664 451
1664 181
668 1597
668 1786
183 1590
183 486
1475 75
486 598
1366 844
1366 911
1673 1165
520 150
1662 1939
1499 719
1471 1461
1461 145
1545 526
382 375
106 1320
1338 741
671 1727
325 225
1686 833
1565 1501
1501 343
1501 1344
949 617
502 591
132 173
1056 1698
190 658
902 81
423 1966
423 1884
824 862
769 1856
913 532
313 154
1971 1170
1170 127
595 391
36 1478
733 152
371 524
1063 1939
1966 844
42 1197
42 760
1135 455
1165 532
227 127
1876 307
1197 109
1515 134
833 173
855 632
