1509 739
613 935
1480 931
201 1845
1377 613
612 546
127 400
633 1961
667 1356
701 1731
1462 966
650 386
1448 424
760 1400
1176 612
577 1610
452 616
688 1754
1878 205
1663 1171
371 1916
648 533
989 264
214 910
75 1976
1704 222
58 320
1375 617
525 1724
1599 652
633 1648
1921 1091
1543 882
969 722
1447 1109
1867 841
1360 251
1409 1819
943 354
322 1978
1446 1885
1909 680
1957 1849
21 1322
1247 701
209 1505
1043 1777
17 196
1644 915
1483 1567
604 1944
1873 1946
1065 1820
1663 1553
587 1153
507 1032
1876 721
907 185
1658 614
1231 1750
1361 1767
1731 571
95 1484
1739 143
1617 358
1376 1619
463 698
785 101
345 243
908 1806
514 1172
1834 693
169 1829
582 629
366 1762
1356 1270
1116 1751
135 820
216 824
1452 1838
1375 178
1260 1547
705 1417
276 1252
74 256
1964 205
693 1443
472 1307
81 1175
521 1326
1733 222
325 1610
794 1568
616 96
928 148
1588 599
701 941
539 1528
1734 1222
1415 488
1082 1742
347 1209
1097 1346
261 484
395 1938
1711 1058
1938 906
1170 234
785 1654
19 1276
1722 1409
1574 68
1571 263
201 453
943 1653
1549 1020
1429 479
1142 1229
1599 1898
136 1655
556 879
405 1011
1571 100
146 1407
720 357
969 53
754 1758
101 353
1424 641
16 1701
1379 942
1386 192
261 1279
1728 1528
286 1483
624 1799
1093 127
548 748
1476 831
1574 1961
1092 510
862 1763
95 1185
1281 386
554 1559
363 973
650 1165
1424 637
1571 202
1270 980
1591 1083
973 1304
19 241
491 210
798 1395
794 1194
1390 376
73 38
753 427
289 455
1734 22
53 16
882 1229
1397 712
789 304
921 1300
589 1575
1114 136
463 846
690 1710
702 1045
1229 125
1183 275
382 1088
573 979
1880 1517
1376 1549
32 1966
72 1738
1327 1295
89 1696
626 750
1147 1457
271 175
846 1582
1813 469
302 284
58 177
1146 1185
261 764
1360 1283
452 1466
1784 111
1929 1569
1733 1343
955 509
140 1078
1401 282
1139 355
1615 1306
708 844
554 1064
589 1751
789 1178
443 756
329 1036
862 1197
402 220
137 1502
356 882
580 1155
1757 1598
515 481
1400 1849
669 398
775 1583
955 1132
394 446
209 473
1588 334
1201 501
1853 1477
1247 1025
37 1024
1335 895
1955 952
31 1411
398 1620
296 32
589 226
1875 1284
739 1195
679 31
1278 1999
1093 979
1136 1372
1757 1641
246 930
67 1620
718 1531
838 1203
1938 1390
521 1583
1615 1455
1115 716
613 967
1841 1336
590 346
427 482
1392 1568
1484 1847
221 981
1043 1583
1100 633
748 1231
1446 1903
579 1578
22 1460
417 1617
1514 571
1964 574
780 1144
589 1304
1515 1236
332 1979
70 1687
789 512
631 653
1480 1059
539 702
486 1838
1258 481
290 727
577 1605
732 232
246 289
732 1754
1566 398
1469 1358
1263 847
894 1773
136 92
1897 583
1661 1044
1417 1818
245 1312
240 718
1938 1372
880 527
1768 96
245 1678
1615 135
632 1363
1949 1423
919 1372
604 1917
276 1158
16 1439
21 1039
570 138
1949 168
201 1836
354 1999
1229 1986
1292 337
1040 1929
1786 1073
709 598
1278 549
1867 696
424 1473
1 1458
1180 643
1055 57
1546 1358
632 1
1116 1586
1768 1450
429 464
690 1481
1243 1460
194 1664
688 396
876 509
1147 1218
1008 801
1122 492
1802 1807
551 1784
1373 717
1480 1057
845 1032
671 889
1825 1227
900 126
1093 673
1417 215
1532 1724
1240 1596
89 1651
1229 195
1293 1989
395 271
1732 606
1356 1720
1658 1710
521 1660
1815 408
1446 539
1016 173
1256 1007
1163 57
836 523
276 1645
644 915
536 1167
648 1263
922 160
751 1784
862 197
788 1640
882 1191
1354 878
453 795
1111 1094
1822 229
693 157
1815 243
1354 1918
1970 1659
302 390
1420 1979
1497 752
1016 723
323 1446
477 933
1348 2
846 707
1240 592
1555 1696
336 1363
140 1892
1183 1995
1711 649
1263 1525
1853 758
286 589
1756 1786
349 542
117 793
1566 559
1247 1825
693 726
73 864
1456 1421
1722 1243
1724 1835
1308 1069
788 139
1113 501
1292 1937
1834 1199
1973 166
1196 744
1912 1440
1247 75
788 1998
1798 1361
539 612
1719 452
1185 493
785 1095
463 31
16 1419
1327 1680
1030 106
1417 608
1350 885
1519 1952
1817 1823
992 1947
1722 932
161 558
637 1708
1558 1716
1447 1541
1365 183
1950 136
1462 1319
1386 829
452 1539
732 29
863 64
1584 2000
685 1369
1791 1227
1918 255
1310 1308
1970 1867
41 596
1354 877
1519 1898
1149 1553
798 729
291 1213
1733 1099
200 523
1834 1583
1292 666
1737 114
575 1247
452 401
1292 1289
146 160
1065 278
1964 1542
645 295
1165 1655
1931 1178
1086 182
500 552
359 257
1752 879
289 961
1354 1612
271 884
136 581
336 1024
1146 665
1853 124
189 1066
1108 1160
1546 429
1147 55
227 372
152 1177
1973 1843
1367 233
1443 1187
1844 824
417 143
296 1462
415 209
1786 1745
1384 1592
218 1332
1815 1439
943 754
507 1630
329 393
1666 547
240 211
89 1675
1065 1490
754 1033
345 94
387 1303
1263 656
538 1337
1002 1950
1659 1529
1122 669
1648 1281
1534 1453
784 1244
126 1222
768 508
488 834
133 577
1500 334
240 1073
637 885
555 899
921 1758
1113 635
900 970
668 1110
1231 1236
322 1142
1802 99
1183 1003
1761 1010
286 830
328 1137
648 747
875 765
1585 1385
668 1739
626 756
1122 1528
1008 80
67 1077
1356 1997
613 119
1183 791
957 873
957 1190
194 425
1350 1426
1964 1209
1481 249
500 1762
1123 1866
971 68
1841 400
1993 654
1841 1232
1219 1199
395 1235
1093 1249
1215 575
784 300
1451 1382
1887 74
1119 1577
720 839
882 326
1123 467
803 310
200 1997
628 1325
168 1806
1929 145
1887 1219
625 359
1501 1490
790 888
955 1116
1107 1777
1361 320
1401 1918
1813 1394
135 250
998 667
333 1118
1416 1215
1838 935
768 1457
261 1062
1700 410
1278 121
1040 906
43 523
907 636
431 1416
785 10
429 958
1815 1770
613 383
189 55
1944 904
67 1689
975 40
992 892
628 506
992 1119
211 905
1986 89
1687 553
1417 635
1456 1824
72 142
988 420
1375 1210
1595 718
1875 86
943 1088
645 473
1292 125
23 442
1515 1260
1724 907
221 791
1153 219
429 495
417 1011
551 287
1761 1013
573 888
1585 1673
664 1971
742 580
1501 1258
1666 604
1601 905
349 1909
628 1057
1574 1250
1841 1846
113 1844
1278 1650
1504 844
1880 750
1571 1951
304 1598
1715 11
1258 308
1534 174
1278 842
214 771
790 1849
189 548
1170 1303
671 1196
969 7
166 185
773 75
1146 1092
1452 1876
1481 216
1986 1195
846 54
969 492
1873 943
701 1253
1802 821
1876 1409
1107 866
846 183
1373 593
291 1083
336 92
798 1956
674 1153
862 1919
616 1479
16 827
1 1777
486 1283
969 331
701 673
1030 378
539 938
1508 1281
58 1182
503 1076
1719 1264
1591 468
1025 485
731 1446
1875 395
72 486
1296 802
748 1342
1567 1439
1715 424
1815 410
1327 1489
261 1204
1372 572
155 563
276 615
1873 1407
521 307
1055 1693
709 1356
862 1914
1123 1318
488 408
1853 81
19 262
1308 828
1163 847
1783 1008
152 1927
169 560
1575 1025
1642 1634
579 1266
299 323
1566 1108
1287 1994
299 1666
153 1760
590 1255
1663 594
302 707
1985 1051
1360 839
1595 1213
720 458
628 1346
366 1236
1737 844
1853 584
551 1756
1335 1363
1416 464
278 477
1740 250
580 634
329 434
1546 1493
299 677
1929 1385
1123 330
871 1317
1603 1095
1335 1956
358 1952
1477 1727
1563 1636
238 901
748 904
1968 1790
1379 1233
426 1398
890 1103
1372 1359
1638 586
1471 1499
1456 669
916 232
322 893
1082 1706
1040 1245
637 1173
216 378
1417 1470
1292 1733
1 566
1030 939
1142 924
1240 1225
580 1991
863 744
1513 1654
1280 755
296 1423
201 836
1867 934
768 1874
1097 1822
363 959
100 554
589 1775
246 1024
1452 1804
690 1837
16 342
166 23
1976 780
160 1088
1752 724
1875 756
1949 1257
998 132
863 283
1477 542
1642 1782
773 1551
1116 979
478 712
276 917
1247 820
1786 1185
302 541
503 1887
394 1303
1379 1488
1964 1970
153 1259
1429 1618
632 850
706 1917
918 1278
1281 603
463 1926
323 777
1566 966
1596 521
998 665
650 523
515 992
1322 1700
1146 546
1768 867
562 1724
631 1719
785 705
349 547
1397 1890
1615 1826
1452 345
1231 1125
229 1167
1345 593
846 147
1842 901
56 312
1169 859
1603 741
185 779
521 138
987 815
194 1155
971 1095
1509 207
1201 1533
491 1056
1408 300
1030 1218
304 1119
751 1747
1815 1280
23 1301
1452 1939
1504 1295
135 163
1345 1962
2 1358
1513 1225
1595 1255
1825 1042
1231 1192
1384 1488
955 465
790 1496
1338 65
261 1942
211 556
366 92
1722 988
271 456
1558 1237
1321 747
209 1183
685 1616
415 265
1976 1327
1016 1493
1599 1620
969 654
521 1303
271 470
1644 395
1880 887
773 1997
1153 1695
1588 881
985 749
1687 1180
724 1844
1015 932
67 439
1270 26
1519 1702
602 323
1950 1983
286 85
1015 1493
140 203
1622 64
3 1557
1557 1303
1303 186
186 1522
1522 1626
1626 1362
1362 529
529 1418
1418 324
324 327
327 3
327 1213
1213 995
995 1033
1033 778
778 1994
1994 1568
1568 367
367 1881
1881 607
607 963
963 1331
1331 119
119 1197
1197 806
806 756
756 528
528 1827
1827 393
393 532
532 1765
1765 1463
1463 1311
1311 1690
1690 603
603 541
541 1963
1963 737
737 523
523 1459
1459 1076
1076 1808
1808 601
601 1628
1628 1194
1194 330
330 530
530 692
692 1678
1678 1341
1341 66
66 756
66 147
147 1747
1747 120
120 1691
1691 929
929 1612
1612 172
172 1193
1193 1742
1742 1228
1228 1239
1239 108
108 422
422 574
574 165
165 1592
1592 1328
1328 930
930 1882
1882 377
377 251
251 1039
1039 1978
1978 945
945 865
865 920
920 1052
1052 1406
1406 1421
1421 104
104 225
225 827
827 779
779 483
483 1927
1927 1004
1004 716
716 389
389 1083
1083 1343
1343 467
467 1759
1759 895
895 1203
1203 1917
1917 411
411 797
797 1927
797 485
485 45
45 759
759 326
326 222
222 684
684 1154
1154 29
29 1249
1249 1529
1529 191
191 1796
1796 1570
1570 905
905 309
309 727
727 187
187 1893
1893 428
428 1435
1435 1084
1084 86
86 527
527 1020
1020 1405
1405 903
903 385
385 656
656 559
559 933
933 320
320 1846
1846 88
88 1288
1288 1684
1684 1587
1587 809
809 1914
1914 1249
1914 1226
1226 711
711 1997
1997 1932
1932 312
312 1510
1510 1823
1823 717
717 982
982 338
338 90
90 1052
90 346
346 1741
1741 764
764 597
597 1766
1766 1217
1217 1677
1677 595
595 1630
1630 373
373 694
694 1705
1705 825
825 116
116 1403
1403 353
353 1051
1051 557
557 1701
1701 550
550 593
593 1060
1060 675
675 512
512 642
642 1274
1274 1295
1295 357
357 313
313 1019
1019 659
659 20
20 1682
1682 1643
1643 877
877 1112
1112 316
316 1071
1071 228
228 1216
1216 1743
1743 636
636 567
567 1850
1850 984
984 1284
1284 1965
1965 1391
1391 1077
1077 1947
1947 1562
1562 1323
1323 714
714 1178
1178 297
297 318
318 1290
1290 124
124 828
828 255
255 1155
1155 643
643 1641
1641 348
348 172
348 1110
1110 1090
1090 960
960 1650
1650 913
913 869
869 272
272 391
391 1852
1852 1404
1404 1363
1363 949
949 1671
1671 1466
1466 1406
1466 703
703 1289
1289 1071
1289 744
744 888
888 195
195 501
501 812
812 1033
812 1088
1088 1605
1605 926
926 1173
1173 1301
1301 1565
1565 527
1301 904
904 1109
1109 1649
1649 776
776 746
746 1653
1653 1272
1272 1080
1080 984
1080 149
149 588
588 40
40 1029
1029 712
712 661
661 1902
1902 797
1902 180
180 660
660 684
180 1937
1937 684
180 1157
1157 825
180 942
942 623
623 204
204 896
896 1974
1974 1669
1669 1490
1490 1078
1078 1646
1646 150
150 1301
150 1036
1036 1541
1541 1271
1271 1009
1009 847
847 1989
1989 1777
1777 1772
1772 1966
1966 1569
1569 1101
1101 210
210 277
277 343
343 1279
1279 850
850 1800
1800 700
700 1524
1524 1829
1829 946
946 440
440 810
810 1364
1364 182
182 442
442 1767
1767 911
911 847
911 459
459 392
392 1276
1276 1155
1276 1528
1528 1209
1209 1380
1380 1871
1871 905
1871 1611
1611 233
233 342
342 1063
1063 1774
1774 1517
1517 1468
1468 423
423 219
219 287
287 1013
1013 99
99 1578
1578 721
721 1034
1034 1148
1148 1619
1619 1649
1619 1064
1064 1560
1560 1388
1388 978
978 1155
978 1131
1131 206
206 1529
1131 1475
1475 1582
1582 948
948 1987
1987 1061
1061 1826
1826 990
990 1629
1629 103
103 1190
1190 170
170 935
935 610
610 470
470 1667
1667 535
535 1780
1780 1720
1720 1290
1780 752
752 1790
1790 80
80 412
412 223
223 1556
1556 782
782 1230
1230 1956
1956 1962
1962 1765
1962 1184
1184 235
235 1915
1915 1464
1464 1046
1046 886
886 1460
1460 842
842 1685
1685 1000
1000 851
851 606
606 853
853 1579
1579 848
848 1371
1371 125
125 873
873 1856
1856 1128
1128 1062
1062 1202
1202 1433
1433 861
861 98
98 695
695 1351
1351 611
611 1709
1709 809
1709 266
266 1672
1672 164
164 884
884 40
884 722
722 814
814 1883
1883 1753
1753 115
115 902
902 1696
1696 976
976 770
770 1632
1632 1637
1637 309
1637 603
1637 960
1637 1014
1014 874
874 419
419 493
493 1568
493 849
849 482
482 1730
1730 109
109 307
307 461
461 455
455 676
676 935
676 1879
1879 1458
1458 1182
1182 397
397 1505
1505 953
953 545
545 1608
1608 649
649 1775
1775 850
1775 778
1608 850
1608 1238
1238 1102
1102 656
1102 1071
1102 1763
1763 435
435 873
435 1916
1916 142
142 187
1916 651
651 122
122 1621
1621 1491
1491 745
745 1969
1969 1162
1162 1173
1162 1598
1598 1531
1531 1251
1251 528
1251 1259
1259 1307
1307 487
487 761
761 1453
1453 1017
1017 1869
1869 759
1453 1445
1445 740
740 638
638 1411
1411 1625
1625 1374
1374 78
78 384
384 362
362 1906
1906 1550
1550 1141
1141 1564
1564 1206
1206 1702
1702 158
158 540
540 460
460 1859
1859 1597
1597 1259
1597 938
938 1264
1264 173
173 1110
173 115
173 1009
1264 1930
1930 1226
1930 1800
1264 757
757 230
230 1137
1137 1999
1999 281
281 61
61 1621
281 1305
1305 1894
1894 374
374 585
585 1341
585 858
858 1767
858 1091
1091 282
282 1498
1498 1819
1819 284
284 615
615 1618
1618 576
576 1980
1980 144
144 1225
1225 1954
1954 1797
1797 414
414 1385
1385 1265
1265 1070
1070 764
1070 1717
1717 167
167 1459
1070 352
352 1433
352 420
420 341
341 1651
1651 1389
1389 1830
1830 563
563 1583
1583 1620
1620 310
310 646
646 1996
1996 476
476 766
766 1628
766 680
680 1126
1126 1193
1126 381
381 1326
1326 273
273 1990
1990 406
406 154
154 504
504 1313
1313 1865
1865 1758
1758 112
112 936
936 1173
936 1710
1710 1253
1253 1933
1933 1942
1942 1864
1864 1431
1431 1001
1001 749
749 681
681 36
36 410
410 330
410 1053
1053 1551
1551 1581
1581 147
1581 1095
1095 824
824 252
252 1450
1450 15
15 267
267 1472
1472 1635
1635 1981
1981 1316
1316 956
956 421
421 1679
1679 149
1679 818
818 1217
818 1781
1781 1706
1706 1804
1804 1353
1353 378
378 1352
1352 1493
1493 1346
1346 925
925 1378
1378 375
375 93
93 1426
1426 603
93 1895
1895 1011
1011 1512
1512 826
826 752
826 1194
826 572
572 1118
1118 1470
1470 1084
1470 1946
1946 622
622 404
404 597
404 377
404 923
923 1799
1799 1343
1799 1983
1983 28
28 1523
1523 183
183 196
196 1220
1220 767
767 726
726 408
408 641
641 1389
641 1369
1369 1502
1502 725
725 972
972 1723
1723 454
454 1861
1861 815
815 1960
1960 1181
1181 1110
1960 1223
1223 860
860 974
974 712
974 769
769 1795
1795 483
1795 543
543 1769
1769 1299
1299 330
1299 1646
1299 1701
1299 1164
1164 1453
1164 1746
1746 549
549 956
1746 360
360 115
360 1413
1413 432
432 1894
432 873
432 301
301 392
301 1846
432 1314
1314 1200
1200 1660
1660 950
950 351
351 1340
1340 1923
1923 959
959 172
959 1436
1436 1198
1198 104
1198 274
274 1602
1602 1069
1069 1326
1069 1098
1098 1490
1098 547
547 1748
1748 1618
1748 1237
1237 755
755 399
399 1044
1044 1242
1242 1138
1138 1054
1054 1427
1427 1832
1832 148
148 482
148 1151
1151 1300
1300 763
763 1479
1479 925
1479 608
608 294
294 764
608 1849
1849 1899
1899 1156
1156 1078
1156 1482
1482 879
879 689
689 889
889 178
178 1902
178 310
889 308
308 257
257 1332
1332 106
106 1186
1186 719
719 597
719 1997
1186 157
157 1124
1124 787
787 309
787 508
508 1939
1939 79
79 115
79 82
82 1830
82 102
102 585
102 817
817 661
817 97
97 1355
1355 176
176 12
12 977
977 1094
1094 826
1094 284
977 8
8 526
526 434
434 874
434 1150
1150 995
1150 1472
526 1898
1898 1071
1898 707
707 546
546 120
707 1865
1898 111
111 91
91 1006
1006 635
635 110
110 1234
1234 1423
1423 1187
1187 384
1187 1225
1423 1755
1755 553
553 83
83 1959
1959 132
132 190
190 1891
1891 1807
1807 833
833 560
560 717
560 1460
560 523
833 819
819 107
107 11
11 1903
1903 1206
1903 1816
1816 364
364 898
898 39
39 1521
1521 1662
1662 1383
1383 1172
1172 1636
1636 1943
1943 199
199 159
159 499
499 1789
1789 1670
1670 558
558 305
305 1011
305 537
537 179
179 1904
1904 561
561 342
561 451
451 1824
1824 1271
1824 1789
451 316
451 76
76 1033
76 1527
1527 779
76 257
1904 1954
179 811
811 94
94 1612
811 1630
811 247
247 656
247 457
457 623
457 511
511 1593
1593 1151
1593 825
1593 355
355 1252
1252 672
672 1134
1134 1083
672 96
96 792
792 1507
1507 1084
1507 1033
1507 695
1507 1064
792 1010
1010 1072
1072 822
822 1922
1922 68
68 1811
1811 262
262 1406
262 255
1811 726
68 1490
1922 1594
1594 662
662 738
738 391
738 1329
1329 639
639 1421
639 1975
1975 250
250 915
915 869
915 678
678 1871
678 1461
1461 1716
1716 40
1716 1544
1544 1057
1057 1961
1961 1586
1586 518
518 516
516 1487
1487 1999
1487 1226
1487 776
516 1001
518 1635
518 1494
1494 901
901 807
807 1746
901 473
473 1033
473 1438
1438 944
944 1967
1967 1059
1059 52
52 776
52 926
1059 1467
1467 1953
1953 825
1953 265
265 949
265 694
265 423
265 459
1467 792
1467 1465
1465 48
48 416
416 578
578 1186
578 455
578 824
578 1978
578 821
821 361
361 368
368 143
143 1718
1718 121
121 614
614 1686
1686 597
1686 367
1686 1690
614 34
34 1090
34 749
34 1073
1073 273
1073 713
713 339
339 1634
1634 1819
1634 1067
1067 1677
1067 1257
1257 267
1067 241
241 1979
1979 652
652 1992
1992 458
458 1435
458 1754
1754 1812
1812 1606
1606 1244
1244 1455
1455 1214
1214 283
283 156
156 1803
1803 71
71 1224
1224 1901
1901 1033
1901 1915
1901 1859
1224 226
226 1843
1843 138
138 177
177 1195
1195 860
1195 841
841 1941
1941 1012
1012 1492
1492 897
897 314
314 1003
1003 904
1003 595
314 1689
1689 335
335 1977
1977 1885
1885 965
965 1872
1872 1307
1872 1535
1535 1037
1037 1794
1794 313
1037 1712
1712 568
568 1410
1410 1762
1762 337
337 930
337 1044
1762 435
1762 298
298 1903
298 78
298 105
105 828
105 48
105 124
105 527
105 1411
298 1905
1905 949
1905 1368
1368 231
231 1056
1056 1965
1056 795
795 609
609 1589
1589 1551
1589 1860
1860 1074
1074 735
735 1925
1925 772
772 643
772 1683
1683 418
418 1012
1683 6
6 379
379 303
303 1521
379 1068
1068 1983
1068 321
321 605
605 994
994 1241
1241 1848
1848 306
306 728
728 1402
1402 1866
1866 1339
1339 933
1339 1202
1866 1032
1032 1713
1713 782
1713 469
469 1133
1133 786
786 1212
1212 726
1212 689
1212 609
1212 1839
1839 1349
1349 1999
1349 913
1349 821
1349 1010
1349 207
207 69
69 138
207 48
1349 219
786 1972
1972 581
581 540
581 1021
1021 572
1021 1027
1027 827
1027 171
171 654
654 9
9 853
654 567
654 557
654 376
376 1738
1738 1394
1394 1559
1559 1161
1161 1084
1161 1883
1161 1179
1179 883
883 1511
1511 1033
1511 1708
1708 448
448 629
629 1325
1325 1396
1396 505
505 1624
1624 78
1624 1266
1266 686
686 523
1266 885
885 614
885 1670
1266 33
33 280
280 1600
1600 469
280 1042
1042 1524
1042 12
33 566
566 1235
1235 1490
1235 734
734 619
619 1344
1344 1047
1047 1707
1707 520
520 1440
1440 1664
1664 1893
1664 283
1440 779
1440 1329
1440 855
855 832
832 1553
1553 1926
1926 1936
1936 1801
1801 925
1936 1137
1926 1104
1104 792
1104 1391
1104 1530
1530 911
1530 1210
1210 130
130 714
1210 934
934 765
765 264
264 1984
1984 1209
1984 510
510 810
510 1994
264 1024
1024 330
1024 1217
1024 433
433 1041
1041 13
13 997
997 1673
1673 1437
1437 819
1437 456
456 174
174 1359
1359 970
970 1859
970 1965
1359 203
203 571
571 1517
571 1238
571 1128
571 384
571 1902
571 1046
1359 1174
1174 1425
1425 745
1425 586
586 1636
1425 1393
1393 1837
1837 597
1837 1221
1221 517
517 50
50 1492
50 1076
50 1096
1096 661
1096 1121
1121 843
843 967
967 489
489 541
489 824
489 639
489 307
843 523
843 1649
843 599
599 1525
1525 680
1525 755
1525 124
599 513
513 497
497 927
927 1105
1105 1770
1770 1248
1248 1965
1248 1398
1398 899
899 1835
1835 762
762 986
986 232
232 1011
232 1069
232 252
232 881
881 795
881 1512
986 1010
986 566
986 1981
762 1681
1681 1218
1218 383
383 621
621 774
774 1290
774 1958
1958 175
175 279
279 380
380 869
380 315
315 377
380 1628
279 822
279 406
279 1254
1254 460
1254 730
730 844
844 412
844 574
730 867
867 1319
1319 1735
1735 1249
1735 471
471 1989
471 392
1735 1978
1735 1846
867 1924
1924 1103
1103 937
937 782
1103 630
630 1488
1488 851
1488 1647
1647 1760
1760 1900
1900 1911
1911 1652
1652 1851
1851 1597
1851 1805
1805 1355
1805 1388
1805 1891
1851 1434
1434 244
244 1302
1302 1250
1250 1144
1144 699
699 110
699 159
699 1192
1192 1940
1940 148
1940 1138
1192 1298
1298 1290
1298 874
1298 1442
1442 905
1298 1193
1298 1992
1192 824
1144 1723
1144 1276
1250 1649
1250 459
1250 1545
1545 1577
1577 952
952 392
952 563
952 1989
952 241
1545 1013
1302 47
47 1580
1580 714
47 1081
1081 905
1081 1078
47 1438
47 1236
1236 285
285 1528
285 1779
1779 1475
1779 614
1779 1018
1018 1505
1018 1125
1125 939
939 755
939 1516
1516 1870
1870 314
1870 698
698 44
44 1190
698 1945
1945 1862
1862 1836
1836 620
620 1291
1291 6
1291 439
439 1654
1654 827
1654 812
439 1609
1609 1137
1609 480
480 264
1609 1085
1085 1058
1058 310
1085 1405
1085 1204
1204 1649
1204 897
1204 1881
1204 475
475 1445
475 1395
1395 1177
1177 542
542 906
906 1482
906 455
542 1294
1294 195
1294 1228
542 1060
542 285
542 163
163 1670
163 1954
163 492
492 1857
1857 18
18 1318
1318 1623
1623 1193
1623 821
1623 877
18 1895
1857 1718
1857 793
793 715
715 175
715 781
781 1792
1792 1152
1152 544
544 1455
544 1413
1152 909
909 259
259 257
259 1162
909 929
1792 646
1792 459
715 808
808 1314
808 1671
793 350
350 85
85 1431
85 34
350 1103
350 1056
793 1340
492 144
492 1960
163 797
163 496
496 552
552 324
542 1922
1177 673
673 1062
673 687
687 474
474 1518
1518 1535
1518 1806
1806 687
1806 945
474 1282
1282 1808
1282 466
466 1866
1282 1403
1282 464
464 1166
1166 1399
1399 1554
1554 563
1399 132
1166 1199
1199 601
1199 1692
1692 46
46 433
46 1889
1889 663
663 1132
1132 670
670 799
799 1464
670 481
481 1031
1031 107
1031 257
1031 1109
1031 966
966 5
5 1262
1262 131
131 931
931 1877
1877 1057
1877 572
1877 1676
1676 64
64 1800
64 7
7 436
436 1943
1877 1264
1877 111
1877 1738
931 1473
1473 1131
1473 1005
1005 217
217 1570
217 420
217 1089
1089 379
1089 111
217 1990
217 576
1005 445
445 534
534 926
534 530
445 1009
1005 1721
1721 723
723 1934
1934 917
917 646
1934 1606
1934 659
1934 1162
1934 504
1721 1972
1721 745
1473 1818
1818 666
666 1683
666 735
1818 524
524 396
396 792
396 682
682 1206
682 26
26 1194
682 627
627 1649
627 1845
1845 1858
1858 940
940 257
940 1395
940 859
859 1551
940 704
704 1788
1788 334
334 744
334 1833
1833 722
1833 565
565 202
202 1490
1833 1524
334 721
1788 1328
704 1698
1698 1766
704 134
134 1755
134 165
134 689
134 1991
1991 1607
1607 1358
1358 778
1358 6
1991 524
1991 1526
1526 850
1991 258
258 1846
258 994
258 77
77 842
1858 696
696 847
696 1052
1845 651
1845 1269
1269 1899
1269 235
1845 1475
524 1804
524 1297
1297 444
444 1035
1035 1597
1035 823
823 1714
1714 481
1714 1213
1714 1084
1714 1978
1714 1881
1714 1060
1714 533
533 1576
1576 413
413 1754
1576 833
1576 913
1576 1773
1773 1337
1337 1076
1337 729
729 777
777 494
494 698
494 314
777 611
729 35
35 213
213 1759
35 833
729 843
729 1764
1764 30
30 465
465 1413
465 1232
1232 1606
1232 902
1232 991
991 1439
1439 1151
1439 1773
991 1050
1050 268
268 697
697 250
697 1074
1050 797
1050 1395
1050 1061
991 1347
1347 493
1347 313
1347 1886
1886 860
1886 1289
991 1485
1485 1747
1485 1533
1533 830
830 1701
1533 1013
1533 828
991 1750
1750 1460
1750 765
991 184
184 870
870 1920
1920 1744
1744 239
239 691
691 1036
691 1995
1995 1556
1995 519
519 1859
519 120
691 1412
1412 498
498 817
498 1868
1868 606
1868 91
1868 267
1412 815
1412 758
758 370
370 407
407 373
407 1004
758 1241
691 1840
1840 409
409 1981
409 1908
1908 1182
1908 619
409 197
197 1091
197 187
197 1391
409 401
401 1604
1604 1340
1604 678
1840 1954
1840 905
1840 2000
2000 828
2000 605
870 938
870 1797
184 1946
184 1135
1135 1674
1674 963
1674 529
1674 1864
1135 1396
465 1692
465 1160
1160 893
893 851
30 1559
30 567
30 1899
729 307
533 1336
1336 835
835 1951
1951 778
1951 1370
1370 1306
1306 1810
1810 914
914 435
914 1625
914 1677
914 1410
1306 527
835 305
1336 388
388 1078
1336 658
658 468
468 1233
1233 1883
1233 441
441 151
151 815
151 1374
151 767
441 1680
1680 495
495 1956
495 1128
495 868
868 1324
1324 834
834 1974
834 1445
868 1680
868 309
868 1628
1680 80
1680 1290
441 634
634 1191
1191 1127
1127 1366
1366 1495
1495 86
1495 700
1495 1057
1366 148
1366 253
253 1275
1275 51
51 1729
1729 1475
1729 926
51 1670
51 910
910 961
961 1351
910 1902
910 1289
910 1879
1275 1849
1275 1994
1127 365
365 1330
1330 467
1330 187
365 1793
1793 1387
1387 1217
1793 215
215 815
1793 260
260 1221
260 947
947 1975
260 1660
260 776
1793 1430
1430 1010
1430 1820
1820 1610
1610 584
584 144
1610 297
1610 611
1820 1004
1820 1309
1309 1498
1309 1131
1793 313
1793 1917
1793 1259
1793 980
980 647
647 1140
1140 1188
1188 1542
1542 1245
1245 343
1542 1650
1188 236
236 866
866 313
866 263
263 1946
866 1453
236 442
236 1286
1286 13
1286 1325
236 1087
1087 635
1087 1966
1087 1177
236 792
1188 1357
1357 145
145 1863
1863 933
1863 1091
1863 1307
1863 995
145 1182
1140 307
1140 872
872 559
1140 150
647 677
677 1177
677 485
647 1907
1907 746
1127 1906
1127 1105
1191 1333
1333 689
1333 1701
1333 1657
1657 1506
1506 1592
1657 1667
1333 611
634 689
634 725
634 593
441 1090
441 1767
468 837
837 1000
837 479
479 331
331 1478
1478 1342
1342 665
665 1498
665 186
665 198
198 847
198 912
912 484
484 1538
1538 1079
1079 1272
1079 1695
1695 316
1695 326
1695 1491
1079 1803
1538 1917
1538 1978
484 1547
1547 311
311 853
311 735
311 223
311 734
1547 40
1547 1760
1547 1225
1547 597
484 351
912 1696
198 717
198 1438
665 1414
1414 1028
1028 481
1028 1862
1028 1616
1616 1523
1616 1355
1616 1246
1246 883
1246 1316
1246 1572
1572 372
372 840
840 38
38 529
38 1656
1656 376
38 1432
1432 20
1432 372
38 129
129 802
802 1004
802 1299
129 411
129 1962
38 1681
372 1812
372 297
1572 1889
1616 762
1342 889
1478 269
269 469
269 438
438 1684
438 63
63 684
438 1207
1207 933
269 1362
1478 1971
1971 1297
1971 1854
1854 437
437 1026
1026 1237
1026 1171
1171 1182
1171 1018
1171 530
1026 1267
1267 796
796 199
1267 118
118 1331
118 1066
1066 745
1066 1004
1267 569
569 385
1267 150
1267 543
1026 148
437 1221
437 1419
1419 1778
1778 756
1778 597
1419 839
839 144
839 461
1854 1544
1971 360
1971 144
1971 1203
1971 1038
1038 1125
1038 1110
1038 71
1478 1943
331 994
331 816
816 1548
1548 852
852 1033
852 83
852 448
1548 635
1548 1568
479 1872
1336 309
1336 1749
1749 188
188 1511
188 357
188 474
1749 1422
1422 801
801 600
600 1473
801 1529
801 1745
1745 1633
1633 1703
1703 195
1703 1214
1633 531
531 791
791 1808
791 1493
791 813
813 1249
813 1902
531 1054
531 364
1633 1586
1633 455
801 254
254 984
254 1852
1422 1410
1422 340
340 1398
1422 241
1422 1522
1749 404
1749 513
1749 62
62 1705
62 1998
1998 1273
1273 591
591 1490
591 1564
591 1227
1227 1193
591 745
1273 1830
1273 319
319 588
319 818
1998 1655
1655 1524
1998 1503
1503 110
1998 3
1998 1662
1998 447
447 743
743 1024
823 1168
1168 1238
1168 1444
1444 959
1168 1039
823 156
823 481
823 1109
444 1465
444 1963
1297 1033
1297 1073
1297 310
1473 1511
931 1205
1205 925
1205 42
42 1299
42 528
1262 797
1262 1948
1948 951
951 935
951 430
430 24
24 241
24 1535
951 884
1948 1668
1668 941
941 92
92 476
92 106
92 1865
941 1789
1668 741
741 878
878 1954
741 750
750 1075
1075 1431
1075 1808
1075 1103
750 740
750 249
249 1523
1948 1701
1262 851
1262 384
5 1410
481 771
771 1098
771 256
256 28
670 257
670 1517
670 1681
670 1782
1782 1787
1787 1849
1132 455
1132 1561
1561 687
1561 1751
1751 659
1751 1490
663 1051
663 1277
1277 482
1277 1486
1486 1612
1486 640
640 824
640 716
1277 1620
1277 1239
663 825
1889 1614
1614 615
1889 1363
46 572
46 936
1692 12
1166 815
464 1279
464 614
687 932
932 772
687 873
673 148
1177 285
1177 984
1177 1893
1085 1315
1315 999
999 659
999 196
1315 1830
1609 1741
1609 820
820 694
439 1464
1291 700
1836 314
1862 1465
1945 298
698 1522
698 1906
698 1928
1928 1888
1888 1965
1888 132
1928 275
275 1475
275 680
1928 1665
1665 1919
1919 935
1665 1398
1665 1088
1665 735
1665 231
1928 1175
1175 412
1516 925
939 122
1125 1502
1125 1046
1018 1881
1018 1502
1018 1222
1222 1598
1222 1879
1222 1228
285 312
285 1965
47 1011
244 821
1434 1105
1652 1979
1760 527
1647 1896
1896 1039
1647 1754
1647 310
1103 861
1924 300
300 425
425 250
300 1816
300 629
867 553
867 1804
1254 490
490 1210
490 795
1254 1251
1254 594
594 373
594 1510
594 990
1958 1383
774 1850
621 925
621 1467
1218 1893
1218 504
1218 242
242 695
242 1404
1681 1847
1847 501
1681 250
1681 148
1681 1821
1821 223
1821 1323
1681 1892
1892 1303
1892 1635
1892 786
762 965
1835 1266
1835 1952
1952 1200
1952 80
1952 170
1952 385
1398 1363
1398 1340
1398 1325
1248 1540
1540 1328
1770 1197
1105 111
497 241
497 1328
497 1539
1539 1461
497 1790
513 1939
513 132
513 1975
513 45
599 1145
1145 362
1145 1559
599 1978
599 1826
843 804
804 1189
1189 109
804 309
804 683
683 849
683 1646
1121 622
1221 1463
1221 138
1221 49
49 509
509 1884
1884 717
509 541
49 1230
49 1244
49 614
1393 1828
1828 1771
1771 891
891 54
54 1053
1771 1313
1828 1332
1425 812
1359 1007
1007 10
10 635
174 1848
456 1498
456 1332
1437 1562
1673 55
55 143
1673 1705
1673 1736
1736 1259
1041 1713
1041 1404
1041 1203
1041 1746
433 592
592 12
433 1261
1261 583
583 1217
1261 408
1024 3
1024 392
1024 828
264 1727
1727 210
765 1967
765 1684
934 1675
1675 744
934 114
114 353
114 273
934 386
386 887
887 1954
386 460
1210 1628
1926 235
1926 357
1926 482
1553 1323
1553 375
832 1362
520 84
84 1804
520 1594
520 1712
1707 362
1707 1969
1707 1369
619 234
234 399
234 1489
1489 797
234 755
619 680
734 1776
1776 993
993 308
993 385
1776 297
1776 450
450 1159
1159 847
1159 487
1159 1688
1688 1378
1688 1454
1454 1939
1454 1522
1454 11
450 78
450 901
1776 1418
1776 65
65 403
403 376
403 1407
1407 1830
1407 1091
65 485
734 181
181 1090
181 1662
33 956
1266 711
1266 623
1624 1411
1624 1917
505 923
505 1317
1317 1874
1874 1494
1317 779
1317 1662
505 148
629 1879
629 581
448 1109
1708 110
1708 563
1708 979
979 945
979 597
1179 248
248 257
248 532
1161 1046
1161 1502
1559 1049
1049 559
1049 1029
1738 618
618 241
618 1449
1449 1814
1814 1550
618 833
1738 1966
376 462
462 1963
462 1899
171 157
171 1056
1027 1758
1027 553
1021 293
293 1956
1972 1941
1972 543
786 1913
1913 408
786 877
1133 530
469 159
469 1013
1713 1110
1713 1137
1032 1861
1866 125
1866 14
14 810
14 1460
14 243
243 1630
243 212
212 1033
1866 374
1866 1808
1402 1351
1402 459
1848 1455
1848 446
446 341
446 1405
446 874
1241 1579
1241 783
783 1966
783 1200
994 170
605 250
605 506
506 1423
379 1684
6 1550
6 1685
735 1988
1988 1612
735 1640
1640 744
735 1076
1860 1255
1255 97
1255 833
1255 422
1860 1804
1860 1852
1860 1062
1860 1631
1631 527
609 57
57 1431
609 1351
609 165
795 123
123 942
123 1781
795 1013
795 1651
1056 1194
1056 455
1056 1468
1056 1628
1368 1694
1694 208
208 1374
1694 1785
1785 1699
1699 1391
1699 1228
1785 721
1694 1605
1368 1537
1537 537
1368 310
1410 826
568 1076
568 1894
1535 1156
1872 313
1872 942
1872 982
1885 603
1885 338
1885 898
1977 874
1977 1374
1977 421
1977 1217
335 1902
1689 1106
1106 1453
1106 976
1689 122
1689 1643
314 1312
1312 1627
1627 805
805 1536
1536 598
598 1077
598 1797
1536 902
1536 60
60 892
892 1428
1428 1095
1428 672
1428 1557
892 1667
60 896
805 292
292 128
128 643
128 1083
292 1251
1627 393
1627 1118
1627 270
270 111
270 1505
1312 905
897 849
1012 858
1012 710
710 694
710 107
710 1383
1012 1649
1012 655
655 1378
1012 108
1941 646
138 711
138 873
138 736
736 404
1843 159
1843 603
1843 831
831 1036
831 1268
1268 310
1268 1910
1910 847
226 1225
1224 1804
156 360
156 330
283 1217
1214 850
1214 810
1214 374
1455 1653
1244 1522
1244 996
996 911
996 1403
996 88
1606 1524
1606 1178
1606 924
924 733
733 968
968 1917
968 1228
924 162
162 1557
162 1141
924 755
1812 1522
1812 1800
1992 817
1992 1966
1992 193
193 1512
1992 953
652 1923
241 1636
241 1352
241 1582
339 1723
713 1766
1073 461
614 938
121 695
121 1234
1718 367
1718 1994
143 776
368 982
368 1954
368 1237
361 1763
361 1173
416 1755
1465 1891
1465 1006
1467 1923
1967 1772
944 1899
1438 1304
1304 1994
1304 470
1438 1520
1520 1895
1438 1626
1438 310
1438 911
1438 1130
1130 740
1438 1460
473 297
1494 958
958 87
87 1690
958 1797
958 482
958 316
518 1672
1586 657
657 1271
657 1989
1961 1620
1057 1006
1461 421
678 646
915 661
250 523
250 1475
250 1033
250 313
250 440
250 911
639 842
1329 1997
1594 1173
792 367
792 749
672 860
672 1198
1252 1242
355 1239
511 858
179 1162
537 1436
537 1474
1474 759
1474 752
1474 1048
1048 1431
305 797
305 1856
558 1523
558 1564
1670 1237
1789 856
856 1217
856 1809
1809 898
1809 1983
499 895
159 1305
159 148
1943 237
237 623
237 1859
237 1667
1636 106
1636 860
1172 295
295 523
295 1184
1383 615
39 722
898 1613
1613 284
1613 1932
1613 1300
898 353
364 526
1816 806
819 622
833 779
833 1033
833 860
1891 25
25 722
190 1242
132 1237
1959 1496
1496 1879
1959 1301
1959 195
553 826
1755 1158
1158 1890
1890 1154
1158 1004
1158 1120
1120 110
1120 1259
1120 182
1120 1464
1755 1573
1573 1800
1573 1391
1234 384
635 1378
91 800
800 104
800 233
111 1320
1320 1800
8 1197
8 1684
176 1505
97 233
817 1084
1124 109
1186 1346
257 1283
1283 172
1283 1427
257 1645
1645 419
1645 1217
257 717
308 1129
1129 1053
689 797
689 309
689 1194
689 1499
1499 1352
1499 1564
1499 747
747 1935
1935 1649
747 154
1499 1741
689 3
689 1823
689 320
879 1954
879 1029
1482 1098
1482 1334
1334 1173
1482 205
205 1982
1982 1238
205 1682
1156 1331
608 313
608 1194
148 351
148 27
27 576
148 467
1427 864
864 523
864 1053
1242 1411
1044 847
755 1381
1381 1226
755 1846
1748 1669
1748 1852
547 1894
547 865
1069 1710
1069 1753
1602 564
564 204
1602 1994
1198 615
1436 1389
959 150
1340 423
1200 1682
1200 854
854 1193
854 1211
1211 419
1413 851
1413 1411
1769 1916
1769 530
543 1978
543 224
224 1004
974 196
860 98
860 576
860 40
1861 1091
1861 1758
1861 1796
725 344
344 222
408 557
408 1621
726 778
726 1341
1220 778
1220 642
183 1678
1523 342
1983 945
923 904
622 1137
1946 230
1118 144
826 59
59 149
59 3
826 164
826 945
93 1947
1378 1620
1378 4
4 850
4 1551
1804 1143
1143 653
653 1053
1781 400
400 1726
1726 288
288 1630
288 1491
400 1271
400 1672
421 1285
1285 532
1285 1249
421 711
1981 711
1981 1629
1981 567
1635 154
1472 1099
1099 1831
1831 487
1831 1019
1099 316
15 1288
252 945
824 1974
824 78
824 313
1095 470
1551 1063
1053 1592
1053 80
1053 716
36 659
749 851
749 460
1431 1978
1431 29
1864 1274
1933 1598
112 1045
1045 651
1045 397
1045 1826
1045 684
1758 946
1865 1510
154 559
154 1131
154 638
766 343
476 1730
1996 1034
310 1418
310 1295
1620 1228
1620 676
563 1962
1265 1271
1797 962
962 1208
1208 1226
1208 522
522 1999
522 850
1208 1590
1590 1382
1382 1598
1590 139
139 829
829 588
139 1064
139 1239
139 523
144 638
576 1852
615 1034
284 1625
1819 1076
1498 180
1091 1216
1091 1034
1091 1747
585 1209
1305 40
281 1076
1137 1628
230 1693
1693 1628
1693 362
230 1193
1264 1852
460 182
540 606
1702 1522
1702 886
1564 1463
1141 1023
1023 926
1374 1272
1374 1154
1625 1490
1411 964
964 782
964 210
964 1190
1445 1855
1855 1331
1445 187
1598 942
1162 1808
1162 1112
1162 1405
1162 493
1491 1965
1491 1639
1639 1796
1639 1475
1491 825
1491 90
1621 317
317 557
651 1128
1763 309
1763 277
1608 694
461 1167
1167 1128
461 1632
307 1725
1725 1457
1457 1767
1457 1290
1457 610
1730 369
369 1064
849 1932
493 222
493 532
419 1974
770 1213
976 661
976 1570
1753 1405
1883 1927
722 920
164 596
596 603
164 219
164 1578
1672 1173
611 1966
611 911
1351 502
502 192
192 1406
861 1052
1433 1034
1062 574
1128 357
1856 1088
853 981
981 1388
853 541
1460 391
1046 746
1184 1846
1956 903
782 933
1556 1850
752 29
752 847
752 1088
535 422
935 1653
103 390
390 233
103 995
103 1650
1629 714
1061 1690
1987 1421
1987 1697
1697 3
1582 946
1475 1034
1131 1078
1034 1226
1034 1288
99 3
287 659
287 1226
1468 1228
1774 440
1209 320
1209 1562
1528 857
857 1328
1528 1213
1276 377
911 1303
911 617
617 220
220 312
442 896
182 1303
946 1117
1117 797
1829 527
1524 1290
1800 1154
1279 187
210 1441
1441 1592
1966 954
954 313
1966 1630
1772 827
1772 1022
1022 550
1022 120
1989 309
1989 1406
847 559
1541 1605
1078 828
1078 825
1669 1004
896 532
623 1684
942 756
180 195
1029 297
1272 1626
1653 607
746 141
141 45
776 597
1109 1742
1301 527
1173 744
744 377
1404 1052
1852 983
983 312
983 104
391 1197
869 320
869 1552
1552 1684
1650 1684
960 1239
1090 1932
1110 225
1155 1328
828 1808
297 338
1947 330
1216 1435
1071 449
449 385
357 104
550 389
1705 1033
1630 120
1630 1691
1217 1827
1226 1083
1587 393
1684 1881
1020 3
222 827
895 1690
574 601
929 806
1690 119
