1968 1430
1937 944
1479 264
1310 1123
485 250
850 1376
869 424
968 936
1579 1671
1984 1054
1101 1251
1785 1101
65 1490
800 1006
1498 1515
1809 640
652 913
1347 1693
1764 880
717 1606
946 692
1517 1949
1703 1641
758 681
574 1334
1290 791
232 1733
1680 1029
1398 492
422 970
1532 779
1505 1884
1071 1796
1880 1828
308 1489
1822 1259
187 1001
1912 1809
1627 1095
1253 1546
1389 1959
660 1650
1520 220
1491 802
1221 762
1512 993
1299 1176
686 265
123 706
460 788
1875 1371
577 1118
1914 982
378 482
891 598
1580 286
334 1883
1606 212
1624 1435
1224 1694
220 1172
521 1187
64 1134
1253 1830
1237 48
1594 830
1516 1236
1511 294
1083 415
1401 1281
614 1996
1550 1051
1494 1997
964 240
8 1339
1103 364
1295 1107
359 1532
194 791
1917 536
735 1864
918 228
421 1980
898 792
1037 774
1881 1263
84 1476
43 1179
377 533
481 1631
1285 978
797 790
1048 1089
622 341
606 1119
1937 483
1272 388
591 1606
36 9
553 496
854 852
1499 1744
1030 411
859 625
1743 1669
1396 26
320 24
174 1412
387 606
1294 1617
857 387
1464 654
1627 193
149 29
1710 1672
479 622
772 509
496 1496
1401 46
1589 1449
1416 1208
1745 1887
1418 760
107 873
689 1342
38 1507
102 1730
306 565
1125 1989
1170 471
1946 80
3 1048
1024 927
1305 571
431 1407
1166 1230
1727 39
596 1772
1046 1330
1060 1044
1339 310
792 272
794 722
1718 838
644 1202
1230 1609
1313 1620
1466 1912
753 1804
237 216
822 152
467 547
860 1168
1031 1400
350 1461
682 1232
1376 1703
1477 1858
971 1387
1277 1230
1553 1177
218 1799
1847 549
690 619
9 213
1369 1114
1712 583
1157 1728
1719 452
1751 1633
224 669
1636 261
287 1298
1306 1871
1436 229
1820 1839
1392 1798
1572 1953
1182 11
1192 1422
1533 1714
459 1880
1010 829
545 697
1635 1290
1726 748
1458 750
1132 1758
548 1761
1965 1012
1832 1702
94 340
1602 988
126 336
1388 445
1277 1166
1808 248
233 781
1695 1534
1151 61
598 1441
1959 1071
1503 950
604 208
1561 645
1095 291
1559 1261
117 1086
488 321
234 1444
782 1508
1202 1472
1643 1526
1653 554
1338 365
447 1041
174 747
766 1731
1485 481
105 601
1674 1755
471 613
156 1072
1162 1720
1956 505
707 164
178 1119
71 1158
619 1498
816 1773
567 755
1422 1372
163 1513
172 1968
973 1013
1373 893
1004 278
1185 1724
1779 1375
679 870
1583 1002
583 1174
639 1373
896 1685
446 1544
1703 10
1812 1903
816 1064
1164 473
1317 1938
1379 87
1630 1159
1014 610
626 1299
941 1954
608 1459
1827 354
797 507
944 130
724 1831
72 765
1096 661
1264 1592
721 1259
365 682
1445 946
1742 392
1629 134
1513 1791
1673 1815
97 353
452 1939
1144 1470
1604 986
130 999
287 874
987 1420
1709 296
909 207
454 1705
1899 284
146 9
1429 568
1223 607
1394 1964
1140 449
430 1143
257 1815
1777 1781
1443 1434
1704 6
1251 1762
730 909
1487 1959
1383 1731
666 372
10 1034
1987 1015
877 1015
236 1009
1687 471
307 1595
408 1147
975 591
1557 1354
92 528
804 948
1894 149
1708 243
1394 1954
1760 1392
465 1627
913 1343
1882 498
1417 15
445 705
402 531
1659 1145
1908 1443
1126 1371
669 1055
1053 1392
200 1967
318 415
47 957
1761 1049
1537 1124
1907 1980
1087 1965
1569 1832
733 1943
1568 974
1250 2
451 1551
1058 1561
1625 1067
1836 67
706 350
1373 973
756 1653
709 1859
1829 1739
162 821
1530 208
1420 1266
338 1934
85 1584
1001 1896
435 1577
1312 192
190 641
1142 840
1137 1524
211 647
1725 122
1002 618
1848 728
868 1315
1830 1546
1408 1228
414 609
737 819
556 873
955 1398
1425 211
941 1394
1855 357
120 1539
1212 549
1819 1605
921 1242
1360 1982
1570 680
625 369
1984 418
1790 789
1296 338
1084 1451
1618 1979
853 1960
1435 585
1930 301
673 1562
1434 1158
593 1453
238 448
284 8
552 1991
1578 1586
569 1397
1459 105
1863 1104
1327 19
611 1488
1973 1118
825 1091
1872 655
1697 1976
319 870
801 1024
1780 1284
100 631
1746 1779
1912 462
972 1564
834 908
775 832
207 1395
277 860
922 115
1506 1018
283 1074
36 1456
925 1619
512 548
201 989
1512 137
260 99
1120 1845
1838 302
1420 84
830 1810
301 106
1141 466
1790 1437
1617 1011
1590 1355
1651 1910
185 1862
1152 1050
202 945
1163 1658
562 204
1242 1054
812 1761
223 22
1104 205
253 274
620 52
777 1273
1159 1241
298 1284
113 1652
86 369
1357 1179
92 597
1204 809
1546 500
1573 885
296 281
1356 1698
1198 1114
456 623
731 1844
1149 1301
486 439
111 1565
390 817
65 94
946 1661
991 898
956 1225
981 1311
1009 351
1670 542
1750 66
1205 420
635 1120
132 246
646 1209
1387 1038
246 1332
1997 1985
1757 847
626 1176
141 1109
165 259
901 544
780 1088
1454 1228
1603 249
379 1290
653 736
505 827
1938 776
278 1260
1322 1924
1660 1475
468 786
345 248
1623 1088
482 953
1355 686
1980 1267
657 720
586 1780
1077 1124
981 1139
1210 1581
301 1448
1686 210
1302 1160
1410 1934
1133 1208
1528 115
823 1921
882 1479
722 1638
1698 1847
947 420
1366 1083
785 836
1019 322
595 473
1694 1900
950 1637
1147 1275
1450 758
644 1472
75 922
729 1687
1219 1356
1343 1401
1706 1904
234 1516
1432 1857
536 816
610 223
1472 1503
440 994
610 1647
1287 1620
516 1201
503 167
1759 1216
1814 834
1339 121
875 1754
1003 868
835 1825
467 1041
1461 557
1209 247
1650 747
1476 1855
476 498
393 568
803 1751
501 978
158 1360
909 347
1542 1746
623 323
484 279
1862 1803
1059 1756
1805 435
1027 537
1714 1123
49 1843
867 1463
761 862
376 1968
463 731
1135 1916
1079 1267
388 96
337 642
951 1687
96 1618
798 810
1043 269
394 965
1138 1017
1405 1740
135 364
709 953
795 1021
615 1842
81 1350
1086 1192
1481 965
148 626
1452 315
180 317
1873 319
908 879
404 1869
566 1141
1571 1126
1634 326
1622 1665
1786 1548
299 368
1642 1149
1379 1302
689 344
437 881
1810 102
712 570
297 97
999 167
449 589
1413 1057
1740 1317
655 334
1832 745
1632 726
1691 608
1612 85
1722 752
1376 280
379 194
1031 795
1579 297
1982 1635
331 1300
932 724
1302 784
1484 315
53 1227
1615 1196
510 1506
212 419
1826 898
1492 1522
1370 1633
1985 1153
1089 1686
541 950
965 902
79 1081
1433 600
1158 1746
817 1961
1796 1543
1826 991
1200 559
1266 84
726 1523
335 1239
814 1571
606 178
64 937
347 406
519 659
439 1507
1856 1628
966 288
1775 1513
1891 459
729 1170
1175 1841
1950 1398
1128 284
1314 939
466 1978
1594 1399
513 152
759 1192
233 1873
1214 1669
1513 1927
1474 909
588 1904
171 1174
249 630
1951 52
241 1489
903 221
1110 176
953 889
166 1759
819 667
1710 575
704 981
1195 1359
579 1175
1692 1487
173 1795
291 1579
1725 1121
968 1058
276 156
1640 1022
994 187
1638 336
1672 575
864 1778
1645 627
1924 650
1086 759
1121 1471
688 1106
1429 393
659 404
1991 1858
593 1316
341 1449
950 267
695 940
42 690
622 1589
1724 1688
839 88
1123 42
205 1224
1803 1402
243 1250
1977 1735
1883 1992
168 307
665 567
1679 687
1225 1612
1038 1202
1976 1883
1906 165
1952 305
1676 744
470 1297
133 697
284 1593
1421 50
931 1877
191 545
392 1636
17 1622
918 1591
1999 1616
1723 1292
695 1440
136 789
1208 1277
1351 918
1678 1639
944 483
1874 1500
219 1742
1807 1300
1696 939
641 1576
1345 1410
1678 1806
1994 741
472 1890
750 223
73 1766
1560 935
724 1969
1884 1707
264 546
822 513
1147 1753
884 405
1635 379
1226 680
392 151
1136 428
1923 1743
1587 1644
1940 445
326 1974
528 1922
1126 1875
1663 924
972 161
244 474
1800 1331
845 396
889 1783
69 1017
302 238
1067 947
1815 1897
1374 1003
751 18
295 196
730 1474
289 1912
886 135
311 491
1349 1942
1640 142
1365 148
1794 1135
640 1193
1069 689
58 1829
35 1483
264 1981
956 18
47 1886
1019 488
1730 1770
63 666
1320 559
410 464
1736 1544
1753 1275
186 1032
760 20
130 330
1414 1547
481 89
945 363
1751 1370
1042 292
305 1156
316 1737
1896 730
217 1871
942 529
524 391
628 221
1052 20
1983 520
1207 65
560 1100
1491 1008
843 1240
377 1070
1575 1329
1496 1807
1022 522
1188 630
1230 1307
931 1923
1827 1599
583 171
1217 1065
683 1252
1469 1420
1176 1872
413 24
1565 1442
160 253
1375 1948
911 14
1016 636
241 308
1574 1146
1552 1200
1457 1645
110 810
1328 1243
770 657
1254 746
1693 1097
1233 538
1756 903
1068 1932
952 1656
1075 346
740 398
704 1139
362 411
904 1811
1161 438
1334 309
808 1340
1455 308
1482 933
1546 1265
251 1695
1789 199
98 1856
1684 155
143 1765
285 1734
615 1521
1718 376
587 511
41 1634
1321 1996
736 1757
1199 726
297 1671
291 297
289 1466
618 158
1705 1750
1803 1675
1209 1556
1169 725
933 1710
487 441
962 902
1630 1241
1917 1852
984 1368
565 1563
575 70
1706 1327
936 1155
1239 1181
767 370
1304 1604
1588 1948
192 1220
1413 1849
1977 293
1834 74
1258 664
1934 769
1619 104
594 1865
243 2
320 1198
1861 604
178 1324
734 1243
1044 1193
930 1093
779 814
649 716
216 256
1466 462
25 69
1997 263
267 1099
871 1656
1555 907
1511 1486
1022 142
1034 1332
919 1596
810 1306
1652 459
459 1468
1195 1382
1224 1900
1296 1345
154 1051
1565 651
1515 1272
1073 177
1567 1323
1748 1502
104 1035
370 1183
1837 1378
1948 961
352 1839
1151 1429
681 707
1905 1739
625 1745
1919 1485
539 1993
380 562
341 1589
1746 275
1645 1729
1611 917
293 980
224 1256
1134 118
158 1626
1087 141
1139 1122
1480 1286
103 1076
436 660
876 938
14 1944
1114 661
811 1944
1360 1626
91 252
15 1603
1210 1380
1254 524
1913 1929
1897 1780
1063 1690
1744 90
48 1125
745 744
274 184
1267 1257
493 1838
1421 1237
1701 113
616 1493
1858 515
1877 1923
17 1665
1587 1325
1132 1379
465 1095
1914 1270
1915 1659
1142 1681
84 31
1347 1747
66 1514
282 1431
1462 378
1699 14
1798 1805
1526 825
1815 643
353 1737
1108 1357
1066 614
1988 1818
1442 512
1102 177
1244 803
1110 1567
786 1977
1583 1715
2 198
988 227
1585 110
1958 709
995 1297
1822 530
1456 826
1268 605
1774 1318
473 173
18 1225
701 970
448 470
1288 1938
1054 418
55 3
325 1071
1291 867
781 679
237 776
1026 1458
239 1580
385 1631
577 1973
1243 1381
1887 1876
230 1498
511 580
1415 1876
370 785
298 1936
110 1306
299 1901
145 1619
953 1859
1169 987
634 154
1895 1190
1966 1235
1688 701
262 1931
1001 730
79 960
356 1404
1173 412
1944 361
20 63
456 323
669 157
1763 566
1923 1214
1077 1537
239 1025
526 1767
1567 176
862 270
1547 209
744 1234
199 386
1229 1682
632 1027
1770 54
1024 1142
1840 147
799 1115
876 85
710 1764
1995 1785
1776 1860
1229 1414
888 359
746 1898
788 1557
1067 1205
1276 777
1828 678
914 472
738 558
1741 1917
1021 1436
543 1435
714 1971
1515 1352
855 1446
1091 543
155 914
21 526
1609 1307
791 851
770 720
1440 1581
749 1161
51 670
290 934
1240 903
6 1296
1231 1685
1270 923
1168 787
448 1111
1316 1231
1681 921
1023 875
1352 388
131 329
1032 1533
796 148
68 475
802 668
196 1428
1246 1989
1518 1902
1975 156
1093 855
886 1103
896 1231
763 78
1329 370
317 1765
1256 157
76 427
1386 362
656 389
1835 1427
1065 401
498 1724
971 1038
1146 1443
464 540
116 1039
1406 1844
1099 1787
961 1833
975 717
1418 719
1851 314
275 1375
1857 1711
793 1164
1853 1662
173 2000
743 1706
908 1163
1404 1517
762 1740
342 728
461 1373
1098 839
561 1075
1260 761
450 1213
1748 895
227 1388
1344 948
1972 796
212 12
735 1962
1097 1399
864 1853
1223 1278
558 1734
764 209
1930 60
1331 916
708 433
184 553
1940 705
331 1807
499 1799
881 1159
1333 1534
1633 1613
1970 51
753 1108
1705 1551
977 497
651 548
1467 642
1721 684
621 427
352 1834
1871 1499
1675 21
1778 1662
597 1922
989 277
1848 518
1808 345
1761 1788
1045 553
578 943
1801 1471
1920 570
685 1408
198 1340
245 590
1922 757
683 1169
1442 651
329 1925
1193 958
1381 1004
1654 1003
990 1447
1471 1878
57 883
678 665
905 138
1202 1503
443 894
169 23
973 1793
449 751
523 489
318 1083
1156 1157
1319 242
1186 101
1405 762
1538 1024
1329 767
769 875
1809 1060
1814 908
213 826
1350 136
1118 694
685 1454
665 755
1719 1939
189 239
387 178
296 1732
1248 175
1088 698
1692 1389
1073 1102
29 596
1346 244
1791 859
388 587
309 716
1122 972
757 809
1531 933
1027 1684
418 1087
964 1597
357 416
1927 86
480 1666
368 1789
997 1385
586 298
788 1258
1862 1020
144 90
1753 539
1419 1494
215 1363
509 1777
276 1072
247 342
461 639
122 1121
231 126
1766 621
316 382
837 771
1664 107
550 1986
1890 1084
1967 1893
1136 1349
1969 150
118 1598
1741 542
46 1582
1486 371
1068 1480
1248 1784
1964 1768
1558 305
103 800
703 975
268 1827
492 793
210 1439
1985 263
1294 475
1870 560
166 739
25 1138
1197 270
1799 576
967 797
466 510
1423 1967
1646 920
989 806
1549 1305
447 467
498 1185
1742 151
1443 71
1944 1823
1475 841
979 1501
1092 1199
220 1033
1865 560
717 591
116 1776
1218 713
1771 366
1382 1359
407 1535
357 1465
68 1294
61 393
148 1918
1463 292
1721 675
976 756
328 356
1901 368
1319 129
1070 533
791 1268
737 1459
429 865
134 1559
655 1697
1990 1833
495 1411
1276 1273
434 911
1218 504
1539 574
1574 1908
667 601
1677 93
1203 372
423 1343
990 996
849 128
1173 1623
1804 1108
283 1492
1535 564
1280 701
997 456
1381 278
1484 685
1117 1672
568 358
279 1553
1084 1874
680 98
595 173
799 540
1559 1999
2 808
545 133
422 523
1870 1865
335 1181
787 359
26 984
1190 990
1104 1224
274 1341
15 1188
1487 1389
1111 995
923 160
984 68
446 1736
1344 804
1866 711
648 463
1738 1654
1996 1417
1791 1927
1711 1470
681 164
1943 997
152 1867
1283 371
1774 1572
1953 1854
1943 663
1105 1723
1667 1564
1778 1853
754 1866
1667 972
585 1321
885 856
1452 1484
1338 682
858 1111
37 1569
71 1542
1581 1380
1680 282
95 1659
1091 1624
844 390
1076 977
1191 367
185 1020
1433 450
1341 1045
650 1062
1235 1282
1159 884
866 1695
87 784
1108 43
87 1302
675 684
1438 1887
1938 237
1059 1240
1163 202
334 1976
1021 1928
1208 1166
1800 916
661 95
1212 1847
748 578
1606 12
853 279
1263 1991
1078 656
869 1217
1734 1505
636 765
1763 1141
413 320
654 877
267 1637
1116 1806
943 1902
1936 517
259 1774
856 1031
1500 966
643 586
254 1200
109 1061
1016 72
1115 1086
1936 1560
279 1960
1529 1752
733 663
1807 477
483 330
936 1058
893 1013
24 1198
750 610
1806 1639
1818 1521
4 1816
718 146
1991 1477
540 1115
1716 1820
910 1757
859 86
885 599
1336 947
1715 618
475 1617
965 962
353 316
1196 704
664 1354
368 199
1777 1648
828 1514
569 1244
1293 7
363 756
1336 1067
1722 629
976 1653
559 1303
195 633
342 1848
250 1920
1444 1236
1521 112
1023 1754
1377 1700
464 799
637 1347
1252 725
809 58
811 361
916 1344
1760 1053
313 1495
1368 1294
1598 373
1497 763
43 1357
529 378
1489 1005
632 1007
531 260
1835 1305
967 507
1854 657
1255 402
348 847
426 1925
781 319
521 1668
1577 224
1416 1277
1130 1419
1616 1002
1926 67
196 891
910 348
744 360
832 1913
1160 1262
1247 490
1275 1993
904 900
141 1965
642 746
779 1571
838 376
1101 1167
1852 816
652 423
751 956
190 1576
1093 16
1972 1365
1309 1970
1509 54
1885 852
1460 1219
258 531
1582 1028
1478 622
457 1061
796 1365
663 997
771 1891
129 1285
809 127
401 1085
142 522
1613 1591
837 1701
393 358
1956 1206
1162 356
711 1693
1450 1005
649 309
228 1189
1189 1133
1550 1861
1953 770
1569 1702
1183 836
937 1598
1838 62
1905 1829
169 617
986 1678
588 1706
1881 552
1500 288
1369 1096
564 1568
164 190
1916 1645
1883 563
1885 854
1145 1569
1588 1990
1200 1320
1610 1909
1954 1768
843 1059
917 1092
227 1940
1002 1715
308 1450
179 876
1146 1908
711 1347
549 556
435 478
1044 1525
364 786
525 1063
250 954
613 513
1879 1279
720 1134
1008 802
1712 171
67 951
1687 1170
213 1396
1399 1810
492 1649
450 968
1116 1678
1768 1963
764 92
1415 534
1961 929
310 1763
1576 741
188 1361
1054 1087
1458 1014
1841 222
1293 1813
474 1881
115 226
1048 1686
943 1518
1383 766
1854 770
203 125
1389 325
58 1905
263 1367
1752 905
411 1479
29 1772
739 1759
1876 1309
125 29
1235 1895
206 1914
1729 627
397 1878
1468 1880
39 1998
380 204
985 1719
1839 74
1849 1057
1842 112
214 451
34 1712
790 1511
1543 639
45 264
144 1744
1434 71
1823 1819
1012 5
1571 1875
167 1721
1918 1299
1900 525
848 245
901 1717
1308 262
714 34
1949 1485
1098 192
209 528
451 1705
248 1040
1850 455
676 986
1417 535
852 299
358 1725
1005 681
1595 1728
805 724
1792 374
1693 1747
562 581
785 1183
884 1935
1699 811
1891 1652
1451 1500
1113 327
952 1105
1702 1676
16 1446
1935 871
1264 775
1694 525
1899 1128
617 1627
1884 1585
1367 399
1925 1540
1824 1519
1514 959
560 1491
512 812
93 1154
1380 460
1634 1504
1088 1863
1281 1289
489 1484
829 1432
73 621
1247 1738
960 49
2000 486
1071 1846
497 1253
1904 19
346 101
614 235
1541 185
1046 1522
376 172
1427 1800
1283 969
582 1218
1295 1713
1107 440
1563 169
1480 1932
229 1651
1713 994
101 119
801 927
1055 727
1190 996
1755 1229
728 733
727 1056
819 105
1658 945
506 1548
1341 184
1743 109
1856 1533
257 643
260 1956
421 1079
183 1926
1554 1130
197 1253
187 1896
917 311
1064 1773
1241 884
89 913
887 80
501 1285
1425 647
1231 1643
1987 1709
1711 1144
1999 1261
1395 406
256 136
32 930
1901 1789
398 1924
1653 1073
1249 831
1017 1387
133 480
1449 1552
1495 1483
1397 602
307 1157
319 679
1461 493
1259 695
713 1601
1740 1288
1236 232
539 79
572 1512
1051 1861
1465 416
119 768
59 867
1955 280
1825 1329
1323 906
406 815
493 62
1688 1280
1186 1362
1085 295
57 1911
957 91
1359 912
349 1882
1893 715
470 995
383 219
1681 840
440 1353
789 837
1845 1755
262 495
754 637
1610 1840
63 1203
1370 1351
1651 1077
1314 1696
1769 77
1061 417
841 1699
1322 398
1945 392
768 1792
62 238
1156 307
242 501
1669 109
719 760
916 804
1689 683
1562 1937
1614 93
1561 432
721 1822
1952 168
1607 1903
647 437
740 1322
1508 313
1362 768
483 130
875 1151
1577 478
381 476
1213 936
1599 354
1535 592
386 699
1183 925
891 1428
236 351
31 1855
1428 598
1813 1587
1282 1895
1988 959
153 635
1311 1122
1880 678
1085 44
330 503
77 1890
939 1574
1542 275
865 1888
1859 723
245 1140
783 396
13 124
221 1657
1724 1148
933 1117
367 17
1979 1973
558 285
778 1777
1669 457
502 778
1657 1541
1671 353
1641 132
1337 1794
44 295
1965 1109
1584 1137
564 111
1820 352
1298 1502
1250 198
630 1269
175 1784
373 1394
1074 1492
348 1467
1844 930
203 1894
1335 153
38 673
1713 440
959 1818
452 1727
414 1131
137 993
373 941
114 99
294 1486
1490 33
495 732
1483 654
892 779
1265 123
1407 843
1525 823
50 48
800 1076
204 848
920 521
573 1913
1639 863
1973 694
742 1601
1211 906
921 1358
167 675
605 1249
741 1879
1941 696
235 1417
161 1497
1462 1958
1696 1112
1793 782
186 98
757 1204
1797 485
486 38
1090 1535
728 518
249 1269
647 881
1215 349
725 1469
1816 572
1348 231
831 1586
1806 863
1732 281
273 1293
1117 1710
641 1994
938 1584
1555 648
1470 710
1135 1457
787 888
1817 1035
295 891
1892 1794
1238 1312
789 1437
369 1745
24 1369
1111 470
1483 1464
1910 1537
138 1019
324 57
786 293
758 707
589 751
988 1868
1649 793
1605 1596
627 455
19 188
969 687
1787 404
1998 998
218 576
1771 1716
1351 1613
594 1870
1029 282
1864 1962
156 1346
851 1268
1257 1107
974 1442
1155 645
628 384
427 1
576 955
41 699
1274 1573
1184 853
1998 979
629 333
633 1215
1802 203
608 737
1069 1245
763 413
251 866
1303 1975
1076 1006
1584 1524
1674 1229
22 1337
1216 1226
940 1210
731 1406
765 846
1143 1909
432 1363
1204 127
402 258
473 1795
1834 904
1440 1210
659 1869
101 1362
442 453
94 1490
294 1283
280 1641
870 1510
692 236
1305 1427
1139 1311
1622 1080
1526 1271
1876 534
877 1987
478 1256
1544 1129
1419 1997
848 590
176 1323
1377 1386
643 1897
1795 1527
1617 1165
56 1196
1262 1227
522 677
627 1850
1868 227
1665 332
344 1342
1272 1352
899 1520
1120 1674
602 1751
509 778
1403 1235
1805 1577
340 443
124 963
115 849
330 999
1268 1249
409 1366
336 736
878 289
961 1824
570 1849
1447 453
1292 431
927 1681
1079 1257
1839 1834
871 952
1056 636
1395 815
496 331
1656 1105
1782 761
1166 1609
107 714
1192 195
765 1663
889 723
310 121
637 711
168 1156
1708 821
1326 683
1346 474
1140 589
66 828
416 1554
587 96
1604 1116
524 1898
860 787
1494 1985
1391 1716
199 41
1686 1439
1539 1334
216 81
1858 702
705 850
1549 1835
1271 1091
1072 1346
1507 1562
1196 981
40 329
852 1655
1628 1714
20 666
1222 608
1726 30
1064 447
1829 899
484 853
1508 312
1558 1952
1353 1001
277 1168
1464 773
477 696
1039 1776
966 1689
1260 1782
518 1943
121 1763
1951 1110
854 1655
1677 1614
1869 166
503 1721
254 1320
1274 885
546 754
339 1120
82 1184
863 842
1600 508
404 166
755 469
306 261
1929 487
1472 541
873 1971
462 1060
1798 435
1877 1214
1234 1136
412 1623
223 1647
506 1786
507 1621
776 81
396 380
1278 607
1109 5
1165 1011
1831 1969
436 1650
870 992
149 596
1920 712
90 1708
479 1478
1232 1752
846 1808
1874 966
549 1664
1775 163
192 839
418 141
1955 1376
970 523
147 934
1714 1310
775 573
698 1104
181 1308
238 858
1124 377
759 195
1000 1760
1564 1536
1309 27
1411 1433
1971 34
10 132
572 137
1662 1590
783 380
242 129
56 704
790 1621
1018 857
658 410
256 1350
1290 194
1269 506
1471 397
983 131
1739 1520
228 1133
868 1906
993 1475
1284 517
949 567
1996 235
1470 1683
1409 1075
170 6
708 1106
253 1341
1324 1692
611 400
1222 737
1831 150
1130 1494
1950 492
1403 1282
399 40
207 347
824 395
1161 303
1007 1027
517 935
1426 578
1732 271
1178 251
738 285
476 1185
1181 1161
1249 1578
1992 390
1971 691
1868 1388
1167 1251
906 269
667 73
1504 1974
1393 929
74 900
1326 1252
849 658
1014 750
1313 1287
1396 984
620 1951
1384 990
736 910
369 1438
1114 1096
366 1820
16 1223
1781 1090
12 1390
1828 949
866 1333
268 1599
1527 439
1271 825
1824 1364
1928 1436
1358 1242
1766 76
555 574
1179 1304
1989 1152
1575 767
672 1031
135 1103
323 928
1734 1150
494 1059
684 1837
315 685
519 1787
1942 1986
1278 1264
1652 1468
742 1194
355 57
442 1545
935 365
1662 638
960 1000
646 1556
35 1464
1981 754
1475 434
1357 1304
1497 78
354 854
1150 1884
1960 1553
154 1550
1865 1491
719 1052
1335 339
198 808
531 114
240 1597
1585 798
842 1418
575 100
671 1563
61 1429
1964 1963
1709 1732
940 1440
1982 379
662 408
1026 1014
1004 1260
482 709
302 858
653 910
211 437
743 588
105 667
1857 1144
1739 899
1978 1018
455 917
596 579
955 1950
1359 718
1387 644
1650 174
1833 1824
947 1205
600 450
1548 1195
1324 1487
1145 37
1655 299
511 1618
747 1255
1922 1204
1393 446
749 438
1673 257
671 169
1873 781
333 454
351 1804
1886 91
846 924
1327 1094
305 168
1788 1758
696 752
286 864
189 1025
453 915
1863 698
656 813
1582 1069
371 969
327 527
945 976
1479 45
694 1600
1052 63
468 1977
1747 1097
83 436
1342 1899
372 1424
1112 1146
1388 1940
147 1680
934 1029
544 268
485 954
1844 32
872 1407
1793 1508
395 44
1352 587
576 1950
959 615
1013 1793
1720 1517
159 886
1981 546
1810 1730
1534 241
1701 771
1245 344
222 139
1717 1827
1661 236
150 942
895 1209
1050 458
197 497
1626 1635
1172 1276
303 181
1070 1314
1010 1431
344 1899
634 1550
1878 1726
1036 206
1100 1008
813 1821
469 191
398 650
1033 1276
27 51
752 333
1308 1931
1060 640
165 1774
1958 482
1672 100
1702 745
1762 108
1684 914
590 1140
314 1425
597 757
1039 1608
415 1677
1580 864
1174 1173
354 1885
554 1102
1656 1723
1150 1505
1281 46
1176 655
1157 1595
1035 1640
996 442
1182 273
489 1452
1747 1594
1821 1191
1448 106
1291 1463
773 1987
244 1881
723 1783
769 1023
1683 710
857 606
62 302
1754 61
1445 692
774 1864
1078 389
1903 920
127 1905
547 878
983 399
1629 108
339 635
1698 1212
1597 989
1306 217
408 255
76 1
844 817
374 143
1343 1281
11 273
347 1395
616 880
480 738
1348 722
613 822
551 1802
873 714
585 1066
747 1412
390 693
1682 1547
338 1410
1666 738
1685 1643
598 1995
177 1405
1895 1384
682 1529
69 971
1041 547
912 146
670 538
915 1607
1738 1374
1586 1247
974 1565
932 805
1784 283
1234 360
712 1413
697 1666
979 83
1121 1801
1925 430
675 1837
1096 95
1767 206
188 1180
601 73
861 502
1181 749
445 850
1961 1393
592 564
322 321
1737 233
1668 499
907 1473
571 1800
1017 971
642 1254
204 581
1843 1760
820 1516
1321 614
1018 387
458 1274
417 1615
1983 985
894 1741
1263 552
1143 1610
491 1632
1258 1557
1025 286
360 1136
1614 1154
1171 436
278 1782
1608 932
1297 421
1641 10
1011 183
1770 1509
1825 1575
958 1921
814 1126
336 653
1537 377
1053 140
18 179
72 1663
664 794
716 1886
1481 394
1459 819
1299 1872
962 200
1261 1616
1240 1756
672 1400
119 1947
1049 1132
420 287
1318 1953
670 1233
386 41
836 925
824 401
172 1430
723 820
694 508
1536 763
70 631
1782 1197
410 799
1 1322
998 1501
136 1790
1538 801
798 110
1704 170
767 785
48 1246
1217 424
1889 314
902 1423
1267 1295
1773 447
1 740
248 624
992 1930
1007 537
1871 144
1385 456
1153 1367
1947 1792
293 1735
286 1778
1562 343
639 893
367 1622
567 469
890 1841
530 695
157 727
1898 1555
1932 1286
1638 126
1269 1786
129 501
1201 1068
578 1518
269 240
162 1708
1556 247
429 1888
34 691
1541 1862
1974 975
1596 1889
1780 298
1785 1167
1668 1187
266 845
894 1670
1990 961
1123 532
1364 1319
1015 296
194 851
488 322
356 1720
1449 254
603 734
755 191
160 274
1257 1295
698 205
1717 268
601 1766
911 1699
469 545
3 1089
1241 405
535 1603
494 843
718 912
1993 1081
1909 290
1456 213
325 1796
1545 1812
327 1460
1141 510
219 1945
425 686
630 506
890 1175
666 1203
1097 1594
715 327
925 145
384 1657
424 1065
716 47
1194 1039
1172 1033
139 403
179 1612
703 717
887 1946
978 1291
928 1673
217 1499
1056 1016
517 1560
1910 1077
963 1026
1030 882
1220 1775
49 1000
1082 690
1430 1403
343 944
1252 1169
507 790
1995 1101
555 1539
270 375
514 593
1340 743
100 70
1665 1080
741 1279
412 780
1540 1143
1707 1585
270 1797
602 1370
662 255
39 998
1430 1966
359 892
1663 846
1851 1425
874 1748
680 186
1560 1338
1424 897
1099 519
674 1063
60 301
1392 140
351 753
1966 1403
537 155
658 128
561 1409
1510 1930
1609 514
1402 526
1495 35
391 648
958 823
1409 926
78 320
1502 895
1601 116
1830 500
584 189
571 1331
1823 919
1855 1465
808 743
1503 541
1153 983
1754 1151
53 1262
1819 919
88 163
75 1528
170 1296
225 1733
624 1040
45 1981
1522 1330
722 231
661 1915
52 1110
1334 649
1590 425
14 811
863 1418
1505 1707
1929 441
1976 563
1969 942
1029 1010
281 271
1543 461
397 1726
1168 888
208 1983
1963 82
313 35
820 234
1261 1583
31 1476
375 485
761 1197
1226 1570
1737 382
1144 1683
546 1866
907 463
240 201
27 1970
1501 1171
1933 1835
1160 53
1025 1580
1802 612
581 245
1928 300
271 55
1165 183
599 856
272 869
858 448
1316 896
893 973
30 1426
1869 739
126 653
1378 170
1400 1021
1149 1481
1728 1312
942 1462
1082 619
1573 599
1921 1946
423 1401
565 671
1469 1266
1545 915
1599 1885
121 566
146 36
281 55
153 339
1074 1046
1593 8
1040 835
1325 1771
371 1679
914 1769
1386 1700
405 871
433 1178
1852 1064
1612 876
1453 1316
1735 335
1625 1336
1655 1901
265 409
1744 162
982 923
419 1390
349 381
434 841
1900 674
1911 569
1446 1223
1122 1667
366 352
1946 611
328 1162
1859 889
1931 1411
1431 1432
1496 331
688 708
70 1691
444 1130
692 1661
462 1809
1566 239
378 1958
1960 383
206 982
425 1355
214 454
1572 1854
915 1812
389 1821
405 1935
288 1689
810 217
263 1153
1957 1424
1861 1530
1047 1381
673 343
817 693
1597 201
1523 103
478 224
518 733
1758 87
1728 1238
612 203
1049 1788
881 1630
1133 1416
1986 1078
132 1034
1779 1588
1608 1860
1292 872
784 1160
883 1911
60 1448
1185 1148
329 426
215 662
28 1825
1428 1441
1531 1482
1963 1184
806 860
599 672
317 931
813 1191
1100 1491
1813 7
1289 1028
1244 1397
520 985
1603 1188
1551 66
1596 1851
1055 1056
1246 1152
1865 1100
748 1426
1273 796
23 617
1368 68
426 1540
1197 862
534 1309
1787 659
1233 1248
948 901
1184 484
1765 1877
23 465
874 1298
1517 1919
1113 1460
1939 1727
30 748
271 3
1556 342
142 13
37 1832
705 1955
1516 1444
1399 830
903 628
1128 1593
732 600
210 1377
1062 818
1205 287
1397 803
547 289
1894 125
120 555
1266 31
324 355
527 1219
1288 1317
831 1578
1879 700
12 419
1180 1361
1075 926
1932 688
660 174
1486 1283
1919 1949
7 1644
1213 968
762 1288
532 1082
1499 144
460 1258
1631 652
52 1567
1315 165
804 807
232 967
1003 1906
1683 1764
1811 603
1502 646
1853 638
1390 1421
391 1555
1762 1629
19 1094
995 1907
1112 1574
1595 1238
1523 800
5 516
1544 414
1954 1964
400 1488
1050 1274
1412 402
1776 1608
77 1084
1507 673
1616 1583
1441 1785
684 1378
1792 180
1426 943
1837 1704
1444 225
938 1137
1287 1383
1476 357
1300 1941
1362 119
1227 988
1840 290
543 585
1911 1244
977 197
1008 668
1407 494
111 974
1697 334
504 742
1986 656
428 550
505 304
427 740
93 25
1978 1506
1465 444
1878 30
384 1541
677 963
839 1220
106 774
477 1941
1720 1404
850 1955
394 962
437 1630
1994 1879
1034 246
520 1719
1756 628
878 1466
1789 386
609 1816
1509 861
699 1634
151 306
1178 866
1821 367
1700 362
1158 1542
636 72
82 484
1993 79
1340 588
544 1717
690 230
1764 616
525 674
803 602
1992 844
934 1680
1332 1538
1171 660
1131 609
1441 1995
91 620
1020 1675
969 1679
1129 414
1664 556
140 1798
924 1808
725 987
978 59
1593 1749
650 818
1906 1315
1058 1155
444 1554
1598 941
1493 991
304 827
1893 1113
1256 669
1220 88
537 1684
828 1988
1671 97
1345 338
1354 1348
1730 1509
826 26
1519 242
640 1044
1188 249
949 665
1866 637
282 1010
1382 718
580 577
1103 468
1836 182
1745 1438
1563 23
883 569
1236 225
1589 1552
624 28
365 1232
1350 1790
1364 1519
523 1452
311 1092
438 303
1811 734
22 1892
151 1636
1628 1310
1095 193
623 928
497 1830
879 1163
90 162
1065 824
1644 1391
1013 782
533 1696
1284 1936
475 1165
1941 1722
1767 1036
1979 577
986 1116
1228 479
1626 1982
1527 486
912 36
713 742
471 822
1457 1916
176 1211
1570 186
533 1314
1400 795
726 103
400 1933
739 1216
273 1813
1089 210
677 124
1524 1802
835 1575
1591 228
604 1983
1006 197
1331 1344
337 1254
399 131
697 480
930 855
1801 397
1170 613
1228 1478
385 481
542 536
992 60
1251 1629
231 1638
1174 412
161 1536
326 1504
1521 1842
1648 1781
1361 154
1620 1383
1682 764
96 511
346 1186
21 1767
500 1265
1860 805
1422 633
1356 1212
589 956
1788 1132
109 457
1125 1246
1896 1474
1731 838
1243 1047
937 118
1924 1062
1402 21
332 1218
621 76
1888 561
1427 571
1451 1874
707 1127
1948 1990
292 153
1723 431
1301 1481
1390 50
777 1972
867 1042
1783 234
617 465
1818 615
919 1605
1127 190
1180 634
1870 1100
193 291
1581 460
581 848
1437 837
619 230
137 1660
83 1171
693 1393
1530 604
1193 1525
1057 65
1591 1189
1237 1125
1219 1698
1957 897
1410 769
1255 258
710 616
321 1162
1199 1632
1106 1178
312 1495
28 835
1463 1042
1238 1098
1201 1480
1554 1419
818 1952
40 426
645 215
1191 17
668 922
1794 1457
1631 89
1148 1688
1736 1129
776 216
180 143
1765 931
1406 32
1620 766
1489 1450
150 529
275 1779
108 1559
350 557
900 1811
926 1186
1903 1646
1882 476
138 488
432 215
1080 332
11 1293
97 316
732 1433
782 312
1553 383
441 1531
836 145
1310 532
823 887
1371 865
1660 434
314 211
1275 539
1311 1667
1528 226
928 257
1211 1043
1245 689
209 92
1646 521
1106 433
355 883
570 1413
888 1532
1320 1303
536 1852
1301 394
1467 337
104 1817
1666 558
417 56
8 1749
830 102
1611 311
1094 1180
1758 1379
1689 1326
1206 304
1045 496
152 1445
1707 798
33 443
1600 324
358 122
842 719
221 384
746 524
2000 1527
1102 1221
924 345
95 1915
648 907
557 1838
362 1030
1330 886
1647 22
1568 111
500 123
529 1462
106 1037
1303 276
1752 138
1411 732
900 603
1035 1022
1654 868
1041 878
1239 749
208 520
415 1614
430 1610
1279 700
406 1625
829 1857
1605 1889
1207 94
1448 1037
1349 550
882 45
259 1318
81 256
768 1947
805 1831
304 721
1690 11
1601 1194
1318 1572
541 267
1298 1748
1501 83
88 1775
1187 218
1447 442
994 1353
1833 1364
1131 4
1715 158
1118 1600
1242 1984
851 605
1307 514
557 493
1167 1762
1414 1682
573 1929
26 1368
771 113
54 861
821 243
1578 1247
1888 1409
926 346
312 313
382 1873
202 1658
1374 1654
879 202
929 446
1989 1050
374 180
1365 1918
177 1221
171 1173
395 1085
584 1566
734 1328
1000 1843
123 350
1372 1215
1280 422
897 266
67 182
1962 1287
905 1019
108 134
252 620
745 1676
1849 1207
635 1845
205 1694
686 409
1864 1313
756 554
840 921
1372 349
1498 1272
825 1624
1904 1327
420 874
300 1651
1639 842
396 562
1850 1611
1279 632
1028 1245
46 1289
508 324
1262 1602
1119 1324
122 1801
1786 1195
157 1055
1945 1742
1221 1405
514 1453
1066 1321
1435 1066
1733 797
638 425
1773 467
985 452
1623 780
457 417
1759 1226
996 1447
510 1978
631 1222
383 1177
1867 1445
631 1691
159 135
991 792
1289 1582
1926 1836
1934 1023
1643 1271
1897 586
872 494
1198 1369
1552 254
1081 49
1273 1972
1404 1919
727 1016
1215 381
1005 758
1438 1415
1536 1497
4 572
691 583
1042 1335
85 938
416 444
1729 1850
600 1213
1649 1164
1931 495
1148 1280
1177 219
1615 56
13 677
1072 244
1886 957
1621 294
1519 1319
438 181
1061 1615
1772 579
1043 964
618 1360
7 1587
1119 1692
1286 688
1749 310
1363 662
1564 161
807 901
1358 1984
513 1867
360 428
1659 37
1493 1826
895 646
1975 276
902 200
1011 1926
332 582
982 1270
1749 1339
364 468
1618 580
1437 1701
499 218
182 729
490 1738
645 432
112 834
760 1052
1772 890
1909 1840
1187 499
1137 551
1860 932
678 949
1769 472
1391 1771
1504 703
815 1336
443 1670
225 232
1270 160
1282 1384
818 1558
538 1248
280 1703
321 328
1817 1640
114 260
1057 1207
847 1467
516 1068
1797 375
191 133
502 509
1676 1234
1214 1743
629 214
235 535
255 1147
300 229
1974 703
1107 1713
1051 1530
699 326
1453 896
1750 828
1799 955
1194 116
102 1770
1363 408
1189 1416
89 652
1621 1511
1398 1649
605 831
1602 1868
821 1250
898 272
700 1007
1371 429
1232 1529
526 1036
515 833
880 1826
987 1469
1094 188
582 504
1037 735
827 1822
1566 189
290 147
1473 731
590 449
538 175
1551 1750
1525 958
607 1264
431 872
720 64
1342 1128
998 979
255 1753
181 262
1784 1074
128 464
1695 1333
1845 1674
1333 1455
515 584
1203 1957
315 1408
715 1113
409 318
1337 1135
527 1356
1015 1709
559 1975
1675 1402
322 328
826 1396
861 772
1731 1718
424 824
542 1917
50 1237
229 1910
361 1823
131 40
78 413
1492 1046
454 451
1179 676
550 1942
1177 1945
1518 120
44 196
1592 775
840 1358
701 422
1619 1817
1083 1677
1312 1098
1138 69
1474 207
948 807
806 277
1032 1856
1816 1512
164 1127
381 1882
935 1338
1644 1325
1446 1278
155 1769
247 1848
1685 1526
472 77
651 512
195 1422
1540 430
556 107
175 283
113 1891
784 53
833 584
441 1482
117 759
668 75
1506 857
827 721
855 16
1036 1914
1657 185
1028 1069
579 890
897 845
1366 318
182 951
1636 306
1921 887
1455 241
1968 1966
1124 1070
528 597
906 1043
1586 490
125 149
834 879
980 1239
792 869
1872 1697
246 1538
563 1992
1009 753
794 1348
403 1642
226 658
1092 491
552 1477
970 489
1918 626
1812 1607
563 844
522 13
802 75
33 894
428 1349
923 253
491 1199
1063 1182
508 355
292 1335
679 1510
1520 1172
1613 918
954 1920
929 1736
1040 28
1890 1451
603 1328
1962 1313
127 58
1424 266
778 1648
1478 341
1716 366
633 1372
80 400
1933 1549
700 632
1468 1828
1482 1117
1907 421
1164 595
654 773
1637 519
1510 992
534 27
200 1423
1898 391
1439 1386
638 1590
1152 458
458 1573
1534 1455
340 33
1757 348
143 317
1847 1664
51 1233
1090 592
1690 1182
554 1073
269 964
1020 1803
1939 39
838 172
1384 1190
1947 374
696 1722
1038 644
951 729
226 849
1916 1729
272 1217
140 1805
612 1894
193 1579
139 1642
343 1937
807 544
772 502
1908 1434
1423 1893
309 47
862 1797
957 252
1225 179
963 1458
1889 1851
676 1604
112 1814
1755 1414
920 1668
382 233
1632 1523
288 1326
401 395
265 1366
993 1660
1473 1406
1700 1030
439 38
580 1979
1846 1543
1942 1078
463 1473
553 1496
663 1385
1317 237
1529 905
1436 300
6 1345
795 1928
980 335
1691 1222
1115 117
693 1961
1949 385
780 1863
333 214
548 812
1967 715
1012 516
1576 1994
504 713
453 1545
363 976
184 1045
1265 706
118 373
551 612
323 1673
532 42
1647 1892
1935 952
419 1421
1047 1004
1216 1570
487 1531
812 1049
1408 1454
594 560
1547 764
490 1374
201 806
954 712
865 561
474 1263
832 573
609 4
261 671
1846 461
1913 487
1670 1741
607 1592
1285 59
1485 385
59 1291
1592 832
1206 505
1524 551
1980 1079
1129 1131
833 1566
389 813
568 1725
793 595
1735 980
592 1568
535 15
99 1956
939 1112
1175 222
530 940
230 1515
1804 43
80 611
407 1090
1875 429
42 1082
1970 670
657 64
674 1690
1412 1255
433 251
856 672
691 1712
1323 1211
1867 946
266 783
1109 1012
1927 859
1733 967
1902 555
403 1149
1378 1704
163 1791
1796 1846
1328 1047
899 220
702 833
1330 159
1385 623
303 1308
74 904
1642 1301
1227 1602
261 565
372 1957
32 1093
1304 676
1062 1558
411 882
145 104
1633 1351
55 1048
1380 788
1439 1377
1607 1646
1488 1933
773 877
1154 25
1325 1391
345 624
124 1026
922 1528
54 772
9 1456
222 403
5 1201
566 466
1557 664
1286 708
702 515
1354 794
1522 159
183 1836
1332 801
1548 1382
1105 1292
1432 1711
285 1150
999 503
1361 634
99 1206
1768 82
98 1032
1783 820
1841 139
1431 829
1154 1138
1127 641
1727 1998
1902 120
1661 1009
1648 407
1533 1628
591 212
1658 363
1367 983
1624 543
1959 325
1134 937
1006 977
1080 582
134 1999
1353 187
913 423
252 1951
1532 892
1490 340
258 114
1637 1099
128 410
1887 1415
774 735
1375 1588
752 629
1315 259
1081 960
1843 1053
706 1461
1781 407
815 1625
1300 477
1488 1549
1355 265
1795 2000
1514 1988
1460 527
574 649
361 1819
1477 702
880 1493
841 911
927 1142
1259 530
540 117
1454 479
892 814
375 250
86 625
455 1611
845 783
1842 1814
1297 1907
766 1718
1307 593
1915 1145
1892 1337
847 337
1155 1561
1033 777
