788 740
505 627
1834 1993
337 469
1540 656
714 112
796 1587
269 654
18 1077
1011 1360
1156 264
267 1968
1792 1225
321 1598
1843 1252
829 1359
636 1072
1198 1076
1035 1105
1977 1316
373 232
1315 1248
1760 259
87 538
1653 250
1767 1892
910 1157
719 844
880 980
1608 935
1543 1413
910 180
189 1097
669 863
892 619
429 723
1133 1439
1068 1458
710 656
331 835
1947 1110
18 443
1244 1485
477 1395
1617 640
1263 1413
824 1581
369 138
1766 15
175 1973
1304 1967
1850 907
1947 1322
1500 538
222 509
1686 1432
1005 228
539 889
1263 683
283 1779
432 162
1381 1359
880 689
1500 1333
432 296
993 1606
1512 1164
1589 763
1830 274
189 1536
1244 858
350 787
1243 57
1146 476
910 1606
1890 1177
189 1836
1013 609
1132 1252
116 244
444 1874
58 818
1683 1110
1843 740
281 1536
72 232
928 188
1141 1527
524 818
523 1893
1019 454
1657 1557
1679 69
710 980
1250 1874
457 1848
1599 1555
1071 1598
873 1458
843 60
1913 1663
892 930
1195 341
195 1446
267 1893
614 1247
395 363
4 221
1513 700
1976 360
1080 1333
1047 702
18 1501
796 1340
873 1490
1543 334
1846 723
630 1967
467 897
1563 476
873 897
1263 954
873 1439
1276 1779
1544 1974
1532 250
1156 463
671 1311
1679 1208
401 1779
1397 874
795 137
1947 1311
390 1824
179 930
1435 1094
1149 1587
1693 914
1831 1333
1047 1720
331 188
447 140
181 271
1744 863
477 914
1500 1289
1090 1581
1922 1892
242 1359
500 759
904 1437
1827 1
424 1458
913 1087
1792 371
331 454
687 1367
1778 360
1852 1735
395 1892
1149 1893
1263 112
1259 521
934 367
524 509
395 1973
1406 866
1766 1557
200 521
796 1135
395 703
516 863
458 57
1793 1638
658 656
68 538
1767 1848
444 1948
842 1598
1523 92
1211 743
1792 232
1243 1207
1762 1168
275 759
1414 1383
350 1157
38 881
1399 1177
121 1779
644 1956
346 592
267 640
1211 1902
1129 232
1442 1536
944 198
731 616
800 1605
1846 1207
1406 706
1532 1921
585 445
1990 725
1199 188
1146 1026
843 1094
1617 256
1538 1902
47 1448
1427 433
1266 230
1538 1110
200 619
781 2000
1155 1741
1355 1920
1104 1067
1141 949
181 732
1767 1432
267 962
1465 1448
1833 1956
1195 1032
892 700
892 1443
197 153
824 162
350 810
1760 1459
1599 1698
796 509
390 1320
331 1
127 382
705 1630
1965 621
1131 1461
796 1585
892 611
705 57
485 1916
784 1187
1767 712
275 1560
458 1458
1396 679
1532 513
458 1207
1890 232
1250 57
496 103
451 626
687 1536
1129 45
313 1509
1149 1939
1009 972
1584 1161
1676 306
1141 689
1766 1472
601 542
286 1135
1430 1262
1748 78
410 1557
931 1135
1580 954
181 1448
1760 1145
444 709
1760 1175
1263 1432
1940 327
1400 486
1523 1077
1849 1308
1250 198
1468 1872
994 1339
197 680
1753 1902
1271 1207
1538 1158
905 1861
1304 1333
206 923
197 683
282 1820
1495 1207
1780 334
1760 1374
796 378
87 1876
1512 1390
502 409
1243 8
1019 1280
1622 1605
1863 1225
1961 971
369 1008
769 626
1371 250
823 1556
400 1948
1833 1248
281 1893
601 1283
658 888
693 1158
658 1790
477 616
1650 1203
1011 1927
873 371
339 1350
1827 29
488 204
1220 914
1940 1460
1766 1801
1284 1527
1198 1374
104 914
968 1876
724 627
1608 397
584 643
1245 1790
1760 125
1821 1973
1639 923
796 1032
1537 730
1792 1207
1882 113
583 1316
281 250
1361 1908
1633 212
1653 223
1435 482
1618 907
1092 808
610 1874
1137 371
1217 1681
1084 284
477 1851
1679 1379
68 193
1086 334
18 1710
179 209
116 1527
524 1145
1039 79
1541 1097
1002 521
1657 1861
1154 1207
1929 1883
722 1661
1731 1252
1430 1460
1290 1094
1055 1432
1132 1779
1922 1861
910 232
1821 1557
395 555
747 225
1178 1677
1553 336
281 360
447 1135
1642 1902
1263 611
214 1374
1288 997
1295 113
843 1296
652 396
1141 1795
63 962
873 435
129 476
710 1872
1639 716
1035 1828
1427 1097
47 1073
99 1554
321 689
18 1746
179 896
1831 1067
1133 1920
1259 451
398 64
1532 1902
1264 712
1290 17
802 1161
321 1395
1119 230
1767 923
142 1026
1016 40
129 619
4 1415
1767 737
1678 8
1961 923
968 1458
1678 92
1261 274
1627 1602
63 1598
1488 1294
337 1051
282 1067
614 551
779 221
1675 879
1831 1367
1648 1067
1427 763
1633 1280
516 1939
710 818
447 1598
842 1439
1080 105
637 36
444 125
1163 469
1406 1899
395 808
1622 1795
285 1967
572 1447
1137 1077
1760 688
1863 616
524 259
1523 1110
1263 113
1679 311
444 1067
200 1876
500 914
1178 634
1683 1893
1445 680
1133 1893
1400 476
231 377
726 738
1309 1612
516 454
1789 15
1622 508
523 188
1538 250
900 914
1263 1458
1905 113
731 619
1693 742
1236 923
1381 59
1642 1207
726 1536
450 1223
1244 930
267 680
485 616
1371 1207
1653 1067
1922 759
1523 1334
1384 923
500 1803
1114 1798
1017 349
1657 1707
350 1732
1846 616
669 660
1273 336
1997 753
910 1100
1523 923
1683 895
121 1607
1911 1073
1523 509
1259 1848
1747 866
892 1874
1792 680
784 603
1870 1460
1403 835
1514 360
1611 1472
1118 1779
1834 1461
722 759
916 1183
1543 1285
350 1536
369 378
285 1171
1635 914
892 1020
63 971
1603 334
669 627
1080 473
1633 1861
1251 1067
1273 1147
181 328
331 1876
843 1439
1922 914
403 901
432 1982
1397 863
692 1799
610 157
124 1313
1936 1527
760 1041
717 482
1826 1382
467 835
1260 204
285 980
584 1720
731 611
1650 349
354 1973
1655 113
314 37
549 930
1520 261
992 290
801 971
30 1135
1981 1262
1978 148
395 1902
796 1556
1740 250
1024 528
1244 640
1766 1450
516 1725
1092 482
298 1798
241 1596
1538 220
1263 1761
1191 545
1760 1859
455 1605
1846 985
1266 661
1133 336
873 1207
1911 1207
2 445
1133 1973
1005 1903
1035 305
1101 613
1863 1460
1831 333
281 683
500 1779
314 627
1947 555
843 1383
539 1612
47 336
824 972
1760 360
1361 1612
1835 1267
843 702
525 59
1154 563
1084 974
1273 1157
714 29
756 271
181 119
1538 1390
652 1280
1352 1587
1540 1556
585 1346
769 1448
116 1559
1833 1073
1683 1147
1132 1085
1465 460
1435 204
342 508
1749 640
637 555
651 180
1922 1605
1791 271
1512 1798
1033 909
1149 790
1263 1583
1236 1350
314 163
1594 1921
979 213
395 1876
215 1312
993 157
1150 466
892 306
1767 1207
282 907
1478 980
373 1746
1998 1067
1749 567
1667 1876
1822 1993
1654 1872
1163 987
293 1321
813 949
270 700
1150 1065
784 896
395 445
30 1920
1124 641
141 120
617 1736
11 271
710 1094
719 445
1414 271
1052 723
1156 1439
1273 643
1143 972
1802 1919
47 1439
1691 445
17 571
1496 897
1427 1439
1633 250
1162 1836
1514 1226
1826 917
1831 1438
1273 1908
222 1242
62 1350
601 640
331 578
1712 828
722 1993
523 1555
1831 1115
1336 930
1693 113
1711 1294
658 490
1245 1357
63 1779
1385 1094
771 1145
950 363
1522 1687
1023 1446
1375 1557
331 1316
1833 454
968 162
1822 1996
1843 45
610 971
606 59
1433 230
614 1085
1523 1135
1506 1267
403 1067
1579 688
32 627
1584 439
1137 1136
1273 1203
1090 1105
1047 1262
1463 1876
1118 503
449 1413
1347 835
1922 305
63 1525
1693 1439
610 1316
1680 1374
278 1754
1430 1598
870 1967
477 1861
354 1581
68 330
354 1408
1047 688
802 685
1033 1126
1767 45
784 971
1500 1359
992 1556
1506 858
226 1126
1348 1432
1633 1207
1686 1920
1867 997
179 954
669 946
781 930
281 1920
1977 1811
1273 1876
392 893
1760 1548
1263 1207
1047 113
429 1581
1435 656
1767 1408
1343 1861
1099 473
786 1440
1909 264
568 1316
1375 1698
1372 439
1627 1398
594 1559
524 244
1403 1536
417 1203
931 1902
1911 336
1675 930
1523 1410
1648 371
1074 643
63 640
892 774
1760 914
1232 382
1155 1
500 328
1414 1482
554 1872
319 1145
1977 382
1846 1311
731 306
669 1556
1104 91
1818 1536
784 1051
1679 738
880 1437
1132 402
910 136
658 294
80 1329
1463 1097
1141 483
1523 700
1821 685
1206 1165
215 364
388 638
1622 1626
1686 91
1449 1899
1198 1776
1547 670
1132 555
488 234
485 839
383 856
1961 232
1514 946
1835 138
1435 365
667 619
192 1316
1400 1461
1512 978
316 683
1826 1175
796 1941
864 1367
282 162
843 818
788 1687
1833 1247
1149 1687
1259 1320
1657 1741
1922 328
1532 1432
1264 688
1809 1779
1075 8
197 306
346 7
1315 360
960 213
249 323
595 971
941 690
200 1187
181 1596
1304 725
1279 835
622 139
1251 1283
1099 1020
669 1948
658 1432
1662 570
1692 653
68 1956
1760 1316
992 730
796 31
1766 1551
1149 805
177 1311
873 1094
444 365
705 1893
1910 1737
408 914
1244 1605
1545 501
1355 1848
587 69
1580 929
1843 691
127 367
243 1073
1478 1030
1250 866
1657 274
1972 446
1622 521
989 138
1599 619
507 213
13 1461
1292 27
599 1120
610 399
823 1690
531 863
1846 1135
939 1725
103 1874
1643 670
1397 446
1767 1439
539 787
1961 961
525 333
321 1443
201 370
617 521
605 125
316 1078
1278 194
1343 702
344 1383
1853 626
1361 835
1762 872
1675 783
1793 700
731 833
282 1737
319 1094
1176 732
1822 640
1894 1161
1414 685
1243 140
1719 1798
630 1581
1206 336
1622 279
1961 723
1445 1394
379 193
1478 445
636 1871
1642 1094
784 1919
1846 105
1412 409
467 1783
342 858
68 732
991 365
1909 1892
1780 1704
1648 751
229 1110
401 1262
1657 1452
1584 1235
1259 1073
1762 712
1748 551
1259 250
731 1085
667 1732
594 793
1275 1722
1831 1312
373 1306
1023 328
667 265
984 863
1693 232
1005 1070
800 957
252 1113
992 1439
585 1876
1655 1779
1538 723
1564 1892
994 399
1169 1919
1568 221
1611 1876
1047 1294
321 888
1719 162
331 1937
693 223
910 1899
116 1456
651 232
1336 1367
554 656
1292 1334
769 723
277 306
692 1350
1833 1893
1251 274
47 1120
1015 1110
1905 1139
1442 1790
1198 1556
1260 336
1035 879
1035 592
1633 218
1178 1703
1365 909
380 1026
880 1341
572 575
1662 555
994 1460
1099 935
1385 1583
1693 700
666 957
1427 207
281 113
1488 935
710 1053
1445 783
1767 221
72 1145
299 1790
1728 367
1622 688
1933 207
485 161
761 738
1295 685
610 896
1774 1405
403 367
447 732
843 220
1118 835
1531 1803
1514 311
1274 1053
1250 1557
1622 1476
1244 1557
1778 1192
1547 36
192 1460
1922 59
4 23
47 998
485 509
1133 44
1128 712
1220 570
189 1051
1622 808
485 1306
795 371
784 1527
1129 1248
477 1709
892 194
853 250
769 1085
1601 689
38 386
1376 946
1545 1939
1589 133
631 1460
262 548
47 712
1683 567
710 1319
417 1339
1711 753
1683 826
659 1581
1693 1556
47 1432
500 1974
1273 445
824 1168
268 545
1002 92
1163 1277
1315 670
710 616
197 1848
843 962
467 1939
47 399
1186 1311
215 1861
944 386
1295 914
898 113
870 640
1163 742
63 1581
1523 725
470 1590
1414 1803
1427 1798
1831 145
1245 208
9 530
910 1067
1309 1876
1496 328
488 907
1543 1967
227 1410
1990 1339
1137 330
928 1706
450 1536
796 1560
275 1973
731 1026
1287 199
813 1145
843 161
928 259
1834 1408
459 662
181 1085
1657 863
920 1110
142 555
268 954
637 521
1981 139
1633 125
636 720
788 1467
1608 1555
1281 1241
1244 656
383 712
243 105
1805 193
458 580
1047 445
1599 1735
1766 159
719 1790
1442 987
1273 360
1760 783
1397 1448
1822 420
1838 1407
756 420
1523 336
637 371
459 1439
1863 1458
731 1808
939 328
652 738
647 236
1711 1927
1633 1085
1381 555
994 1100
252 144
63 445
1571 1985
731 683
1657 1152
282 1735
784 473
693 306
1427 866
72 386
1907 445
1496 1439
1376 1319
197 232
1096 119
1375 1223
1129 193
796 878
1711 247
941 1367
710 1085
1361 420
1002 555
631 96
1694 145
1609 1332
46 1439
1971 656
1731 833
993 980
226 323
429 1883
319 399
1047 250
197 555
285 1892
1642 1120
941 397
1274 1921
829 1094
1686 706
906 1446
63 232
458 105
637 551
784 551
736 1333
1846 1408
1119 971
401 923
1039 855
1929 740
1523 508
1219 7
1260 712
1434 1982
129 137
1711 616
1250 792
941 1893
1766 972
401 1939
1622 858
1220 363
1711 203
883 1560
224 352
1397 1184
931 833
1414 1067
458 389
1514 152
1427 1901
1523 1067
467 1974
1397 228
860 79
331 616
1922 1085
549 1319
80 503
525 349
1608 409
1176 1612
1266 980
447 247
1371 1808
904 716
669 694
477 264
687 1267
1328 333
637 204
1747 1078
1852 1527
602 1316
669 1175
429 509
1589 76
1683 688
127 1876
268 1070
268 309
401 573
1774 250
539 945
270 1715
796 1926
1279 1097
1767 1902
1019 1983
549 31
900 550
1712 1014
968 888
1150 474
1271 1252
731 1207
1981 482
1137 1085
429 850
1653 640
1523 1026
182 1207
910 297
796 1432
986 1270
37 577
1760 1448
344 872
32 753
554 113
80 105
1622 1671
1002 1110
1169 753
316 1920
1965 1181
1977 899
1132 974
724 113
1381 112
1195 1321
1711 132
1273 1973
1523 1267
1492 232
873 1892
1309 742
714 774
1852 1067
910 683
1955 1383
1686 333
968 96
477 1598
1176 685
1371 538
1019 1613
458 923
1792 203
444 969
1430 1967
1399 1139
1132 567
181 223
401 482
346 213
610 1824
1506 1807
1453 1902
1693 1077
1212 420
904 1735
1039 1859
1922 1948
543 571
1821 1808
1141 57
268 1501
1132 521
1155 196
1427 294
769 616
1545 793
932 563
1580 657
1780 1598
458 555
1767 1367
1104 589
1190 1956
1749 1861
842 1308
366 1439
1295 759
1792 1262
1545 423
1163 232
1748 1901
1691 1409
1635 519
1251 627
1913 1008
489 935
1250 336
500 1893
769 914
33 712
1132 1207
1496 1094
1767 1302
1496 901
200 1590
1563 59
617 718
1955 545
1199 1551
642 1247
1414 1973
1295 742
395 1094
122 60
404 946
1080 139
572 204
502 1687
714 701
769 57
124 1973
72 578
1835 112
883 662
478 1828
992 469
1822 1258
1955 1367
1099 656
1909 476
873 153
1163 1737
192 1899
1582 445
400 946
477 1893
1279 723
1947 323
504 1581
141 1164
756 139
347 123
1778 1067
1274 1948
142 889
636 753
1195 1147
252 1094
1406 907
1949 140
477 1439
1760 700
1009 1145
1099 237
496 1135
1809 1333
401 858
1039 1333
587 563
658 1311
1259 522
401 1247
1622 162
1693 946
1086 1339
890 679
968 2000
669 1939
719 125
1760 1367
347 1808
1863 946
310 609
1445 509
1639 897
1478 1469
636 1014
1375 1451
1071 793
26 232
800 490
281 1226
1532 741
1133 1605
1792 1975
1749 1073
1442 250
1762 732
768 1419
669 1983
1866 1921
516 689
784 1105
394 653
1134 1319
1712 971
610 161
87 223
458 1021
1273 328
594 683
226 264
1778 1203
87 125
1694 945
631 538
1545 385
1163 825
1580 1920
1633 749
1947 445
477 1333
1977 858
1406 1814
1924 328
1821 194
1132 445
927 643
1385 1872
892 1504
477 1085
525 320
993 1
1287 1439
516 265
1453 140
1198 1808
1711 76
637 810
63 334
457 386
1199 92
1827 649
1500 980
800 606
669 753
1287 1432
1133 1779
1579 673
843 835
1263 1094
47 1187
1678 1135
1693 132
1263 460
1724 1448
395 930
47 162
1124 1497
1263 924
1133 509
1827 1515
652 1223
1381 92
1571 1560
1141 1410
1263 923
667 1022
1981 1425
1035 1581
4 837
1047 1374
1429 1746
1259 336
1488 1026
1639 790
22 1161
800 1973
1831 858
1104 83
667 1258
770 1359
824 1779
1831 1339
637 509
947 113
989 901
116 1906
1442 1803
1015 59
68 1585
1250 352
516 1077
192 640
968 683
714 218
1205 1126
1496 113
410 407
398 958
1096 1515
1309 1555
197 328
780 863
1372 954
1015 1145
710 371
853 759
1693 723
1961 445
1381 656
1657 1848
87 1036
286 397
1650 997
1047 643
941 616
994 190
1675 232
1850 1436
1080 503
63 1408
1965 360
1163 1777
124 958
796 914
610 653
1119 818
612 1108
1129 279
1178 730
761 1808
1913 1816
1445 858
965 1874
731 508
1990 1816
1887 825
1261 1408
1822 1501
1047 1419
1141 1874
724 850
121 180
1260 1605
1940 328
1843 213
1496 1207
1220 402
1287 670
1263 1367
1693 1973
310 1605
684 1556
1600 1758
1119 700
976 1664
1099 1432
1765 207
1041 1247
62 620
68 862
1031 1482
1479 945
373 1902
1769 473
195 1460
784 1939
968 352
1301 1094
1589 1525
1601 1527
1019 1606
72 1105
1679 1252
1220 1340
807 2000
286 1448
1653 1026
1427 1585
1850 616
1991 349
1693 1161
1918 318
1133 1892
605 509
516 867
1496 1286
1675 563
745 1441
390 1147
1086 1215
116 1182
1371 1323
950 702
1965 1053
1376 1973
746 1340
658 621
722 377
1623 613
179 732
214 670
523 1308
1273 1861
231 810
450 930
456 439
843 113
1932 887
727 371
687 1147
1980 1308
1831 328
1961 656
1397 1554
1431 1258
1375 1567
1500 508
1563 225
1947 1872
1541 1073
1683 1085
880 1247
214 1052
1538 998
1694 1026
121 1892
1219 573
1074 1903
1099 476
1132 735
1922 1737
1009 1097
659 1790
1361 1953
1506 375
1719 570
632 1892
485 914
1361 689
836 228
843 1458
784 1999
1766 113
1099 1346
1096 378
543 1581
1538 683
1538 509
1427 1587
1767 1110
724 133
1633 220
1444 538
1691 1073
1846 555
693 193
1965 1067
1191 653
63 723
630 79
1414 92
1538 1432
1933 1906
1882 923
1760 1973
493 221
1922 508
1104 1901
1955 57
99 1203
1259 1939
769 1280
705 1085
637 1432
80 306
807 670
587 1247
842 1161
444 730
312 261
1068 683
1791 1268
795 700
1693 589
1589 555
1427 336
1416 896
282 1583
1371 1432
63 616
1852 363
242 551
614 318
227 514
1580 1138
992 1876
1163 36
1401 1390
1653 1583
843 305
968 1451
383 1967
843 1973
1512 1859
337 723
1934 1487
1047 1008
1080 1884
1068 555
1545 702
1695 1857
1523 57
1653 216
870 352
1622 1848
1211 1948
524 162
395 466
1850 508
1538 1085
1400 1448
1719 161
1922 1359
18 1094
1760 1986
1880 1902
1922 1367
515 730
1259 1517
1015 1439
1961 1598
1545 818
637 173
554 866
13 643
450 120
1767 1598
1961 1448
876 168
719 1861
1553 640
1457 1224
784 1718
316 1413
1496 766
637 1439
1603 1969
1033 522
310 250
731 371
1791 92
1739 1710
1005 783
58 1444
1662 1094
268 723
1977 113
1685 1903
1655 336
1977 59
1541 930
515 833
1693 1408
1040 445
853 194
1600 1897
1219 577
1406 1844
1149 328
668 1067
62 352
408 1874
1693 351
321 259
222 616
1657 1472
404 237
1809 378
719 1824
1304 474
925 1848
369 1779
796 1876
1665 1110
1875 306
979 971
1827 112
124 1110
1195 914
131 1157
1642 1413
1163 1606
1804 420
928 706
1887 1339
197 1161
267 555
1397 858
1251 835
1514 228
681 274
103 145
517 1280
1643 561
1031 132
1538 445
1760 1446
1676 643
726 1268
1642 1408
1523 1967
369 112
1099 1559
1989 333
1263 962
388 1085
843 1902
1041 469
1221 1248
1538 1856
1099 57
1694 1158
197 1845
813 1567
47 509
784 1439
1066 112
993 1443
658 643
1068 990
281 1939
524 1026
80 469
979 1157
249 1861
30 528
1336 560
1104 367
1766 716
342 323
458 627
477 1021
1843 1225
285 236
796 1469
316 1581
795 1555
404 907
1463 168
1273 113
1495 1919
1894 1241
1863 1105
1850 1555
1830 1885
968 360
1749 89
884 148
1084 1432
610 683
1580 105
281 1207
1532 1525
518 1551
796 360
658 509
366 1437
1015 702
669 1605
784 1746
131 670
1133 643
572 148
717 1147
1483 1718
1622 371
4 1861
4 1610
1767 223
1633 640
281 306
612 962
854 207
116 879
1748 1311
1457 1110
1990 1059
1336 1
267 491
417 1415
1376 1902
450 1413
1361 1710
1693 1560
1514 1717
1767 962
1259 1967
1143 1824
1259 1902
1657 866
354 469
1589 223
1766 742
1178 176
934 1893
500 1439
1683 889
1263 1516
47 132
1271 1605
1442 320
612 351
366 863
1259 1876
1679 371
636 1177
1940 917
1900 959
807 962
1355 833
477 147
1141 1225
1141 640
880 1973
87 1460
873 852
181 454
47 59
1947 476
1512 92
1694 1247
1846 402
637 1551
215 1848
1550 148
1129 1377
610 1439
1496 225
1875 1085
829 290
1478 1333
395 250
553 621
1833 1735
38 1333
308 1056
1496 1872
968 139
994 1973
1137 57
692 1297
710 377
843 1126
200 1690
807 157
1129 1308
1414 997
249 1115
928 1374
1080 27
1822 378
142 1690
600 1147
1273 655
1496 790
1738 188
1133 1876
63 1115
1361 370
1679 1078
1860 1581
921 971
287 509
800 1085
1047 1439
610 872
58 318
1304 503
992 562
1818 1110
1397 220
222 712
1015 445
47 1598
784 133
302 753
1692 423
1243 1893
769 543
229 1302
1244 490
1496 1262
1132 509
565 962
1911 1467
1336 220
600 407
1169 250
1096 732
1682 3
1589 1824
910 723
21 634
1618 1187
268 212
477 113
275 148
1821 810
1375 1828
458 1334
1981 653
843 125
1863 1207
1512 327
784 1973
876 1306
1371 971
1767 914
1149 1252
1532 555
1791 1308
1156 112
197 735
224 89
166 1598
48 616
1009 685
722 126
989 274
80 220
347 490
796 808
1822 852
769 1605
710 1790
813 962
1686 259
800 1587
1341 1135
1216 31
1693 125
1961 1078
968 306
1336 1135
824 1120
731 670
637 223
1002 1367
795 755
1435 1413
1178 236
1563 838
637 162
539 1073
1962 334
1831 407
252 114
285 402
1532 425
1691 162
1263 1607
1541 1310
1099 294
1785 1147
1792 723
1453 1203
1922 57
993 1602
1206 1419
189 1705
395 1432
1961 1779
722 360
1002 930
796 1409
1271 194
554 232
796 1439
1047 1432
1488 318
1361 225
1843 1073
1691 763
1961 193
910 1214
601 1709
282 685
851 1557
1259 162
815 1732
500 1223
1118 1790
268 1459
724 738
268 1085
1023 1868
1019 1043
1019 1067
304 382
1767 92
1178 1920
1890 1605
181 1606
177 725
197 1053
1538 914
281 521
1449 643
281 923
1133 566
1580 1248
1882 737
1627 702
1309 656
1191 499
1532 59
500 113
873 1939
717 1085
637 454
477 555
281 1548
500 1394
395 563
1015 193
47 689
1231 1800
610 433
1905 328
404 889
477 1357
524 1837
1132 700
1047 1340
843 1872
1530 377
1691 1194
1809 1605
1691 566
1500 1432
1767 930
1143 1268
651 653
229 1311
1381 1779
395 1482
1512 1316
1474 1726
1488 1746
465 832
1887 196
1880 1800
1212 378
1133 89
727 54
210 274
141 147
1678 962
1263 1859
1675 261
1818 978
1376 1224
1835 1094
1163 113
477 1223
1760 723
1693 555
631 264
1940 1861
1102 1605
1384 978
1915 1240
63 1135
873 1413
632 1808
1748 113
1532 643
710 57
1169 1536
880 858
1141 1113
1024 677
1150 1587
260 1311
1961 1073
1015 57
231 31
1388 379
1655 1487
781 640
843 328
1545 881
1940 1368
1792 250
346 1314
1186 1405
1821 420
1414 1283
900 738
1922 1874
1047 914
636 352
192 863
1486 300
1414 1094
892 946
1675 846
1524 1787
1163 1967
260 1735
1523 911
795 521
1791 1177
267 1889
1039 1432
1391 328
705 901
1129 1161
200 508
612 1187
18 706
400 1942
1496 1527
1496 1939
1961 619
630 670
404 1861
1541 1413
731 334
1978 454
993 76
610 858
587 1362
1528 274
1186 1557
1694 978
992 1425
525 691
1264 264
87 1567
1544 1053
1271 216
477 1973
249 742
1375 1901
1913 1135
1506 723
537 1585
517 716
1523 1902
767 1790
1263 454
500 930
1381 638
813 305
1149 980
197 1746
455 193
1980 1423
601 1333
1541 336
1643 656
572 1043
800 907
693 1316
928 1252
1263 914
1850 753
739 653
458 1939
1506 202
1564 1461
1263 359
1675 914
1496 1026
1030 1848
601 1797
1905 962
1146 1439
181 1145
1186 691
1850 1927
1259 774
267 1902
876 1859
939 213
796 371
1243 808
369 627
1922 835
1915 971
756 333
1361 232
531 1790
316 538
1403 683
1742 336
455 1101
1922 1472
1655 1973
1263 352
484 251
502 755
583 1903
1694 603
1611 1902
1907 838
1104 1892
1211 593
192 1026
18 1893
1478 1450
637 508
1015 176
1685 1333
1693 1874
1947 1087
1686 153
504 689
714 1861
124 1941
408 538
1760 1876
883 577
941 740
458 930
843 1598
824 1466
1977 1585
1633 1252
1141 889
1648 962
17 296
260 1407
200 1613
781 1439
1911 125
1400 1097
1538 1094
1104 323
1900 567
1694 1175
47 640
617 157
1156 79
1496 76
669 917
693 1556
992 148
1259 1408
121 649
1742 1223
500 232
181 89
960 685
1769 162
795 1790
1375 412
1599 1207
1186 716
1675 1439
1263 879
1427 423
523 923
1760 1037
181 879
1694 473
502 1770
455 971
761 113
1850 382
1488 1598
1994 627
1719 1527
1023 1177
1523 971
1692 1803
693 649
1846 656
1035 1459
48 1819
516 445
1947 1861
321 978
30 271
1766 1511
1271 983
252 712
1611 1732
1694 700
882 670
1655 1247
387 1727
1611 236
1523 712
854 1721
1244 2000
731 1795
892 1268
63 879
1846 371
979 833
331 688
401 1906
1693 359
1913 1808
1414 738
1622 1493
813 221
761 1334
373 1161
1129 1136
83 1226
1678 460
1414 1152
583 1779
366 987
1496 1085
1757 1225
302 360
1712 1357
554 1555
1599 1307
1944 1598
1553 1223
1657 1581
1693 1460
175 423
277 1420
1047 1555
1523 1432
784 1967
1496 914
47 1808
892 1557
1608 1247
1496 1973
1947 1097
127 1517
1531 1596
1197 146
1961 194
249 1467
1780 1126
127 371
383 508
1163 835
62 1214
1427 476
1259 1861
1691 1973
910 753
939 386
224 914
1375 980
1328 235
1089 835
1866 725
1259 445
944 102
910 817
1355 954
1099 107
516 259
1686 1439
252 1893
1767 1085
983 120
1760 1439
636 1043
1206 673
1657 251
796 1240
1344 589
321 567
485 1094
395 1452
666 1869
171 371
1149 1439
601 509
197 1207
1406 378
192 858
717 382
1388 570
1791 1410
892 265
784 113
1385 1467
1133 45
1748 305
1080 232
795 445
1132 1026
1400 1507
1545 1390
1488 716
601 1437
1174 1297
281 716
500 1874
1599 1461
939 377
1981 1209
1143 1480
142 1943
179 1175
761 1252
366 1556
1244 1048
1860 787
1250 711
1600 1698
337 1861
179 234
1310 1974
4 723
921 1207
1154 753
1622 232
1654 1252
62 1557
1273 1939
214 656
477 519
1778 1583
769 1374
1809 1339
1361 1536
612 712
281 1901
127 1286
1650 935
1622 1892
761 1715
612 59
1195 1763
784 1560
796 212
1882 1233
1827 1975
1936 1229
1538 1555
1243 433
802 334
1259 117
316 1585
1654 685
1062 1067
1766 1718
337 670
1622 1367
47 113
1991 213
1991 794
1133 360
47 1262
910 76
1195 1696
925 468
1259 1223
1132 193
516 1409
719 700
1288 1248
1936 1974
1023 909
1767 1779
1150 228
1371 810
1922 654
1850 897
756 1360
1365 952
68 521
458 220
189 1432
1442 1872
1821 223
1129 971
610 1225
1563 1248
1376 198
714 827
1691 476
1397 1187
1603 1920
127 36
246 1590
1831 503
1326 1459
1273 1432
1250 978
298 1509
1961 702
1263 232
1385 978
1766 866
63 858
719 1203
1643 1892
47 1939
226 1207
222 946
129 212
282 509
1129 213
354 1120
1541 1779
179 57
1129 157
267 1906
784 1872
1035 1157
366 998
1259 1598
505 140
231 793
658 1135
282 1939
1506 563
605 1026
1846 1225
1435 856
373 1973
1169 1010
920 264
485 1458
1599 508
395 1939
1512 852
1290 1302
658 76
1210 1836
46 125
672 980
62 64
63 575
614 718
944 1896
1961 113
1019 743
310 1861
1523 810
354 808
366 1605
1774 683
404 616
910 1408
1843 218
600 247
1146 1814
1650 1893
1831 57
1195 640
68 204
880 1906
1002 162
1691 808
47 397
1103 808
795 1480
1250 532
179 793
1015 509
990 1357
1273 1094
1633 1536
1962 176
523 88
1827 783
1002 2000
1998 1203
316 783
784 1892
1654 1902
1622 1135
1149 683
1980 1424
1080 896
1212 1798
1163 250
1273 1581
1244 213
493 1439
1639 1393
800 1439
46 1094
860 1301
1284 1285
1662 1899
1315 1616
14 91
302 1967
166 975
1540 1085
968 1183
516 490
1148 1560
1514 1311
1981 640
1361 113
141 1876
892 1973
1915 473
458 653
890 1157
1381 1339
1275 1297
354 1779
1496 1598
281 962
1657 328
426 1413
843 57
68 232
939 499
1169 130
719 59
1002 503
346 1864
1802 495
1355 971
354 522
1195 113
1244 1460
1860 1953
458 1451
319 1698
260 1448
1442 1727
116 643
1400 57
1693 1121
63 1735
1622 392
18 1861
1544 959
252 1585
1119 1145
1309 144
38 162
127 555
1940 1207
1478 1224
816 1902
1099 1501
383 563
1137 508
316 550
1231 198
993 954
1428 1559
1371 702
63 613
197 656
1047 360
820 1501
1922 1026
477 1332
756 1605
892 978
953 1110
919 1899
614 39
1307 1779
1133 1203
1693 643
1955 1362
166 1536
1080 1874
268 538
1627 792
189 1444
1566 818
395 327
1821 506
321 146
1747 808
1371 1993
1397 1420
892 1085
56 923
843 1581
731 112
862 1482
1766 89
1406 1889
1309 89
249 858
796 833
1611 234
843 785
477 1939
99 971
771 1409
1376 397
614 712
1399 1320
210 79
142 852
277 945
934 1848
554 1120
1679 1085
784 162
281 76
1341 1927
1545 1147
784 1302
63 1605
1361 1000
1523 1779
1355 1612
222 250
1355 1527
1133 808
1633 163
1604 125
921 573
1251 1982
843 858
192 810
843 555
1129 230
829 783
944 1408
477 1094
1371 1967
1271 266
366 1960
281 311
1545 1517
1804 1091
669 1974
1691 563
1653 234
1385 1892
206 454
1791 1452
1397 503
1149 923
18 538
601 353
1913 1737
1486 914
1947 923
1843 172
1137 1920
1251 1527
1198 1247
1657 1008
477 1876
731 1982
1599 723
192 251
197 1014
1430 1717
1922 810
1716 863
179 1799
1888 418
354 1590
95 112
1038 654
372 503
458 371
710 1517
1287 917
1600 162
116 1824
880 639
1537 343
1132 1097
1133 978
46 386
601 522
799 680
18 1612
1124 483
1633 1258
1792 1120
697 250
1523 207
1005 1732
1080 1598
1343 2
1273 1666
1232 1145
485 113
1199 213
1934 858
824 1306
1977 1085
1397 1555
1852 1677
769 1021
1655 1726
1388 1308
651 866
1149 1408
1273 1967
1694 643
1273 1067
941 330
1627 689
1589 1157
594 100
1260 1267
1174 473
1789 1
631 220
282 1973
9 305
1427 1876
1309 92
1141 230
1352 1536
1809 958
127 1321
1608 1548
1622 113
1005 113
1137 1873
208 1262
1124 626
1618 982
127 917
637 423
395 137
47 328
252 759
873 696
281 232
1080 945
477 1808
493 1067
1863 560
1933 1026
1343 466
669 689
1686 881
939 204
1642 728
1263 1803
1035 264
1532 1598
1544 759
1650 1892
215 360
1577 1876
904 1861
470 1798
1133 740
815 1008
1769 1920
369 1087
1273 783
1326 100
1343 1704
1572 555
1256 1527
1865 1848
121 656
1831 1340
612 858
1500 962
1633 1249
710 1902
979 1426
1506 532
214 473
127 144
1693 716
910 1085
637 113
1654 1065
876 328
710 1067
910 336
1236 1896
813 445
1047 1598
1071 1252
55 382
1760 1612
206 881
1259 1638
1910 1581
373 1945
622 1681
1678 1967
189 41
281 863
1133 445
214 132
1124 1091
281 133
631 57
1453 132
554 635
432 872
401 1874
610 318
719 1105
598 691
1146 1249
181 1725
1074 723
1496 1967
1831 521
282 360
1760 1734
842 1374
47 305
1977 1334
669 1161
505 1677
1760 490
686 483
1655 691
1831 371
1642 611
631 1836
1141 1268
47 1094
1442 1581
1760 474
1400 526
612 538
1009 680
1642 1746
1695 763
458 1717
30 1993
591 915
1599 654
854 161
1611 1903
1141 1939
342 250
968 1252
1789 538
1792 1097
1693 399
524 311
1099 1606
1989 1677
780 604
383 830
1571 1872
1103 1311
1643 423
1622 328
1271 1094
142 1848
1385 1280
1133 1598
559 1320
1385 1899
1863 1487
1760 1110
1852 1161
1336 759
1622 680
676 352
1244 1248
1668 980
1074 1605
214 1192
900 1968
1846 649
268 1779
1813 985
1002 1248
1760 473
179 743
1244 616
1774 59
1435 962
761 1145
1143 521
1259 899
669 901
1589 1899
1099 1147
636 1919
807 1798
1414 513
610 680
249 1207
331 1145
1445 643
1545 1859
1040 1235
586 1705
1686 1208
1693 712
1627 732
1561 640
268 1861
366 971
667 1207
1005 1661
1977 1207
1066 509
1766 1892
16 1779
925 1312
1124 162
1174 1746
1617 486
816 216
1478 139
719 305
1514 914
710 306
1176 27
1532 1605
1514 1073
1748 858
1137 1999
667 250
1540 1876
1478 1014
1129 138
598 207
177 538
1133 57
201 399
1015 378
1767 1094
784 917
610 1367
1850 783
1375 670
1488 852
344 1147
13 901
1685 1605
1792 790
525 418
1273 1110
939 1808
1131 1709
710 896
121 1999
1061 1320
1015 1557
1414 476
32 66
1496 700
1397 508
1622 866
910 1175
1850 915
1678 978
1024 759
892 1779
1833 702
918 578
910 1053
784 1367
870 1152
1273 1779
1804 701
1683 753
892 1267
1273 1902
1545 336
576 1067
1427 125
705 76
843 1663
373 1735
1648 526
1287 1408
281 914
1691 945
610 1801
467 1487
1124 1192
1483 1110
993 1472
870 1208
496 680
824 1467
285 1359
1111 1509
1250 1901
231 193
1292 1858
1396 643
1155 1460
1694 1262
339 1443
485 445
796 1801
1580 253
142 139
12 1803
1512 1215
395 474
206 889
939 1145
1002 1207
369 74
1259 508
456 1587
1788 1487
1818 1249
906 833
1831 1967
1124 1175
369 988
1163 196
1153 833
1532 391
380 169
1174 1839
1430 834
1163 371
1133 1829
477 509
1633 678
1514 1448
516 901
1445 1302
1911 1808
873 753
1015 1448
205 888
383 901
1611 879
1991 1446
1049 1458
1098 420
1544 1598
283 555
1345 213
905 1556
1385 1446
1922 306
714 1175
30 161
1792 396
1523 1974
658 162
1932 1874
331 1194
1805 1702
339 957
1767 168
843 1121
1785 1482
1429 971
181 1208
1818 336
267 245
1266 680
1198 835
1693 445
1427 712
1291 1556
1818 250
1336 64
531 673
873 1443
1005 673
815 1285
1544 1101
447 952
63 1939
455 1161
1015 216
408 193
800 1067
18 327
400 1715
667 306
215 333
1940 1899
1563 712
1682 691
1433 753
1738 168
458 1408
1111 1616
1627 151
1955 173
795 1787
1961 1899
1176 725
1273 1598
1191 162
784 65
1273 250
843 1067
1080 1408
1104 371
1343 1966
1804 1067
1156 1135
1793 616
1827 1670
1074 136
9 132
1622 852
769 879
1890 1957
916 753
1678 1943
647 1207
710 521
383 1630
1792 271
1821 962
369 120
1719 125
1804 521
373 333
1860 1687
477 656
1685 740
1591 1779
121 473
922 305
1199 855
1979 418
310 466
1935 425
1543 336
750 1892
1074 1094
1220 1737
524 60
1371 1820
756 1555
1035 702
458 1420
669 835
1002 881
1250 371
1133 147
1865 670
477 1472
408 1872
458 113
1747 679
1804 616
651 1515
1929 835
1259 616
1827 1226
316 1923
1427 1094
215 1876
1287 36
1149 700
1132 1094
1850 414
1445 1982
1863 137
30 1226
1080 1901
390 125
765 89
932 1157
1186 1638
1255 1874
1507 420
630 1616
669 230
1155 946
175 866
1622 886
1922 1536
1827 838
796 162
1961 753
1622 234
1309 1467
13 1605
1376 1525
1259 1808
1287 1973
1445 1677
1279 76
1644 454
1860 371
644 656
1642 223
1133 367
1488 1698
1648 560
904 1359
1882 1461
1099 399
843 1614
1074 1824
1375 371
1263 378
467 627
1875 1861
331 250
1959 1993
843 1939
1005 1598
1141 1819
400 753
658 445
1589 1094
1895 1067
457 1598
708 1557
1980 1472
1273 1439
1976 972
1691 1787
1523 1359
1657 1874
1766 1138
32 358
1599 1605
873 1085
1236 792
1693 1967
968 54
610 1187
1243 119
1627 1967
1349 804
1373 649
892 1640
1685 742
268 655
642 1477
1955 1996
910 1460
197 1203
1287 1340
1850 31
1243 481
47 1053
1397 566
905 130
1273 386
47 1067
572 1229
636 1876
404 577
1719 1469
870 333
124 1258
651 1967
928 1966
931 1413
1977 371
243 1203
214 1252
1962 1043
968 1893
68 1214
993 1556
1694 1948
1132 1787
1767 125
1514 1598
1496 1848
996 486
1846 1893
873 386
282 1824
1867 365
547 881
1644 688
1273 930
1336 1966
968 790
873 640
30 1207
127 1516
1977 1803
1219 835
1589 194
1890 204
534 228
1833 917
1011 738
1250 1556
796 987
87 445
1133 409
1724 649
1650 329
816 1816
986 627
659 218
1496 162
316 1120
919 1892
87 1956
1250 1974
1686 250
1435 969
769 1893
607 1974
1427 742
1767 469
270 1472
1186 1209
1657 108
1154 1120
1538 1874
395 1367
717 1710
1620 1151
1936 159
331 879
1015 787
1694 1350
1976 901
1627 1871
1163 1598
1767 971
597 423
1781 188
667 29
1400 1927
659 105
784 138
1834 76
85 137
637 1920
1141 402
1245 1021
1427 1700
1822 1339
1653 1293
224 1367
1878 1872
1445 1939
1133 1737
1821 1067
500 1207
116 1511
337 59
1532 1906
991 514
47 1973
1852 168
1442 1472
150 157
373 1203
1124 1439
1657 399
1978 835
47 723
1015 917
1141 723
631 1649
1678 220
843 333
319 223
47 360
485 1902
784 1359
976 1300
1211 1799
1678 1280
1818 1872
525 139
904 1410
1648 1262
1132 105
968 1008
1740 683
1852 259
281 1094
1263 1613
1793 105
1600 997
1009 997
651 553
900 1939
331 946
32 1967
714 194
1618 333
1538 76
658 1157
970 188
1572 1893
1830 1557
1538 1861
1496 363
1627 333
1648 592
788 503
249 473
554 29
231 60
450 218
1143 1517
892 125
873 616
1766 1161
1163 1073
447 1207
1132 311
1538 1974
1589 328
1523 1413
1298 1285
260 974
1887 1330
281 954
99 1448
1635 378
142 264
47 1145
1496 259
1965 1709
1163 972
1385 1248
1163 1779
1263 1598
1766 879
1273 1120
807 445
1678 1026
1084 79
266 204
1532 232
1678 1555
968 643
192 1100
523 753
47 1779
1538 578
843 1147
1287 250
222 1067
156 306
1273 1367
780 1147
129 111
883 1321
1731 680
1940 232
524 809
1545 125
1622 336
1198 36
813 1367
1875 1851
1537 1439
1163 271
1099 1948
692 1280
993 1920
1496 330
1512 343
607 130
249 1094
477 1187
681 1280
1806 1525
457 130
1212 1836
1887 1411
1530 521
87 1225
1977 1555
1309 907
383 98
658 1735
1099 1585
625 1651
1655 835
892 23
910 978
784 830
1833 1892
1496 555
166 521
1198 914
1850 698
1309 662
52 1333
1397 971
231 1743
525 1555
1933 20
1627 971
477 89
1834 589
410 555
477 1706
1163 1927
1934 1903
1749 1374
1563 328
1371 349
1292 1808
1204 474
710 1798
795 1536
1371 132
1822 1973
1584 213
404 1105
658 1223
1273 36
710 1026
1488 971
1263 2000
46 643
968 1187
1292 509
1767 36
1961 399
458 1302
1911 1687
86 1790
68 743
1831 1432
1572 1147
341 1973
1760 1346
181 1294
1162 783
47 551
1141 656
1163 399
710 533
201 1185
80 1226
1955 832
298 176
939 1824
1236 1902
50 1383
1831 1094
892 835
252 640
395 971
1336 1973
1273 723
1571 1252
1922 509
1149 1473
18 634
1500 1374
1082 469
1922 962
1496 1367
784 1319
267 1721
1922 264
331 930
171 1666
796 688
302 1302
1608 640
1035 866
801 1555
1414 1390
1922 611
1611 1722
1818 700
1601 132
116 914
824 76
68 738
1611 394
610 844
319 147
1749 113
1488 1966
21 1710
1760 1014
321 1698
387 1203
347 577
710 732
1922 907
1015 371
1802 1560
1391 323
1657 1923
1035 78
710 89
1683 328
784 852
968 363
1222 1587
684 92
1384 866
669 360
1541 685
383 1333
873 818
1236 119
1760 1333
408 866
1133 1094
1523 1262
1199 1490
1586 998
951 349
1304 1484
1099 1359
1118 1087
1376 1872
1133 1664
1163 1612
769 1067
796 1316
321 1476
1866 1956
1132 638
1397 683
1642 759
1375 1177
447 1937
1250 1790
1047 1316
1015 1437
1767 1973
1198 1899
229 712
467 1262
281 386
1719 825
770 879
910 1311
1310 349
298 1966
675 1902
726 359
1691 805
1599 1110
632 1975
769 1658
1846 1779
1532 1110
1693 1120
281 398
572 706
1002 914
1611 1848
316 1110
485 1410
880 1350
769 1415
1822 808
1981 521
1719 130
1129 972
554 1152
1211 1234
1728 1458
1875 643
1989 378
1693 832
1082 1851
994 1067
387 688
610 194
354 567
614 168
968 755
321 92
411 125
1627 1527
1995 349
298 1472
1104 1316
400 1297
291 1779
1947 76
927 1784
214 1330
391 1598
1976 1408
1617 305
395 162
346 683
1263 555
331 532
1290 230
1236 503
1711 1078
1648 1790
554 1504
1774 1598
829 76
103 1939
1622 1214
1099 220
1019 359
955 1067
1435 643
1846 1631
1376 1874
664 891
596 1161
1685 320
1654 783
406 1285
1045 1467
13 1721
892 100
939 178
1882 946
880 476
1052 702
925 1735
1684 1333
1030 399
939 1311
816 1939
843 1367
1124 1527
842 1432
222 145
1622 1294
447 688
1748 1717
304 570
395 323
554 1585
658 1974
1495 1420
1846 946
68 563
1962 1334
843 526
1589 1516
181 1135
1847 896
369 220
769 1120
287 1899
319 113
