1121 653
1380 1637
288 1588
320 913
640 1038
1055 1856
1335 1315
318 1502
1086 11
50 603
1909 1783
1385 896
1045 788
1980 1858
1422 1320
1596 280
1067 26
1724 1742
920 69
1436 1900
26 27
338 321
17 273
1318 928
412 1896
3 1519
301 539
613 853
790 1165
1080 1438
1063 993
1625 623
336 809
51 1476
1808 1394
907 1483
230 8
1918 1837
1950 578
708 725
199 253
1588 1288
1824 1784
469 861
114 1908
1928 918
1845 459
1441 430
1036 1796
354 1125
1644 866
577 557
1031 1444
279 1944
1519 897
442 1819
1971 880
1354 722
754 1935
1276 1406
640 412
213 647
1617 1313
1546 692
67 983
525 538
1537 206
1747 1155
1558 1084
1825 1391
99 94
502 284
537 1041
1724 801
23 1909
1162 1569
469 1320
584 967
470 744
1328 1732
84 363
1790 1034
340 1190
644 1151
1313 695
1471 486
866 1574
930 847
1137 186
507 793
723 596
1301 1496
1568 451
584 324
856 1932
1607 439
125 1335
1175 773
1860 341
1749 1429
898 95
1597 117
399 638
1714 85
1320 1034
1807 22
1610 236
122 1222
661 1066
1988 1999
728 1926
933 176
1874 451
1205 920
1395 43
1290 1594
1324 855
1647 948
1317 577
423 1076
511 1310
793 85
970 704
1982 1355
409 1838
1178 1572
1062 277
1352 746
276 1370
1827 472
1018 1531
47 969
1333 46
735 1434
1979 968
1383 1598
1954 1576
1874 1192
464 625
1804 1692
1871 1318
34 1795
147 258
1200 407
1227 248
791 561
1991 1316
847 1894
386 571
1075 1886
159 1382
1959 986
1258 646
1377 1425
686 310
1350 437
815 1334
1647 653
1120 1193
1412 969
170 1392
503 318
362 1468
862 1510
1633 1113
180 733
1106 1854
889 28
1042 1157
464 612
108 954
354 1475
16 1935
193 1798
590 1683
1278 672
1252 140
1482 1380
243 632
1902 1645
298 254
1619 1649
108 854
467 82
355 1736
1803 693
847 550
896 151
1651 1366
1835 337
1168 1800
191 1851
11 1938
472 1391
1839 1491
622 1662
1320 293
806 1695
51 1491
1156 840
557 1335
449 976
1826 1588
330 816
1316 539
1882 928
1810 190
994 952
1318 1496
1306 1678
1313 1328
781 1391
587 926
390 38
1870 468
1707 872
1750 542
1289 964
1158 1453
1357 327
1105 746
1089 1394
81 1027
79 1957
577 1937
941 491
1892 1252
461 1389
239 458
1105 1064
237 136
1469 743
1776 521
299 517
1349 405
748 1179
76 1761
591 1187
197 1462
1170 1818
1912 1329
483 1642
471 1102
832 1657
1828 268
1246 1162
981 1605
1372 568
1068 451
1211 454
1537 606
154 1194
1650 13
1006 1030
1444 1116
1085 392
531 1727
1920 1269
582 1300
1645 714
1297 832
1342 1439
1961 747
611 1397
1737 1477
383 706
38 1230
409 484
1135 910
1451 1841
488 1440
1791 1375
1832 1817
1646 1883
1982 1971
386 1605
1950 220
1243 858
135 986
360 1389
1019 663
1783 130
198 315
1375 597
1266 1823
768 1792
309 658
1398 1828
169 1358
768 889
703 761
535 1584
140 150
874 671
539 210
611 684
1749 439
1100 834
20 1960
1331 90
239 1328
1116 1194
1109 1878
183 1502
1147 155
26 1524
1740 387
323 348
1121 1971
529 47
1897 1110
1441 1637
1338 1459
272 666
1799 1788
83 153
1739 1944
1054 1165
1429 639
923 892
50 1857
378 1240
470 1178
1284 1081
556 1699
467 1042
912 670
523 676
923 848
1604 1465
997 421
1929 1333
277 1935
1096 250
1678 35
1930 531
1782 409
1289 1498
1841 578
1600 565
1419 502
769 602
77 98
1028 1030
144 100
176 1394
1018 1399
1260 510
1 568
1648 1674
837 301
973 1918
1656 668
1908 1101
1842 926
306 97
546 1198
1609 1787
1745 398
348 1900
363 577
1971 1371
29 112
715 205
1754 487
1399 583
1724 1913
550 946
1659 19
353 581
997 823
713 1037
1213 136
1192 753
646 139
378 1029
620 804
23 1184
925 1570
1006 1426
1530 1000
1793 854
1585 301
1415 1371
1111 1442
704 1246
1231 201
487 118
1166 172
492 867
775 289
54 1259
1553 1195
1463 1039
1103 1751
1339 1981
1102 208
356 1693
912 1800
997 522
680 203
930 163
1760 258
1216 432
692 1584
1761 1252
1344 340
1932 811
1074 45
1118 1640
1989 989
1758 1640
868 1861
280 1852
600 535
958 301
1149 758
161 1959
221 676
831 1484
1516 1380
1731 175
874 733
289 615
467 1789
1373 236
801 207
782 1093
1139 1039
192 781
1359 407
1210 968
1365 1957
1640 1361
1053 1817
1276 153
782 946
1609 1136
1396 941
355 278
1869 1238
1976 1251
374 370
1810 988
1316 1815
528 826
1530 1818
866 1043
404 652
1823 1750
669 1188
267 1935
1581 1964
482 1592
616 1311
1676 117
522 357
1901 164
1371 102
366 772
724 450
143 1756
28 573
746 1456
893 1571
121 448
1620 1701
762 886
1156 1687
1349 1294
1919 1097
522 1313
588 526
1344 522
1859 15
587 1320
773 143
689 690
1059 289
1204 1641
1045 402
611 726
23 202
651 1895
742 1380
574 3
1902 23
634 1478
1966 1345
1401 1515
476 1220
1380 308
1973 1190
1549 1849
1190 1519
1170 1283
1721 490
1493 1260
198 578
1314 525
1832 177
1171 11
1345 1519
1973 1662
670 196
142 484
1216 553
426 30
1675 476
1571 1330
1327 113
630 270
958 1493
1527 522
1516 13
549 668
259 308
1364 1194
244 269
261 392
258 1671
1561 489
1793 590
1380 435
878 520
72 909
160 954
1734 105
1973 848
1589 1402
1842 1309
946 1564
73 42
1274 827
1546 1250
1730 520
1524 1999
9 233
1950 1825
404 545
1628 1456
1888 973
1123 1745
402 1675
1778 345
1081 952
1461 602
606 30
224 6
860 1182
609 210
12 452
1073 1806
1390 40
918 1169
1851 1879
106 829
24 1467
1723 1761
1232 1671
1233 1485
1696 787
1681 1865
386 1080
653 346
893 1533
1808 925
126 1662
1211 1253
285 1104
1465 1122
1525 785
6 1671
172 258
1218 1000
1145 1242
1742 713
1949 1460
977 188
622 1833
1351 1047
1094 372
92 666
1908 297
571 1976
1912 592
328 1552
1126 1764
1832 1812
1167 1184
1496 308
1569 556
1928 1222
1080 1993
752 1196
1840 202
24 543
1575 1709
1343 1695
1569 1040
1090 1743
1389 1439
1593 1707
1108 1435
1163 1465
1918 1230
1346 1698
554 906
1657 1477
1528 521
1948 1841
1252 269
1273 1161
585 64
191 367
1934 1168
1275 637
1617 419
27 210
1087 873
1240 252
1793 1047
1802 111
1705 986
1994 1818
1789 1135
1536 1175
1261 768
980 49
1827 1963
51 88
720 1360
948 1616
1129 1320
1003 1505
661 360
1135 225
1203 1033
1051 1416
1964 1136
55 1320
479 49
860 1448
1153 1279
578 488
1348 387
1408 1352
1211 1531
84 479
152 1450
1960 1439
1910 1479
72 605
873 1302
1550 1334
773 1050
247 428
621 1604
48 1931
901 387
315 419
728 1846
717 1364
1585 509
1753 1280
1547 141
1672 1579
182 627
976 990
1166 359
1661 1897
524 472
1382 1771
1246 476
1734 481
427 805
823 280
12 915
1785 1640
1713 103
36 1951
338 652
305 1123
1824 942
75 62
1568 200
490 1599
474 1893
402 1186
1686 638
791 1231
954 1919
1498 452
991 1172
365 1281
654 1005
1080 495
1215 1743
1178 487
1401 822
709 1044
81 1387
912 503
1014 1351
1497 362
114 88
1024 96
1073 1041
890 1148
73 675
19 1799
1897 1243
1871 1754
602 591
188 161
704 1003
1631 127
408 538
97 1410
42 194
789 1242
1667 125
1120 290
702 1087
1198 869
244 623
1857 1069
481 440
203 43
1556 561
1474 1169
929 831
1266 572
1093 1554
582 1454
596 1621
1952 1165
335 1730
1073 835
1307 228
1250 361
1115 1264
1972 1032
882 749
1315 1440
1409 1543
1860 119
539 1175
1339 103
507 1105
981 1535
554 872
1578 988
503 198
1756 927
582 168
304 1497
590 248
1486 1587
170 404
1706 1109
1754 1061
1897 816
1575 1377
488 814
419 1854
1306 1724
1533 750
313 1438
908 1948
192 1828
1403 1898
1684 1970
234 1347
1361 1931
1609 1351
286 916
1285 1430
340 1159
1507 1538
1954 1278
1167 1062
902 443
1387 497
775 88
266 629
227 1276
1244 57
512 1323
938 1694
1618 440
1648 1444
1248 434
826 1750
1129 1693
1513 478
1986 1101
1094 1086
1100 1515
1341 1956
1499 1857
343 767
823 1879
241 1559
1106 1925
1162 798
267 1072
164 1854
566 115
1253 1842
1772 1347
1244 313
823 1986
329 1920
899 264
1956 927
1090 1095
646 1055
193 1177
676 1999
1790 1586
1156 1235
33 1125
638 1598
934 849
1105 764
1770 252
1427 852
1902 1009
174 154
49 378
1380 1182
1125 1662
1861 1496
1930 552
1858 846
781 817
903 507
1550 1794
1462 218
1313 325
578 1861
1464 1829
551 1160
1315 589
389 779
826 1791
1431 1657
454 1397
1150 1209
1849 1362
1628 196
1895 1188
1118 1825
1497 550
815 1434
1197 18
250 1341
1291 1477
1461 902
1649 53
1453 1472
1453 1018
961 347
105 651
1963 1609
1866 1083
1353 1315
788 1812
1396 1690
1797 1107
127 1860
1203 585
686 1335
59 1204
89 1161
47 196
404 1849
1663 1484
1814 1186
1572 1814
1872 1613
683 1834
926 1124
104 520
1845 1767
668 438
1615 18
814 752
288 754
1996 1403
1701 25
129 911
653 1834
1860 846
1314 1149
1463 767
1104 85
616 1460
702 1052
1688 1196
611 811
1808 1336
1832 1230
1271 1034
1529 1455
1215 1899
1567 488
1767 766
336 1189
588 1679
65 840
757 1135
821 703
783 1955
1463 371
562 244
272 60
1297 1107
1280 755
622 1732
1062 1471
1015 224
1647 582
1058 1354
452 843
1621 662
1497 1992
930 1959
111 995
230 888
1290 1236
1209 1878
344 1645
1648 848
216 233
723 148
822 794
698 1175
1135 913
1662 216
766 714
993 1146
1648 1027
1431 649
128 489
1831 349
810 1897
1322 1652
636 1373
124 680
1758 823
217 247
117 1018
354 186
159 1529
200 1829
475 552
327 1560
1818 1257
993 919
1460 708
1723 1672
1902 1962
333 1249
203 1600
1570 1456
871 869
291 983
749 488
431 791
43 1398
1301 207
1558 1151
945 1870
557 11
406 1320
99 1061
1668 1284
1172 267
1958 761
277 1310
1572 1883
761 999
486 1393
1485 530
318 986
229 164
76 1570
1761 206
1171 881
1614 26
1612 1114
683 1060
687 425
1181 1495
1765 1403
1694 1612
1845 1886
304 526
687 373
1214 221
1553 1186
377 1801
1143 246
40 399
629 1445
1328 1766
1920 1458
458 118
1785 720
1919 795
510 501
332 276
1372 1226
735 1665
56 1956
1461 1656
1021 1685
1204 1038
496 1041
29 1800
1318 550
467 446
654 1111
474 1654
743 1598
701 1267
240 30
854 214
1696 798
509 430
229 1094
918 1310
698 1607
1580 1974
211 1479
1845 335
1850 657
407 788
1850 1859
1889 1398
136 911
842 743
1574 195
510 1020
1893 1172
1267 916
57 1979
117 804
547 1554
203 1125
183 410
763 702
265 192
211 1519
81 539
219 202
1090 119
1300 1142
1920 823
71 653
1782 850
17 1305
1271 277
67 836
664 101
490 246
188 1663
1888 1491
856 971
342 1492
887 596
217 556
762 1202
1088 336
1022 1968
1324 419
702 1732
1730 1406
1932 1406
1116 1315
1449 817
1372 1959
1901 15
51 933
561 39
1232 1796
1283 593
1666 69
1009 1479
979 1604
1193 1587
859 1940
1387 48
285 1853
1546 12
1744 1217
327 458
1241 166
325 1007
1760 727
959 1843
576 1680
1703 786
1389 1523
1844 1751
431 1872
34 986
563 1188
505 1988
497 293
146 1759
298 1993
1527 945
257 1749
194 1574
1118 366
666 952
1657 857
1272 1736
782 785
1429 1583
1297 858
943 440
346 1084
1605 1384
704 1895
372 906
1661 1974
892 692
479 846
238 573
1053 1502
482 1521
124 1645
1664 1779
1573 490
1758 1764
1449 1275
502 915
466 77
667 1454
856 915
1120 1843
891 1362
1284 1414
1554 536
1051 1054
1734 1022
1606 417
301 1695
972 1092
1168 828
1207 1437
1551 364
2000 925
410 761
716 167
1228 1315
239 915
1870 1298
62 333
655 1836
1337 1795
237 1486
1118 1944
1720 513
1923 1343
91 365
783 1175
688 228
1121 1849
564 246
1150 872
1524 1016
1653 1541
373 380
398 796
394 787
1419 664
1522 1239
1625 1383
614 321
774 1338
1809 1480
1330 581
331 1805
823 1251
1019 352
1213 982
56 913
1312 164
1541 924
880 1894
1266 781
287 502
45 437
59 702
1092 1381
984 527
1107 1696
446 1053
380 1240
1362 275
462 1755
351 149
86 1244
756 1182
1410 968
1850 1674
1351 919
1721 1562
506 451
973 607
805 1439
1876 329
867 1704
563 264
1385 1550
1551 964
1132 1560
1060 295
1830 976
1959 238
1776 1084
175 181
201 1112
747 671
1718 1484
1236 1204
1617 754
1657 809
243 1427
823 1692
153 857
270 901
1907 1777
1296 969
1764 1813
1304 521
1149 1810
966 1384
690 1380
814 536
377 1320
573 927
1081 1683
1073 1702
577 126
494 1378
1392 998
1426 1993
644 1092
1178 627
337 204
1408 1645
1234 167
738 497
1503 622
1074 1241
272 925
687 1185
473 567
1219 645
981 1285
1468 1035
1872 809
1603 258
1886 1204
1952 1094
280 1279
795 1830
1285 1745
1558 659
1125 1186
1347 1312
1473 298
1950 642
595 1713
1790 943
1057 550
1307 1094
1666 176
910 1766
788 852
1983 435
1158 601
424 1936
825 402
1201 440
1765 1572
1054 1203
1759 1437
1295 638
1213 447
108 864
631 1554
1212 366
1415 1444
333 1946
1282 1023
1063 230
1969 221
562 328
894 721
543 510
1881 1784
419 1604
514 714
1237 56
1663 1433
202 784
391 1183
359 654
1559 803
310 1495
1936 1967
451 381
1821 1544
260 269
1021 1304
945 203
1052 1036
1320 576
375 1053
1533 1249
656 982
1361 1048
451 1191
1259 638
1919 1696
1492 586
1 1048
1048 1072
1072 1091
1091 491
491 812
812 1505
1505 538
538 1272
1272 672
672 1341
1341 498
498 863
863 1286
1286 1680
1680 968
968 116
116 1272
116 1091
1680 1834
1834 1437
1437 1938
1938 1683
1683 1309
1309 1035
1035 1733
1733 863
1680 1039
1039 1588
1588 491
863 1213
1213 271
271 932
932 1848
1848 1325
1325 1341
1325 100
100 813
813 224
224 538
813 1091
1325 491
932 1505
863 1341
1341 1957
1957 1259
1259 1525
1525 1602
1602 1660
1660 1
1660 98
98 1272
1602 491
812 128
128 1072
2 456
456 1020
1020 537
537 1892
1892 536
536 1305
1305 1225
1225 1153
1153 1604
1604 1792
1792 456
1225 1400
1400 1899
1899 581
581 1033
1033 1586
1586 1094
1094 1501
1501 1960
1960 1913
1913 158
158 709
709 615
615 1163
1163 501
501 1494
1494 1968
1968 1256
1256 1913
1968 501
615 824
824 359
359 942
942 1094
942 765
765 104
104 322
322 1960
104 1400
942 1400
824 1662
1662 1383
1383 1569
1569 615
709 1305
1501 1831
1831 151
151 263
263 28
28 1712
1712 1686
1686 1095
1095 1478
1478 536
1095 28
28 1400
1305 2
3 1714
1714 256
256 242
242 1905
1905 1362
1362 256
1905 1791
1791 603
603 881
881 30
30 1879
1879 129
129 1484
1484 310
310 1115
1115 430
430 1528
1528 1842
1842 1043
1043 163
163 385
385 1367
1367 1090
1090 129
1090 113
113 1745
1745 1905
113 1497
1497 603
1497 1678
1678 1597
1597 1879
1597 429
429 1842
429 1423
1423 125
125 3
1090 609
609 1093
1093 1791
609 1374
1374 1273
1273 857
857 365
365 1489
1489 488
488 622
622 895
895 847
847 857
895 1043
895 1485
1485 1484
365 256
1273 1905
1273 1323
1323 256
1484 378
378 61
61 242
4 450
450 1002
1002 73
73 837
837 696
696 1223
1223 1202
1202 330
330 1876
1876 395
395 1845
1845 1051
1051 760
760 1731
1731 470
470 1258
1258 1289
1289 828
828 1689
1689 364
364 470
364 953
953 1236
1236 485
485 406
406 1876
406 997
997 1897
1897 160
160 1659
1659 1067
1067 291
291 970
970 457
457 1000
1000 294
294 502
502 760
294 1778
1778 1002
294 395
457 4
970 1149
1149 828
1149 351
351 1127
1127 1258
1127 450
351 1659
160 1731
1897 1289
1897 1689
997 592
592 1235
1235 624
624 373
373 723
723 1591
1591 450
592 769
769 844
844 340
340 1548
1548 406
340 1051
844 1665
1665 1689
1258 1223
470 395
1845 4
5 347
347 867
867 1500
1500 316
316 781
781 839
839 784
784 986
986 1467
1467 412
412 1441
1441 56
56 1139
1139 2000
2000 1022
1022 705
705 861
861 1152
1152 1524
1524 1364
1364 510
510 377
377 417
417 345
345 915
915 1718
1718 1696
1696 5
1718 1139
510 1065
1065 705
1364 784
1524 611
611 1139
611 781
705 1849
1849 1253
1253 1503
1503 1467
1503 507
507 56
1849 1708
1708 207
207 1748
1748 347
1748 526
526 1333
1333 354
354 1441
1022 1500
2000 766
766 418
418 1853
1853 867
56 347
6 675
675 1878
1878 1414
1414 1821
1821 1279
1279 1878
1279 1599
1599 725
725 563
563 1492
1492 1561
1561 297
297 184
184 1196
1196 987
987 833
833 1642
1642 520
520 1878
520 779
779 1520
1520 1420
1420 1642
779 638
638 1956
1956 1119
1119 1766
1766 1878
1956 1561
1956 1414
987 1965
1965 208
208 25
25 405
405 583
583 299
299 982
982 563
299 1821
299 1852
1852 1690
1690 1358
1358 548
548 252
252 811
811 441
441 1414
1690 583
1852 1965
1852 987
583 434
434 6
184 1561
1492 6
7 304
304 194
194 1771
1771 474
474 1581
1581 1031
1031 780
780 1647
1647 7
194 775
775 467
467 148
148 1096
1096 391
391 671
671 945
945 244
244 301
301 676
676 887
887 540
540 1865
1865 1078
1078 1571
1571 1332
1332 519
519 1991
1991 1762
1762 646
646 1949
1949 1631
1631 635
635 629
629 1282
1282 1224
1224 467
1224 1855
1855 1920
1920 730
730 194
635 1798
1798 1324
1324 1614
1614 270
270 1767
1767 1872
1872 1166
1166 929
929 1403
1403 1482
1482 1865
1482 391
8 1759
1759 1513
1513 500
500 1350
1350 1028
1028 237
237 1073
1073 969
969 1783
1783 237
969 1513
1073 1044
1044 1703
1703 1161
1161 1433
1433 550
550 1833
1833 1828
1828 1320
1320 570
570 1331
1331 1350
1331 99
99 860
860 1175
1175 643
643 1147
1147 1240
1240 357
357 333
333 711
711 96
96 275
275 1433
96 1201
1201 1812
1812 482
482 706
706 1759
482 1073
482 515
515 1264
1264 237
1264 1433
1264 1759
515 1208
1208 746
746 1812
515 860
1812 1570
1570 99
1570 1703
1201 1350
96 1331
711 225
225 8
99 1433
570 1513
1828 743
743 190
190 8
9 380
380 1192
1192 1427
1427 101
101 626
626 1399
1399 47
47 277
277 1746
1746 925
925 1896
1896 555
555 1187
1187 164
164 1962
1962 962
962 1252
1252 1071
1071 445
445 288
288 10
10 132
132 1238
1238 1427
1238 476
476 1086
1086 101
1086 1064
1064 1536
1536 1427
1064 47
1086 445
1086 1404
1404 288
1404 1628
1628 380
1628 206
206 466
466 1071
466 10
466 1252
206 18
18 1427
1628 1746
1628 277
1238 380
1071 380
962 626
1962 1192
164 1637
1637 1802
1802 101
1802 9
1187 1612
1612 47
47 797
797 1427
380 1807
1807 9
11 1579
1579 894
894 1389
1389 542
542 181
181 1908
1908 140
140 710
710 111
111 1751
1751 1472
1472 565
565 976
976 269
269 1472
269 11
976 1079
1079 764
764 1751
764 140
1079 216
216 1029
1029 1186
1186 845
845 352
352 1811
1811 1486
1486 130
130 77
77 358
358 1060
1060 1908
1060 140
77 1779
1779 352
1779 674
674 576
576 1531
1531 167
167 1472
576 1004
1004 843
843 303
303 54
54 1751
54 111
303 22
22 1967
1967 674
1967 1706
1706 542
22 909
909 804
804 22
804 130
909 1837
1837 11
303 1592
1592 952
952 565
303 216
1811 1186
12 1110
1110 1140
1140 50
50 682
682 1596
1596 1578
1578 1008
1008 1976
1976 1217
1217 311
311 1313
1313 1539
1539 1997
1997 1722
1722 1559
1559 1231
1231 390
390 1953
1953 974
974 12
1722 1504
1504 1893
1893 588
588 816
816 1301
1301 1880
1880 1357
1357 975
975 1840
1840 1008
1357 1942
1942 600
600 991
991 1504
600 1210
1210 50
1210 1645
1645 1729
1729 1377
1377 1573
1573 197
197 23
23 1841
1841 1539
1573 1670
1670 600
1729 1856
1856 328
328 866
866 1942
866 1645
1729 1008
1645 1301
816 1596
1539 1578
1217 420
420 783
783 180
180 868
868 309
309 682
13 1555
1555 1342
1342 1327
1327 169
169 254
254 1271
1271 1087
1087 772
772 1813
1813 1981
1981 1623
1623 782
782 1233
1233 1265
1265 1857
1857 1620
1620 13
1233 1814
1814 1084
1084 817
817 465
465 984
984 1981
465 1814
1084 326
326 422
422 1003
1003 1867
1867 836
836 892
892 1864
1864 1233
1814 93
93 414
414 31
31 1618
1618 60
60 1646
1646 1555
1646 1805
1805 153
153 13
14 1863
1863 1787
1787 1952
1952 1936
1936 1605
1605 1550
1550 923
923 313
313 949
949 183
183 127
127 1657
1657 455
455 1936
455 135
135 801
801 1532
1532 621
621 1804
1804 587
587 234
234 659
659 1177
1177 1979
1979 217
217 904
904 191
191 33
33 161
161 708
708 904
708 127
161 1085
1085 1351
1351 1977
1977 1679
1679 1120
1120 1177
1120 1532
1679 33
1679 248
248 1787
1977 1657
1979 1799
1799 183
621 653
653 1132
1132 1388
1388 1283
1283 1045
1045 1952
1045 1863
1045 220
220 949
1283 667
667 1787
667 300
300 1952
1388 1952
1132 801
455 1285
1285 14
1936 1499
1499 1863
15 1874
1874 1010
1010 1398
1398 886
886 862
862 1675
1675 886
1675 1376
1376 862
1376 1106
1106 1281
1281 1927
1927 289
289 1278
1278 238
238 1817
1817 1774
1774 886
1774 1397
1397 341
341 795
795 1398
795 996
996 1397
996 862
996 494
494 121
121 15
341 1475
1475 814
814 1366
1366 1125
1125 1284
1284 530
530 1134
1134 1185
1185 1099
1099 1391
1391 260
260 1248
1248 1884
1884 862
1248 1817
260 1194
1194 1754
1754 70
70 1874
1194 1010
260 1931
1931 292
292 1584
1584 95
95 1475
95 1356
1356 886
1931 886
1185 1010
1134 1106
1284 620
620 238
1125 1281
1366 1675
1366 1397
814 210
210 1874
210 1106
210 1882
1882 1278
1774 15
238 1373
1373 862
1373 1675
238 886
1927 862
862 1010
16 109
109 1607
1607 82
82 1533
1533 572
572 1990
1990 1790
1790 938
938 1174
1174 1183
1183 1824
1824 1263
1263 1511
1511 1410
1410 543
543 1832
1832 1790
1832 436
436 1219
1219 853
853 1978
1978 1251
1251 1541
1541 1851
1851 858
858 1251
1851 109
1541 76
76 1919
1919 761
761 1113
1113 572
761 436
853 1937
1937 572
1937 872
872 1239
1239 307
307 1881
1881 1263
1881 938
307 16
872 1511
872 543
436 1498
1498 336
336 1410
336 1174
1498 826
826 27
27 1410
543 109
1410 48
48 1533
1511 1352
1352 317
317 1990
938 82
17 771
771 903
903 1983
1983 105
105 1627
1627 680
680 495
495 432
432 1966
1966 1653
1653 222
222 1996
1996 1744
1744 973
973 506
506 1244
1244 241
241 1137
1137 1996
1137 17
241 791
791 222
973 231
231 792
792 1627
792 717
717 1290
1290 384
384 1368
1368 221
221 1983
1368 1491
1491 1062
1062 1719
1719 1948
1948 460
460 749
749 495
749 617
617 1566
1566 1753
1753 1386
1386 1648
1648 1753
1386 75
75 747
747 157
157 384
157 1218
1218 1963
1963 840
840 231
840 17
157 749
157 1948
747 1491
75 231
1290 231
231 647
647 973
19 415
415 1770
1770 1221
1221 532
532 444
444 1721
1721 404
404 936
936 831
831 1425
1425 400
400 1764
1764 1943
1943 114
114 315
315 44
44 1447
1447 1379
1379 1574
1574 549
549 404
1574 421
421 182
182 1385
1385 1128
1128 1558
1558 366
366 1640
1640 936
1558 1369
1369 1557
1557 1609
1609 1443
1443 255
255 421
255 44
1443 1379
1385 1721
421 475
475 1987
1987 871
871 954
954 1621
1621 147
147 936
1621 1987
954 44
1987 1522
1522 1229
1229 1975
1975 1296
1296 475
475 315
400 19
936 415
20 1353
1353 992
992 873
873 1910
1910 1445
1445 1412
1412 926
926 1312
1312 818
818 914
914 1353
1312 353
353 487
487 1514
1514 511
511 362
362 752
752 585
585 842
842 913
913 1159
1159 397
397 913
397 1180
1180 1189
1189 258
258 1810
1810 1353
1810 451
451 1180
451 1381
1381 585
1381 258
1810 308
308 1234
1234 1042
1042 1752
1752 1885
1885 788
788 1378
1378 623
623 1180
623 1312
788 926
1752 487
1042 353
1042 258
308 87
87 752
258 1176
1176 1307
1307 913
1176 1988
1988 1469
1469 1162
1162 1353
1469 666
666 1097
1097 963
963 362
963 1858
1858 1159
1097 913
1097 20
1988 926
1988 793
793 1016
1016 1189
1016 1112
1112 490
490 1830
1830 1616
1616 1775
1775 992
490 1180
842 1454
1454 585
585 280
280 353
487 1445
21 1560
1560 1232
1232 46
46 1463
1463 1111
1111 1510
1510 694
694 1515
1515 1114
1114 349
349 94
94 1111
94 1553
1553 143
143 697
697 334
334 598
598 356
356 1111
697 1220
1220 45
45 21
1220 236
236 143
1553 794
794 673
673 152
152 1738
1738 1468
1468 1466
1466 1638
1638 1157
1157 142
142 1076
1076 897
897 1672
1672 789
789 1560
142 794
1638 283
283 830
830 994
994 1553
1466 684
684 1463
673 753
753 1560
1111 21
24 1516
1516 552
552 1994
1994 1262
1262 1057
1057 1760
1760 1674
1674 1190
1190 1687
1687 318
318 323
323 1339
1339 1760
1339 1200
1200 802
802 438
438 891
891 1426
1426 1304
1304 1516
1304 1760
1304 802
1426 1926
1926 959
959 1871
1871 346
346 1651
1651 935
935 1243
1243 403
403 1371
1371 1150
1150 584
584 1371
584 552
1150 1808
1808 1326
1326 662
662 24
662 531
531 1926
531 524
524 636
636 1889
1889 24
1889 318
524 1994
531 1150
1808 961
961 1190
1150 578
578 1651
578 350
350 1716
1716 1630
1630 1989
1989 1262
1371 1926
346 593
593 1674
346 1516
1200 633
633 1887
1887 389
389 410
410 1687
1994 1516
26 1303
1303 1297
1297 649
649 642
642 1941
1941 1617
1617 1886
1886 446
446 1809
1809 1947
1947 512
512 966
966 1691
1691 26
966 1724
1724 689
689 1914
1914 1432
1432 1608
1608 1274
1274 1537
1537 68
68 571
571 1995
1995 276
276 370
370 1758
1758 115
115 26
1995 1886
68 1170
1170 240
240 1868
1868 729
729 1820
1820 596
596 1432
596 561
561 1055
1055 512
1537 1021
1021 751
751 446
689 1886
29 1730
1730 1924
1924 1158
1158 1930
1930 285
285 1582
1582 1684
1684 55
55 1535
1535 1772
1772 88
88 650
650 768
768 227
227 691
691 553
553 1859
1859 605
605 918
918 1390
1390 106
106 658
658 1971
1971 296
296 742
742 606
606 454
454 513
513 1158
454 1684
454 1772
606 658
742 1460
1460 1697
1697 55
296 590
590 650
590 1026
1026 1013
1013 1014
1014 1222
1222 219
219 29
1222 1971
1222 668
668 1026
668 106
1014 83
83 55
1014 1026
1013 29
1026 539
539 1328
1328 768
55 1158
1924 29
32 469
469 933
933 1266
1266 92
92 823
823 738
738 832
832 1474
1474 424
424 1615
1615 1316
1316 612
612 41
41 1464
1464 314
314 37
37 1898
1898 1613
1613 1205
1205 1006
1006 825
825 1928
1928 1875
1875 594
594 1006
594 567
567 1118
1118 1613
1118 901
901 819
819 551
551 567
567 1126
1126 41
1126 189
189 1203
1203 1458
1458 1211
1211 1850
1850 1205
1203 1006
189 1421
1421 823
1421 1316
1421 1875
1421 1424
1424 1973
1973 433
433 1529
1529 188
188 1121
1121 825
1121 486
486 778
778 1568
1568 625
625 832
625 250
250 1173
1173 274
274 738
1173 41
1173 1092
1092 1875
250 1763
1763 1737
1737 198
198 825
1763 702
702 612
625 92
778 1316
486 690
690 32
189 733
733 827
827 1768
1768 1615
1126 1464
1126 509
509 1006
594 205
205 1929
1929 1023
1023 1974
1974 534
534 1316
205 825
594 1615
1875 1819
1819 1268
1268 1898
1928 424
34 1027
1027 1348
1348 427
427 1650
1650 980
980 266
266 874
874 72
72 1461
1461 1619
1619 374
374 566
566 137
137 1382
1382 1835
1835 393
393 579
579 978
978 1178
1178 616
616 522
522 644
644 1639
1639 983
983 1755
1755 1408
1408 1577
1577 1068
1068 185
185 329
329 427
185 644
1577 1580
1580 1903
1903 374
1577 1461
1408 1911
1911 1512
1512 335
335 630
630 1639
630 1797
1797 193
193 614
614 57
57 980
614 1461
983 980
1639 1835
644 1348
1650 577
577 981
981 34
35 1335
1335 955
955 1992
1992 1453
1453 1883
1883 439
439 376
376 1488
1488 1011
1011 1788
1788 627
627 361
361 168
168 1649
1649 200
200 518
518 1732
1732 1980
1980 43
43 1428
1428 564
564 146
146 273
273 1406
1406 348
348 1692
1692 1970
1970 435
435 1059
1059 1246
1246 770
770 547
547 43
1692 439
1406 1490
1490 1732
1490 848
848 685
685 1519
1519 117
117 1732
1519 199
199 1576
1576 1921
1921 957
957 1869
1869 199
1921 35
1576 168
199 634
634 1694
1694 692
692 1335
692 564
199 1406
848 361
1490 1894
1894 35
1428 1277
1277 1788
168 1488
1011 35
1011 1750
1750 376
36 1199
1199 1448
1448 497
497 204
204 319
319 514
514 1711
1711 155
155 1365
1365 319
1365 1900
1900 589
589 382
382 1747
1747 1083
1083 1354
1354 416
416 1495
1495 1769
1769 1699
1699 1933
1933 1402
1402 1479
1479 990
990 1050
1050 971
971 319
1495 166
166 1439
1439 1583
1583 1354
166 514
416 372
372 660
660 1131
1131 931
931 1601
1601 688
688 514
1131 319
1354 1365
1747 339
339 885
885 39
39 604
604 1935
1935 669
669 36
604 885
885 1711
885 204
885 1747
38 1676
1676 1695
1695 1401
1401 1269
1269 1037
1037 1860
1860 1502
1502 1215
1215 734
734 1803
1803 1215
734 849
849 369
369 1603
1603 1985
1985 1215
734 1171
1171 1422
1422 919
919 1455
1455 1384
1384 1136
1136 1129
1129 383
383 177
177 1677
1677 979
979 1293
1293 383
979 324
324 337
337 1823
1823 1986
1986 1704
1704 1761
1761 1901
1901 855
855 1129
1901 979
1901 267
267 1384
1901 1215
1704 211
211 809
809 1145
1145 1589
1589 919
1145 383
809 383
809 38
324 1455
383 195
195 1422
195 1129
1136 38
1422 656
656 756
756 1496
1496 1685
1685 1311
1311 1171
40 1049
1049 1372
1372 602
602 1417
1417 325
325 1330
1330 1800
1800 218
218 544
544 1487
1487 546
546 1417
546 279
279 1370
1370 1429
1429 1066
1066 757
757 632
632 744
744 1847
1847 172
172 1387
1387 1594
1594 628
628 884
884 1372
1387 1417
172 1049
172 1336
1336 820
820 1047
1047 870
870 1053
1053 1049
870 40
1847 1049
1847 1143
1143 922
922 1972
1972 218
632 360
360 1698
1698 40
1698 800
800 407
407 1572
1572 525
525 367
367 759
759 1800
367 1370
367 1446
1446 607
607 876
876 651
651 1394
1394 40
651 800
876 898
898 1372
898 1172
1172 1116
1116 360
525 175
175 1862
1862 1955
1955 325
42 1306
1306 854
854 425
425 1493
1493 664
664 1306
664 97
97 560
560 1710
1710 523
523 42
523 900
900 763
763 1667
1667 62
62 1237
1237 1906
1906 1471
1471 1434
1434 1416
1416 1415
1415 1451
1451 1292
1292 1710
1292 1245
1245 557
557 1998
1998 1493
1998 700
700 74
74 731
731 1904
1904 1656
1656 265
265 1781
1781 1451
1781 1471
1656 806
806 731
1904 1740
1740 1836
1836 1089
1089 42
731 1534
1534 700
700 1710
700 964
964 1054
1054 284
284 1667
964 956
956 1306
1998 1415
1998 42
1245 560
1451 1345
1345 569
569 1237
1471 560
62 1950
1950 298
298 528
528 1227
1227 503
503 1546
1546 1710
560 854
49 930
930 993
993 1275
1275 877
877 1843
1843 1643
1643 1993
1993 91
91 1818
1818 149
149 1462
1462 1794
1794 663
663 545
545 1481
1481 394
394 226
226 1795
1795 1334
1334 554
554 875
875 803
803 251
251 481
481 1918
1918 1088
1088 201
201 1343
1343 888
888 545
201 251
1088 713
713 1954
1954 1918
713 1861
1861 126
126 1204
1204 1052
1052 243
243 803
243 648
648 1643
243 49
243 663
126 154
154 78
78 713
78 1074
1074 126
78 251
803 149
875 703
703 856
856 758
758 1843
663 1133
1133 1543
1543 1160
1160 49
51 741
741 133
133 1405
1405 1473
1473 170
170 312
312 1785
1785 1395
1395 699
699 1934
1934 1108
1108 1017
1017 728
728 159
159 1075
1075 1902
1902 1666
1666 1167
1167 1431
1431 1720
1720 426
426 1644
1644 882
882 67
67 1668
1668 431
431 841
841 174
174 698
698 431
698 51
841 1012
1012 287
287 187
187 808
808 1681
1681 516
516 1982
1982 774
774 1888
1888 1705
1705 724
724 699
724 1167
774 741
187 687
687 1509
1509 1405
287 1902
1012 59
59 1254
1254 312
1254 728
841 312
1720 1934
1167 1405
1902 51
52 641
641 1212
1212 1916
1916 1392
1392 1725
1725 1575
1575 1419
1419 462
462 1734
1734 716
716 386
386 1715
1715 1780
1780 1530
1530 134
134 108
108 259
259 1411
1411 893
893 1168
1168 1216
1216 1419
1216 257
257 338
338 171
171 179
179 1476
1476 720
720 259
1476 1726
1726 677
677 508
508 821
821 505
505 1961
1961 1565
1565 960
960 965
965 716
960 1214
1214 1517
1517 1530
1214 306
306 138
138 1419
138 865
865 562
562 1419
562 1565
562 608
608 1780
608 1551
1551 464
464 1056
1056 1715
608 1726
865 473
473 386
473 1476
138 81
81 908
908 716
960 1530
1565 338
821 1912
1912 1337
1337 1355
1355 257
508 1063
1063 1530
508 1411
677 338
179 52
1168 1734
1715 1916
462 1212
53 381
381 1197
1197 1944
1944 1999
1999 878
878 1407
1407 1909
1909 999
999 327
327 1360
1360 496
496 1600
1600 878
1600 64
64 1664
1664 1507
1507 878
1507 64
1507 53
1664 1547
1547 1554
1554 807
807 1169
1169 1105
1105 1700
1700 878
1700 1280
1280 748
748 1302
1302 988
988 850
850 670
670 449
449 1407
449 1418
1418 670
1418 64
1418 905
905 890
890 1554
905 1241
1241 1829
1829 411
411 1944
670 1300
1300 878
670 878
850 1999
1302 878
1302 1082
1082 1396
1396 327
748 822
822 1198
1198 1547
1105 693
693 1018
1018 1873
1873 1999
1018 1999
1018 64
693 1360
58 1915
1915 65
65 529
529 1314
1314 249
249 1435
1435 492
492 331
331 937
937 1009
1009 110
110 1261
1261 124
124 1633
1633 1287
1287 595
595 442
442 1585
1585 1291
1291 815
815 65
815 58
815 1633
1287 363
363 1164
1164 1593
1593 1556
1556 1846
1846 262
262 762
762 985
985 1346
1346 122
122 1827
1827 1765
1765 375
375 1156
1156 124
1156 249
1827 1344
1344 1593
1344 1009
122 173
173 332
332 213
213 940
940 1629
1629 1632
1632 940
1629 1435
940 985
213 1080
1080 1164
332 998
998 173
998 492
1846 1287
1164 810
810 1435
1261 1009
63 437
437 1030
1030 580
580 1230
1230 575
575 910
910 458
458 1635
1635 1984
1984 946
946 859
859 156
156 639
639 1442
1442 921
921 1844
1844 1315
1315 1322
1322 869
869 392
392 468
468 186
186 1636
1636 1081
1081 1641
1641 1005
1005 85
85 1866
1866 1040
1040 1636
85 246
246 468
85 859
1641 1465
1465 1854
1854 1756
1756 371
371 657
657 1081
371 1984
1756 278
278 1457
1457 1984
278 63
278 156
278 1442
1322 1442
1322 946
1315 499
499 398
398 1826
1826 1562
1562 145
145 1230
946 79
79 453
453 1815
1815 580
66 69
69 261
261 80
80 686
686 1135
1135 1318
1318 637
637 428
428 1103
1103 402
402 1347
1347 1606
1606 165
165 1276
1276 707
707 66
707 750
750 1298
1298 401
401 533
533 1959
1959 69
1959 1250
1250 1825
1825 272
272 1038
1038 1907
1907 1123
1123 1723
1723 1104
1104 1540
1540 428
1540 889
889 718
718 637
1123 989
989 66
1123 66
1825 805
805 1932
1932 1784
1784 686
1932 732
732 1257
1257 69
1257 1276
805 321
321 686
1276 80
402 1260
1260 286
286 591
591 943
943 229
229 1739
1739 948
948 203
203 591
229 686
591 1024
1024 631
631 428
71 245
245 1527
1527 1359
1359 715
715 379
379 1046
1046 1317
1317 790
790 977
977 912
912 84
84 1363
1363 1449
1449 1624
1624 1610
1610 1595
1595 1154
1154 84
1610 851
851 610
610 655
655 972
972 958
958 1793
1793 84
958 977
958 1567
1567 559
559 1046
559 972
559 950
950 977
950 599
599 239
239 1338
1338 1046
1338 912
239 368
368 281
281 655
368 1567
368 1839
1839 120
120 939
939 1626
1626 388
388 1923
1923 1626
388 912
239 230
230 1363
230 1939
1939 972
1939 977
230 1658
1658 344
344 1969
1969 86
86 735
735 1046
735 655
86 239
1969 1922
1922 541
541 1661
1661 1624
1922 1567
1969 84
344 851
599 1449
950 1567
1567 972
972 715
610 305
305 977
1363 1527
1046 245
1046 71
89 740
740 944
944 1870
1870 535
535 479
479 1480
1480 493
493 1742
1742 1380
1380 920
920 701
701 461
461 1663
1663 777
777 704
704 1459
1459 1438
1438 192
192 1890
1890 1308
1308 1713
1713 695
695 739
739 1436
1436 423
423 1184
1184 739
1184 1430
1430 479
1436 1361
1361 1870
1361 683
683 1107
1107 139
139 776
776 1107
139 739
683 192
1361 535
1436 1964
1964 1209
1209 247
247 1299
1299 1459
1299 102
102 613
613 472
472 1789
1789 1964
472 1308
613 176
176 387
387 290
290 1209
1964 1438
1436 1165
1165 232
232 479
232 1742
1165 89
739 535
1713 1438
1308 535
192 215
215 320
320 864
864 413
413 1019
1019 493
192 967
967 535
90 123
123 1188
1188 223
223 1598
1598 1669
1669 712
712 1806
1806 131
131 90
131 1669
1806 223
712 196
196 1191
1191 745
745 721
721 719
719 396
396 478
478 558
558 1288
1288 586
586 136
136 1450
1450 1757
1757 852
852 477
477 796
796 443
443 755
755 727
727 1294
1294 586
1294 928
928 767
767 1101
1101 1587
1587 1682
1682 1155
1155 678
678 798
798 829
829 1598
1155 727
477 568
568 1598
568 1188
568 1450
1450 1188
136 235
235 1188
586 1340
1340 264
264 1188
264 558
1340 916
916 1034
1034 835
835 1669
396 745
103 1452
1452 1707
1707 574
574 1393
1393 1634
1634 1506
1506 1477
1477 1776
1776 202
202 408
408 1526
1526 1151
1151 1563
1563 1773
1773 419
419 934
934 1958
1958 661
661 1070
1070 1549
1549 1506
419 1563
1773 1393
408 652
652 582
582 640
640 1247
1247 103
1247 1634
640 1444
1444 1749
1749 1782
1782 1329
1329 1025
1025 574
1782 1717
1717 896
896 880
880 1409
1409 202
582 1625
1625 574
652 1477
1477 1393
107 947
947 1777
1777 902
902 838
838 1124
1124 504
504 1100
1100 1041
1041 1295
1295 846
846 1654
1654 141
141 665
665 1130
1130 1786
1786 1058
1058 471
471 1182
1182 1727
1727 253
253 1945
1945 618
618 448
448 1182
1945 1228
1228 1743
1743 1249
1249 1181
1181 1310
1310 1193
1193 556
556 1124
556 521
521 654
654 1654
654 838
1249 1518
1518 1058
1058 665
1130 459
459 665
459 1701
1701 947
1701 1891
1891 1456
1456 787
787 907
907 504
1891 902
1130 1375
1375 452
452 1946
1946 1654
452 754
754 773
773 107
665 1295
1654 1124
902 355
355 947
112 1015
1015 1895
1895 1122
1122 1109
1109 1741
1741 1206
1206 1242
1242 144
144 1207
1207 1413
1413 799
799 1032
1032 1102
1102 293
293 879
879 1693
1693 1036
1036 1206
1032 941
941 1122
1032 1523
1523 1141
1141 1877
1877 212
212 1801
1801 1242
1877 1148
1148 1349
1349 119
119 1895
1141 714
714 1267
1267 1195
1195 1895
1267 1523
1267 995
995 483
483 1673
1673 228
228 924
924 118
118 899
899 1622
1622 1895
1622 951
951 209
209 1940
1940 1895
1673 343
343 1255
1255 409
409 112
343 799
1141 1032
1523 799
1109 1895
150 1816
1816 484
484 736
736 1545
1545 1702
1702 1542
1542 1179
1179 1728
1728 268
268 1951
1951 214
214 1508
1508 1144
1144 1925
1925 1069
1069 1179
1144 1321
1321 517
517 645
645 883
883 1736
1736 1822
1822 911
911 1138
1138 1508
1138 489
489 736
489 1736
1951 927
927 906
906 527
527 1702
527 1816
527 1796
1796 150
906 1552
1552 282
282 1951
927 1483
1483 1671
1671 1544
1544 726
726 1542
726 1077
1077 1007
1007 1483
1544 927
1544 484
1671 150
162 440
440 1611
1611 447
447 1590
1590 1270
1270 1709
1709 480
480 1061
1061 785
785 1440
1440 1146
1146 917
917 1470
1470 573
573 681
681 162
681 679
679 785
573 1226
1226 1319
1319 1735
1735 1470
1735 1611
1735 785
1319 1142
1142 1117
1117 1319
1117 463
463 1564
1564 1688
1688 342
342 1001
1001 1521
1521 1538
1538 233
233 1917
1917 1270
1917 342
233 1098
1098 597
597 399
399 722
722 1590
342 1655
1655 1270
342 447
1688 834
834 162
463 295
295 619
619 302
302 1838
1838 1652
1652 786
786 1319
786 447
786 1226
1652 601
601 1709
1838 178
178 737
737 440
302 295
1142 447
1470 1440
