408 1723
1026 1271
1614 1879
348 1222
1077 129
551 1446
333 893
170 1536
1631 162
1823 162
1381 116
1930 1238
125 1681
1389 1307
448 1774
886 1547
1774 1212
158 116
1012 67
1069 1088
1288 1942
1755 1559
1318 253
971 541
1167 1425
1350 1279
613 1888
1330 1230
537 169
1293 818
716 1994
1170 533
1453 691
1356 828
1535 1305
1563 1790
651 52
1440 1897
1590 1759
764 1257
1544 1453
1116 764
1477 916
944 1650
1405 915
331 161
804 1890
1798 492
1186 1971
1963 221
1005 967
633 1635
902 1186
356 631
739 590
516 915
1252 1249
45 704
1444 311
1107 1330
969 1308
1642 367
1459 1553
1239 1015
1367 121
1747 1501
1101 504
634 724
336 1361
1998 1565
105 1072
1591 737
1707 1596
148 1607
1711 118
1575 1293
557 48
1876 815
1981 882
531 795
408 1421
1108 1329
56 1970
816 1157
1071 855
1633 1845
1325 1657
1035 1404
1156 1800
1930 411
1885 473
1042 524
887 110
329 1000
1458 291
545 599
226 1444
1873 1635
333 425
1536 43
223 1875
392 1713
261 521
712 114
767 1722
764 84
1755 44
589 350
40 531
1314 1491
1253 1912
1860 1408
430 1856
1396 691
1239 1174
1465 1025
1775 1042
522 190
1832 1820
1228 1193
42 1844
1471 198
1999 846
1723 1188
150 1547
1517 1964
422 829
454 187
1085 116
1519 408
1024 1499
522 792
631 1380
474 1515
852 916
1237 1487
1220 1038
648 1669
577 1970
754 713
892 102
1380 55
752 973
1929 1951
1560 374
688 464
1985 1557
1137 1012
836 215
132 212
1758 1827
1512 1874
954 1620
533 204
255 1655
781 1543
503 1961
1362 438
958 183
892 1840
1322 838
263 1491
385 1406
1112 160
529 190
675 609
1549 1717
1798 1024
1252 626
798 1413
246 918
669 1435
1386 779
1111 1329
419 411
555 1398
528 396
1128 1003
160 1604
1799 206
47 1665
248 149
1699 896
905 1037
430 1888
1443 1818
1169 158
1098 945
89 99
607 910
386 684
1901 1557
683 1203
323 1407
1598 1082
536 202
107 116
1014 580
1910 548
591 992
1470 34
785 161
723 1822
391 1569
879 1777
1101 1886
1866 566
1584 877
1872 1466
1949 372
905 1115
1932 1933
804 1142
280 217
319 874
1706 1831
1388 1146
1062 1539
342 450
1962 197
1699 221
1614 1267
661 378
522 832
1777 558
226 1351
1901 421
136 703
777 707
190 4
1322 1059
1766 10
1547 63
113 1439
397 891
896 1309
131 1816
1602 1491
1492 1806
23 1235
625 531
444 844
753 1259
71 664
305 1410
19 1539
388 34
1523 116
1001 1514
696 539
620 237
911 2
1853 1665
1943 1920
1690 1429
1516 857
723 916
1612 1157
742 523
388 765
1363 239
1167 1223
359 1726
1839 1280
1014 93
299 1606
221 724
1965 931
421 1345
1355 395
906 328
1699 821
1464 1840
380 598
1206 410
1083 1320
1986 625
826 650
11 918
1742 462
54 1659
1943 1543
1070 1255
360 1457
786 375
727 256
1639 1026
1811 117
1620 49
787 116
310 93
1489 1798
932 1039
1762 1776
1700 1853
318 1554
788 1897
1599 56
794 1573
1089 1343
2 1256
29 884
1235 525
1306 979
1512 1353
894 1588
1270 769
102 1106
591 923
957 1715
1325 449
1486 264
1730 276
1083 1967
1902 1153
867 1294
1832 214
227 1683
1802 800
364 282
92 1686
380 373
1783 1374
1282 256
261 1883
1517 748
1381 1150
574 1632
1779 1520
1809 1179
760 907
1347 437
1639 1050
1166 1417
1982 1933
1246 280
1516 1093
303 1605
1586 164
1996 578
884 843
1181 1759
1779 1869
1803 609
918 1027
958 1431
686 328
1140 1183
1085 1267
615 1139
298 1039
1432 1859
615 1828
1640 1326
1099 1798
95 1
1873 618
335 418
236 1833
983 1994
418 1004
536 1877
1848 993
1649 893
1165 258
1789 639
283 1118
798 1994
303 309
546 1216
1179 1203
39 1605
737 341
1060 1392
500 1476
565 1655
90 250
1139 494
194 104
685 448
854 1704
194 1134
1516 1767
251 1809
833 942
868 1614
27 1816
1915 779
439 570
326 1231
1371 531
679 1921
766 1463
1559 1830
1494 1240
131 1803
1963 1038
1473 280
1424 1304
1534 1394
79 1698
1671 313
403 1917
6 637
1539 4
334 60
1571 525
1152 1354
1959 295
1618 1039
1146 806
1375 942
1947 14
519 821
1748 212
1077 1092
79 1320
1721 395
1065 1750
572 1886
1557 1514
1464 1480
1626 453
1762 30
203 1534
1856 610
1651 1084
1290 339
1839 1739
1856 1816
142 1552
613 396
615 1095
1790 1761
534 436
991 1144
586 1052
1493 1813
1643 1
1804 479
175 589
1266 751
65 1717
198 1398
897 604
235 1111
491 1115
1655 963
1049 1698
868 1404
1222 645
1951 504
554 1183
1314 1211
951 424
1981 1604
1445 1893
928 165
219 1867
336 544
1634 1451
127 67
918 1823
218 1001
1535 867
1478 997
752 1480
446 1850
444 1936
1540 654
1962 398
1771 716
1897 387
1096 576
1597 1517
1371 681
19 1775
1676 281
1375 161
623 1457
570 1090
15 1780
105 1176
1442 351
1085 858
1348 303
1808 1507
1458 313
245 1170
795 295
1483 964
726 718
1981 978
1493 1890
1943 373
1946 1767
1430 724
123 641
1603 1204
1337 1971
1877 812
1440 132
615 220
430 1300
72 278
370 1827
1986 901
1664 1991
229 1632
416 1214
664 667
1097 1792
1193 1681
1566 428
1908 857
1163 1146
1810 795
1469 1962
1498 1638
557 1310
1885 1338
417 1451
260 1363
430 1869
1746 206
1450 1570
46 1927
585 1749
340 488
532 886
117 1299
175 689
1879 939
36 51
1840 1770
1112 1468
1608 1137
1160 1692
1019 533
1359 1875
1407 1567
1494 1654
252 665
1436 1514
969 1030
1601 1541
1420 1661
33 111
686 601
983 1188
1187 377
130 1195
1401 897
952 1753
378 1717
849 1022
613 92
395 1868
549 351
1593 1906
1217 1957
1968 1681
805 1204
482 770
1396 1792
1306 1326
1315 770
1464 1556
1220 538
1504 241
1483 1668
1634 84
1699 1205
613 875
1519 422
1587 311
1386 1655
477 1170
1798 843
412 231
1477 81
1399 61
750 34
925 780
159 83
633 1734
435 1443
1366 1408
1216 40
218 1909
1061 361
873 849
555 921
1475 309
186 815
792 327
712 173
1297 1108
632 1830
736 1327
236 1057
511 913
569 1583
1538 1568
1517 1001
799 1858
1962 664
463 267
1468 301
1933 1055
161 1195
1959 861
1988 1175
1253 1977
1146 475
1821 5
1660 332
573 221
226 968
906 1552
1483 858
1935 212
1239 340
1343 1144
1768 799
1061 203
1254 503
1679 1158
611 1337
1302 1486
1988 176
520 133
70 1120
100 461
1504 490
596 880
71 1935
1438 780
1505 1674
289 964
1549 1772
1093 770
911 1622
1869 432
1368 860
691 1698
1625 160
300 1214
583 36
555 1032
1646 458
18 658
1310 1577
1952 206
199 870
1150 1360
923 1084
425 501
1547 282
670 1665
252 1668
948 850
1901 1346
1116 523
1237 667
1980 197
744 1951
1768 494
1558 1284
702 1092
63 1341
517 1596
368 1225
1731 1583
954 1814
499 1033
1998 1280
33 1399
928 1434
699 1644
1239 1469
669 977
1724 1689
1565 283
762 1266
1943 700
469 312
723 1760
762 608
1981 521
1286 271
1025 1605
1991 623
1876 1671
771 1558
852 819
1877 759
883 1210
1473 1397
83 638
1382 120
1432 679
1342 769
1242 1631
432 154
859 909
269 1017
1547 888
1894 337
723 1322
303 1524
262 1218
133 1929
1575 1917
662 856
444 498
1687 435
1253 1993
1258 473
1770 1226
1566 355
1095 758
1953 1964
517 1984
406 1788
1598 327
1139 979
1547 1169
1164 1797
636 504
1584 1233
892 1957
1634 510
982 377
1962 1994
1433 1235
1670 932
1946 1117
1473 680
1852 816
1210 789
736 266
192 303
57 1189
1899 645
359 1016
391 1845
843 740
725 1703
1728 812
111 60
1945 609
1210 1612
488 1199
124 484
560 887
538 1787
1032 353
1748 599
1172 1073
1801 483
1125 763
1396 824
1292 1864
1736 1168
272 162
634 813
97 1188
814 1246
1583 704
33 1875
692 1357
1576 1300
39 349
181 1567
1576 1164
1373 151
1734 920
1690 900
905 1201
658 1443
166 1525
1264 1922
1775 1376
158 197
1681 1613
346 1870
1146 1263
975 901
511 1813
1183 1659
1520 698
369 459
1483 1771
1935 1222
1261 1630
385 164
1041 476
990 1961
1976 1374
1074 1173
1493 922
1581 201
873 1132
1471 1476
723 1053
1440 970
1609 1235
323 17
995 1942
908 46
1869 1610
1805 583
1465 1602
923 682
1436 835
1977 1514
340 166
1670 1786
826 138
1116 1657
1620 231
1208 594
1113 1441
738 490
1746 515
25 1574
1011 1845
640 395
333 1809
611 1313
553 1538
430 85
1449 613
1453 614
1258 718
255 1415
764 132
30 152
716 1983
1941 217
31 404
1049 988
389 1218
1470 567
557 455
1527 480
1934 1837
714 972
318 966
498 1244
684 800
948 1073
1318 609
386 1642
1579 1047
465 1553
868 1902
744 1070
1850 1394
625 367
1116 1881
468 1255
1352 1548
1608 412
802 162
982 1973
1315 890
1081 1914
1564 938
728 1241
554 1382
2 525
1521 604
1625 1748
238 961
243 210
1725 362
1867 78
560 893
1634 446
653 623
733 1322
1582 419
1910 1467
1735 1510
332 86
608 533
1382 317
984 1119
1830 969
1534 722
887 146
442 132
1038 1488
349 220
1639 606
234 834
305 1800
1702 369
1901 714
305 800
1747 1311
1269 1602
619 540
738 1280
1683 1441
1663 695
615 1497
737 1022
1299 1533
151 618
1783 723
447 947
1445 1351
775 221
388 1741
788 1042
1433 1914
1812 1491
1240 1063
52 1632
1450 342
1616 1530
263 971
1070 578
535 1743
1935 660
683 1606
1246 578
845 1951
1232 48
1117 578
153 162
1620 1653
986 1788
300 1103
1192 1415
896 586
620 1561
520 759
1456 1055
1430 1992
1152 842
1032 1990
301 666
1724 1431
999 784
1289 1883
1344 1717
1504 1479
502 1422
1672 1400
1764 59
1289 682
1155 1431
746 1141
1495 658
1706 960
60 279
202 755
1372 1965
224 769
1865 746
1250 617
457 1894
1890 1858
1744 580
1822 668
1137 1768
452 164
1809 83
371 1327
1059 1806
1723 1966
532 470
63 1202
634 961
1711 803
1252 732
978 103
331 1801
843 212
1322 616
20 839
702 1082
851 1613
85 672
422 268
1216 77
119 645
897 515
124 851
1310 943
1725 713
1008 1491
845 476
520 667
1872 1524
1595 1084
1166 1554
1088 795
1058 843
607 1927
1159 1785
637 504
34 890
1078 1757
497 1146
261 1121
540 1875
922 1373
1517 1454
454 203
359 578
205 674
1008 1024
1403 1025
1510 1729
1707 389
1192 1426
1375 1197
1836 1106
438 783
1090 419
1482 1356
352 1659
809 961
911 1056
1537 122
1904 1225
191 354
1823 1671
797 112
1923 675
1069 396
1362 1409
1362 966
1316 317
1549 260
193 1585
159 735
648 149
432 970
964 1103
1310 1819
551 1875
1366 1569
1842 763
401 564
656 1644
249 1543
531 637
1776 648
1137 1053
433 469
1156 112
932 633
324 1528
1988 191
876 1686
1561 1284
172 1540
412 1983
485 667
1495 1257
226 1226
157 1311
1865 1496
1812 1347
705 1096
389 1033
932 783
225 1574
314 552
500 1764
1031 616
1531 78
1067 24
1782 1016
723 1070
1083 1449
226 1991
123 1703
1660 44
172 191
288 681
388 1678
696 1642
1154 1188
361 1858
469 1024
1256 1743
352 582
1973 413
1361 1006
1348 921
1828 1548
1461 354
1102 1997
1505 656
1786 1278
1475 692
1453 642
1846 1158
1920 318
1791 1110
807 1060
1095 930
1937 681
826 1739
366 1653
958 1320
951 891
1444 301
1266 1057
376 209
1535 282
77 1950
1009 1720
1482 930
1925 1887
1768 1203
1382 1752
1942 103
123 1334
567 1088
1334 684
1782 1946
1554 351
1174 1610
831 1816
176 1568
114 1332
1815 1443
33 1119
1344 1202
640 628
326 379
1363 1661
1959 550
1941 483
1932 902
1235 78
1822 526
253 274
1489 982
792 1084
1832 922
586 1819
1754 121
1445 713
583 1778
307 308
1469 1337
1083 1230
659 1123
796 1971
217 461
1237 1470
1343 1029
360 773
1312 1928
251 48
1377 1866
1955 780
489 50
1832 1893
1760 103
546 608
1849 746
1663 1074
621 1249
1087 1484
1731 708
1500 337
22 1510
1458 1026
27 1808
1780 980
1239 1638
930 1406
846 1653
1557 436
996 870
142 849
640 1968
1417 1686
509 1400
1298 1794
1454 676
460 283
1920 1461
387 43
1590 1825
813 1271
144 877
185 69
126 1788
1555 1157
42 1570
1320 703
1901 611
1652 1723
1750 1204
1932 390
551 549
1984 1145
148 1809
1310 834
1544 1051
315 210
141 992
1494 1003
1947 352
1722 708
525 758
129 758
726 1997
1095 1295
1258 1387
1104 1488
1830 1619
1475 917
966 462
702 1582
853 909
522 565
881 1744
537 795
1702 317
1215 51
1163 898
517 787
1454 556
83 367
1577 776
1252 658
872 1056
1224 988
503 1809
835 743
32 1887
905 1302
1319 1581
605 127
357 1560
1467 200
636 151
1246 1056
634 458
726 841
487 470
408 139
1559 383
1314 1454
365 740
1472 1653
1849 1545
726 286
318 1045
1470 589
375 184
1563 1808
1337 1635
1516 1853
1646 695
728 607
540 1680
319 1955
192 1654
479 1912
203 1050
1089 1696
672 955
919 1004
1540 1145
171 569
711 1572
1965 535
1516 764
382 85
634 246
807 1317
1210 575
1489 1916
1538 1340
764 443
393 1145
234 1624
1494 476
368 1515
1294 1027
82 511
463 1431
70 1786
767 1848
1396 1323
801 55
1570 1929
1444 483
1384 518
634 682
1190 997
1680 1262
850 578
809 1964
595 1610
255 1800
46 921
656 312
336 1583
612 1843
1487 527
315 1996
1876 968
478 395
1155 1631
721 1198
606 1332
1802 346
1768 133
425 1720
1547 476
653 1896
1532 776
635 933
555 282
1096 374
1996 1364
280 563
364 1309
438 1439
1509 1604
1984 828
900 752
741 70
466 1932
1867 1624
252 1347
1037 793
1266 1182
1656 1893
398 628
988 1194
243 1348
535 168
644 853
1801 1815
117 1337
508 985
1954 1966
1753 729
824 1763
93 577
811 802
1388 848
214 196
555 404
632 832
171 1254
218 1619
342 1312
1952 1896
1465 1811
1889 850
273 1131
477 1741
72 61
869 1760
1035 270
673 1373
1306 189
1314 1200
143 965
1217 1744
1069 759
60 103
1954 443
187 1563
1564 372
828 24
1494 666
889 477
1641 68
1835 731
1038 1922
338 608
323 44
975 1425
1384 1582
1754 1330
365 681
48 869
1574 1918
69 793
52 1794
214 715
1758 830
1279 49
226 730
838 963
733 1797
1009 181
1148 1556
1284 1227
1381 1959
1324 446
18 778
14 307
1813 747
1165 1909
569 1800
1731 973
221 1108
1609 777
885 226
587 1708
739 637
1099 1175
1352 32
1312 480
449 832
189 576
606 789
1156 1903
632 41
1730 995
1261 480
325 1675
1213 628
1560 1213
486 1441
1742 1352
1843 1420
873 4
1436 1741
631 1321
1976 1229
1526 1803
1201 752
1453 1088
1550 469
1410 1111
1565 280
145 1875
1626 1553
1042 49
721 784
954 1861
1153 1621
1166 808
1633 1806
1800 580
1289 516
1079 52
1628 1001
1061 755
286 434
77 271
1772 1621
1070 227
1905 1773
1934 218
1285 467
11 1557
1724 328
361 849
865 572
574 1031
457 292
1725 173
1541 191
1474 1387
714 1173
1821 1288
88 146
165 1861
74 1926
799 1149
744 177
190 235
1287 168
1625 1789
7 860
127 1922
788 1466
948 253
1240 1785
852 1
1986 931
1375 1680
1811 1792
1778 282
278 1370
368 1907
1314 1657
561 796
1060 863
1575 1511
1728 1222
978 295
1887 580
1827 716
178 1170
1285 10
957 1532
608 1794
1064 1980
1250 1650
785 600
1595 1663
696 98
854 1238
1233 1038
1559 784
533 1394
1531 1067
903 1302
1446 605
1867 138
1882 725
39 1874
1288 200
788 1904
1680 1970
837 86
527 1321
1915 570
1412 232
144 459
226 1218
631 24
1543 955
754 1024
223 902
18 812
1381 440
453 1146
1248 1489
1902 425
1995 101
1842 610
853 986
466 458
1747 1768
319 1685
1323 1716
65 52
1063 446
1958 654
1748 852
538 1288
1304 1683
1565 1162
1599 782
371 1286
360 1836
1399 1665
203 419
996 1291
1390 1614
393 749
847 858
1379 1462
1626 724
571 1278
855 484
897 806
906 253
1484 1965
615 19
944 152
407 1249
1660 1767
595 782
6 490
1435 779
522 461
1582 1158
714 1512
1919 378
1250 1540
452 1661
658 465
344 59
943 1679
372 751
262 1048
1777 842
1332 1898
1061 1828
458 844
520 693
1169 850
1404 1455
1791 1737
1470 1450
593 96
255 1890
1630 663
1409 321
817 1338
1252 22
425 1236
255 1555
11 1822
956 812
266 212
1952 1225
1111 1227
1521 1126
1622 1199
852 1117
1949 1135
1027 1346
1216 721
487 1299
1047 1045
1445 1058
233 960
498 1960
1383 1624
514 786
934 920
10 731
359 504
361 1378
372 946
552 1380
1655 1823
810 1081
827 404
1418 216
1262 841
1630 1824
422 1853
1591 1891
1941 682
1493 1419
1700 859
454 907
1310 1096
1715 663
1742 306
289 241
292 1051
1234 848
847 1219
1565 959
718 317
52 1000
1440 475
1801 1420
648 1073
186 1188
672 78
724 655
272 1221
397 1628
688 1758
161 159
879 1074
1686 840
1206 1849
348 1028
902 718
1248 1016
823 423
1931 801
1090 120
551 1957
1120 999
1418 237
1667 1219
723 972
1579 1035
1522 320
259 553
845 1072
278 708
1541 906
1209 1669
324 1973
386 830
893 1789
1370 890
866 241
767 1758
1889 1479
1741 1291
1415 564
371 1421
1972 1033
1685 1723
240 1685
794 934
858 59
1410 1190
1153 1266
1901 217
1756 420
1597 1733
711 490
1361 1879
468 1179
600 1709
1207 1872
418 1472
1704 117
976 1710
1207 558
1566 940
1362 670
240 595
1438 628
123 1530
442 485
20 1012
1205 141
552 1488
1065 1409
486 1488
318 1422
151 470
20 309
1384 179
1542 515
1768 1102
122 321
1937 1462
1675 1968
1934 81
1726 800
354 384
1577 1983
1782 185
709 81
1216 1972
1263 1935
1575 1613
145 628
1330 828
1754 1988
406 206
1424 974
1943 372
894 1847
319 92
1762 1286
1590 1473
1453 1200
643 638
1601 1794
411 539
827 812
1907 66
17 747
873 641
143 465
730 1488
496 861
1148 3
1539 1191
1237 1899
892 492
889 1939
1608 286
633 1423
469 140
813 311
877 296
158 704
1500 1478
79 1666
1780 1195
1139 1766
1833 1945
88 608
813 1195
328 1744
1643 1499
1809 1508
1266 1907
1875 1533
1104 570
102 1815
442 1354
1821 1838
1969 1035
450 550
1673 1020
255 623
247 638
1585 882
653 908
454 583
499 93
1187 1967
169 1763
1021 1497
57 1450
1021 1158
94 1720
310 748
218 534
1283 232
1425 140
778 934
1330 1102
541 1144
1273 1622
261 891
1864 1300
1150 1921
1089 882
244 860
91 1780
202 545
1732 585
491 186
1069 981
1664 1543
540 1696
1305 419
626 1773
1029 1004
193 1828
1233 86
951 1948
1324 1376
1733 1660
102 1204
1261 914
319 303
1988 1945
895 528
825 1596
1976 145
1726 1480
691 656
284 988
1799 1089
358 1067
325 428
1074 282
9 616
1901 478
1903 1176
361 320
990 1332
409 928
1010 988
1917 1441
680 1404
148 577
1601 1642
1281 665
10 47
457 51
520 1820
1662 3
1799 907
1449 96
346 1994
1263 1628
17 476
752 1960
1213 149
69 1698
835 1209
765 120
213 1238
1645 1701
1484 1532
93 1515
234 468
9 60
672 1478
338 484
503 734
901 888
1905 1556
1012 282
811 1717
1910 986
1812 1629
492 1370
1224 14
694 1247
1181 241
1727 622
1096 727
1150 1422
1393 618
64 1360
1963 155
1828 1051
977 1511
688 190
1633 1591
1428 47
595 633
1185 1285
494 641
348 229
1514 446
1364 176
1489 1763
1089 510
984 1824
1867 1382
1308 1186
951 4
1733 628
615 1684
412 864
510 1706
1515 1665
1717 780
131 1197
743 1490
1840 1235
1403 1119
1326 599
879 1760
1942 708
1228 975
123 717
1639 96
180 387
1998 853
1133 1858
1675 306
198 874
968 1316
507 491
1484 97
342 199
692 1249
1541 992
829 321
1731 24
798 563
725 1029
557 549
431 971
1417 1181
1766 1137
1607 96
735 212
1292 145
914 1236
244 1543
272 1964
810 59
1776 877
964 1202
1519 954
1954 1304
369 1803
227 1875
342 1027
74 1568
1493 663
1037 1540
1556 1284
1150 900
385 608
1799 676
105 1903
878 395
1821 1434
1590 144
1906 639
57 126
872 1279
545 500
1181 182
1481 1538
1745 1184
627 1630
1838 1659
1515 381
439 1288
1350 1544
1965 1851
866 165
1840 52
1776 520
241 577
1915 1034
1210 1518
1044 1424
1217 1187
772 1592
540 376
1535 156
534 1737
1354 515
1375 887
543 1404
1765 109
1724 415
676 84
1916 201
1756 699
1367 1553
573 365
808 318
45 254
1217 1717
1178 1533
1726 1533
1634 744
949 1057
1169 979
889 1548
892 549
1066 1994
1005 1299
1208 21
1402 660
1472 933
240 839
552 1299
615 1071
958 254
302 1425
817 608
1380 1160
781 494
318 525
223 935
1330 689
905 544
1958 1258
982 1157
705 1721
1779 1195
1914 909
1402 1668
977 778
349 1129
753 1715
236 1002
1760 920
1940 1054
1019 637
170 1898
644 1592
236 1315
1783 1081
1350 1303
664 1212
124 893
1516 432
392 266
579 361
229 1966
683 308
1232 859
187 1735
1016 838
1148 1723
567 67
1091 1376
1079 1102
1450 599
335 1914
535 1407
1146 1111
1206 1763
644 813
416 1099
783 1983
1677 1271
696 1208
226 1696
1378 48
1900 703
1246 1772
911 1554
1592 1807
1239 477
910 808
1040 543
1102 588
1706 1966
133 1319
233 1394
1842 1038
392 1538
1645 92
272 1041
1552 1171
1019 711
618 51
1877 1527
517 953
26 893
1008 1264
1102 637
737 44
863 1324
649 1401
1159 1919
1799 597
1616 1961
557 931
710 539
586 1659
763 1773
408 283
1988 1321
1640 1806
1487 861
1177 1891
427 186
1276 1983
447 1260
129 1665
119 55
1676 190
1419 1035
1987 1839
570 717
1167 1247
868 663
159 1251
1572 537
442 1950
1430 768
1005 302
417 31
356 340
520 109
1301 1412
813 317
226 704
1931 614
822 828
883 748
946 313
1188 1858
489 179
1944 1967
1984 1479
894 1096
565 1507
1731 994
1842 510
873 1349
409 1878
923 803
273 1895
857 1948
1209 818
606 1189
1167 423
1567 24
559 576
1531 1280
320 558
457 1509
181 118
1731 220
863 25
929 1764
650 152
568 254
84 1211
669 274
438 1242
453 298
1148 40
166 1135
296 1561
785 685
1183 1018
223 957
690 327
94 1490
1191 804
134 1895
1842 1105
705 439
674 1530
648 535
1433 92
1008 1118
1353 984
421 86
409 1264
1848 1311
236 453
1660 334
188 1091
831 1770
1927 793
1523 1749
1546 526
660 1891
929 566
1652 1055
811 254
91 352
1377 1469
1314 1332
64 1463
1384 1693
288 1283
756 1080
817 1490
597 639
774 1188
564 373
1911 476
1571 484
230 1893
1147 455
1002 534
206 973
1582 47
1306 669
1030 1202
1755 1703
1036 959
1429 386
1910 1199
286 828
1440 114
1371 1108
1592 1837
1590 1289
1698 1045
1748 165
1100 618
202 1959
569 218
1011 1309
1829 1219
669 323
1005 324
1835 215
494 842
474 825
177 309
715 1787
1099 1228
285 1692
1044 1613
125 367
1549 735
793 1251
1763 446
944 1199
1131 337
873 1468
338 1421
1417 208
340 1917
1381 648
1069 1655
653 1624
17 1012
1697 1173
1554 122
1854 1705
171 1066
1220 1047
1586 414
763 1063
1657 1278
517 1545
1597 1937
985 1
1289 1193
629 409
1249 10
544 1213
1682 1197
1852 144
1450 1849
1493 129
25 301
1597 502
175 317
48 1927
325 818
75 378
1782 1784
1788 1545
1142 330
34 423
976 1525
552 893
1435 1918
1459 51
1082 1236
1742 1054
20 607
1342 1289
557 470
1456 1114
903 222
1973 1030
579 732
1904 418
143 1210
1634 146
738 513
284 483
1741 751
1325 1122
199 1067
1219 35
453 1653
1646 526
1113 1105
1697 123
640 1231
89 1256
494 1300
1714 1230
762 1369
587 1084
1314 348
1725 1225
1072 1869
501 312
1515 1898
1718 97
388 108
122 1824
1167 703
972 1460
397 1683
1946 105
202 1598
1132 1354
1353 1316
161 1026
1205 1167
1731 1257
808 183
26 1226
253 1305
1625 1997
388 101
827 1814
1464 137
1740 1614
896 300
1390 769
442 203
1982 1133
1685 1686
1833 856
214 374
1625 401
512 39
1317 1556
485 400
215 87
1145 274
272 569
1402 718
443 1026
1878 1204
987 1479
1446 342
847 1800
525 1198
711 1803
881 1321
1382 84
14 1290
1693 1439
243 726
1220 1192
1999 1292
1332 1369
1590 1994
1989 1422
1150 1164
1537 1929
322 121
985 254
1655 1012
19 481
12 1434
1445 603
200 51
1783 1727
1387 1631
585 561
318 655
1082 992
1267 1219
1107 1367
1475 1302
396 1803
203 247
509 24
1348 65
286 1760
942 41
773 1497
1540 731
1522 571
1124 332
1281 1921
1852 390
1693 539
607 1460
1193 623
557 1735
1505 280
1875 108
578 1887
1532 1715
1071 88
397 1532
1292 1096
286 1632
1122 987
482 1303
1432 1108
1907 253
427 38
409 189
1446 1577
1213 101
521 1243
1976 1278
1248 1134
201 504
1566 870
76 545
834 1230
1310 65
727 1413
1883 550
1071 1756
653 617
1554 153
640 693
714 485
1112 1641
549 1056
1380 287
430 1070
369 1212
194 274
198 84
1843 212
935 791
137 997
758 1271
1789 217
1276 1068
1761 208
501 1476
1467 218
253 191
1513 663
954 394
390 646
830 840
1694 790
537 1819
231 912
877 1063
1819 1369
1541 1598
885 1884
496 97
454 1732
457 1100
1821 64
432 1795
1691 1
1654 1448
586 1823
869 940
1584 980
846 988
1315 1898
105 247
19 112
1796 1951
894 143
1061 1668
390 526
1529 135
380 1262
1078 317
1906 545
846 848
1044 1007
1391 1612
1440 583
1325 204
810 1165
540 713
697 1298
881 623
1230 381
561 459
554 1153
579 1510
66 1118
1091 1259
495 600
1274 1195
382 1557
1518 1051
1989 1909
1888 1195
1927 222
126 861
478 882
587 24
1867 1532
419 740
48 1942
282 239
653 823
256 1674
1812 1097
568 1182
1952 1271
1498 1885
1738 582
529 434
312 162
7 1630
1753 102
1319 1914
1505 661
717 1744
707 197
1904 1951
132 744
457 1420
409 111
1784 724
1768 1300
1488 1490
1796 1333
730 1858
1953 1349
22 735
28 1300
904 1031
688 1211
1019 127
1909 113
297 322
1181 1327
1518 1894
833 1171
1205 1294
951 1805
1299 1763
1348 1936
957 844
1361 1125
1782 429
694 856
705 1797
1265 1867
343 654
704 50
218 539
1910 1662
1216 123
838 778
1812 1102
63 1533
411 1024
673 1780
323 478
188 1138
62 1507
603 1031
1310 1955
1072 1708
571 306
1097 861
1338 1814
172 24
853 1769
1495 245
376 646
1 727
1281 1092
1255 1613
877 1926
67 1499
1780 217
908 1250
1987 695
1243 936
731 862
238 1602
139 257
536 787
1923 1647
782 1887
1375 141
129 434
408 18
1726 933
981 828
1725 833
643 837
1776 1414
596 152
962 1656
226 61
223 1656
45 827
1064 458
423 1194
704 912
824 459
406 1962
1733 1219
753 1749
1584 555
1267 1251
2 1397
454 656
689 1875
1151 678
949 622
289 83
1527 1320
875 1451
571 1696
356 1819
4 1420
1982 353
376 1178
1493 1198
597 1218
1517 154
259 8
629 267
1988 1715
89 840
489 135
1436 1360
1675 396
1464 395
1384 966
286 1786
1640 1759
316 1574
1913 656
1810 1032
1973 1971
188 783
1788 608
82 322
980 518
996 585
928 1586
1580 657
1210 716
971 601
940 373
1377 1138
135 283
496 543
1724 1321
1595 166
512 1041
331 1963
1584 253
1116 1898
729 378
605 716
1645 657
1237 1964
625 1488
1867 1088
358 1084
972 956
319 122
1429 799
1453 924
894 1679
518 1255
1011 1183
683 679
460 295
1742 1140
826 1785
905 192
1734 1763
468 1370
33 1497
835 1893
546 785
402 340
281 1320
1611 1729
1073 1499
379 1278
40 1321
664 580
493 1047
1544 1168
33 851
989 182
130 656
388 389
1685 1292
791 1632
1402 927
261 1925
234 1267
486 1291
1537 97
9 317
726 1909
1953 1774
1486 323
1727 1903
343 960
1277 731
1723 516
1784 280
182 437
1889 1926
90 518
326 757
1541 1830
1209 179
294 1815
963 1545
596 1038
772 1187
1832 1200
444 1536
400 1898
299 1609
31 1918
567 608
1255 1395
127 306
711 189
554 146
221 1202
1261 1815
1565 1281
1656 676
390 880
621 1796
185 1927
136 1854
1353 1838
316 1290
352 765
1550 1886
1411 234
212 1272
194 1970
1102 1033
1489 1395
1937 758
1667 972
1068 1302
1072 725
926 841
1415 1067
1979 1813
490 1497
935 779
1746 1398
1779 353
1008 731
1375 1295
863 396
612 1710
1431 1130
1128 1583
928 127
573 1897
1804 1667
1383 765
700 186
1662 184
542 290
1436 1511
1365 1692
638 689
324 123
1843 1358
1852 1596
7 49
1863 856
606 446
386 1977
607 1838
102 312
788 632
1802 1487
918 1117
175 1701
1049 860
509 1191
853 1983
1833 781
1006 592
707 1760
1153 47
926 1035
1750 1294
240 1889
1361 796
173 1179
683 986
808 860
672 1340
1791 1790
1528 1951
226 1294
904 450
943 159
167 1400
1205 1476
1069 869
1689 948
944 1086
1264 1222
1725 1864
1289 1300
311 1236
755 1693
1381 482
1599 1335
1519 633
1611 1040
99 1397
1011 1144
901 1684
1740 1358
1483 401
335 1678
1375 1490
1539 166
1987 1662
1978 157
701 1772
266 1447
340 1510
1730 141
1901 748
1153 1869
1593 335
1658 976
1193 34
702 482
1125 856
635 1455
1852 85
1517 1139
1392 1895
240 583
1036 1951
1301 488
1058 1134
916 1134
1608 1116
1397 1553
284 1729
846 706
1044 185
755 50
963 1020
1559 341
612 1114
1523 411
723 1985
1364 115
1774 1257
95 1122
1472 1052
62 864
872 66
1443 780
1209 43
1456 1795
1117 1189
1126 1792
332 1961
1464 1074
726 1682
1237 1673
172 1851
1842 1402
723 139
686 1870
1615 1927
1832 1940
1921 837
1768 1074
1754 136
292 1133
1161 1443
21 888
1818 748
904 1879
1803 1511
683 1971
1336 60
1649 68
1205 532
634 1270
671 1858
136 1650
219 1379
159 1055
679 984
713 1548
1407 690
1181 855
1500 1187
1614 1
1801 1111
1924 92
271 567
988 1221
1259 680
376 1363
1013 357
1940 760
1004 459
272 353
466 77
987 657
511 472
1492 912
1461 564
571 51
1802 1605
1676 1417
1753 169
271 1387
895 1329
4 1243
1997 1701
1891 842
474 1109
1725 146
702 1038
1110 489
768 1141
1418 1534
1025 1841
559 1547
1361 1644
603 1760
1905 927
610 974
906 701
707 1204
1750 1621
677 1888
303 1667
573 817
299 1679
389 1794
1599 291
1074 1552
1591 874
1078 874
923 1615
537 861
1580 99
1897 1511
537 878
1486 701
796 1103
1987 138
185 728
1006 1278
338 1744
1540 600
267 1134
522 183
1599 394
125 1926
1398 657
1122 496
845 1636
497 958
1670 1160
211 1466
1087 841
1373 1214
386 549
349 717
1270 1556
1181 12
1250 1766
845 1858
426 308
676 829
1016 1238
999 751
547 1371
1961 1327
1361 1928
1253 388
1767 703
1382 35
1085 1555
1655 1713
152 1967
1071 1171
1993 1149
541 1282
224 1655
1063 220
967 639
746 1058
1503 964
728 159
91 650
1071 970
1658 1138
1316 149
1160 317
12 1805
1164 781
1988 90
1142 693
648 1712
1535 1299
42 647
1408 1046
138 1006
1931 1200
736 1877
1776 602
688 1214
1738 830
1178 1197
1152 638
299 126
1352 1058
919 50
1205 1183
314 601
906 379
1718 281
1362 647
1682 1164
996 745
800 770
410 1304
1315 461
1678 222
1724 1098
376 830
1039 1227
1264 1997
1599 1651
591 1425
401 757
1940 1385
521 1578
142 492
1503 1082
278 830
417 1696
357 1251
257 135
90 722
1503 1562
1133 825
1687 410
1969 1980
597 665
214 840
826 1488
1762 65
1381 1786
259 495
1739 1950
1143 691
1450 967
1635 1376
994 1507
853 405
571 208
1286 163
585 446
1889 449
1025 1834
987 751
764 369
1215 1051
1355 884
1361 1076
1903 1844
1884 523
922 980
1136 1283
647 1300
187 233
998 1757
123 1243
858 80
1449 874
359 196
1001 470
770 1499
611 1938
1531 730
1783 1918
868 913
64 1273
1810 878
49 1423
635 920
1640 1170
892 594
1587 404
661 1292
416 1141
947 1135
1035 1092
1516 1868
519 120
701 1669
866 1568
357 1092
704 1635
1702 373
415 1025
91 145
342 1837
873 1649
1306 447
1780 399
1071 468
342 478
1920 120
1727 1117
1382 215
1711 645
417 270
386 823
691 1425
951 54
278 942
1093 290
1747 1321
1396 1989
1895 1472
878 577
892 330
1069 540
1882 1676
798 959
1323 1472
1949 723
1154 1993
1988 1219
866 1312
228 1132
1889 1374
1603 660
203 1569
1672 849
711 1874
1855 1756
1373 660
938 1376
445 1962
7 1399
902 1983
1634 1806
1527 1057
455 1138
662 860
346 1168
243 1844
1551 1539
506 1453
512 1057
952 1003
1630 1367
291 1023
1790 1763
1965 1650
768 1800
922 1649
1219 1052
1864 850
84 122
718 1454
1186 1983
439 366
1728 1135
1683 1045
372 1442
88 366
362 483
872 425
808 52
1582 1585
397 888
975 1948
1269 1965
347 131
1430 25
411 1162
127 642
33 132
1940 666
1294 1587
253 1300
1398 1760
1603 1840
275 1059
1052 1922
771 265
802 1594
551 530
996 766
30 1524
1093 1749
1746 1815
170 1660
1481 814
1590 1638
986 113
191 1606
1081 268
1723 1962
1857 1190
1663 898
1801 95
677 516
956 1788
281 52
965 1973
1580 1516
57 1325
1586 1982
1499 973
927 1193
418 594
1371 344
733 164
1663 1792
753 118
1645 1674
1200 480
514 1848
244 63
981 939
1438 850
1719 1606
1 183
1699 386
733 750
813 242
289 1897
1741 1283
166 162
743 1086
188 646
491 488
145 441
1108 1836
124 480
1591 1249
700 797
366 564
1755 1630
1453 1623
1801 228
1014 1068
1168 840
1998 1643
1675 1562
1456 401
1200 539
1310 1455
390 750
1007 954
1890 887
66 1741
234 849
659 1814
1608 1353
390 988
1721 696
961 1291
1775 1413
359 673
1518 675
905 937
1431 365
877 647
378 1472
496 1227
10 1243
262 1367
1829 1820
1469 556
1700 1214
1843 177
368 916
145 1928
225 1272
66 690
674 940
1481 1789
446 101
1544 1674
391 1925
743 353
1920 289
40 1734
897 1064
1903 1186
1349 734
872 1296
42 1151
1393 660
129 720
704 1281
598 1960
1750 1236
1712 215
1916 426
1059 616
1777 415
963 156
1664 620
1117 1480
283 955
1799 507
847 908
1367 575
626 600
1551 1387
1115 1275
275 1309
1235 727
1532 1149
903 1677
1958 661
904 161
1915 654
894 280
1021 1917
1461 471
943 791
732 1404
96 539
1504 1854
1267 215
1648 144
592 232
807 59
1931 126
1753 1192
1699 1003
569 399
58 1234
1285 1994
1471 363
1044 1573
266 1900
1686 1774
1438 761
1065 691
1945 290
1239 1228
1234 1579
1825 955
1896 436
1839 1629
1664 311
320 1336
943 1207
990 179
965 1829
1908 1857
125 323
1472 978
1163 476
1197 862
1882 1052
282 1278
370 704
342 827
1737 1888
202 414
596 1756
888 909
1342 1262
1548 1631
1482 1389
1823 1703
1221 641
1154 856
286 1581
1062 527
42 323
1656 67
1173 1376
410 1441
579 1486
1034 1312
357 1735
1680 337
1795 655
985 40
54 285
1263 1859
720 972
345 1939
1312 725
54 489
1633 553
595 1443
1910 418
1078 36
21 1816
1473 727
1124 937
1849 539
601 1774
1062 1287
1803 1157
557 139
1843 464
1007 232
674 1296
409 213
1623 111
1479 306
213 308
38 126
336 1674
1260 1644
1816 1030
1724 825
1228 656
393 1525
792 96
1660 1123
1258 839
699 1888
285 1404
362 1272
374 312
1854 969
289 1051
424 1743
1258 1437
376 1283
1109 285
1456 738
1482 392
1196 12
1058 1478
1017 446
963 1414
1039 384
1933 295
979 1794
737 1141
1395 1515
1248 484
1072 204
71 155
1975 1850
294 1874
255 1594
469 724
1390 707
693 659
1213 24
621 1428
644 1527
1982 689
1381 792
545 743
126 1592
946 48
1482 81
257 377
1609 1552
1205 1099
1663 1352
93 566
1412 375
30 1365
117 201
1506 233
586 425
772 936
1207 419
811 73
1616 1247
1279 1379
1390 1300
36 1479
1700 38
1256 109
1731 1980
657 516
1375 1864
6 421
1221 1395
755 771
1438 1149
1799 56
1805 970
949 1898
1760 1862
1748 1352
1487 186
1651 1170
810 844
798 1741
1145 476
230 1780
1595 1787
885 293
567 1245
1607 5
1923 1599
1953 725
1110 1197
929 573
1506 1454
155 1713
259 603
1853 797
773 1290
25 565
375 156
1590 51
881 1765
1124 1881
721 1826
1782 1491
1107 742
1277 1361
1564 1638
1327 1307
1639 1743
1937 1789
928 1668
1491 652
1011 74
1381 750
1360 1761
1598 404
1755 1300
54 437
828 1175
1137 817
1031 51
1231 1805
229 1715
1317 1771
1546 1761
360 646
879 533
1065 1560
1808 1320
1662 1054
1360 1939
1014 595
1943 990
1959 415
1313 103
1246 1126
1447 112
1976 773
946 1962
1627 757
1988 1437
314 247
536 1670
981 1123
1784 90
1754 461
877 1845
1785 1600
1551 723
1110 1771
68 1717
1619 1173
1652 872
62 831
1259 1809
402 692
1500 1574
1505 278
91 1349
281 624
1220 1900
1718 1797
1700 1840
1252 864
739 1257
908 1067
476 1826
323 50
1913 633
257 285
193 1518
568 1449
79 116
1733 1244
1079 204
515 217
1137 367
1646 1813
455 394
1770 1022
1595 1994
538 1680
1386 920
1000 1795
453 1113
93 221
814 1970
1707 645
25 815
1957 1400
468 1743
144 707
1013 610
637 793
1070 1033
1167 77
7 135
908 1385
948 192
1588 1621
1166 1875
1314 748
335 1966
29 1571
1315 1006
1380 1582
1333 501
183 1490
1554 282
1611 1449
922 1827
1839 1283
1317 181
1003 163
1582 1222
1148 793
867 1875
235 1057
1458 963
1802 847
1113 552
430 107
614 895
1877 825
1442 1831
983 869
1125 1712
1435 730
953 959
1564 954
1506 1773
1890 1788
1571 934
547 633
603 1351
1491 7
538 1870
19 811
1549 1770
1302 515
296 992
752 1242
1157 1194
1949 1992
632 1187
1637 1763
1212 1243
1175 1025
1190 1692
1302 501
383 933
737 1824
1851 601
463 327
1719 1036
390 80
879 183
1876 1930
1469 717
372 176
1852 1328
1974 742
1742 439
1782 308
760 756
1041 1423
92 1199
1417 190
917 1530
1042 1887
961 163
448 1650
948 1420
1505 657
698 1158
1109 1455
218 1616
338 1490
1920 1685
67 107
808 1587
464 1479
282 524
1477 1526
1998 169
975 1859
520 110
1084 1295
1642 425
450 345
1485 1858
1150 802
251 763
999 1022
12 959
1254 1245
444 1384
1943 1742
2000 85
845 488
1460 1086
853 27
124 1886
1375 596
1566 1820
1132 1745
1852 1096
383 452
1305 912
1452 1001
1569 1939
1071 1312
1445 1197
1936 308
911 1243
1757 1886
151 1421
137 966
19 258
424 435
1046 1589
126 106
393 829
1261 14
1522 476
567 487
721 1752
1099 441
1215 1745
899 1563
1194 1271
1598 1820
602 375
211 1341
1331 1548
1506 1274
1947 196
714 452
896 1463
879 204
1601 1744
733 1114
250 1886
919 1044
1847 1861
802 1406
562 1570
132 725
1727 225
687 858
205 1457
1392 1200
1579 727
1703 1820
1747 1850
1231 1800
1704 1262
329 752
1189 769
1538 81
202 1265
1705 939
529 245
1623 1621
1542 245
1344 724
519 1217
1719 1528
860 471
333 1304
762 1327
278 1100
1384 683
715 815
1435 1688
1237 1858
816 891
1055 656
540 1983
1561 1638
1471 43
853 93
737 1955
1099 187
1741 155
1383 1168
546 1714
1105 109
437 1970
1207 1604
1726 274
1793 137
1137 1260
906 438
1148 1899
1124 531
679 666
454 672
598 369
913 844
1239 863
1034 1399
160 462
1474 111
961 1765
249 273
902 666
1625 225
1011 103
627 112
698 580
877 149
1937 20
314 1229
1244 689
1651 776
1694 306
1839 1819
576 1896
1474 460
508 62
157 102
1697 732
1182 237
378 1029
280 1826
1744 601
502 1850
1590 1918
431 1104
170 519
173 440
315 282
1484 877
692 526
651 20
466 1144
1573 960
1167 483
215 313
27 742
1839 47
1185 1521
1825 1982
599 938
1149 523
1564 941
733 1399
615 405
1611 792
932 1436
1177 257
1032 758
1646 858
263 1868
1069 1073
895 980
709 1271
1663 722
1657 1291
71 1105
1709 1514
1040 1251
205 1524
1956 158
1116 1137
430 971
1471 1359
1585 200
711 1813
579 1822
1205 1151
1215 1306
919 14
1417 1991
1335 403
2 1499
1293 85
1037 1983
1734 309
1784 217
1141 1712
741 221
1481 261
1964 1939
1238 97
1239 1713
1588 98
44 1251
198 927
1364 1757
54 1521
1584 871
1704 770
379 825
1528 81
1240 482
1249 135
1515 1669
454 122
1608 1416
1643 960
509 1054
919 106
376 970
522 346
1308 1145
331 1433
1440 1118
409 552
1206 1235
1436 372
1264 1693
852 249
1205 570
838 1073
1580 126
45 16
2 177
981 1357
723 1300
951 1658
763 220
126 1629
1372 1716
1859 1873
892 761
551 1020
1317 312
702 784
1688 715
1344 1118
934 1661
279 436
1120 140
615 1300
1600 1568
180 1093
68 731
1026 953
1911 970
477 1672
911 1043
526 1202
