401 1377
1995 1173
196 247
386 1010
1989 1595
1579 696
1401 1146
1561 1173
1499 1622
678 310
1095 139
895 1091
33 656
1857 844
963 636
1010 81
620 1389
643 1011
132 497
1704 1702
1388 1027
32 1794
908 1055
762 1356
825 1176
1717 1784
1543 1265
824 896
1627 48
1707 782
1950 1212
1771 7
224 1580
755 1642
1278 38
454 1498
613 1048
1742 1124
1109 61
303 821
1692 662
908 1983
80 370
64 1575
1144 114
1970 739
1945 489
627 296
74 216
371 1899
1434 220
947 876
1127 1488
1984 234
1065 1656
540 563
1657 1489
329 1194
1029 1113
46 1852
1585 1201
569 448
617 795
1920 426
124 563
354 1457
980 1968
1614 1653
1726 904
1987 1867
341 1278
1615 54
326 787
1428 249
1178 1328
1494 1489
1329 1692
1485 1541
1781 1893
1709 454
1443 1085
69 843
443 1168
526 265
619 1479
1939 1629
263 814
1881 234
1356 1800
214 626
1369 1146
416 1611
936 1108
1482 1007
1265 1429
1248 73
249 462
1367 1146
193 306
1603 1967
933 832
20 1849
947 1458
944 845
1458 1470
1285 434
719 230
1216 160
93 35
1825 1582
657 53
1685 1758
1156 1610
1232 1869
1732 1784
434 127
366 113
1775 964
795 1598
836 20
630 1120
1706 1002
1857 1839
791 159
1535 490
840 1525
945 738
942 1013
1895 1655
1657 1764
1843 746
737 1021
373 1215
1969 1439
341 1098
1133 1978
346 897
580 1877
1560 1460
857 1982
910 1225
1501 246
1465 640
1967 1807
1520 824
508 1840
500 344
771 27
1919 507
1524 942
1493 173
1092 1117
318 253
1110 1694
1789 1946
1811 30
1837 93
78 739
1650 1108
710 1091
1238 5
191 296
1186 1510
1091 391
940 1350
1044 1128
246 397
866 528
1246 1488
803 234
1480 798
948 1633
1644 309
130 1657
42 1279
1526 296
413 759
756 454
1236 320
1849 311
56 116
1895 429
893 1894
1044 336
1300 1517
1457 655
1494 1240
1678 251
1209 1490
220 450
750 849
540 661
1307 253
1631 1419
1065 1313
89 432
687 1028
1926 566
1920 939
1088 214
1532 602
427 1518
661 660
216 1078
827 823
1317 326
1386 63
1723 1023
1716 138
475 920
1432 974
420 1374
1465 605
1205 609
468 227
358 1089
919 1470
1872 1775
1467 487
1710 1620
1771 1746
715 1284
596 1542
793 1589
61 1384
286 1314
1108 1093
827 1785
1392 1132
1419 1176
19 472
254 1588
326 440
1023 1212
532 856
1287 1716
712 1247
98 356
1444 1886
1825 1045
1685 320
1307 488
816 1297
1113 940
637 891
854 1824
498 1682
604 1942
547 1401
926 454
559 41
1492 567
1065 1068
764 141
224 1841
284 1052
1960 640
196 86
1364 1605
282 1423
9 1903
355 851
1115 826
1186 864
1002 524
455 690
544 1159
1571 894
1225 111
1638 76
260 677
1962 1335
187 25
1132 179
587 744
1588 923
1892 1581
526 899
738 86
1028 1234
1744 564
1451 514
1457 826
1125 306
1610 876
1536 700
1490 803
846 634
762 1586
827 1472
983 1662
64 45
768 368
1809 1023
1181 1511
697 13
853 655
1336 1756
1047 517
1582 1716
1074 137
1028 1935
1855 117
1105 100
562 416
1974 674
1522 1208
1902 1079
1228 1346
1464 1417
1068 831
1344 862
1179 15
272 1367
976 25
519 311
725 1370
1709 1322
85 1905
1935 1007
617 688
1259 1821
1331 469
227 1765
813 958
585 1535
1642 1887
1605 671
789 159
1609 1473
188 934
1150 181
823 1128
1480 1862
607 1217
540 438
1182 1700
1895 222
514 723
1850 1228
1496 524
578 1254
1879 531
299 606
1684 406
1126 405
191 1518
1180 1551
1381 1876
1414 303
895 1591
1416 1403
321 650
1245 1093
1880 1932
1865 1136
1782 91
833 703
119 65
890 818
1841 1375
1314 1350
1152 973
1787 855
237 196
1561 828
99 1533
1364 1515
1154 878
1538 960
779 1342
47 1717
725 612
765 240
771 523
1794 1023
1527 954
874 1490
645 472
727 725
1190 794
149 271
484 144
536 729
1237 1670
125 552
105 1446
706 429
445 1002
383 1944
123 1215
807 1444
945 1845
1867 943
295 1807
1002 492
539 704
787 878
971 1231
661 903
960 1545
1 1523
409 388
416 1679
131 128
933 1793
78 45
589 1706
1049 278
143 1749
104 948
1154 1262
1492 855
21 202
502 1843
1274 1682
493 290
801 1635
538 1309
580 982
1038 891
1270 1207
816 1783
738 1537
535 1351
1165 779
1278 1150
1563 188
550 1925
1100 972
276 1774
1926 1243
1833 1308
817 479
1100 1553
1621 340
511 1254
1088 1184
908 755
1129 1199
475 914
1895 1992
133 438
556 1322
1088 1072
470 1719
1794 1452
1 1489
857 1881
1221 814
1228 358
1307 63
1527 731
791 1314
1502 828
1526 1254
1943 541
1342 1697
630 462
1336 1217
97 740
1496 1079
1177 1683
1153 866
64 283
813 571
1605 35
952 96
285 901
349 835
93 828
692 23
1405 1993
1685 1074
1013 1803
1346 1752
872 108
842 1914
49 148
3 1766
470 1612
1091 1939
1644 373
1158 214
1567 1859
1780 1599
807 704
989 1149
593 1865
373 95
1189 988
358 1847
145 1621
1115 116
1751 850
706 109
424 1901
1665 856
1888 610
15 943
67 625
898 671
1135 1910
1723 327
216 1721
1283 1273
1735 322
53 1396
1118 1725
1257 1723
1949 607
767 1622
755 1296
1362 803
1902 959
1394 1903
1303 1702
1178 538
1833 296
965 1708
1965 252
827 1201
434 17
133 1533
699 1585
1889 242
729 951
768 1326
1635 1455
398 766
593 1670
666 1908
1806 527
384 693
935 1112
1494 350
354 1226
858 239
720 502
1530 879
1186 428
284 1140
1570 1529
945 152
908 280
40 916
480 1094
1607 1517
1475 809
471 1753
1610 634
1515 477
299 684
1428 1388
1606 1836
843 1137
1084 483
1818 1191
730 1756
949 1344
611 1914
629 1704
133 1452
815 477
1547 818
1499 1535
90 1089
249 1914
1176 1910
1973 360
182 220
374 1533
1334 1843
451 1165
1253 1079
1999 1906
329 1056
151 1275
188 563
273 1846
106 1931
338 315
1702 655
945 1948
28 1946
1718 1792
1146 261
162 1341
826 1647
191 1176
928 647
1761 1528
1279 999
273 114
361 1604
1867 240
1831 708
1802 1972
1916 1912
37 1207
532 1775
46 1614
606 1804
1245 1579
1945 1541
651 1520
1143 1591
1935 350
759 1709
986 206
989 1595
328 638
1518 1025
1779 350
1758 20
526 703
1952 1673
1976 1764
738 160
1889 1984
1676 555
1551 1256
593 1388
419 1018
37 1887
222 1416
1185 1029
862 1056
346 784
1118 1955
1985 1419
37 87
484 1404
1901 1314
1552 1397
456 137
1442 1533
509 1347
224 1957
1875 1194
1098 1684
126 380
21 1204
1229 1236
1464 971
767 1817
1675 1057
656 1054
1318 1644
610 440
262 38
1665 82
1546 238
318 1771
101 316
795 1457
910 1515
968 197
1675 323
1103 28
1010 217
326 1462
1770 1715
1352 853
1114 226
1520 548
796 385
1963 988
1766 932
44 1927
1088 338
1879 485
1111 866
68 564
555 1536
1742 1972
768 1855
1650 1820
192 1652
1537 441
872 476
1087 627
1601 1937
1259 1075
1085 444
280 304
630 823
200 160
1443 687
1342 1008
1316 1098
1965 1244
1762 1841
346 308
1326 731
366 1473
706 1361
946 1816
125 60
1685 263
1343 1777
1636 1740
1317 2
1916 769
16 471
634 1294
1882 1193
1582 124
754 1697
960 464
1258 586
787 974
709 860
1733 1560
436 966
780 865
1746 970
93 1687
1390 135
145 1060
1171 35
1575 1114
1223 1102
447 1269
1805 1575
412 738
187 962
280 823
157 1815
299 1934
1119 1259
272 306
942 1470
1399 60
69 49
1325 1440
426 1226
1167 1778
1595 789
482 1591
1041 1326
880 1459
1044 1794
1272 1232
1673 1359
1353 114
1353 1050
617 495
611 1066
1182 195
1343 517
180 28
1583 1778
736 658
1503 570
567 1932
1390 1813
416 1430
797 1715
936 489
1129 1517
69 1700
1048 1624
1329 89
1089 103
1849 665
1714 532
19 779
1162 600
1404 1304
1559 387
1629 399
1149 347
1367 319
325 1134
1680 1704
1111 555
394 1133
1237 90
903 82
1074 1711
746 838
109 1150
1808 496
1982 653
209 1197
957 529
747 1783
1434 1991
953 849
212 1540
616 675
1185 1829
602 518
1163 472
1648 616
245 528
271 871
869 29
1764 430
1970 379
46 664
1153 1668
654 1453
764 865
1025 1923
1454 783
1902 900
1236 311
660 101
1933 1369
404 1175
1341 1789
785 1495
1275 896
753 1053
1561 351
1508 1861
1330 738
1374 263
1636 557
1299 1
767 973
1255 1706
625 679
1565 1781
1502 1380
1267 529
2000 1447
297 815
21 310
178 6
1499 512
200 47
559 141
671 385
1768 787
995 1460
799 724
760 1884
1360 486
458 540
306 1026
1594 778
1713 1886
398 996
589 1981
719 1735
1173 899
1099 520
198 662
225 38
733 791
462 164
238 1778
878 1218
216 80
1348 924
360 1686
735 313
1506 1085
710 1085
829 376
588 170
852 364
355 1728
693 906
613 1860
1312 549
1578 1554
1197 1417
1025 816
330 348
697 563
807 734
1808 1442
83 1524
344 1845
1773 529
727 1453
162 1471
1545 1702
1608 426
1444 40
629 428
901 1350
1778 749
1260 48
224 1098
994 1481
1284 956
818 279
1781 1900
342 548
1404 1959
1154 1225
1010 1401
1092 798
805 1932
295 1430
1059 96
1685 1993
1711 546
834 390
1565 750
117 523
725 1516
1533 240
468 195
1860 1023
227 94
1088 616
479 564
789 403
807 1160
730 34
1983 166
732 1030
549 709
45 1054
1602 215
168 648
1264 1442
1561 1314
1333 942
1584 1536
978 981
1072 853
216 1912
1369 1158
295 988
617 105
659 580
1549 1300
1285 963
1474 443
744 803
1159 853
1596 1224
470 696
1444 663
24 1958
418 1155
1328 620
1158 76
449 1304
705 1032
1291 80
1581 511
884 803
301 803
1395 74
1223 227
921 551
1187 978
357 1703
574 590
1545 746
1375 574
704 809
192 1265
23 1951
211 847
403 1339
342 701
1044 1705
1674 964
1854 731
359 618
1442 863
1386 1016
1512 736
1133 911
1105 82
1857 495
17 958
1077 821
1028 1076
1959 1468
1870 1098
1080 896
869 1720
1828 1411
882 110
1245 864
986 1529
566 1292
943 1548
593 253
266 1088
1072 416
752 1301
654 585
1755 786
1616 1102
1334 734
1264 1187
967 1890
1434 699
334 1101
1011 1423
836 1254
1796 136
124 144
988 1171
799 739
151 645
1811 915
960 249
888 1636
172 330
368 15
59 76
1087 1741
115 1786
140 457
1533 1082
1303 315
30 422
1155 1699
815 502
1916 246
1692 440
744 737
1310 1831
1587 1679
641 573
1989 1177
1808 245
582 1388
426 353
1388 1922
811 976
1068 639
334 1283
464 861
166 400
237 1223
807 1291
1255 821
210 283
1131 1191
1530 1137
1562 1197
1229 603
1916 1845
72 1611
806 1516
1552 1256
1202 1888
773 891
505 1279
900 548
90 1958
1156 567
1344 1055
1152 1149
993 850
885 1692
1464 1702
140 1160
766 152
406 29
955 1182
1259 1470
1950 1667
243 1572
1387 453
1767 21
1372 447
774 1419
118 206
190 57
941 970
1313 1538
1074 1959
687 1444
1542 1485
1425 1970
842 493
122 186
750 1643
1563 360
1298 63
1970 1693
297 1215
1287 117
1975 279
1371 1766
1823 520
1878 1136
319 376
780 1687
649 301
77 37
660 1227
1550 1748
10 707
263 1504
1684 381
1524 454
17 1386
1286 1123
384 1332
720 1317
1934 1859
1058 499
968 1023
648 999
200 218
828 1497
1540 107
1207 1764
478 1916
1856 1968
425 1999
1412 1775
651 472
213 370
800 78
966 1914
1025 950
454 1845
895 306
129 973
594 1161
955 1917
1574 1485
715 1354
1251 1694
1170 231
1138 95
1973 368
504 1188
1388 1533
426 1798
690 1123
1882 182
275 1396
1215 889
1794 738
1893 1951
384 524
1999 1149
754 612
1941 1654
56 274
1869 495
1238 1341
212 507
1284 656
90 1778
1885 1612
1791 1109
1190 970
605 704
213 999
274 204
416 468
1163 1409
660 1692
105 1007
1872 633
524 160
744 1199
1538 1452
1712 1105
1328 902
1289 647
1496 1382
275 263
293 981
274 1697
190 1183
163 356
574 1436
1251 187
960 1493
1131 403
1990 749
1033 1339
1479 1179
1189 737
628 495
1205 1269
641 1802
701 1218
37 1157
1843 234
1581 759
1902 673
727 894
1211 1008
1137 1356
1748 1220
1265 434
1467 865
129 822
468 1384
1475 1819
1764 1448
1407 673
1919 101
79 865
1836 1633
165 782
90 487
823 997
1672 376
687 786
86 655
712 1738
43 1536
1766 1523
756 112
1356 244
622 1448
774 1674
383 1991
1652 1846
1259 1321
17 1654
322 636
1939 1236
143 1910
581 1042
576 549
1005 355
772 65
1538 1806
1689 451
326 1471
1552 29
289 486
849 868
1825 1103
457 1984
815 880
919 1051
501 1814
1100 880
910 137
59 9
947 5
1204 1931
908 83
447 1282
1652 11
1163 578
542 1193
4 811
1500 1867
1968 1803
1245 1744
1372 1282
594 1582
1041 690
1106 1611
280 1170
389 1763
1243 1503
43 669
815 126
1960 929
1832 978
1722 71
1405 129
1712 1073
1867 1569
1542 416
1976 380
1894 1324
377 1515
64 1340
1215 1279
39 1887
374 1656
1902 805
1236 351
1570 345
7 894
1358 1537
1059 575
299 47
771 945
1172 507
1563 1977
1700 1851
418 985
1299 1349
976 867
748 1101
93 316
1773 376
43 758
1882 1003
959 744
1001 943
1924 430
934 194
363 636
1144 1402
1730 1022
852 1361
1577 1206
395 1020
776 630
854 492
805 204
1652 1587
1062 276
284 1183
62 1629
1848 1246
732 1868
327 240
901 667
565 1897
392 620
78 1493
1964 1461
1162 925
815 1735
2000 1678
524 82
682 182
887 614
180 817
1167 558
1597 581
739 1795
895 236
986 618
1 841
841 1155
1155 779
779 1504
1504 688
688 1211
1211 241
241 1594
1594 470
470 61
61 1477
1477 875
875 1921
1921 118
118 1166
1166 740
740 1779
1779 954
954 567
567 1063
1063 1732
1732 652
652 1568
1568 375
375 1675
1675 82
82 708
708 932
932 616
616 474
474 1864
1864 840
840 567
1864 473
473 1090
1090 48
48 1615
1615 1149
1149 152
152 1208
1208 1675
1149 1843
1843 1476
1476 450
450 181
181 1969
1969 920
920 1700
1700 1289
1289 15
15 993
993 975
975 833
833 222
222 954
975 708
993 1586
1586 1551
1551 1836
1836 754
754 1533
1533 1990
1990 353
353 462
462 940
940 558
558 1991
1991 760
760 160
160 1517
1517 1315
1315 1171
1171 1778
1778 40
40 1914
1914 1610
1610 813
813 1859
1859 1881
1881 865
865 294
294 784
784 1025
1025 320
320 1003
1003 459
459 505
505 896
896 10
10 1064
1064 1888
1888 479
479 1594
479 1191
1191 700
700 1610
1888 670
670 1458
1458 106
106 489
489 1397
1397 1063
106 285
285 1935
1935 954
1935 1779
1935 1095
1095 809
809 625
625 1624
1624 787
787 1457
1457 740
1457 473
787 1436
1436 1370
1370 1798
1798 1678
1678 241
1678 1485
1485 153
153 1169
1169 1092
1092 773
773 1422
1422 1891
1891 216
216 930
930 1848
1848 1349
1349 1472
1472 403
403 525
525 882
882 138
138 1993
1993 227
227 1226
1226 1597
1597 1922
1922 1
525 658
658 113
113 61
113 88
88 932
113 1586
658 770
770 954
770 1436
770 1921
773 932
1169 1231
1231 1183
1183 317
317 20
20 102
102 792
792 932
792 1556
1556 91
91 607
607 1490
1490 1914
1490 1529
1529 1998
1998 1859
1998 1992
1992 1090
1992 1678
1998 1845
1845 1756
1756 1778
1756 1183
1845 1171
1529 48
1490 740
607 1678
91 1881
317 1308
1308 1798
1308 1629
1629 86
86 10
86 1289
1308 1914
153 1291
1291 1687
1687 417
417 1064
153 553
553 1775
1775 1996
1996 1642
1642 294
1642 1616
1616 760
553 875
1798 181
1798 274
274 1771
1771 1480
1480 520
520 1003
1370 261
261 17
17 573
573 1779
573 1864
261 896
285 744
744 558
106 802
802 125
125 1211
670 1947
1947 1785
1785 1779
1947 980
980 446
446 1064
980 82
10 1821
1821 558
294 1164
1164 828
828 1356
1356 1990
1881 1138
1138 1130
1130 1238
1238 929
929 813
813 1398
1398 1043
1043 938
938 869
869 1517
1610 754
1315 15
1517 1615
1991 1656
1656 82
558 353
462 1764
1764 353
462 1779
353 1941
1941 1533
1836 1476
993 867
867 973
973 322
322 316
316 616
15 740
1476 1090
1843 875
2 876
876 1915
1915 1838
1838 1697
1697 1724
1724 665
665 1201
1201 876
1201 1389
1389 63
63 356
356 1759
1759 440
440 348
348 662
662 313
313 694
694 267
267 1847
1847 1909
1909 111
111 1715
1715 215
215 1749
1749 1350
1350 515
515 1643
1643 223
223 31
31 311
311 1366
1366 1488
1488 679
679 267
679 1558
1558 439
439 1613
1613 252
252 723
723 57
57 1439
1439 197
197 655
655 1784
1784 1915
655 1488
1439 1117
1117 1218
1218 1247
1247 698
698 244
244 311
698 158
158 477
477 1389
477 758
758 134
134 1783
1783 1569
1569 575
575 1686
1686 1795
1795 103
103 1626
1626 1297
1297 1666
1666 121
121 638
638 1822
1822 1446
1446 356
638 861
861 923
923 1022
1022 1617
1617 1972
1972 376
376 147
147 156
156 1192
1192 1157
1157 335
335 87
87 431
431 158
87 370
370 716
716 96
96 783
783 1868
1868 1491
1491 667
667 1958
1958 1745
1745 892
892 54
54 1071
1071 324
324 150
150 695
695 835
835 372
372 985
985 2
695 640
640 1042
1042 382
382 430
430 1788
1788 638
1042 232
232 839
839 861
232 1021
1021 1227
1227 1701
1701 1699
1699 1686
232 674
674 783
674 483
483 999
999 223
483 962
962 1715
962 1946
1946 1925
1925 781
781 1004
1004 1800
1800 1054
1054 1410
1410 1448
1448 161
161 631
631 1521
1521 1988
1988 335
1054 1351
1351 1931
1931 982
982 1915
982 1555
1555 1468
1468 31
1555 564
564 1942
1942 1022
1351 1020
1020 1896
1896 1484
1484 1117
1351 1803
1803 486
486 1738
1738 1462
1462 1548
1548 208
208 1523
1523 1539
1539 1022
1523 798
798 51
51 312
312 1466
1466 147
1466 112
112 850
850 1456
1456 757
757 278
278 990
990 905
905 694
990 1469
1469 1569
278 713
713 572
572 206
206 208
206 861
850 14
14 1703
1703 421
421 1643
112 440
51 876
798 1727
1727 310
310 1697
1523 1008
1008 640
1008 439
1008 1516
1516 1117
1738 1946
1800 1042
1004 1403
1403 579
579 716
962 1951
1951 1720
1720 1363
1363 667
1363 783
1720 1840
1840 57
1840 1136
1136 25
25 961
961 892
1136 1944
1944 1686
962 335
483 1868
640 848
848 714
714 96
1071 1909
716 311
87 381
381 385
385 1473
1473 1294
1294 1671
1671 440
1473 723
381 894
894 173
173 376
923 1239
1239 279
279 1439
279 1117
1239 723
575 1009
1009 561
561 1389
1439 723
57 1759
723 1389
3 228
228 55
55 762
762 1343
1343 825
825 182
182 910
910 392
392 1855
1855 44
44 1782
1782 569
569 1805
1805 1178
1178 427
427 225
225 1573
1573 1631
1631 59
59 1791
1791 1492
1492 1047
1047 953
953 1559
1559 301
301 919
919 443
443 1253
1253 1276
1276 1326
1326 1620
1620 1348
1348 1621
1621 1280
1280 1267
1267 413
413 1866
1866 687
687 32
32 300
300 596
596 257
257 1405
1405 154
154 965
965 741
741 764
764 984
984 1464
1464 460
460 308
308 1718
1718 410
410 1270
1270 75
75 917
917 384
384 1857
1857 1250
1250 764
1250 1644
1644 1619
1619 443
1619 453
453 790
790 374
374 1980
1980 482
482 619
619 260
260 1343
374 119
119 1492
374 1232
1232 1193
1193 1276
1232 1510
1510 1579
1579 1658
1658 995
995 1031
1031 1395
1395 1805
1510 1326
1232 624
624 598
598 1277
1277 266
266 1379
1379 1632
1632 1621
266 576
576 955
955 200
200 1870
1870 767
767 1505
1505 1355
1355 1482
1482 530
530 651
651 1950
1950 1733
1733 199
199 1154
1154 516
516 989
989 643
643 1582
1582 858
858 1554
1554 186
186 1911
1911 207
207 537
537 933
933 243
243 1369
1369 1596
1596 791
791 1782
791 108
108 457
457 762
457 3
457 706
706 692
692 1442
1442 897
897 1983
1983 718
718 1483
1483 1748
1748 1583
1583 1290
1290 1357
1357 1077
1077 1762
1762 659
659 1284
1284 544
544 1048
1048 1464
1048 108
544 384
1357 389
389 476
476 297
297 453
297 870
870 1353
1353 895
895 318
318 629
629 1661
1661 1522
1522 177
177 341
341 1035
1035 1866
1035 919
341 1229
1229 200
1522 857
857 545
545 200
545 1499
1499 741
629 765
765 509
509 1809
1809 503
503 115
115 1791
115 569
895 1044
1044 785
785 1866
870 577
577 897
297 1583
1357 630
630 537
630 692
1357 308
1583 566
566 49
49 1663
1663 1644
1663 1464
1748 1085
1085 910
1983 1325
1325 191
191 1895
1895 955
1983 243
1442 1904
1904 1828
1828 1582
692 767
108 207
108 1144
1144 398
398 1712
1712 1313
1313 443
1144 1200
1200 443
1369 825
1554 1492
858 1543
1543 299
299 1582
299 1929
1929 596
1482 1544
1544 413
1355 597
597 1636
1636 1414
1414 288
288 1104
1104 623
623 210
210 224
224 1850
1850 1805
1850 955
1850 374
1355 1540
1540 1348
1870 1760
1760 245
245 1819
1819 1761
1761 953
1761 742
742 1187
1187 965
1819 83
83 423
423 266
790 44
1644 392
1718 565
565 1464
1718 1855
1718 443
764 3
300 1348
1348 1343
4 1330
1330 1593
1593 1041
1041 287
287 1257
1257 1337
1337 1107
1107 1722
1722 8
8 559
559 1837
1837 1142
1142 1288
1288 1390
1390 151
151 1930
1930 1443
1443 1463
1463 1087
1087 1107
1087 642
642 1506
1506 1195
1195 1143
1143 36
36 1943
1943 888
888 1065
1065 1272
1272 1024
1024 264
264 1832
1832 140
140 334
334 1245
1245 1258
1258 1640
1640 1287
1287 445
445 1433
1433 1222
1222 1691
1691 1061
1061 1743
1743 1593
1743 908
908 419
419 1310
1310 458
458 1796
1796 1213
1213 149
149 1997
1997 201
201 715
715 1714
1714 1563
1563 145
145 1451
1451 649
649 1286
1286 180
180 255
255 12
12 149
12 1566
1566 1926
1926 800
800 359
359 1241
1241 1111
1111 334
1241 1863
1863 414
414 1195
414 149
1863 1186
1186 165
165 748
748 775
775 1449
1449 672
672 710
710 1418
1418 1245
710 594
594 1312
1312 500
500 478
478 157
157 776
776 193
193 583
583 1065
157 682
682 768
768 1593
768 1726
1726 1767
1767 1926
768 500
1312 122
122 52
52 613
613 1550
1550 1501
1501 394
394 1973
1973 419
1973 151
1501 1288
1550 1987
1987 1698
1698 1306
1306 219
219 8
1306 1685
1685 1387
1387 284
284 1213
1698 808
808 533
533 332
332 1680
1680 1185
1185 1061
1185 534
534 402
402 1837
1185 772
772 949
949 1474
1474 1230
1230 4
772 591
591 346
346 556
556 1252
1252 554
554 1826
1826 212
212 1547
1547 1550
1547 346
554 401
401 1628
1628 1808
1808 908
1808 130
130 386
386 719
719 1889
1889 332
1628 1352
1352 834
834 1463
834 533
1352 1825
1825 1768
1768 1449
1768 991
991 1565
1565 259
259 1739
1739 1512
1512 258
258 654
654 881
881 873
873 1722
873 26
26 657
657 1100
1100 169
169 8
169 881
657 1365
1365 1892
1892 1203
1203 1926
1365 761
761 888
761 1593
881 554
881 733
733 1530
1530 433
433 562
562 1640
562 872
872 69
69 180
733 1433
881 401
654 1214
1214 1408
1408 1248
1248 132
132 1625
1625 237
237 145
1565 1286
401 720
720 1000
1000 1940
1940 533
720 1463
401 1061
401 8
1185 455
455 1463
808 1952
1952 146
146 1722
146 1882
1882 1213
1882 437
437 1578
1578 1235
1235 1318
1318 649
808 52
1698 710
1987 1926
613 192
192 149
52 1331
1331 255
122 800
122 1141
1141 672
594 1288
672 1195
1926 542
542 908
1286 1933
1933 1607
1607 1710
1710 702
702 998
998 1475
1475 1755
1755 649
1997 140
1796 644
644 424
424 1264
1264 1463
1943 287
5 1690
1690 7
7 1804
1804 722
722 656
656 1134
1134 1296
1296 581
581 1968
1968 1672
1672 128
128 1810
1810 952
952 1683
1683 859
859 1602
1602 860
860 548
548 68
68 1296
68 315
315 1913
1913 1342
1342 1127
1127 901
901 23
23 647
647 442
442 1602
442 1053
1053 1084
1084 614
614 1890
1890 1421
1421 600
600 1314
1314 1590
1590 323
323 1612
1612 452
452 735
735 1862
1862 678
678 1928
1928 891
891 1736
1736 291
291 634
634 1511
1511 343
343 701
701 522
522 488
488 1471
1471 235
235 1511
522 1938
1938 1910
1910 1899
1899 1571
1571 570
570 127
127 1588
1588 550
550 1461
1461 1693
1693 128
1588 1647
1647 568
568 1899
568 1345
1345 1645
1645 1234
1234 950
950 1679
1679 974
974 490
490 305
305 452
305 365
365 1030
1030 492
492 1810
365 1478
1478 291
1478 1747
1747 739
739 1609
1609 1651
1651 1639
1639 1096
1096 289
289 388
388 950
1639 1309
1309 345
345 319
319 251
251 701
345 50
50 1647
50 7
345 889
889 1089
1089 1261
1261 5
889 1007
1007 1301
1301 234
234 350
350 712
712 1124
1124 307
307 1525
1525 1305
1305 663
663 1391
1391 217
217 1368
1368 1069
1069 622
622 1339
1339 1282
1282 1849
1849 1696
1696 1124
1696 778
778 364
364 1690
778 1383
1383 1525
778 1564
1564 464
464 442
778 1424
1424 735
1424 1672
1849 1852
1852 23
1282 1576
1576 1082
1082 1590
1576 914
914 1612
914 636
636 1321
1321 1721
1721 570
636 622
1576 626
626 522
1576 1851
1851 1067
1067 298
298 519
519 194
194 552
552 1339
194 974
519 1489
1489 1865
1865 256
256 1682
1682 1016
1016 379
379 614
379 1147
1147 838
838 1585
1585 600
1585 5
1585 234
1585 1690
838 600
838 217
838 1345
838 970
970 851
851 1752
1752 68
970 639
639 648
648 829
829 571
571 291
571 1634
1634 614
639 307
970 614
838 1789
1789 1459
1459 1384
1384 1728
1728 221
221 1323
1323 1067
1384 452
1384 622
1789 396
396 1305
838 901
1147 633
633 1445
1445 1016
633 883
883 1049
1049 1437
1437 522
1437 1541
1541 203
203 1913
883 1478
379 889
1016 1804
1282 749
749 568
1069 1199
1199 1599
1599 614
1599 1234
1199 204
204 452
1199 45
45 728
728 739
728 1234
1368 1905
1905 952
1905 1772
1772 610
610 290
290 1884
1884 739
610 1296
1368 247
247 745
745 916
916 452
1368 330
330 925
925 127
663 523
523 1937
1937 958
958 347
347 1210
1210 5
958 1134
1124 452
350 94
94 735
350 614
1007 1514
1514 187
187 987
987 518
518 1309
889 1057
1057 139
139 1509
1509 1975
1975 1630
1630 1816
1816 213
213 1441
1441 1753
1753 393
393 1683
1509 951
951 163
163 1588
305 1590
950 548
1899 323
735 1683
1314 7
600 1690
1421 1672
901 1878
1878 128
6 1135
1135 1223
1223 1908
1908 1524
1524 1216
1216 1001
1001 1123
1123 1801
1801 1237
1237 551
551 1831
1831 1907
1907 1534
1534 1328
1328 89
89 1358
1358 1705
1705 447
447 1225
1225 1015
1015 1070
1070 849
849 1774
1774 1116
1116 1584
1584 738
738 1515
1515 1429
1429 229
229 844
844 1709
1709 1731
1731 1152
1152 510
510 1575
1575 811
811 595
595 53
53 532
532 1545
1545 1655
1655 338
338 1959
1959 1014
1014 369
369 1618
1618 67
67 340
340 202
202 1897
1897 1123
1897 704
704 753
753 1194
1194 1773
1773 183
183 1271
1271 1959
1271 438
438 592
592 1603
1603 1367
1367 1592
1592 799
799 1333
1333 306
306 1520
1520 447
306 1204
1204 1592
1333 1623
1623 1948
1948 416
416 114
114 1754
1754 1872
1872 371
371 275
275 1444
1444 137
137 705
705 1251
1251 1493
1493 904
904 18
18 1209
1209 855
855 862
862 43
43 511
511 415
415 1815
1815 354
354 1660
1660 1735
1735 1999
1999 1842
1842 1827
1827 563
563 337
337 501
501 1956
1956 271
271 1820
1820 1205
1205 1653
1653 1161
1161 1500
1500 1660
271 780
780 1513
1513 1713
1713 842
842 660
660 849
660 1453
1453 136
136 1846
1846 801
801 1606
1606 1801
1846 593
593 849
593 1976
1976 1916
1916 1440
1440 1375
1375 1097
1097 1960
1960 903
903 1412
1412 148
148 536
536 1959
1412 967
967 238
238 1401
1401 355
355 805
805 1874
1874 1711
1711 283
283 270
270 1002
1002 1707
1707 340
270 821
821 1189
1189 495
495 42
42 183
42 1717
1717 404
404 911
911 1173
1173 1659
1659 849
495 967
270 862
1874 13
13 753
13 1960
13 338
1874 1097
805 906
906 475
475 435
435 1949
1949 6
1949 1401
355 1527
1527 1420
1420 941
941 1603
941 1109
1109 249
249 1919
1919 1150
1150 1140
1140 416
1140 898
898 70
70 1774
70 360
360 1812
1812 1684
1684 1731
1684 1705
1812 811
70 704
898 836
836 1813
1813 1948
1813 1827
1813 1212
1212 1713
1212 1307
1307 1123
1212 795
795 934
934 1528
1528 1249
1249 416
1249 1854
1854 1966
1966 295
295 1242
1242 16
16 795
1966 1527
934 321
321 1766
1766 494
494 686
686 1623
1766 1079
1079 1137
1137 249
1137 238
795 1674
1674 1916
1212 1109
1212 563
898 1493
1140 1735
1140 1334
1334 422
422 1123
249 1106
1106 34
34 711
711 304
304 265
265 1592
249 1545
1527 1299
1299 1623
1299 1194
1527 415
355 673
673 1603
967 931
931 1515
931 1123
1375 1453
1375 220
220 1101
1101 136
1440 338
136 1304
1304 53
1453 1419
1419 592
1419 849
1513 1842
337 416
415 1776
1776 532
862 1423
1423 1128
1128 1014
137 1435
1435 416
1444 1131
1131 98
98 704
1872 1243
1243 738
1243 1774
1948 753
592 1618
1271 67
753 1014
1959 1001
811 6
9 1012
1012 408
408 22
22 1083
1083 444
444 628
628 681
681 1495
1495 603
603 1425
1425 921
921 1542
1542 1006
1006 666
666 549
549 1438
1438 1652
1652 184
184 1963
1963 209
209 1574
1574 1792
1792 504
504 1902
1902 1963
504 1860
1860 1119
1119 1553
1553 1371
1371 854
854 683
683 1268
1268 1793
1793 465
465 1329
1329 893
893 810
810 1118
1118 1560
1560 1105
1105 1153
1153 843
843 1591
1591 175
175 1673
1673 517
517 1347
1347 1285
1285 336
336 420
420 1317
1317 1875
1875 188
188 1316
1316 1917
1917 135
135 129
129 497
497 621
621 1158
1158 1646
1646 1994
1994 109
109 1841
1841 1839
1839 996
996 601
601 361
361 1532
1532 1371
1532 1750
1750 521
521 1393
1393 1927
1927 1673
1393 1126
1126 1811
1811 1068
1068 449
449 361
1126 496
496 1723
1723 1465
1465 1664
1664 697
697 1839
1723 1963
1126 425
425 133
133 1557
1557 269
269 541
541 46
46 123
123 1278
1278 677
677 936
936 1434
1434 864
864 1302
1302 1438
1434 1977
1977 1794
1794 928
928 1581
1581 617
617 587
587 1219
1219 1159
1159 608
608 582
582 1074
1074 540
540 956
956 1091
1091 804
804 155
155 1562
1562 1688
1688 685
685 1028
1028 727
727 1029
1029 46
1029 1984
1984 480
480 690
690 1347
1984 736
736 41
41 927
927 1561
1561 1508
1508 1538
1538 1994
1538 1119
1508 465
1508 135
1508 827
827 1917
827 589
589 1917
589 1265
1265 1989
1989 512
512 1406
1406 1834
1834 292
292 1841
1406 1450
1450 408
1989 601
1265 1650
1650 683
1650 1394
1394 390
390 1316
1394 603
1394 1646
589 1283
1283 1255
1255 1479
1479 1689
1689 230
230 129
230 1400
1400 77
77 852
852 1580
1580 1799
1799 1012
1580 968
968 117
117 1971
1971 879
879 373
373 280
280 890
890 1058
1058 1039
1039 184
1058 1006
117 979
979 262
262 1045
1045 1126
262 1122
1122 333
333 1086
1086 1652
1122 233
233 1011
1011 377
377 412
412 1329
412 497
412 429
429 1196
1196 363
363 1317
1196 1479
1196 1787
1787 444
429 1792
429 1431
1431 211
211 721
721 817
817 92
92 1608
1608 209
721 366
366 1638
1638 1427
1427 178
178 1402
1402 893
1402 412
211 1487
1487 1159
1011 771
771 1676
1676 1557
771 1438
771 936
1011 408
233 815
815 641
641 1344
1344 1425
815 1088
1088 1750
1122 77
1122 677
117 677
968 1669
1669 1434
1669 1119
1669 9
1669 407
407 677
407 9
852 601
1400 587
1689 1917
1255 1275
1275 928
1028 587
1688 1278
1219 1875
587 1099
1099 1494
1494 1591
928 810
936 1062
1062 1148
1148 1879
1879 1963
1148 104
104 129
1278 820
820 1118
361 1392
1392 21
21 1438
1646 843
497 135
1917 484
484 1377
1377 1531
1531 921
810 465
11 1228
1228 796
796 812
812 383
383 972
972 166
166 100
100 1098
1098 684
684 1072
1072 1018
1018 806
806 1918
1918 1740
1740 1110
1110 166
1110 818
818 1415
1415 325
325 1133
1133 174
174 1546
1546 1010
1010 1113
1113 436
436 726
726 481
481 1934
1934 539
539 994
994 1215
1215 786
786 915
915 555
555 120
120 585
585 1240
1240 428
428 327
327 959
959 957
957 557
557 448
448 1637
1637 1452
1452 959
1452 1518
1518 1407
1407 1920
1920 935
935 944
944 1080
1080 806
1080 912
912 27
27 1167
1167 627
627 1215
1167 1174
1174 1985
1985 1260
1260 1168
1168 1853
1853 1627
1627 1572
1572 74
74 547
547 538
538 1600
1600 1364
1364 526
526 1570
1570 142
142 448
142 124
124 1172
1172 64
64 1856
1856 978
978 1374
1374 1496
1496 755
755 645
645 693
693 273
273 19
19 759
759 1023
1023 1215
1023 823
823 1404
1404 141
141 1918
823 1600
1023 428
1023 1806
1806 957
1023 538
759 1426
1426 1954
1954 774
774 1677
1677 1172
1954 822
822 1549
1549 172
172 531
531 185
185 1833
1833 1982
1982 1622
1622 19
1622 1094
1094 1336
1336 126
126 1224
1224 281
281 409
409 1604
1604 1894
1894 752
752 885
885 994
885 1364
752 428
1604 1108
1108 436
1108 945
945 605
605 1595
1595 1622
1595 1829
1829 344
344 1005
1005 1519
1519 584
584 1010
584 1372
1372 485
485 78
78 99
99 277
277 1681
1681 1957
1957 451
451 1220
1220 79
79 1572
1220 1627
451 428
1957 880
880 1777
1777 176
176 560
560 726
176 1572
1957 131
131 1668
1668 807
807 1113
1668 926
926 1228
926 1018
1668 1018
131 1869
1869 276
276 866
866 1163
1163 514
514 481
866 730
730 986
986 1526
1526 1936
1936 756
756 30
30 743
743 1572
743 1614
1614 1518
1614 1426
866 1600
1869 588
588 1965
1965 131
131 428
485 1549
485 64
1519 1354
1354 1215
1829 1019
1019 1939
1939 922
922 1051
1051 1170
1170 242
242 272
272 1034
1034 1995
1995 1507
1507 1426
242 1113
1051 586
586 944
1051 126
1051 832
832 1038
1038 1125
1125 456
456 1518
1038 615
615 368
368 1381
1381 1010
1381 1572
832 37
37 282
282 1833
282 960
960 391
391 1769
1769 1920
1939 822
1829 1336
945 1622
945 1240
1224 1518
126 812
1094 1577
1577 76
76 71
71 1359
1359 717
717 1428
1428 72
72 557
1428 1281
1281 957
1577 1228
1577 1266
1266 124
1577 47
47 436
47 1311
1311 1898
1898 689
689 1918
1898 913
913 1954
913 124
1311 750
750 1413
1413 1132
1132 19
1622 1706
1706 387
387 1460
1460 1833
1460 796
531 1853
822 166
822 1572
1600 680
680 1332
1332 886
886 325
680 1567
1567 1072
547 661
661 907
907 1240
1627 120
1174 1546
1080 1073
1073 65
65 205
205 972
935 329
329 1240
555 436
174 303
303 11
1072 972
24 1887
1887 1876
1876 1175
1175 28
28 709
709 250
250 1160
1160 105
105 1386
1386 964
964 803
803 1335
1335 1081
1081 1380
1380 664
664 747
747 691
691 943
943 632
632 357
357 1737
1737 1341
1341 1382
1382 816
816 668
668 171
171 868
868 964
868 1256
1256 878
878 1298
1298 1217
1217 963
963 487
487 1923
1923 1298
1923 1886
1886 1162
1162 1177
1177 342
342 590
590 1964
1964 1757
1757 466
466 1589
1589 1360
1360 506
506 527
527 1026
1026 358
358 602
602 1871
1871 675
675 60
60 664
675 1654
1654 1746
1746 1396
1396 159
159 900
900 1708
1708 826
826 1692
1692 1319
1319 1078
1078 746
746 1641
1641 35
35 1396
1641 397
397 1861
1861 732
732 1883
1883 110
110 1974
1974 380
380 1893
1893 669
669 696
696 992
992 29
29 1730
1730 856
856 1719
1719 1454
1454 1013
1013 143
143 1033
1033 1246
1246 286
286 1416
1416 1900
1900 794
794 1961
1961 286
286 1396
1246 508
508 1497
1497 198
198 1470
1470 1037
1037 1298
1037 1729
1729 646
646 349
349 1587
1587 1751
1751 963
1751 1877
1877 724
724 1770
1770 814
814 737
737 357
737 1871
737 1470
1770 1417
1417 168
168 1382
1417 1160
724 80
80 909
909 846
846 868
80 1066
1066 612
612 399
399 1649
1649 1807
1807 1050
1050 650
650 1830
1830 463
463 95
95 1177
95 1970
1970 1744
1744 1702
1702 900
1744 602
95 250
1807 1274
1274 1912
1912 1873
1873 1279
1279 461
461 1145
1145 351
351 1026
461 358
1912 1633
1633 1641
1274 1486
1486 493
493 395
395 599
599 1979
1979 671
671 1885
1885 1151
1151 358
493 1430
1430 707
707 1447
1447 1498
1498 1432
1432 1263
1263 248
248 703
703 535
535 1027
1027 28
1447 1662
1662 1807
1430 1059
1059 116
116 1382
1059 1535
1535 198
1649 997
997 699
699 441
441 1924
1924 899
899 240
240 195
195 164
164 1858
1858 1066
164 1903
1903 1455
1455 1503
1503 1075
1075 1198
1198 441
1198 1181
1181 1797
1797 1373
1373 226
226 1217
1373 1835
1835 918
918 441
1835 543
543 997
543 498
498 620
620 1765
1765 826
543 1254
1254 669
1254 1903
1373 1081
1198 1974
1075 746
1075 1081
1503 637
637 1382
1455 1932
1932 1654
1932 878
997 1725
1725 33
33 491
491 981
981 878
612 1378
1378 309
309 1692
612 1887
1751 159
1587 24
349 179
179 1844
1844 1139
1139 1481
1481 466
179 878
1033 1076
1076 887
887 590
1454 1102
1102 604
604 1162
380 1188
1188 1871
1692 1746
1692 1876
1708 405
405 1233
1233 668
1746 943
675 1382
1177 1887
1341 1081
1341 1380
1380 1175
38 734
734 434
434 725
725 1180
1180 847
847 1537
1537 830
830 1399
1399 874
874 1273
1273 302
302 1179
1179 988
988 731
731 1320
1320 90
90 1206
1206 1300
1300 190
190 1324
1324 942
942 966
966 1182
1182 73
73 1967
1967 653
653 231
231 1981
1981 946
946 524
524 580
580 676
676 1322
1322 1197
1197 1605
1605 611
611 1165
1165 1202
1202 253
253 947
947 1300
253 107
107 824
824 362
362 406
406 218
218 1184
1184 296
296 352
352 426
426 1763
1763 845
845 1781
1781 1467
1467 988
1467 1667
1667 246
246 471
471 1901
1901 1221
1221 788
788 314
314 432
432 469
469 1945
1945 1695
1695 1114
1114 1598
1598 1986
1986 1741
1741 331
331 528
528 653
528 877
877 1322
877 1052
1052 1376
1376 788
1376 62
62 1536
1536 214
214 983
983 1244
1244 236
236 454
454 1411
1411 1611
1611 1262
1262 400
400 1790
1790 296
400 1060
1060 1236
1236 902
902 1112
1112 101
101 1818
1818 513
513 1259
1259 2000
2000 1017
1017 239
239 66
66 468
468 472
472 411
411 1694
1694 1327
1327 1648
1648 1046
1046 782
782 1734
1734 1955
1955 1055
1055 367
367 1197
1055 797
797 107
797 977
977 1207
1207 831
831 467
467 189
189 924
924 170
170 763
763 529
529 293
293 1409
1409 902
170 969
969 1293
1293 1269
1269 418
418 830
924 1055
924 1824
1824 606
606 1867
1867 1758
1758 1303
1303 1823
1823 1704
1704 39
39 1978
1978 546
546 1385
1385 988
1385 606
1385 1781
1978 1040
1040 948
948 144
144 1635
1635 1880
1880 1601
1601 845
1880 819
819 837
837 1190
1190 1292
1292 1115
1115 1502
1502 326
326 81
81 1786
1786 97
97 635
635 1906
1906 845
97 988
1786 777
777 574
574 939
939 1388
1388 1036
1036 66
939 819
777 1780
1780 830
1502 1322
1292 1716
1716 971
971 578
578 793
793 1190
578 1467
1716 467
837 769
769 339
339 863
863 84
84 1295
1295 231
1295 1346
1346 254
254 1817
1817 1824
1346 432
1346 1802
1802 1742
1742 162
162 236
1742 352
1802 1665
1665 56
56 2000
84 1120
1120 507
507 331
507 58
58 1221
1120 1648
837 314
819 499
499 468
499 853
853 976
976 268
268 1221
976 1955
976 471
853 1121
1121 528
853 871
871 1112
871 789
789 1781
871 472
871 1648
853 1605
1978 1467
1704 1179
1303 328
328 884
884 1962
1962 1361
1361 1032
1032 1093
1093 1953
1953 472
1032 731
1361 1340
1340 1537
328 1103
1103 1376
1103 1670
1670 1017
606 618
618 847
618 253
1207 729
729 1362
1362 1046
797 1763
1055 609
609 751
751 1967
751 1552
1552 937
937 38
937 167
167 609
167 766
766 1060
1552 454
66 1901
239 1605
2000 85
85 263
263 302
513 788
1262 1146
1146 1986
1146 731
454 296
1244 196
196 1056
1056 1179
983 93
93 502
502 1657
1657 1129
1129 734
62 469
62 434
1376 331
1376 1221
432 471
471 1176
1176 1206
246 1338
1338 378
378 190
1763 1322
426 1156
1156 1165
1156 1814
1814 1981
1300 731
