1586 956
1652 1980
1122 336
291 1593
430 1124
1607 249
137 1590
1510 207
1465 1548
1175 1003
1112 1100
1273 1693
99 1069
502 369
732 105
1703 1508
1893 55
157 1910
447 1063
1983 655
969 178
1027 1067
1368 37
959 159
1293 1722
717 591
1641 1130
1392 896
1406 1609
1924 1293
159 447
1219 950
1487 392
1457 1937
587 1481
433 1350
1782 546
643 1674
605 1859
443 574
342 553
1671 1451
451 1129
718 1797
1063 372
847 1482
1470 508
970 1770
1459 1861
392 377
1822 1070
1453 473
1874 840
1683 26
153 207
745 1992
92 531
448 1326
1371 1328
240 1979
1698 1205
1397 1082
501 1327
1398 1695
1223 854
770 1414
66 1691
741 1047
129 65
774 1332
1088 1912
1463 753
1081 1123
595 1615
350 928
1131 729
1518 1192
55 1131
1364 271
1063 909
962 1967
998 1281
1028 132
1493 1974
18 1557
1880 789
1228 1989
74 45
1803 906
312 802
1984 1938
170 965
1522 571
1564 370
369 1659
1643 1034
768 342
500 415
494 474
1350 261
332 1661
1676 206
1438 1709
889 71
776 368
1131 1374
1886 1915
943 1012
435 40
479 1953
305 941
289 802
1300 968
853 1826
1395 787
1343 1137
1136 1181
1626 297
1225 1060
376 1732
233 1963
398 1145
1563 1626
2 272
441 884
1277 1576
44 505
743 128
1174 587
554 1794
139 929
1341 1645
1598 1301
1699 802
443 1103
617 1112
1261 1811
1557 70
378 151
958 646
639 476
1022 1361
1188 210
439 1708
1273 592
1193 1951
1478 1910
621 1071
1120 1977
8 237
703 1079
867 1622
1231 1584
205 1230
733 1686
1021 1725
608 1662
382 63
1803 67
446 241
1936 832
1173 328
1544 396
911 715
1975 1966
543 775
1287 507
1501 246
1596 1513
526 386
209 564
1298 654
812 172
164 1506
284 599
1237 410
215 1689
1161 926
1078 1305
1572 1775
1603 814
1545 1639
1135 81
1786 1010
641 1506
606 82
1639 1497
1210 690
1422 72
440 292
172 30
837 420
603 142
496 1023
1258 1230
266 778
359 788
387 806
1026 68
54 792
1242 493
1798 1870
1659 140
1949 1541
326 317
525 872
1518 715
1638 749
885 635
104 1811
827 756
692 1632
1069 1070
1267 537
1597 1612
211 1185
404 1404
1204 418
1993 1066
1960 1856
1909 611
123 1965
1254 612
353 1659
1476 1740
254 1543
1286 1344
484 655
1794 195
933 1159
1655 1694
218 1326
216 186
817 1734
1646 1198
2 1492
1539 1765
1927 797
1856 1902
945 271
1779 1617
555 68
640 1570
809 1821
1690 1616
1150 1405
521 202
1549 141
1356 857
1010 209
362 656
457 1931
195 1519
1910 403
1952 1249
1322 71
176 718
1227 1784
1741 309
1622 74
392 542
1175 339
773 1588
1236 1648
580 645
818 337
1737 46
1466 1990
945 1040
882 798
1730 1702
212 325
41 891
1971 1297
1075 1415
843 1430
605 903
1538 222
230 1103
1698 1718
903 1401
1573 615
1568 1767
1847 798
151 1865
426 243
1897 1632
1773 1728
1245 1951
219 78
208 485
676 1837
1861 1428
1796 998
1136 1056
307 1110
1981 1733
601 648
893 165
553 296
538 1883
476 131
180 1348
1733 1857
1370 162
840 1880
57 1962
1012 1238
1383 210
1065 245
1365 780
227 395
78 759
965 666
1292 1492
492 1093
678 1035
738 517
1902 1860
313 1238
1368 618
557 1076
1206 164
579 410
506 1239
1532 552
1837 440
1491 886
727 402
694 1894
356 630
1086 238
448 384
449 521
1005 473
618 1730
918 1040
1656 1151
182 745
1081 726
1360 1511
1381 895
905 1360
1348 1534
1289 676
995 298
8 1752
107 1556
1976 1249
791 1870
768 1151
1817 1933
1772 628
1243 136
352 373
1006 210
1117 1890
630 1830
573 179
1079 1473
60 887
1677 905
1911 65
711 472
1172 1104
364 885
377 712
1246 1414
1565 349
1723 1154
107 52
303 328
606 1836
1259 312
359 1746
1373 795
594 955
1102 1956
1536 1942
520 1891
696 708
499 625
5 1354
1919 1599
922 1259
1136 961
1186 572
1094 1839
333 772
949 1768
1583 9
1486 1242
504 1066
1921 483
1117 1638
852 1152
1634 1521
1615 1516
1250 1387
1777 1184
351 405
1424 1633
408 204
566 801
127 152
1284 1656
1135 547
77 1448
1060 1510
1317 1705
232 1438
1102 603
1167 1360
1758 1857
1449 2000
1896 1276
1082 1009
556 1541
1305 1802
431 314
352 561
1392 1224
644 599
945 778
61 406
1790 1574
1934 681
196 1708
853 1231
1399 166
1323 1186
120 816
1895 1383
89 1489
91 1597
810 320
1142 807
936 195
150 1696
436 140
1947 371
1192 702
1020 1006
848 308
140 1201
646 1514
1079 970
1401 638
1078 1288
379 1877
674 212
1295 1283
1503 1
810 621
671 1386
1832 285
67 1658
1021 1529
345 536
309 147
44 1035
1807 1871
1853 1272
1115 968
47 1247
312 946
1442 194
183 1157
1982 819
1031 1660
887 960
19 320
1501 1759
1794 134
1988 1403
995 257
980 335
1219 105
228 424
434 1825
442 1213
197 272
637 271
1501 1820
417 1302
367 1303
1760 1538
845 150
1067 1808
1852 487
1600 1125
1668 1817
129 533
1283 301
929 1041
886 1193
1134 1750
1405 1192
700 1578
1470 1207
303 1813
636 1599
395 526
630 615
1469 25
371 910
530 302
1261 1281
986 1780
1971 182
1946 1853
1656 820
148 441
409 1901
1293 1652
424 1817
127 433
1537 112
1485 325
673 1623
714 550
428 56
136 970
1307 543
426 1286
1827 181
155 395
1407 380
653 1492
1707 188
654 552
1903 984
1423 1352
507 1701
1141 745
303 392
913 1513
1719 950
121 1711
128 34
1634 608
1244 1010
550 1431
1659 852
1765 1155
519 1572
1527 111
447 1756
384 194
661 1844
449 365
1096 1017
949 1854
1354 274
697 2000
595 569
1676 1469
255 966
611 1486
739 1482
1121 1568
1531 1138
84 864
472 1642
733 1125
932 457
247 525
564 1612
1872 514
1282 769
806 1588
289 380
1364 1132
1614 1501
544 1425
1805 485
770 1379
1255 1686
1694 1024
1437 1472
1510 1861
1031 129
974 1062
1228 656
986 1489
296 890
1946 682
426 337
179 1696
136 1758
1121 1123
846 1604
1538 526
597 1472
1766 1596
797 929
386 538
1874 898
1105 597
920 1912
1645 962
601 1785
977 565
1879 116
740 989
1529 1098
486 1146
1877 1051
1259 108
622 1711
440 1108
819 1270
1558 1316
1701 842
1622 829
657 1374
1473 473
1039 237
838 242
496 977
951 519
1459 1151
872 1591
221 1837
801 284
1503 328
109 1139
1670 1052
114 207
587 832
157 553
1228 169
1292 670
1934 638
1196 473
452 1342
586 1543
1639 1700
333 101
990 1149
1098 1891
12 254
252 69
880 588
315 632
159 1505
1441 94
669 1875
695 134
216 730
1633 751
1626 838
1992 1245
1787 1776
1296 888
342 259
973 1690
960 1818
397 1517
735 957
1299 998
138 834
296 152
1537 1508
892 1259
1949 170
1999 1747
430 598
365 1499
84 1868
619 543
548 1437
1299 1898
1010 389
852 746
1932 1741
1306 390
814 1502
1418 1218
123 1672
1135 196
1235 711
1698 1126
20 788
1756 1093
897 1155
798 1311
103 1385
502 1735
687 588
1524 1729
1059 1337
1344 1541
1064 1208
1980 1903
874 1830
1118 455
1419 1023
582 1840
1990 460
1837 390
1235 1282
1805 1313
236 807
43 1877
53 1524
263 1948
31 1885
1519 1323
876 1040
423 1217
1111 1438
49 647
1302 842
1574 863
492 7
380 1103
472 381
526 1080
1156 85
1477 905
570 500
1498 1409
723 1115
1118 789
1498 692
956 535
1571 1737
1614 1442
936 1627
1035 639
1710 711
1393 390
469 1580
956 515
37 1461
844 1025
570 645
380 472
83 1125
226 760
1323 928
1426 887
1133 705
178 1204
122 463
548 237
147 418
1354 471
687 1863
946 881
893 992
818 912
1728 205
1250 19
801 1651
1252 1827
1185 723
900 2000
451 877
1402 1454
283 1325
1094 1257
1389 51
1281 987
1136 1535
1854 1855
1197 1413
886 295
443 1875
147 575
1149 1200
1975 1977
579 1294
816 87
1201 621
1090 700
235 1986
524 758
694 1371
1621 591
231 881
794 1084
1721 931
1625 458
1819 1327
360 1286
1190 505
1186 1136
1773 489
1839 1721
391 630
480 1600
617 527
54 1468
1139 1062
1507 230
245 714
1592 1329
1637 1041
676 582
326 1383
1857 490
1822 1458
340 1754
913 1879
1687 1130
572 781
463 1911
1639 1953
1163 1226
181 1883
1188 1069
1778 1791
1262 613
1662 368
1117 474
261 774
647 836
1552 86
1756 432
1181 1703
1145 1286
560 1964
1192 1632
15 241
343 1020
1734 1840
1753 365
1150 1198
1409 1585
1814 1498
1425 589
1675 1607
1561 796
764 271
1941 457
464 1976
203 1457
1132 806
588 1829
1536 1089
1482 26
991 1034
1676 851
492 506
693 1331
1863 1134
372 693
1263 1151
1159 1572
226 600
565 120
834 1213
778 718
1500 271
454 970
1592 1775
1169 997
219 1115
1302 886
1408 1716
212 492
1520 636
494 1798
1935 604
337 1212
1887 879
560 1469
49 934
1550 110
550 689
832 1968
574 1010
847 203
1904 405
728 1221
168 885
1938 180
1240 1451
244 467
253 1625
1884 1912
1185 1409
1351 659
1903 615
649 1866
1559 381
1068 913
755 802
1925 1653
158 121
1406 1939
758 1742
1464 1118
783 514
331 49
448 752
1294 823
1858 1757
1063 470
1913 249
469 817
1464 311
373 582
54 226
1146 1899
1108 1256
953 699
1450 1440
975 371
418 600
1083 1337
787 66
1622 1227
947 433
772 1469
1715 536
913 1784
97 1057
1342 1319
150 1461
1962 1585
222 1605
1415 368
1066 35
1148 11
741 522
1361 1734
923 1425
133 1884
344 261
205 1692
869 1374
687 1603
1710 1400
1350 454
34 1945
538 1529
86 147
1614 235
897 1334
1046 1266
363 1980
1793 551
1750 1058
149 1183
540 961
845 1227
1821 1895
848 489
1775 1834
354 578
1735 617
249 803
1957 1376
1413 600
1804 1364
62 1963
950 1320
256 1206
942 823
1069 75
1116 27
1900 653
475 335
883 1079
937 278
111 486
551 1470
605 1852
1539 319
1585 493
165 1515
1686 154
1898 1535
1122 1096
538 721
1925 1273
1277 557
112 1682
104 1406
999 601
1038 456
1458 679
193 1876
1513 547
466 807
105 1766
1671 1663
170 708
64 1727
1227 97
1711 1890
234 1407
1817 635
728 327
1668 930
1069 1591
607 1636
