733 536
1837 1820
20 704
619 1376
525 158
832 1515
1218 1635
1940 1208
747 1899
73 1596
1074 668
1714 1367
255 1560
1749 921
939 745
237 482
1861 405
1110 709
1689 102
1976 934
1557 1284
1246 1143
1780 315
1778 1459
1368 617
648 1759
1214 250
1797 360
1159 452
1499 924
189 1999
1526 478
217 1320
1961 1458
662 44
197 1062
1394 1187
893 1492
1711 696
1153 1137
1227 170
1119 1246
1548 212
1942 541
1181 29
823 1898
841 462
1286 553
628 1516
1472 783
358 598
1093 65
1107 1775
1221 797
570 1022
601 1181
236 1228
1879 1044
1947 692
11 1968
307 253
787 433
1796 353
1435 1245
364 1240
892 1706
482 1902
1437 760
46 1962
1068 1698
1795 1715
1567 1139
923 1078
253 199
1282 574
424 1525
786 1951
210 389
98 608
1283 1785
1540 262
66 501
1137 1406
588 1290
347 1068
1183 1311
81 676
1048 179
883 1552
1911 135
1823 442
1969 367
725 1025
580 502
677 1848
373 533
1632 688
1357 1755
1598 977
1919 1897
641 393
965 1764
372 57
330 959
716 159
889 1336
979 1263
1690 62
714 720
1720 866
560 1801
276 1200
1180 892
1370 231
1772 290
1285 1402
1027 124
193 1467
1273 1925
1576 1132
608 213
194 279
763 447
1939 1123
1710 1541
1192 333
911 1176
1025 793
1033 557
680 379
1698 814
1045 101
352 1650
1834 1189
187 377
1204 1498
653 1576
1393 316
1801 1070
1160 361
107 1475
1531 1410
213 1690
1641 1159
1599 133
961 378
1029 461
299 1591
178 1462
1561 605
1513 733
541 1691
416 806
861 1877
1899 554
1504 621
365 1173
610 1865
946 1786
1620 1150
764 1185
1113 301
1865 1817
1296 799
1614 491
719 1833
751 386
92 514
133 1016
598 1873
980 165
1638 128
209 925
1894 414
1290 413
1287 1934
947 1988
1660 1683
1012 1464
438 573
451 1765
869 1794
1364 1568
1524 1695
515 1330
148 794
249 823
114 106
1998 324
1685 723
444 1158
1912 310
1938 1473
1414 322
353 678
111 198
1035 59
129 1147
408 634
169 623
3 1825
289 81
1210 776
1407 1006
817 1015
1811 1138
726 1318
1648 317
912 811
1328 880
811 1007
1514 756
1216 1348
83 1522
882 1445
1890 1546
1691 526
1015 395
1848 920
1255 551
584 703
1671 1930
707 1172
625 24
1534 1195
1476 105
383 1633
1231 1453
483 943
324 1043
1304 466
973 938
1258 520
1109 481
604 718
672 1652
1047 471
1727 425
1816 1797
79 1926
1654 1082
1077 331
1619 364
225 51
1523 401
516 1096
586 1505
15 566
1831 402
810 1055
1085 189
639 1998
4 832
1964 1617
1783 567
1211 1371
1845 777
891 1486
1873 552
85 1907
1173 1778
443 1294
1050 1097
1475 359
55 1623
962 805
1241 1986
52 1456
1887 294
1578 833
1344 1365
1244 1688
870 114
1923 1935
1922 1733
794 1151
636 454
1011 515
1127 876
1224 1563
1379 195
1386 1135
1297 1952
398 1885
859 1832
1864 653
1793 40
456 69
1581 894
688 343
972 185
67 915
1867 1518
1943 825
113 988
1195 1808
1171 1014
199 911
711 865
393 422
1630 1161
944 173
1709 951
1824 1180
1678 1
1377 1434
874 555
791 1874
1605 202
412 1306
880 1422
948 643
1506 1356
1041 1230
1800 1045
1424 1703
281 1218
1898 1386
1804 1250
640 1346
916 307
1261 1575
904 744
231 344
282 540
1663 400
963 1403
784 862
396 181
855 1497
1707 1585
1069 1626
1950 1332
833 1303
519 183
667 1648
715 1625
864 1438
1235 1863
952 1790
1148 1215
708 1528
440 1334
562 1154
141 272
322 120
1612 1414
48 66
1233 1344
858 1928
172 80
1134 1731
1061 792
384 211
427 276
1310 243
1645 698
774 1705
1688 345
1412 1784
369 508
157 75
1511 61
1762 671
1169 1632
1596 1238
118 98
1903 774
1316 337
1082 339
1708 385
378 200
51 84
1398 15
354 1352
1389 1312
1849 689
1002 1140
1637 1660
1549 107
1049 645
926 500
1701 1090
206 690
540 174
1989 1508
559 1609
164 1349
1001 292
24 14
674 1207
805 1060
1951 270
503 495
983 41
323 576
474 1500
391 1510
1384 1532
803 1879
106 1301
520 559
1503 23
1502 749
1970 1210
144 1088
1351 800
485 47
496 257
1237 1642
1712 1547
1622 1205
201 1661
1562 722
1679 1067
390 1887
75 1264
479 1838
1200 730
1268 1319
1240 1239
757 239
1080 1224
413 787
1354 918
1779 592
68 1256
807 1845
8 254
426 1474
1179 990
1426 1542
69 1788
1361 271
224 1036
445 1439
1609 1570
1269 303
935 32
1212 1545
1358 1114
879 1598
1323 986
1537 1987
1312 985
976 869
356 1127
1799 947
1988 1288
215 110
1187 1791
228 232
70 1184
971 660
1625 1780
1583 1053
379 727
1484 1478
1445 1487
1802 1285
233 912
1869 145
1723 354
254 852
1875 1924
238 1206
1447 1700
699 1655
29 1939
782 1035
1893 297
286 1645
290 954
266 1843
57 1904
1871 1864
203 1804
309 1057
594 1502
666 449
696 900
428 1779
265 1527
1470 1772
1644 1447
374 1226
385 1412
1949 397
538 1956
1168 1724
1717 1384
1019 673
1647 409
161 1233
1251 782
121 1993
1400 1708
1254 1718
421 941
1777 33
1131 965
744 1667
1367 1587
1706 618
244 1943
1266 791
1963 878
449 654
1102 283
1207 1558
886 568
490 373
1028 1325
1139 644
1582 817
1017 1460
1813 1766
1239 1621
292 351
80 543
542 905
78 436
1482 1047
762 1063
176 201
381 151
1760 707
563 357
1403 586
1374 731
1387 1048
1 1876
1142 523
928 1950
985 411
816 1281
494 942
1123 1644
1972 1323
1154 1945
1704 808
789 840
110 458
159 1466
1693 1129
812 974
160 164
1995 705
575 1051
1219 513
544 157
260 415
1067 1115
1615 1896
1347 994
109 497
1260 1162
1687 1428
1991 641
1226 868
1934 1681
1126 1069
1452 230
1955 1385
84 1938
1507 177
1247 375
1345 463
30 1171
283 630
1668 205
1419 1592
1149 625
668 1420
435 36
852 517
1005 939
1478 1499
1510 590
779 726
729 1308
907 937
17 702
613 483
565 532
1931 300
1450 131
960 917
175 1763
732 1608
871 1203
1375 815
535 244
155 1291
1030 298
18 599
1508 1920
1854 1056
1750 1734
464 1752
1164 1099
1158 682
593 582
1443 1484
781 891
1217 1559
1284 1622
1222 143
770 469
1659 1355
1790 260
466 1188
885 1362
1857 1612
1672 609
212 1481
158 603
1517 1287
1046 1967
1162 104
1863 313
102 1735
316 1543
10 1671
433 579
792 1023
248 899
607 1702
1343 1359
1746 1773
477 1335
529 737
1735 1955
1935 677
1918 356
327 701
1808 1202
1197 1275
739 1042
166 563
1313 370
491 1953
1656 445
1486 1995
1519 768
50 1638
1611 1732
60 3
1267 1169
1487 1163
1090 788
568 736
1399 1175
1359 547
1948 398
978 1274
1103 509
1916 995
1249 1810
1438 408
1146 1358
854 247
1133 1419
898 693
1839 597
64 522
21 753
72 1579
359 1636
710 1883
504 1194
204 293
808 1039
1440 1213
1975 521
531 1351
703 665
182 269
1163 1554
1498 1643
1827 394
698 498
168 932
697 1084
1891 976
1634 1156
658 1915
748 1748
1740 1603
901 4
511 958
475 20
1896 1909
453 1046
1100 1225
1327 326
645 525
1884 1064
1664 1026
1279 820
578 221
840 896
1868 1234
536 1324
941 1341
877 286
1174 914
19 1769
1725 600
876 1125
397 910
530 1054
661 1858
1243 172
1905 1729
842 1018
1686 1122
1987 1397
1431 494
783 1921
271 207
615 1191
572 973
513 206
915 1197
1423 1112
242 85
514 651
1522 639
1469 233
1413 1105
1073 278
1635 1618
12 191
1681 1723
1885 17
1427 39
1114 1111
1059 342
1629 296
959 1578
1984 1440
1501 1947
1058 404
489 1831
1851 1350
131 1812
340 1905
1658 1526
47 1299
682 1116
43 944
831 790
1682 1243
389 980
919 843
616 615
673 904
1674 1985
1953 1919
1356 1888
957 1094
415 268
722 1549
1820 798
45 575
179 1257
1920 464
1220 757
62 1758
686 1144
1021 50
1324 1872
222 493
1040 1296
1840 622
1340 740
1532 935
457 16
448 1961
1699 1696
1651 861
835 1639
1623 964
1263 426
759 1685
847 807
663 352
136 998
1930 1443
1365 252
1335 503
1038 1314
303 1911
1569 1017
1862 1964
1587 981
1132 1602
790 1815
761 847
1333 752
1072 867
7 747
517 610
1278 979
473 1737
1770 19
600 1673
188 439
1731 281
671 90
1363 1514
1070 139
1830 208
53 115
320 1726
630 1148
1715 1452
1339 1300
1825 184
105 545
9 628
1773 940
388 1738
548 1712
618 1709
1924 694
328 1416
943 78
1754 1913
311 1220
1353 210
1305 1113
25 1878
964 539
119 109
917 1981
1586 1131
32 451
1771 968
1264 928
1010 773
1262 423
487 1496
184 716
706 1103
1056 91
642 1388
1843 1819
2000 74
522 1992
1652 588
377 1927
437 1884
1141 1322
1872 1841
1031 1701
1308 546
1355 309
1471 888
380 1866
931 953
1252 429
1653 1092
582 1373
1458 1298
360 1292
1411 308
1404 882
555 750
1736 251
1606 1343
272 1574
712 246
1594 1221
442 1242
37 1555
1529 1479
589 1519
780 258
294 1009
1819 848
1350 1433
1257 1117
1650 1828
192 1750
829 858
1236 1963
1733 669
1228 873
2 1856
1432 697
77 1451
689 1826
1439 1095
857 323
1277 1153
103 1404
895 368
1775 1922
1730 1424
402 222
1259 1853
263 1630
1937 754
87 1537
1572 1450
932 1093
665 1509
1642 955
1383 1760
845 186
505 524
1461 675
1766 419
1933 1604
246 1065
694 347
304 715
1917 1277
681 1893
234 949
112 1074
1536 845
1175 424
1186 1581
1371 1659
1449 1982
571 842
796 1577
351 311
1477 1429
1191 919
1185 1677
1702 1714
143 390
1242 365
1124 1912
497 587
1121 1847
1078 275
900 708
1626 1941
348 619
150 391
644 53
186 1761
1925 1747
660 960
1982 1686
1089 1279
676 679
551 35
1753 1085
1096 1315
1429 477
564 234
1817 97
1683 487
1376 963
546 241
862 1937
486 327
1108 930
1946 1480
929 761
1460 1842
1280 691
1846 190
1307 966
49 1553
656 881
1390 1892
958 537
90 335
1441 1965
1601 430
1292 1882
1129 1468
1223 1891
968 1511
1926 1789
1329 226
753 1521
635 218
1669 1599
1465 1248
984 456
684 245
171 1859
414 816
151 1253
1166 860
1528 809
614 997
1787 492
1713 273
951 1613
1317 1793
543 136
478 571
1756 1199
1493 89
82 1260
949 1615
1265 435
1451 855
1852 1672
700 519
839 849
252 1160
1165 1513
284 438
1234 318
405 1401
1744 416
995 192
395 76
1913 972
1589 1201
1483 1862
1434 266
495 581
925 1624
692 890
1595 1821
239 961
510 122
1512 686
1721 1606
576 1396
1489 1807
1190 569
765 182
33 1091
1518 214
754 196
1057 127
1369 1653
134 118
418 992
1120 648
409 1861
1144 1435
208 1251
1792 822
981 334
333 1749
1993 225
125 1259
788 1340
1841 507
1274 1931
1602 714
38 593
476 683
1640 1716
342 835
462 1870
633 1814
1405 217
1617 349
867 1654
1083 1193
138 864
117 616
298 302
590 1597
375 1809
1291 95
579 387
1118 1120
1880 906
1560 735
240 421
65 1372
599 432
1782 1689
649 1378
532 58
429 1119
777 166
441 499
848 1557
1584 1776
367 1533
1850 506
297 1647
1170 1413
758 802
1099 1083
1568 684
488 1746
1886 129
1147 1031
837 1374
1822 306
142 1377
1140 863
1579 1966
450 1910
868 614
1631 1503
1832 8
1039 448
336 922
509 314
1311 153
945 1994
741 1104
863 638
507 1338
735 1534
296 259
838 1437
1729 1676
1301 583
1860 381
771 96
1466 1727
936 123
866 1309
1728 1222
1786 1753
921 1802
1500 1977
1997 1425
447 1854
318 1781
177 1061
977 1679
567 1658
906 175
484 144
1952 130
295 1454
1842 1353
343 1830
34 45
647 659
1052 1720
887 1229
1628 1106
1566 775
802 121
1888 950
1986 870
595 238
190 146
1422 431
987 748
1060 1627
417 1276
1198 1693
285 655
772 1041
1075 1038
1718 549
1883 1216
1053 984
1667 1837
1643 1382
302 1432
1315 1614
1908 380
382 897
458 224
202 203
58 1512
524 1531
851 1649
1565 1010
1662 620
1892 18
1739 382
1573 1261
1618 1969
1298 227
1101 465
180 527
1172 1019
1734 1713
257 700
1062 1745
922 1984
386 399
894 1081
821 1506
1902 1080
591 913
918 710
183 467
938 1600
1627 558
1143 1572
101 167
793 1098
557 1108
326 1824
116 1940
709 1368
1945 350
1781 589
469 1979
1608 724
153 255
1616 1394
1962 1564
1748 1739
1098 1556
470 1646
35 1436
1992 725
824 1601
1418 824
1724 656
1889 766
723 1816
1421 229
392 37
104 77
1088 1946
1677 142
717 606
1858 242
220 1005
339 1975
627 1901
585 969
1004 450
1855 1121
493 789
1208 1269
1516 171
198 86
533 529
1151 1289
420 1266
1593 1270
1464 1768
1473 982
621 1271
312 933
1095 289
769 612
305 1684
335 1903
1907 1316
1590 999
1761 812
1958 1077
982 885
1467 1347
1810 1283
1515 1326
1741 13
1494 699
1719 739
156 948
651 178
291 1835
152 732
1543 987
1116 729
1538 25
39 1075
200 1198
634 366
1036 1589
1122 5
881 1455
274 34
612 417
468 1799
853 1565
27 1800
1807 1192
827 613
1395 1699
1415 650
1157 1707
1094 1682
950 374
331 280
94 79
1509 457
742 1145
1322 10
1928 779
1755 1580
1342 237
1000 1567
1803 633
95 538
1577 1034
597 1616
1670 1651
170 1244
675 901
23 857
1091 1387
1105 274
1388 741
436 1449
1213 1252
1097 1020
683 631
259 1875
1994 1664
1636 1818
235 1152
745 1052
127 1212
1071 670
1209 751
1906 470
432 21
768 1536
1897 784
196 336
1104 1948
1815 319
321 657
920 1050
399 1619
1009 1258
998 534
1821 455
631 70
1428 403
1086 154
1300 1405
459 100
93 204
346 1811
804 1976
1978 542
549 1886
1921 1107
1835 1249
1836 837
1932 1168
1013 1997
1306 1442
1856 1540
737 975
523 1395
1542 712
813 346
1591 155
849 850
465 572
16 321
1570 1996
431 1771
167 362
1901 163
1876 1149
1007 562
721 1024
1106 601
1774 1850
54 443
993 1128
1318 1389
387 341
1044 1751
195 1721
966 1130
42 1970
1929 63
638 88
1859 72
856 1254
755 1971
230 884
1559 903
1675 1235
809 460
819 504
1463 488
1696 1869
622 1421
1737 1142
500 830
1738 1178
1488 1354
652 1013
480 510
650 596
411 1002
1844 1829
63 64
1245 646
1545 989
1789 484
547 530
991 711
1281 1620
888 116
815 535
1607 1741
1225 295
573 38
1022 1302
357 996
1382 604
1791 1973
1743 480
422 1204
162 1881
13 299
521 1890
1321 1170
132 428
452 1868
28 407
454 440
1695 556
1745 1628
1275 1539
1314 1071
36 46
261 1182
1525 112
1454 642
913 1529
1809 383
185 1472
884 1033
163 1364
173 348
654 742
1655 1265
1983 872
518 117
1008 1072
44 834
108 1551
344 1164
128 758
22 149
1563 565
1410 1379
953 1562
596 1157
1520 1669
934 1219
1585 887
446 1028
940 1058
1319 602
181 1136
988 1774
1373 1393
705 1030
1971 763
1457 418
1726 1278
997 1211
727 1665
512 138
778 1631
986 1369
583 1538
501 877
1193 71
1006 453
775 1550
370 1223
975 474
605 1008
1806 396
1332 412
1684 1607
56 946
1767 147
1130 1305
123 889
679 1571
1784 1742
1331 1834
785 27
287 923
1462 1328
602 1345
1430 746
903 841
31 410
423 1958
1448 113
878 627
629 7
836 1029
403 721
1076 1692
86 68
1936 851
425 1282
306 1329
1979 1504
1079 796
806 1728
5 594
592 1787
1156 87
800 1089
955 249
818 1586
1496 1839
1505 1566
1554 476
1202 1959
1826 636
89 1408
1480 1914
872 585
974 1032
1256 1267
1341 160
537 1236
1271 1357
1597 1944
1758 927
1768 1770
801 1293
1665 531
1556 82
678 652
890 1286
1490 1588
569 1280
738 1307
1521 220
1456 717
844 1827
174 771
1360 1339
71 134
1732 1923
1188 1670
1032 1523
1326 1485
1309 1657
275 169
341 611
280 1411
670 1871
1320 1757
1392 898
430 1146
1546 883
860 667
1539 312
88 1490
766 248
1544 1561
1558 140
1676 846
1230 1133
247 661
724 285
1203 1663
528 1166
1248 485
865 1241
1613 420
76 577
506 427
702 1852
1362 1594
147 22
1111 813
226 1073
1136 1461
1530 1744
731 1118
1604 844
461 649
251 468
1874 1321
561 640
1325 1584
1051 1942
1196 1086
1571 1441
1692 355
211 1674
1381 1337
830 1476
1956 1331
646 1469
1927 406
740 216
419 446
1985 1342
59 772
1238 1366
1385 993
40 1255
1703 1857
1155 1569
1705 1155
1066 2
550 496
1293 42
1491 197
91 1333
1564 187
609 1719
545 1501
655 287
850 1783
1700 1079
1764 1634
499 1957
256 945
1716 838
338 265
279 1908
826 132
828 1037
1014 490
115 479
1910 236
1205 1762
1112 1936
1878 1423
1416 804
258 952
1574 1190
1037 548
1042 528
273 1855
967 1867
1189 1027
1752 1722
820 1974
1814 1736
1895 580
1229 486
165 1593
1610 1836
1757 1179
300 73
843 1929
1882 1000
539 626
1547 1730
558 1295
566 829
1167 1268
1588 1141
1765 1754
1150 1933
1380 1214
1064 67
376 1590
1352 1021
463 1978
687 637
1409 1678
205 1477
994 1059
1966 156
1084 687
577 1983
498 288
690 1889
1206 261
401 1823
937 1415
756 1960
1442 909
124 1805
905 827
1425 52
606 1666
139 1012
439 1482
154 1851
1551 818
897 1488
218 803
14 853
1034 267
603 1167
620 489
368 240
1769 762
1446 1407
1592 1297
410 734
942 1595
1497 1100
992 30
552 256
1798 372
1303 1360
1288 1792
1253 624
492 264
1881 983
145 2000
74 1272
659 666
534 1087
1552 931
1402 60
795 780
460 332
527 1582
970 1675
1330 291
587 108
1870 1687
1575 785
1981 1231
1999 662
1024 1756
1417 511
1215 1040
924 1470
1455 1076
1396 929
245 1548
270 584
269 680
268 148
1818 223
999 1710
875 1186
1697 305
1960 1383
135 1640
896 1209
1492 1680
315 978
1968 320
1184 1697
1302 12
1555 836
301 1507
1436 719
1959 193
990 1980
1081 263
704 1375
1138 1327
1474 635
1299 1656
355 1444
1649 895
718 1426
1603 340
1338 363
581 437
701 215
1980 970
288 839
743 1846
1018 591
1580 188
1680 831
624 916
933 1629
695 141
508 902
909 1361
1444 168
317 111
1420 219
1372 1262
1289 1493
6 1918
1794 907
526 1491
902 1813
406 11
996 434
1003 31
899 512
1135 879
1673 1895
400 103
455 376
1944 1381
1866 475
1468 1465
1161 1066
617 1796
472 235
1485 137
1495 1463
910 767
314 1743
553 330
227 1637
1776 209
100 126
1092 561
760 1530
773 1524
1336 518
767 1427
329 1767
956 859
467 99
822 1806
1621 1409
1199 1795
146 1495
471 1860
1334 28
1915 1900
1742 893
350 150
1408 564
728 560
989 384
1128 685
1453 1917
736 769
1125 674
1904 786
1115 1431
191 392
1967 92
1337 1217
1250 369
345 1247
1788 1446
1633 1798
334 819
362 1363
1295 1822
1020 277
1600 607
277 854
216 94
363 49
207 1004
394 9
1145 388
229 1165
223 516
750 764
1533 647
1965 282
1914 1418
1117 473
1646 1273
1481 284
730 778
846 632
293 1310
873 664
1941 1880
626 681
1232 1932
278 1694
1535 1483
1272 1717
1479 1725
834 1583
1054 1001
1349 743
713 1989
1152 119
319 1370
1847 658
1973 1049
481 43
1406 738
927 176
554 26
1276 152
241 1237
1624 1991
1829 56
1401 1844
140 781
366 886
1805 1313
734 1894
120 1740
219 856
643 1196
746 1972
349 801
1763 358
250 1906
41 1471
1043 1668
310 1990
1087 1711
243 1611
1759 1317
1391 1417
669 1400
776 578
221 1011
693 180
122 962
1751 83
1833 1782
1957 338
361 441
611 1391
1527 1840
1977 472
325 1232
1026 55
1657 821
1954 1392
1853 162
1541 1430
1553 1183
954 1399
407 874
657 595
1065 1003
1974 1494
1661 1227
1023 1448
930 875
1694 329
371 826
825 1916
149 728
637 1102
752 550
232 570
691 1489
96 957
623 871
1877 1177
1194 1704
61 161
574 1535
99 810
1178 713
969 1124
434 1803
685 1520
1270 908
908 544
1177 1110
798 304
632 444
267 505
502 328
1996 936
1201 1380
1639 956
914 706
1055 1457
313 1390
664 1544
214 93
97 1849
1812 672
1785 770
1176 1777
1397 759
797 1954
1747 1641
264 228
1016 1662
1666 971
814 991
1182 1610
1900 371
1348 54
404 194
308 1109
126 755
1378 459
332 1174
1909 695
26 1134
337 1573
556 967
1722 663
1550 1605
1459 1101
1366 629
1838 325
1063 125
1990 1304
1433 48
720 926
130 828
1346 1126
1828 1517
749 1949
137 6
1294 765
262 795
