1 943
943 1290
1290 379
379 69
69 943
379 975
975 943
379 602
602 943
379 1219
1219 943
379 1608
1608 943
379 1380
1380 943
379 310
310 943
379 121
121 943
379 1645
1645 943
379 1403
1403 943
379 1847
1847 943
379 674
674 943
379 515
515 943
379 331
331 943
379 688
688 943
379 74
74 943
379 854
854 943
379 1458
1458 943
379 241
241 943
379 246
246 943
379 441
441 943
379 931
931 943
379 76
76 943
379 1039
1039 943
379 1146
1146 943
379 1026
1026 943
379 1615
1615 943
379 910
910 943
379 970
970 943
379 470
470 943
379 1245
1245 943
379 1167
1167 943
379 1995
1995 943
379 1588
1588 943
379 1311
1311 943
379 1538
1538 943
379 868
868 943
379 46
46 943
379 921
921 943
379 1931
1931 943
379 1630
1630 943
379 408
408 943
379 732
732 943
379 968
968 943
379 1372
1372 943
379 1872
1872 943
379 965
965 943
379 1936
1936 943
379 280
280 943
379 449
449 943
379 686
686 943
379 1870
1870 943
379 374
374 943
379 1911
1911 943
379 500
500 943
379 1116
1116 943
379 1304
1304 943
379 1754
1754 943
379 1142
1142 943
379 1946
1946 943
379 356
356 943
379 1441
1441 943
379 995
995 943
379 728
728 943
379 1161
1161 943
379 1958
1958 943
379 987
987 943
379 875
875 943
379 882
882 943
379 270
270 943
379 237
237 943
379 1082
1082 943
379 1483
1483 943
379 1892
1892 943
379 299
299 943
379 900
900 943
379 730
730 943
379 1280
1280 943
379 594
594 943
379 902
902 943
379 1234
1234 943
379 1061
1061 943
379 747
747 943
379 1561
1561 943
379 1976
1976 943
379 1885
1885 943
379 1046
1046 943
379 1298
1298 943
379 723
723 943
379 1535
1535 943
379 744
744 943
379 1699
1699 943
379 1400
1400 943
379 126
126 943
379 526
526 943
379 729
729 943
379 238
238 943
379 1369
1369 943
379 1983
1983 943
379 1969
1969 943
379 1486
1486 943
379 120
120 943
379 611
611 943
379 1945
1945 943
379 1000
1000 943
379 738
738 943
379 1123
1123 943
379 243
243 943
379 27
27 943
379 1937
1937 943
379 660
660 943
379 1741
1741 943
379 258
258 943
379 291
291 943
379 1325
1325 943
379 1883
1883 943
379 1868
1868 943
379 1821
1821 943
379 304
304 943
379 412
412 943
379 1136
1136 943
379 53
53 943
379 906
906 943
379 1678
1678 943
379 1537
1537 943
379 1751
1751 943
379 1228
1228 943
379 1930
1930 943
379 7
7 943
379 1957
1957 943
379 1239
1239 943
379 293
293 943
379 612
612 943
379 159
159 943
379 1703
1703 943
379 364
364 943
379 67
67 943
379 1746
1746 943
379 1922
1922 943
379 1074
1074 943
379 90
90 943
379 1153
1153 943
379 1520
1520 943
379 1164
1164 943
379 256
256 943
379 759
759 943
379 401
401 943
379 861
861 943
379 181
181 943
379 765
765 943
379 1255
1255 943
379 1575
1575 943
379 301
301 943
379 1664
1664 943
379 1663
1663 943
379 1149
1149 943
379 613
613 943
379 679
679 943
379 945
945 943
379 1257
1257 943
379 340
340 943
379 360
360 943
379 1016
1016 943
379 1322
1322 943
379 1749
1749 943
379 451
451 943
379 1449
1449 943
379 279
279 943
379 1825
1825 943
379 1785
1785 943
379 620
620 943
379 252
252 943
379 942
942 943
379 1170
1170 943
379 1375
1375 943
379 964
964 943
379 313
313 943
379 348
348 943
379 652
652 943
379 230
230 943
379 1636
1636 943
379 1712
1712 943
379 1224
1224 943
379 842
842 943
379 866
866 943
379 1095
1095 943
379 205
205 943
379 704
704 943
379 527
527 943
379 1900
1900 943
379 1951
1951 943
379 1627
1627 943
379 548
548 943
379 1273
1273 943
379 1027
1027 943
379 387
387 943
379 1928
1928 943
379 1054
1054 943
379 104
104 943
379 581
581 943
379 1708
1708 943
379 1727
1727 943
379 1993
1993 943
379 839
839 943
379 1416
1416 943
379 814
814 943
379 1532
1532 943
379 136
136 943
379 870
870 943
379 899
899 943
379 1492
1492 943
379 272
272 943
379 1144
1144 943
379 1345
1345 943
379 1333
1333 943
379 156
156 943
379 574
574 943
379 81
81 943
379 549
549 943
379 170
170 943
379 1212
1212 943
379 1415
1415 943
379 1265
1265 943
379 1023
1023 943
379 683
683 943
379 1777
1777 943
379 1343
1343 943
379 1249
1249 943
379 1844
1844 943
379 1388
1388 943
379 633
633 943
379 438
438 943
379 1315
1315 943
379 1577
1577 943
379 1574
1574 943
379 1216
1216 943
379 395
395 943
379 257
257 943
379 1519
1519 943
379 1516
1516 943
379 733
733 943
379 1726
1726 943
379 1423
1423 943
379 1701
1701 943
379 333
333 943
379 880
880 943
379 1960
1960 943
379 904
904 943
379 1683
1683 943
379 764
764 943
379 907
907 943
379 838
838 943
379 1178
1178 943
379 1871
1871 943
379 1513
1513 943
379 1869
1869 943
379 1158
1158 943
379 1684
1684 943
379 1737
1737 943
379 211
211 943
379 380
380 943
379 1323
1323 943
379 1468
1468 943
379 1894
1894 943
379 479
479 943
379 210
210 943
379 572
572 943
379 626
626 943
379 189
189 943
379 517
517 943
379 830
830 943
379 1572
1572 943
379 1
379 1722
1722 943
379 1543
1543 943
379 56
56 943
379 1254
1254 943
379 453
453 943
379 1827
1827 943
379 1190
1190 943
379 1129
1129 943
379 1801
1801 943
379 1693
1693 943
379 1662
1662 943
379 1067
1067 943
379 1966
1966 943
379 66
66 943
379 463
463 943
379 711
711 943
379 1979
1979 943
379 471
471 943
379 110
110 943
379 796
796 943
379 1078
1078 943
379 1873
1873 943
379 1816
1816 943
379 135
135 943
379 694
694 943
379 342
342 943
379 1879
1879 943
379 1418
1418 943
379 1643
1643 943
379 1269
1269 943
379 993
993 943
379 829
829 943
379 1884
1884 943
379 1864
1864 943
379 226
226 943
379 229
229 943
379 273
273 943
379 386
386 943
379 791
791 943
379 418
418 943
379 88
88 943
379 1438
1438 943
379 871
871 943
379 1248
1248 943
379 1757
1757 943
379 1166
1166 943
379 1346
1346 943
379 1800
1800 943
379 1570
1570 943
379 719
719 943
379 1075
1075 943
379 693
693 943
379 909
909 943
379 390
390 943
379 335
335 943
379 277
277 943
379 71
71 943
379 349
349 943
379 1258
1258 943
379 618
618 943
379 275
275 943
379 1745
1745 943
379 538
538 943
379 128
128 943
379 372
372 943
379 798
798 943
379 1766
1766 943
379 466
466 943
379 595
595 943
379 1512
1512 943
379 346
346 943
379 5
5 943
379 779
779 943
379 1124
1124 943
379 440
440 943
379 1798
1798 943
379 1999
1999 943
379 614
614 943
379 958
958 943
379 26
26 943
379 1909
1909 943
379 571
571 943
379 1052
1052 943
379 1628
1628 943
379 1833
1833 943
379 1408
1408 943
379 1470
1470 943
379 425
425 943
379 1614
1614 943
379 948
948 943
379 1948
1948 943
379 203
203 943
379 716
716 943
379 751
751 943
379 89
89 943
379 381
381 943
379 62
62 943
379 39
39 943
379 1073
1073 943
379 186
186 943
379 1168
1168 943
379 1425
1425 943
379 1713
1713 943
379 130
130 943
379 1964
1964 943
379 1284
1284 943
379 586
586 943
379 897
897 943
379 1530
1530 943
379 368
368 943
379 1331
1331 943
379 1291
1291 943
379 1363
1363 943
379 1748
1748 943
379 321
321 943
379 1796
1796 943
379 116
116 943
379 1424
1424 943
379 1549
1549 943
379 1843
1843 943
379 776
776 943
379 97
97 943
379 399
399 943
379 938
938 943
379 746
746 943
379 218
218 943
379 1836
1836 943
379 1829
1829 943
379 391
391 943
379 1585
1585 943
379 1750
1750 943
379 1742
1742 943
379 1477
1477 943
379 164
164 943
379 1371
1371 943
379 1300
1300 943
379 1399
1399 943
379 1310
1310 943
379 154
154 943
379 6
6 943
379 1412
1412 943
379 224
224 943
379 961
961 943
379 191
191 943
379 417
417 943
379 1830
1830 943
379 1639
1639 943
379 1709
1709 943
379 1293
1293 943
379 1604
1604 943
379 106
106 943
379 1356
1356 943
379 212
212 943
379 1359
1359 943
379 767
767 943
379 1350
1350 943
379 208
208 943
379 518
518 943
379 149
149 943
379 1965
1965 943
379 1846
1846 943
379 1211
1211 943
379 508
508 943
379 828
828 943
379 1861
1861 943
379 896
896 943
379 1453
1453 943
379 123
123 943
379 1413
1413 943
379 782
782 943
379 638
638 943
379 512
512 943
379 1834
1834 943
379 1384
1384 943
379 1882
1882 943
379 1940
1940 943
379 369
369 943
379 1045
1045 943
379 1334
1334 943
379 956
956 943
379 1326
1326 943
379 903
903 943
379 1101
1101 943
379 1084
1084 943
379 1967
1967 943
379 171
171 943
379 231
231 943
379 1659
1659 943
379 1536
1536 943
379 770
770 943
379 996
996 943
379 1267
1267 943
379 1457
1457 943
379 450
450 943
379 1648
1648 943
379 87
87 943
379 1528
1528 943
379 239
239 943
379 783
783 943
379 14
14 943
379 912
912 943
379 392
392 943
379 499
499 943
379 1487
1487 943
379 115
115 943
379 731
731 943
379 1674
1674 943
379 9
9 943
379 540
540 943
379 1174
1174 943
379 1081
1081 943
379 175
175 943
379 567
567 943
379 373
373 943
379 214
214 943
379 140
140 943
379 1021
1021 943
379 668
668 943
379 152
152 943
379 1301
1301 943
379 837
837 943
379 1521
1521 943
379 799
799 943
379 963
963 943
379 1619
1619 943
379 701
701 943
379 108
108 943
379 99
99 943
379 978
978 943
379 1669
1669 943
379 10
10 943
379 443
443 943
379 944
944 943
379 774
774 943
379 1099
1099 943
379 456
456 943
379 901
901 943
379 808
808 943
379 31
31 943
379 1606
1606 943
379 1440
1440 943
379 780
780 943
379 1503
1503 943
379 389
389 943
379 720
720 943
379 1341
1341 943
379 1472
1472 943
379 1474
1474 943
379 976
976 943
379 1842
1842 943
379 1724
1724 943
379 1600
1600 943
379 568
568 943
379 1783
1783 943
379 1318
1318 943
379 1287
1287 943
379 1876
1876 943
379 1274
1274 943
379 431
431 943
379 217
217 943
379 1686
1686 943
379 1952
1952 943
379 1314
1314 943
379 930
930 943
379 1289
1289 943
379 706
706 943
379 1089
1089 943
379 1432
1432 943
379 47
47 943
379 1624
1624 943
379 617
617 943
379 406
406 943
379 1436
1436 943
379 160
160 943
379 452
452 943
379 448
448 943
379 1244
1244 943
379 1526
1526 943
379 61
61 943
379 1009
1009 943
379 587
587 943
379 1398
1398 943
379 314
314 943
379 1050
1050 943
379 1625
1625 943
379 785
785 943
379 329
329 943
379 416
416 943
379 1071
1071 943
379 268
268 943
379 1563
1563 943
379 261
261 943
379 341
341 943
379 1092
1092 943
379 1556
1556 943
379 607
607 943
379 41
41 943
379 1698
1698 943
379 1760
1760 943
379 162
162 943
379 1320
1320 943
379 1720
1720 943
379 1755
1755 943
379 851
851 943
379 1103
1103 943
379 1902
1902 943
379 841
841 943
379 1329
1329 943
379 1717
1717 943
379 1548
1548 943
379 482
482 943
379 561
561 943
379 857
857 943
379 1534
1534 943
379 1509
1509 943
379 1929
1929 943
379 1666
1666 943
379 644
644 943
379 1789
1789 943
379 177
177 943
379 276
276 943
379 932
932 943
379 1735
1735 943
379 19
19 943
379 78
78 943
379 496
496 943
379 1070
1070 943
379 1373
1373 943
379 1546
1546 943
379 1778
1778 943
379 1339
1339 943
379 491
491 943
379 1888
1888 943
379 967
967 943
379 473
473 943
379 1715
1715 943
379 885
885 943
379 985
985 943
379 48
48 943
379 823
823 943
379 91
91 943
379 1180
1180 943
379 1725
1725 943
379 29
29 943
379 200
200 943
379 1402
1402 943
379 300
300 943
379 434
434 943
379 1923
1923 943
379 1079
1079 943
379 505
505 943
379 1090
1090 943
379 1368
1368 943
379 194
194 943
379 650
650 943
379 1362
1362 943
379 972
972 943
379 816
816 943
379 1807
1807 943
379 1068
1068 943
379 285
285 943
379 312
312 943
379 1560
1560 943
379 298
298 943
379 1792
1792 943
379 1605
1605 943
379 1646
1646 943
379 1179
1179 943
379 263
263 943
379 1752
1752 943
379 1253
1253 943
379 1278
1278 943
379 1169
1169 943
379 1217
1217 943
379 1635
1635 943
379 1997
1997 943
379 1105
1105 943
379 113
113 943
379 1059
1059 943
379 1602
1602 943
379 1984
1984 943
379 414
414 943
379 1932
1932 943
379 1446
1446 943
379 1573
1573 943
379 1680
1680 943
379 941
941 943
379 641
641 943
379 1907
1907 943
379 1514
1514 943
379 763
763 943
379 750
750 943
379 1899
1899 943
379 1404
1404 943
379 1422
1422 943
379 37
37 943
379 1970
1970 943
379 1921
1921 943
379 951
951 943
379 1593
1593 943
379 953
953 943
379 1094
1094 943
379 533
533 943
379 318
318 943
379 168
168 943
379 1138
1138 943
379 727
727 943
379 190
190 943
379 884
884 943
379 193
193 943
379 1916
1916 943
379 1502
1502 943
379 274
274 943
379 1629
1629 943
379 703
703 943
379 1763
1763 943
379 1162
1162 943
379 1411
1411 943
379 926
926 943
379 893
893 943
379 632
632 943
379 1744
1744 943
379 815
815 943
379 1459
1459 943
379 351
351 943
379 1716
1716 943
379 911
911 943
379 64
64 943
379 714
714 943
379 376
376 943
379 1651
1651 943
379 503
503 943
379 675
675 943
379 235
235 943
379 1454
1454 943
379 1762
1762 943
379 1920
1920 943
379 1011
1011 943
379 459
459 943
379 600
600 943
379 865
865 943
379 946
946 943
379 1128
1128 943
379 990
990 943
379 1925
1925 943
379 1812
1812 943
379 661
661 943
379 101
101 943
379 1246
1246 943
379 1850
1850 943
379 1361
1361 943
379 383
383 943
379 1076
1076 943
379 553
553 943
379 672
672 943
379 1682
1682 943
379 1527
1527 943
379 1547
1547 943
379 1376
1376 943
379 94
94 943
379 1797
1797 943
379 1828
1828 943
379 1110
1110 943
379 1950
1950 943
379 1336
1336 943
379 204
204 943
379 667
667 943
379 1849
1849 943
379 827
827 943
379 807
807 943
379 1559
1559 943
379 180
180 943
379 1542
1542 943
379 873
873 943
379 1055
1055 943
379 1431
1431 943
379 1327
1327 943
379 236
236 943
379 185
185 943
379 1461
1461 943
379 1823
1823 943
379 1747
1747 943
379 843
843 943
379 562
562 943
379 734
734 943
379 1462
1462 943
379 915
915 943
379 1121
1121 943
379 507
507 943
379 1354
1354 943
379 1295
1295 943
379 269
269 943
379 1522
1522 943
379 1125
1125 943
379 1672
1672 943
379 1060
1060 943
379 552
552 943
379 989
989 943
379 634
634 943
379 49
49 943
379 188
188 943
379 1691
1691 943
379 1566
1566 943
379 619
619 943
379 63
63 943
379 802
802 943
379 1776
1776 943
379 1062
1062 943
379 1006
1006 943
379 1154
1154 943
379 178
178 943
379 1342
1342 943
379 939
939 943
379 892
892 943
379 689
689 943
379 629
629 943
379 1235
1235 943
379 16
16 943
379 852
852 943
379 233
233 943
379 1433
1433 943
379 949
949 943
379 710
710 943
379 954
954 943
379 1374
1374 943
379 1934
1934 943
379 107
107 943
379 278
278 943
379 1540
1540 943
379 735
735 943
379 1279
1279 943
379 167
167 943
379 603
603 943
379 1199
1199 943
379 13
13 943
379 1974
1974 943
379 1227
1227 943
379 577
577 943
379 1317
1317 943
379 637
637 943
379 1308
1308 943
379 1571
1571 943
379 1214
1214 943
379 68
68 943
379 1878
1878 943
379 604
604 943
379 1024
1024 943
379 1352
1352 943
379 1985
1985 943
379 1414
1414 943
379 338
338 943
379 556
556 943
379 1652
1652 943
379 1584
1584 943
379 859
859 943
379 585
585 943
379 592
592 943
379 1856
1856 943
379 739
739 943
379 753
753 943
379 1764
1764 943
379 771
771 943
379 202
202 943
379 1841
1841 943
379 490
490 943
379 551
551 943
379 1335
1335 943
379 1196
1196 943
379 1484
1484 943
379 334
334 943
379 1939
1939 943
379 1954
1954 943
379 2
2 943
379 1394
1394 943
379 1250
1250 943
379 1140
1140 943
379 428
428 943
379 1626
1626 943
379 432
432 943
379 1395
1395 943
379 1719
1719 943
379 599
599 943
379 1493
1493 943
379 760
760 943
379 1917
1917 943
379 1118
1118 943
379 1383
1383 943
379 919
919 943
379 1030
1030 943
379 1981
1981 943
379 93
93 943
379 173
173 943
379 1859
1859 943
379 646
646 943
379 1292
1292 943
379 563
563 943
379 143
143 943
379 874
874 943
379 596
596 943
379 85
85 943
379 1302
1302 943
379 242
242 943
379 1489
1489 943
379 426
426 943
379 1197
1197 943
379 1053
1053 943
379 1163
1163 943
379 584
584 943
379 881
881 943
379 1057
1057 943
379 1554
1554 943
379 766
766 943
379 691
691 943
379 1469
1469 943
379 722
722 943
379 1324
1324 943
379 458
458 943
379 1924
1924 943
379 1005
1005 943
379 1773
1773 943
379 1903
1903 943
379 322
322 943
379 1893
1893 943
379 761
761 943
379 1854
1854 943
379 952
952 943
379 96
96 943
379 1665
1665 943
379 1192
1192 943
379 72
72 943
379 1506
1506 943
379 1565
1565 943
379 1728
1728 943
379 163
163 943
379 583
583 943
379 559
559 943
379 737
737 943
379 35
35 943
379 1401
1401 943
379 539
539 943
379 678
678 943
379 1049
1049 943
379 1495
1495 943
379 1657
1657 943
379 1500
1500 943
379 908
908 943
379 1676
1676 943
379 1297
1297 943
379 1655
1655 943
379 610
610 943
379 1132
1132 943
379 636
636 943
379 1032
1032 943
379 1779
1779 943
379 994
994 943
379 762
762 943
379 519
519 943
379 187
187 943
379 1150
1150 943
379 578
578 943
379 1711
1711 943
379 1482
1482 943
379 1243
1243 943
379 1137
1137 943
379 1321
1321 943
379 460
460 943
379 1638
1638 943
379 550
550 943
379 1152
1152 943
379 483
483 943
379 197
197 943
379 590
590 943
379 705
705 943
379 522
522 943
379 38
38 943
379 654
654 943
379 157
157 943
379 478
478 943
379 1558
1558 943
379 1108
1108 943
379 1891
1891 943
379 736
736 943
379 1370
1370 943
379 935
935 943
379 305
305 943
379 264
264 943
379 754
754 943
379 1002
1002 943
379 889
889 943
379 1051
1051 943
379 645
645 943
379 1264
1264 943
379 648
648 943
379 227
227 943
379 1093
1093 943
379 601
601 943
379 225
225 943
379 1220
1220 943
379 336
336 943
379 502
502 943
379 1102
1102 943
379 34
34 943
379 1202
1202 943
379 1109
1109 943
379 1309
1309 943
379 1080
1080 943
379 748
748 943
379 1768
1768 943
379 411
411 943
379 1505
1505 943
379 1822
1822 943
379 1696
1696 943
379 1444
1444 943
379 536
536 943
379 589
589 943
379 933
933 943
379 1296
1296 943
379 997
997 943
379 1221
1221 943
379 133
133 943
379 803
803 943
379 800
800 943
379 640
640 943
379 1633
1633 943
379 262
262 943
379 1230
1230 943
379 44
44 943
379 576
576 943
379 1590
1590 943
379 92
92 943
379 702
702 943
379 1184
1184 943
379 1157
1157 943
379 1765
1765 943
379 103
103 943
379 1025
1025 943
379 433
433 943
379 1887
1887 943
379 1240
1240 943
379 1405
1405 943
379 1478
1478 943
379 50
50 943
379 1229
1229 943
379 1471
1471 943
379 118
118 943
379 628
628 943
379 1706
1706 943
379 927
927 943
379 209
209 943
379 707
707 943
379 662
662 943
379 125
125 943
379 439
439 943
379 184
184 943
379 481
481 943
379 1601
1601 943
379 1044
1044 943
379 1063
1063 943
379 1637
1637 943
379 1515
1515 943
379 810
810 943
379 51
51 943
379 1667
1667 943
379 347
347 943
379 1015
1015 943
379 778
778 943
379 1443
1443 943
379 566
566 943
379 695
695 943
379 415
415 943
379 664
664 943
379 95
95 943
379 1223
1223 943
379 1040
1040 943
379 464
464 943
379 1330
1330 943
379 535
535 943
379 1200
1200 943
379 1552
1552 943
379 625
625 943
379 1587
1587 943
379 311
311 943
379 1805
1805 943
379 557
557 943
379 805
805 943
379 1262
1262 943
379 1569
1569 943
379 1207
1207 943
379 457
457 943
379 455
455 943
379 1523
1523 943
379 844
844 943
379 1734
1734 943
379 1445
1445 943
379 487
487 943
379 887
887 943
379 1611
1611 943
379 1256
1256 943
379 1852
1852 943
379 57
57 943
379 669
669 943
379 4
4 943
379 1578
1578 943
379 176
176 943
379 60
60 943
379 20
20 943
379 804
804 943
379 1085
1085 943
379 1160
1160 943
379 359
359 943
379 1391
1391 943
379 1260
1260 943
379 1790
1790 943
379 1232
1232 943
379 700
700 943
379 530
530 943
379 1072
1072 943
379 920
920 943
379 1364
1364 943
379 281
281 943
379 1113
1113 943
379 1010
1010 943
379 928
928 943
379 793
793 943
379 606
606 943
379 1479
1479 943
379 308
308 943
379 809
809 943
379 787
787 943
379 757
757 943
379 1692
1692 943
379 319
319 943
379 437
437 943
379 1193
1193 943
379 1568
1568 943
379 1107
1107 943
379 687
687 943
379 1912
1912 943
379 1620
1620 943
379 495
495 943
379 929
929 943
379 1294
1294 943
379 659
659 943
379 698
698 943
379 1886
1886 943
379 1448
1448 943
379 240
240 943
379 144
144 943
379 1949
1949 943
379 179
179 943
379 622
622 943
379 326
326 943
379 1613
1613 943
379 525
525 943
379 1551
1551 943
379 1429
1429 943
379 206
206 943
379 962
962 943
379 1377
1377 943
379 923
923 943
379 430
430 943
379 1241
1241 943
379 138
138 943
379 1736
1736 943
379 790
790 943
379 1206
1206 943
379 419
419 943
379 1155
1155 943
379 1225
1225 943
379 663
663 943
379 147
147 943
379 488
488 943
379 1452
1452 943
379 153
153 943
379 260
260 943
379 980
980 943
379 1603
1603 943
379 1338
1338 943
379 1086
1086 943
379 1910
1910 943
379 521
521 943
379 1281
1281 943
379 1700
1700 943
379 1641
1641 943
379 1035
1035 943
379 916
916 943
379 1028
1028 943
379 30
30 943
379 1285
1285 943
379 781
781 943
379 598
598 943
379 582
582 943
379 1019
1019 943
379 1723
1723 943
379 429
429 943
379 1647
1647 943
379 913
913 943
379 1705
1705 943
379 755
755 943
379 1466
1466 943
379 1420
1420 943
379 1694
1694 943
379 1226
1226 943
379 1131
1131 943
379 812
812 943
379 813
813 943
379 25
25 943
379 621
621 943
379 726
726 943
379 251
251 943
379 537
537 943
379 1988
1988 943
379 1718
1718 943
379 509
509 943
379 1877
1877 943
379 1442
1442 943
379 1036
1036 943
379 647
647 943
379 424
424 943
379 991
991 943
379 794
794 943
379 819
819 943
379 1802
1802 943
379 1056
1056 943
379 1367
1367 943
379 1943
1943 943
379 17
17 943
379 1237
1237 943
379 835
835 943
379 1839
1839 943
379 501
501 943
379 1498
1498 943
379 134
134 943
379 1427
1427 943
379 651
651 943
379 1406
1406 943
379 524
524 943
379 1029
1029 943
379 55
55 943
379 1145
1145 943
379 943
379 822
822 943
379 1697
1697 943
379 676
676 943
379 671
671 943
379 1236
1236 943
379 1865
1865 943
379 1087
1087 943
379 402
402 943
379 886
886 943
379 1033
1033 943
379 1545
1545 943
379 1106
1106 943
379 1344
1344 943
379 1926
1926 943
379 352
352 943
379 745
745 943
379 981
981 943
379 445
445 943
379 132
132 943
379 1204
1204 943
379 294
294 943
379 1481
1481 943
379 1880
1880 943
379 119
119 943
379 850
850 943
379 1271
1271 943
379 320
320 943
379 591
591 943
379 1857
1857 943
379 32
32 943
379 1208
1208 943
379 1961
1961 943
379 1042
1042 943
379 259
259 943
379 86
86 943
379 494
494 943
379 21
21 943
379 894
894 943
379 18
18 943
379 593
593 943
379 1612
1612 943
379 219
219 943
379 54
54 943
379 400
400 943
379 1319
1319 943
379 565
565 943
379 1305
1305 943
379 1187
1187 943
379 1989
1989 943
379 1695
1695 943
379 289
289 943
379 1795
1795 943
379 1595
1595 943
379 1058
1058 943
379 605
605 943
379 42
42 943
379 1268
1268 943
379 1340
1340 943
379 1656
1656 943
379 1355
1355 943
379 302
302 943
379 131
131 943
379 1098
1098 943
379 58
58 943
379 1866
1866 943
379 1047
1047 943
379 608
608 943
379 1990
1990 943
379 957
957 943
379 357
357 943
379 1583
1583 943
379 685
685 943
379 476
476 943
379 22
22 943
379 1299
1299 943
379 398
398 943
379 385
385 943
379 1973
1973 943
379 59
59 943
379 1553
1553 943
379 1013
1013 943
379 337
337 943
379 297
297 943
379 1791
1791 943
379 523
523 943
379 442
442 943
379 1690
1690 943
379 1083
1083 943
379 1480
1480 943
379 863
863 943
379 1115
1115 943
379 1975
1975 943
379 858
858 943
379 1347
1347 943
379 974
974 943
379 883
883 943
379 306
306 943
379 1564
1564 943
379 1332
1332 943
379 1987
1987 943
379 332
332 943
379 677
677 943
379 1702
1702 943
379 1037
1037 943
379 1173
1173 943
379 1668
1668 943
379 1397
1397 943
379 624
624 943
379 1018
1018 943
379 1661
1661 943
379 1316
1316 943
379 1203
1203 943
379 713
713 943
379 1126
1126 943
379 137
137 943
379 511
511 943
379 740
740 943
379 924
924 943
379 467
467 943
379 1048
1048 943
379 1218
1218 943
379 1417
1417 943
379 895
895 943
379 73
73 943
379 864
864 943
379 1135
1135 943
379 547
547 943
379 1357
1357 943
379 1497
1497 943
379 1855
1855 943
379 215
215 943
379 788
788 943
379 255
255 943
379 806
806 943
379 1874
1874 943
379 853
853 943
379 1793
1793 943
379 752
752 943
379 394
394 943
379 1205
1205 943
379 420
420 943
379 1771
1771 943
379 292
292 943
379 1944
1944 943
379 1862
1862 943
379 33
33 943
379 288
288 943
379 410
410 943
379 1165
1165 943
379 656
656 943
379 1031
1031 943
379 145
145 943
379 486
486 943
379 12
12 943
379 70
70 943
379 1130
1130 943
379 234
234 943
379 1986
1986 943
379 1261
1261 943
379 1188
1188 943
379 1501
1501 943
379 890
890 943
379 465
465 943
379 1609
1609 943
379 666
666 943
379 296
296 943
379 362
362 943
379 1069
1069 943
379 1185
1185 943
379 820
820 943
379 1896
1896 943
379 1738
1738 943
379 345
345 943
379 155
155 943
379 1905
1905 943
379 472
472 943
379 878
878 943
379 1490
1490 943
379 1065
1065 943
379 1091
1091 943
379 784
784 943
379 845
845 943
379 1688
1688 943
379 1524
1524 943
379 988
988 943
379 1504
1504 943
379 1008
1008 943
379 1270
1270 943
379 905
905 943
379 1266
1266 943
379 876
876 943
379 232
232 943
379 1259
1259 943
379 1594
1594 943
379 323
323 943
379 1313
1313 943
379 151
151 943
379 1982
1982 943
379 287
287 943
379 649
649 943
379 1360
1360 943
379 1927
1927 943
379 169
169 943
379 100
100 943
379 1875
1875 943
379 1447
1447 943
379 1963
1963 943
379 1409
1409 943
379 1740
1740 943
379 396
396 943
379 413
413 943
379 1811
1811 943
379 174
174 943
379 378
378 943
379 998
998 943
379 228
228 943
379 480
480 943
379 712
712 943
379 330
330 943
379 984
984 943
379 1586
1586 943
379 772
772 943
379 569
569 943
379 244
244 943
379 769
769 943
379 172
172 943
379 811
811 943
379 1942
1942 943
379 1419
1419 943
379 1959
1959 943
379 1508
1508 943
379 1194
1194 943
379 165
165 943
379 1820
1820 943
379 1782
1782 943
379 627
627 943
379 1097
1097 943
379 879
879 943
379 462
462 943
379 249
249 943
379 1557
1557 943
379 966
966 943
379 1815
1815 943
379 1539
1539 943
379 253
253 943
379 1393
1393 943
379 741
741 943
379 427
427 943
379 1195
1195 943
379 127
127 943
379 1730
1730 943
379 1550
1550 943
379 801
801 943
379 1186
1186 943
379 1134
1134 943
379 917
917 943
379 1616
1616 943
379 1544
1544 943
379 1348
1348 943
379 1100
1100 943
379 743
743 943
379 999
999 943
379 1511
1511 943
379 195
195 943
379 307
307 943
379 1201
1201 943
379 1517
1517 943
379 2000
2000 943
379 715
715 943
379 1889
1889 943
379 947
947 943
379 630
630 943
379 862
862 943
379 1739
1739 943
379 1022
1022 943
379 1096
1096 943
379 404
404 943
379 1272
1272 943
379 1941
1941 943
379 1599
1599 943
379 1971
1971 943
379 148
148 943
379 665
665 943
379 1460
1460 943
379 1378
1378 943
379 1848
1848 943
379 797
797 943
379 1020
1020 943
379 653
653 943
379 1813
1813 943
379 1529
1529 943
379 529
529 943
379 284
284 943
379 831
831 943
379 1465
1465 943
379 977
977 943
379 1761
1761 943
379 1183
1183 943
379 1275
1275 943
379 1794
1794 943
379 643
643 943
379 1434
1434 943
379 1860
1860 943
379 718
718 943
379 454
454 943
379 1349
1349 943
379 1139
1139 943
379 8
8 943
379 1679
1679 943
379 504
504 943
379 1252
1252 943
379 847
847 943
379 353
353 943
379 826
826 943
379 436
436 943
379 83
83 943
379 1381
1381 943
379 327
327 943
379 1467
1467 943
379 639
639 943
379 1804
1804 943
379 979
979 943
379 80
80 943
379 888
888 943
379 516
516 943
379 969
969 943
379 1622
1622 943
379 196
196 943
379 544
544 943
379 1817
1817 943
379 1710
1710 943
379 446
446 943
379 670
670 943
379 1788
1788 943
379 534
534 943
379 1618
1618 943
379 1913
1913 943
379 1733
1733 943
379 1488
1488 943
379 891
891 943
379 447
447 943
379 265
265 943
379 1242
1242 943
379 690
690 943
379 15
15 943
379 1685
1685 943
379 1396
1396 943
379 1732
1732 943
379 1858
1858 943
379 1743
1743 943
379 1435
1435 943
379 520
520 943
379 112
112 943
379 223
223 943
379 918
918 943
379 1681
1681 943
379 1181
1181 943
379 1640
1640 943
379 1714
1714 943
379 1780
1780 943
379 365
365 943
379 1992
1992 943
379 1455
1455 943
379 983
983 943
379 1306
1306 943
379 363
363 943
379 506
506 943
379 423
423 943
379 1476
1476 943
379 542
542 943
379 510
510 943
379 869
869 943
379 315
315 943
379 1533
1533 943
379 1607
1607 943
379 1390
1390 943
379 786
786 943
379 1541
1541 943
379 1114
1114 943
379 139
139 943
379 355
355 943
379 384
384 943
379 271
271 943
379 541
541 943
379 777
777 943
379 545
545 943
379 1122
1122 943
379 475
475 943
379 1908
1908 943
379 75
75 943
379 1576
1576 943
379 846
846 943
379 1485
1485 943
379 290
290 943
379 528
528 943
379 877
877 943
379 1756
1756 943
379 79
79 943
379 1650
1650 943
379 1784
1784 943
379 546
546 943
379 1853
1853 943
379 1494
1494 943
379 697
697 943
379 514
514 943
379 1003
1003 943
379 1159
1159 943
379 834
834 943
379 1803
1803 943
379 1775
1775 943
379 1770
1770 943
379 146
146 943
379 1914
1914 943
379 1386
1386 943
379 682
682 943
379 940
940 943
379 245
245 943
379 354
354 943
379 992
992 943
379 405
405 943
379 1473
1473 943
379 982
982 943
379 40
40 943
379 1463
1463 943
379 1233
1233 943
379 421
421 943
379 1772
1772 943
379 377
377 943
379 936
936 943
379 1658
1658 943
379 1809
1809 943
379 922
922 943
379 105
105 943
379 403
403 943
379 492
492 943
379 1389
1389 943
379 1210
1210 943
379 1231
1231 943
379 1851
1851 943
379 1845
1845 943
379 1041
1041 943
379 1034
1034 943
379 1978
1978 943
379 836
836 943
379 220
220 943
379 1642
1642 943
379 1631
1631 943
379 111
111 943
379 1366
1366 943
379 555
555 943
379 1407
1407 943
379 129
129 943
379 635
635 943
379 1731
1731 943
379 397
397 943
379 267
267 943
379 286
286 943
379 867
867 943
379 914
914 943
379 122
122 943
379 166
166 943
379 1786
1786 943
379 1198
1198 943
379 1499
1499 943
379 77
77 943
379 756
756 943
379 1898
1898 943
379 1177
1177 943
379 818
818 943
379 24
24 943
379 708
708 943
379 1518
1518 943
379 339
339 943
379 1589
1589 943
379 28
28 943
379 1531
1531 943
379 1729
1729 943
379 1525
1525 943
379 344
344 943
379 1222
1222 943
379 192
192 943
379 825
825 943
379 266
266 943
379 1387
1387 943
379 1066
1066 943
379 1286
1286 943
379 1439
1439 943
379 532
532 943
379 461
461 943
379 1644
1644 943
379 150
150 943
379 768
768 943
379 1653
1653 943
379 375
375 943
379 699
699 943
379 1814
1814 943
379 1673
1673 943
379 1171
1171 943
379 1962
1962 943
379 199
199 943
379 370
370 943
379 1283
1283 943
379 960
960 943
379 1832
1832 943
379 358
358 943
379 588
588 943
379 609
609 943
379 161
161 943
379 1881
1881 943
379 1591
1591 943
379 1935
1935 943
379 250
250 943
379 543
543 943
379 1421
1421 943
379 484
484 943
379 1598
1598 943
379 497
497 943
379 1507
1507 943
379 1191
1191 943
379 1464
1464 943
379 1430
1430 943
379 824
824 943
379 1358
1358 943
379 1592
1592 943
379 343
343 943
379 680
680 943
379 1774
1774 943
379 254
254 943
379 1288
1288 943
379 1175
1175 943
379 158
158 943
379 1450
1450 943
379 309
309 943
379 1580
1580 943
379 1689
1689 943
379 840
840 943
379 1998
1998 943
379 1835
1835 943
379 973
973 943
379 925
925 943
379 789
789 943
379 43
43 943
379 1808
1808 943
379 1634
1634 943
379 1955
1955 943
379 1953
1953 943
379 52
52 943
379 213
213 943
379 657
657 943
379 1151
1151 943
379 1933
1933 943
379 1610
1610 943
379 616
616 943
379 749
749 943
379 142
142 943
379 1562
1562 943
379 1147
1147 943
379 1189
1189 943
379 1867
1867 943
379 758
758 943
379 554
554 943
379 247
247 943
379 1120
1120 943
379 1968
1968 943
379 1767
1767 943
379 1938
1938 943
379 1238
1238 943
379 1721
1721 943
379 141
141 943
379 1840
1840 943
379 573
573 943
379 531
531 943
379 959
959 943
379 1410
1410 943
379 303
303 943
379 198
198 943
379 361
361 943
379 388
388 943
379 366
366 943
379 1215
1215 943
379 407
407 943
379 435
435 943
379 317
317 943
379 444
444 943
379 795
795 943
379 1117
1117 943
379 631
631 943
379 872
872 943
379 182
182 943
379 1863
1863 943
379 1677
1677 943
379 1810
1810 943
379 1251
1251 943
379 1428
1428 943
379 183
183 943
379 792
792 943
379 681
681 943
379 1119
1119 943
379 1994
1994 943
379 1012
1012 943
379 898
898 943
379 1582
1582 943
379 856
856 943
379 328
328 943
379 1818
1818 943
379 1104
1104 943
379 1915
1915 943
379 1437
1437 943
379 724
724 943
379 673
673 943
379 222
222 943
379 393
393 943
379 692
692 943
379 655
655 943
379 1919
1919 943
379 1111
1111 943
379 1382
1382 943
379 1904
1904 943
379 955
955 943
379 1567
1567 943
379 1687
1687 943
379 1579
1579 943
379 468
468 943
379 832
832 943
379 1496
1496 943
379 124
124 943
379 1617
1617 943
379 1456
1456 943
379 316
316 943
379 513
513 943
379 849
849 943
379 1769
1769 943
379 1312
1312 943
379 98
98 943
379 1172
1172 943
379 855
855 943
379 23
23 943
379 1263
1263 943
379 493
493 943
379 11
11 943
379 1088
1088 943
379 114
114 943
379 1426
1426 943
379 775
775 943
379 1247
1247 943
379 579
579 943
379 221
221 943
379 1906
1906 943
379 1014
1014 943
379 1753
1753 943
379 1353
1353 943
379 684
684 943
379 325
325 943
379 1351
1351 943
379 1704
1704 943
379 848
848 943
379 1596
1596 943
379 1758
1758 943
379 934
934 943
379 1510
1510 943
379 615
615 943
379 1112
1112 943
379 1001
1001 943
379 1597
1597 943
379 642
642 943
379 1660
1660 943
379 324
324 943
379 1176
1176 943
379 3
3 943
379 36
36 943
379 575
575 943
379 1890
1890 943
379 1977
1977 943
379 1623
1623 943
379 65
65 943
379 821
821 943
379 560
560 943
379 717
717 943
379 721
721 943
379 371
371 943
379 350
350 943
379 1064
1064 943
379 1491
1491 943
379 570
570 943
379 1901
1901 943
379 1328
1328 943
379 422
422 943
379 1806
1806 943
379 564
564 943
379 1824
1824 943
379 1675
1675 943
379 216
216 943
379 1671
1671 943
379 1143
1143 943
379 1781
1781 943
379 1947
1947 943
379 696
696 943
379 950
950 943
379 1475
1475 943
379 1043
1043 943
379 409
409 943
379 117
117 943
379 45
45 943
379 558
558 943
379 1451
1451 943
379 1213
1213 943
379 1156
1156 943
379 725
725 943
379 498
498 943
379 109
109 943
379 1127
1127 943
379 82
82 943
379 971
971 943
379 1654
1654 943
379 469
469 943
379 709
709 943
379 1337
1337 943
379 623
623 943
379 474
474 943
379 860
860 943
379 283
283 943
379 1956
1956 943
379 658
658 943
379 1303
1303 943
379 1385
1385 943
379 489
489 943
379 742
742 943
379 1980
1980 943
379 817
817 943
379 1007
1007 943
379 282
282 943
379 248
248 943
379 1707
1707 943
379 1991
1991 943
379 1555
1555 943
379 1004
1004 943
379 1282
1282 943
379 295
295 943
379 382
382 943
379 1799
1799 943
379 1017
1017 943
379 1141
1141 943
379 1581
1581 943
379 1837
1837 943
379 1670
1670 943
379 1831
1831 943
379 1307
1307 943
379 580
580 943
379 1897
1897 943
379 833
833 943
379 597
597 943
379 773
773 943
379 1819
1819 943
379 937
937 943
379 207
207 943
379 1276
1276 943
379 1133
1133 943
379 1826
1826 943
379 1392
1392 943
379 477
477 943
379 1895
1895 943
379 1365
1365 943
379 1148
1148 943
379 1759
1759 943
379 84
84 943
379 1379
1379 943
379 1918
1918 943
379 102
102 943
379 1038
1038 943
379 986
986 943
379 367
367 943
379 1182
1182 943
379 485
485 943
379 1277
1277 943
379 1972
1972 943
379 1787
1787 943
379 1649
1649 943
379 1209
1209 943
379 1996
1996 943
379 1838
1838 943
379 1632
1632 943
379 201
201 943
379 1077
1077 943
379 1621
1621 943
