18 1727
1811 1778
890 911
1392 1479
69 1664
1801 1960
867 248
623 12
818 1233
992 1205
247 794
1783 323
271 1353
360 519
1524 561
471 1453
1791 1260
797 1909
668 1023
1789 1748
511 1950
481 155
1148 946
179 20
1033 876
784 1455
197 1363
1578 572
1363 249
910 1447
1283 403
1947 854
1206 1931
1224 1161
586 1635
1798 832
83 393
1679 1217
1689 521
714 639
1628 1792
545 1316
464 1954
1976 1262
1846 438
1023 765
867 707
292 141
1051 1067
1295 1043
1067 1020
188 302
950 471
220 886
1834 1871
60 461
10 1701
1193 558
997 74
488 1917
1938 1838
943 1056
1849 763
1650 1033
798 1124
1217 1040
741 1832
671 369
1057 1420
8 794
1928 507
1480 1439
1357 47
1928 102
172 654
1424 1713
921 1257
606 1628
409 1348
865 700
869 729
1542 9
1895 119
606 1112
742 687
598 447
1178 1215
281 1792
144 1753
210 282
1599 875
1736 903
1006 1134
1468 61
1598 1750
1352 188
807 1851
862 1606
1214 663
1183 434
118 700
1109 1875
1667 601
253 497
1077 856
1400 977
469 1482
526 1323
1191 1447
30 412
711 999
1238 385
659 1243
1391 409
164 1199
1648 72
1859 104
1411 336
966 1405
1147 854
1563 440
1813 839
1339 1727
1832 1157
580 401
256 1413
312 1690
445 276
1849 1687
1649 1709
1626 1543
752 1918
232 923
528 497
98 1592
1006 1708
826 190
1562 1389
1880 1375
1312 205
9 1098
1697 63
1667 1539
940 1748
841 1723
955 1723
1668 811
137 873
319 974
930 1236
1745 732
1150 1778
1863 431
88 699
1274 1933
1961 1923
968 1383
1499 637
155 362
590 1292
1889 1336
736 1039
1802 203
1942 406
1823 586
1763 1511
875 363
1806 352
980 1335
743 1260
1562 211
949 373
1873 506
13 1255
364 1156
1718 651
1461 1011
676 1732
613 1700
335 1087
786 1685
1991 35
785 706
895 1845
1472 588
502 1110
451 1190
679 835
372 1296
1257 1147
259 1344
1462 1936
1102 191
742 1086
1667 1476
633 1795
1606 1117
1758 609
386 1597
1728 616
1975 1235
507 1042
450 1990
1022 140
174 530
822 544
951 1468
1241 893
124 1145
115 1026
1756 1681
530 1019
10 1642
919 302
224 1003
75 829
1024 1347
254 1388
737 1331
1669 2
679 888
1931 283
688 280
1552 1144
549 923
971 618
1576 31
1650 1880
1220 85
201 576
1937 69
986 381
1442 1463
1797 258
1248 1353
173 1044
1249 1664
911 1705
248 709
154 1232
947 820
585 1070
393 213
1289 731
168 886
1155 439
829 1196
68 1213
1359 768
1429 206
540 1299
1874 1894
692 590
1143 1086
112 623
310 1910
742 240
134 478
1074 1673
594 1647
1832 1183
1571 701
1131 1709
1577 1067
271 1339
1090 415
872 1961
1627 1758
1935 42
320 1686
479 414
1521 568
1663 1759
1790 927
1011 541
260 577
1946 1757
1262 1092
276 720
1106 62
1073 163
866 18
1052 15
23 459
1238 191
242 1404
1015 1091
1737 1518
900 835
1709 801
1795 829
1168 985
323 1161
1763 830
838 1577
1621 179
767 1753
1564 727
1678 230
828 772
837 1067
1770 1536
1970 755
1655 390
867 1552
783 1438
1715 1268
475 130
1218 430
1088 1680
779 567
1495 1998
1452 617
168 1610
338 1685
1986 1730
106 535
1111 1275
1287 1538
1969 754
996 1944
28 1121
1343 1368
461 43
511 216
658 1648
1145 1772
753 1658
404 1708
536 1326
1945 117
1807 1728
1613 907
1938 817
270 298
1620 783
732 1717
178 1260
635 1332
1492 882
734 56
56 1921
311 621
1473 1956
566 1046
564 342
1182 1924
682 972
526 1057
1536 4
276 457
511 48
849 180
16 92
1147 107
1295 216
399 1796
1666 716
1106 1242
979 1003
1780 619
1529 1811
730 1766
757 976
1007 238
954 35
1094 1190
853 1733
80 1705
151 1659
1738 661
1631 196
1442 483
349 1011
590 817
1034 1871
1178 229
601 1985
57 154
1853 1971
1488 1664
550 1548
1156 1803
1953 1176
23 1816
261 1280
1166 522
601 813
118 1040
1331 1720
268 741
1919 869
1989 1676
1239 1500
563 1432
607 845
1708 1041
1906 1275
703 1834
627 1383
1353 1014
1270 1135
146 613
1756 1973
1185 1072
1081 137
962 61
601 191
163 1561
839 1677
512 1946
626 1544
881 1302
1717 1372
7 1376
1121 1226
697 175
453 427
1799 1524
1580 1778
212 1309
1570 961
98 613
481 1379
80 1803
112 1495
1485 321
632 738
1653 840
1920 772
531 551
1629 782
1663 1127
442 424
1397 400
951 1831
441 62
1731 89
1696 1133
6 1215
433 1375
527 1960
216 291
958 1281
170 1357
601 237
1139 1716
868 1802
578 754
991 133
689 649
1725 983
1223 1845
1626 831
982 1036
1516 1964
465 893
1746 593
1855 714
1205 7
1158 509
58 1854
277 1979
842 1580
1000 1853
196 1940
1937 1288
1463 1795
1147 1452
245 690
1344 732
11 823
1491 458
965 1697
643 328
444 1795
1235 917
598 1792
1807 726
199 1453
1988 1200
265 1349
1565 1274
1038 1389
1097 1862
1912 324
1428 1146
1016 981
526 1957
713 678
1660 1100
1534 23
230 235
829 46
858 1072
1481 394
1797 1477
1193 1626
1351 1117
377 1876
423 30
919 1294
487 858
475 1726
589 1541
1463 725
1270 404
1522 1074
1797 63
1675 904
233 137
1422 359
466 868
465 1550
1427 1317
376 321
1079 394
51 1592
168 903
1746 857
751 853
1442 1336
921 1419
1060 660
1370 1936
359 636
421 1863
1084 551
998 1811
1962 1161
1119 155
1801 1150
1846 801
1684 894
1112 1121
1703 1575
1570 1212
1743 866
1612 700
1065 1728
140 36
1404 1137
842 1293
1950 1131
98 459
452 1344
1247 1208
1233 1427
1218 1936
796 1982
12 1553
1674 1436
325 549
1084 311
844 363
714 441
1209 1993
856 273
710 1100
484 760
1789 710
411 1817
921 1770
1482 413
701 1603
1218 195
531 690
1619 1680
690 1011
383 392
893 1188
1883 835
164 1828
1195 1942
742 1734
1776 591
734 1192
1977 276
1925 1797
800 943
359 1133
735 1192
1216 1832
1984 1921
1359 114
741 41
538 1789
1042 1999
224 913
518 422
110 1668
1861 696
522 1874
395 376
1746 18
1370 374
1307 1258
1575 329
97 1085
1917 304
1593 1359
284 976
1107 877
111 1543
1089 746
452 239
1400 1221
1702 613
1578 1859
879 432
611 79
713 1676
650 118
636 1875
1163 298
94 1617
499 588
1126 959
590 248
102 677
78 1218
1281 261
950 908
905 262
755 794
1204 332
1319 1610
1196 870
948 578
931 243
1405 1198
1265 1787
1132 31
1264 286
735 1359
1835 1124
814 1957
1289 996
451 1313
206 1394
1550 1313
1313 893
213 1098
1262 1610
55 1771
1903 1279
650 803
992 1692
13 894
1269 1957
1424 321
1181 1638
29 1961
1687 1501
1303 218
197 1587
1167 675
767 1343
1909 249
895 160
1773 1579
1848 594
86 41
309 1880
124 360
1610 858
1386 569
1455 1838
1984 1912
1591 167
911 1591
619 780
1340 276
673 1912
710 30
1816 202
1095 402
1021 1393
1322 830
1255 727
1649 1951
92 1120
1950 835
310 47
214 1559
1034 351
1109 1283
1132 1758
947 1672
1354 1357
1247 487
1943 274
1571 1479
67 853
164 1476
14 1119
51 247
1562 1068
612 922
9 155
1448 494
1452 351
223 960
1164 933
1218 1446
737 29
1194 283
85 490
923 1140
211 828
931 1913
1142 283
345 1985
651 1440
240 101
369 1912
427 1260
80 1234
1648 571
959 1590
741 1489
725 1711
487 1427
1327 1458
1823 1673
1421 581
731 1018
1002 647
1269 1256
1014 1020
961 1588
325 1912
1666 428
1848 1393
337 1261
33 1782
112 578
682 200
1018 1757
1462 166
7 1905
1154 710
259 37
750 302
1959 884
1004 1206
1416 543
1814 381
1269 1018
1252 1832
1650 1811
107 1244
1761 1419
164 1686
545 910
764 383
827 1209
1624 1236
561 372
625 509
394 77
1129 648
1441 896
1506 1388
1206 1440
1807 1741
1193 349
275 1121
686 1122
1322 1341
1697 1712
1268 523
78 1228
1885 1632
1652 1270
1524 402
955 1510
1966 1249
341 1874
1931 1274
535 1818
1330 1816
1058 1248
190 825
68 327
1176 649
1238 662
675 1026
1749 335
1840 896
738 92
780 1800
1584 1857
1186 1113
141 665
143 1917
989 806
738 1791
263 1009
1585 784
634 192
1315 1394
196 1964
871 933
1002 530
112 1952
161 1228
1932 1319
233 1090
277 257
463 35
1069 1785
1718 143
10 704
1117 1676
1267 1025
1427 1372
947 992
529 1930
359 336
1627 1956
246 1506
1366 1280
1480 1357
1864 1101
1413 884
199 155
975 158
709 877
868 1270
1481 315
1168 42
1779 1028
837 401
489 1642
307 1370
1247 1431
1980 530
646 482
890 1447
27 92
866 1366
499 897
1633 110
1400 1226
1182 70
288 541
184 805
72 1253
1199 1098
1288 1558
1018 908
78 175
422 1663
172 1934
2 405
917 141
1978 1270
1077 1359
1460 1488
264 1558
1 1320
1794 1757
170 1993
1496 1487
1504 317
1119 1542
1874 1014
762 1239
814 760
535 671
1809 542
1776 1470
235 1802
463 230
1560 1607
633 65
1548 166
157 1638
1855 681
1648 1130
1058 764
1277 1593
141 1998
820 1344
213 1218
406 693
1522 1909
1199 781
842 1551
7 1327
1153 859
968 845
1695 990
995 1063
1957 1749
651 832
58 842
1748 87
1464 1784
647 312
1525 356
871 1945
366 1609
1122 1357
777 1160
183 1713
140 1603
89 1742
309 18
674 1522
1869 244
844 1808
1081 707
629 1957
1253 1655
1071 805
1526 1900
1601 1935
1614 615
728 127
549 374
1120 1274
775 1136
787 199
1190 261
1839 1650
95 575
1990 604
226 1218
250 264
24 234
1805 1869
1886 1617
479 442
911 1181
539 644
988 1408
1463 899
294 1716
1314 1665
829 261
281 1767
457 1260
570 509
144 879
1689 796
1686 578
623 401
68 1827
1238 366
1550 1074
1793 771
265 1649
760 1375
1 1348
1655 1953
1106 1836
1507 1936
284 1410
808 1989
1369 551
218 1064
1805 406
125 1415
261 1040
1469 1836
872 1313
753 803
159 1164
37 1784
1873 945
168 312
1623 1298
1444 982
1849 853
301 700
161 955
1186 455
88 1045
983 932
1911 1381
1682 841
1008 1670
529 1269
849 1639
1621 745
1282 162
607 1695
549 1681
831 1531
968 68
820 1872
605 999
1779 309
1761 419
1047 1247
1532 82
1027 1163
495 1569
948 725
18 891
1645 1355
1288 850
1990 264
126 572
494 1649
15 1348
316 1949
1975 1973
271 359
1593 77
1504 896
1752 997
1618 1463
814 1054
1289 1896
342 1194
1179 109
1043 469
1499 629
988 1440
140 789
1938 1039
969 404
741 1987
1805 772
1157 1029
1988 797
604 1470
279 1278
1405 417
1680 1094
26 1002
1641 1668
1921 478
479 1211
1885 350
831 407
108 1742
1955 1451
71 663
1104 553
885 1795
1423 172
395 873
432 1910
1614 1060
919 1878
150 839
1051 212
1988 1337
456 806
801 1276
284 538
567 1402
1706 31
558 1285
119 1341
1431 1331
33 1267
1426 616
1675 521
836 998
1837 154
1543 316
1221 401
1762 675
1704 997
187 1369
1627 1692
233 607
452 688
780 1917
1785 1350
774 360
1902 1121
310 836
689 1676
1597 750
1732 1634
161 775
103 1216
1058 924
350 933
1118 824
697 1501
293 857
1526 1606
841 821
328 1680
1926 1381
1767 1939
1341 249
846 159
349 905
469 994
403 1045
1741 301
366 378
1465 1813
250 1913
654 1161
1723 1766
1536 1684
186 1591
1306 885
1560 726
881 305
1797 566
692 1323
774 790
1898 615
1373 1428
694 1659
1977 744
1764 935
135 1968
1342 227
1292 1511
277 283
600 1401
431 478
1689 858
382 981
1505 290
1017 759
1914 891
969 1389
1301 527
822 1055
1856 477
1774 1597
1600 1223
1640 1629
1398 1910
1528 32
449 736
1628 668
226 1801
431 1611
1745 968
935 1382
1677 1502
1117 1758
1737 59
1029 1771
1004 862
290 752
1402 593
293 33
98 1614
1806 922
1619 1367
290 830
1216 1880
1916 212
1644 763
1340 818
25 1467
741 335
287 458
581 1156
627 1309
1004 1430
1765 1366
949 828
106 903
626 337
1440 733
1777 32
158 171
1655 1449
29 803
1129 956
408 1660
1369 1054
801 1023
1674 1314
47 1914
1646 1754
911 1557
1220 1375
1339 1940
1825 162
480 30
1698 19
822 101
935 858
1878 821
1296 792
699 400
3 1492
547 357
1064 1733
1938 789
284 1781
1627 490
1347 277
1860 1514
1576 1090
538 672
1209 522
1376 702
1115 271
1979 318
1542 1063
295 1621
963 788
73 1283
1445 503
382 1008
1858 416
398 559
29 367
515 123
25 252
1467 729
182 1996
347 1050
329 1468
895 1408
1899 432
330 1377
231 701
1473 884
1611 1347
730 1958
1042 961
909 215
221 989
323 702
1948 1411
1500 1436
1142 189
1699 30
867 1959
1011 1203
725 1304
605 1069
822 375
764 30
1924 1215
1451 1850
1458 39
561 1541
12 983
4 351
1090 614
545 1443
1840 587
1568 1847
630 1347
86 1485
181 1706
712 204
1218 1872
881 1563
785 885
106 467
1925 1652
81 1619
645 1428
1928 570
1659 1398
1306 1695
292 407
662 565
681 663
720 1268
1980 460
652 622
1514 52
1055 382
1155 1689
122 878
1380 668
685 1681
1598 313
1467 1240
1887 993
1031 434
852 903
813 1593
95 1108
861 910
1113 1553
216 1463
1916 1773
1488 793
1563 178
353 840
13 847
1795 699
1384 400
241 936
1209 1795
986 1600
40 472
297 109
449 826
1259 1250
102 536
172 1914
1054 1182
1043 1023
1696 491
924 968
95 669
1214 669
1442 82
208 1858
943 302
1457 927
111 317
387 292
522 1732
498 1883
1916 552
59 971
395 447
1772 1144
1043 519
1600 489
556 542
1639 1162
1408 1035
1435 1675
542 1135
326 34
1906 529
454 1439
6 249
1 411
411 835
835 1098
1098 1632
1632 411
411 1715
1715 773
773 1202
1202 829
829 1
2 1418
1418 934
934 1085
1085 1452
1452 790
790 1865
1865 283
283 851
851 884
884 1979
1979 2
851 1085
1085 1418
3 960
960 1963
1963 963
963 557
557 31
31 1212
1212 1813
1813 3
1212 402
402 557
31 1404
1404 1951
1951 1963
557 960
4 807
807 908
908 1969
1969 534
534 179
179 603
603 4
179 1364
1364 534
1364 688
688 4
688 534
534 4
5 278
278 213
213 142
142 780
780 253
253 1076
1076 1139
1139 1252
1252 1126
1126 191
191 278
1126 241
241 276
276 1086
1086 278
1252 5
1076 780
1076 5
253 213
780 5
6 1942
1942 493
493 1797
1797 967
967 788
788 390
390 1107
1107 1307
1307 448
448 6
1107 1900
1900 390
1900 967
1900 788
788 6
7 1224
1224 732
732 7
732 1436
1436 35
35 1501
1501 1204
1204 7
1204 732
1501 436
436 1224
436 35
436 1436
1501 478
478 1224
478 7
8 1067
1067 148
148 1356
1356 1700
1700 1449
1449 1705
1705 1748
1748 148
1748 1449
1705 291
291 777
777 1801
1801 1687
1687 8
9 410
410 429
429 905
905 1054
1054 670
670 1257
1257 9
670 905
905 9
10 633
633 330
330 1898
1898 224
224 684
684 1448
1448 920
920 1465
1465 1898
1465 684
920 633
920 684
920 10
11 1863
1863 1401
1401 572
572 1105
1105 1393
1393 11
1401 1116
1116 1624
1624 976
976 1401
12 914
914 567
567 811
811 1872
1872 395
395 567
395 1263
1263 12
811 977
977 1473
1473 302
302 914
567 12
13 624
624 116
116 1009
1009 1987
1987 723
723 116
1987 116
1987 13
1009 408
408 1249
1249 624
408 116
14 892
892 544
544 1519
1519 600
600 133
133 238
238 569
569 1609
1609 14
1609 600
569 14
569 951
951 238
951 544
1519 1210
1210 14
15 611
611 1753
1753 1363
1363 1710
1710 226
226 1363
226 1113
1113 1201
1201 15
1201 1753
1201 1130
1130 1033
1033 740
740 199
199 1439
1439 123
123 1326
1326 651
651 123
651 1710
1326 992
992 1439
123 1130
199 1710
199 1113
1033 1201
16 1417
1417 1725
1725 1365
1365 311
311 1656
1656 1184
1184 16
1184 1365
1365 1580
1580 1725
1580 1842
1842 1365
1725 1431
1431 575
575 16
17 1476
1476 1282
1282 612
612 1765
1765 953
953 1523
1523 1282
1523 1355
1355 1200
1200 1290
1290 612
1290 1476
1200 1370
1370 764
764 17
764 1200
1370 1765
1370 1355
953 612
612 17
18 1802
1802 1276
1276 1267
1267 433
433 901
901 519
519 1929
1929 1760
1760 519
1760 18
1760 1267
1929 1802
901 712
712 18
712 1854
1854 1802
1854 1276
1854 901
19 1162
1162 1285
1285 261
261 717
717 471
471 412
412 876
876 19
471 1513
1513 1213
1213 84
84 236
236 667
667 1285
236 1513
1513 261
20 554
554 1161
1161 683
683 1960
1960 1595
1595 1742
1742 20
1595 1871
1871 20
1871 719
719 1161
719 733
733 1161
719 1995
1995 772
772 71
71 1087
1087 1161
1087 683
21 272
272 1600
1600 1058
1058 187
187 606
606 539
539 622
622 187
622 606
622 1097
1097 1978
1978 643
643 655
655 1247
1247 1600
655 539
1058 21
22 156
156 183
183 318
318 1915
1915 472
472 699
699 1396
1396 778
778 854
854 1280
1280 1453
1453 1148
1148 854
1148 318
1148 22
1280 699
778 1841
1841 183
1396 472
23 538
538 1589
1589 1429
1429 895
895 366
366 51
51 1467
1467 1336
1336 159
159 1053
1053 23
24 185
185 377
377 529
529 601
601 387
387 545
545 377
387 185
529 24
377 131
131 511
511 827
827 90
90 185
131 185
25 986
986 139
139 103
103 1988
1988 808
808 105
105 1230
1230 1385
1385 103
1385 25
1385 1220
1220 808
1220 105
808 139
1988 1619
1619 987
987 25
26 1704
1704 83
83 1786
1786 426
426 1560
1560 1499
1499 1334
1334 1780
1780 1786
1499 26
1560 26
27 845
845 316
316 282
282 661
661 1611
1611 970
970 1689
1689 989
989 316
1689 239
239 661
239 282
970 845
1611 282
661 316
282 845
316 27
28 1701
1701 579
579 868
868 589
589 1652
1652 1416
1416 1840
1840 579
1840 347
347 1416
1840 28
1416 1197
1197 1518
1518 1701
29 1574
1574 1917
1917 1182
1182 1479
1479 1312
1312 1917
1312 1574
1479 1420
1420 470
470 29
470 1574
30 1558
1558 1366
1366 1967
1967 36
36 1717
1717 1558
1717 1160
1160 30
1160 36
1717 1222
1222 1967
1222 30
1717 1366
32 1614
1614 1038
1038 1517
1517 1950
1950 1893
1893 1038
1038 997
997 872
872 149
149 826
826 32
149 32
33 279
279 1322
1322 687
687 1953
1953 961
961 1226
1226 1832
1832 1877
1877 1650
1650 290
290 1832
1877 33
34 1169
1169 207
207 1736
1736 396
396 134
134 1340
1340 1295
1295 219
219 1227
1227 1555
1555 1671
1671 219
1671 642
642 658
658 134
219 34
219 207
1736 34
37 880
880 1258
1258 1685
1685 1920
1920 1106
1106 86
86 342
342 880
86 880
86 1920
1106 1782
1782 916
916 1106
1106 880
1106 678
678 880
1920 37
38 1754
1754 1852
1852 1658
1658 1792
1792 552
552 707
707 1996
1996 1712
1712 878
878 710
710 1759
1759 1852
1996 38
1792 1684
1684 1754
39 693
693 754
754 415
415 1851
1851 1827
1827 1324
1324 1493
1493 1502
1502 39
40 414
414 1019
1019 1044
1044 319
319 730
730 1676
1676 40
1019 1824
1824 1041
1041 1912
1912 1019
41 211
211 1694
1694 776
776 1962
1962 1537
1537 983
983 1864
1864 1692
1692 983
1692 525
525 1990
1990 1776
1776 41
42 1236
1236 1655
1655 931
931 273
273 1069
1069 1451
1451 469
469 917
917 1655
917 741
741 701
701 1384
1384 42
1069 42
43 1055
1055 939
939 170
170 833
833 198
198 1707
1707 483
483 1860
1860 1128
1128 1299
1299 1860
1299 198
483 1055
483 482
482 1525
1525 198
482 43
44 1218
1218 1511
1511 1726
1726 403
403 839
839 1511
403 1511
1726 417
417 44
1218 1597
1597 44
45 1208
1208 1763
1763 1354
1354 295
295 45
1208 221
221 562
562 196
196 1593
1593 562
196 45
46 446
446 1838
1838 1916
1916 446
1916 923
923 360
360 192
192 188
188 1094
1094 446
1916 46
47 926
926 1346
1346 1659
1659 1159
1159 1653
1653 602
602 356
356 1346
1653 1659
1659 1817
1817 47
48 1153
1153 1174
1174 201
201 1079
1079 297
297 696
696 201
297 1648
1648 784
784 1628
1628 619
619 201
784 1514
1514 1613
1613 308
308 48
1079 505
505 1174
49 1221
1221 1779
1779 220
220 1373
1373 1783
1783 220
1373 368
368 476
476 220
220 1903
1903 75
75 1896
1896 49
1779 49
50 799
799 1847
1847 1004
1004 674
674 1481
1481 364
364 860
860 921
921 563
563 50
860 1004
1481 1847
674 1737
1737 799
52 729
729 536
536 1119
1119 310
310 52
1119 52
53 373
373 1173
1173 1304
1304 1670
1670 664
664 724
724 455
455 945
945 1398
1398 1836
1836 523
523 1163
1163 614
614 1945
1945 639
639 523
639 576
576 523
639 1670
1945 53
1398 455
455 1670
54 1244
1244 117
117 828
828 1579
1579 1923
1923 54
828 847
847 1882
1882 1638
1638 1982
1982 1325
1325 847
1882 1376
1376 315
315 1244
315 54
847 432
432 828
847 108
108 1244
108 117
55 96
96 1250
1250 680
680 1066
1066 1223
1223 96
1223 421
421 1615
1615 481
481 1066
1615 382
382 329
329 55
382 96
1223 680
96 848
848 55
56 165
165 1399
1399 1623
1623 767
767 898
898 464
464 135
135 56
57 954
954 1078
1078 797
797 535
535 338
338 499
499 1702
1702 208
208 1547
1547 338
1702 1078
1702 903
903 1577
1577 535
1577 797
903 954
499 57
338 954
58 1186
1186 588
588 1529
1529 104
104 394
394 262
262 178
178 1716
1716 1168
1168 1529
1168 629
629 392
392 385
385 58
385 1669
1669 1186
385 1529
1529 58
59 234
234 1897
1897 1434
1434 982
982 1938
1938 228
228 1539
1539 1323
1323 1883
1883 259
259 982
1938 59
982 1897
60 548
548 1065
1065 1515
1515 1082
1082 1814
1814 846
846 125
125 548
125 60
1814 548
61 1771
1771 167
167 591
591 781
781 1046
1046 1120
1120 115
115 781
1120 61
62 1278
1278 932
932 1272
1272 823
823 873
873 204
204 596
596 171
171 932
596 285
285 1048
1048 62
1048 1835
1835 596
285 62
285 204
873 1278
63 317
317 1587
1587 95
95 709
709 63
1587 1531
1531 1328
1328 1559
1559 1767
1767 893
893 263
263 317
1531 70
70 63
64 1567
1567 1310
1310 1839
1839 306
306 225
225 494
494 65
65 1052
1052 64
1052 1329
1329 225
1052 1310
65 306
66 1187
1187 1594
1594 1298
1298 498
498 284
284 1503
1503 1178
1178 498
284 66
284 1298
284 1022
1022 66
1594 66
67 1562
1562 1332
1332 67
1332 1269
1269 1561
1561 1925
1925 731
731 743
743 1337
1337 783
783 731
783 67
743 1269
731 924
924 1332
731 1561
1269 67
68 913
913 1080
1080 69
69 528
528 586
586 1294
1294 1382
1382 68
1382 118
118 69
118 1294
1382 69
586 1059
1059 1080
72 1359
1359 1550
1550 867
867 515
515 564
564 1430
1430 1550
1430 1379
1379 564
1430 1805
1805 1946
1946 515
1805 515
1805 867
1550 72
73 1438
1438 522
522 556
556 1438
556 1724
1724 1438
522 902
902 73
74 1256
1256 502
502 348
348 692
692 824
824 502
348 625
625 74
76 669
669 891
891 353
353 1910
1910 621
621 641
641 793
793 1910
793 76
1910 669
77 1641
1641 1301
1301 1941
1941 980
980 77
1941 215
215 1011
1011 492
492 1127
1127 1301
215 1641
1941 820
820 77
78 1433
1433 1901
1901 1592
1592 1428
1428 1353
1353 1191
1191 1433
1191 1423
1423 577
577 1433
1191 1901
1191 1542
1542 78
1353 1433
1428 78
79 1333
1333 357
357 1099
1099 792
792 79
1099 1333
80 1991
1991 1469
1469 863
863 425
425 929
929 1682
1682 1455
1455 110
110 645
645 738
738 80
110 1661
1661 1762
1762 929
1762 755
755 1455
1455 571
571 1469
81 1729
1729 1030
1030 1798
1798 988
988 540
540 1618
1618 1030
1618 1729
1618 307
307 1932
1932 1421
1421 1618
307 1729
540 81
82 1719
1719 837
837 326
326 82
326 466
466 979
979 399
399 837
979 1719
466 837
326 1095
1095 82
837 1343
1343 82
85 966
966 210
210 1288
1288 1575
1575 640
640 726
726 1575
726 852
852 1007
1007 1565
1565 1572
1572 85
640 1288
87 1811
1811 1348
1348 1437
1437 656
656 87
656 1811
1437 1317
1317 1426
1426 87
1437 1695
1695 1811
1695 87
88 374
374 758
758 815
815 1588
1588 922
922 649
649 1281
1281 1536
1536 750
750 1281
750 815
750 1698
1698 1281
1698 88
1281 1243
1243 1588
1243 1731
1731 758
1731 374
89 802
802 1487
1487 89
91 1954
1954 1761
1761 232
232 91
232 1997
1997 1286
1286 1876
1876 1926
1926 94
94 537
537 91
94 1954
1761 666
666 91
92 1874
1874 1309
1309 1727
1727 1958
1958 1956
1956 1812
1812 92
1956 975
975 92
975 296
296 1390
1390 1961
1961 1034
1034 1309
1034 1727
975 1874
93 1775
1775 146
146 1576
1576 1607
1607 93
1607 1415
1415 869
869 1049
1049 1576
1049 146
869 862
862 1849
1849 869
862 93
862 146
869 1607
146 93
97 1259
1259 703
703 1640
1640 1534
1534 1667
1667 1810
1810 620
620 1667
620 637
637 1667
620 480
480 703
1810 97
1640 1259
98 1620
1620 555
555 1374
1374 1612
1612 900
900 269
269 1047
1047 132
132 269
132 268
268 98
99 1321
1321 1192
1192 779
779 503
503 635
635 1750
1750 1156
1156 1319
1319 393
393 242
242 1192
635 1118
1118 99
503 99
1192 99
100 1432
1432 200
200 958
958 367
367 1279
1279 1680
1680 1110
1110 560
560 200
560 367
1279 100
958 175
175 172
172 800
800 100
101 1793
1793 1145
1145 672
672 968
968 1699
1699 145
145 672
145 594
594 1145
594 313
313 1957
1957 1145
313 1699
594 101
102 542
542 1456
1456 230
230 542
230 1112
1112 1149
1149 1248
1248 102
1248 959
959 859
859 883
883 1338
1338 102
1338 959
1338 542
1338 1456
883 489
489 102
859 1522
1522 271
271 542
1522 542
959 102
106 774
774 468
468 1844
1844 1387
1387 785
785 657
657 320
320 785
320 757
757 735
735 1922
1922 1083
1083 652
652 106
1083 757
735 106
757 1645
1645 657
107 427
427 1024
1024 212
212 722
722 1194
1194 1850
1850 524
524 1866
1866 608
608 1936
1936 1024
1866 1850
524 1881
1881 668
668 1850
524 938
938 107
938 427
109 950
950 673
673 558
558 1690
1690 812
812 816
816 281
281 256
256 673
281 950
558 547
547 662
662 950
662 1117
1117 109
111 1647
1647 1183
1183 713
713 111
713 1395
1395 1647
1395 1994
1994 111
112 1834
1834 936
936 1155
1155 1696
1696 488
488 1155
488 1764
1764 753
753 112
1764 1696
488 936
1696 112
113 1875
1875 1412
1412 1904
1904 345
345 1603
1603 457
457 113
345 113
114 532
532 454
454 681
681 836
836 1644
1644 665
665 1006
1006 247
247 541
541 1006
247 831
831 517
517 144
144 247
517 475
475 369
369 247
831 1535
1535 114
836 532
119 398
398 1371
1371 1856
1856 1911
1911 119
1911 120
120 1245
1245 1121
1121 691
691 205
205 866
866 1856
866 1371
691 119
691 1856
1371 119
121 1199
1199 1235
1235 871
871 1114
1114 1408
1408 121
1408 216
216 121
871 1199
1199 424
424 121
122 312
312 1791
1791 927
927 312
927 947
947 935
935 312
947 855
855 1610
1610 786
786 927
855 122
855 312
927 1471
1471 122
1471 1791
124 1091
1091 1752
1752 354
354 1073
1073 1752
1073 887
887 354
1073 124
126 1826
1826 1796
1796 1380
1380 1291
1291 1419
1419 1368
1368 1807
1807 1649
1649 1790
1790 1380
1649 126
1419 126
127 289
289 974
974 1664
1664 1510
1510 1040
1040 324
324 1884
1884 189
189 127
189 1134
1134 1032
1032 513
513 1884
513 1853
1853 289
1032 289
324 355
355 127
128 270
270 1104
1104 1677
1677 1071
1071 128
1071 1905
1905 152
152 371
371 128
371 1596
1596 1677
129 266
266 1181
1181 1751
1751 1135
1135 155
155 1029
1029 803
803 129
155 129
155 1181
155 942
942 129
942 1751
130 582
582 407
407 952
952 1573
1573 130
1573 1564
1564 952
1564 130
1564 1870
1870 1573
1870 130
582 1616
1616 280
280 130
136 1072
1072 257
257 1101
1101 1072
1101 761
761 1820
1820 1509
1509 500
500 766
766 1820
1509 1072
1820 257
257 136
257 1296
1296 727
727 1293
1293 1072
137 154
154 138
138 1604
1604 1331
1331 721
721 138
721 1784
1784 474
474 138
1784 1491
1491 1458
1458 1711
1711 925
925 1000
1000 1045
1045 177
177 137
1045 1491
1491 137
140 1795
1795 834
834 1617
1617 1305
1305 161
161 293
293 747
747 1859
1859 1980
1980 1795
1980 834
1617 1292
1292 1042
1042 140
141 882
882 700
700 1190
1190 141
882 918
918 768
768 1858
1858 453
453 141
143 1787
1787 1688
1688 1606
1606 1492
1492 1133
1133 1745
1745 1688
1745 1606
1133 1606
1606 143
147 946
946 1171
1171 746
746 147
1171 147
946 1100
1100 1150
1150 458
458 610
610 202
202 795
795 147
150 1188
1188 1947
1947 819
819 1137
1137 363
363 1651
1651 274
274 1521
1521 1651
274 933
933 150
274 150
274 1075
1075 819
1075 598
598 1188
151 1344
1344 1316
1316 775
775 760
760 1828
1828 1316
1828 1789
1789 832
832 462
462 401
401 151
462 1789
832 151
1316 151
153 1857
1857 857
857 1350
1350 675
675 1857
675 1136
1136 843
843 857
1136 1952
1952 1830
1830 1749
1749 372
372 287
287 1887
1887 1350
1887 1383
1383 153
287 1350
157 990
990 578
578 506
506 739
739 510
510 157
510 956
956 277
277 157
277 739
956 1454
1454 335
335 578
1454 990
1454 739
506 157
506 990
158 435
435 303
303 1672
1672 752
752 653
653 1634
1634 769
769 435
1634 1260
1260 752
653 1672
752 435
303 158
160 964
964 1822
1822 340
340 679
679 1768
1768 762
762 978
978 512
512 1629
1629 1768
1629 160
762 328
328 919
919 1822
1768 160
1768 409
409 160
162 1402
1402 1540
1540 1035
1035 1274
1274 763
763 1035
763 1552
1552 1971
1971 1274
1552 663
663 521
521 1170
1170 162
663 162
163 1927
1927 1643
1643 467
467 222
222 163
1643 704
704 163
704 1927
1927 1568
1568 1861
1861 181
181 1474
1474 163
1474 1289
1289 181
164 581
581 375
375 1351
1351 1777
1777 1445
1445 1151
1151 585
585 1888
1888 164
1888 1351
166 176
176 1228
1228 1673
1673 858
858 203
203 491
491 587
587 1335
1335 166
1335 1625
1625 630
630 858
1625 447
447 332
332 203
1335 858
168 1164
1164 451
451 1315
1315 1848
1848 252
252 1678
1678 1266
1266 252
1266 451
252 174
174 233
233 1848
233 168
252 168
252 451
1848 1362
1362 419
419 685
685 1848
169 553
553 765
765 1215
1215 702
702 169
702 1713
1713 169
1713 400
400 244
244 1722
1722 1232
1232 400
400 1215
553 1747
1747 1254
1254 169
173 771
771 370
370 1061
1061 1050
1050 715
715 1478
1478 1050
1478 1231
1231 1943
1943 715
1231 370
1231 715
715 771
1050 173
180 1369
1369 404
404 865
865 1891
1891 745
745 720
720 1441
1441 909
909 180
182 1464
1464 1965
1965 796
796 654
654 1965
796 1214
1214 1546
1546 1816
1816 249
249 182
1816 1214
184 1949
1949 1268
1268 1804
1804 1769
1769 1268
1804 1081
1081 1466
1466 1300
1300 376
376 184
1300 1268
1466 1177
1177 1949
1268 1939
1939 1949
186 1495
1495 561
561 1973
1973 1909
1909 186
1973 431
431 186
190 452
452 984
984 1868
1868 818
818 190
818 1407
1407 190
818 1070
1070 1193
1193 452
1070 452
193 1198
1198 1262
1262 1756
1756 349
349 422
422 1855
1855 1970
1970 574
574 1463
1463 1756
574 1756
574 193
574 1855
1855 1198
1855 590
590 193
1855 1756
349 193
194 618
618 334
334 331
331 194
331 1964
1964 568
568 840
840 299
299 331
840 1010
1010 334
840 1964
840 618
568 334
568 194
1964 618
195 337
337 1660
1660 604
604 195
195 1203
1203 1654
1654 948
948 877
877 1679
1679 258
258 1375
1375 195
258 195
258 418
418 948
197 1758
1758 1940
1940 1447
1447 197
1940 305
305 1584
1584 197
1584 955
955 1758
305 197
206 1209
1209 682
682 445
445 1601
1601 275
275 856
856 445
275 1799
1799 507
507 1605
1605 1211
1211 206
1799 1601
682 206
209 298
298 1089
1089 1185
1185 805
805 298
805 1999
1999 1219
1219 516
516 584
584 209
214 325
325 1435
1435 1823
1823 1935
1935 1111
1111 907
907 214
1823 1508
1508 325
1508 1524
1524 440
440 1794
1794 1131
1131 214
217 346
346 1425
1425 1977
1977 822
822 346
822 1425
822 479
479 1442
1442 346
1977 217
1425 217
218 231
231 1068
1068 550
550 659
659 546
546 1125
1125 1571
1571 1330
1330 231
659 737
737 1993
1993 659
1993 218
737 1808
1808 751
751 1068
751 737
223 650
650 972
972 1461
1461 1770
1770 697
697 1992
1992 1895
1895 1172
1172 1165
1165 223
1165 813
813 1172
1172 1507
1507 1895
1507 697
227 1933
1933 344
344 314
314 1424
1424 254
254 1766
1766 593
593 1175
1175 1829
1829 254
1829 1242
1242 1424
254 1516
1516 227
229 1668
1668 1167
1167 1548
1548 333
333 944
944 520
520 1167
520 928
928 378
378 694
694 288
288 1668
1167 486
486 1234
1234 229
235 1443
1443 250
250 1681
1681 1394
1394 443
443 1496
1496 613
613 1681
613 1314
1314 443
1314 301
301 1845
1845 1443
1845 235
1394 1443
237 595
595 570
570 423
423 595
423 237
570 237
240 487
487 1021
1021 1036
1036 1886
1886 384
384 240
1886 487
243 1189
1189 391
391 362
362 1023
1023 1720
1720 501
501 243
1720 391
362 716
716 391
245 1060
1060 1084
1084 383
383 300
300 991
991 1062
1062 465
465 1084
1062 1060
991 1060
383 1237
1237 1585
1585 1084
1237 791
791 245
246 1686
1686 420
420 1103
1103 890
890 1846
1846 246
1846 1103
1846 1955
1955 632
632 246
248 490
490 1646
1646 1740
1740 309
309 1246
1246 1730
1730 1740
1730 292
292 1339
1339 1740
1730 647
647 1740
647 1246
309 490
1740 248
251 1582
1582 1265
1265 365
365 1349
1349 1265
1349 1377
1377 1179
1179 1115
1115 1306
1306 686
686 1349
1115 251
1265 251
255 1108
1108 718
718 1549
1549 1403
1403 1026
1026 718
1549 255
260 358
358 1528
1528 1143
1143 605
605 1238
1238 748
748 849
849 1530
1530 1143
1530 708
708 1277
1277 260
1277 358
849 1631
1631 1238
748 260
264 616
616 1544
1544 1879
1879 1217
1217 1014
1014 1544
1217 1608
1608 1873
1873 1879
1873 264
1608 725
725 1879
725 1217
1608 565
565 264
1879 616
265 1015
1015 889
889 706
706 1586
1586 265
889 1391
1391 573
573 1683
1683 1906
1906 881
881 1015
1683 265
1391 265
267 910
910 583
583 981
981 1313
1313 267
1313 1400
1400 583
981 1642
1642 1662
1662 981
1662 583
1642 1981
1981 910
286 359
359 1253
1253 1287
1287 1693
1693 485
485 1986
1986 853
853 444
444 1504
1504 756
756 714
714 286
294 1599
1599 1367
1367 1774
1774 294
1367 930
930 294
1599 1308
1308 1074
1074 1578
1578 1457
1457 599
599 1308
1074 294
304 787
787 698
698 810
810 514
514 912
912 698
912 810
514 460
460 842
842 1746
1746 985
985 842
985 698
1746 460
842 304
810 1520
1520 698
321 343
343 1124
1124 533
533 1819
1819 321
1819 1361
1361 379
379 321
379 638
638 695
695 343
695 617
617 994
994 343
617 1489
1489 894
894 1819
638 1124
322 1027
1027 1602
1602 1825
1825 1983
1983 1092
1092 1347
1347 904
904 1092
904 1622
1622 1092
1347 322
323 428
428 1723
1723 1556
1556 428
1556 323
1556 993
993 323
428 1318
1318 323
327 1056
1056 1297
1297 1541
1541 434
434 1273
1273 1899
1899 327
1899 434
1899 1837
1837 648
648 830
830 434
830 504
504 434
504 530
530 1255
1255 434
504 1297
648 1273
336 1440
1440 1176
1176 1998
1998 1468
1468 943
943 1733
1733 1176
1733 1028
1028 336
1176 1708
1708 1381
1381 1483
1483 1440
339 1913
1913 1755
1755 677
677 794
794 405
405 677
405 1372
1372 677
794 1025
1025 1470
1470 677
1470 351
351 609
609 677
609 339
1025 339
341 1497
1497 1637
1637 1239
1239 1627
1627 1497
1637 341
1497 1002
1002 341
350 442
442 1410
1410 1809
1809 381
381 1862
1862 350
1862 1410
381 350
381 1410
1809 442
1809 350
1410 350
352 1475
1475 886
886 1427
1427 1241
1241 450
450 886
450 1984
1984 1475
1241 1090
1090 1475
1090 1427
886 352
361 615
615 508
508 1180
1180 1012
1012 1392
1392 1154
1154 1928
1928 361
1928 1392
1154 1843
1843 361
1154 361
1392 361
1392 526
526 361
380 1966
1966 439
439 580
580 728
728 782
782 1195
1195 636
636 380
728 941
941 580
386 1229
1229 1867
1867 1480
1480 386
1867 814
814 386
814 861
861 1867
814 1229
1867 459
459 1270
1270 1867
1867 386
388 841
841 1051
1051 388
1051 1908
1908 899
899 388
899 1666
1666 406
406 1908
899 841
1908 1959
1959 388
389 1141
1141 1140
1140 1773
1773 389
1773 1141
1141 627
627 566
566 1147
1147 1357
1357 389
1357 1450
1450 497
497 1141
397 1486
1486 1989
1989 1500
1500 971
971 1833
1833 1890
1890 1989
1890 1129
1129 1985
1985 1064
1064 1205
1205 1989
1205 1985
1205 1500
1205 1833
1205 1486
1985 971
1985 1833
1129 1989
1833 397
971 397
413 1739
1739 1320
1320 477
477 1553
1553 430
430 1714
1714 413
430 660
660 1735
1735 437
437 413
430 1494
1494 413
1553 1320
416 527
527 1411
1411 1734
1734 1506
1506 1591
1591 416
1506 1039
1039 998
998 1283
1283 1772
1772 1554
1554 1411
1039 1734
438 1621
1621 1271
1271 1016
1016 864
864 906
906 438
441 1921
1921 1206
1206 1251
1251 441
1206 1785
1785 1657
1657 1800
1800 1206
449 1166
1166 1077
1077 1975
1975 1472
1472 1132
1132 957
957 449
1132 1077
1975 1166
1166 1017
1017 449
1017 1444
1444 449
1444 1633
1633 1902
1902 449
456 1635
1635 1551
1551 1196
1196 1158
1158 456
1635 1360
1360 1413
1413 1934
1934 1031
1031 1360
1031 1488
1488 1880
1880 1360
1413 1341
1341 456
1360 456
461 1003
1003 1718
1718 1968
1968 1311
1311 1598
1598 1788
1788 1378
1378 1102
1102 1968
1102 461
1788 1138
1138 461
1138 1422
1422 1003
1422 1302
1302 1003
1138 1636
1636 1937
1937 2000
2000 749
749 1937
1937 461
1968 1003
463 1728
1728 1691
1691 1974
1974 1405
1405 744
744 463
473 644
644 1240
1240 473
1240 496
496 543
543 1240
543 644
496 473
484 1345
1345 1885
1885 1563
1563 1460
1460 844
844 484
1460 996
996 1563
996 1885
1563 1345
1563 838
838 1885
495 885
885 742
742 1889
1889 1093
1093 1088
1088 1706
1706 495
1088 742
1889 885
509 1485
1485 1512
1512 1543
1543 1485
1543 1583
1583 1225
1225 821
821 949
949 1512
821 1462
1462 1225
1512 1738
1738 509
518 531
531 1815
1815 915
915 1892
1892 1459
1459 518
549 1930
1930 1674
1674 896
896 1930
1674 634
634 1498
1498 999
999 549
1498 965
965 634
1674 549
551 1505
1505 1675
1675 1063
1063 1352
1352 875
875 711
711 1505
875 1505
1352 1275
1275 551
1675 551
559 806
806 1005
1005 1924
1924 1545
1545 870
870 1013
1013 1527
1527 1409
1409 1869
1869 1484
1484 1545
1484 1342
1342 1409
1484 1527
1869 870
1013 559
592 1526
1526 1233
1233 1569
1569 592
1526 995
995 937
937 592
597 1446
1446 1397
1397 1123
1123 1020
1020 1397
1020 1557
1557 1261
1261 1123
1261 1327
1327 597
1557 798
798 1918
1918 1123
607 911
911 736
736 607
736 1948
1948 607
1948 911
623 1721
1721 1944
1944 1477
1477 1697
1697 1818
1818 1732
1732 1152
1152 1533
1533 1803
1803 1152
1803 623
626 1743
1743 850
850 759
759 1639
1639 626
1639 897
897 1806
1806 690
690 850
1639 850
759 626
850 626
628 1303
1303 817
817 973
973 1109
1109 1001
1001 1358
1358 628
817 1207
1207 1057
1057 1303
631 1831
1831 1894
1894 1406
1406 1778
1778 1831
1778 1388
1388 631
646 734
734 1532
1532 646
1532 874
874 940
940 1532
874 1744
1744 1096
1096 804
804 1264
1264 1919
1919 1703
1703 804
1919 734
804 1570
1570 646
1744 1386
1386 646
671 1284
1284 1122
1122 969
969 1976
1976 1284
1976 1741
1741 671
969 1284
1284 1043
1043 671
676 825
825 1018
1018 705
705 676
705 1626
1626 825
1626 1630
1630 825
1630 809
809 676
809 1626
689 1008
1008 1878
1878 789
789 1482
1482 801
801 1566
1566 770
770 801
1566 1665
1665 1157
1157 689
879 1146
1146 888
888 1590
1590 962
962 1972
1972 879
1037 1821
1821 1414
1414 1144
1144 1037
1414 1037
1142 1907
1907 1490
1490 1914
1914 1907
1914 1142
1914 1931
1931 1907
1931 1142
1490 1142
1216 1709
1709 1389
1389 1781
1781 1663
1663 1538
1538 1757
1757 1581
1581 1709
1663 1709
1663 1216
1781 1709
