1 1684
1684 1347
1347 431
431 1884
1884 19
19 1074
1074 1401
1401 1018
1018 852
852 504
504 43
43 817
817 531
531 156
156 1195
1195 78
78 1188
1188 1758
1758 415
415 1238
1238 1445
1445 771
771 670
670 1536
1536 822
822 1445
822 656
656 1337
1337 1749
1749 440
440 218
218 857
857 440
857 57
57 440
57 1340
1340 1032
1032 49
49 1470
1470 337
337 61
61 296
296 1001
1001 1459
1459 1971
1971 1949
1949 735
735 1152
1152 1574
1574 1394
1394 1101
1101 1066
1066 1971
1066 1574
1066 735
1101 1368
1368 1394
1368 1965
1965 22
22 1949
22 1394
22 1387
1387 1152
1387 735
1965 1971
1368 1459
1101 1459
1394 1459
1574 735
1574 1459
735 1971
1949 178
178 189
189 709
709 1495
1495 1949
1495 1027
1027 1702
1702 178
1702 1495
1027 231
231 1377
1377 1746
1746 1208
1208 178
1746 178
231 189
1495 1448
1448 1268
1268 155
155 1484
1484 1646
1646 1949
1268 1644
1644 189
189 542
542 1693
1693 35
35 853
853 1902
1902 1485
1485 279
279 957
957 1535
1535 1053
1053 484
484 486
486 1637
1637 1497
1497 968
968 1323
1323 1405
1405 1968
1968 1619
1619 1492
1492 647
647 936
936 1518
1518 1546
1546 647
1518 1323
936 1323
936 1968
936 1492
647 1405
1968 943
943 1309
1309 616
616 574
574 341
341 292
292 638
638 1123
1123 616
1123 808
808 564
564 424
424 616
424 1968
808 1309
808 616
808 638
638 574
341 943
341 616
574 1494
1494 1145
1145 1970
1970 1199
1199 225
225 1145
225 1804
1804 1970
1804 1199
1804 1494
1199 1145
1199 574
1970 1494
1145 1632
1632 1157
1157 1294
1294 599
599 614
614 1006
1006 1235
1235 1744
1744 1144
1144 1469
1469 1132
1132 1010
1010 1315
1315 1469
1315 334
334 1658
1658 1235
1658 1540
1540 1468
1468 694
694 764
764 954
954 886
886 848
848 388
388 677
677 1122
1122 1743
1743 1160
1160 507
507 566
566 868
868 1819
1819 1358
1358 527
527 144
144 779
779 390
390 902
902 527
390 1143
1143 1504
1504 1819
1504 144
1143 1819
1143 485
485 144
485 1358
1143 779
1143 1064
1064 713
713 1712
1712 373
373 1136
1136 955
955 944
944 1064
944 1569
1569 359
359 1671
1671 1330
1330 1228
1228 592
592 778
778 583
583 299
299 1287
1287 525
525 1436
1436 1730
1730 525
1730 186
186 1923
1923 706
706 769
769 695
695 434
434 240
240 232
232 991
991 1280
1280 1985
1985 1019
1019 1182
1182 761
761 1471
1471 1182
1471 1523
1523 1019
1523 761
1523 1522
1522 307
307 1019
307 1878
1878 1985
307 1182
307 1280
1522 1182
1522 392
392 1182
392 1019
1522 1985
761 1019
1182 626
626 1704
1704 137
137 1981
1981 346
346 708
708 284
284 1990
1990 889
889 63
63 76
76 1609
1609 133
133 346
133 889
133 1173
1173 708
1609 889
1609 63
1609 284
76 708
63 284
889 1348
1348 685
685 46
46 770
770 1474
1474 795
795 1654
1654 46
1654 1063
1063 1888
1888 46
1888 51
51 1126
1126 1079
1079 1513
1513 1989
1989 244
244 1026
1026 1513
1026 1456
1456 1989
1456 93
93 1762
1762 1931
1931 138
138 1079
138 400
400 221
221 93
1931 1230
1230 1250
1250 1727
1727 887
887 179
179 1663
1663 513
513 1727
513 887
513 1178
1178 683
683 482
482 617
617 214
214 327
327 632
632 179
632 268
268 1442
1442 930
930 210
210 1142
1142 1221
1221 1258
1258 1038
1038 660
660 1086
1086 1974
1974 1258
1974 166
166 660
166 1258
166 1133
1133 660
1133 701
701 660
701 1038
701 1821
1821 166
1821 1086
1821 1133
1821 1038
701 1086
701 1258
1133 1086
1133 1974
1974 1038
1086 1038
660 68
68 408
408 1787
1787 1057
1057 1592
1592 663
663 1057
663 766
766 1605
1605 68
1605 408
663 1313
1313 1787
1592 1479
1479 1956
1956 785
785 1787
785 1973
1973 167
167 1409
1409 1285
1285 1913
1913 757
757 1622
1622 1913
757 1581
1581 116
116 1409
116 1567
1567 757
1567 1913
116 1273
1273 985
985 1586
1586 329
329 1737
1737 458
458 1586
458 867
867 329
458 1273
1737 933
933 1957
1957 1262
1262 1839
1839 1957
1839 662
662 1037
1037 1363
1363 241
241 1573
1573 451
451 1575
1575 669
669 45
45 1670
1670 1747
1747 1721
1721 174
174 1573
174 45
174 1670
1721 1575
1721 45
1670 1641
1641 1575
1641 451
1641 1361
1361 669
1670 451
451 1685
1685 226
226 693
693 1685
693 1803
1803 1752
1752 915
915 1106
1106 1752
1106 1803
1106 226
1106 1685
915 1803
915 1092
1092 1685
1092 1752
1092 693
915 226
915 451
1752 226
1752 693
1803 1118
1118 1603
1603 115
115 304
304 1180
1180 405
405 480
480 249
249 1783
1783 1180
1783 304
1783 115
249 1603
249 494
494 1297
1297 1824
1824 1954
1954 1223
1223 475
475 788
788 7
7 885
885 879
879 1508
1508 81
81 74
74 325
325 1557
1557 237
237 1611
1611 1583
1583 74
1583 159
159 1894
1894 1255
1255 344
344 183
183 1583
1255 1090
1090 1894
1583 173
173 1033
1033 172
172 1219
1219 956
956 904
904 1745
1745 946
946 1100
1100 1745
1100 898
898 946
898 1745
898 575
575 1512
1512 94
94 170
170 831
831 1677
1677 1657
1657 1433
1433 1585
1585 1056
1056 1871
1871 396
396 891
891 824
824 396
824 652
652 1791
1791 1657
1791 396
652 1433
891 1089
1089 396
891 1585
396 1433
396 1585
396 894
894 1657
894 1056
894 1433
1871 1433
1056 1433
1056 1677
1585 1181
1181 1346
1346 1763
1763 353
353 264
264 880
880 1763
880 953
953 1763
953 353
953 264
953 861
861 353
861 1396
1396 264
1396 880
1396 353
1396 1763
1396 953
861 880
861 1763
861 264
880 353
264 1763
353 1319
1319 357
357 675
675 786
786 1953
1953 809
809 1940
1940 1953
1940 252
252 222
222 1774
1774 469
469 1607
1607 720
720 185
185 176
176 291
291 185
291 1825
1825 1408
1408 185
1408 130
130 1879
1879 555
555 1488
1488 384
384 58
58 555
58 1710
1710 1879
1710 555
1710 384
1710 1488
58 1372
1372 1488
1372 555
384 555
555 603
603 577
577 483
483 1452
1452 1103
1103 1158
1158 1452
1158 1455
1455 1992
1992 966
966 603
966 1452
966 1103
966 555
966 577
966 1158
1992 368
368 1455
368 555
368 603
368 483
1992 1103
1992 804
804 389
389 247
247 1146
1146 1635
1635 1788
1788 1876
1876 1389
1389 1829
1829 756
756 1265
1265 1070
1070 1788
1070 1203
1203 1146
1203 1788
1265 1992
756 537
537 1876
1829 1146
1146 1626
1626 1551
1551 1146
1551 1773
1773 844
844 1299
1299 375
375 1004
1004 1480
1480 1623
1623 637
637 734
734 1640
1640 942
942 926
926 1397
1397 1640
1397 1505
1505 874
874 124
124 393
393 689
689 1594
1594 1958
1958 1830
1830 393
1830 124
1830 1594
1958 689
1958 815
815 1594
815 951
951 24
24 597
597 1333
1333 1777
1777 14
14 569
569 1098
1098 105
105 1227
1227 1777
1227 160
160 841
841 20
20 1366
1366 1676
1676 1202
1202 1302
1302 1366
1302 841
1302 20
1302 1227
1202 20
1676 20
1366 1681
1681 841
20 997
997 878
878 723
723 655
655 394
394 333
333 1516
1516 208
208 655
208 333
1516 684
684 878
684 997
1516 394
1516 878
333 1501
1501 394
1501 1317
1317 820
820 565
565 113
113 1059
1059 1270
1270 113
1270 793
793 161
161 870
870 113
870 793
870 1317
161 565
161 820
161 302
302 422
422 715
715 820
715 1317
422 1059
302 113
161 1501
793 1501
793 565
113 1501
113 1317
565 782
782 142
142 1206
1206 442
442 1431
1431 1072
1072 1993
1993 442
1993 39
39 1431
39 1052
1052 1072
1052 1993
39 219
219 1431
219 1310
1310 1431
1310 627
627 1431
627 39
627 442
1310 1072
219 1072
219 1104
1104 1072
1104 39
1072 442
1072 38
38 1532
1532 125
125 680
680 1140
1140 1662
1662 1013
1013 107
107 1928
1928 962
962 1012
1012 654
654 90
90 725
725 967
967 1572
1572 318
318 992
992 86
86 1034
1034 714
714 1576
1576 1655
1655 445
445 1885
1885 1576
445 992
1655 714
1576 318
86 1014
1014 732
732 967
732 1572
86 1572
318 967
1572 775
775 502
502 1245
1245 198
198 1148
1148 1245
1148 1572
1148 1719
1719 502
1719 1245
1719 1813
1813 1765
1765 1420
1420 1813
1420 1239
1239 1192
1192 1078
1078 1239
1078 1370
1370 1962
1962 612
612 1370
612 1664
1664 1356
1356 473
473 1192
1356 1192
1356 612
1356 1370
1664 1078
612 710
710 1239
710 1370
612 1093
1093 1478
1478 509
509 702
702 826
826 509
826 1093
826 468
468 859
859 702
859 1478
468 1093
468 509
826 612
826 1478
702 1478
702 1093
509 612
1093 1542
1542 162
162 1135
1135 505
505 1062
1062 92
92 634
634 539
539 414
414 152
152 1754
1754 1407
1407 1276
1276 511
511 1269
1269 150
150 114
114 718
718 423
423 847
847 1269
847 1908
1908 511
847 1545
1545 199
199 972
972 383
383 1815
1815 871
871 1739
1739 1457
1457 871
1457 1659
1659 85
85 354
354 1325
1325 343
343 377
377 1325
377 602
602 242
242 372
372 1796
1796 242
1796 277
277 1890
1890 602
1890 242
1890 79
79 242
79 372
79 277
79 602
79 377
79 1796
1890 372
1890 377
277 372
277 377
277 602
277 242
1796 377
1796 602
372 602
372 377
242 1986
1986 1168
1168 1200
1200 1709
1709 1969
1969 604
604 1986
604 736
736 1969
736 1200
736 1986
604 242
1969 1108
1108 433
433 1137
1137 1978
1978 679
679 1137
679 1108
679 865
865 650
650 1108
650 1969
650 433
650 679
650 1978
865 1137
679 433
1978 433
1978 1108
433 1000
1000 888
888 722
722 1000
722 1643
1643 1937
1937 44
44 1979
1979 433
1979 1963
1963 1695
1695 721
721 44
1695 258
258 661
661 1000
1963 1643
44 1334
1334 1088
1088 1937
44 1344
1344 323
323 755
755 1463
1463 534
534 1926
1926 1565
1565 112
112 454
454 1881
1881 1891
1891 1514
1514 760
760 1174
1174 1881
1174 454
1174 1848
1848 1232
1232 1881
1232 895
895 29
29 760
1848 625
625 760
625 613
613 1514
613 454
1881 974
974 1414
1414 978
978 23
23 1324
1324 331
331 1486
1486 430
430 587
587 1735
1735 1486
1735 1972
1972 794
794 262
262 1115
1115 430
1115 1972
587 1899
1899 1881
331 1414
1324 974
1414 1290
1290 1264
1264 928
928 1414
928 340
340 126
126 1947
1947 1290
1947 127
127 1414
1947 340
340 1549
1549 938
938 1290
938 72
72 18
18 1674
1674 697
697 1491
1491 699
699 975
975 1114
1114 194
194 1491
194 1656
1656 1022
1022 1207
1207 1491
1207 194
1207 699
1207 862
862 790
790 1305
1305 533
533 257
257 319
319 1381
1381 257
1381 102
102 257
102 255
255 838
838 873
873 99
99 664
664 171
171 595
595 1241
1241 140
140 1489
1489 99
1489 171
140 664
140 873
140 622
622 873
622 99
622 875
875 1620
1620 838
1620 589
589 875
589 306
306 950
950 98
98 184
184 559
559 1193
1193 1234
1234 1411
1411 1390
1390 1652
1652 553
553 1559
1559 1811
1811 1645
1645 659
659 1811
659 553
1645 1350
1350 164
164 609
609 464
464 1922
1922 499
499 883
883 1952
1952 164
1952 1350
1952 108
108 609
1952 499
883 164
499 157
157 164
157 609
499 1350
1922 609
609 1350
164 1906
1906 84
84 1844
1844 271
271 426
426 175
175 929
929 1077
1077 791
791 426
791 929
791 175
791 932
932 1784
1784 1345
1345 437
437 1084
1084 123
123 1723
1723 437
1723 568
568 425
425 1466
1466 1048
1048 1081
1081 546
546 15
15 148
148 1369
1369 1400
1400 263
263 1842
1842 1706
1706 148
1842 990
990 581
581 1213
1213 1660
1660 1647
1647 467
467 1776
1776 1509
1509 1091
1091 960
960 280
280 1141
1141 1177
1177 1740
1740 457
457 610
610 1715
1715 1187
1187 77
77 457
77 610
77 1218
1218 610
1218 908
908 1740
1187 573
573 1875
1875 1187
573 610
1187 610
610 1177
610 909
909 1834
1834 1775
1775 803
803 909
803 449
449 1009
1009 1046
1046 1588
1588 937
937 1554
1554 1588
1554 1029
1029 937
1029 1083
1083 449
1029 1598
1598 803
1598 1046
1554 803
937 1169
1169 1413
1413 840
840 417
417 571
571 949
949 526
526 132
132 1667
1667 1467
1467 571
1467 1817
1817 789
789 438
438 810
810 982
982 1162
1162 1799
1799 1537
1537 1817
1537 1162
1799 810
1162 1817
982 512
512 1224
1224 1856
1856 512
1224 466
466 273
273 350
350 1087
1087 493
493 665
665 969
969 191
191 493
969 1907
1907 466
1907 1296
1296 600
600 983
983 1805
1805 746
746 562
562 1636
1636 1185
1185 648
648 746
648 1895
1895 846
846 562
846 363
363 1636
363 1895
1895 731
731 746
731 1185
1895 562
648 1296
648 562
562 382
382 1054
1054 27
27 1555
1555 352
352 1441
1441 1555
1441 1107
1107 48
48 1441
1107 876
876 1054
1441 27
1441 1832
1832 678
678 463
463 1836
1836 1713
1713 1150
1150 349
349 1357
1357 1980
1980 398
398 1150
398 1836
1980 1150
1357 678
1357 1713
349 1794
1794 678
1794 1816
1816 497
497 463
497 1713
1816 1713
1816 1836
1794 463
1150 1936
1936 1750
1750 752
752 1429
1429 212
212 1911
1911 1261
1261 1429
1261 752
1911 446
446 1150
446 765
765 1750
765 1911
446 1905
1905 1936
1905 1429
212 1936
212 752
212 1150
1429 1060
1060 780
780 1793
1793 1060
1793 1429
1793 1838
1838 1215
1215 411
411 1800
1800 1283
1283 411
1283 1391
1391 523
523 419
419 729
729 1689
1689 508
508 1205
1205 819
819 1438
1438 1212
1212 1404
1404 836
836 259
259 508
836 523
1404 754
754 1212
754 1438
754 819
1404 819
1212 668
668 1864
1864 923
923 453
453 1328
1328 1548
1548 453
1548 1425
1425 234
234 1877
1877 1694
1694 668
1694 453
1877 1425
1877 1759
1759 923
1759 1212
1425 276
276 1984
1984 1608
1608 796
796 305
305 1435
1435 428
428 1729
1729 849
849 843
843 1214
1214 759
759 676
676 773
773 1196
1196 743
743 890
890 1278
1278 743
1278 1729
743 759
1196 849
773 849
1214 519
519 465
465 958
958 1214
958 519
958 1564
1564 753
753 1214
753 519
1564 1298
1298 465
1298 1226
1226 1578
1578 1697
1697 1959
1959 1673
1673 519
1673 465
1673 1564
1673 1298
1959 1564
1578 905
905 605
605 1439
1439 1527
1527 1222
1222 910
910 1600
1600 832
832 1248
1248 1050
1050 356
356 911
911 639
639 828
828 619
619 1600
619 1248
619 811
811 1630
1630 911
1630 1248
1630 356
811 1286
1286 585
585 1571
1571 1975
1975 811
1975 1067
1067 397
397 585
1067 585
1571 548
548 585
548 1225
1225 1240
1240 548
1240 1571
1225 585
548 1286
548 811
1286 256
256 1045
1045 1292
1292 1308
1308 1045
1308 1055
1055 1256
1256 812
812 1314
1314 1045
1314 1165
1165 812
1165 1256
1165 1055
1165 1292
1165 1272
1272 1045
1272 1308
1272 812
1272 1055
1272 1256
1272 1314
1314 1292
812 1045
1256 1045
1256 1308
1055 671
671 1599
1599 864
864 671
864 547
547 767
767 1590
1590 671
1590 864
1590 1599
1590 947
947 547
947 671
947 864
947 1055
947 1599
947 767
1590 547
1590 1055
767 1599
767 864
767 671
547 1055
547 671
547 1599
864 1055
1599 1055
1055 1292
1045 1539
1539 1490
1490 920
920 582
582 256
582 1851
1851 26
26 1720
1720 920
26 1286
26 1823
1823 1045
26 653
653 1539
1851 1045
1490 1045
1490 1286
811 911
811 1600
811 910
811 1248
828 1222
1050 1222
1222 1005
1005 905
1005 1527
1005 1439
1005 522
522 1117
1117 1439
1117 1527
1117 1306
1306 1527
1306 905
1117 605
1222 1418
1418 605
1418 1527
1418 905
1418 1578
1418 1439
1222 905
1527 605
1439 905
1578 1564
1578 958
1226 1564
1214 849
1729 1124
1124 796
1124 1435
1729 272
272 1510
1510 428
1510 1729
272 1425
1729 1425
428 1984
1435 1984
1425 912
912 1548
912 1864
453 1864
1212 1792
1792 523
1792 1689
1212 1391
819 1689
1205 419
1205 1689
729 523
1391 411
1391 345
345 201
201 1215
201 1391
201 1800
345 907
907 1283
907 1391
1283 1215
1215 1060
1215 780
1215 1429
1215 1793
1838 1429
1838 780
1838 1060
780 1429
1429 1936
752 1936
752 1150
1713 463
678 1007
1007 922
922 1832
922 62
62 1007
62 1832
62 1095
1095 381
381 1073
1073 1007
922 211
211 1837
1837 1832
1837 959
959 211
959 1410
1410 1441
1837 1007
1441 1054
1555 631
631 27
27 1826
1826 562
1826 1054
1826 382
562 600
746 1296
1805 600
1296 1487
1487 969
1487 493
1296 1113
1113 466
1113 529
529 1904
1904 273
1907 665
466 1432
1432 378
378 688
688 1388
1388 69
69 1924
1924 1502
1502 762
762 1385
1385 69
1385 1440
1440 981
981 1432
1385 1388
688 1224
378 466
466 512
512 789
438 1467
1667 937
1667 840
937 803
937 449
803 1834
803 1886
1886 1834
1886 909
803 1718
1718 909
1775 909
1775 837
837 610
837 909
837 1732
1732 1775
1775 610
1177 358
358 467
1177 1568
1568 1419
1419 1776
1419 280
1568 280
1177 467
1509 1647
1647 1213
1647 990
1647 1191
1191 581
1191 1213
1191 990
1191 1660
1647 581
1660 581
1660 990
1213 990
990 148
990 263
1400 1048
1400 611
611 41
41 1048
611 1081
1048 437
1466 1084
1466 932
425 1028
1028 123
1084 932
1084 1784
932 175
932 287
287 175
932 1077
1077 175
929 271
929 426
271 687
687 1844
687 84
271 1906
271 1614
1614 1003
1003 1844
1003 164
1614 1906
1350 827
827 1652
1645 274
274 1156
1156 1058
1058 1390
1156 1559
1390 1449
1449 545
545 1193
545 1390
545 207
207 1449
207 1544
1544 1326
1326 1390
1326 976
976 1612
1612 1977
1977 1193
976 1544
207 1234
1449 1193
1193 1526
1526 1507
1507 559
1507 98
1526 748
748 559
748 184
748 1916
1916 1882
1882 1193
1916 1193
1916 559
1526 98
98 366
366 455
455 1521
1521 98
455 308
308 994
994 1699
1699 1279
1279 1252
1252 584
584 306
1252 589
1279 366
1699 589
455 950
589 171
589 664
589 140
875 171
1241 664
595 838
838 1311
1311 255
1311 862
1311 102
838 1305
838 257
838 102
838 533
255 319
255 790
102 1305
1381 862
257 1305
862 975
1207 975
1022 699
1656 1233
1233 975
1656 1114
1656 975
1656 1491
194 975
1114 699
1491 1944
1944 850
850 1109
1109 1674
1109 1944
1109 72
850 18
850 938
1944 18
1944 697
1491 72
697 72
1549 193
193 328
328 928
193 1414
193 340
454 1565
454 44
1565 755
1937 1000
1643 433
433 1969
1969 1986
1969 1200
1709 1168
377 1896
1896 829
829 343
829 742
742 1325
742 1898
1898 1896
1898 1795
1795 377
1795 742
742 1896
742 50
50 343
50 110
110 1896
50 1896
742 377
1896 343
1325 85
1325 310
310 418
418 1659
418 1930
1930 481
481 1659
481 310
481 1638
1638 1659
1638 85
481 1129
1129 310
481 418
1930 1659
310 85
1659 608
608 1739
1659 129
129 1929
1929 1815
1929 871
1929 1659
129 383
129 1457
1659 383
1659 871
1739 1815
1739 383
383 197
197 1802
1802 1595
1595 199
1595 197
1802 728
728 199
728 1945
1945 1938
1938 383
1945 199
1945 383
1945 197
728 383
383 199
199 1556
1556 114
423 1276
718 1216
1216 511
150 1276
1276 1464
1464 1407
1464 92
1754 505
152 634
414 1062
505 1099
1099 1135
1099 315
315 1672
1672 538
538 162
1672 1093
315 1093
505 1542
1135 1542
1962 1078
1962 1239
1239 1813
1239 1341
1341 596
596 1239
596 1765
596 321
321 1813
321 1420
321 1239
1341 1420
1239 1765
1239 839
839 1420
839 1765
1813 502
1813 1204
1204 502
1813 1245
1813 1572
1813 198
1719 775
198 1572
198 502
502 1572
967 1511
1511 95
95 560
560 1140
95 1013
1511 1662
725 1380
1380 1012
1380 1617
1617 654
1617 90
725 1012
1012 1662
1140 347
347 1753
1753 253
253 854
854 1861
1861 347
1861 1500
1500 9
9 1665
1665 347
1665 692
692 253
692 9
1665 1861
9 1753
9 854
9 347
1500 347
1500 1753
1500 125
854 971
971 253
253 680
253 347
253 125
253 1140
347 680
1140 125
125 1760
1760 38
1760 1072
1760 719
719 251
251 1532
719 444
444 1102
1102 988
988 1900
1900 1532
1900 1072
444 1392
1392 125
442 142
442 572
572 963
963 737
737 565
737 644
644 142
644 572
644 963
737 1206
963 1331
1331 782
1331 442
1331 1206
963 1591
1591 142
963 565
572 565
572 1206
442 782
1501 723
394 723
394 360
360 723
360 997
655 1661
1661 723
878 20
20 1227
841 348
348 1476
1476 160
1227 1618
1618 105
1618 100
100 1335
1335 712
712 14
105 1777
1777 866
866 1163
1163 1707
1707 1777
1707 1333
1707 951
1707 866
1163 951
1163 24
866 1333
866 24
1777 623
623 951
623 24
1777 597
951 1594
951 393
815 393
815 689
124 1633
1633 223
223 1563
1563 17
17 165
165 1757
1757 124
1757 700
700 124
165 1633
165 124
17 223
223 1505
1633 874
1505 942
1505 926
1505 1105
1105 1948
1948 1397
1948 734
1948 926
1105 926
1105 1397
1105 1640
1105 734
1397 734
1397 942
1397 1035
1035 1640
1035 926
1035 942
926 734
942 734
734 918
918 1623
918 1870
1870 734
1870 637
918 6
6 598
598 918
6 637
6 143
143 734
143 1623
734 1623
1623 131
131 524
524 941
941 510
510 1623
510 375
131 375
131 1480
1623 1773
1773 588
588 209
209 1146
209 1551
209 1773
209 1626
209 682
682 1626
682 1146
682 1551
682 1773
588 1146
588 1626
588 1551
1773 1146
1773 1626
1992 577
1992 603
1992 483
1992 1452
1103 555
1452 603
1879 1825
1879 185
1879 1408
1879 291
1879 176
130 291
130 185
130 1825
130 176
1825 185
1825 176
185 1774
185 222
185 1607
720 469
720 1543
1543 1774
1543 469
720 1774
720 252
720 222
1607 222
1607 252
469 222
1774 252
252 412
412 809
412 1940
412 1953
412 675
412 88
88 1953
88 809
252 357
252 675
1940 357
1940 675
1940 786
1953 357
357 1631
1631 558
558 541
541 1679
1679 1772
1772 1360
1360 1534
1534 1742
1742 1631
1360 1307
1307 877
877 2
2 727
727 353
1307 558
1772 1781
1781 1319
1781 1520
1520 787
787 1319
558 357
1763 1181
1763 1585
1763 202
202 1585
202 1346
202 1181
1346 1585
1585 1657
1433 831
831 1017
1017 190
190 435
435 94
831 806
806 1731
1731 575
806 1512
831 94
575 1257
1257 946
1257 1745
1257 1100
575 1745
575 946
575 1100
1745 996
996 1666
1666 66
66 1033
66 402
402 1745
1666 1982
1982 1809
1809 956
996 1751
1751 260
260 904
1745 1033
1033 1998
1998 1583
1033 82
82 91
91 1611
1583 325
74 561
561 81
561 205
205 1473
1473 81
1473 724
724 81
724 550
550 205
550 1473
550 561
550 81
724 205
724 1863
1863 999
999 1426
1426 1789
1789 674
674 561
674 313
313 81
1789 74
1789 205
1426 74
1863 1508
1863 205
1863 561
1508 187
187 940
940 1780
1780 288
288 187
288 1378
1378 1220
1220 1223
1220 1589
1589 940
1589 885
1589 227
227 1220
940 1508
187 7
1508 885
1223 1550
1550 1627
1627 1770
1770 290
290 1954
290 28
28 1862
1862 973
973 1153
1153 1627
973 1223
973 1824
1862 798
798 87
87 1223
87 777
777 1223
777 1862
798 1770
1550 1824
1954 1297
1297 556
556 1180
1297 1180
1297 1803
494 304
1803 1685
1573 536
536 1363
1573 1634
1634 662
1634 704
704 528
528 1291
1291 933
1634 1262
1573 662
241 1262
933 1273
933 733
733 590
590 1737
590 116
329 1273
1581 1913
1581 785
1913 1409
1913 167
1285 1973
1409 785
1409 1973
785 1403
1403 1787
1956 68
1592 97
97 1454
1454 408
408 660
1258 210
1258 930
1258 268
1142 632
1142 930
210 1254
1254 1318
1318 268
1254 268
1254 1442
632 887
632 1727
327 482
214 1663
617 1865
1865 887
1865 179
683 1663
1178 1250
179 1250
1250 730
730 1068
1068 624
624 935
935 1127
1127 1933
1933 1686
1686 1293
1293 1915
1915 1966
1966 1068
1915 1250
1293 624
1686 730
1686 935
1933 1250
1127 1230
1230 1888
1230 1513
1762 244
1762 1530
1530 1126
244 1888
1063 1375
1375 1806
1806 770
1806 889
1806 685
1063 685
1063 355
355 685
1654 1348
795 46
1474 46
1474 685
346 270
270 1798
1798 346
346 395
395 1703
1703 5
5 1182
5 626
1182 1280
1280 769
1280 1653
1653 240
991 351
351 240
351 434
351 769
232 863
863 769
863 695
863 434
769 1923
706 1287
706 1436
706 934
934 525
934 1923
1923 525
1923 1730
186 525
1287 1281
1281 1671
1281 299
299 592
299 1728
1728 583
1728 1228
1728 778
583 1228
583 1330
778 1671
1228 1671
1671 944
359 713
359 1712
1569 1064
1136 1367
1367 1422
1422 1064
1064 527
1064 1819
1819 459
459 47
47 566
47 1819
47 1161
1161 507
1161 206
206 566
206 47
1819 507
507 886
507 764
1160 8
8 470
470 886
470 1779
1779 694
8 267
267 1472
1472 1743
1472 954
8 954
1160 1726
1726 954
694 1132
1468 1379
1379 1010
1379 334
1468 1744
1468 1469
1540 334
1540 1010
1658 1144
334 1010
1010 1469
1132 1235
1132 1744
1235 238
238 1006
238 614
238 407
407 1235
407 1006
1235 614
1235 599
1006 599
1006 1458
1458 599
599 1632
599 1987
1987 751
751 40
40 1157
751 1395
1395 1632
1987 521
521 1427
1427 881
881 1294
599 1349
1349 540
540 1145
540 599
1349 1632
616 1968
1968 968
968 1023
1023 781
781 1705
1705 1497
781 330
330 1561
1561 781
1561 860
860 514
514 1637
330 1637
781 968
1023 1497
1497 486
486 957
486 1053
486 1535
484 1994
1994 1053
1994 279
1994 1535
484 957
484 279
484 1535
1053 279
1053 1485
1535 279
957 1485
1485 696
696 921
921 33
33 696
33 189
921 591
591 1902
696 1189
1189 1902
1189 1485
1189 542
1485 853
1902 1693
1459 1424
1424 283
283 1459
283 1714
1714 1001
1714 1424
1714 296
1714 1459
1714 61
283 1001
283 61
283 296
1424 1001
1424 61
1424 296
1459 296
1459 61
1001 61
61 1032
61 1562
1562 337
1562 1470
1562 456
456 337
1562 49
1470 1355
1355 49
1032 1749
1032 57
1032 857
1340 440
1340 740
740 1749
740 1376
1376 218
1340 857
1749 415
1749 822
1749 771
1749 1238
1749 670
1337 1445
1337 670
656 1536
656 1445
822 1238
822 670
822 771
822 415
1536 415
1536 1238
670 1238
670 415
771 415
1445 415
415 531
1188 927
927 1365
1365 1267
1267 1076
1076 799
799 78
531 1384
1384 300
300 43
300 1074
1384 1074
1384 852
1384 1401
1384 43
531 43
817 504
43 1018
43 1401
852 1401
1401 1669
1669 1074
1074 711
711 1151
1151 1347
711 1
1074 1
1074 431
1074 1164
1164 431
1164 1
1164 19
19 1
1884 1684
431 479
479 1
479 1282
1282 1061
1061 1579
1579 1541
1541 1061
1541 380
380 52
52 500
500 1316
1316 833
833 380
833 807
807 1288
1288 478
478 52
478 31
31 380
31 52
31 500
478 500
478 1892
1892 1300
1300 578
578 1941
1941 1828
1828 1289
1289 1941
1289 1892
1289 1300
1289 952
952 1901
1901 1892
1901 1828
1901 1941
1901 1327
1327 1785
1785 1828
1785 1892
1327 952
1327 1941
1327 578
952 1941
952 1892
1828 1300
1828 1892
1300 472
472 1382
1382 32
32 1999
1999 1040
1040 834
834 1021
1021 215
215 1860
1860 1121
1121 1393
1393 1914
1914 1021
1914 1237
1237 998
998 429
429 1051
1051 385
385 215
385 1179
1179 1051
1051 1393
429 834
429 1021
998 1393
998 834
1237 1393
1393 1021
1860 1021
1860 1903
1903 1766
1766 1430
1430 181
181 1031
1031 1903
1031 128
128 21
21 1724
1724 30
30 1183
1183 1412
1412 266
266 800
800 1935
1935 1352
1352 1996
1996 1030
1030 745
745 1402
1402 64
64 872
872 1996
872 1030
872 1402
64 1570
1570 476
476 1596
1596 153
153 1159
1159 361
361 1733
1733 1498
1498 406
406 1210
1210 1738
1738 1025
1025 1733
1025 1498
1025 1818
1818 1498
1818 552
552 586
586 506
506 1854
1854 374
374 1734
1734 67
67 586
67 374
1734 1711
1711 643
643 939
939 403
403 104
104 1277
1277 939
1277 432
432 403
432 104
1277 643
1277 856
856 427
427 1094
1094 919
919 452
452 65
65 948
948 818
818 758
758 488
488 427
488 452
758 1339
1339 948
758 919
818 856
65 856
65 1094
452 1125
1125 1529
1529 196
196 1211
1211 1725
1725 741
741 1988
1988 1874
1874 275
275 1547
1547 1322
1322 897
897 1725
1322 1024
1024 12
12 1342
1342 618
618 1918
1918 12
618 1547
1342 741
1024 1547
1024 1725
1547 658
658 1725
658 741
658 1995
1995 1910
1910 686
686 1950
1950 1910
1950 1814
1814 1910
1814 658
686 1036
1036 1801
1801 1808
1808 1172
1172 1604
1604 254
254 1887
1887 135
135 1194
1194 200
200 1131
1131 1243
1243 56
56 1808
56 1172
1243 254
1243 1194
1243 1808
1243 1172
1131 1808
200 254
1194 1887
1194 204
204 106
106 1184
1184 204
1184 1648
1648 1194
1648 106
1184 1961
1961 106
1961 1883
1883 636
636 1011
1011 303
303 651
651 1883
651 1011
651 1960
1960 1011
1960 636
1960 303
1960 1883
1960 1961
651 1961
651 636
303 1883
303 1961
303 636
1011 1883
1011 1002
1002 461
461 1651
1651 830
830 1499
1499 1119
1119 261
261 1651
261 1499
1119 1002
1119 830
1119 1134
1134 1011
1134 1524
1524 1499
1524 461
1499 1597
1597 10
10 1651
10 1499
10 1011
1499 1011
830 169
169 462
462 842
842 1069
1069 139
139 332
332 1406
1406 169
332 1128
1128 1069
1128 672
672 768
768 1015
1015 672
1015 830
1015 139
1015 518
518 1069
518 802
802 1528
1528 139
802 1190
1190 855
855 236
236 1692
1692 216
216 567
567 667
667 1263
1263 1042
1042 146
146 629
629 1790
1790 1682
1682 1602
1602 297
297 216
297 567
297 1042
297 667
1602 567
1602 1244
1244 80
80 744
744 825
825 369
369 1841
1841 1244
1841 80
1841 516
516 1417
1417 995
995 265
265 60
60 801
801 1767
1767 1810
1810 570
570 1139
1139 1708
1708 1364
1364 1284
1284 961
961 1782
1782 439
439 1810
439 1139
1782 1831
1831 1708
1782 1364
1284 1139
1364 168
168 1461
1461 892
892 1266
1266 37
37 1601
1601 738
738 970
970 792
792 379
379 1481
1481 1447
1447 1722
1722 1274
1274 1566
1566 792
1566 379
1566 1246
1246 1893
1893 1039
1039 1845
1845 1717
1717 1849
1849 1246
1717 295
295 1039
295 501
501 503
503 774
774 1858
1858 726
726 501
726 1624
1624 477
477 4
4 1833
1833 579
579 1764
1764 1149
1149 4
1149 1621
1621 1147
1147 298
298 1434
1434 1503
1503 1934
1934 899
899 772
772 101
101 119
119 298
119 899
119 1934
101 298
101 1621
772 1797
1797 913
913 1880
1880 336
336 1678
1678 1761
1761 1847
1847 1912
1912 924
924 122
122 151
151 336
151 1797
151 1383
1383 924
151 1880
122 1797
122 1847
122 772
1761 1242
1242 1587
1587 1812
1812 776
776 517
517 869
869 884
884 1446
1446 282
282 314
314 884
282 1166
1166 55
55 294
294 621
621 1446
294 543
543 884
294 869
294 1446
55 413
413 1519
1519 443
443 1398
1398 413
1398 1332
1332 1827
1827 1868
1868 601
601 1853
1853 1462
1462 1558
1558 601
1558 1683
1683 1873
1873 851
851 1683
851 1462
851 601
1873 705
705 1683
705 1558
705 1853
705 158
158 594
594 601
594 1462
158 601
158 1873
158 1683
1873 1462
1873 387
387 1675
1675 750
750 979
979 177
177 1955
1955 487
487 1175
1175 376
376 141
141 1247
1247 54
54 309
309 945
945 1312
1312 1741
1741 893
893 42
42 1249
1249 1736
1736 1444
1444 42
1444 436
436 1075
1075 1049
1049 42
1049 1338
1338 324
324 1249
324 147
147 1338
147 1736
147 1075
147 436
147 42
324 1736
324 1049
324 1444
324 42
1338 1249
1049 1736
1049 436
1075 1249
1075 42
436 1249
436 42
1249 421
421 1120
1120 447
447 703
703 1251
1251 1167
1167 901
901 1259
1259 1951
1951 447
1951 1768
1768 703
1768 1259
1768 1167
1259 1577
1577 1120
1577 1506
1506 496
496 73
73 1082
1082 1171
1171 342
342 149
149 73
342 520
520 1943
1943 1460
1460 1872
1872 73
1872 1506
342 1506
1171 317
317 2000
2000 1116
1116 203
203 1351
1351 1116
1351 2000
1351 317
1351 391
391 70
70 317
70 203
70 1116
391 120
120 635
635 858
858 1696
1696 977
977 134
134 89
89 1840
1840 136
136 311
311 1606
1606 986
986 1687
1687 1111
1111 243
243 1942
1942 1582
1582 121
121 1260
1260 530
530 1967
1967 269
269 1416
1416 1748
1748 269
1748 145
145 642
642 805
805 269
805 145
642 530
642 1217
1217 1820
1820 16
16 410
410 1846
1846 1217
16 1343
1343 229
229 326
326 491
491 554
554 1843
1843 657
657 1096
1096 229
1096 554
1096 326
1096 491
657 491
657 326
1843 491
1843 326
1843 229
554 1041
1041 118
118 896
896 649
649 192
192 1329
1329 989
989 13
13 1301
1301 109
109 235
235 1329
109 1176
1176 989
1176 474
474 641
641 1080
1080 474
1080 1421
1421 1867
1867 474
1867 1538
1538 195
195 691
691 474
691 1538
691 1374
1374 409
409 1983
1983 1835
1835 409
1835 1925
1925 1869
1869 11
11 293
293 535
535 620
620 293
620 1386
1386 1650
1650 11
1650 370
370 784
784 1889
1889 1155
1155 1065
1065 1428
1428 1691
1691 1615
1615 1428
1691 716
716 1919
1919 239
239 1629
1629 1822
1822 1465
1465 441
441 544
544 365
365 25
25 1209
1209 593
593 1016
1016 228
228 916
916 448
448 489
489 1353
1353 1920
1920 489
1920 914
914 1016
914 1209
1920 96
96 489
96 386
386 1198
1198 320
320 1493
1493 1295
1295 248
248 984
984 364
364 498
498 1560
1560 289
289 71
71 1560
71 845
845 1584
1584 34
34 1271
1271 1584
1271 845
1271 1778
1778 845
1778 1921
1921 322
322 1399
1399 797
797 250
250 763
763 322
763 1321
1321 1399
1321 250
1321 1700
1700 763
1700 797
1700 322
1700 1399
1700 250
1321 322
763 1399
250 1399
250 322
322 845
322 1778
1921 821
821 845
821 420
420 1921
420 34
821 83
83 845
821 1271
1921 34
1778 34
34 845
845 364
289 1253
1253 1771
1771 498
1771 783
783 1295
1253 498
289 984
289 498
498 248
498 1493
248 1493
1493 1443
1443 404
404 823
823 1493
823 96
823 1198
823 1443
404 96
404 320
404 386
1443 96
320 386
320 96
320 551
551 96
551 386
1198 96
96 1209
1920 103
103 489
103 1209
103 916
489 916
448 1209
916 1209
916 1110
1110 1209
1110 593
916 117
117 228
117 593
117 1016
1209 1946
1946 25
1946 1465
1946 441
1946 365
1209 365
1209 544
1209 441
25 441
25 1465
25 544
365 1939
1939 544
1939 441
365 441
544 1465
1465 370
1428 370
370 816
816 532
532 370
370 11
370 293
370 640
640 246
246 293
640 1386
370 1386
1650 620
11 1374
11 1850
1850 1925
1850 1552
1552 1186
1186 1925
1186 1374
1552 220
220 1374
220 1983
220 1850
1552 1983
1552 11
1850 409
1869 1374
1869 409
1925 1374
1374 1867
1374 1080
1374 474
691 1421
195 641
195 1421
1538 1080
1538 1421
1421 641
1421 474
474 471
471 1170
1170 1041
471 554
471 1329
13 896
13 192
896 1932
1932 554
491 229
229 16
1343 1085
1085 1525
1525 495
495 580
580 1820
580 642
580 1423
1423 1820
495 1820
495 16
1085 1820
1820 642
145 1967
1748 121
1416 121
269 1260
269 530
269 121
1967 121
1967 1260
530 121
121 1304
1304 1668
1668 1687
1668 1111
1304 1687
121 335
335 243
335 1942
1582 986
1582 243
1582 1111
1942 1606
243 1687
1111 986
1606 399
399 1112
1112 1840
1112 89
399 59
59 576
576 450
450 182
182 59
182 311
182 89
450 1606
59 1840
59 311
311 89
89 858
89 1071
1071 1696
1071 635
134 1696
977 1231
1231 1909
1909 635
1231 1482
1482 635
1482 858
977 635
1696 515
515 681
681 858
635 1857
1857 607
607 633
633 1857
633 1236
1236 606
606 1450
1450 628
628 607
628 1857
628 391
628 120
606 391
606 1857
1236 1857
607 391
391 317
391 2000
203 317
1116 317
317 73
1506 703
1577 1251
1259 447
901 703
901 447
901 1251
703 1120
1120 1320
1320 1531
1531 1249
1120 1249
1120 1437
1437 1628
1628 1625
1625 814
814 1437
1628 917
917 1453
1453 1362
1362 1437
1362 1249
1453 421
1437 36
36 421
421 1229
1229 213
213 1249
42 1312
42 416
416 698
698 245
245 1451
1451 1701
1701 416
1701 1976
1976 893
1976 1451
1976 416
1701 1741
1451 906
906 1154
1154 245
906 1312
245 1312
245 42
698 893
698 1741
416 1312
893 1312
1312 993
993 1675
993 177
993 1175
376 1873
1675 1873
1873 1558
1683 1462
1683 601
1558 1853
1462 601
601 413
601 1827
1868 413
1827 55
1332 413
55 1446
1166 1610
1610 1852
1852 1755
1755 884
1852 869
1610 884
1610 869
1610 312
312 869
869 549
549 1756
1756 1812
549 987
987 869
987 517
549 492
492 776
549 1201
1201 517
517 1812
1812 281
281 739
739 1275
1275 1812
1275 1587
739 813
813 1613
1613 1242
281 1761
1761 913
1678 913
1678 1797
336 772
336 1797
1880 1797
772 1621
899 298
899 1621
1934 1621
1503 1147
1621 1833
1621 4
1621 477
1149 903
903 630
630 217
217 1833
217 4
630 579
630 4
903 4
903 477
1149 1833
1149 477
1149 579
1764 477
579 477
1833 477
477 1807
1807 563
563 1517
1517 367
367 774
1517 1858
1517 726
563 501
1807 726
1807 774
1624 774
1858 1616
1616 1483
1483 501
1858 503
501 1893
501 1246
1717 835
835 1893
835 1246
1845 1246
1246 1481
1246 792
1246 1722
1246 1447
1246 1274
1246 379
1566 1447
1566 1722
1274 1447
1274 379
1722 379
1722 792
1722 1481
1447 379
1447 792
1481 792
792 1336
1336 738
1336 37
738 37
738 1461
738 168
37 316
316 168
168 1139
1364 931
931 1810
931 1139
1810 995
1767 1897
1897 1371
1371 801
1767 60
801 265
60 995
995 744
995 1197
1197 1244
1197 1415
1415 900
900 1417
900 1244
1415 80
1415 744
1415 1244
516 369
516 80
825 1244
1244 667
1244 1688
1688 216
1244 1682
1790 567
629 1263
567 401
401 216
216 1997
1997 1533
1533 236
1533 278
278 1044
1044 1997
1044 1303
1303 1997
1303 216
1044 216
1044 236
278 1997
278 236
1533 1692
1997 236
236 842
672 180
180 169
672 830
1011 1961
636 1961
1184 1194
106 1194
1194 254
135 254
1887 1604
1887 1808
254 1172
254 1808
1808 1690
1690 1801
1801 1373
1373 3
3 1036
3 1593
1593 749
749 1964
1964 362
362 749
749 1036
749 3
1593 1801
1593 1680
1680 1373
1036 645
645 1138
1138 686
1138 1995
645 1995
1725 1354
1354 1769
1769 490
490 196
490 1211
490 1553
1553 980
980 1354
980 1211
980 196
490 1725
490 1354
1769 1211
1769 196
1769 1725
1354 1211
1354 196
1211 1529
1529 1094
1094 856
856 301
301 104
104 939
403 643
939 1711
1711 111
111 690
690 1639
1639 111
1639 557
557 1642
1642 1515
1515 1734
1515 111
1515 285
285 1642
1642 111
1642 1359
1359 690
1359 111
1642 1734
557 188
188 1711
188 1639
1734 1854
1734 506
374 1991
1991 1854
1854 53
53 1008
1008 586
1854 586
586 925
925 1716
1716 230
230 646
646 1859
1859 1477
1477 1818
1477 925
1477 1866
1866 460
460 1818
460 1477
1866 230
1866 925
1477 646
1477 286
286 925
1477 552
1477 1716
1859 586
1859 1818
1859 925
646 1818
646 1716
646 586
230 586
230 1818
1716 586
1716 552
1716 1818
925 552
586 1818
1818 1855
1855 1738
1855 1733
1855 1698
1698 361
1818 1210
1738 1498
1738 1733
1738 361
1210 1498
1210 361
406 1733
361 1917
1917 1596
1917 153
361 153
361 1596
361 1570
361 1580
1580 476
1580 1570
1159 1570
1570 1496
1496 1475
1475 745
1496 339
339 1996
339 707
707 1996
1996 673
673 800
673 1183
1996 1412
1996 1020
1020 1043
1043 1130
1130 800
1043 266
1043 800
1043 1183
1043 882
882 1020
882 1352
1043 1412
1020 266
1352 1786
1786 800
1786 1183
1935 1183
266 1183
1183 964
964 1031
964 30
964 615
615 1927
1927 1430
1927 1724
615 747
747 1724
747 1031
615 1903
964 163
163 21
163 1903
30 1903
21 181
21 1766
21 1430
181 1903
1430 1903
1903 965
965 215
834 1047
1047 1040
1047 1999
1047 472
1047 1300
834 1300
1040 1382
1999 1382
32 472
1382 1300
1892 807
1288 52
1288 380
1288 1316
807 52
807 1316
807 380
1316 52
500 380
380 338
338 1097
1097 717
717 224
224 75
75 1541
224 371
371 154
154 233
233 666
666 1649
1649 154
233 371
233 1282
233 1097
371 1541
1282 1
