367 70
239 204
310 517
427 390
306 244
514 450
462 106
448 328
301 480
435 422
218 395
239 90
63 199
108 402
442 113
493 135
72 212
217 494
435 464
210 359
102 216
427 424
116 165
395 367
97 361
519 504
468 275
300 380
367 29
427 173
63 375
220 358
341 361
389 215
306 182
322 522
217 502
367 9
258 280
86 526
462 481
95 178
86 1
206 11
254 317
95 80
367 109
72 187
239 426
468 106
238 477
468 127
153 208
367 216
220 330
336 521
218 212
206 539
322 328
258 118
86 168
341 312
220 86
153 441
180 64
514 163
258 225
254 233
402 177
341 133
86 153
402 183
210 28
34 339
300 75
493 77
310 42
34 453
514 434
108 485
341 162
306 154
514 395
97 241
206 5
442 29
341 495
108 86
180 230
220 408
180 85
239 48
435 239
108 297
206 91
131 523
402 384
341 248
462 130
85 41
301 255
300 443
63 205
127 10
97 331
286 62
435 390
427 306
389 147
427 6
127 411
238 428
239 485
322 123
97 136
300 501
220 149
116 527
258 98
402 186
349 253
220 202
402 143
448 129
95 59
341 311
220 347
389 426
220 514
402 297
116 402
341 538
300 283
367 396
427 50
407 216
116 91
180 350
206 18
95 451
1 524
524 157
157 111
111 464
464 8
8 415
415 516
516 354
354 246
246 470
470 203
203 90
90 251
251 79
79 100
100 365
365 283
283 224
224 516
224 355
355 295
295 366
366 469
469 382
382 248
248 252
252 369
369 487
487 137
137 484
484 467
467 443
443 303
303 104
104 335
335 263
263 222
222 426
426 339
339 347
347 525
525 83
83 355
83 309
309 256
256 73
73 458
458 390
390 14
14 443
14 224
14 384
384 64
64 146
146 472
472 186
186 333
333 253
253 115
115 183
183 202
202 242
242 484
242 145
145 96
96 213
213 273
273 438
438 521
521 400
400 118
118 532
532 409
409 459
459 36
36 215
215 88
88 27
27 130
130 162
162 314
314 20
20 292
292 32
32 481
481 428
428 445
445 107
107 364
364 94
94 3
3 332
332 71
71 53
53 125
125 392
392 511
511 404
404 164
164 288
288 68
68 481
68 324
324 134
134 484
134 455
455 198
198 87
87 290
290 12
12 200
200 57
57 150
150 293
293 165
165 29
29 7
7 318
318 373
373 275
275 453
453 264
264 241
241 437
437 524
437 100
437 320
320 211
211 282
282 490
490 196
196 236
236 59
59 266
266 403
403 257
257 529
529 272
272 75
75 450
450 324
450 339
450 397
397 421
421 158
158 352
352 113
113 502
502 156
156 233
233 486
486 476
476 30
30 508
508 522
522 528
528 119
119 74
74 9
9 393
393 415
393 39
39 156
39 515
515 374
374 20
374 399
399 460
460 69
69 155
155 82
82 481
82 115
155 31
31 188
188 51
51 243
243 172
172 474
474 213
474 24
24 305
305 440
440 496
496 243
496 21
21 165
21 89
89 368
368 510
510 302
302 148
148 135
135 65
65 19
19 28
28 236
28 512
512 517
517 228
228 378
378 166
166 83
166 183
378 241
378 505
505 141
141 355
141 374
141 178
178 122
122 265
265 174
174 418
418 524
418 466
466 497
497 495
495 339
495 243
495 259
259 405
405 30
405 144
144 56
56 439
439 264
439 88
439 328
328 416
416 320
416 99
99 167
167 78
78 381
381 147
147 183
147 388
388 110
110 39
110 506
506 80
80 40
40 282
40 326
326 373
326 463
463 235
235 480
480 228
480 492
492 5
5 354
5 146
5 181
181 492
181 400
181 302
181 312
312 33
33 354
33 450
33 314
33 501
501 185
185 274
274 299
299 204
204 55
55 139
139 458
139 256
55 26
26 436
436 433
433 483
483 429
429 228
429 167
429 66
66 362
362 70
70 66
70 337
337 143
143 309
143 117
117 84
84 419
419 523
523 469
523 244
244 38
38 36
244 62
62 512
62 439
62 473
473 176
176 138
138 40
138 247
247 59
247 69
247 373
247 463
247 1
247 343
343 338
338 98
98 449
449 285
285 204
285 224
285 342
342 351
351 18
18 207
207 411
411 456
456 52
52 386
386 348
348 363
363 228
363 2
2 530
530 451
451 158
451 446
446 478
478 461
461 529
461 325
325 249
249 489
489 11
11 221
221 156
221 106
106 222
106 391
391 189
189 225
225 170
170 409
170 265
170 10
10 385
385 470
385 133
133 39
133 353
353 214
214 271
271 454
454 332
454 161
161 37
37 49
49 246
49 167
49 169
169 4
4 294
294 212
212 531
531 224
531 207
531 78
531 15
15 539
539 423
423 35
35 339
35 154
154 223
223 182
182 399
182 479
479 441
441 508
441 482
482 165
482 376
376 386
376 183
482 193
193 399
193 453
193 405
193 311
311 269
269 490
269 109
109 317
317 35
317 536
536 340
340 209
209 44
44 352
44 357
357 313
313 418
313 432
432 289
289 476
289 91
91 87
91 225
91 59
91 185
289 540
540 492
540 48
48 201
201 151
151 172
151 194
194 167
194 438
194 371
371 500
500 256
500 323
323 262
262 444
444 230
230 186
230 369
230 290
230 309
444 150
444 233
262 90
262 228
323 380
380 404
380 168
168 31
168 284
284 368
284 12
168 424
424 255
255 88
255 268
268 279
279 126
126 240
240 278
278 24
278 524
278 369
278 486
278 373
240 334
334 228
334 307
307 321
321 534
534 6
6 213
6 308
308 488
488 305
488 191
191 223
191 324
488 388
308 47
47 167
47 529
308 387
387 122
387 522
6 232
232 344
344 408
408 119
408 280
280 411
280 160
160 101
101 29
101 173
173 327
327 352
327 53
327 317
327 235
327 379
379 175
175 51
175 231
231 197
197 413
413 88
413 330
330 345
345 185
345 67
67 263
67 37
345 446
330 59
330 470
330 173
330 165
330 226
226 87
226 354
226 384
330 316
316 93
93 292
93 24
93 393
93 506
93 270
270 532
270 81
81 429
81 311
81 294
270 199
199 132
132 179
179 436
179 361
361 424
361 453
361 54
54 370
370 446
370 465
465 538
538 121
121 87
538 56
538 98
538 328
538 316
538 60
60 525
60 343
60 231
465 388
465 383
383 197
383 165
383 189
383 112
112 535
535 298
298 295
298 527
527 359
359 536
359 185
359 163
163 37
163 454
163 312
359 350
350 264
350 361
359 343
527 281
281 331
331 416
331 140
140 198
140 26
140 51
140 186
331 290
281 264
281 525
281 505
535 205
205 477
477 449
477 43
43 66
43 142
142 293
142 252
142 409
142 406
406 197
406 498
498 381
498 245
245 129
129 188
129 61
61 485
485 524
485 77
77 186
77 415
485 172
485 473
485 287
287 251
287 100
287 53
287 8
485 248
61 430
430 277
277 333
277 500
277 279
277 340
430 329
329 167
329 487
430 89
61 39
61 504
504 315
315 152
152 141
152 168
315 198
315 316
504 112
504 400
504 321
504 179
61 24
129 357
245 205
245 264
245 511
245 399
498 446
498 537
537 357
537 135
537 294
537 200
498 476
406 505
142 365
142 487
43 467
477 319
319 144
319 173
319 396
396 452
452 35
452 87
396 45
45 400
45 422
422 373
422 222
422 241
422 390
45 312
396 463
319 335
477 302
477 155
477 535
477 418
205 190
190 41
41 246
41 409
41 290
41 505
190 124
124 130
124 146
124 52
190 530
190 459
190 500
205 517
205 55
205 248
535 295
112 159
159 100
159 141
159 137
159 536
112 189
112 165
383 80
383 475
475 309
465 260
260 358
358 198
358 423
358 6
260 115
465 240
465 232
54 394
394 57
394 296
296 528
296 432
296 211
394 204
394 377
377 491
491 364
491 136
136 466
136 305
136 88
136 132
491 289
491 288
491 208
208 114
114 99
114 53
114 467
114 489
208 236
377 30
377 243
377 470
377 458
377 526
526 307
526 520
520 316
520 231
520 458
520 455
520 420
420 354
420 431
431 290
431 14
431 224
420 17
17 434
434 374
434 269
17 317
394 486
394 496
54 176
361 219
219 158
361 445
361 255
179 150
132 398
398 391
398 135
398 441
398 26
132 433
132 293
93 177
177 492
177 429
316 160
197 103
103 154
103 391
103 344
103 540
103 151
103 354
197 289
197 404
231 187
187 56
187 157
187 333
187 150
231 20
379 233
173 438
173 474
173 313
101 23
23 532
23 343
23 292
23 203
23 324
101 200
160 13
13 320
160 149
149 225
149 530
160 357
160 42
42 335
408 299
408 229
229 216
216 403
216 257
216 275
229 459
229 128
128 264
229 426
229 317
408 311
408 25
25 87
25 264
25 509
509 340
509 88
509 521
25 44
408 356
356 30
356 505
408 78
344 411
344 123
123 530
123 83
344 386
344 303
232 31
534 267
267 171
171 307
171 113
267 154
267 371
534 268
534 37
534 266
321 183
321 99
321 279
307 457
457 297
297 259
297 250
250 222
297 117
297 391
457 335
307 480
334 392
334 275
334 360
360 417
417 410
410 126
410 58
58 192
192 207
192 130
192 357
58 246
58 83
410 215
410 117
417 289
417 56
360 242
360 273
360 368
360 372
372 342
372 87
372 100
360 332
240 403
126 167
126 399
279 382
279 453
268 335
268 385
255 8
424 154
424 104
424 265
168 342
168 19
380 65
380 400
323 309
323 426
323 464
500 99
500 37
371 536
371 412
412 272
412 368
371 203
194 215
151 185
151 374
151 165
201 516
48 157
540 241
540 391
289 70
289 165
289 484
432 513
513 325
513 174
513 524
432 403
313 342
313 524
313 147
313 501
313 473
357 320
357 214
357 365
357 373
44 516
340 98
340 309
340 96
536 156
536 421
536 458
536 282
317 373
317 56
317 469
109 384
109 233
269 146
269 499
499 12
499 73
269 451
311 135
311 253
482 385
441 78
479 533
533 392
533 337
533 188
533 292
533 87
533 501
479 176
479 351
182 30
223 169
223 66
223 144
154 189
154 10
35 470
423 528
423 27
539 247
15 167
15 503
503 83
503 521
503 532
15 51
15 259
15 39
531 145
531 385
212 256
212 385
212 481
212 304
304 19
304 487
212 165
212 59
212 234
234 469
234 259
234 236
234 10
212 246
212 451
212 400
212 483
4 314
4 426
169 291
291 393
291 438
291 523
291 469
291 333
49 517
49 335
37 366
37 421
161 480
271 486
271 135
214 256
214 83
214 486
214 518
518 293
518 523
214 261
261 88
261 443
261 433
261 158
261 74
261 276
276 521
276 399
276 433
276 100
261 249
353 1
353 399
133 122
133 228
225 207
225 375
375 11
375 502
375 36
225 401
401 409
401 529
189 521
189 73
391 65
391 100
391 524
221 107
11 29
11 450
11 3
11 46
46 117
46 235
489 318
489 532
489 246
249 92
92 346
346 51
346 384
346 443
92 9
325 275
461 79
478 390
478 80
478 403
446 318
446 293
446 145
446 283
446 130
446 455
446 96
451 438
451 7
451 332
530 233
530 70
2 494
494 507
507 253
507 88
507 32
494 150
494 470
494 522
494 236
2 472
2 57
348 7
348 195
195 20
195 78
195 162
195 414
414 243
414 155
348 1
386 76
76 236
76 174
76 89
76 39
386 213
52 55
456 337
456 418
411 403
411 143
411 122
207 110
207 511
351 183
351 393
342 185
342 471
471 283
471 299
471 107
471 110
342 158
285 303
449 119
449 39
449 184
184 96
98 167
338 512
343 362
343 113
247 416
138 517
473 235
62 14
523 532
523 314
419 235
419 156
419 188
419 447
447 115
447 237
237 369
447 64
447 188
447 236
419 53
419 65
419 305
419 59
84 130
84 235
117 100
117 115
143 397
143 104
362 134
362 515
362 302
66 36
429 295
429 369
483 381
433 196
433 50
50 29
50 157
50 113
433 158
436 328
26 36
26 94
55 172
55 71
204 7
204 19
204 263
299 222
299 12
274 373
185 272
185 292
501 522
312 178
312 390
235 397
463 222
40 144
506 481
110 528
110 104
147 119
147 453
78 22
22 333
22 487
22 119
99 437
328 525
328 115
328 21
56 64
56 282
144 302
144 158
144 309
144 516
144 105
105 188
105 7
259 100
259 282
495 174
495 505
497 137
466 20
418 373
265 178
265 496
122 53
178 403
141 248
505 90
228 464
228 172
517 366
512 242
512 236
65 365
135 508
302 469
510 392
510 458
510 369
368 21
89 365
305 36
305 188
24 51
24 53
172 404
188 69
188 253
188 130
31 115
155 469
155 354
69 120
120 88
69 165
460 335
399 90
399 162
374 113
39 476
39 426
39 150
393 90
393 203
528 130
522 384
508 524
30 404
476 450
233 107
502 293
502 253
113 57
158 425
425 397
421 236
272 404
272 29
272 145
403 409
403 382
59 32
59 248
236 293
236 115
196 392
490 183
490 453
282 150
282 290
282 111
211 27
320 390
320 162
320 68
241 347
453 115
453 157
318 87
318 115
318 467
7 484
7 390
165 516
293 273
293 355
293 73
293 324
150 426
57 532
57 145
200 392
12 532
290 164
87 470
87 227
227 511
68 516
164 115
164 521
125 94
53 470
53 283
53 186
53 438
3 90
3 369
364 516
107 8
428 100
428 104
428 145
162 366
130 335
36 253
459 8
459 369
409 382
400 253
400 16
16 472
16 115
438 242
273 183
145 390
202 64
253 426
186 104
186 79
146 516
384 443
384 246
384 469
390 443
73 369
309 484
525 137
339 470
222 252
263 355
484 524
137 354
469 415
354 111
