10 643
643 1594
1594 1857
1857 1558
1558 1337
1337 1674
1674 198
198 1868
1868 197
197 10
197 1651
1651 847
847 882
882 1520
1520 1228
1228 647
647 1771
1771 1678
1678 1168
1168 1194
1194 1319
1319 1171
1171 651
651 877
877 735
735 1336
1336 1445
1445 1300
1300 1868
1300 1183
1183 381
381 1847
1847 1674
1847 43
43 1594
43 1300
43 1857
43 1989
1989 1770
1770 154
154 363
363 1520
363 1102
1102 477
477 951
951 1780
1780 1527
1527 422
422 60
60 907
907 1183
907 1520
907 584
584 799
799 1183
799 1445
799 877
799 1300
799 639
639 1445
639 1857
639 60
639 1678
639 1228
639 880
880 1994
1994 643
1994 1771
1994 702
702 643
702 584
702 422
702 853
853 1171
853 198
853 936
936 847
936 735
936 198
936 1857
936 859
859 1102
859 1868
859 239
239 1060
1060 198
1060 356
356 363
356 1266
1266 422
1266 1337
1266 1770
1266 1319
1266 647
1266 381
1266 1194
1266 584
1266 1102
1266 880
1266 1336
1266 197
1266 735
1266 1847
1266 951
1266 643
1266 60
1266 43
1266 1527
1266 1441
1441 1674
1441 1171
1441 1994
1441 198
1441 1780
1441 1857
1441 60
1441 468
468 951
468 1355
1355 560
560 1989
560 1674
560 1594
560 1780
560 154
560 125
125 880
125 1771
125 381
125 1228
125 1183
125 239
125 1558
125 847
125 356
125 1780
125 651
125 1527
125 907
125 197
125 877
125 1319
125 1337
125 1989
125 639
125 1300
125 1168
125 1651
125 1445
125 1336
125 647
125 1102
125 43
125 584
125 1266
125 1441
125 1868
125 936
125 1678
125 393
393 1674
393 239
393 197
393 643
393 363
393 1868
393 1445
393 1319
393 10
393 1355
393 1228
393 1168
393 422
393 1300
393 882
393 1102
393 1558
393 936
393 880
393 639
393 560
393 468
393 1989
393 1183
393 1337
393 60
393 356
393 877
393 702
393 198
393 1770
393 477
393 154
393 1527
393 1171
393 381
393 799
393 43
393 859
393 907
393 1847
393 847
393 1780
393 1594
393 1060
393 1857
393 951
393 1441
393 1336
393 735
393 1194
393 1651
393 1771
393 1266
393 853
393 1678
393 1994
393 647
393 1520
393 584
393 651
125 951
125 198
125 735
125 702
125 643
125 1674
125 363
125 1857
125 799
125 1171
125 853
125 859
125 1847
125 1994
125 10
125 1520
125 1194
125 1355
125 60
125 1060
125 882
125 477
125 422
125 1770
125 468
125 1594
125 154
560 198
560 1300
560 1868
560 1857
560 381
560 1770
560 1183
560 651
560 643
560 1319
560 847
560 882
560 647
560 356
560 1337
560 907
560 1060
560 10
560 702
560 639
560 859
560 1445
560 197
560 1771
560 1336
560 1266
560 584
560 1847
560 936
560 853
560 1994
560 1194
560 1228
560 477
560 735
560 60
560 1678
560 1520
560 1168
560 1558
560 43
560 1651
560 951
560 877
560 1441
560 1527
560 1171
560 363
560 422
560 1102
560 799
560 239
560 468
560 880
1355 643
1355 880
1355 154
1355 1868
1355 363
1355 1780
1355 1319
1355 1989
1355 877
1355 1594
1355 1857
1355 197
1355 1651
1355 1171
1355 1300
1355 882
1355 853
1355 1441
1355 735
1355 1520
1355 60
1355 1770
1355 1674
1355 1847
1355 1266
1355 1527
1355 1183
1355 1228
1355 1771
1355 1558
1355 584
1355 1336
1355 647
1355 422
1355 1678
1355 1168
1355 702
1355 859
1355 1994
1355 43
1355 639
1355 477
1355 951
1355 1102
1355 651
1355 198
1355 907
1355 239
1355 10
1355 1194
1355 356
1355 799
1355 847
1355 936
1355 1445
1355 1060
1355 381
1355 1337
468 1228
468 1868
468 1171
468 10
468 859
468 651
468 1520
468 1771
468 1336
468 847
468 477
468 239
468 1102
468 1319
468 1445
468 1780
468 198
468 1674
468 880
468 1337
468 584
468 1194
468 43
468 1266
468 735
468 1989
468 853
468 197
468 356
468 882
468 60
468 1300
468 647
468 643
468 639
468 1847
468 381
468 1558
468 1651
468 1183
468 1857
468 1994
468 1060
468 1527
468 702
468 1678
468 1770
468 936
468 877
468 1594
468 1168
468 907
468 422
468 799
468 154
468 363
1441 239
1441 1319
1441 1594
1441 381
1441 847
1441 422
1441 1228
1441 197
1441 1102
1441 647
1441 877
1441 1868
1441 735
1441 639
1441 702
1441 1558
1441 907
1441 1527
1441 1300
1441 1520
1441 859
1441 1183
1441 799
1441 1771
1441 1194
1441 363
1441 1060
1441 10
1441 1678
1441 951
1441 477
1441 1989
1441 1847
1441 584
1441 154
1441 43
1441 1336
1441 356
1441 936
1441 1651
1441 1445
1441 1337
1441 643
1441 1168
1441 880
1441 651
1441 882
1441 853
1441 1770
1266 1520
1266 877
1266 1228
1266 1171
1266 639
1266 1771
1266 882
1266 702
1266 1558
1266 1674
1266 853
1266 1445
1266 10
1266 363
1266 1300
1266 239
1266 1857
1266 907
1266 198
1266 1168
1266 477
1266 1780
1266 154
1266 1183
1266 859
1266 1678
1266 936
1266 1060
1266 1994
1266 847
1266 1989
1266 1651
1266 1868
1266 799
1266 651
1266 1594
356 651
356 1780
356 1868
356 1171
356 381
356 1857
356 643
356 1527
356 702
356 951
356 1770
356 198
356 639
356 1168
356 936
356 1183
356 880
356 847
356 1520
356 197
356 859
356 907
356 1300
356 647
356 1594
356 1651
356 1194
356 422
356 1558
356 1228
356 477
356 1319
356 1989
356 239
356 853
356 1674
356 154
356 799
356 1336
356 1337
356 584
356 1678
356 60
356 10
356 1102
356 1994
356 43
356 877
356 1445
356 735
356 1847
356 1771
356 882
1060 154
1060 43
1060 643
1060 1868
1060 1527
1060 1594
1060 1445
1060 1994
1060 651
1060 1770
1060 584
1060 647
1060 1300
1060 1171
1060 1337
1060 951
1060 859
1060 735
1060 10
1060 1771
1060 847
1060 381
1060 1168
1060 936
1060 197
1060 477
1060 853
1060 1319
1060 1558
1060 1674
1060 1194
1060 877
1060 799
1060 1651
1060 1183
1060 1336
1060 1847
1060 60
1060 1989
1060 1520
1060 639
1060 363
1060 882
1060 907
1060 702
1060 880
1060 1678
1060 1780
1060 1857
1060 1102
1060 1228
1060 422
239 197
239 1594
239 1337
239 477
239 1183
239 1102
239 880
239 422
239 643
239 154
239 907
239 1336
239 1520
239 1771
239 1868
239 43
239 1168
239 1651
239 1994
239 198
239 1780
239 1171
239 1847
239 1989
239 877
239 735
239 1558
239 853
239 1300
239 936
239 363
239 647
239 1194
239 1445
239 1674
239 1770
239 847
239 60
239 1527
239 702
239 951
239 1857
239 584
239 1228
239 651
239 639
239 882
239 1678
239 10
239 381
239 1319
239 799
859 197
859 381
859 907
859 1847
859 702
859 880
859 951
859 363
859 1337
859 1780
859 799
859 1520
859 847
859 882
859 1594
859 1445
859 1194
859 477
859 1168
859 10
859 43
859 1527
859 422
859 1228
859 198
859 154
859 1989
859 651
859 639
859 735
859 1319
859 1771
859 1857
859 1171
859 1678
859 877
859 1336
859 60
859 1674
859 1300
859 1651
859 1770
859 853
859 584
859 1558
859 1183
859 1994
859 643
859 647
936 1651
936 877
936 907
936 43
936 363
936 381
936 1594
936 651
936 882
936 1228
936 1337
936 1678
936 880
936 1171
936 951
936 60
936 1994
936 154
936 10
936 1300
936 643
936 702
936 1336
936 1558
936 1168
936 422
936 1194
936 1527
936 799
936 1868
936 477
936 1674
936 1847
936 1770
936 647
936 197
936 1780
936 1319
936 1445
936 1771
936 584
936 1520
936 639
936 1183
936 1989
936 1102
853 1527
853 882
853 154
853 1770
853 951
853 43
853 477
853 1194
853 1989
853 1445
853 381
853 1857
853 639
853 643
853 422
853 1994
853 1651
853 1300
853 1771
853 1780
853 847
853 651
853 880
853 1319
853 1594
853 1847
853 907
853 1868
853 1520
853 799
853 1558
853 1337
853 735
853 1674
853 197
853 647
853 584
853 1336
853 60
853 877
853 1168
853 363
853 1678
853 10
853 1102
853 1228
853 1183
702 198
702 1228
702 60
702 639
702 1319
702 907
702 1337
702 877
702 735
702 1520
702 799
702 1868
702 951
702 1336
702 1445
702 1770
702 647
702 363
702 882
702 1651
702 847
702 1168
702 1594
702 651
702 1857
702 381
702 1183
702 1847
702 1674
702 43
702 1194
702 477
702 1558
702 880
702 1171
702 197
702 1102
702 10
702 1527
702 1989
702 1300
702 1678
702 1780
702 154
702 1771
1994 1336
1994 1300
1994 877
1994 1780
1994 1770
1994 1102
1994 1857
1994 43
1994 1194
1994 477
1994 584
1994 197
1994 735
1994 1171
1994 639
1994 1674
1994 381
1994 198
1994 1558
1994 60
1994 1989
1994 647
1994 1847
1994 1337
1994 1868
1994 1228
1994 882
1994 1678
1994 154
1994 1651
1994 1594
1994 847
1994 1527
1994 363
1994 651
1994 10
1994 907
1994 1168
1994 1520
1994 1445
1994 1183
1994 1319
1994 799
1994 951
1994 422
880 1228
880 1336
880 1520
880 643
880 381
880 1445
880 1678
880 1300
880 647
880 1594
880 197
880 1168
880 735
880 1102
880 651
880 1194
880 1558
880 1651
880 907
880 1527
880 1771
880 154
880 882
880 198
880 1319
880 584
880 1989
880 60
880 1171
880 951
880 1780
880 1770
880 1857
880 1847
880 1337
880 363
880 799
880 10
880 877
880 1868
880 477
880 1674
880 422
880 1183
880 43
880 847
639 735
639 197
639 1520
639 1770
639 1651
639 381
639 477
639 422
639 154
639 1771
639 198
639 1194
639 1989
639 877
639 1336
639 1319
639 1674
639 1847
639 1868
639 647
639 584
639 1102
639 1558
639 882
639 1337
639 951
639 1171
639 1527
639 907
639 1183
639 43
639 1594
639 847
639 1300
639 651
639 643
639 1780
639 1168
639 363
639 10
799 381
799 651
799 1989
799 1520
799 847
799 422
799 882
799 1651
799 1780
799 1674
799 154
799 735
799 197
799 907
799 647
799 1847
799 1171
799 1102
799 1868
799 1337
799 43
799 1857
799 1228
799 1194
799 10
799 1770
799 643
799 363
799 1558
799 1527
799 1771
799 1594
799 60
799 198
799 1336
799 477
799 1678
799 1319
799 1168
799 951
584 647
584 1770
584 877
584 1336
584 1558
584 1171
584 363
584 643
584 1847
584 1594
584 1168
584 477
584 1527
584 1780
584 1678
584 1183
584 1300
584 60
584 10
584 1651
584 198
584 882
584 1337
584 1674
584 1989
584 43
584 951
584 847
584 1102
584 154
584 422
584 1771
584 1868
584 1857
584 651
584 381
584 1194
584 197
584 1445
584 1319
584 1520
584 1228
584 735
907 477
907 1674
907 1300
907 735
907 381
907 1194
907 198
907 1847
907 1868
907 1989
907 1780
907 1319
907 422
907 1594
907 10
907 951
907 363
907 643
907 651
907 1770
907 882
907 1228
907 1168
907 1527
907 1337
907 154
907 1445
907 647
907 43
907 1558
907 1336
907 1771
907 1171
907 1102
907 197
907 1651
907 1857
907 1678
907 877
907 847
60 1183
60 1651
60 1319
60 647
60 1678
60 477
60 1771
60 882
60 381
60 154
60 1594
60 198
60 1300
60 1780
60 363
60 1558
60 43
60 197
60 10
60 1171
60 735
60 651
60 877
60 1445
60 1168
60 1194
60 1674
60 1336
60 1770
60 1857
60 1102
60 1989
60 1337
60 643
60 1847
60 847
60 951
60 1520
60 1868
60 1228
60 1527
422 1445
422 1102
422 1183
422 381
422 651
422 154
422 1171
422 643
422 363
422 1594
422 1337
422 847
422 198
422 1520
422 647
422 735
422 1674
422 1868
422 1319
422 951
422 1194
422 1770
422 1300
422 10
422 1228
422 1336
422 882
422 1558
422 43
422 197
422 1989
422 1847
422 1771
422 477
422 1168
422 1651
422 1678
422 1857
422 1780
422 877
1527 735
1527 647
1527 1771
1527 1445
1527 197
1527 877
1527 1520
1527 1183
1527 1102
1527 1228
1527 477
1527 1770
1527 1847
1527 1989
1527 1674
1527 1678
1527 198
1527 1300
1527 1319
1527 1857
1527 363
1527 381
1527 1194
1527 154
1527 1336
1527 651
1527 847
1527 1651
1527 882
1527 1337
1527 43
1527 951
1527 10
1527 1168
1527 643
1527 1558
1527 1594
1527 1868
1527 1171
1780 1194
1780 1770
1780 381
1780 1847
1780 877
1780 1337
1780 1771
1780 882
1780 1336
1780 1651
1780 10
1780 1594
1780 651
1780 1678
1780 43
1780 1183
1780 1674
1780 1445
1780 847
1780 1171
1780 1558
1780 1168
1780 197
1780 1989
1780 1868
1780 363
1780 1228
1780 643
1780 647
1780 154
1780 1102
1780 1520
1780 477
1780 1300
1780 1319
1780 1857
1780 735
1780 198
951 1989
951 1445
951 1194
951 1651
951 1857
951 735
951 1300
951 882
951 154
951 1558
951 1102
951 1770
951 363
951 1594
951 651
951 197
951 381
951 1168
951 1183
951 1847
951 647
951 1337
951 1319
951 1678
951 877
951 1171
951 1520
951 1868
951 1228
951 10
951 1336
951 643
951 43
951 847
951 1674
951 1771
951 198
477 1989
477 1194
477 882
477 1228
477 1594
477 877
477 1171
477 43
477 197
477 381
477 1847
477 1674
477 847
477 154
477 1445
477 1558
477 10
477 1520
477 1319
477 198
477 1168
477 647
477 1336
477 1771
477 1770
477 1651
477 1868
477 735
477 1857
477 363
477 1300
477 651
477 1337
477 1183
477 1678
477 643
1102 651
1102 381
1102 882
1102 1445
1102 1194
1102 1336
1102 1771
1102 735
1102 1558
1102 154
1102 1857
1102 1868
1102 643
1102 1319
1102 1228
1102 1168
1102 1183
1102 1300
1102 1847
1102 1520
1102 43
1102 1171
1102 1594
1102 847
1102 198
1102 10
1102 1678
1102 647
1102 1651
1102 1989
1102 1337
1102 877
1102 1770
1102 1674
1102 197
363 1989
363 198
363 735
363 1857
363 1847
363 1168
363 10
363 1171
363 1194
363 1770
363 1594
363 647
363 882
363 1678
363 1651
363 847
363 1228
363 43
363 643
363 651
363 381
363 1558
363 1771
363 1674
363 1183
363 1337
363 1319
363 1445
363 1300
363 877
363 1336
363 1868
363 197
154 1171
154 735
154 1194
154 1445
154 643
154 1771
154 1868
154 1594
154 1674
154 1337
154 197
154 43
154 1989
154 1319
154 647
154 651
154 10
154 1300
154 1183
154 1847
154 1520
154 877
154 1558
154 1857
154 1651
154 1336
154 1168
154 882
154 381
154 198
154 847
154 1678
154 1228
1770 1771
1770 1847
1770 43
1770 882
1770 1868
1770 1594
1770 1558
1770 198
1770 1228
1770 1300
1770 1445
1770 1319
1770 1171
1770 651
1770 1168
1770 847
1770 10
1770 1857
1770 643
1770 1194
1770 197
1770 1336
1770 1520
1770 877
1770 1337
1770 735
1770 1183
1770 1674
1770 647
1770 1678
1770 381
1770 1651
1989 643
1989 198
1989 847
1989 1300
1989 381
1989 1678
1989 1868
1989 1594
1989 197
1989 1857
1989 1171
1989 1771
1989 651
1989 1228
1989 1319
1989 1445
1989 1168
1989 1847
1989 1520
1989 1337
1989 877
1989 1651
1989 1558
1989 1194
1989 882
1989 1674
1989 1183
1989 1336
1989 735
1989 10
1989 647
43 381
43 1171
43 1168
43 1336
43 643
43 198
43 1771
43 1445
43 877
43 647
43 197
43 1868
43 1194
43 847
43 735
43 1183
43 1319
43 1674
43 10
43 1337
43 882
43 1558
43 651
43 1520
43 1678
43 1228
43 1651
1847 643
1847 1868
1847 1558
1847 877
1847 1171
1847 1228
1847 1168
1847 1445
1847 1651
1847 651
1847 1183
1847 1337
1847 1594
1847 1194
1847 1300
1847 735
1847 1520
1847 197
1847 1336
1847 1771
1847 847
1847 882
1847 10
1847 1678
1847 198
1847 647
1847 1857
1847 1319
381 1771
381 1520
381 1868
381 1168
381 197
381 1857
381 1445
381 643
381 651
381 847
381 10
381 735
381 1558
381 882
381 1228
381 1319
381 1337
381 1300
381 1674
381 877
381 1336
381 647
381 1594
381 1171
381 1194
381 198
381 1678
381 1651
1183 197
1183 882
1183 1674
1183 1445
1183 1678
1183 877
1183 10
1183 1336
1183 1319
1183 1558
1183 1594
1183 643
1183 1771
1183 735
1183 1337
1183 198
1183 1520
1183 1168
1183 1868
1183 847
1183 651
1183 1857
1183 647
1183 1171
1183 1228
1183 1194
1183 1651
1300 1228
1300 882
1300 1520
1300 1771
1300 735
1300 1674
1300 1337
1300 1194
1300 1678
1300 1857
1300 198
1300 1171
1300 1558
1300 10
1300 1168
1300 647
1300 651
1300 643
1300 1336
1300 197
1300 1651
1300 1594
1300 877
1300 847
1300 1319
1445 1771
1445 1319
1445 10
1445 1337
1445 1194
1445 198
1445 647
1445 877
1445 1520
1445 882
1445 1228
1445 1678
1445 1868
1445 1168
1445 1171
1445 1594
1445 643
1445 1558
1445 735
1445 1857
1445 847
1445 1651
1445 651
1445 197
1445 1674
1336 10
1336 1868
1336 1771
1336 198
1336 1558
1336 1171
1336 651
1336 1168
1336 1520
1336 1674
1336 877
1336 1594
1336 847
1336 1319
1336 1228
1336 1194
1336 1337
1336 1857
1336 882
1336 197
1336 1678
1336 1651
1336 647
1336 643
735 1558
735 1594
735 1857
735 1771
735 1868
735 1674
735 647
735 10
735 651
735 198
735 1168
735 1520
735 1337
735 882
735 1319
735 1678
735 197
735 1651
735 643
735 1194
735 847
735 1228
735 1171
877 643
877 1674
877 1194
877 1558
877 197
877 10
877 1171
877 882
877 1678
877 1868
877 198
877 1337
877 1594
877 1228
877 847
877 1857
877 647
877 1651
877 1520
877 1771
877 1319
877 1168
651 1558
651 1674
651 10
651 847
651 1868
651 1594
651 1857
651 643
651 1194
651 1319
651 1337
651 1651
651 1228
651 1520
651 647
651 198
651 1771
651 882
651 197
651 1678
651 1168
1171 1558
1171 647
1171 1168
1171 1594
1171 10
1171 1857
1171 1194
1171 1337
1171 882
1171 1771
1171 1868
1171 643
1171 198
1171 197
1171 1678
1171 847
1171 1520
1171 1228
1171 1674
1171 1651
1319 1868
1319 1674
1319 882
1319 197
1319 1228
1319 1771
1319 847
1319 1168
1319 1337
1319 10
1319 1651
1319 1558
1319 1520
1319 643
1319 1857
1319 198
1319 1678
1319 1594
1319 647
1194 1594
1194 647
1194 1674
1194 1651
1194 882
1194 1857
1194 10
1194 197
1194 1678
1194 1771
1194 1520
1194 1228
1194 1868
1194 1337
1194 1558
1194 198
1194 643
1194 847
1168 1594
1168 1651
1168 1558
1168 1674
1168 1337
1168 1868
1168 647
1168 198
1168 1771
1168 1857
1168 882
1168 1520
1168 643
1168 847
1168 1228
1168 197
1168 10
1678 847
1678 643
1678 882
1678 1868
1678 1857
1678 198
1678 647
1678 1594
1678 197
1678 1228
1678 1558
1678 1520
1678 1674
1678 10
1678 1337
1678 1651
1771 10
1771 1868
1771 643
1771 197
1771 1857
1771 1651
1771 1558
1771 1674
1771 1337
1771 847
1771 1594
1771 882
1771 1520
1771 198
1771 1228
647 198
647 1520
647 1558
647 882
647 10
647 1337
647 1868
647 847
647 197
647 1594
647 1857
647 1651
647 1674
647 643
1228 1868
1228 197
1228 643
1228 198
1228 882
1228 847
1228 1594
1228 1337
1228 1651
1228 1674
1228 1857
1228 1558
1228 10
1520 1651
1520 197
1520 847
1520 1558
1520 643
1520 1594
1520 1337
1520 1674
1520 198
1520 1868
1520 1857
1520 10
882 1558
882 1594
882 1857
882 1337
882 1674
882 1868
882 197
882 198
882 1651
882 643
882 10
847 10
847 1337
847 198
847 643
847 1594
847 1558
847 1857
847 1674
847 1868
847 197
1651 643
1651 1558
1651 1868
1651 1594
1651 10
1651 1337
1651 198
1651 1674
1651 1857
197 1337
197 198
197 1857
197 1674
197 1558
197 1594
197 643
1868 1857
1868 1558
1868 1674
1868 10
1868 1337
1868 643
1868 1594
198 1337
198 643
198 1558
198 10
198 1594
198 1857
1674 643
1674 1594
1674 1558
1674 1857
1674 10
1337 10
1337 1857
1337 643
1337 1594
1558 10
1558 1594
1558 643
1857 643
1857 10
1594 10
