1899 733
1890 1813
1235 1178
1028 329
1352 1448
789 510
1414 1260
1826 1937
1807 1818
79 1499
856 397
992 1757
1733 116
416 1220
927 937
1307 228
661 364
1373 465
1521 1415
378 1172
19 611
24 30
111 861
1407 1730
1117 586
644 1796
1309 703
1939 832
1490 193
457 1691
695 1784
1204 1142
22 638
78 1846
1244 163
443 930
81 288
303 908
1741 1557
1255 436
185 917
388 315
58 1023
1677 104
453 640
328 378
887 296
284 1402
1435 562
662 1828
974 1621
532 1801
1358 578
326 1602
391 238
1518 1465
1459 1129
712 1544
1695 1490
1938 148
1602 243
173 1042
208 205
925 1154
1779 913
967 899
855 1757
745 17
1231 163
883 411
198 959
562 433
809 1732
1615 477
1882 1962
1237 1309
79 1855
1461 1215
223 1901
804 1807
1787 1171
142 358
1400 880
140 1736
28 796
729 38
822 1222
882 903
509 1393
154 637
1101 1761
1015 1720
902 1939
976 1624
556 84
1849 375
1394 1259
1218 313
419 588
707 1707
51 1965
944 923
477 421
1476 404
1855 1714
349 1713
228 457
604 1624
692 1364
1557 1116
1240 1668
173 936
1737 1497
1284 681
706 1374
427 1805
991 1398
1195 1002
695 1612
213 454
1473 292
1624 11
339 950
247 1941
217 1988
1207 96
79 1118
1582 417
1503 942
850 750
1380 1037
985 819
965 1682
1045 750
731 1969
303 1758
1325 602
471 1069
517 531
1715 1939
1179 322
825 1728
342 602
1632 783
755 529
1393 1691
1790 543
1834 892
171 1810
329 1215
1780 813
990 260
1685 1396
56 349
1812 1103
1423 1245
239 160
548 1090
1407 1109
763 801
652 1756
1655 929
1407 625
1638 506
1047 52
728 1854
1315 414
1452 481
399 1291
1672 1311
187 354
100 1117
507 197
824 1502
1824 1667
1976 784
1484 330
1569 950
869 249
1527 1966
1815 121
1235 645
608 523
779 341
1071 1214
136 578
258 954
1998 1681
1932 1318
156 1861
854 876
671 1120
662 1827
1429 953
663 43
665 1448
9 741
1276 741
790 40
285 1259
835 1899
1008 771
35 1832
602 1774
1894 1132
556 1726
733 783
989 1705
705 1612
125 204
969 884
1476 1852
1598 950
299 1716
1958 339
45 850
1500 80
1658 229
1100 1007
1592 1318
299 1706
1464 1615
1295 426
1854 1467
1618 563
220 832
1159 1333
580 1617
1136 1171
376 144
1841 703
1295 1766
1134 535
1912 1596
91 651
1244 1486
1702 395
299 161
276 1194
170 359
410 1021
673 112
792 683
1036 1346
679 1822
898 865
1385 130
1242 1964
1950 1210
1530 501
327 1654
1901 605
315 1979
1940 1892
975 430
475 462
1818 1903
177 159
1317 1721
873 612
789 305
127 301
1223 650
851 812
1282 564
441 145
1213 432
491 1315
62 553
216 64
681 593
1390 1012
13 757
1842 1671
247 1105
19 128
172 1938
989 140
1372 1578
22 830
1007 269
1937 1585
388 1264
570 1004
1529 1436
802 833
1980 339
1127 970
1623 1605
81 759
1604 119
989 1110
1506 1161
171 1635
609 1968
546 1424
1270 98
867 1390
1313 103
737 42
572 818
177 1081
237 1277
1516 359
278 353
679 768
1844 586
1250 898
888 86
1429 868
253 1757
69 1159
512 796
1032 1634
1713 1352
145 109
609 464
1228 1095
915 554
1094 73
1764 546
580 315
326 557
1013 1766
1110 444
1009 1335
1554 915
74 1599
172 1649
1811 1006
1 1774
1271 224
1659 506
979 1856
1928 1139
695 1355
1643 1736
887 1992
2 1650
1176 1924
72 1590
249 959
794 377
754 1879
61 219
928 572
970 1190
615 1673
1012 371
1150 859
1530 836
8 872
1380 1309
1444 551
810 468
1803 1675
1055 1496
550 1097
1368 1811
346 1700
1939 523
1831 1763
765 254
541 1906
1361 1141
1438 1904
1405 980
1024 747
1009 1734
985 914
143 157
382 1433
293 1364
1224 1048
1029 1263
1217 744
168 1864
411 1518
1645 408
835 1322
1400 994
265 918
290 603
1204 120
867 559
1725 38
1083 1317
1956 531
717 587
1387 104
1237 76
1650 560
1037 1717
1298 228
385 1546
345 1031
1145 181
558 1789
1500 381
1311 717
731 653
1831 220
972 667
518 143
303 412
231 1045
1500 784
1015 1349
310 1634
377 1520
129 269
1563 915
1026 1774
1204 1167
586 1326
711 1554
1555 1190
225 350
1567 1004
351 943
1346 961
578 732
1213 687
1147 930
265 1441
1057 60
902 1865
370 739
243 1715
234 376
766 67
1043 229
26 1356
796 68
409 1872
423 65
1913 512
1740 1855
1905 1199
1769 1534
1337 1269
1912 404
1516 783
1337 975
840 417
1331 1059
325 1101
827 1854
1680 320
1487 369
1972 1
1297 1895
1509 1876
782 1273
358 1991
202 669
1064 1523
1316 1524
1630 441
923 1561
1633 946
1002 1531
1963 324
211 1799
374 1823
678 483
125 1769
1458 1537
1737 1814
847 1965
1967 533
1595 95
1274 1129
1687 1301
1540 1414
416 514
1954 381
851 850
1405 234
444 1644
232 330
1047 616
298 1089
200 27
70 1590
790 1506
856 1479
393 1421
25 682
758 1392
701 1444
355 1283
1216 387
1322 1273
420 1285
862 885
1918 1430
938 668
1150 137
633 1079
295 1091
1314 605
1853 1063
1615 1418
596 1863
1095 1141
1234 1933
1435 322
168 1139
328 1532
1997 784
154 284
1658 1885
1578 927
1123 990
1403 714
1129 797
1774 1056
1368 1828
532 1129
1676 1836
485 732
144 1493
448 794
1283 1406
1315 137
380 1214
588 1290
475 1798
74 730
32 430
734 1705
382 1602
1985 1111
1753 85
990 767
938 1934
97 384
1208 1967
668 1943
1701 420
508 1440
904 335
1208 1155
651 623
96 1436
1185 293
1533 974
1674 1042
1359 944
1567 842
472 529
1706 338
513 935
472 11
1892 589
257 1210
727 146
1972 1615
910 647
545 1214
467 297
1575 165
206 1995
907 446
1433 1754
790 73
1100 301
1931 959
570 50
115 72
765 1054
1595 898
1004 282
475 216
1061 193
686 1857
49 738
971 1183
1372 1868
1228 1596
1749 809
1294 1807
1363 1331
1948 189
221 1974
1319 940
1554 1596
796 1644
443 1023
869 834
1803 1785
1659 465
694 658
1414 473
1682 686
1357 1793
960 1189
9 1968
987 1636
1405 128
1025 1287
784 475
1632 383
1398 1434
1179 1878
1300 875
432 456
99 1700
363 1516
1165 195
825 1798
182 427
13 1948
1338 502
464 1315
7 470
1650 1305
1168 1723
662 1029
1800 802
114 63
176 164
197 574
880 369
1225 224
214 1907
1047 1467
321 1945
541 911
785 1313
1526 279
1868 1902
1178 1298
788 600
1554 283
906 1567
862 1955
1994 988
1400 1906
1130 366
1216 1588
1193 1811
1822 1120
1629 491
1026 59
89 1749
1218 354
1593 785
40 962
1993 973
507 1974
34 1963
13 95
1182 11
1736 732
810 397
1780 101
293 1882
1327 1286
1894 1500
659 145
285 1801
141 1878
1097 46
653 1721
724 1539
1357 548
1355 1000
373 295
1183 429
1743 479
1773 1706
1469 386
958 632
1013 866
1752 854
437 220
1630 565
1384 1494
1339 1225
311 539
613 1895
1857 502
1066 1612
1628 748
1735 1469
565 1131
928 1088
1896 1778
860 313
1311 1633
958 1399
142 1229
1673 821
1743 1573
1778 290
1843 858
759 334
715 967
1491 1106
1804 1552
931 367
234 213
1840 741
1484 542
1506 1665
1217 262
764 1162
334 1449
1154 346
1278 850
129 94
1772 981
1588 1524
1061 903
796 1488
211 175
313 510
155 1031
1303 492
418 1066
916 1141
1448 714
840 1820
499 1116
1087 582
1406 1778
662 848
1102 502
405 1382
776 1056
1076 1329
753 612
275 1649
90 413
439 105
242 1997
690 1965
1999 630
1945 740
935 22
1297 547
1102 1014
837 1667
323 296
898 312
341 833
1271 1900
1618 1143
155 305
822 1051
928 1948
1312 140
1887 1981
1772 406
132 1057
678 969
456 1937
1079 566
803 1339
1315 236
385 412
1276 258
1437 1444
542 1383
309 389
34 1500
1381 971
586 397
250 1226
1164 1598
801 1415
73 1392
286 1507
1439 618
1954 1085
1344 1564
1036 1378
1450 161
770 62
1105 1078
822 723
1271 306
1118 364
1555 1358
1223 331
1168 1564
673 1226
395 1857
984 1251
585 1305
633 1374
1295 1137
834 885
1887 1162
697 1229
827 300
1976 249
1795 1195
837 1898
1367 209
654 1662
626 1743
893 410
663 1000
1080 372
715 1584
364 1543
1814 1475
983 817
74 1151
1339 1310
1811 1942
1599 51
958 516
251 1930
917 1830
1877 314
796 727
6 500
1420 1603
1274 1330
940 1126
1567 1658
235 278
264 88
924 833
887 1763
1113 26
1973 1920
1356 913
1149 1689
1025 920
647 212
1138 505
514 431
1728 973
311 978
211 259
1190 343
1581 305
93 277
1268 85
754 38
543 1507
1610 927
627 1724
1334 1419
201 1784
686 1654
1451 923
1293 1530
85 1652
171 1146
1619 780
594 267
482 945
413 66
1511 197
985 316
1445 1106
1587 703
968 238
751 1188
1463 73
1383 1107
976 98
1897 1272
63 663
731 454
1728 563
1793 1286
1739 1798
1257 225
1483 981
1332 235
621 846
958 1289
547 475
1336 321
259 192
1723 1851
1598 414
97 318
413 1628
714 1789
421 122
1672 1838
1595 1233
1161 1896
1337 1659
588 1412
1016 422
403 1466
1067 1175
1557 665
1515 1268
1702 159
565 468
1478 147
899 1997
179 1836
924 158
1655 848
1479 721
684 385
1832 1322
676 552
1063 1610
1170 727
108 571
1218 1474
1003 278
159 65
723 809
477 471
1761 34
731 1106
1831 1032
1095 289
1179 682
12 1693
19 1477
184 333
150 1016
964 905
421 982
1687 1548
805 121
330 1058
1906 1078
1066 1756
1205 1466
1182 289
1359 1126
1522 352
968 593
392 649
203 1526
958 531
1180 735
1419 1148
915 1650
1339 886
1669 444
758 1314
730 1655
1894 176
1618 1916
1587 1310
684 1723
1203 1132
1432 1774
1728 840
590 424
1978 1004
1277 855
628 1948
923 1736
840 133
216 1785
1080 1477
723 944
1596 1229
1548 977
501 1330
1159 380
903 530
120 468
749 311
331 1428
1856 1910
1796 82
179 528
854 1942
1093 481
1281 937
708 104
1118 354
374 359
1131 259
496 1880
1581 599
1660 1182
1720 633
163 957
320 1173
1697 983
800 589
831 764
1959 1516
77 1200
354 1811
1157 217
1416 1254
1203 720
1104 562
138 270
1151 292
80 397
928 331
163 423
294 10
1144 812
1172 175
1372 266
201 1906
1546 10
391 76
526 1299
1208 608
1803 1977
168 1299
40 1783
939 1895
250 331
286 744
818 457
467 991
1925 11
1516 1988
818 190
366 353
1536 1044
600 1097
618 165
824 397
592 700
111 972
1134 1194
275 956
1499 1965
909 1473
60 1863
1283 1153
50 1605
1066 1019
465 1129
1762 1633
250 1587
224 300
1762 21
1352 1323
1324 574
1478 1449
1231 995
775 46
800 1707
1242 73
628 1900
384 1330
895 86
875 1466
469 427
796 726
1303 1891
1779 1245
1329 1912
343 1991
341 623
1681 947
112 581
418 1164
333 1146
514 911
1492 1913
1505 300
1114 1897
1647 1173
1230 287
1013 477
972 1273
1337 138
594 96
97 752
25 1940
1967 1678
1445 1412
1742 413
681 1848
400 1563
34 286
37 1737
777 577
543 1124
1406 1300
432 443
1976 683
1197 1531
1612 1553
1478 1218
1341 1522
288 1706
1254 1517
1436 663
1443 1836
1572 438
1309 1766
1150 305
1337 621
336 628
354 558
333 420
1304 404
1659 13
1295 1947
494 1165
1243 845
1829 1466
1030 23
1275 1211
1704 607
333 877
58 1313
1016 1315
669 754
1272 1300
941 1359
1179 170
1119 1424
799 511
838 589
1236 767
145 1236
114 908
1437 1388
779 869
112 624
969 1812
217 277
1057 565
916 712
1012 730
1174 1293
1624 1878
1127 1828
218 1122
1039 258
1786 1641
782 1916
635 842
1665 1067
1982 1300
658 1333
351 168
1755 1245
220 443
398 589
813 1556
983 1328
108 1079
110 1828
420 1648
1199 1974
1843 630
301 578
1243 1298
1447 1290
993 864
799 703
83 800
647 413
148 178
1588 1796
1742 1863
310 191
910 1931
1630 1332
320 455
269 564
1068 1807
1125 816
552 524
1899 1096
750 1962
1462 1315
1320 279
918 1188
1530 1490
763 1228
1399 1288
1659 1909
1986 608
1042 1473
366 198
128 644
622 1971
248 1864
1574 783
1950 720
1546 1947
695 549
999 544
1041 1679
1623 762
286 309
607 558
891 832
1920 480
541 1167
1578 795
1794 160
1804 1606
966 542
153 1040
1616 256
529 1564
979 1312
18 142
366 1574
1179 1195
240 1598
1979 963
1088 1167
1732 117
1108 552
475 1362
156 1170
1550 1267
1767 1577
1204 1071
683 1002
227 823
1009 131
1060 1402
135 1051
331 238
631 590
676 133
185 210
1976 1771
154 159
630 52
330 1937
348 365
139 250
1058 1875
1396 813
227 401
493 1223
48 241
1794 1929
178 1406
81 944
32 741
847 86
1873 764
896 1216
1999 1304
1732 1580
224 831
474 1602
1694 1083
167 905
307 1727
1840 1150
709 915
1019 116
15 1859
1548 1813
1792 1045
581 1316
771 279
561 1719
685 1624
110 543
691 1071
1393 1219
1881 323
1415 1884
437 1176
289 1317
179 1734
1742 896
1942 422
77 1662
280 1000
1742 1974
371 682
1779 1884
1537 1262
691 1445
1904 1542
1244 26
1925 300
1703 1934
712 1756
1320 1024
25 76
1948 255
104 999
1936 205
1045 1590
493 1780
123 677
678 1802
1918 1902
312 1276
1391 1127
760 272
151 1600
218 1382
14 1008
1081 1872
1721 1793
1651 1842
162 986
953 385
571 522
1757 1946
1769 381
490 688
44 359
1838 1684
1690 283
227 1576
648 1295
64 407
708 1754
438 1491
1822 1975
1396 712
125 961
104 386
867 327
1207 901
1753 1236
1978 54
579 232
294 389
1999 60
548 514
1 1424
1424 1469
1469 1
1469 894
894 1424
894 1
2 206
206 37
37 695
695 206
695 2
37 2
3 1850
1850 233
233 3
4 448
448 1446
1446 782
782 448
782 4
1446 4
5 1595
1595 1490
1490 1108
1108 5
1108 1595
1108 1718
1718 1490
1718 1595
1718 5
1490 5
6 530
530 183
183 6
183 1045
1045 6
1045 530
7 759
759 935
935 1232
1232 7
1232 759
935 7
8 1278
1278 768
768 409
409 1278
409 8
409 849
849 8
849 768
849 1278
768 8
9 1467
1467 1310
1310 9
10 1524
1524 451
451 10
11 278
278 1294
1294 1703
1703 278
1703 11
1294 11
13 1547
1547 1329
1329 13
1329 19
19 13
19 1547
14 441
441 906
906 14
906 91
91 1712
1712 14
1712 906
1712 441
91 14
91 441
15 1555
1555 291
291 15
291 1862
1862 805
805 15
805 1555
1862 1361
1361 291
1361 15
1862 1555
16 383
383 1550
1550 16
1550 1281
1281 16
1281 383
17 1052
1052 1769
1769 76
76 1052
76 17
1769 17
18 994
994 1906
1906 53
53 994
53 437
437 18
437 1906
437 994
53 18
1906 18
20 1211
1211 1060
1060 427
427 1211
427 20
427 1243
1243 1211
1243 20
1243 1060
1060 20
21 193
193 744
744 1063
1063 21
1063 193
744 21
22 671
671 1005
1005 22
23 179
179 1408
1408 23
24 119
119 807
807 24
807 737
737 119
737 24
25 70
70 1956
1956 25
26 878
878 770
770 26
770 1699
1699 878
1699 1836
1836 26
1836 878
27 140
140 1638
1638 1055
1055 201
201 27
201 140
201 1638
1055 140
1055 27
1638 27
28 35
35 610
610 28
29 458
458 901
901 1775
1775 458
1775 29
901 29
30 1580
1580 369
369 1299
1299 1580
1299 30
369 30
31 617
617 925
925 1324
1324 31
1324 617
1324 1604
1604 617
1604 925
1604 1917
1917 617
1917 1324
1917 31
1917 925
1604 31
925 31
32 486
486 1882
1882 32
33 1590
1590 1832
1832 33
1832 1292
1292 33
1292 1590
34 1505
1505 506
506 923
923 204
204 1505
204 506
204 34
923 1505
923 34
506 34
36 1143
1143 1279
1279 36
38 545
545 842
842 38
842 1869
1869 38
1869 545
39 1771
1771 893
893 529
529 39
529 1771
893 39
40 1042
1042 311
311 40
41 1843
1843 1582
1582 632
632 41
632 1843
1582 41
42 57
57 1942
1942 42
43 1947
1947 930
930 43
930 503
503 1947
503 43
44 772
772 471
471 44
45 1664
1664 79
79 45
46 1788
1788 1472
1472 46
47 1379
1379 640
640 843
843 1379
843 47
843 1085
1085 47
1085 1379
1085 640
640 47
49 328
328 1800
1800 336
336 49
336 328
1800 49
50 648
648 1936
1936 50
51 229
229 1102
1102 662
662 51
662 229
1102 51
52 551
551 255
255 1368
1368 551
1368 810
810 255
810 846
846 255
846 551
846 1368
846 52
810 551
810 52
1368 52
54 344
344 754
754 54
55 270
270 626
626 1584
1584 270
1584 55
626 55
58 757
757 595
595 58
595 1182
1182 58
1182 757
59 1031
1031 1864
1864 998
998 59
998 1031
1864 59
61 668
668 977
977 61
977 1417
1417 61
1417 668
62 1710
1710 987
987 775
775 423
423 410
410 62
410 1710
410 64
64 62
64 1710
64 423
410 775
410 1333
1333 423
1333 1710
1333 987
1333 62
423 1710
423 62
775 62
775 1710
987 62
63 1392
1392 1307
1307 63
65 1770
1770 933
933 65
66 643
643 1583
1583 66
67 1806
1806 1325
1325 67
68 1226
1226 899
899 848
848 68
848 1226
899 68
69 1563
1563 1959
1959 1904
1904 1563
1904 69
1959 69
71 702
702 1689
1689 71
72 1727
1727 1061
1061 72
74 907
907 1515
1515 1674
1674 1492
1492 74
1492 1065
1065 74
1065 907
1065 1674
1492 1515
1674 74
1515 74
75 1821
1821 1293
1293 75
1293 1837
1837 1821
1837 75
77 806
806 615
615 2000
2000 806
2000 77
615 77
78 915
915 1339
1339 78
80 706
706 557
557 80
81 664
664 1353
1353 81
82 1326
1326 1504
1504 674
674 1326
674 82
1504 82
83 1897
1897 1455
1455 1155
1155 83
1155 139
139 525
525 1915
1915 1577
1577 139
1577 83
1577 1897
1577 1155
525 1897
525 83
85 785
785 459
459 1261
1261 785
1261 710
710 459
1261 85
459 85
86 601
601 1198
1198 86
87 481
481 224
224 1743
1743 87
1743 838
838 87
838 224
838 481
1743 481
224 87
88 1593
1593 1643
1643 88
92 1064
1064 521
521 1797
1797 92
1797 1064
521 92
94 1471
1471 1534
1534 94
1534 364
364 94
364 1203
1203 1534
1203 1471
1203 94
364 1471
96 1631
1631 1833
1833 1567
1567 96
1567 1631
1833 96
97 1998
1998 180
180 97
98 593
593 644
644 1497
1497 593
1497 98
644 98
99 323
323 983
983 99
100 243
243 1923
1923 1861
1861 100
1861 243
1923 100
101 1152
1152 346
346 858
858 1152
858 101
346 101
102 436
436 603
603 102
103 1903
1903 919
919 1189
1189 515
515 919
515 1903
515 103
1189 1903
1189 103
919 103
104 1367
1367 1986
1986 104
105 1513
1513 1100
1100 105
106 1646
1646 1961
1961 106
107 1372
1372 1125
1125 107
108 411
411 1451
1451 1458
1458 1617
1617 411
1617 108
1617 1451
1458 108
1458 411
1451 108
109 1988
1988 1026
1026 1529
1529 783
783 109
783 1988
783 1026
1529 1988
1529 109
1026 109
111 509
509 242
242 1748
1748 111
1748 509
242 111
112 999
999 721
721 112
113 440
440 1354
1354 771
771 1816
1816 1354
1816 113
1816 440
771 440
771 113
1354 113
114 1104
1104 332
332 1981
1981 114
1981 1104
332 114
115 912
912 1033
1033 905
905 912
905 115
1033 115
116 1431
1431 943
943 1971
1971 1431
1971 116
943 116
117 946
946 1757
1757 117
1757 1202
1202 946
1202 117
118 1764
1764 784
784 118
120 1671
1671 1768
1768 1001
1001 1671
1001 1454
1454 120
1768 120
121 1672
1672 1054
1054 1321
1321 121
1321 1672
1054 1400
1400 121
1400 1672
1054 121
122 1285
1285 1684
1684 1139
1139 122
1139 1285
1684 122
124 704
704 359
359 124
359 947
947 704
947 1884
1884 124
1884 704
1884 359
947 124
125 1619
1619 1050
1050 125
126 1519
1519 1798
1798 500
500 126
500 1683
1683 1519
1683 1798
1683 126
500 1519
1798 126
129 621
621 1602
1602 1677
1677 621
1677 129
1602 129
130 599
599 1466
1466 130
131 1023
1023 1512
1512 1823
1823 131
1823 1023
1512 131
132 1251
1251 1803
1803 132
1803 1694
1694 132
1694 1080
1080 1251
1080 132
1080 1803
1694 1251
133 1564
1564 548
548 133
134 696
696 1237
1237 134
135 800
800 1941
1941 892
892 135
892 800
1941 135
136 902
902 142
142 136
137 1048
1048 1719
1719 137
141 651
651 195
195 141
143 461
461 1979
1979 143
1979 1690
1690 143
1690 461
144 1123
1123 1700
1700 144
1700 1398
1398 144
1398 1123
145 1142
1142 1096
1096 764
764 1340
1340 1096
1340 1142
1340 1439
1439 1142
1439 145
1439 764
1439 1096
1439 1319
1319 1142
1319 764
1319 1096
1319 145
1319 1340
764 145
764 1142
1096 145
146 1289
1289 1210
1210 1090
1090 146
1090 1828
1828 1210
1828 146
1828 1289
1090 1289
1210 146
147 1132
1132 1371
1371 147
148 904
904 1782
1782 1681
1681 148
1681 904
1782 148
149 1509
1509 957
957 149
150 1010
1010 1669
1669 150
151 717
717 381
381 151
381 1693
1693 151
1693 1687
1687 381
1687 151
1687 717
1693 717
152 1793
1793 553
553 152
153 463
463 1989
1989 153
154 1076
1076 1834
1834 154
156 652
652 986
986 156
157 1872
1872 1503
1503 401
401 157
401 1872
401 821
821 157
821 1872
821 1503
821 357
357 157
357 1872
357 1503
1503 157
158 1965
1965 1812
1812 158
160 1517
1517 788
788 1562
1562 1517
1562 160
788 160
161 1338
1338 1538
1538 1539
1539 161
1539 1338
1538 161
162 1866
1866 572
572 162
163 1306
1306 559
559 163
164 1159
1159 834
834 164
165 1006
1006 927
927 165
166 852
852 526
526 166
167 341
341 765
765 167
168 524
524 1448
1448 1546
1546 750
750 1448
750 524
750 168
1546 524
1546 168
1448 168
169 1160
1160 1434
1434 169
1434 866
866 169
866 1160
170 1263
1263 220
220 170
171 1106
1106 1919
1919 171
1919 1181
1181 171
1181 1106
172 1101
1101 598
598 924
924 881
881 172
881 598
881 1101
924 172
924 1101
598 172
174 1541
1541 921
921 826
826 1541
826 174
921 174
175 1916
1916 1266
1266 175
1266 760
760 175
760 1916
176 1977
1977 541
541 816
816 176
816 1977
816 1499
1499 176
1499 541
1499 1977
541 176
177 1873
1873 1073
1073 177
178 1896
1896 1095
1095 178
181 1460
1460 773
773 181
182 1676
1676 1772
1772 182
184 234
234 708
708 1486
1486 556
556 708
556 184
556 234
1486 234
1486 184
708 184
185 678
678 993
993 185
187 408
408 567
567 836
836 561
561 567
561 408
561 187
836 408
836 187
567 187
188 1176
1176 740
740 188
189 1968
1968 581
581 1358
1358 809
809 1992
1992 1358
1992 189
1992 1968
1992 581
809 581
809 189
809 1968
1358 189
1358 1968
581 189
190 1994
1994 1435
1435 190
191 1270
1270 609
609 820
820 1270
820 191
609 191
192 937
937 1528
1528 192
194 454
454 885
885 194
196 596
596 547
547 196
547 1742
1742 196
1742 596
197 338
338 1871
1871 1838
1838 338
1838 197
1871 197
198 271
271 701
701 476
476 198
476 271
701 198
199 990
990 1403
1403 1216
1216 199
1216 990
1403 199
200 952
952 1523
1523 200
1523 1625
1625 952
1625 200
202 429
429 1950
1950 202
203 1346
1346 1081
1081 203
1081 642
642 203
642 1346
205 438
438 1395
1395 205
207 1607
1607 1716
1716 207
1716 577
577 1607
577 207
208 385
385 300
300 1120
1120 385
1120 208
300 208
210 330
330 321
321 210
211 238
238 961
961 1258
1258 1175
1175 961
1175 211
1175 238
1258 238
1258 211
961 211
212 305
305 700
700 212
213 527
527 342
342 213
214 1731
1731 504
504 1012
1012 1731
1012 214
504 214
216 286
286 720
720 216
720 1318
1318 286
1318 216
217 1598
1598 368
368 217
218 439
439 665
665 218
219 1135
1135 387
387 219
221 942
942 479
479 1592
1592 287
287 221
287 942
287 479
1592 942
1592 221
479 221
222 798
798 687
687 1013
1013 891
891 687
891 222
891 798
1013 222
1013 798
687 222
223 1829
1829 1910
1910 223
1910 1309
1309 223
1309 686
686 223
686 1910
686 1829
1309 1829
225 1844
1844 1601
1601 225
226 763
763 1020
1020 348
348 1440
1440 1020
1440 763
1440 226
348 226
348 763
1020 226
227 969
969 1174
1174 227
228 1575
1575 1229
1229 228
230 1885
1885 361
361 230
231 1244
1244 1112
1112 1682
1682 231
1682 1244
1112 231
232 1993
1993 948
948 232
948 769
769 1675
1675 232
1675 535
535 769
535 1993
535 232
535 948
769 232
235 1180
1180 1259
1259 1166
1166 1180
1166 235
1166 1129
1129 1180
1129 235
1129 1259
1259 235
236 1404
1404 339
339 832
832 1335
1335 236
1335 1404
1335 339
832 1404
832 236
339 236
237 1252
1252 1760
1760 237
240 1380
1380 984
984 240
241 426
426 1855
1855 1610
1610 241
1610 426
1855 241
244 715
715 1480
1480 244
245 1566
1566 1587
1587 1164
1164 1500
1500 245
1500 1587
1500 1566
1164 1566
1164 245
1587 245
247 1144
1144 1506
1506 247
248 1714
1714 1214
1214 1901
1901 934
934 997
997 1901
997 248
997 1214
997 1714
934 248
934 1214
934 1714
1901 1714
1901 248
1214 248
249 318
318 1047
1047 1918
1918 249
1918 318
1047 249
250 1231
1231 1481
1481 1853
1853 250
1853 1231
1481 250
252 1809
1809 1660
1660 1027
1027 252
1027 1809
1660 252
253 1077
1077 688
688 253
254 276
276 733
733 1867
1867 254
1867 276
733 254
256 1228
1228 450
450 256
450 622
622 1228
622 833
833 450
833 256
833 1228
622 256
257 1536
1536 1848
1848 257
258 473
473 434
434 258
261 1200
1200 1999
1999 634
634 1476
1476 1200
1476 261
1476 1999
634 1200
634 261
1999 261
262 1212
1212 443
443 1859
1859 1212
1859 1811
1811 443
1811 262
1811 1212
1859 262
443 262
263 1591
1591 719
719 263
264 285
285 1438
1438 1685
1685 779
779 264
779 285
779 1438
1685 264
1685 285
1438 264
265 1007
1007 587
587 265
267 1938
1938 494
494 267
268 379
379 929
929 268
269 908
908 290
290 880
880 908
880 269
290 269
272 1246
1246 938
938 272
273 628
628 467
467 573
573 273
573 1094
1094 273
1094 467
1094 636
636 273
636 460
460 273
460 628
460 467
460 1094
460 573
636 628
636 573
573 628
467 273
274 1303
1303 619
619 274
275 1118
1118 898
898 275
898 856
856 275
856 1118
277 1173
1173 562
562 277
279 1382
1382 1241
1241 1810
1810 1441
1441 1241
1441 279
1441 1382
1810 1382
1810 279
1241 279
280 1747
1747 1973
1973 280
1973 758
758 280
758 1639
1639 280
1639 1973
1639 1747
758 1747
281 879
879 1841
1841 358
358 1348
1348 1841
1348 281
1348 879
358 879
358 281
1841 281
282 582
582 1818
1818 282
283 1726
1726 645
645 1957
1957 376
376 645
376 283
376 1726
1957 1726
1957 283
645 283
284 1611
1611 959
959 1985
1985 1611
1985 1594
1594 1352
1352 1322
1322 1594
1322 1611
1322 1985
1352 1611
1594 1611
1985 284
959 284
288 360
360 1373
1373 778
778 360
778 288
1373 288
289 602
602 1707
1707 289
1707 1283
1283 602
1283 289
292 1091
1091 1146
1146 292
293 1116
1116 1137
1137 293
294 1450
1450 1239
1239 1881
1881 1119
1119 1136
1136 1881
1136 1723
1723 1741
1741 1119
1741 1881
1723 1881
1723 1450
1723 1239
1723 537
537 1881
537 294
537 1119
537 1450
537 1136
1723 1119
1119 294
1119 1450
1119 1239
1881 294
1239 294
295 1024
1024 492
492 295
297 1656
1656 1532
1532 297
298 452
452 865
865 298
299 1650
1650 895
895 804
804 1650
804 299
895 299
301 1827
1827 741
741 301
302 835
835 1223
1223 302
304 1444
1444 1548
1548 304
306 490
490 1778
1778 501
501 490
501 306
1778 306
307 1312
1312 365
365 1411
1411 1312
1411 1560
1560 307
1560 365
1411 307
309 1954
1954 1432
1432 309
310 1657
1657 466
466 1191
1191 310
1191 1657
466 310
312 1766
1766 1126
1126 312
1126 1389
1389 1766
1389 312
313 314
314 1465
1465 1851
1851 314
1851 313
1465 313
315 965
965 829
829 315
316 1626
1626 1314
1314 1586
1586 1247
1247 1715
1715 1626
1715 480
480 590
590 316
590 1626
590 1715
480 1586
1247 316
1247 1626
1586 1626
1314 316
317 1018
1018 1462
1462 1856
1856 1018
1856 1574
1574 1018
1574 317
1574 1462
1856 317
1462 317
319 1840
1840 457
457 1600
1600 319
1600 1840
457 319
320 1928
1928 1038
1038 1717
1717 1518
1518 1928
1518 1038
1518 320
1717 1928
1717 320
1038 320
322 1330
1330 1086
1086 1366
1366 322
1366 1330
1366 819
819 1086
819 322
819 1330
1086 322
324 1041
1041 1402
1402 1558
1558 870
870 324
870 1041
870 1402
1558 1041
1558 324
1402 324
325 355
355 787
787 325
326 1114
1114 755
755 326
327 1274
1274 1433
1433 327
329 1185
1185 370
370 329
331 1510
1510 1161
1161 331
333 1899
1899 1423
1423 333
334 1419
1419 1019
1019 334
335 468
468 1744
1744 523
523 335
523 468
1744 335
337 1122
1122 1069
1069 337
340 607
607 973
973 1236
1236 1193
1193 1049
1049 1376
1376 1236
1376 607
1193 607
1236 340
1236 607
343 491
491 1029
1029 343
345 629
629 1262
1262 345
1262 1022
1022 528
528 629
528 345
528 1262
1022 345
1022 629
347 1066
1066 872
872 347
349 661
661 1463
1463 349
350 1822
1822 1913
1913 350
351 793
793 363
363 1394
1394 793
1394 705
705 793
705 351
705 363
1394 351
363 351
352 1111
1111 1079
1079 352
353 1062
1062 1092
1092 353
354 1295
1295 414
414 354
356 1791
1791 847
847 356
362 366
366 1655
1655 362
367 630
630 1468
1468 367
1468 1792
1792 367
1792 630
372 483
483 1482
1482 372
373 1846
1846 1860
1860 932
932 1846
932 373
1860 373
374 1774
1774 975
975 374
375 725
725 1172
1172 638
638 375
638 725
638 533
533 375
533 1172
533 725
1172 375
377 918
918 1056
1056 377
1056 1286
1286 918
1286 377
378 1709
1709 824
824 378
1709 1037
1037 378
380 1507
1507 974
974 597
597 1507
597 380
597 955
955 1507
955 974
955 380
974 380
384 416
416 1640
1640 384
388 1514
1514 837
837 964
964 1514
964 388
837 388
391 1413
1413 944
944 391
392 786
786 1783
1783 392
393 1773
1773 1501
1501 873
873 1599
1599 419
419 393
419 1501
419 873
419 690
690 1501
690 1773
690 1599
690 873
690 393
1599 393
1599 1773
1599 1501
873 393
873 1773
1501 393
394 1485
1485 425
425 394
425 716
716 1485
716 394
395 680
680 1484
1484 395
396 1680
1680 864
864 396
397 830
830 1963
1963 397
399 1277
1277 1464
1464 399
1464 1576
1576 399
1576 1277
400 1248
1248 689
689 1375
1375 513
513 400
513 1248
513 883
883 400
883 1248
883 1375
883 689
513 689
1375 400
1375 1248
689 400
402 1955
1955 1488
1488 1356
1356 1955
1356 402
1356 1385
1385 1955
1385 402
1385 1488
1488 402
403 482
482 1153
1153 403
404 1040
1040 673
673 404
405 1059
1059 675
675 405
406 1552
1552 1396
1396 406
407 1939
1939 566
566 407
413 781
781 956
956 413
415 1662
1662 1170
1170 1787
1787 1053
1053 415
1053 1170
1053 1662
1787 415
1787 1662
1170 415
417 1557
1557 1004
1004 554
554 417
554 1557
1004 417
418 469
469 1165
1165 1898
1898 693
693 418
693 1165
693 469
1898 418
1898 469
1165 418
421 1820
1820 1654
1654 421
422 699
699 1569
1569 422
424 449
449 1364
1364 424
428 1565
1565 825
825 926
926 1565
926 428
825 428
430 1962
1962 1729
1729 430
431 1227
1227 875
875 431
432 446
446 536
536 432
433 1453
1453 1734
1734 1781
1781 1453
1781 433
1781 795
795 433
795 1734
795 1453
1734 433
435 859
859 1990
1990 435
442 780
780 1522
1522 442
1522 583
583 780
583 442
444 534
534 1475
1475 1704
1704 534
1704 444
1475 444
455 1651
1651 1156
1156 455
456 911
911 747
747 456
462 1642
1642 762
762 462
464 1362
1362 670
670 1880
1880 464
1880 1362
670 464
465 1025
1025 1269
1269 465
470 903
903 1972
1972 1511
1511 903
1511 470
1972 470
474 1209
1209 1477
1477 474
477 1543
1543 1633
1633 477
478 1883
1883 954
954 478
484 1952
1952 1359
1359 484
485 996
996 624
624 485
487 1183
1183 1304
1304 487
488 1117
1117 1221
1221 488
489 1516
1516 1302
1302 489
1302 713
713 1516
713 489
493 656
656 1043
1043 1088
1088 493
1088 656
1043 493
495 1749
1749 1194
1194 1730
1730 495
1730 1749
1194 495
496 1327
1327 1728
1728 496
1728 1083
1083 496
1083 1790
1790 1327
1790 1728
497 1535
1535 620
620 497
620 558
558 497
558 1535
498 1830
1830 1673
1673 1722
1722 1608
1608 1830
1608 498
1608 1673
1722 498
1673 498
499 869
869 970
970 499
502 992
992 1493
1493 502
1493 1937
1937 992
1937 502
508 1035
1035 1758
1758 508
510 1732
1732 1188
1188 1688
1688 510
1688 1732
1188 510
511 1542
1542 1199
1199 646
646 1014
1014 1199
1014 511
1014 1542
1014 1634
1634 1542
1634 511
1634 646
646 1542
646 511
1199 511
512 707
707 1478
1478 512
514 677
677 743
743 1301
1301 514
1301 677
743 514
518 1074
1074 1240
1240 1489
1489 1074
1489 518
1240 518
519 1305
1305 1835
1835 519
520 966
966 532
532 520
532 1953
1953 520
1953 966
522 1802
1802 1969
1969 522
531 1343
1343 1148
1148 861
861 531
861 657
657 1343
657 1148
657 531
861 1343
1148 531
538 1089
1089 1369
1369 951
951 538
951 767
767 1282
1282 1369
1282 951
1282 1089
1282 538
767 1089
767 1369
767 538
951 1089
1369 538
540 1201
1201 1845
1845 1370
1370 1201
1370 540
1370 745
745 540
745 1201
745 1845
1845 540
542 1133
1133 1945
1945 542
1945 726
726 1461
1461 1945
1461 542
1461 1133
726 1133
726 542
543 1443
1443 1323
1323 884
884 543
884 1443
1323 543
544 1679
1679 736
736 544
736 1933
1933 544
1933 1679
546 940
940 877
877 1935
1935 546
1935 940
877 546
549 1407
1407 853
853 549
550 1784
1784 1641
1641 550
555 1779
1779 1288
1288 555
560 1526
1526 1670
1670 560
565 1737
1737 968
968 1498
1498 1737
1498 565
968 565
568 840
840 1706
1706 568
570 1103
1103 1875
1875 570
574 1647
1647 985
985 574
575 579
579 1426
1426 575
576 1230
1230 1508
1508 576
578 1491
1491 1128
1128 578
580 1530
1530 711
711 1794
1794 580
1794 1804
1804 580
1804 711
1804 1530
1794 1530
711 580
584 797
797 659
659 584
585 1383
1383 1190
1190 1028
1028 585
1028 1383
1028 1890
1890 1190
1890 1383
1890 585
1190 585
586 1527
1527 751
751 586
751 811
811 1527
811 586
588 1765
1765 1311
1311 588
589 1984
1984 1948
1948 676
676 1195
1195 589
1195 855
855 1984
855 589
1195 1624
1624 676
676 589
591 1588
1588 1245
1245 591
592 1578
1578 841
841 1421
1421 1479
1479 1578
1479 1436
1436 1578
1436 841
1436 1421
1436 592
1479 592
1479 841
1421 592
1421 1578
841 592
594 1420
1420 1384
1384 594
1384 1702
1702 1420
1702 594
600 1932
1932 1736
1736 1930
1930 1932
1930 600
1736 600
604 981
981 867
867 604
605 1260
1260 1966
1966 605
608 972
972 697
697 608
697 1698
1698 1596
1596 972
1596 697
1596 608
1698 608
1698 972
614 1474
1474 1184
1184 666
666 1360
1360 614
1360 1474
1360 1184
666 1474
666 614
1184 614
616 703
703 1724
1724 616
1724 1290
1290 616
1290 703
623 777
777 1320
1320 623
627 876
876 794
794 896
896 627
896 876
794 627
631 1300
1300 776
776 1296
1296 631
1296 1300
776 631
633 1070
1070 1620
1620 633
635 1870
1870 887
887 635
887 1967
1967 1870
1967 635
637 1127
1127 1157
1157 637
641 1387
1387 1739
1739 641
647 1695
1695 1268
1268 647
1268 1849
1849 1695
1849 647
650 844
844 1982
1982 1341
1341 650
1341 844
1982 650
654 712
712 1852
1852 654
655 1817
1817 1616
1616 655
658 1186
1186 1805
1805 658
667 748
748 945
945 667
945 982
982 667
982 748
672 812
812 731
731 1740
1740 1280
1280 672
1280 812
1280 731
1740 672
1740 812
731 672
679 900
900 871
871 1995
1995 900
1995 679
871 679
681 1406
1406 1629
1629 681
682 860
860 1297
1297 682
684 1034
1034 1960
1960 684
685 1665
1665 1874
1874 685
1874 1589
1589 685
1589 1665
691 1892
1892 1254
1254 691
1254 991
991 1892
991 691
694 989
989 1130
1130 694
698 1761
1761 1409
1409 698
709 1746
1746 917
917 1701
1701 1746
1701 709
917 709
714 742
742 739
739 714
722 1220
1220 1561
1561 722
1561 1785
1785 722
1785 1220
727 1009
1009 1377
1377 727
728 1032
1032 1692
1692 1696
1696 1554
1554 1692
1554 1032
1554 728
1696 728
1696 1032
1692 728
730 1494
1494 1907
1907 730
732 1796
1796 1686
1686 756
756 1796
756 863
863 1796
863 1686
863 1636
1636 1796
1636 732
1636 1686
1636 756
756 732
734 1345
1345 1145
1145 1121
1121 1976
1976 1145
1976 734
1976 1345
1121 734
1121 1345
1145 734
735 1854
1854 1894
1894 1754
1754 1854
1754 735
1894 735
738 1929
1929 1997
1997 738
746 928
928 1663
1663 746
1663 1630
1630 928
1630 1767
1767 1663
1767 928
1767 746
752 1559
1559 1162
1162 752
1162 1410
1410 752
1410 1559
753 1276
1276 1445
1445 753
761 1628
1628 1418
1418 761
774 1943
1943 1531
1531 1447
1447 1255
1255 1943
1255 1531
1255 774
1447 774
1447 1943
1531 774
789 1234
1234 868
868 1520
1520 1234
1520 789
1520 1964
1964 789
1964 1234
1964 868
868 789
790 1622
1622 1795
1795 790
801 1378
1378 1224
1224 801
802 1391
1391 1632
1632 802
1632 803
803 802
803 1391
808 980
980 1891
1891 808
814 1308
1308 1756
1756 953
953 1308
953 1876
1876 814
1876 1756
1876 1308
953 814
1756 814
815 1789
1789 1017
1017 815
817 1922
1922 1753
1753 1888
1888 1109
1109 817
1109 1922
1109 1753
1888 817
1888 1922
1753 817
818 1609
1609 1347
1347 818
1347 1349
1349 818
1349 1609
828 1658
1658 1264
1264 828
831 1058
1058 857
857 831
839 1826
1826 1177
1177 839
850 1752
1752 1206
1206 850
851 1970
1970 1603
1603 916
916 1470
1470 949
949 851
949 1970
949 916
949 1603
1470 851
1470 1970
1470 1603
916 851
916 1970
1603 851
854 1615
1615 1755
1755 854
862 1167
1167 1115
1115 862
874 1271
1271 1207
1207 1250
1250 1271
1250 874
1207 874
882 1416
1416 1786
1786 882
886 1242
1242 1819
1819 886
889 1801
1801 967
967 1298
1298 1801
1298 889
967 889
890 1815
1815 1824
1824 922
922 1815
922 890
922 1036
1036 1815
1036 1824
910 931
931 1249
1249 910
920 1900
1900 1799
1799 920
936 1272
1272 958
958 936
958 1388
1388 936
1388 1272
939 1847
1847 1926
1926 939
941 1284
1284 1422
1422 941
963 1219
1219 1713
1713 1877
1877 963
1877 1219
1713 963
976 1627
1627 1437
1437 976
978 1215
1215 1401
1401 978
1401 1975
1975 978
1975 1215
995 1163
1163 1429
1429 995
1000 1078
1078 1044
1044 1000
1044 1495
1495 1078
1495 1000
1495 1648
1648 1000
1648 1078
1648 1044
1003 1763
1763 1178
1178 1003
1015 1905
1905 1381
1381 1015
1016 1863
1863 1887
1887 1016
1021 1585
1585 1169
1169 1021
1030 1839
1839 1334
1334 1030
1051 1902
1902 1386
1386 1909
1909 1204
1204 1051
1204 1386
1909 1902
1386 1051
1057 1192
1192 1459
1459 1057
1068 1405
1405 1140
1140 1068
1072 1780
1780 1678
1678 1072
1678 1110
1110 1780
1110 1072
1075 1745
1745 1545
1545 1075
1084 1762
1762 1331
1331 1105
1105 1084
1105 1762
1331 1084
1087 1097
1097 1987
1987 1087
1093 1483
1483 1579
1579 1093
1113 1940
1940 1708
1708 1113
1708 1393
1393 1940
1393 1113
1124 1725
1725 1342
1342 1328
1328 1124
1328 1725
1342 1124
1147 1879
1879 1273
1273 1147
1151 1363
1363 1878
1878 1151
1154 1218
1218 1317
1317 1154
1158 1267
1267 1895
1895 1158
1895 1934
1934 1158
1934 1267
1168 1931
1931 1733
1733 1168
1171 1571
1571 1958
1958 1171
1196 1430
1430 1652
1652 1540
1540 1430
1540 1196
1540 1205
1205 1652
1205 1430
1205 1196
1652 1196
1217 1842
1842 1355
1355 1217
1225 1613
1613 1697
1697 1225
1235 1831
1831 1537
1537 1496
1496 1831
1496 1235
1537 1235
1257 1659
1659 1667
1667 1257
1313 1738
1738 1889
1889 1313
1316 1644
1644 1556
1556 1316
1350 1637
1637 1857
1857 1414
1414 1350
1414 1637
1857 1350
1357 1618
1618 1449
1449 1357
1449 1397
1397 1618
1397 1357
1412 1825
1825 1908
1908 1412
1425 1428
1428 1487
1487 1666
1666 1428
1666 1425
1487 1425
1452 1868
1868 1776
1776 1452
1533 1951
1951 1649
1649 1533
1635 1691
1691 1991
1991 1635
1661 1944
1944 1750
1750 1661
1721 1759
1759 1813
1813 1721
