1908 1657
589 714
81 1657
1966 685
1424 1950
1214 1025
1109 1129
392 1861
1553 1609
1901 1337
1920 1335
92 762
1541 1716
1502 1875
207 984
766 1668
363 2
1194 739
258 338
1973 1367
650 853
902 304
683 1063
1541 1054
631 1059
945 1714
1891 532
673 364
1563 33
473 1664
220 718
87 577
832 355
115 553
560 1720
1182 844
175 659
1696 50
1762 373
1337 165
1670 369
1992 824
1803 1862
1837 1466
1896 546
721 587
615 410
449 1923
430 373
448 1392
234 1509
153 1344
1306 1215
287 580
1557 1185
1963 585
919 66
1658 1729
1654 500
962 1043
420 672
1690 1328
410 1933
150 957
282 1713
475 1173
1069 171
1483 1734
1869 942
349 1792
1627 1401
1151 1479
1199 1813
856 1525
1885 1955
1134 1416
1920 346
685 18
193 830
1355 1503
1211 217
140 1571
1074 1572
1814 785
198 296
1236 1326
1855 1735
1753 1129
898 678
151 1521
1217 654
1432 1842
1909 1120
1722 835
1542 332
1803 252
814 225
767 993
8 1278
990 1468
1869 733
547 742
214 43
1179 1514
340 1657
905 20
492 994
1396 281
1377 1896
281 7
32 255
573 25
1237 918
670 408
427 1039
11 1089
1556 605
177 792
1921 747
1231 419
898 568
564 923
1554 255
241 1848
1582 1686
373 330
1992 1683
1388 497
1685 520
220 1680
192 1598
212 1695
328 450
1810 1829
737 1825
186 909
556 536
1199 1222
119 1940
817 623
297 456
107 1435
1575 1478
1954 323
1702 1590
1725 660
145 957
416 600
1683 621
1749 341
244 1954
989 1038
1668 1264
1969 1584
483 1579
401 114
1342 1467
1608 156
213 861
1589 531
409 369
1135 1249
525 557
1575 182
1053 375
1757 1054
1818 631
1959 1123
1464 1055
1725 1924
1321 662
898 1972
282 300
1821 487
336 88
1744 1169
642 83
92 821
229 660
278 1131
1060 860
1249 759
1114 1686
116 903
1897 1549
679 621
262 430
1619 855
272 1966
1465 485
1187 1028
351 1407
1124 1274
158 1791
1029 1459
1349 837
11 1976
1153 1680
170 1957
1889 1683
852 619
1382 526
1285 413
280 269
1181 1937
359 422
1074 1592
1807 1142
1005 1692
720 1065
1580 239
516 501
1151 826
554 56
1613 576
74 1719
90 801
1562 1773
315 1415
385 1164
1526 1248
103 1841
1654 875
229 805
1685 1299
358 428
210 1936
728 1672
1892 516
1067 1741
756 91
32 1724
1605 95
1613 1911
1615 1250
563 22
1654 1056
1470 853
1502 873
1876 717
1455 227
501 352
1942 762
1060 521
1026 175
1724 923
885 1785
339 488
1731 725
1972 1662
1206 767
617 1019
1811 1772
651 469
1694 1938
882 1415
470 35
941 903
939 1837
1675 588
1614 285
1828 66
1908 1443
1839 540
177 226
587 1974
1142 696
1006 322
1350 1886
769 326
1416 1184
1600 1297
132 1594
1709 900
1326 1589
383 891
1001 1273
519 1025
1429 152
949 1278
38 1293
1932 369
223 278
316 1065
268 945
1050 1487
305 1321
1267 1525
696 1443
1175 1215
1690 602
331 1101
730 3
978 24
309 1204
876 168
766 1220
1710 1599
414 576
646 1219
1319 291
178 982
1383 918
760 1371
856 602
1769 1722
1921 239
1857 1944
474 1420
1643 1671
362 1812
1971 1714
1891 981
1939 1688
139 1087
1239 1971
676 1116
147 128
1722 707
281 1552
1809 106
1395 940
639 851
1102 19
566 783
1624 1515
1476 1030
1056 723
1602 723
966 16
929 124
862 1533
811 406
1440 1602
1998 71
1872 1964
1940 1504
1629 1446
8 550
1257 1623
1909 1096
1799 1543
722 1865
776 1847
89 6
213 704
1865 1467
1870 1051
1545 1516
239 1263
1669 929
1972 946
1747 962
1197 1791
965 1276
984 26
1840 1158
697 531
1634 314
1112 1377
1547 97
1165 1128
298 855
1193 1265
667 506
247 224
415 754
1974 489
460 1892
1439 333
851 1874
617 1765
639 1678
27 847
1308 922
626 1960
1569 614
145 330
123 1192
427 1844
1350 1677
703 436
283 952
1858 1537
1606 1776
164 1
1442 1288
255 159
483 14
1453 1136
716 870
902 346
975 1463
1168 1846
1476 45
298 126
299 534
186 710
628 879
465 1304
1230 1570
1400 1093
1835 1260
737 555
1064 231
1672 383
1064 1501
1309 1441
1630 1716
844 1764
150 537
703 1831
1649 744
766 1015
644 1457
1031 1101
844 555
127 875
1463 279
1815 1962
382 1292
1895 1263
1082 739
882 445
757 619
820 1478
1604 834
273 4
1569 1644
376 1611
1086 1143
1536 18
1922 801
1270 1713
1412 532
525 1506
1715 409
411 1892
1870 1743
1957 606
1283 70
666 2
1331 736
1241 1380
375 525
1450 1508
1294 691
1095 57
1731 1752
683 1447
1352 1623
861 1303
198 504
676 1918
1140 1452
1478 1015
941 1904
1712 1244
1609 1364
1847 1672
1376 1639
790 1613
988 1464
89 1453
599 903
950 841
699 961
1248 294
299 1760
1991 597
1529 1541
1311 1719
449 515
1192 540
316 841
838 336
305 1406
1265 1937
1110 1629
1388 550
934 778
226 1304
914 362
1927 496
1205 1379
717 472
771 46
1826 484
1582 113
909 1263
1453 1782
568 248
45 818
1640 1885
1777 964
1799 1258
64 660
889 675
1966 1406
1563 562
628 228
726 249
1628 831
1426 1352
4 440
1530 1838
881 631
410 1621
1998 44
1189 1935
223 1545
597 1404
1437 1293
1216 939
699 873
386 621
1345 994
795 325
1795 761
645 381
736 1757
634 192
617 1221
1582 1244
1998 458
1327 761
347 220
1435 1905
1225 995
938 1289
534 1097
740 165
74 827
403 1950
1181 1785
166 1971
1287 1296
63 1580
1961 1601
1162 205
229 1357
526 605
1310 1609
970 122
1237 1603
695 897
502 81
445 1173
1979 346
1504 67
1319 576
367 12
1536 1626
650 746
769 460
1750 1049
247 1112
1323 1297
1797 1284
1113 804
763 1176
345 1320
1058 1752
1207 353
210 1912
1896 928
190 1113
1758 1159
5 474
1092 1962
1083 1399
1219 1065
918 745
1153 1530
218 1990
1247 1177
488 392
366 98
1486 1753
1126 214
1611 260
1713 1568
142 1302
612 804
293 88
103 435
701 1533
1995 1224
1527 1909
1613 1239
1009 827
635 1784
1523 1808
843 1115
943 366
1339 169
1662 969
1252 979
1976 1526
826 1475
1722 1811
596 1411
283 1691
1880 703
692 695
443 1437
447 485
347 1475
340 1986
938 1489
1559 867
23 716
24 1520
1367 180
534 539
1744 1486
1585 169
1544 1203
1542 748
1949 1038
1658 1283
425 1631
1881 549
988 595
1516 851
1784 461
1179 736
564 1778
458 815
1272 1134
748 1749
1954 1908
1472 479
687 688
584 1734
1341 1814
1606 1514
1134 1511
1787 1069
1512 131
1131 1467
648 1446
1661 883
1714 867
391 1686
739 54
1368 1325
1916 1641
1157 1845
1717 1277
600 1072
1112 1619
1528 1916
1828 43
1528 1429
698 1548
397 1337
930 7
732 406
1307 1297
1289 587
1735 1120
947 1995
527 355
611 644
169 666
1322 1105
1805 418
404 182
1495 885
235 1711
45 137
622 194
251 1463
182 1082
1334 1384
1077 594
366 1079
1519 64
834 751
241 1589
1804 506
1639 585
898 156
1460 1464
260 603
153 558
387 884
397 1935
1477 485
1525 1842
951 573
1108 62
1284 615
1934 1966
1156 1686
775 695
13 1280
245 1708
1417 1550
1039 749
395 1459
668 998
62 924
1137 1100
845 1030
1728 1364
184 515
1058 300
1766 1734
1787 1625
104 905
759 476
1759 1299
1972 1550
233 805
1295 801
471 1945
531 1167
1117 1114
911 1053
58 493
662 321
409 1131
1240 1560
572 445
1368 1576
765 582
423 271
1892 450
82 1112
962 610
1941 1544
1197 1760
698 1192
811 1268
1095 131
942 1632
784 1173
1436 538
1818 37
1065 1039
775 1060
1120 1490
812 368
1245 955
1883 1572
1586 438
1174 1864
1639 1966
1204 1549
1847 814
1092 147
1914 923
1445 118
1325 1675
896 1102
1377 1912
1314 1524
1964 1746
227 1724
506 412
766 786
267 1720
1589 1199
58 1912
1523 1947
446 982
1361 1855
317 1144
500 437
1507 256
1892 1414
1233 232
1163 1393
1817 1301
457 401
532 1915
740 1607
846 1555
1969 982
699 1192
165 153
261 1075
367 1384
78 191
818 1979
1447 1494
807 1893
705 426
1894 945
182 740
305 1531
1860 430
264 1084
1534 1457
1339 1518
1456 185
1532 204
1546 1618
343 877
710 1937
1720 1826
1418 1442
527 622
1070 290
916 539
626 448
1073 1011
381 444
1153 1610
1405 1575
692 641
1063 1444
1673 322
908 227
74 1395
1685 1256
158 746
1209 1518
1275 225
570 702
1865 949
10 649
33 797
927 5
1584 576
1554 1362
269 1949
1492 1038
1163 735
738 332
1270 1041
654 3
1615 1084
1988 995
1869 1796
1829 1698
826 695
661 115
881 1647
555 412
987 20
1562 1633
464 1698
1688 1610
1368 517
1811 1213
1206 667
1020 466
824 312
537 832
1474 89
1941 1916
1663 1714
771 644
1495 764
1241 719
1097 1834
1356 944
1760 135
1475 1277
556 25
1165 1129
1900 475
1898 629
1523 557
610 688
878 763
219 858
483 85
1698 445
1086 1543
1702 1298
717 698
1189 1576
1281 860
942 1727
1742 1458
1002 632
857 1890
1731 1091
1232 1565
1205 1689
1169 1697
1098 1885
222 428
1157 1856
43 1874
658 1337
1523 1902
275 865
757 1416
121 354
1790 231
711 878
299 1797
1294 1384
88 279
166 1850
294 1664
1265 587
62 1
1571 632
1315 200
1143 737
59 1127
448 1463
729 335
973 348
1402 1069
1437 1468
1569 1950
1033 733
1130 1789
1811 894
1486 1075
1165 25
731 82
1998 829
220 90
212 1643
1624 785
1276 1188
242 1041
597 1522
110 335
392 1557
257 1841
637 474
714 700
1543 352
1572 113
1707 233
938 452
1290 1934
851 1475
901 629
249 1237
1204 1694
1889 900
1943 383
712 1074
265 1445
1237 202
226 1278
1874 231
1688 1885
1624 1232
1253 1862
107 1956
1252 874
491 1583
566 1746
372 344
1199 1695
78 1945
1317 898
1148 1082
64 1839
296 1610
161 4
1448 1048
1688 1234
1747 119
758 302
1872 679
607 808
1086 1475
1391 1270
768 1990
87 1384
986 1742
1658 80
828 1895
337 200
728 838
680 12
1197 591
937 1477
1445 1367
1580 819
98 752
1667 1202
437 593
675 746
1165 226
1585 1845
891 1990
1170 1341
1847 538
1750 867
82 1472
1545 1198
1896 1506
1824 1339
649 1207
473 1127
1365 602
578 1758
1431 52
825 1201
1363 1353
550 912
1244 2
502 1514
1983 643
478 212
1124 1219
755 281
1690 1836
303 1556
844 883
993 824
1565 1275
964 794
951 1495
512 65
356 295
267 702
1314 757
196 1619
255 341
1120 861
1996 1724
536 1470
1185 1825
1156 263
1039 484
992 1061
1573 1093
635 488
132 1897
761 513
766 970
1814 1181
1372 1823
1479 1284
1650 1404
88 1699
1042 1228
1543 441
1575 1280
737 38
662 1555
1447 71
502 1408
287 1082
27 1645
973 187
1489 1064
1465 1514
826 1925
573 646
1244 145
1786 335
1214 823
1524 585
1381 1797
1232 669
437 706
394 336
1365 306
519 1600
386 363
1736 1774
1179 1815
1863 1404
1946 565
1119 1350
1883 1409
1316 647
1479 1668
190 65
76 1441
1744 234
270 862
1874 1801
806 390
122 1213
1174 1752
1814 649
1923 995
513 772
386 1868
507 957
844 484
454 1572
1830 1658
986 96
197 3
1273 286
1474 626
494 1910
534 1485
656 957
901 779
591 330
890 1366
658 1815
1947 1423
379 605
1291 1747
117 615
618 738
385 550
1131 925
1140 1563
550 180
1795 840
1744 1643
93 1412
1659 1384
1665 1484
1113 798
146 789
518 1848
1304 489
540 120
781 537
1270 1091
880 795
894 1928
487 1293
1265 1370
958 679
317 1612
933 907
638 943
759 748
1923 590
671 1868
661 598
682 1486
503 553
1363 911
1129 533
220 853
598 477
1019 469
613 411
1504 663
244 585
1958 804
1024 1708
748 1328
1628 971
1437 1505
561 947
598 829
1253 1513
1822 1508
706 1794
897 130
1628 1072
675 680
51 1569
74 78
881 1198
579 1211
1710 1941
126 1640
1884 110
647 1419
1974 1040
1036 1059
1738 1873
500 344
660 384
1398 796
496 1982
131 836
1940 1989
191 429
1628 24
1985 528
1953 1304
1319 172
417 1253
1876 618
1821 1726
974 1886
500 1613
875 1998
143 456
1945 1875
1941 137
669 994
932 1243
1656 158
76 656
1995 702
1217 781
1625 5
908 1548
914 189
953 913
1279 232
724 1165
444 1575
214 1707
619 200
964 576
1208 1759
769 1321
1019 496
80 1101
1844 814
874 714
1090 1053
1500 1826
1998 1750
732 1138
967 1915
892 900
1540 1385
1785 542
1744 202
1681 1262
147 1305
558 141
1612 1875
551 259
890 1051
636 1799
417 1093
1682 1023
1405 1004
436 1404
495 858
1092 275
840 496
1084 513
678 309
1611 1928
610 1691
378 431
197 1967
1436 1110
193 1963
1311 760
212 464
1133 1292
1556 1994
345 1661
639 1748
1240 163
1099 1161
416 1632
171 818
1346 1950
107 1371
206 1313
1975 1286
1894 49
386 1502
610 1704
1909 907
1672 1872
1229 28
726 733
452 292
678 502
472 1994
1835 1277
1967 1591
1409 910
1345 888
214 329
652 638
478 1603
1642 1028
1151 17
59 1601
20 651
258 683
768 213
1440 68
1661 717
509 1287
378 658
518 1222
1108 298
1321 1845
723 1843
1865 1485
150 1895
307 1963
1816 122
1854 1464
747 744
864 1260
1737 256
1548 747
1036 1454
1613 1157
1124 1007
684 1459
1208 492
515 1737
531 1087
111 1288
289 1165
1727 1532
972 1835
1440 1089
425 1684
722 1230
229 504
1789 63
597 76
1973 1901
534 917
835 256
1398 919
885 251
916 346
1910 43
726 101
1329 1483
1346 1002
1228 1915
27 1516
423 1310
748 520
1811 1172
186 880
448 1274
339 1588
1463 317
800 83
1307 134
1626 442
972 1367
1141 1790
210 531
1732 1526
1010 935
60 393
1586 711
960 480
244 1287
87 1169
696 1635
676 281
1764 949
269 1623
398 643
1540 78
440 301
1705 421
1878 486
1044 1630
1319 1077
100 494
1856 1246
788 1532
795 1735
1547 758
1359 1928
177 980
1090 1177
997 580
739 693
379 246
791 423
839 1735
1586 321
599 723
1588 696
851 1209
1633 639
254 833
86 451
690 1230
1844 376
1066 1531
970 1124
1099 868
875 537
213 1362
1092 1077
263 606
1155 416
973 596
1299 750
1358 840
1898 1197
566 352
784 961
1082 696
1095 991
1386 785
761 212
1867 92
1191 1675
565 1487
378 979
1574 1377
1336 1756
616 1612
1661 1048
1245 1849
680 1778
1351 1730
65 897
1060 1773
1764 159
1619 501
1828 781
1170 806
1305 1663
919 1554
1709 999
1627 1830
1317 1844
819 1502
918 465
1227 36
1124 1697
1685 1743
1976 1588
1986 452
1398 1726
532 301
1550 1995
1634 640
1492 319
1916 1836
472 489
953 33
754 504
1786 1256
495 630
1353 921
596 1967
54 97
452 1718
527 97
708 1683
50 1952
1276 1706
989 689
1547 1175
1476 20
1471 1244
1726 945
676 418
231 1223
1152 1016
1607 458
614 314
1096 1062
84 1952
1878 1344
50 1649
1745 1
1777 1480
521 1589
307 396
1268 1955
1552 437
201 582
486 549
896 1125
1332 1815
1397 593
1815 1145
1429 1886
1662 1971
1389 832
1644 680
1668 1387
1531 251
1138 1848
1719 512
1951 29
38 700
853 1737
1240 759
164 255
1439 1754
472 1023
1352 1531
1754 1734
1146 69
666 964
1257 561
15 860
989 737
950 860
1033 1247
1013 1665
417 1874
543 1795
100 1997
25 921
691 332
387 1703
1745 1918
1393 875
1687 1507
515 151
1515 1829
1816 1385
1503 1047
934 1312
1288 1132
170 307
1923 397
803 1974
1919 22
811 1241
122 469
22 1665
89 1410
515 606
201 1916
925 1648
1511 630
647 1347
1709 877
285 1550
1249 1143
863 1944
179 1999
1316 1023
1267 1966
643 1091
46 173
1781 151
953 828
1883 1229
11 248
1310 693
135 1950
53 1329
1382 922
754 1950
178 317
547 946
552 29
1648 1882
1318 585
1427 1066
1400 464
496 1349
8 1786
1141 189
1161 451
331 205
512 1974
430 846
671 1777
1237 481
305 799
1343 1467
155 101
165 332
20 1908
1179 1447
347 199
1160 716
1567 38
1268 469
190 269
1980 307
1007 225
1099 1732
908 372
1789 1662
1257 969
698 1413
345 814
1723 1186
278 822
1721 1339
687 171
1038 1408
1623 660
706 1567
1093 1038
336 338
637 23
574 165
1693 412
70 1420
539 1902
217 762
326 1051
57 104
472 1419
1029 598
117 858
855 1999
541 1944
143 879
123 1334
1276 18
1934 1403
630 433
1092 989
506 1375
644 1029
172 1834
1026 987
1562 1358
68 1284
892 149
39 636
1615 291
1485 367
10 230
1547 535
772 308
763 457
398 630
525 1900
241 506
1934 1075
1470 467
866 263
103 120
1197 1204
709 1245
1689 224
1248 1649
1478 309
509 1228
1338 1345
1296 1785
1591 1027
1516 1500
736 360
623 903
68 1131
364 1379
230 19
281 1153
531 419
1259 1299
608 1502
52 1919
1386 1902
1636 164
794 1022
494 752
313 1756
914 384
1980 1476
254 188
373 1118
139 919
1096 1120
1641 1881
628 1076
1762 762
1095 1677
1409 373
266 25
608 1843
1817 1735
521 335
1380 1395
303 309
148 171
653 913
281 665
1007 563
807 1504
1051 1173
1218 1057
1439 701
1915 1274
968 1276
455 834
1628 563
337 1302
816 784
1820 612
37 414
245 1997
1553 1927
1737 1192
1069 1523
1731 761
425 1028
1077 1107
1807 359
506 491
1689 897
539 497
1107 1414
535 1839
1557 1281
404 178
41 1262
1292 141
68 665
846 834
1706 1776
1876 1720
645 924
1182 182
735 1365
1324 1636
1190 1571
1066 165
1351 1890
479 260
1511 1705
213 1648
9 633
1727 681
1069 1076
1767 911
606 1125
1107 145
863 1550
1247 205
935 640
1490 1365
233 1535
148 1729
55 256
115 173
1513 1685
127 1926
565 47
1681 1680
287 1389
1011 171
1233 1332
545 462
669 1556
960 266
1592 1743
758 6
633 1956
958 1181
1624 1210
1256 762
1819 1430
1614 741
747 1754
105 1990
595 1163
1266 341
462 532
896 947
588 1166
857 643
1586 352
447 1856
162 1657
1902 1591
755 1718
915 1947
1954 1874
1633 430
1911 361
1253 10
29 1413
1529 551
304 1364
1371 540
47 206
1922 793
100 578
378 1292
1552 1464
611 940
1687 1238
1244 304
169 1655
1944 487
822 324
200 1786
1888 1489
299 1862
267 274
265 1144
637 106
828 1352
679 335
211 1516
374 1490
820 885
1279 176
1096 105
196 1310
247 1502
1387 889
37 832
74 1004
1227 1820
280 852
1354 121
1331 51
1364 1629
536 1412
1646 385
1255 260
1769 1809
792 1422
1947 1595
899 659
1948 336
326 457
324 325
25 681
822 1445
1709 1379
681 977
1930 1660
1225 1834
1128 1377
406 1737
1865 1207
610 286
1593 1211
1908 1786
725 1863
835 1110
954 500
908 650
1134 1566
916 597
1788 1956
969 641
1389 329
1379 104
1399 455
1745 1898
1871 784
1028 1833
323 286
384 1757
1095 618
310 550
927 668
1268 343
5 1215
117 758
79 620
13 1673
597 1589
164 1568
155 1800
1774 1106
276 512
522 566
1725 1294
1120 1912
560 1110
236 503
290 342
1447 1424
695 1637
1490 1377
1991 1662
1559 793
437 341
271 583
775 800
169 802
1513 1042
458 783
269 1866
1883 1537
995 99
823 1714
1394 757
1941 193
453 1086
1382 1308
1294 168
1889 1876
1925 1029
1692 1343
87 38
1531 1734
1781 1227
717 1124
1465 1012
1335 1028
1543 276
1607 1894
640 1558
978 203
1165 169
1218 451
1662 1777
868 1613
1574 946
1868 1566
646 701
303 1378
1707 518
1911 888
853 1473
916 925
1288 61
500 1865
428 947
1336 428
539 1430
1516 1953
1138 1891
1051 526
903 865
871 1320
1651 499
1614 631
1072 1370
1587 1724
544 1718
732 996
1049 1123
1502 1145
1047 1245
278 380
130 1359
1909 88
1346 1266
275 1189
1900 1686
177 1719
304 232
743 596
857 1011
1983 1575
548 1933
134 250
924 362
1437 1839
1580 166
239 1505
296 1955
689 1
1597 1256
942 1537
1863 1377
20 897
1084 1632
1552 697
511 1995
730 1498
1395 1443
275 777
1855 876
1155 906
319 87
425 152
1568 106
1294 1015
1921 163
98 489
1889 1910
752 1875
1584 1000
1369 1717
1859 913
1393 909
742 1181
1310 334
1289 441
1582 1619
172 1839
1191 1882
999 273
1393 420
391 564
1771 528
1651 357
876 847
1808 150
1209 470
1210 1293
742 680
1813 410
1498 295
952 1959
1359 715
314 1085
1644 1049
1036 1723
1227 1650
1135 1492
290 1012
1017 1981
1149 1180
20 319
289 74
1427 557
568 1054
914 949
880 1839
1889 152
1428 1967
573 1960
278 1030
1404 1047
348 1990
1007 1219
1021 92
596 1013
1255 1698
968 780
986 107
130 1630
1095 1569
645 1327
1959 1971
463 1992
1659 1754
494 1724
1856 35
1288 358
1245 44
667 1848
1983 1047
69 1773
1505 860
1058 516
1099 505
1314 892
277 1992
1713 24
217 1903
1859 360
257 1496
374 1551
1497 1986
1365 1896
1546 548
1376 1636
1011 1637
570 690
320 450
1726 1698
1387 1810
1339 793
710 458
1062 1816
498 1720
665 333
924 1982
1746 341
1860 1932
1787 1585
703 1525
1236 129
845 523
1174 159
463 1676
32 652
1174 900
1425 1377
1758 495
1114 1310
1823 1810
313 606
1640 554
848 534
100 808
1016 503
1138 1250
1559 317
185 1906
1648 738
237 1961
1209 798
1166 1234
1309 537
350 219
1205 1932
718 520
488 1340
1327 1134
1074 1056
1558 1514
1836 829
1017 990
1074 1202
1449 162
636 1350
1373 990
744 35
599 1270
106 548
916 722
1364 1612
519 868
775 25
1728 1129
601 1413
1146 1226
1973 1841
908 40
1026 1354
431 363
392 455
391 932
1544 1333
786 1003
1000 1510
518 665
1056 842
774 1850
899 1537
906 561
735 1567
1747 1141
1923 1668
336 1970
1102 1507
1484 1413
1583 251
1731 555
796 1680
1672 46
1775 1482
325 1190
1762 1757
734 875
45 999
1637 781
1605 1873
1951 981
1798 1898
1417 366
1325 1273
989 1678
223 903
1153 541
1795 1632
376 1864
1565 761
74 1808
100 770
1996 916
1702 247
614 191
213 1930
694 1921
1253 1438
1115 146
811 1063
601 616
626 1345
1127 1334
601 849
859 1143
817 694
941 1206
221 455
1203 612
1852 708
785 234
1263 37
988 235
1030 646
401 754
1163 1234
1353 470
1658 177
545 144
1006 1523
1383 410
1880 1988
351 845
1361 613
636 848
1717 1664
1787 1186
1016 33
1076 859
1289 304
1336 212
1768 56
859 13
85 398
824 1484
1835 1698
1197 718
599 924
207 1132
909 744
1923 1339
1896 368
274 189
1030 1650
156 714
1736 1042
411 686
23 1481
1080 117
219 985
32 695
305 418
33 405
449 1248
275 1487
633 405
814 305
974 1418
719 281
1227 1953
215 1531
757 1018
972 876
1134 1984
340 1985
1731 1107
1279 1303
919 172
1675 1104
129 1915
892 329
941 946
1178 1756
81 1950
583 1490
1425 1225
375 1531
1229 511
1951 1167
1495 1570
665 533
158 583
787 1576
1584 114
525 1217
1909 1979
771 538
946 1812
1990 1490
1692 794
112 1097
1208 589
141 311
1931 1614
508 1682
330 1576
217 1778
928 1315
598 1224
642 305
100 1355
1516 1258
1198 1142
1911 1695
1967 1424
1719 1864
430 1473
1927 487
989 396
1203 1584
1568 1464
165 1697
784 1757
1434 678
1620 559
1333 330
1209 843
615 260
122 1746
1959 1509
1828 1314
1575 1648
785 1207
512 1410
1583 716
160 215
1265 688
1414 1243
1198 276
1633 1620
62 485
1797 1283
1722 551
1194 746
770 1490
1335 921
170 1910
753 402
395 1054
1404 1728
438 1905
1526 463
642 543
476 869
322 21
108 184
1143 1901
790 1311
1427 477
984 476
1516 761
1469 471
1386 1326
1074 1483
1477 363
789 1617
42 1064
214 734
373 1129
1713 1360
1450 1704
15 1698
1376 1198
942 1312
877 10
1777 1390
1152 1984
580 63
400 536
451 456
376 695
1077 1186
524 830
1089 125
1369 612
162 1687
548 1245
1997 1593
1531 19
233 1266
362 824
451 285
34 992
374 666
1221 1536
1840 549
161 616
143 1469
693 1717
843 420
1369 300
1839 222
1076 1575
372 13
126 882
876 796
225 341
1543 540
1804 722
935 1184
1268 643
1136 484
77 1380
1658 1611
932 1681
211 1477
340 377
1948 1518
1383 1949
326 1919
1008 1091
466 1622
1634 1469
1025 293
1521 961
753 741
651 671
1748 566
652 1829
695 1175
1114 466
833 581
1968 1312
1647 253
1565 1322
764 1523
1774 2000
1968 1738
1679 176
1299 1977
1342 265
811 64
22 471
1091 1712
1779 1054
730 1038
264 314
243 1488
1898 224
1205 143
1191 658
1630 363
1791 487
839 450
1914 1357
1726 475
1702 1062
1003 715
1588 499
1905 1347
1846 1390
710 842
1946 417
1578 1716
812 22
1623 356
269 827
1760 632
444 125
1131 657
484 286
574 928
1264 1457
1090 1411
283 1143
531 1147
1495 1710
1548 1836
615 1743
1189 36
1926 568
243 580
1735 1509
350 630
930 1111
1685 1940
1797 504
1352 239
253 1250
1230 1506
1402 1300
1830 53
1600 1870
47 661
278 1461
468 654
129 440
1208 653
436 518
1860 669
457 749
1392 458
845 34
1733 1114
1180 889
954 1024
453 1236
647 1826
802 674
1812 545
603 1458
400 239
764 299
804 504
1861 855
1890 373
1424 1741
1511 1103
1331 1136
391 1475
1729 87
47 383
1678 713
1287 1692
84 644
1676 1365
248 1277
1320 1829
1294 1843
910 344
1345 702
1351 1393
1992 74
1425 1980
1143 627
985 363
979 3
380 648
387 1309
585 1395
1662 786
395 1464
471 1441
1711 938
244 1404
374 809
924 1655
1323 1709
992 1375
443 607
1200 1532
1059 912
864 1919
1254 1744
113 696
1690 1691
602 194
667 537
522 1630
696 1031
159 1105
1154 1297
1478 65
1696 324
1456 516
1196 1998
1929 1940
627 462
835 337
611 1333
1874 1046
1445 1502
1830 1291
1941 734
434 1059
1381 1789
738 18
1573 499
297 283
1540 1818
181 509
1840 516
1493 106
844 1737
1385 472
1412 962
1303 1395
877 1929
695 1985
1787 1255
1661 1007
394 1639
1386 629
1698 1384
1597 1003
1582 474
1213 1171
1348 616
164 1171
653 1795
889 1430
1816 326
1477 709
1506 815
1516 1060
959 1562
636 1511
1165 1113
1934 905
447 497
675 537
426 288
1250 577
626 336
1236 354
656 804
739 1497
1456 258
1755 225
298 639
1800 376
500 1228
188 608
1959 42
1740 1043
309 35
1722 1675
239 602
134 1059
1762 1061
547 310
1861 259
1587 1658
636 1745
1327 1297
802 1207
1757 256
1885 342
1979 718
1322 1772
459 799
1934 1355
772 976
1865 274
236 664
1415 602
791 1462
1257 1124
1899 789
400 1232
734 982
1992 1346
1179 1687
1775 1339
1306 1679
756 1428
1317 895
1548 452
1582 923
995 1503
1759 330
1476 227
1877 91
1869 188
1371 1956
318 994
1131 882
1994 657
743 24
1170 571
1261 36
1433 1218
1034 700
881 1827
1394 24
1910 147
272 1177
1809 476
693 58
453 143
1528 1341
1019 510
1828 1366
1465 1892
1158 1393
1394 1245
1013 633
400 1325
954 946
562 1375
1947 799
1319 521
1423 1336
1325 830
398 1686
607 55
208 538
1557 330
1373 1340
1290 1202
1130 1620
228 1053
1488 905
52 1594
1226 347
1821 1895
1554 1886
1931 1265
782 1934
1710 997
1601 1370
1649 1167
809 1864
57 517
158 1265
278 175
227 35
978 1472
1606 938
1429 954
1149 328
1673 1616
1610 1328
1506 1481
1196 1307
51 918
742 1906
1660 1736
1622 311
45 340
580 1998
908 467
1322 14
326 445
515 1400
1155 999
1865 1384
1834 1529
1654 641
900 1158
1888 5
1106 361
1738 729
1795 1169
668 1776
155 320
676 1773
660 1260
989 964
1988 1595
124 1004
1058 560
451 104
1349 146
230 311
155 1084
984 1899
73 179
911 1179
617 1877
125 403
1731 395
249 1027
149 1027
344 410
1620 94
1828 1997
1001 1169
1919 1015
1674 575
562 177
1576 97
1048 1804
313 1799
818 1865
463 420
1496 593
1870 607
838 240
10 225
1903 230
248 1533
58 1007
720 699
1997 1805
1299 165
1361 193
1111 1097
778 1826
696 1049
1671 49
1302 482
970 1906
458 461
953 126
1601 794
959 105
633 607
1762 212
1778 1894
1349 893
1724 1720
1853 1012
759 1933
1688 1780
1188 311
354 1441
1142 1220
1253 1135
250 337
1535 1560
254 147
542 1446
833 230
287 298
942 146
1620 1901
1077 434
70 16
508 1437
498 851
1571 1657
1094 691
30 216
1593 1493
872 1587
1990 1613
729 109
1608 1547
231 1893
1248 1703
184 389
1726 1195
416 1672
1226 906
405 914
602 44
382 516
490 347
763 259
478 1065
394 559
1289 622
1730 632
1650 923
237 1100
1818 1873
1923 553
728 1093
1937 1595
659 1313
798 1845
1750 133
1660 212
1889 337
225 1778
1286 1734
1012 28
345 1388
1480 1887
1618 1655
1626 118
733 15
880 87
1133 658
732 264
1742 1738
1445 537
185 670
1348 1481
992 1691
918 1652
266 147
1826 1184
9 1906
1334 1413
905 1958
74 1901
760 1750
595 1200
1197 781
1649 1029
1553 1099
732 560
1678 962
1373 1673
1385 1821
1206 559
430 1681
1623 816
1502 884
362 318
280 570
436 1568
394 618
1850 493
503 762
1614 1128
1317 990
813 1758
705 1497
635 1742
1477 603
1755 780
290 1446
1620 1590
633 649
426 59
234 1054
476 537
690 882
227 918
1233 1169
198 229
972 1703
353 850
1352 841
467 1153
68 1365
377 1652
511 1059
1551 4
940 1687
687 689
173 1560
570 1707
456 321
1069 1737
7 251
1787 1876
1114 90
446 1416
1128 202
473 114
1261 1366
1219 54
52 755
1253 1669
1780 1211
566 1334
151 753
1772 1864
461 1201
270 267
284 386
1675 341
1647 1380
744 335
1625 798
836 1121
1651 511
151 1158
1218 77
218 1544
575 604
71 29
895 1927
1143 1186
416 589
512 274
565 1460
236 995
1990 336
1805 624
1732 1213
430 1164
91 318
1078 629
1099 1602
1321 393
1630 1101
693 311
1062 246
253 678
882 1644
100 720
1253 534
919 1258
1344 1101
929 612
1727 654
1752 943
1630 1094
1092 769
1901 602
790 457
791 275
1796 1396
1298 300
596 486
55 1028
275 1870
321 1555
1029 842
470 1771
943 748
1601 5
177 200
784 920
154 176
1216 596
192 773
82 1740
1904 1017
263 1934
430 1613
193 12
1672 1487
1021 121
114 1494
886 1348
1259 1224
276 1693
687 456
396 1653
589 1133
1034 1388
1852 334
699 366
1739 1539
1130 1895
1005 640
695 1356
202 1534
1386 1198
628 1115
416 1128
724 85
1918 531
1462 1386
973 465
1886 457
1978 205
1961 337
623 1426
1860 755
1521 998
161 1476
1267 1318
107 902
1586 932
975 992
1941 589
640 61
586 1552
1715 1371
1759 1364
587 1829
883 979
901 1983
652 1641
1060 232
579 891
1923 1967
1962 1849
537 353
305 557
1021 786
737 395
967 1184
1943 59
1554 1043
268 1039
1945 1714
1799 136
1914 577
1271 587
823 1595
1939 1925
704 1224
586 395
1562 847
1587 1493
596 17
992 686
1081 1275
947 461
719 1076
1862 506
1851 87
51 1557
1203 447
769 1036
494 65
175 773
432 1147
15 1978
1432 1542
1306 741
558 1410
1644 1473
1006 1804
779 777
1187 249
1802 612
596 773
1796 192
1311 1657
1165 273
269 1754
1740 1904
615 1504
1267 1636
1008 1870
192 847
1091 1337
1824 390
1276 180
359 841
1295 397
776 224
1953 323
209 385
459 860
1902 1533
58 29
617 1600
1817 1406
1998 145
618 1338
914 548
143 457
1402 1731
405 146
1117 1161
123 1484
1045 689
1941 846
154 463
766 1949
1667 1823
1198 521
105 535
57 831
787 1291
348 734
724 1623
1095 1774
1823 240
742 81
160 1505
1072 159
704 1548
1392 1864
974 518
503 1496
853 574
667 421
1449 1547
1647 1572
757 1086
975 933
31 273
1198 1601
606 886
1072 1962
55 18
1339 1172
330 97
674 1714
1619 550
1480 1403
557 1782
871 174
612 553
856 346
768 1705
1322 1454
720 927
717 1042
812 1749
1129 1902
1929 1841
826 571
1869 1391
1735 1164
277 1177
1278 567
1633 1257
1804 675
709 1238
1088 50
472 1911
1543 627
846 1122
1347 1457
1947 875
1869 764
1442 1812
1527 1526
331 448
1176 783
1650 1638
1725 1258
515 1836
1798 536
179 1220
1752 1759
1799 1804
1605 1149
1386 1669
1763 1842
36 1473
164 883
965 281
376 1929
1026 1131
1992 1556
1860 1115
1602 1500
1200 147
255 1168
980 841
1990 1001
565 14
1414 371
1968 1755
966 106
1724 1091
1495 121
1699 1123
516 1630
1108 76
868 681
446 1291
1031 102
1287 1113
776 407
436 498
214 450
1888 521
1337 231
887 873
1452 735
1902 1822
450 384
1121 1101
787 1940
1233 865
1825 827
533 774
246 878
31 1159
664 1706
1193 1890
505 436
281 169
548 445
1202 308
1070 876
1134 1543
1631 1650
1535 238
1562 1345
1056 1906
1625 386
1088 577
1183 1840
636 1492
715 1494
1285 1701
1110 546
630 763
781 679
183 1986
369 678
105 1979
524 185
1303 778
1066 486
506 610
1252 1197
990 1712
635 999
1576 452
1570 528
1931 1090
1010 228
618 469
776 1709
766 1625
187 401
801 984
1035 333
1068 13
900 1835
139 1013
421 824
646 141
388 923
24 860
1245 1403
1809 704
152 438
467 697
836 309
664 1714
854 1981
1723 1244
93 1786
58 1302
1461 743
747 439
727 20
1829 408
1715 1736
755 1447
1860 1559
1318 2000
1252 996
1344 311
1919 1129
389 1014
4 699
2000 528
221 23
886 1680
316 1480
571 624
1132 1546
1016 1633
1615 81
924 496
641 55
1511 842
1974 829
1336 964
833 447
718 442
80 1975
1064 1999
590 300
1401 861
984 1622
1428 518
478 1794
392 1127
1161 190
1703 1728
839 1885
504 308
507 1239
894 1655
1892 1748
1911 621
1636 1874
1287 1617
1805 1755
1016 1581
1268 843
997 569
1878 1133
50 1748
1573 164
1013 559
183 1231
760 869
1812 604
1136 1027
1848 1535
777 833
1045 1209
1679 529
135 308
1889 1512
467 240
1255 1567
1365 1899
518 507
729 1806
1113 947
743 785
1585 874
338 607
1296 552
1551 1578
428 1684
95 1884
705 1170
833 331
571 1284
1372 1336
1245 439
1717 1822
271 124
924 833
778 1347
291 1573
554 1305
1568 128
949 322
570 1994
1582 1546
248 412
1562 1672
42 588
583 858
1988 1304
411 104
1686 1974
462 1695
47 328
1646 1598
1925 285
734 670
561 377
1863 1489
673 971
1319 1074
1775 1927
344 1937
300 506
26 869
580 964
1076 991
322 920
503 486
856 1423
901 1492
1747 1085
1090 193
1872 1213
1424 688
1089 94
716 821
103 1914
848 1837
475 1508
966 1305
1307 446
1159 23
1361 481
1065 870
1686 1957
510 1652
1953 1505
1869 1092
1 542
509 655
1669 17
942 1522
260 1882
1923 618
1871 1838
72 1989
786 1018
364 1585
1130 333
1151 974
993 886
1878 1611
989 1754
1639 1312
1053 936
635 970
1674 447
96 1743
505 1847
1340 753
1515 1650
198 1616
922 1929
1599 998
1993 1432
1759 1598
784 322
1474 675
1710 1081
1358 1162
173 1532
1245 471
1775 1380
719 206
1900 1764
1546 1964
44 2000
304 1023
1449 1474
505 1280
1090 1291
1361 880
1908 359
1220 947
1375 548
1129 461
1918 1128
1319 214
1795 1284
1132 173
45 128
1021 1453
560 1103
1172 688
644 1243
1660 1503
1782 1390
1050 366
1877 1799
219 1356
1000 1838
203 9
1584 1453
206 1087
1205 565
1236 376
147 104
1958 1919
1969 134
267 1217
526 1362
171 1631
559 1470
304 847
1436 716
1530 668
1890 656
568 430
1299 1101
1265 1861
1800 1568
719 1349
1810 668
426 1434
1421 81
564 315
1992 1275
919 777
1886 923
1877 799
1186 1001
1389 654
326 487
914 1791
1523 1589
923 1105
1031 1913
521 566
1900 1091
1878 1047
656 1347
398 683
1010 1283
909 310
866 1768
1373 1790
1675 1887
1208 1649
1448 1068
1356 1273
1746 389
1346 1256
227 1265
1035 775
471 981
690 1264
751 2
227 356
1537 1959
929 963
766 373
351 766
1952 1719
1386 585
328 1663
639 562
895 1143
1083 324
776 1295
245 264
1358 1870
62 227
1219 1782
96 292
1868 542
1753 1652
1885 288
177 1494
91 1067
971 1979
535 709
907 1027
112 1782
1632 1417
163 109
212 1054
1240 1791
919 13
1445 332
1725 1534
1066 431
1376 37
1093 146
1738 1478
549 1104
680 1691
1041 152
813 994
500 538
700 1635
470 722
65 699
498 463
1370 1535
1060 428
1986 465
1921 835
1614 1322
814 1641
1140 1006
594 442
453 1399
1772 549
1732 309
76 887
1027 352
910 1933
633 1712
1683 526
78 1643
1816 653
743 1197
245 447
1089 877
1346 979
171 929
1705 1897
877 327
1175 563
1272 1308
1216 1290
101 267
1135 235
479 420
934 1329
1456 555
1459 1238
737 834
1449 1053
48 915
1814 1131
1782 344
1490 1141
1431 347
147 118
659 962
321 260
1587 1620
1848 354
480 1580
1664 389
196 1957
1052 595
469 1503
817 290
1743 1028
13 428
1032 267
201 354
621 1274
727 1546
1886 1825
1802 1803
424 744
119 1255
524 1552
1629 49
1952 464
1841 796
77 192
592 101
1851 1258
638 753
80 640
856 1018
803 659
476 1899
353 1845
1523 1055
505 1059
1632 1914
1341 859
1043 522
1240 1891
1068 553
1480 1065
58 191
1880 1161
859 1066
73 175
988 612
1884 461
171 1450
267 532
1798 1765
628 899
698 1286
1802 339
1213 1685
268 1315
1664 1699
1624 1932
1853 154
1599 801
652 378
1889 1722
1225 64
175 1912
197 84
1961 1127
306 1364
1506 1255
66 784
479 837
128 1833
1174 1475
1524 1892
428 555
412 180
1444 1443
1607 144
1438 17
1578 531
1332 701
1917 1655
206 1951
1624 58
876 928
965 1125
731 1090
149 72
1940 700
1007 1757
885 18
1886 729
83 235
1880 759
1321 65
964 1480
1763 917
1109 433
1093 943
1142 1899
643 601
614 194
374 101
1913 1234
541 123
1432 1762
522 471
983 1577
1316 1683
1791 1171
1418 5
1565 525
676 551
1896 1548
1110 70
155 1767
322 1122
65 691
1877 1755
985 861
1264 1541
17 225
1257 1432
1478 1897
1879 499
1789 124
1293 238
1166 1746
705 387
1026 463
217 294
670 1094
1602 1814
1300 1480
20 1356
904 595
1075 1638
1986 514
1687 1956
318 976
1168 1014
1142 1603
399 783
21 945
1568 469
209 272
2000 1897
305 1498
161 25
307 1939
454 596
1120 638
66 1597
1919 758
207 1873
1807 1726
1602 1198
27 336
919 142
1294 1749
1389 328
942 1865
565 627
1594 399
1874 1001
490 1369
713 312
1318 1139
1053 1531
1774 445
1143 1598
137 325
633 23
1589 1698
423 1540
1488 1369
1353 1291
77 692
760 310
875 403
642 1689
190 1044
1335 995
1198 906
1695 1717
978 1632
1642 713
631 1738
284 652
427 60
434 809
1732 1988
41 1131
351 565
1558 1630
304 887
360 834
1244 607
306 29
457 700
1165 1981
644 204
403 1145
751 180
267 910
910 668
553 6
629 740
556 1472
1398 671
1162 1576
871 1351
1045 460
187 681
1687 361
556 974
1789 1840
729 652
406 491
1904 360
765 1208
872 1656
902 1762
437 1281
246 879
1055 625
639 796
454 807
588 829
1196 1927
1692 119
1717 1535
211 1599
952 1399
503 150
1536 1333
520 133
1031 1410
1958 940
12 912
1486 1175
263 1373
892 1316
1995 1067
1249 517
463 80
473 1683
1479 971
568 1644
1096 1568
770 524
1671 1145
1702 383
1848 943
349 1753
522 869
1353 611
1397 1603
331 457
272 818
1113 320
113 1691
1081 739
1341 1337
356 1649
634 125
340 1038
1352 1534
1967 1502
1929 738
339 41
45 84
719 1501
1547 1127
1625 368
1409 1569
1482 384
1351 1032
68 164
92 194
717 1365
43 820
1253 1852
304 1638
298 1013
425 767
1565 1258
228 1906
1675 513
69 1996
705 1098
597 903
911 974
1315 1913
1759 674
1677 1903
9 555
1161 1289
1289 386
569 1639
12 888
479 1457
1318 1349
789 998
1116 1051
538 1548
657 1145
600 40
1098 519
889 865
73 1408
103 885
1926 375
434 1284
1997 387
335 489
1906 760
1285 711
398 1073
970 949
1048 847
202 439
1938 308
1993 1692
1039 419
1349 1121
475 1245
1961 1547
453 1124
347 1711
1154 1066
42 1362
1036 694
838 418
298 1969
1149 1692
1337 1895
1691 549
1217 1571
50 980
721 633
778 144
602 1657
1907 1082
1795 548
1640 586
696 359
449 1719
75 1465
1266 994
770 1347
211 898
865 1244
1605 1425
925 1534
1995 632
516 615
1333 781
532 191
1907 1222
459 1891
1574 1506
835 288
132 1186
1471 54
488 370
570 376
1421 1795
1393 1047
963 526
1050 1801
176 301
1728 302
1254 1536
1184 1502
636 1070
1907 1496
626 1071
701 1414
239 998
708 611
163 212
1839 1344
231 537
590 1559
1970 1153
1538 192
1026 1931
1484 1223
1499 423
686 99
1821 491
1187 1478
918 698
1003 98
822 1133
232 574
104 1637
398 1372
1319 57
880 1860
1180 1736
322 1260
470 226
1205 1783
45 1650
184 649
1205 90
852 660
104 331
845 728
1088 47
1021 1069
1888 28
1399 467
1461 1385
1128 1329
1529 722
7 5
