1 1532
1532 192
192 1525
1525 642
642 1202
1202 1899
1899 18
18 1767
1767 340
340 353
353 1970
1970 461
461 1000
1000 814
814 1553
1553 2
2 408
408 938
938 377
377 64
64 1014
1014 1426
1426 351
351 1220
1220 1804
1804 1937
1937 680
680 602
602 1608
1608 1200
1200 1767
1200 1024
1024 304
304 1431
1431 1275
1275 26
26 65
65 424
424 290
290 1759
1759 25
25 1770
1770 1837
1837 211
211 825
825 428
428 1380
1380 1154
1154 443
443 1224
1224 458
458 792
792 1544
1544 1948
1948 1095
1095 1636
1636 1022
1022 1772
1772 1229
1229 2000
2000 1084
1084 1686
1686 885
885 1276
1276 476
476 561
561 594
594 1664
1664 181
181 366
366 1141
1141 1750
1750 591
591 485
485 1267
1267 1631
1631 530
530 1098
1098 1389
1389 1626
1626 1578
1578 779
779 901
901 998
998 1584
1584 1318
1318 413
413 64
413 930
930 1416
1416 4
4 335
335 119
119 257
257 1417
1417 382
382 573
573 486
486 1421
1421 44
44 1918
1918 874
874 468
468 814
468 1453
1453 1094
1094 928
928 737
737 1742
1742 1733
1733 1093
1093 746
746 371
371 1568
1568 237
237 1385
1385 1073
1073 1174
1174 12
12 1096
1096 1045
1045 183
183 983
983 617
617 1859
1859 1223
1223 1448
1448 897
897 698
698 921
921 1224
921 1434
1434 1796
1796 1763
1763 1711
1711 1393
1393 1315
1315 444
444 120
120 1858
1858 805
805 1117
1117 323
323 1737
1737 736
736 1993
1993 1688
1688 245
245 1128
1128 1668
1668 1107
1107 1904
1904 1292
1292 829
829 46
46 143
143 1507
1507 1497
1497 1192
1192 1704
1704 1262
1262 488
488 643
643 473
473 1486
1486 974
974 1383
1383 1645
1645 1881
1881 120
1881 1899
1881 962
962 1625
1625 1374
1374 598
598 231
231 1568
231 571
571 1487
1487 247
247 935
935 877
877 672
672 146
146 451
451 803
803 1548
1548 1031
1031 852
852 695
695 433
433 1270
1270 1649
1649 1127
1127 1379
1379 1877
1877 609
609 1922
1922 1256
1256 116
116 351
116 1110
1110 1412
1412 1334
1334 1589
1589 34
34 804
804 1620
1620 1169
1169 944
944 570
570 1460
1460 1213
1213 49
49 1625
49 1787
1787 1850
1850 1313
1313 1666
1666 990
990 1569
1569 169
169 1944
1944 448
448 918
918 1205
1205 1540
1540 1405
1405 1754
1754 1331
1331 236
236 1765
1765 1614
1614 1064
1064 324
324 724
724 661
661 1155
1155 1945
1945 991
991 50
50 699
699 1514
1514 501
501 970
970 1028
1028 703
703 1085
1085 1042
1042 1753
1753 1415
1415 706
706 1576
1576 357
357 1033
1033 1060
1060 1797
1797 1800
1800 283
283 922
922 187
187 1204
1204 1442
1442 39
39 384
384 363
363 721
721 1908
1908 989
989 987
987 1666
987 1575
1575 436
436 1851
1851 1411
1411 1903
1903 479
479 1988
1988 1531
1531 266
266 1311
1311 939
939 1916
1916 903
903 1237
1237 1342
1342 346
346 1998
1998 502
502 1600
1600 1121
1121 1792
1792 1153
1153 314
314 1986
1986 982
982 1260
1260 289
289 1844
1844 17
17 971
971 955
955 1116
1116 1422
1422 1624
1624 1249
1249 1265
1265 302
302 258
258 864
864 701
701 1474
1474 332
332 1620
332 1808
1808 733
733 1329
1329 981
981 1371
1371 1889
1889 1524
1524 529
529 608
608 1678
1678 664
664 1673
1673 233
233 334
334 1578
334 1869
1869 917
917 1526
1526 1963
1963 241
241 59
59 139
139 201
201 1822
1822 70
70 1748
1748 337
337 1261
1261 723
723 1299
1299 1542
1542 1978
1978 1896
1896 1126
1126 1872
1872 1279
1279 716
716 812
812 284
284 1367
1367 1189
1189 1456
1456 1861
1861 1783
1783 1788
1788 707
707 43
43 1518
1518 854
854 1080
1080 1066
1066 759
759 1949
1949 1224
1949 476
1949 337
759 904
904 470
470 1784
1784 1217
1217 1647
1647 1642
1642 1446
1446 1757
1757 1143
1143 834
834 1586
1586 1012
1012 445
445 1422
445 1576
1012 677
677 723
677 988
988 1903
677 482
482 528
528 328
328 39
328 1955
1955 1854
1854 1965
1965 500
500 1247
1247 1009
1009 1518
1009 1592
1592 347
347 1074
1074 569
569 1323
1323 93
93 1182
1182 1401
1401 349
349 78
78 473
349 1984
1984 1474
1984 1645
1984 1521
1521 654
654 160
160 269
269 252
252 1231
1231 773
773 1365
1365 1132
1132 791
791 215
215 692
692 1454
1454 1345
1345 1585
1585 1272
1272 1827
1827 1251
1251 1006
1006 1133
1133 627
627 1300
1300 1394
1394 446
446 1845
1845 414
414 154
154 659
659 1811
1811 699
1811 1714
1714 888
888 1169
888 211
1714 1797
1714 1528
1528 357
1528 1946
1946 660
660 1375
1375 1140
1140 867
867 960
960 186
186 1563
1563 1283
1283 887
887 1287
1287 1703
1703 1031
1703 1846
1846 596
596 1983
1983 1964
1964 1852
1852 1699
1699 1651
1651 1242
1242 171
171 1120
1120 557
557 999
999 1569
999 1408
1408 135
135 1607
1607 775
775 232
232 594
232 21
21 267
267 673
673 1377
1377 6
6 568
568 1083
1083 1767
1083 1488
1488 916
916 1566
1566 1637
1637 563
563 8
8 307
307 1678
307 1058
1058 224
224 1425
1425 1728
1728 1490
1490 229
229 1629
1629 297
297 1712
1712 120
297 1630
1630 368
368 1879
1879 1021
1021 1640
1640 212
212 590
590 1320
1320 996
996 1909
1909 1388
1388 482
1388 753
753 911
911 534
534 1227
1227 1382
1382 754
754 270
270 1546
1546 155
155 260
260 301
301 1124
1124 1471
1471 1439
1439 1975
1975 512
512 459
459 1002
1002 431
431 870
870 1650
1650 1178
1178 1534
1534 880
880 189
189 847
847 75
75 19
19 1466
1466 1657
1657 1927
1927 1470
1470 1395
1395 1118
1118 184
184 282
282 839
839 163
163 1368
1368 1096
163 653
653 860
860 454
454 1329
454 1925
1925 1778
1778 415
415 628
628 516
516 1428
1428 1060
1428 617
516 1350
1350 213
213 495
495 1857
1857 92
92 720
720 1489
1489 658
658 611
611 172
172 3
3 624
624 1070
1070 1637
1070 115
115 1423
1423 992
992 1690
1690 788
788 648
648 419
419 720
419 1693
1693 601
601 480
480 188
188 526
526 697
697 52
52 990
52 639
639 1593
1593 244
244 755
755 915
915 1679
1679 1032
1032 1511
1511 644
644 175
175 1826
1826 902
902 1145
1145 791
1145 1349
1349 629
629 1363
1363 593
593 946
946 934
934 1502
1502 717
717 1504
1504 1364
1364 551
551 1423
551 191
191 1452
1452 1643
1643 1013
1013 1142
1142 1633
1633 843
843 520
520 539
539 1265
539 62
62 1478
1478 1791
1791 1831
1831 1335
1335 1594
1594 1893
1893 1972
1972 794
794 777
777 372
372 1836
1836 1298
1298 1579
1579 846
846 1306
1306 1030
1030 1911
1911 1029
1029 467
467 1245
1245 1795
1795 1617
1617 882
882 1807
1807 165
165 1734
1734 787
787 268
268 1171
1171 1654
1654 813
813 203
203 1467
1467 1391
1391 397
397 1436
1436 92
397 767
767 611
1391 435
435 709
709 1618
1618 633
633 1019
1019 1334
1019 1922
1019 789
789 417
417 1053
1053 1548
1053 345
345 715
715 341
341 809
809 339
339 1749
1749 518
518 462
462 373
373 1399
1399 994
994 1506
1506 1172
1172 1619
1619 1363
1619 737
1619 1376
1376 1224
1376 178
178 1897
1897 1560
1560 33
33 826
826 875
875 1892
1892 1311
1892 693
693 205
205 1616
1616 633
1616 189
1616 115
1616 915
1616 980
980 351
980 615
615 914
914 1121
914 574
574 1876
1876 1179
1179 1119
1119 744
744 1374
744 1273
1273 497
497 1935
1935 1203
1203 553
553 471
471 1375
471 824
824 1252
1252 1512
1512 886
886 630
630 1149
1149 104
104 471
104 1062
1062 1352
1352 1860
1860 763
763 421
421 1168
1168 872
872 1873
1873 694
694 576
576 870
576 50
694 1568
1873 6
1873 1748
872 1498
1498 1773
1773 355
355 1848
1848 1557
1557 1151
1151 1956
1956 942
942 1741
1741 1108
1108 1685
1685 1105
1105 1136
1136 450
450 254
254 466
466 239
239 796
796 908
908 1664
908 714
714 1043
1043 288
288 1779
1779 1039
1039 1546
1039 1156
1156 1020
1020 1632
1632 58
58 1007
1007 568
1007 1595
1595 1159
1159 784
784 3
784 647
647 430
430 1518
430 398
398 1539
1539 1829
1829 984
984 486
984 610
610 1391
984 1818
1818 1832
1832 1815
1815 1973
1973 669
669 681
681 1819
1819 116
1819 1768
1768 823
823 818
818 1837
818 1338
1338 94
94 926
926 663
663 882
663 1000
926 1516
1516 510
510 1763
1516 1561
1561 851
851 195
195 1468
1468 449
449 1408
449 1575
449 212
1468 1901
1901 649
649 1026
1026 774
774 1778
774 688
688 1456
688 1115
1115 1293
1293 1317
1317 583
583 615
583 1343
1343 218
218 256
256 756
756 753
756 815
815 1087
1087 1682
1682 1879
1682 1061
1061 337
1061 284
1087 1775
1775 1147
1147 1275
1147 732
732 1170
1170 199
199 1643
199 1161
1161 1667
1667 987
1667 1627
1627 1386
1386 1036
1036 1424
1424 1624
1424 1944
1424 1868
1868 98
98 1642
1868 1802
1802 1938
1938 162
162 588
588 1724
1724 360
360 1613
1613 739
739 1633
739 455
455 81
81 1489
81 1259
1259 110
110 626
626 1044
1044 566
566 1725
1725 615
1725 100
100 770
770 1645
770 841
841 21
841 1896
841 426
426 380
380 743
743 882
743 661
743 1638
1638 567
567 1069
1069 799
799 246
246 190
190 997
997 1193
1193 303
303 1023
1023 249
249 1580
1580 1120
249 1001
1001 1264
1264 1066
1264 1991
1991 1603
1603 1597
1597 442
442 1913
1913 1762
1762 1136
1913 1240
1240 310
310 623
623 1683
1683 1269
1269 722
722 1473
1473 1924
1924 891
891 312
312 428
312 1565
1565 597
597 1233
1233 1333
1333 1132
1333 1629
1333 621
621 1947
1947 618
618 766
766 575
575 33
575 916
575 166
166 1921
1921 198
198 1177
1177 806
806 351
806 402
402 1806
1806 671
671 1901
671 845
845 676
676 208
208 786
786 1538
1538 1584
1538 796
786 1715
1715 1732
1732 867
1732 808
808 1590
1590 1795
1590 1483
1483 1890
1890 1812
1812 700
700 159
159 1500
1500 194
194 406
406 1857
194 1898
1898 1056
1056 830
830 1362
1362 387
387 381
381 1470
381 1565
381 1421
387 1525
1362 407
407 1451
1451 1095
1451 854
407 55
55 36
36 219
219 1284
1284 7
7 1269
7 129
129 1926
1926 1280
1280 1777
1777 1905
1905 1824
1824 30
30 1780
1780 1527
1527 1921
1780 418
418 352
352 1160
1160 1646
1646 1254
1254 206
206 76
76 764
764 556
556 348
348 740
740 1537
1537 255
255 1692
1692 600
600 1990
1990 1549
1549 139
600 751
751 1583
1583 364
364 1907
1907 771
771 316
316 241
316 1559
1559 869
869 954
954 1904
954 1823
1823 923
923 1896
954 742
742 1853
1853 1167
1167 1617
1853 752
752 382
752 1536
1536 790
790 1574
1574 959
959 1833
1833 1835
1835 765
765 1967
1967 544
544 697
544 563
544 878
878 1381
1381 425
425 94
1381 508
508 591
1381 792
878 342
342 1450
1450 140
140 1245
140 241
1450 550
550 161
161 1286
1286 1663
1663 336
336 1110
336 1317
1663 1502
1663 1062
1286 580
580 1273
1286 734
734 293
293 737
734 875
734 321
321 489
489 1332
1332 1211
1211 378
378 1643
378 628
1211 562
562 1396
1396 1194
1194 1243
1243 760
760 524
524 687
687 315
315 702
702 1191
1191 1661
1661 857
857 744
857 589
589 1878
1878 1630
1878 993
993 503
503 1210
1210 197
197 978
978 1840
1840 1610
1610 599
599 264
264 1010
1010 1534
1010 33
599 390
390 427
427 974
427 9
9 1718
1718 1392
1392 68
68 64
68 260
68 254
68 234
234 1493
1493 1068
1068 1249
1493 1566
1493 665
665 1793
1793 408
665 879
879 323
234 632
632 1675
1675 1390
1390 1515
1515 1971
1971 1008
1008 733
1971 1295
1295 1227
1295 1720
1720 1089
1089 393
393 1447
1447 729
729 1407
1407 822
822 858
858 1094
822 1996
1996 60
60 973
973 1201
1201 868
868 1585
868 1507
1201 1249
1201 1311
60 538
538 296
296 884
884 1329
884 1932
1932 1005
1005 1598
1598 1404
1404 1402
1402 1336
1336 1281
1281 817
817 634
634 1084
634 1981
1981 150
150 167
167 926
167 1229
150 1353
1353 1899
1353 700
1353 1879
1353 1816
1816 1997
1997 517
517 1110
517 962
517 129
1997 1910
1910 60
1910 1774
1774 527
527 1319
1319 1225
1225 966
966 1642
966 1798
1798 1424
1798 882
966 559
559 1488
559 1863
1863 773
1863 1168
1863 1050
1050 356
356 743
356 1352
356 216
216 1121
216 196
196 389
389 674
674 1134
1134 99
99 941
941 670
670 1265
670 1987
1987 1543
1543 1739
1739 1318
1987 232
1987 1772
1987 1196
1196 856
856 416
416 446
416 1295
856 1030
1196 1754
1196 518
1196 1379
1987 1849
1849 1309
1309 1225
1309 600
1309 1514
1309 187
1309 1937
1849 1336
1987 1323
941 1733
941 748
748 1135
1135 894
894 1387
1387 832
832 587
587 457
457 1303
1303 112
112 1075
1075 949
949 512
949 1958
1958 893
893 776
776 579
579 200
200 835
835 1057
1057 22
22 105
105 1781
1781 545
545 558
558 23
23 1596
1596 1197
1197 1693
1197 1193
23 1529
1529 1891
1891 433
1891 1608
1891 1128
1891 1940
1940 584
584 1588
1588 1328
1328 1694
1694 1507
1694 1686
1328 1281
1328 1480
1480 1051
1051 73
73 1622
1622 1244
1244 1786
1786 1801
1801 429
429 754
429 2000
429 1110
1801 1534
1801 1221
1221 1867
1867 306
306 39
306 628
306 1812
1867 262
262 1075
1221 578
578 520
578 156
156 1146
1146 1337
1337 174
174 1257
1257 1513
1513 704
704 1248
1248 686
686 1064
686 618
686 13
13 466
13 536
536 836
836 1505
1505 1042
1505 994
1505 1350
1505 95
95 1747
1747 1696
1696 1622
1696 1917
1917 838
838 1113
1113 284
838 1435
1435 745
745 1899
745 488
1435 1509
1509 275
275 1138
1138 474
474 655
655 758
758 1928
1928 1116
1928 711
711 747
747 19
747 1118
747 1591
1591 347
1591 1003
1003 335
1003 944
1003 82
82 1356
1356 1019
82 936
936 14
14 675
675 1533
1533 1680
1680 824
1680 1934
1934 208
1533 1785
1785 90
90 1895
1895 577
577 1911
577 814
577 1055
1055 1088
1088 1600
1088 1202
1088 1772
1088 46
1088 1504
1088 1977
1977 12
1977 96
96 400
400 1437
1437 1306
1437 949
1437 799
96 1311
96 220
220 127
127 1775
127 972
972 1756
1756 1219
1219 317
317 613
613 404
404 130
130 1698
1698 311
311 683
683 243
243 344
344 1285
1285 1809
1809 89
89 1944
89 650
650 1595
89 814
1809 1074
1809 1297
1297 403
403 769
769 309
309 1960
1960 1609
1609 1769
1769 490
490 1689
1689 444
1689 1104
1104 1989
1989 761
761 472
472 749
749 133
133 136
136 1687
1687 1065
1065 420
420 873
873 1961
1961 1000
1961 979
979 837
837 101
101 447
447 52
447 705
705 464
464 1842
1842 1554
1554 883
883 409
409 1323
409 118
118 1102
1102 523
523 1156
523 208
523 1001
1102 439
439 1226
1226 1195
1195 383
383 340
383 1854
1226 829
1226 250
250 354
354 435
354 1122
1122 657
657 1365
657 1607
657 1555
1555 1373
1373 1595
1373 399
399 1531
399 1467
1373 1942
1942 1132
1942 477
477 667
667 374
374 1623
1623 1824
374 42
42 6
42 32
32 211
32 322
322 1087
322 684
684 1576
684 978
322 889
889 1639
1639 560
560 1607
560 781
781 1077
1077 358
358 1278
1278 705
1278 1323
1278 1525
1278 113
113 1551
1551 390
1551 808
1278 928
1278 1985
1985 1461
1461 1572
1572 1270
1461 230
230 1401
230 393
1461 1090
1090 443
1090 324
1461 1588
1985 1773
358 1281
358 154
781 1581
1581 612
612 1897
612 1807
1581 232
1581 61
61 1710
1710 1078
1078 1671
1671 1152
1152 1082
1082 1655
1655 927
927 855
855 1433
1433 434
434 247
434 1248
434 779
434 88
88 655
855 1748
927 137
137 1291
1291 711
137 566
137 922
137 604
604 418
604 1375
137 1920
1920 1314
1314 165
1920 428
1920 1598
1671 1522
1522 473
1522 1998
1522 1304
1304 1700
1700 1040
1040 1914
1914 1600
1914 124
124 1025
1025 379
379 486
379 952
952 82
952 1872
1025 1660
1660 717
1660 1704
1025 333
333 438
438 330
330 1736
1736 1378
1378 1707
1707 1702
1702 947
947 441
441 225
225 1027
1027 1472
1472 940
940 1754
940 419
940 1913
940 1711
940 371
1472 501
1472 1760
1760 807
807 71
71 638
638 375
375 729
375 1245
638 1564
1564 585
585 300
300 1174
300 1429
1429 1958
1429 1215
1215 1372
1372 452
452 1665
1665 1378
1665 776
452 1870
1870 1180
1180 1610
1180 1562
1562 1924
1180 396
396 1499
1499 53
53 173
173 319
319 31
31 539
31 396
319 1644
1644 1520
1520 693
1520 1320
1644 1765
173 618
53 1183
1183 646
646 15
15 969
969 138
138 290
138 886
969 1214
1214 1423
1214 309
15 1570
1570 248
248 1531
248 1692
248 1185
1185 1054
1054 1634
1634 1479
1479 1384
1384 1334
1384 435
1384 686
1054 874
1054 899
899 1417
1054 105
1185 405
405 1187
1187 1550
1550 64
1550 995
995 1457
1457 1955
1457 1657
1457 1438
1438 644
1438 90
1457 781
1457 738
738 1816
738 1211
738 1135
995 239
995 1303
995 659
1187 1918
1185 974
1185 884
1185 1354
1354 1234
1234 1255
1255 1035
1035 513
513 176
176 1946
513 290
1035 1110
1035 971
1255 1227
1255 769
1354 1533
1354 1649
1354 894
1185 1158
1158 108
108 1906
1906 1279
1906 1047
1047 977
977 1148
1148 1358
1358 953
953 1647
953 1452
1358 1785
1906 488
1906 946
108 706
108 915
108 1803
1803 1782
1782 1911
1782 1506
1803 240
240 1312
1312 1639
1312 395
395 1218
1218 1751
1751 1830
1830 967
967 1297
967 1410
1410 905
905 440
440 278
278 347
278 860
278 949
440 981
440 1837
905 179
179 1979
1979 462
179 463
463 369
369 1894
1894 519
519 1978
519 1378
1894 1199
1199 1692
1199 813
1199 411
411 1427
1427 1360
1360 1386
1360 1861
1360 880
1427 962
411 438
411 956
956 726
726 1290
1290 1943
1943 36
1290 1218
1290 271
271 1787
271 690
690 419
690 1337
690 326
326 1117
326 1924
326 816
816 285
285 1722
1722 15
1722 1222
1222 1615
1615 872
1615 880
1222 1760
1722 451
1722 549
549 242
242 438
242 327
327 28
28 833
833 535
535 1165
1165 1896
1165 1404
1165 620
620 1532
1165 692
327 1635
1635 1676
1676 1954
1954 910
910 1552
1552 1771
1771 1961
1552 46
1552 994
910 1996
1954 1467
1954 761
1954 452
1676 1504
1676 506
506 1578
506 1407
506 1057
1635 648
1635 1699
327 499
499 170
170 951
951 257
499 937
937 1212
1212 1701
1701 1067
1067 365
365 1324
1324 1163
1163 946
1163 1802
1163 1212
1324 1595
1324 597
1324 1715
1324 1129
1129 1339
1339 554
554 1359
1359 1838
1838 975
975 257
975 1651
975 1691
1691 1292
975 475
475 772
772 1978
772 1100
1100 386
386 719
719 666
666 585
386 583
1100 414
1100 120
1100 735
735 653
735 1440
1440 776
1440 1697
1697 958
958 1738
1738 123
123 1212
958 505
505 1624
505 415
505 468
958 705
958 490
958 227
227 1684
1684 839
227 964
964 926
964 290
227 365
958 18
1697 1992
1992 906
906 1613
906 1649
1992 209
209 1748
209 616
616 1306
616 959
616 1174
616 1998
1992 250
1697 10
10 1865
1865 1974
1974 2000
1974 465
465 417
465 296
465 724
1865 60
10 1031
1697 453
453 1657
1440 213
1440 131
131 1365
735 1194
735 797
797 1400
1400 361
361 1531
361 1280
1400 335
797 736
797 1824
797 778
778 1083
778 1534
778 1464
1464 1046
1046 1884
1884 811
811 1193
811 1652
1652 97
97 1274
1274 1413
1413 618
1413 1063
1063 164
164 1224
164 1335
164 1836
1063 1521
1274 261
261 718
718 1477
1477 338
338 924
924 126
126 211
126 1392
126 729
924 305
305 221
221 252
221 1036
221 301
305 1778
305 950
950 1709
1709 1923
1923 651
651 1011
1011 1864
1864 1587
1587 1530
1530 355
1530 896
896 360
896 641
641 1962
1962 1416
641 1474
1587 635
635 101
1587 1115
1587 549
1864 1799
1799 410
410 668
668 1246
1246 548
548 1666
1246 801
801 1556
1556 390
1556 1769
1556 657
801 1317
668 477
668 597
410 1517
1517 1417
1517 1524
1517 581
581 66
66 1228
1228 1325
1325 1602
1602 793
793 1219
793 303
1602 71
1602 300
1325 1239
1239 393
1239 841
1325 84
84 1485
1485 294
294 809
294 1781
294 1713
1713 1666
1713 1560
1485 626
84 367
367 628
367 752
367 1608
84 1730
1730 377
1730 678
678 1238
1238 1345
678 267
678 863
863 1076
1076 1752
1752 1805
1805 1029
1805 213
1752 1490
1076 147
147 1086
1086 457
147 1467
147 1181
1181 1398
1398 685
685 633
685 235
235 1218
235 1593
1398 920
920 50
920 344
1181 757
757 1385
757 1327
1327 769
1327 1958
1327 236
757 1901
1181 1429
1181 288
147 990
1076 708
708 151
151 298
298 302
298 932
932 1893
932 904
932 404
932 863
151 1355
1355 1157
1157 1995
1995 220
1995 1911
1995 1216
1216 1900
1900 1164
1164 1969
1969 295
295 1308
1308 734
295 1825
1825 1568
1825 728
728 839
728 557
1825 1193
1825 1669
1669 531
531 1994
1994 1209
1209 1753
1994 965
965 1606
1606 1273
965 1287
965 1789
1789 727
727 217
217 1848
217 1501
1501 1939
1939 1748
1501 207
207 1915
1915 417
207 288
207 165
217 844
844 223
223 1130
1130 1919
1919 830
1919 489
1130 821
821 1059
1059 1579
1059 1491
1491 929
929 460
460 494
494 874
494 1330
1330 842
842 546
546 1056
546 1224
842 885
842 588
494 549
460 1896
460 277
277 327
277 1106
1106 1119
1106 1902
1902 1968
1968 870
1902 1425
1902 476
1902 1357
1357 798
798 51
51 493
493 931
931 1980
1980 1218
931 1406
1406 1294
1294 1365
1294 696
696 1642
696 1956
1294 1678
1294 557
1294 1533
1406 636
636 1956
1406 692
931 1463
1463 731
731 1743
1743 1103
1103 1080
1743 1745
1745 49
1743 512
1743 1459
1459 805
1459 812
731 837
731 1409
1409 1262
731 1182
1463 117
117 1670
1670 1628
1628 1957
1957 1603
1957 1489
1670 1484
1484 798
1484 1756
1670 1756
117 1880
1880 456
456 1369
1369 1822
456 1414
1414 308
308 1631
1414 1654
456 773
456 755
117 149
149 743
149 1829
1463 615
1463 374
1463 1701
931 1207
1207 715
1207 701
1207 292
292 974
1207 1672
1672 1856
1856 1996
1856 1240
1856 1547
1547 725
725 1710
725 682
682 1418
1418 370
370 925
925 1109
1109 11
11 114
114 1224
114 226
226 257
226 820
820 1566
114 132
132 1568
132 1389
114 946
11 1015
1015 1536
1015 1043
11 763
11 1154
1109 1757
925 290
682 500
1672 1067
931 1599
1599 912
912 211
912 1605
1605 1235
1235 1796
1235 1491
1235 38
38 930
38 1000
38 699
38 1262
1235 466
1235 1359
1605 1650
912 805
912 871
871 168
168 1802
168 1889
871 1161
871 942
1599 1911
1599 1740
1740 134
134 835
1740 484
484 1598
484 961
961 1721
1721 1038
1038 1650
1038 645
645 1854
645 1237
645 1397
1397 325
325 1048
1048 424
1048 1815
1048 1443
1443 1967
1443 73
1443 232
1443 1687
1048 540
540 808
540 1213
540 1910
540 1073
1397 1864
1397 659
645 802
802 348
802 1481
1481 238
238 1668
1481 1025
1481 1478
802 1034
1034 1654
1034 521
521 30
521 1203
521 1162
1162 237
1162 287
287 1846
287 1391
287 418
521 1502
1034 267
1034 1339
1721 1266
1266 1060
1266 423
423 1750
423 428
423 737
423 795
795 1432
1432 1319
1432 730
730 679
679 497
679 1096
1432 877
1432 165
1432 422
422 933
933 1758
1758 1419
1419 1296
1296 1081
1081 461
1081 85
85 270
1296 1101
1101 487
487 1094
487 1796
1419 898
898 1075
898 1026
898 1315
1419 1624
1419 729
1419 624
1419 128
128 787
128 466
128 1767
128 199
1419 314
1758 1736
1758 1557
933 1683
422 1151
795 596
423 347
1266 344
1266 1662
1662 1659
1659 476
1659 1903
1662 588
1662 1900
1266 1059
961 169
493 1449
1449 1813
1813 1241
1241 1189
1241 1331
1813 1674
1674 1496
1496 597
1496 1176
1176 754
1674 120
1674 5
5 759
5 279
279 1341
1341 1875
1875 1482
1482 478
478 625
625 1751
625 1704
478 359
359 1391
478 215
478 1220
1875 1840
1341 299
299 330
299 796
299 671
279 1198
1198 329
329 420
1198 1380
279 782
782 52
782 106
106 232
106 834
279 629
5 830
5 758
5 1586
1674 705
1449 29
29 1571
1571 537
537 881
881 1475
1475 974
881 1408
881 320
320 368
320 1420
1420 1232
1232 1345
1232 1064
881 1128
537 122
122 1802
122 1111
1111 561
1111 676
1111 1642
122 676
537 1258
1258 926
1258 1407
1258 1885
1885 1967
1885 86
86 1188
1188 322
1188 1098
86 630
86 1828
1828 791
1828 1933
1933 614
614 1087
614 1273
614 876
876 713
713 1817
1817 1289
1289 222
222 1508
1508 1633
1508 870
1289 236
1289 1840
1817 144
144 1726
1726 1760
144 1301
1301 622
622 1518
622 385
385 1344
1344 1410
1344 1021
1344 1098
1344 605
605 1601
1601 63
63 1447
63 1817
63 333
63 1548
605 1871
1871 1058
1871 1553
605 705
605 1976
1976 784
1976 691
691 1389
691 304
691 1970
385 289
622 1087
1301 1122
1301 582
582 1305
1305 1731
1731 1695
1695 1018
1018 1249
1018 749
1695 526
1731 968
968 275
1731 1287
1305 609
1305 1756
1305 24
24 432
432 1213
432 1268
1268 986
986 1489
986 1595
24 1977
24 438
1305 243
582 1158
1817 1487
1817 590
1817 1225
876 1386
876 1578
1933 886
1828 542
542 1747
542 1362
1828 971
1828 600
1828 1611
1611 237
537 794
537 189
537 600
537 464
537 1190
1190 647
1190 555
555 1041
1041 1064
555 154
555 1994
555 1966
1966 1717
1717 746
1966 1834
1834 1524
537 529
1571 152
152 1931
1931 815
1931 158
158 1184
1184 1072
1072 1565
1072 1013
1072 1657
1184 77
77 680
1184 514
514 937
158 1814
1814 595
595 630
595 1412
595 1159
158 740
1931 1422
152 1640
493 61
51 8
51 1542
798 135
798 464
1357 148
148 1997
148 1554
148 1775
148 1359
1357 1123
1123 121
121 214
214 1171
214 300
121 357
121 596
1902 1870
1902 705
1902 1249
1106 1288
1288 496
496 1807
496 662
662 1455
1455 918
662 1514
662 436
1288 213
1288 124
1288 151
1106 40
40 185
185 1923
185 323
185 1142
40 249
460 115
460 1351
1351 882
1491 1658
1658 473
1658 608
1491 628
1059 1779
821 1926
821 69
69 1049
1049 196
1049 1137
1137 656
656 23
656 1929
1929 182
182 483
483 1153
483 1749
182 352
1929 1755
1755 869
1755 1329
1755 1643
1137 1734
1049 324
1049 30
1049 966
69 1584
69 394
394 810
810 382
810 1940
810 1982
1982 139
1982 431
1982 815
1982 81
810 1636
69 1810
1810 479
1810 1105
821 1586
821 475
223 342
223 1228
223 1932
844 1776
1776 1342
1776 1125
1125 1115
1125 1454
1125 73
1776 1936
1936 1334
1936 1843
1843 166
1936 20
20 943
943 376
376 1215
376 1820
1820 188
1820 1132
1820 1631
1820 914
1820 315
1820 236
943 236
943 412
412 1399
412 766
943 1045
943 1651
943 1633
1936 734
1776 653
1776 1166
1166 541
541 1391
541 1521
541 110
1166 1394
1166 1541
1541 1462
1462 289
1462 389
1462 1678
844 1994
844 648
844 1205
844 1253
1253 141
141 1956
141 1688
1253 1812
727 402
1994 1986
1994 1958
531 1637
1669 251
251 1641
1641 1886
1886 473
1886 458
1886 380
1641 36
251 1841
1841 547
547 1858
547 64
547 667
1841 1917
1841 433
1841 928
251 878
251 15
1669 1951
1951 853
853 1914
853 867
853 1243
853 1620
853 250
853 309
1951 1963
1669 1977
1669 1031
1669 532
532 1624
295 1554
295 34
295 980
1164 1277
1277 1262
1277 743
1277 784
1216 780
780 1577
1577 1084
780 1131
1131 572
572 1091
1091 831
831 590
1091 718
572 242
572 972
572 1275
1131 603
603 339
1131 12
1131 673
780 783
783 1715
1157 71
1157 1878
708 1855
1855 1155
1076 989
863 937
1325 1454
1228 907
907 313
313 609
313 1799
66 1494
1494 619
619 41
41 1179
1494 596
66 1194
66 839
581 1858
581 1999
1999 1975
1999 197
1999 1230
1230 1340
1340 683
1340 1790
1790 1928
1340 35
35 280
280 43
280 1702
1340 210
210 750
750 252
210 1624
210 1392
1340 1744
1744 142
142 1725
1744 1062
1230 1140
1230 37
37 1114
1114 1208
1208 33
1208 990
1208 677
1114 402
1114 107
107 1031
107 1073
107 15
37 809
37 1389
37 236
37 1582
1582 47
47 1411
47 1907
47 1942
47 1252
47 120
1582 990
1582 486
1582 1913
37 707
37 286
286 1589
286 534
286 1175
1175 435
1175 157
157 27
27 698
1175 1044
1999 1983
581 1304
581 415
581 433
581 1783
581 1894
1517 1778
1517 7
410 1321
1321 172
1321 1559
1799 1379
1799 1666
1864 1548
1864 1303
651 1917
1923 652
652 473
652 971
652 92
950 1927
950 1476
1476 1097
1097 1442
1097 916
1476 177
177 124
177 1716
1716 1311
177 631
631 1705
1705 979
631 1573
1573 62
1573 1767
1573 55
177 1483
950 870
305 705
305 698
924 1434
338 420
338 244
338 452
1477 1051
1477 1724
718 1706
1706 1415
1706 265
265 928
1706 458
718 693
718 552
552 963
963 1593
963 1648
1648 9
1648 643
963 1412
261 1944
1274 996
1884 318
318 382
318 1115
1884 568
778 824
735 1636
772 1430
1430 1099
1099 1554
1099 1821
1821 1220
1821 1371
1821 1062
1099 536
1430 323
1430 259
259 800
800 464
1430 181
475 794
975 1024
1838 234
1838 1510
1510 1307
1307 1074
1307 1678
554 530
554 1346
1346 803
1346 260
1339 1882
1882 1600
1339 1021
1339 1753
1339 67
67 1115
1339 404
365 258
365 1561
1067 491
491 192
491 1626
1701 627
1212 749
937 1988
499 626
327 50
242 1092
1092 1503
1503 1203
1503 892
892 431
892 79
79 533
533 1483
533 1116
79 1486
892 1050
1503 565
565 498
498 777
498 787
498 83
83 384
83 1683
565 1806
242 1593
285 586
586 250
586 872
586 530
816 300
816 334
326 1132
326 466
1290 1013
726 872
726 1206
1206 1604
1604 1766
1766 1364
1766 627
1604 54
54 1761
1761 773
54 1534
54 805
54 1499
1604 983
1206 1186
1186 895
895 1173
1173 1465
1465 1711
1465 915
1173 1912
1912 1029
1186 8
956 819
819 1612
1612 639
1612 785
785 1883
1883 1310
1310 600
1310 1121
1310 926
1883 409
1612 967
819 471
411 229
1894 773
1894 1380
369 1944
179 959
905 390
905 1492
1492 1759
1492 23
967 165
1830 787
395 1950
1950 673
1950 1927
1950 561
395 1052
1052 1986
1312 1416
240 3
1185 1231
1185 274
274 928
248 884
1570 1594
1570 1006
15 829
646 59
646 1283
1499 1237
1499 720
396 891
1870 165
1870 1439
452 1741
1372 263
263 1388
1372 1643
1215 737
300 828
828 16
16 1004
1004 384
1004 884
16 162
828 433
300 116
1564 518
71 1521
807 154
1760 1262
1760 1983
1027 1329
1027 870
225 1264
947 291
291 1276
291 626
291 1618
291 171
1702 481
481 1687
481 1639
1702 606
606 822
606 215
1707 1653
1653 509
509 1729
1729 1565
1653 1536
1707 1302
1302 184
1302 1536
1707 1839
1839 862
862 197
862 859
859 1331
1839 1261
1839 232
1839 626
1378 415
1378 1807
330 189
330 825
333 777
333 99
1025 197
1040 1254
1304 989
1522 1348
1348 525
525 558
1078 1033
1710 794
61 1383
1581 1630
781 1151
1639 1469
1469 39
1639 1941
1941 763
32 302
32 1575
42 1646
1942 471
1555 1221
1555 829
657 1318
1122 228
228 1116
1122 1023
250 674
439 1502
439 444
1102 1519
1519 746
1519 1133
409 1319
409 450
883 1876
883 198
883 1545
1545 1042
1545 613
1545 417
1545 601
1554 1014
1554 1237
1842 1518
1842 584
1842 805
464 962
464 1323
464 309
464 1965
705 340
705 1535
1535 911
1535 805
1535 1263
1263 388
388 1322
1322 1664
1322 1723
1723 979
1723 1654
1723 723
1723 1249
388 1956
1263 962
705 1021
705 1824
705 516
837 643
979 697
979 1719
1719 213
1961 80
80 457
80 1442
80 1909
1961 1887
1887 1417
1887 290
1887 377
873 239
873 203
1687 1141
133 777
749 766
749 76
749 1897
472 1121
761 1085
1104 180
180 901
490 1935
309 1094
309 1603
309 589
1285 850
850 849
849 6
849 471
849 119
850 805
850 1303
850 1247
1285 1524
1285 568
683 1802
683 1869
683 623
311 362
362 1656
1656 788
362 1374
311 1412
1698 1822
1698 744
130 1502
130 553
1219 1926
220 1677
1677 3
1677 1642
1677 1019
220 159
1088 241
1895 812
1895 87
87 1275
1895 674
1895 1098
1895 442
90 1031
675 1280
675 1416
675 822
14 1143
936 1847
1847 884
1847 1156
1591 1236
1236 1020
711 1395
711 1179
1928 1575
1928 674
1928 1365
758 784
758 1578
655 990
1138 1080
275 633
275 1331
1509 602
1509 1647
1435 756
1917 1057
1917 100
95 913
913 1627
536 1600
13 1901
686 446
1248 1326
1326 1845
1326 1773
1326 1370
1370 865
865 1567
1567 1891
865 1565
865 154
1248 1794
1794 1621
1621 827
827 608
827 962
827 1364
1513 1558
1558 1546
1558 93
1513 569
1513 791
1513 1269
174 457
1146 1178
156 331
331 748
331 1275
331 822
156 427
578 737
1221 869
1221 1718
1786 520
1244 276
276 527
1244 1618
1244 1952
1952 120
1622 413
1622 1478
1622 289
1622 1935
1622 901
1622 1699
73 284
73 695
1480 1708
1708 852
1708 1619
1328 283
584 458
1940 1858
1940 1775
1529 1924
23 703
558 1953
1953 470
1953 272
272 56
56 1017
1017 1983
56 1478
56 942
272 129
272 874
558 902
558 268
105 1767
22 1064
579 1159
579 1136
579 1585
893 337
893 1202
893 1627
1958 607
607 710
710 1466
710 1250
1250 1116
607 632
949 1681
1681 204
204 1300
1681 948
948 1851
1075 437
437 1608
1075 697
1075 1177
1075 1778
457 1168
457 1444
1444 46
1387 115
1387 303
1135 102
102 213
102 1607
102 443
1135 1767
1135 1590
1135 1971
1135 1139
1139 1136
748 1531
748 637
637 630
748 62
941 522
522 1565
522 922
99 1060
1134 1071
1071 1568
1071 1256
674 1778
674 763
389 324
196 2
1050 1630
559 507
507 1411
1225 618
1225 116
1319 733
1319 1879
1319 766
527 392
392 1808
1997 934
1997 1306
1816 942
1816 1869
1816 743
1981 218
634 1371
1281 1174
1336 1098
1598 1827
1598 103
103 864
1005 1844
1005 1523
1523 1947
1523 1058
1932 775
1932 857
884 192
538 702
1407 1401
729 1385
729 1970
729 796
1447 21
1447 1474
393 1292
1720 340
1295 408
1971 1458
1458 1298
1971 360
1515 462
1515 661
1390 815
1675 601
1675 348
1675 479
632 1363
1718 897
1718 1742
1718 1913
9 253
253 1878
599 347
1840 1512
1840 1853
1840 909
909 1862
1862 1586
909 283
978 1118
978 1877
978 1098
978 861
861 202
202 91
91 699
91 618
202 777
202 840
840 1642
840 1333
840 1854
840 1343
197 1366
1366 755
197 1141
1210 364
503 1750
503 343
343 1352
343 1889
343 342
993 1347
1347 1448
1347 1473
993 281
281 1699
281 232
589 342
524 1389
760 1930
1930 1374
1194 1893
1396 43
1396 1425
562 1112
1112 1586
562 307
1211 692
1211 492
492 229
492 421
321 643
734 1735
1735 737
1735 1014
550 1626
550 715
550 1311
342 592
592 1574
878 1270
878 155
1967 707
1967 1282
1282 848
848 1502
1833 1056
1833 676
790 1401
752 1223
752 1311
742 76
1583 864
1583 1178
600 1220
600 444
600 50
1692 1569
1692 1412
740 1759
1254 976
976 867
976 488
976 1888
1888 1144
1144 1401
1646 1095
1160 1973
352 1948
418 1021
418 45
45 1916
45 955
45 380
45 1575
418 1921
418 860
418 1903
1905 1488
1905 135
1905 882
1777 1531
1777 181
1926 1791
129 125
125 1029
125 1116
129 915
1284 1724
1284 845
55 1699
407 1014
1362 17
1500 1028
700 1415
700 573
1890 1796
1483 1699
1590 382
786 1361
1361 1143
676 763
671 962
1806 245
1806 763
402 794
402 64
806 1441
1441 1080
1177 1276
198 1998
198 1043
198 116
1921 991
766 444
618 1521
618 1442
1565 368
1565 860
312 120
1924 946
1473 391
391 1800
1683 762
762 1498
1683 1593
310 815
310 57
57 561
1240 1561
442 1001
442 1318
1603 1844
1991 1394
303 1271
1271 1673
303 1586
1193 1657
190 1553
246 377
799 716
1069 500
743 346
743 903
743 479
743 419
380 660
100 1036
1044 1654
110 1650
110 1033
110 33
588 1169
1802 872
1802 1560
1868 534
1386 512
1627 1159
1161 1350
1161 945
945 1456
199 212
199 1647
1147 1470
815 1037
1037 1899
756 647
256 284
218 854
1317 482
1115 829
1115 1948
1115 998
1115 59
1115 1
774 1946
1026 534
1901 788
1901 1728
851 139
1516 1773
926 1126
669 1154
1973 1579
1973 467
1818 715
1818 872
1829 1983
1829 677
1539 1770
398 1028
430 971
430 458
784 273
273 885
273 17
1595 1787
1595 970
1632 1540
1632 1804
1020 644
1039 633
1039 1651
1039 1311
1779 1618
1779 1578
1043 1750
796 1132
239 1316
1316 1614
1316 52
239 1624
254 1797
254 867
450 919
919 653
919 639
450 297
450 1405
450 1105
450 987
1105 332
1108 992
1956 1944
1956 1889
1151 1916
1848 408
1848 1116
355 1532
355 341
763 1589
763 307
763 1426
1352 459
1062 957
957 987
1149 1787
630 515
515 229
515 1593
1512 1150
1150 1540
1512 1620
1252 877
471 48
48 805
553 1
553 529
1203 1445
1445 495
1445 357
1445 1486
1445 1079
1079 120
1445 1242
1273 1514
1273 1066
744 1224
1179 1249
914 1365
914 1174
615 267
615 1117
205 371
693 992
693 628
693 564
564 887
564 867
564 1382
1892 911
875 944
1619 236
1172 408
1506 1728
373 1073
518 1959
1959 900
900 486
341 366
417 1140
789 231
435 1504
435 283
435 1272
1391 1879
1391 145
145 1000
1391 428
1391 992
1391 1365
1467 1084
813 1916
268 1964
1734 1866
1866 902
165 189
165 1335
1807 12
882 661
882 350
350 335
882 903
1617 866
866 1600
866 1746
1746 1365
1746 985
985 72
72 1220
985 192
1298 834
1298 1478
372 561
372 1094
777 1666
794 323
794 476
1972 25
1972 1633
1893 627
1893 712
712 1204
1335 890
890 480
890 1227
1831 172
539 609
520 44
520 111
111 18
1633 1110
1633 1155
1142 1850
1142 1300
1013 282
1452 1804
191 1487
1364 1117
717 52
593 1247
1363 701
1679 664
1679 1861
639 733
639 753
52 1532
52 470
697 1031
697 642
697 59
601 353
1693 1323
788 2000
992 825
1423 1645
658 1764
1764 640
640 1874
1874 955
1489 171
1489 768
768 433
1489 1909
720 1657
92 201
1857 1608
1857 323
1857 1220
1857 479
213 1016
1016 707
213 1772
213 485
1350 21
1350 504
504 284
628 1217
628 602
415 775
415 991
1778 189
1925 363
860 1098
860 1174
653 981
653 252
282 935
189 1117
189 1858
189 1783
189 50
880 737
880 382
880 408
1650 469
469 64
1650 1668
870 561
870 1318
870 486
870 1066
1002 1636
1546 689
689 741
741 368
741 1237
911 990
911 1169
753 120
753 962
996 153
153 812
1320 1827
590 324
1640 401
401 4
1640 1405
1640 1220
1021 143
1879 1405
1630 1796
297 1631
1629 1528
229 1204
1490 1446
1425 983
1425 433
8 1394
1637 186
232 476
1607 917
1607 990
135 1742
135 1329
557 1031
1699 1031
1699 4
1699 1270
596 1279
1846 1117
1846 1292
1703 1524
887 1128
887 337
1563 335
1563 854
1140 695
1946 473
154 1403
1403 1727
1727 511
511 65
511 746
1727 1645
1845 1224
1133 1804
1585 695
1585 1074
1585 736
791 1031
1132 1521
1365 779
773 677
252 701
1401 1155
569 1275
1592 1223
1009 1202
500 1770
528 1569
1586 1750
834 703
1143 1110
1757 1066
470 1945
1066 236
1066 989
854 351
43 1783
43 116
707 852
1783 930
1456 193
193 1770
716 64
1261 382
337 1448
1748 74
74 543
543 1998
74 903
917 502
917 805
334 1495
1495 1262
1678 1116
608 314
1371 1421
733 1275
701 1645
1624 1576
1624 50
971 1759
1986 825
1121 1754
1600 1608
502 428
1998 1415
1998 1532
1237 50
1916 1383
939 938
1988 1666
989 695
1908 1568
1908 448
922 1448
1033 109
109 357
1576 50
1576 1276
1753 1540
1753 1787
50 1117
724 468
1064 1711
918 351
1313 1649
1787 591
804 1096
1922 181
1877 1750
1877 1276
695 18
852 1380
1031 1224
1548 1416
803 1686
571 1497
1645 805
473 1000
643 257
829 805
1128 594
1128 444
1737 2
1858 428
120 561
120 1750
120 1608
1315 183
1711 1733
921 901
698 1759
897 1275
1174 428
928 1220
928 561
468 1532
1416 1098
901 1220
1220 2
