763 774
1973 844
326 318
1395 1994
863 822
1867 1677
1198 1111
1942 499
256 1053
1961 1967
1942 635
68 822
1280 1828
1961 1221
1637 1602
394 1827
521 121
326 1870
565 822
162 1053
1066 347
1280 1827
77 527
1508 1967
1930 1203
327 318
193 1221
978 160
1891 635
918 1189
561 1219
1819 481
77 353
1453 1053
379 582
1280 1305
946 1828
1395 149
34 347
1198 770
280 921
379 1720
1066 1984
1559 886
978 886
1867 161
68 1602
1859 436
521 1305
763 481
1198 160
561 1053
435 571
1867 463
700 1086
1819 999
232 1086
1867 436
1395 1602
107 287
1280 484
1862 1897
946 859
863 202
1675 770
1216 1219
77 1455
34 1203
1819 436
1395 844
1930 1305
280 1978
1862 481
1066 1455
939 797
1135 845
135 921
394 347
135 1526
918 753
521 527
1066 1602
918 463
1079 443
1613 999
232 1276
1508 527
379 1828
1881 1602
1198 582
939 1358
280 1602
919 921
1452 1053
1135 1526
280 353
1572 527
1961 822
1891 571
2000 527
379 12
193 1827
1066 999
162 1566
1930 444
1395 499
543 443
549 161
170 347
1891 1305
939 529
1637 571
763 1526
84 529
170 859
763 887
1859 822
280 121
1453 1720
1343 481
1862 859
1395 1526
107 1939
795 161
763 1445
1759 859
1637 287
1613 1427
1395 602
232 1455
1613 1720
1412 353
326 527
19 886
1054 353
66 1602
1475 999
394 1221
1613 887
1054 774
1930 1454
1093 1720
68 1870
553 921
918 287
1453 1827
1198 1086
135 1602
1613 585
232 1221
1776 859
1859 1203
1198 149
432 1086
939 160
432 1602
1613 1111
1726 287
1419 1526
1079 499
1198 857
521 1445
1280 841
1637 481
1419 1827
1776 582
34 202
543 1445
1930 1394
1930 1053
19 1445
1198 1720
256 1566
763 440
1930 1984
1559 635
1475 1086
1572 1221
170 1526
1392 481
1452 1526
1700 1219
946 353
1859 635
543 1427
280 1404
918 440
565 582
700 1720
543 582
1859 845
2000 1404
1930 581
435 965
1559 774
1452 318
939 484
1726 1602
379 1305
1973 887
939 753
946 886
561 1526
521 1870
1675 1445
978 845
1960 822
1475 1455
1862 436
394 1086
193 921
1216 921
170 481
1867 965
1066 481
19 318
397 440
1419 463
795 1967
1066 965
1453 571
232 287
543 822
1054 484
123 822
327 443
34 1053
918 770
232 1870
1508 347
1960 1526
232 770
1572 921
19 797
68 582
763 1454
19 1720
521 1967
397 376
193 822
1613 1455
435 582
34 1221
521 1427
107 1967
1054 1404
1675 1111
1066 602
1066 12
1079 347
232 857
1572 353
919 1967
107 1526
1419 318
34 1828
978 1203
700 1053
561 1827
918 1543
1475 436
1961 844
19 1566
170 161
1891 318
19 635
34 965
1559 527
394 822
1559 1566
1675 1086
232 1305
1475 921
549 347
1867 582
1960 1602
1475 149
68 1219
1859 1602
1867 999
521 965
1973 1939
1093 347
2000 1219
1942 965
1819 1939
379 790
1637 1111
1066 376
763 797
1675 1455
280 774
162 1994
1066 436
1960 921
397 484
1135 797
1613 1445
123 1305
1078 921
1675 774
435 161
1859 1978
379 585
1862 1203
568 822
1395 582
543 1828
1867 149
327 1526
543 1219
543 353
521 1827
162 1455
1475 965
162 1939
1930 1243
379 481
1891 753
1280 582
66 1219
326 1827
946 444
561 443
327 1445
2000 1939
1216 1602
795 1870
1675 1221
946 484
1637 346
1475 1967
253 161
946 581
84 160
1637 1243
549 287
1891 1454
939 444
1859 571
280 999
232 499
1867 844
1960 1219
1960 797
1559 1221
521 1566
280 347
939 1677
135 160
700 436
280 965
1066 887
162 347
379 868
1093 921
1862 822
1961 845
1862 1677
394 886
763 582
27 1939
1759 1828
700 527
107 1305
1859 887
700 1870
1412 1305
795 1602
1066 1394
1392 1221
1508 859
946 1454
34 1978
135 1870
280 581
256 1967
1572 1870
280 1276
1079 822
1930 624
1942 1086
1093 1967
521 1720
19 965
1198 1669
1419 160
1930 160
1419 1602
1700 999
978 1526
561 481
1054 1221
1419 859
1263 999
1054 1427
397 1111
1881 822
1613 1053
1280 999
232 921
27 999
561 585
193 774
939 149
394 160
1637 859
1198 440
1862 287
1452 1243
162 1305
919 527
84 711
1037 582
946 790
1942 346
397 999
939 527
379 1243
1395 585
1613 484
123 585
1280 845
68 353
1675 160
77 1203
1280 353
1198 1404
397 1870
327 1939
1942 1939
256 318
1452 1827
1392 436
1613 886
763 1967
1395 1677
1419 921
193 481
162 886
123 436
1930 774
978 1086
1862 1602
435 774
162 1454
1930 1111
1419 1427
946 753
543 1203
1395 12
68 921
1093 527
700 1566
1280 463
1891 1445
918 1602
326 353
1135 859
379 1994
1453 1445
2000 1720
1216 481
162 161
763 1677
1066 1404
123 287
253 921
1867 1394
1930 529
978 481
1726 161
700 1243
946 443
568 1305
162 1221
1559 1305
1862 1276
543 965
193 1427
1475 886
379 440
1475 1243
1395 711
1613 499
1419 1720
123 481
123 1526
1066 1677
1395 1053
549 1602
34 318
1475 499
193 1243
1263 1828
232 1828
1475 287
939 528
256 797
193 1978
1412 1086
1960 571
27 1827
939 995
379 1543
1475 1897
1280 1219
1395 635
1559 1967
1930 1566
1453 965
543 1967
123 499
1867 841
1942 887
1066 1111
1973 1669
918 1276
521 1677
543 841
1859 1870
1867 1669
1066 868
1819 1219
1392 1870
561 797
1419 1967
1419 443
1079 287
1869 1827
1452 1602
432 822
1759 797
123 999
918 920
232 999
1881 1086
232 353
1572 1827
1066 1543
625 859
939 857
946 1053
1508 1526
1973 886
1453 886
1700 1602
1867 1624
1613 1305
397 202
1859 995
1675 1602
863 845
1054 999
565 921
763 1427
397 859
115 859
19 1455
543 1086
2000 287
326 844
432 582
280 529
763 585
1867 1305
1891 1219
1453 376
135 161
939 1828
1054 1445
394 463
1675 1394
1862 1870
1675 287
1867 753
1559 1404
1392 1404
1280 161
68 1305
1066 1243
193 443
1973 1566
1280 318
1475 160
1973 753
1819 1602
1395 1566
1930 635
543 845
1891 499
1054 463
1395 571
1135 571
978 463
1891 1939
379 711
1881 859
1453 463
939 346
1066 1219
1675 1870
1263 353
978 347
107 1828
327 1404
978 1967
568 1828
1453 1967
1776 1967
1475 857
1637 1219
561 711
1419 841
1054 1219
939 440
1819 921
1700 1828
1453 481
1930 1897
521 921
232 1053
280 161
1862 1305
1942 845
379 529
1066 995
1700 287
432 859
1960 443
1559 347
1559 1427
763 287
27 1967
1700 436
68 347
232 1243
34 887
115 436
107 582
1867 346
561 1305
232 149
1475 774
1263 1939
1942 886
397 841
34 571
1973 1454
521 841
84 1939
232 1994
1135 1967
1419 995
1475 1828
232 443
1960 859
978 353
1572 1427
256 582
77 1427
2000 886
1453 845
1395 1086
521 1984
1263 921
863 353
1859 499
1037 161
162 529
34 886
919 318
27 1870
2000 1221
1613 844
1395 346
543 999
1037 481
1475 1939
1079 318
1280 822
34 436
135 353
919 1219
863 1720
379 886
1078 347
1066 1566
1452 161
1263 161
1452 585
1066 822
946 845
1859 1219
918 1967
568 1526
135 318
1613 353
1419 1243
162 499
939 1967
1198 529
946 528
84 886
1198 1305
1280 1870
1475 443
918 1669
1066 1720
1412 160
280 376
1572 160
561 436
543 1404
1395 857
1263 859
170 443
863 1203
379 161
1475 1677
1392 160
1867 160
918 602
1973 1111
1280 857
946 797
34 635
68 1086
1891 1053
1559 797
1973 436
568 347
1637 1455
435 753
280 1835
1198 1427
1881 844
435 484
1412 582
1869 318
946 12
1613 1221
327 999
946 571
1867 995
1135 1305
946 774
1973 1602
919 499
2000 1566
918 774
1942 859
700 822
1066 886
1054 844
193 1203
1869 797
135 822
1395 160
946 1624
232 1203
232 585
84 1219
919 1445
1675 444
939 822
123 797
1066 1305
1869 1967
193 1086
1395 353
919 1602
1613 571
763 822
946 481
397 1305
561 1243
232 920
939 1189
1891 436
1066 1967
394 1445
1941 347
77 844
27 1305
1475 1526
1637 1870
1942 1566
1613 635
1613 774
1881 797
1637 376
1066 571
397 844
1419 844
34 921
1862 1967
1930 12
135 1086
1395 1543
34 1189
397 711
280 1669
1973 346
1930 436
1395 1669
1961 1828
394 1203
565 1602
2000 1445
918 202
863 160
107 999
1862 347
2000 1602
77 859
1508 161
1973 1526
115 1967
700 844
256 1526
565 1086
1776 1086
162 318
1572 463
1412 1967
280 318
19 1828
1867 1276
1867 1566
1037 353
162 921
256 1870
919 844
553 1870
1862 12
1452 822
918 443
1419 582
1198 859
1819 1967
432 443
1054 1566
162 841
1392 1720
1198 841
1572 585
280 1827
77 822
1973 859
568 797
1198 886
863 585
863 318
795 287
939 1086
280 571
66 921
1453 711
521 770
435 481
435 1219
1395 886
1198 753
1862 1427
946 161
553 347
1675 484
1079 1526
978 995
1572 1978
1395 1828
1859 999
1475 1305
1079 1203
1453 920
253 1219
1475 376
432 347
232 571
1066 29
918 499
561 582
1637 797
946 121
1198 1978
1079 1445
946 436
763 318
1726 582
1675 1276
397 1445
27 1053
1960 886
1419 1086
19 1219
77 1219
1559 1445
1395 822
135 1305
1066 920
1392 822
1613 202
1559 859
394 585
1419 635
1572 965
1675 1427
327 1221
1135 1870
1054 585
253 481
1941 1967
379 1276
1973 440
978 999
435 436
253 859
432 1827
1453 635
77 202
1881 161
549 481
280 841
1961 582
280 160
1419 481
394 1427
1280 527
232 582
135 1939
327 921
1412 999
1675 920
68 318
939 841
1572 484
232 1454
1066 844
1093 571
1559 1243
1930 1276
77 999
1675 202
327 1427
327 499
394 1870
1066 1053
561 774
107 797
1700 481
1452 436
700 571
34 1967
1891 845
1513 347
1859 1566
77 887
1419 1828
1942 202
918 1835
1637 844
1941 582
1453 202
1891 1404
1867 1978
435 443
1759 1305
397 353
397 436
170 921
561 353
1280 121
1942 160
256 1404
1961 859
1198 1189
918 859
397 1526
568 1939
135 571
1869 527
2000 1827
256 160
1862 1219
939 1455
397 995
280 202
939 711
232 481
170 1602
2000 1111
946 318
553 481
1395 1835
1869 1053
1475 1543
1054 287
66 481
1572 481
280 440
1412 1053
1280 529
1453 353
1942 529
379 1677
918 1086
435 149
135 844
1867 635
1066 712
280 770
1475 202
978 822
1066 1978
553 287
193 995
939 1835
1891 287
1066 753
162 585
397 1720
135 527
1862 1189
1412 1219
394 1828
232 527
1867 1835
1198 1221
115 347
34 845
1675 1404
1412 571
162 202
1961 1526
1452 443
1572 1454
326 287
561 844
1453 1404
863 443
162 857
700 318
84 1827
521 797
193 499
1037 436
549 999
326 571
84 571
19 582
107 886
946 857
1054 160
1942 440
1066 529
1280 770
1726 1219
107 921
763 965
1891 887
107 1053
1859 1939
1453 841
1973 999
1930 1827
280 1720
561 160
1862 528
1453 1189
1675 1720
1280 1939
1559 161
565 1939
1973 353
1637 1203
1862 999
1859 1189
946 1404
1867 1445
1453 1243
280 857
1675 635
432 1939
162 353
1891 797
1700 921
1960 347
256 347
568 886
1867 845
1452 797
432 1219
1819 582
1862 1994
1066 161
34 797
946 1677
1942 1543
27 859
1881 1828
1078 1967
1973 463
19 1243
84 1455
327 1219
946 868
863 161
77 841
135 1720
521 995
1093 1828
1759 1870
1037 1219
256 1828
2000 1427
232 440
1930 1720
2000 887
1452 845
435 995
68 287
1726 436
1475 1720
1453 1221
77 287
77 635
1891 160
1572 1203
435 1566
1135 499
946 346
918 1203
763 841
327 1305
1395 790
1453 753
432 1445
1891 1720
1453 1305
432 161
1881 527
521 346
280 346
978 436
1280 1967
232 1427
379 1219
68 999
379 774
107 859
1759 347
123 921
946 1358
939 581
1961 353
543 287
1419 571
84 1404
919 1053
379 1203
1452 484
162 436
326 582
84 965
1093 1602
1973 1221
123 859
1280 1203
946 1243
1395 920
115 921
77 1939
256 844
379 1404
135 347
1881 347
34 1602
397 1203
280 635
1637 753
1869 1086
77 161
1452 1967
253 347
561 999
1869 287
1559 571
379 1978
1891 1276
918 160
394 999
379 822
1135 1219
1412 822
1475 1203
379 1086
1198 571
1859 774
1198 1677
1572 886
435 463
1395 1305
1891 920
2000 440
1613 1967
1054 318
19 287
193 1445
939 770
1343 1870
1263 527
256 1720
568 436
1066 774
1280 1394
1867 1111
1395 1219
2000 1454
1859 1445
280 711
795 859
1066 499
1054 886
918 995
280 1828
521 161
1881 921
432 1870
432 1828
1198 1203
1054 481
978 1455
1392 161
1395 999
1066 1827
1675 1624
1867 1939
946 527
1891 1827
863 1404
565 859
435 1221
1637 1427
1412 161
1395 1189
1819 347
1263 886
1867 1221
1862 1827
327 202
1942 753
1093 582
918 841
84 841
1198 202
1942 1189
1637 582
700 1203
1280 149
1930 463
115 1939
435 1189
1973 1978
123 527
1942 1624
1392 1305
1942 463
521 443
397 920
543 202
1930 528
700 845
1037 999
84 1086
1759 999
84 1243
435 1305
162 1243
135 1053
1395 1624
1881 443
280 1897
1572 845
394 1526
1973 1086
1859 886
1198 1967
1675 318
123 965
1280 1221
521 571
280 1543
77 1189
946 347
1973 1276
1453 1526
1700 1526
84 1526
863 886
939 844
1942 1870
1961 527
280 602
1419 965
1559 1720
84 1203
1942 1454
521 753
521 1053
1135 844
1452 287
946 844
1392 921
1675 1219
1452 571
1392 353
1675 841
1675 581
1637 463
1572 1111
561 887
1930 1677
1961 965
107 1086
1869 844
1263 1602
1942 1219
107 1203
1759 287
763 844
1930 712
763 1939
1093 844
1881 571
162 1111
1859 347
521 1835
256 527
1862 160
549 436
1054 1720
978 527
1054 1828
193 1455
1859 353
1675 1939
939 1111
1079 436
1973 1870
863 635
1700 886
521 436
77 1827
19 1404
521 711
1930 481
1453 999
1453 797
1613 287
1930 868
1198 921
918 527
521 790
435 287
77 774
135 845
123 1939
432 481
946 1602
1079 921
1453 582
1412 1203
1054 1967
1412 921
939 1870
123 845
978 1221
1572 859
77 1870
1280 774
77 1967
1280 1086
553 1602
1135 1939
19 774
863 1053
1881 1305
1453 440
379 753
1513 921
84 1978
1198 585
565 287
435 887
280 887
1508 436
918 1978
394 287
1054 822
1079 353
327 481
2000 965
123 582
763 346
1280 581
1862 202
66 347
939 1445
34 1870
543 318
123 161
2000 920
2000 774
397 529
1453 1939
1891 995
327 1828
19 1939
918 161
1675 529
568 1602
1930 886
763 1203
1930 346
1759 886
397 1189
521 1221
1559 1827
1475 711
432 886
135 1221
170 1939
1759 582
1559 1053
162 149
1093 1219
1559 844
1066 585
1726 1967
435 353
1973 921
77 1404
326 1219
66 1967
946 1897
1079 1828
1452 353
162 463
918 376
700 585
123 1827
135 1203
84 887
1869 1305
1263 436
1862 440
280 1624
978 1445
1776 1219
27 160
19 1827
863 481
1942 1984
326 1086
543 1870
1675 1566
863 1967
1637 886
1942 602
939 463
543 149
107 481
1452 1828
1942 1445
1869 436
763 1602
1862 1978
1891 346
1079 160
1675 1243
84 1669
34 1526
1412 1445
1475 1566
34 1720
1280 921
543 160
1572 1939
1675 1526
1973 149
1675 1994
1675 440
162 711
978 161
1079 1870
763 1720
1559 318
543 1221
1395 774
1869 1203
1263 1086
1198 499
1930 1445
946 1219
1572 1566
432 160
1280 1978
1759 921
1037 287
1395 443
1613 161
1859 921
1859 463
1700 353
1453 318
1942 999
27 886
1475 1219
946 711
1395 859
1453 484
1862 571
1453 1602
397 571
1453 1111
68 1828
397 1086
1412 844
1859 859
1343 347
435 160
1280 1602
1392 571
1453 1427
1452 1305
1862 1624
394 1053
1973 1427
1280 376
1572 1828
1395 1978
1759 822
256 1305
394 859
19 585
2000 436
394 844
1392 1827
918 1828
379 920
193 1219
763 1189
1280 1994
565 1219
280 1219
326 481
1941 999
432 844
1419 1870
918 1053
397 753
1700 527
162 602
115 1086
1973 1243
939 1305
939 1243
1930 1828
863 1219
193 1566
435 1053
232 1967
1862 161
1942 822
939 602
1135 1828
543 1243
625 347
1867 859
84 1602
193 1870
1066 857
561 287
561 995
1572 774
432 797
1280 481
123 484
700 965
379 859
1078 1870
1862 1835
135 582
280 528
2000 582
1637 1053
1930 121
1973 1720
1862 774
379 527
1135 1404
379 845
1475 1978
397 1566
1419 585
561 857
1066 1086
34 443
123 463
521 481
193 1305
1613 1978
135 797
19 202
193 1828
34 1827
1135 1445
19 527
397 149
84 1677
1572 999
1475 1994
1066 1358
34 1243
162 440
1859 527
77 1086
123 1203
27 1602
1559 160
379 1566
84 346
763 1053
1559 484
1930 1835
1054 1111
863 499
253 1967
763 1243
700 635
1452 999
170 1967
918 346
1867 581
1961 1305
280 920
232 346
1973 499
1452 463
1961 1939
1395 481
123 571
700 921
1079 1404
1066 527
115 1602
521 484
1613 1526
135 1404
561 571
1475 1404
493 921
1867 711
1395 1221
939 1219
1559 1602
700 1219
135 1828
918 887
34 161
1453 436
1280 1835
1942 920
939 1897
1637 995
1862 582
625 921
1776 822
543 376
1675 921
1066 1939
521 353
162 999
763 859
1198 1602
1412 318
162 287
68 481
700 1455
1819 822
1942 1602
1412 635
863 347
1419 1305
1891 1870
1819 287
1037 1602
1637 529
27 161
1572 1455
521 440
918 857
919 347
918 1624
68 886
939 635
1862 1053
1675 1543
394 1404
1475 995
1942 770
432 1967
1869 1602
1930 995
763 635
918 582
1881 1203
1942 585
1419 1111
553 1219
107 1219
1392 999
397 1602
1475 1427
700 443
397 886
1280 1243
34 463
863 571
700 161
1960 287
107 1602
700 1445
1637 443
946 1967
123 1219
763 886
918 529
1392 582
84 484
280 582
34 353
77 1053
1452 774
1859 844
280 844
1891 1203
123 886
919 481
763 1404
162 1978
1930 844
280 1445
939 1984
1637 965
135 1566
1054 202
1859 1111
549 1086
700 484
543 1111
1395 1427
327 1203
1079 1086
1093 1086
1961 287
1891 440
1862 753
379 1870
394 1305
1392 797
1508 582
549 921
1869 571
1891 774
232 376
1942 711
568 999
280 1305
763 484
939 712
946 1276
1637 149
1862 463
435 1086
1079 1967
1419 347
435 1454
561 1828
1973 1053
1198 844
1867 602
1961 484
1941 161
1867 868
863 859
1759 353
1475 1445
397 1967
543 481
280 868
1941 859
1942 287
919 161
1862 1455
1452 1445
1419 1404
521 1203
939 887
1859 481
1675 353
327 436
919 1404
162 160
162 844
1675 582
135 499
1419 161
193 920
1869 443
978 499
280 1677
1961 318
1637 1566
1862 1243
162 774
1930 753
1942 1720
543 774
397 887
394 481
326 436
1280 1276
1973 1203
394 527
77 1978
1862 1984
68 436
84 921
1862 797
1263 1967
256 999
327 635
568 1967
1961 161
1862 790
2000 995
1675 347
1280 844
1637 527
123 1720
918 1827
1559 921
1759 1939
34 160
1859 920
193 582
700 1828
946 1427
561 318
1066 770
1198 1526
256 635
1637 822
1960 161
1392 1203
2000 463
84 774
1891 1566
397 1543
1392 1445
1419 822
1891 443
1675 121
435 499
700 1221
543 635
1453 149
521 585
863 965
1453 995
77 1243
763 202
565 886
1559 1189
27 1828
1726 1086
1700 1053
946 995
918 965
27 1404
123 1828
1675 443
1037 1939
863 287
939 1827
1942 436
1066 121
1078 481
1942 995
939 1427
432 1053
1869 999
19 571
1508 1086
1093 1305
1453 347
1280 602
77 1566
1198 527
1135 585
1066 1897
1973 770
521 1897
256 1203
1973 1445
1859 149
1280 1624
1859 1427
1392 1086
162 845
1475 1870
1613 1677
939 1602
1942 1203
394 1720
34 484
84 999
432 1526
1395 202
561 440
1867 287
1559 1454
543 921
919 287
19 481
1675 161
1862 844
1613 1454
700 287
1066 160
1475 12
379 1526
1637 1305
193 844
1637 920
521 1454
1066 1624
432 921
1559 443
193 527
1412 1939
379 1984
1973 995
327 1053
1675 1454
939 436
1637 1526
1475 484
162 1827
1079 886
2000 1978
561 1455
170 1305
1263 1870
1675 346
1280 1897
193 1053
1942 1978
1759 1203
1093 318
170 318
1941 1870
1859 1221
1093 160
1572 436
939 499
232 1189
1960 1939
19 347
763 845
1054 1243
1776 481
1675 999
162 443
1054 1203
919 886
397 346
84 1454
394 436
1867 499
1198 347
946 1334
1862 920
435 1526
568 1219
84 1111
763 1828
327 160
1508 886
1419 1053
27 822
561 484
978 844
394 921
19 436
553 161
1869 1870
193 1189
1613 318
1942 1827
1637 1828
1819 353
1891 1189
543 499
1973 160
939 1543
123 443
2000 571
946 1445
1862 857
1395 753
565 436
1572 1086
561 376
232 822
1066 353
1395 1454
700 1305
543 436
561 1086
1054 1870
1930 582
946 1455
1961 1720
1066 287
162 1870
565 999
162 1445
1419 1455
561 859
1453 1828
193 1939
521 1243
1776 347
918 999
394 1219
1819 859
1066 711
84 859
77 443
1930 1189
1867 527
1973 1189
1973 571
27 1526
162 1984
1867 770
1452 481
379 463
1930 202
1572 1602
193 1967
1280 635
1198 1939
327 1566
1475 1454
918 1994
1419 484
435 635
280 443
1867 585
107 443
1891 1602
253 1870
397 1404
1675 1835
1475 529
135 635
397 160
1613 443
1637 1404
863 1427
394 499
1973 527
170 1828
19 353
1675 797
521 774
34 1086
84 347
1412 347
1078 1219
1392 318
1891 1526
1066 841
1700 859
1392 287
280 1939
1513 1602
946 1978
1093 1203
1891 965
543 529
549 1219
561 1870
1869 1219
543 585
1475 481
1475 920
561 635
863 1305
1412 436
863 1602
568 1053
1930 602
521 529
162 859
1891 1086
2000 499
521 1939
978 1602
1867 1602
34 999
34 1939
394 797
1559 202
1930 770
379 1939
1961 797
170 571
1066 1427
1198 1828
1675 571
1867 921
1973 287
918 1897
1412 481
543 711
918 845
1263 481
1066 463
1859 1828
379 484
327 582
326 1602
763 1111
1572 1445
2000 1053
432 436
1135 999
84 1870
1675 499
1961 499
1960 527
1675 1967
435 202
27 921
1726 999
232 1526
115 1870
115 287
327 844
77 886
1862 602
1419 1978
1942 318
521 859
978 484
1867 347
543 161
565 1967
561 1221
2000 999
379 1897
919 1828
397 585
1079 481
919 822
1881 1939
66 161
1093 1221
2000 161
700 1427
1395 841
394 1566
1675 711
919 571
863 1566
1942 1305
1263 347
1419 774
397 1219
521 318
1637 635
946 965
1819 161
1973 161
1862 965
193 1720
919 999
1960 1203
700 995
19 921
1066 443
280 1243
1700 1870
795 481
123 1445
397 1827
1776 436
232 318
978 1427
1395 1243
521 886
379 602
1867 1053
84 161
1960 1305
1093 635
379 347
561 346
978 1305
19 443
1343 859
77 1828
253 1602
1037 347
379 1669
379 318
1867 1455
1613 347
256 353
763 995
232 886
1559 287
1392 859
1859 965
543 797
1862 1526
1930 790
135 443
1859 1720
1198 1053
66 287
1891 1221
397 499
1280 585
946 1086
1452 582
1037 886
1453 921
1637 1189
918 886
561 1111
543 571
1942 1897
1572 1243
394 484
1475 635
1930 443
34 1219
1475 1984
1942 921
1066 790
1942 774
1508 1219
1093 1827
435 859
232 774
939 585
19 1967
1559 999
1135 347
394 965
1054 571
1891 149
918 318
162 1086
1054 859
1066 581
1891 202
543 463
107 353
77 347
918 571
918 1677
1776 287
397 12
435 797
1280 1404
1280 995
394 1602
1613 527
19 1221
918 149
162 527
1881 999
1881 635
1419 527
1395 921
946 1827
946 585
397 287
795 347
1079 844
232 1602
379 1827
280 1967
939 1053
763 160
1066 1334
795 1219
77 995
1960 353
1453 1454
1961 1566
77 499
19 1053
84 499
1419 1189
1776 1602
1881 353
561 1445
946 1203
1475 602
1572 161
397 774
1079 1221
521 581
84 1189
1395 1939
1675 1827
1452 160
521 1111
1475 887
1973 1404
2000 1526
326 886
1973 529
1700 347
170 436
2000 1455
1675 790
1508 822
1559 1526
1891 1978
763 1219
700 797
1395 1720
763 1086
521 887
1942 1526
946 1870
1079 1602
919 1203
1452 1720
1216 859
1054 1455
193 571
978 1566
521 844
1942 571
1613 822
1559 353
1675 859
1862 886
379 887
946 999
256 571
397 1669
1572 1967
1867 1994
763 149
1613 1404
795 921
939 1978
543 440
521 857
919 1305
1613 845
1395 1445
763 529
1198 1243
1198 353
1973 1827
918 353
1572 202
397 1978
1867 12
1475 318
1453 287
232 1566
2000 1086
1280 1720
1559 1455
1280 886
863 1828
327 1602
1973 711
1395 1276
561 841
1395 484
1135 527
326 1203
700 499
1037 921
1452 995
1675 995
1862 1111
1930 1967
397 1454
1637 436
27 499
280 436
1452 1427
1859 443
115 886
1198 965
1135 965
1862 1566
1930 161
1891 857
1054 582
1613 1939
1862 149
1859 1455
1776 161
543 1566
84 1967
700 202
919 1086
1452 921
135 481
1776 1870
107 436
1419 886
68 1939
863 797
1572 753
397 797
68 1053
863 999
918 921
1395 529
1675 585
1930 347
1675 1677
1452 635
232 1677
1559 965
1392 443
918 711
1942 844
1930 499
946 887
1891 770
763 527
1930 376
1961 999
1452 1939
1280 1445
27 635
1508 287
379 1445
1093 999
1891 527
397 857
1412 287
2000 1243
1859 1967
1475 753
1452 527
232 202
1867 1827
135 1219
1960 1053
1960 436
2000 1305
1930 1602
1862 1404
1066 582
1280 790
625 1602
1419 1939
978 318
84 202
1135 202
1613 440
978 841
1613 1827
1869 353
700 481
1637 202
946 376
1475 841
327 347
1973 845
1559 436
1280 347
193 287
946 1720
919 1870
919 582
107 161
1867 443
1862 1828
939 121
939 1624
1475 571
397 347
379 121
1700 1086
256 859
162 1427
561 845
946 529
1054 436
553 859
2000 711
1079 582
1419 1219
561 1454
1508 353
1054 443
1475 770
1613 1276
123 318
1475 1276
1613 965
1867 202
435 1455
379 1454
162 1669
193 886
1475 1053
1412 797
1198 1566
763 1305
978 582
1637 1086
123 202
918 436
1263 582
1198 1455
1891 347
2000 921
1869 347
1930 1978
1280 1189
1559 1828
84 1053
521 822
162 481
1862 1939
68 527
700 859
19 1305
700 999
1942 797
700 1602
1862 1454
1475 797
1280 1053
1066 859
115 822
193 484
521 845
379 1624
978 571
115 161
1453 1978
232 841
1198 1984
84 857
193 859
162 1543
1862 484
543 1455
1453 1086
1135 484
1280 1677
763 353
1930 1221
435 1404
1862 353
162 1276
1572 1526
27 481
1453 527
1942 1243
1675 481
435 347
919 1939
1891 463
1726 859
135 1827
232 161
1198 436
1941 1219
521 12
561 1427
232 711
1452 859
543 347
946 1835
1862 770
232 887
1572 440
918 1404
280 753
1891 841
1452 499
521 499
1637 841
1862 318
939 1394
193 318
1862 585
561 886
553 999
1942 443
162 797
1572 887
170 797
1759 1967
763 376
193 1111
1419 845
1066 440
232 1827
1891 582
1392 635
1942 347
256 443
763 1827
1869 921
1960 999
1675 376
170 1053
939 443
1862 376
19 1203
232 160
232 995
397 965
1093 1870
1419 202
34 822
1135 1221
77 1111
1093 822
1475 844
1859 161
1198 443
1862 921
1867 1526
1508 481
1675 1334
1859 1827
170 1870
379 797
2000 841
946 1984
1942 790
1960 582
123 1221
1135 582
1862 841
1961 635
1973 1828
2000 443
77 1445
1395 1455
66 1086
978 1828
1452 1404
1961 347
1675 753
397 1984
1930 585
1675 528
1961 1203
1280 1427
327 1827
1280 965
397 822
394 443
1613 529
1066 1203
232 1219
1453 774
123 1404
543 1720
394 1967
1559 1111
1891 1111
77 1720
66 859
1930 1669
115 582
946 1757
1960 481
77 965
561 1669
939 571
1930 571
280 822
162 1897
568 1086
1395 527
1867 353
1973 774
326 859
1881 886
1066 921
2000 859
327 822
162 995
521 1219
84 481
394 353
1475 1669
432 353
1867 1243
1613 376
1675 1669
1700 1939
1572 920
863 527
379 921
1135 1086
1280 443
1559 845
978 1219
1869 1526
1930 822
946 1994
1079 1939
232 436
1862 1720
1960 844
1453 443
193 635
232 797
1392 1602
1412 1828
978 1939
978 287
1198 774
394 202
397 1828
1819 1305
435 1243
34 841
1280 1984
1453 161
1452 965
1930 1427
84 149
135 436
1891 1243
1637 484
1973 443
939 790
1135 318
1613 346
1930 353
162 965
193 1454
379 499
1726 347
232 12
1930 887
939 318
1637 1445
946 160
2000 347
1066 1189
1079 635
1862 635
135 1445
1776 921
1419 1566
1280 12
1961 886
700 886
1263 1305
280 886
1930 1526
1637 1967
946 1221
1066 1835
379 443
521 347
1973 202
1930 1624
1819 1828
1941 287
543 1053
939 1221
397 1276
1675 1897
1419 1221
84 1221
1395 436
763 571
1869 161
256 202
1475 161
1675 1305
521 1978
1675 1189
1973 376
1862 711
939 774
1859 1243
1475 1602
326 822
1412 886
1675 857
1881 1827
1572 318
432 318
84 287
1930 1404
918 347
1859 797
327 859
27 287
1859 484
918 635
1726 886
1637 845
1881 436
27 347
1930 841
1930 1939
68 1526
1066 797
1066 1445
561 770
1862 346
1037 859
1452 886
561 1967
1637 1221
918 797
435 921
1392 1219
521 528
1093 1053
1637 160
1941 921
1759 1219
1891 161
1961 202
1637 774
397 582
939 1720
379 770
1453 844
1508 1939
379 1967
568 921
435 527
939 161
1198 346
170 353
946 499
1572 443
1475 582
1135 822
918 481
863 1870
1079 797
1859 1305
543 1827
568 1870
918 1219
2000 376
939 1526
1572 582
68 797
1819 886
1066 1454
1054 797
543 1602
1280 1669
1559 887
1942 484
1198 463
939 845
521 202
1452 1455
1093 287
561 822
1859 1086
280 1994
939 859
561 1404
256 499
1395 581
135 859
1054 965
1395 965
1942 1111
27 1445
2000 844
763 443
115 1219
1412 1526
1675 12
162 582
521 1526
1395 1897
939 287
1862 845
1881 1526
1412 859
1453 1455
561 965
1559 920
1263 287
326 1526
939 886
946 841
1395 797
1613 582
435 1828
84 1994
1613 1203
435 1602
123 1086
1961 585
1453 529
77 1221
1198 318
232 1984
561 1677
1960 318
939 481
1054 1305
394 845
521 1086
1419 287
1054 1053
280 1870
521 287
1343 1602
946 463
2000 484
280 499
162 1526
1135 443
397 161
379 346
232 1669
946 1305
863 1221
394 1455
1475 346
1343 1219
918 1445
1280 202
2000 1967
1891 822
1419 436
135 999
435 1939
939 202
1819 1086
1453 160
1891 484
521 1828
1891 999
700 1939
435 1445
256 1602
84 1984
1079 1566
326 443
162 1602
561 161
918 484
1930 857
435 1967
84 1305
946 1669
1867 121
280 712
34 1111
1859 1526
379 149
327 527
1093 1404
946 582
256 1445
379 857
939 920
918 1243
280 149
280 1394
1475 822
232 1445
84 318
543 995
863 1086
1135 1602
1066 1870
521 1543
863 436
1054 347
394 635
763 499
568 161
19 1427
1973 920
700 353
2000 753
918 1984
170 822
763 161
280 797
1961 921
397 1455
1961 1053
561 1978
34 774
1093 886
1572 1404
1881 1053
1280 528
84 527
763 1978
232 463
543 1305
27 1086
863 1939
1700 161
978 635
66 1870
1930 1219
1054 1939
1395 318
939 1566
432 1305
1280 920
763 921
1475 859
1881 1219
1891 353
397 527
397 635
1475 463
946 635
561 499
1572 149
77 921
1135 160
946 1566
1961 1870
1675 886
1093 436
763 999
521 602
1881 318
379 1427
84 753
432 571
1559 841
327 287
1867 1828
34 585
543 1978
1280 1455
700 1967
1867 376
565 1870
123 347
34 527
162 376
1973 1305
1392 886
1559 1219
162 346
1759 1086
1637 887
946 770
2000 160
162 1835
1280 346
1412 443
1930 845
1867 318
123 353
1759 1526
1961 463
1930 711
543 753
1930 1994
1942 527
326 347
1093 443
27 318
379 571
521 635
1066 318
1572 287
946 440
1135 886
1412 1404
1637 353
435 1978
1135 481
1973 1967
1079 1053
1862 1086
162 887
84 440
543 1939
1412 1602
1135 1427
978 1404
1280 753
1453 887
1942 1994
1419 797
327 353
397 481
919 1827
435 999
1079 1305
700 582
1961 436
77 463
939 376
84 12
193 1602
918 12
763 1221
1637 1677
326 161
379 202
1395 1870
84 1276
327 1870
1559 1870
1867 797
19 463
1960 1828
1198 481
1961 1219
1867 1543
1961 571
84 1445
34 287
1066 1757
1973 965
162 753
1867 790
1079 859
763 436
1066 1221
1930 1086
1508 1870
34 1404
1859 711
561 1994
170 582
1419 353
1637 440
939 624
918 1454
170 1219
1093 797
918 585
1054 1602
1452 1566
1675 1984
1700 582
1572 1720
1859 202
919 443
946 1543
1135 1053
1508 999
1613 797
84 1720
521 1602
1726 481
1891 529
1637 318
1135 161
232 1939
1280 440
1452 347
1862 1543
256 921
1613 995
1759 436
1867 1967
946 920
1054 1827
232 1404
397 1939
1930 484
1637 585
280 859
863 1827
1412 527
1280 1454
565 161
561 921
77 1305
1198 1445
946 1111
1395 1111
1881 1870
1930 1334
1942 1967
232 484
1559 1978
1572 1053
326 1305
568 481
919 436
1862 1669
521 1669
19 499
1862 1221
327 161
1572 1219
521 160
978 585
19 1086
280 1455
1942 1221
193 160
521 920
978 1053
1066 1276
1867 1189
84 376
280 1203
1862 529
946 1189
1613 1219
232 1720
123 160
1280 160
115 481
763 753
232 859
327 1967
919 353
435 1720
521 1994
232 1111
1930 921
1862 1445
1960 1086
256 161
1960 1967
1973 841
34 1566
1613 463
170 1086
1675 1978
2000 318
1280 797
763 463
435 845
561 1276
326 797
327 571
1973 347
326 999
256 886
162 1219
1280 1543
1395 376
1395 463
1859 585
1572 797
561 1566
256 845
939 1669
763 920
1637 1939
863 1526
1675 887
193 347
280 1427
1862 887
84 1427
1216 347
1392 1526
1198 1219
1062 1602
435 822
1859 1404
1475 1827
1700 1967
1559 499
84 463
1961 1827
1862 581
553 1967
1419 1445
561 347
280 1111
84 920
1280 571
1475 585
107 1870
939 347
1453 1203
1613 859
1054 499
1961 481
1135 1566
1859 753
1867 1427
84 845
978 1243
435 1111
84 353
561 1203
1973 484
84 635
561 1939
700 347
1867 1897
1475 347
193 1404
1395 440
435 841
1891 921
379 1189
162 1677
435 1203
432 287
1942 1276
543 844
1280 436
1280 287
1973 1455
2000 1189
1637 347
1726 1870
1066 444
1942 12
1395 1203
1198 995
1867 822
256 1939
193 965
521 376
1675 463
19 1602
34 481
1066 1526
1452 1203
1942 1053
1198 1870
280 1566
919 1566
1675 712
27 1219
1859 1053
1452 841
543 887
1859 841
1079 1827
561 202
939 12
946 921
568 353
280 1454
2000 635
1930 1543
1093 1566
1700 822
256 436
521 1404
232 635
946 822
327 1720
2000 585
1881 287
561 753
34 1305
1343 921
700 1526
1867 440
1093 1526
1675 868
1475 527
1395 287
946 1939
379 160
1392 1566
1930 1455
379 1455
1867 529
1572 841
1613 920
432 635
1637 499
19 484
1942 481
162 12
1867 1219
1891 844
1392 1053
1930 527
123 635
1453 822
435 1427
162 1967
1859 287
1942 1669
1452 1189
232 845
280 995
1066 1828
1508 1828
397 318
1862 995
939 921
280 481
1942 1835
327 797
1973 797
543 1189
1867 1870
1881 582
1942 841
115 999
435 886
939 868
123 1870
280 463
394 571
1867 1454
1453 499
84 822
1973 318
521 1624
162 770
1859 1454
1280 859
1675 602
1942 857
397 1677
946 712
918 822
107 527
1198 845
1961 1086
565 353
379 844
1066 149
1613 160
1392 499
1613 436
561 1189
1452 202
521 149
84 844
435 585
1392 844
256 481
1066 1994
1453 585
327 886
863 844
77 582
1054 1526
84 436
232 844
493 1602
394 161
1475 1111
1867 1404
918 1870
1675 436
84 995
1862 499
1135 353
77 484
1675 1828
1869 582
84 582
1395 845
1453 859
1776 886
327 845
1942 149
1891 1828
863 582
280 1189
2000 797
1054 845
521 1276
1942 1455
561 1984
379 1053
521 463
1726 921
939 1276
1942 161
1559 1939
1867 1720
1135 436
135 1967
327 965
1891 886
1198 711
543 1454
280 1526
1453 1219
1572 1305
1941 1602
27 797
1759 481
1891 1677
135 886
1637 161
1942 376
1093 1939
1859 582
1419 499
84 443
978 859
27 582
1867 920
1942 1828
34 1427
162 920
1280 887
68 859
919 859
1198 635
280 1086
1613 711
1079 527
1395 1404
107 822
1867 528
379 376
397 463
1475 1189
1867 886
394 1939
700 1827
1613 841
1198 484
1867 571
1395 161
432 1203
1198 797
1960 1870
232 347
1675 965
1054 995
1559 995
1891 1967
1961 1602
1453 1870
1198 920
1613 481
543 484
1572 635
123 1427
1869 1828
1054 841
162 1189
1637 921
394 318
978 202
2000 822
170 527
1942 1427
379 353
19 999
1395 887
946 1526
700 463
1675 1053
549 1870
2000 845
939 1203
1452 1221
1452 1086
946 202
27 527
1572 571
1973 822
549 859
77 845
1066 346
553 1086
919 160
946 1394
19 859
561 1602
1508 1305
1066 635
397 1243
19 160
1066 528
1054 635
326 1967
561 463
1675 1203
543 859
1559 1086
2000 149
1973 481
1079 999
435 844
1054 921
19 822
1452 1870
568 287
1392 347
763 1455
193 797
1093 859
1675 844
34 499
135 965
1930 1870
863 921
1079 571
280 1053
256 1827
84 585
84 770
397 921
379 999
27 353
521 999
568 582
978 965
1572 995
939 999
1559 822
232 602
1392 527
763 1870
1066 484
700 160
918 1526
193 999
1867 1984
1891 711
397 1994
1930 859
1054 527
19 1870
763 1566
1572 347
77 797
1862 527
1869 822
863 1445
1475 353
1973 635
1759 527
1759 1053
978 1827
394 1243
1637 1978
435 1870
1930 920
379 287
561 1720
1891 859
1867 1334
1280 868
397 770
1093 1445
1613 1243
397 1221
1859 440
379 528
1613 1086
19 845
280 287
394 582
543 920
561 920
27 1203
256 822
123 1566
1559 753
1079 161
1891 481
543 346
918 1305
170 1203
162 822
435 920
107 318
1066 845
763 347
34 844
1475 440
1930 440
1930 965
170 886
1452 1219
1942 1677
193 845
1452 1111
77 436
1559 585
1392 1828
379 995
1392 1967
1859 318
1475 845
2000 1828
1891 585
939 1939
543 886
939 1454
19 161
123 1967
1559 582
162 635
1973 857
193 436
1066 624
68 161
326 921
256 1221
978 1870
34 1455
2000 481
1930 287
978 1720
34 1445
565 347
1395 1967
1572 822
1862 443
232 965
1961 160
1613 921
193 463
939 582
1961 1404
1037 1967
19 995
193 585
379 635
77 318
326 1939
193 1526
1135 287
1891 376
193 887
1395 770
1613 1870
256 1086
918 1939
77 481
34 582
1637 1827
232 1978
1881 1445
1037 822
1867 774
232 753
1572 499
193 202
1942 582
1198 376
397 1427
1198 287
1891 1455
1280 1111
1198 887
397 602
568 527
1867 857
1675 822
1572 1189
77 585
1054 161
256 1219
1637 711
565 481
1198 822
326 1828
327 1086
162 484
280 585
939 1404
34 859
1973 1219
763 711
1079 1219
978 797
2000 1870
1392 1939
763 857
1867 1086
1419 1203
280 1984
1280 1566
1637 999
34 1454
1452 844
27 436
1066 202
1942 353
162 1720
1198 999
1613 1566
435 318
1093 499
1869 481
232 529
1637 1720
561 529
1867 712
1759 318
1419 999
1759 161
280 12
1881 1967
19 844
193 841
1859 160
379 841
379 965
1395 995
435 1827
256 965
978 921
123 1602
193 353
1135 635
1613 1828
919 635
1961 443
1869 1939
1280 1526
1867 481
1395 1984
107 347
1198 1827
162 1203
1613 149
1037 1086
1961 1445
1280 499
1572 844
1961 1427
2000 1203
1613 753
1941 1086
521 1189
1037 1870
1093 481
162 1828
84 1828
543 1526
1613 857
1198 1454
256 287
280 484
1475 1221
918 1566
432 999
84 797
918 1427
1280 711
1263 1219
379 1602
379 1221
1973 582
919 797
918 1111
919 1526
939 1994
700 1404
2000 353
561 149
1093 353
549 582
1867 1203
918 844
27 443
1675 149
1412 1827
939 965
946 602
549 1967
1135 1827
1395 1827
1867 484
1613 1189
19 841
77 160
1508 1602
123 1053
77 571
1881 481
1508 921
946 149
1559 1203
1867 887
34 995
77 1526
326 1053
162 571
1263 822
946 624
397 1053
123 1243
1930 149
379 581
123 844
280 527
1973 585
19 1526
170 287
1135 1720
68 1967
1054 1086
565 1828
379 436
27 571
1930 318
1135 1203
1776 999
1559 463
77 1602
946 287
1453 1566
170 999
193 161
280 790
1412 1870
162 1404
568 859
543 527
397 845
1942 1404
1891 1427
379 1111
521 582
1392 845
978 443
2000 202
1078 859
1066 1669
326 1445
918 1221
939 1334
918 1720
379 1835
432 527
1869 886
1198 161
1700 1305
561 527
521 1455
1135 921
1637 1454
1675 527
135 287
280 845
1395 347
27 844
1559 481
1930 797
1941 481
1819 1870
397 443
280 1221
1869 859
1973 1677
939 353
1093 161
918 1455
1930 999
1759 1602
1675 845
1613 1602
1198 1276
1078 1602
84 1566
