UUUUU
NNNNNNNNN
UUUUUUUUU
OOOO
QQQ
RRRRRR
O
MMMMMM
UUUUUUUUUU
RRRRR
QQQQQQQQQ
UU
PPPPPP
R
QQQQQQQQ
RRRRRRRRR
TT
MMMMMMMMM
LL
LLLLLLLLL
NNN
LLLLLLL
SS
Q
T
RRRRRRRR
NNNNNN
SSSSS
SSSSSSSSSS
PPPPPPPPPP
TTTTTT
MMMMMMMM
TTTTTTT
UUU
M
OOOOOOOO
QQQQQQQ
TTTTT
OOO
U
PPPPPPPPP
MMMM
S
UUUU
UUUUUU
TTTTTTTTTT
OOOOO
N
TTTTTTTTT
OOOOOOOOO
UUUUUUUU
SSSSSSSS
QQ
NNNNNNN
QQQQQ
RR
MMM
MMMMMMMMMM
TTT
L
QQQQQQ
PPPPPPPP
SSS
SSSS
UUUUUUU
MMMMM
NN
LLL
NNNN
QQQQQQQQQQ
RRR
RRRRRRRRRR
NNNNN
LLLLLLLLLL
RRRRRRR
PPP
NNNNNNNNNN
SSSSSS
OO
PPPP
PP
MM
PPPPPPP
MMMMMMM
PPPPP
LLLL
LLLLLLLL
QQQQ
SSSSSSS
OOOOOO
LLLLL
SSSSSSSSS
NNNNNNNN
OOOOOOO
RRRR
TTTT
TTTTTTTT
LLLLLL
OOOOOOOOOO
P
