A
AA
AAA
AAAA
AAAAA
AAAAAA
AAAAAAA
AAAAAAAA
AAAAAAAAA
AAAAAAAAAA
B
BB
BBB
BBBB
BBBBB
BBBBBB
BBBBBBB
BBBBBBBB
BBBBBBBBB
BBBBBBBBBB
C
CC
CCC
CCCC
CCCCC
CCCCCC
CCCCCCC
CCCCCCCC
CCCCCCCCC
CCCCCCCCCC
D
DD
DDD
DDDD
DDDDD
DDDDDD
DDDDDDD
DDDDDDDD
DDDDDDDDD
DDDDDDDDDD
E
EE
EEE
EEEE
EEEEE
EEEEEE
EEEEEEE
EEEEEEEE
EEEEEEEEE
EEEEEEEEEE
F
FF
FFF
FFFF
FFFFF
FFFFFF
FFFFFFF
FFFFFFFF
FFFFFFFFF
FFFFFFFFFF
G
GG
GGG
GGGG
GGGGG
GGGGGG
GGGGGGG
GGGGGGGG
GGGGGGGGG
GGGGGGGGGG
H
HH
HHH
HHHH
HHHHH
HHHHHH
HHHHHHH
HHHHHHHH
HHHHHHHHH
HHHHHHHHHH
I
II
III
IIII
IIIII
IIIIII
IIIIIII
IIIIIIII
IIIIIIIII
IIIIIIIIII
J
JJ
JJJ
JJJJ
JJJJJ
JJJJJJ
JJJJJJJ
JJJJJJJJ
JJJJJJJJJ
JJJJJJJJJJ
