POOAQZQILF
MZFRGCBBLM
JANOXJCNKD
PCJYXBZAOZ
JDFULYBSUM
CLFVKOQXXW
HXEPXPLGXP
DCPHSORSYK
IHJXNATQII
JKDLVHEKND
RQHODIKDYE
HHLZKAGXNS
HDZGGFCMYX
BPHRDLKSDJ
QMAULONEND
YDJLJKANEV
ODHWAQSHAL
EDXPOCLXWC
CMNWHMPKYE
XDJCLZXGUN
EDRILQBJSX
FWIYYPSPAU
FZCKWOZIYU
KFFFEFYOTL
LNRLSWHLJV
GLKTOVWJSC
OKPXOQFXYR
LMOLHVSTKL
GRCBAOYARV
GRRJGQRYNW
YMYSUMQSWM
HGDPBMHMGL
SPISTAQTGT
SLCCXJSMZV
ZMFLRXGDAF
UHDWCGCRRV
HVWFQUAZJW
WFATJYSTEI
QAWIHLUXER
YLRMFUYFTW
ARSLVRNQIA
ZUWPIFZLGW
ENLHHXVJGT
ENQBPSGZYG
CNJNTKRNQY
UZHSPEBNMP
PRNWPTSZIO
YZWEBXGILX
TLXERSNNHI
SRNNYFQKLQ
XZVCECQQKY
LLWZSDHTVK
AFQLPZPVZX
URGEJBPAHX
KMOVEFDEMD
ENUCBRSFUW
JZVJYKBTGL
IWSZJQEOAW
QIDKZOWQNJ
GUDJAMDZQG
HDPGXFKPOZ
MQZJBIUUHB
HDJJJITRGU
LSJQMFHEPU
ZAJPMQJAZZ
ALIXQAHZFR
GWBLBNBMXE
SJLKSBWJZA
XKUJIKCHKU
JSYATTTCXF
NOYFQOWNYJ
CTOTPBZFHH
JYVGZJZSXX
BTRMLRNPXS
KRWGPIWZSP
WWUKODKABZ
XDACEIKGYO
ROHSTHZLGT
TASDZDZSLS
SXFRIQROWH
EAUIYGLNPY
ANLQBOGAFP
BYLLGSWTAH
XOODYRVHZB
DXWAENQEDU
GJRKBXSCWQ
UXCOLZNJSU
WTDRNHDESS
GYDIBYSAAN
KNYRCPYCWC
TWIXJQPIVN
ZJZBKIEVQU
WOLCYQOWVE
DUZZMTMAQH
LUSWKCXLRM
GIFYNMASFD
NMBIFEAEUM
LBICGGPVAN
PMAMHSRHHJ
QTLWDCHCOJ
