RKVDWBAAGJ
EAKONYLMUC
ILJWFAMUZY
QAJNSNJAEQ
UQOXZJBZTS
ILBIFYJRLU
VTBZJQXDYF
ZFXALXVUTH
IGEOUYTBNL
ILNGHWWXVN
SVTJXYUMIF
PNSJIJIHAO
XVTWOAVYHG
FYHGEBEWME
NKBPDYPTFV
THLGSBXVDA
NVKVGJIYYV
PZMZAMPQZG
VUIYCCCVYR
BWFZDCFDRY
FZRHQGDUGN
OQHLZPFPAU
ZGSRVYOGMU
XNDDAKXDND
IONOAPOFWR
VMPPFOBBLK
ATFDCZBDFS
KHSLUDIWZS
MJDUKISFHI
YZULCVURBK
CFIOHZLQYC
IJWMYLFSUN
JZRYJGXSZK
HIJPAKVDEK
ZHWEOCCNMW
OBSVUTAVSS
RQIZFURTVP
MOQKCYRCUY
FPRPCBQSVU
EKLLIOBJVW
BOHLASYMRH
QJRMBANMOM
SGCDOCKMSO
XXDUOULTYK
TRVDJIFNCQ
BFCBDWIBHZ
CNXFSSPBUO
CKILLIALKI
VCPAYXSECM
VOMIWBXNHB
SZQYYGYZVV
MYYGGGTWWY
QRNKMSTHEH
RNLXYGXGSY
PQVAGBTHXT
UNMPPDFSMX
CNMBVPVDCZ
WBYUBAEECS
RAUUOVZMPY
WYUPHVJZYU
PAPGAHZPDL
GZDRFTNARP
SWZVEAFESJ
ZRDCXPDJET
KUKQSDCWEQ
HMWUPBJRWD
AJQPLEXAIK
HJXFEARFCQ
BQFPKVPAUF
EUKNQCYNDT
RTKDJLKKPK
TTWKSIZGXU
KDCQKRHYML
FVGNXPFJUE
XDCJMCLDFB
ZQNMUZJGJR
UCCRAOELHE
GTTKZBNSYO
XFUOWSAGIA
HPWYBFABHP
URZIWVKLDG
VFILDGUWTB
PWNYNGYCHH
FFJWNPQTTF
LIVEFKMZYC
DADKWIGCRI
JFLLWUYRNP
VQRVBWVMQZ
BWGBTTQUUK
QUWCONTDUH
VOYODYFATX
MNSQDIFCML
IRPBLIXKEN
OJLRPXLCOM
CCZYWSBUMU
WZPMJXFIKL
MENDDMSEVF
GTJPFWUCDU
XTZVROVAUI
XJKEHNYZZK
