DWFJBGSTKZ
LULGJHXZTB
OZWRZGCFQB
NQJGJOGDMF
ZPDGGFWQMT
VSJMFGBOWF
OLGHPYDUZP
WENDAGFDYF
LBMILMOEQC
SEHNPJUGUR
FIEPKJTSNR
VTSGBZUTFG
CYKUFMRICE
MLWYQTKIKX
AAIBFWNSTF
ACPTLVUJYG
KLEVCRVOMP
CAGDBNBFWJ
SFKRANAONV
HMLFMFUNVL
FDQUCMLWID
SHYURXKUFW
RNHCNWDKEG
AJQEFQGIUY
EUHGBALKCW
BPZTAPEPPE
TKYEAJXCKW
FSLLNHJBUK
QWBKSYXGNE
HVOKYKNYGS
VGHYDZIEVN
EBOXUXLXDI
JHGXGLDWNB
MDAELBBGFJ
XZTWAESRXA
INSKIKSUVS
JQFHCNCHFA
WQLJLRIOWU
TNASZYPDOJ
MJWQVLFKUK
XJESNPIVIF
FIZZEXHSEL
IZMMSBBHWX
GTQVQFYDUY
ASFKYEIXQO
CKGTZOQSNF
YGYQHSICPM
VRXRHUJAJQ
XTBMZCCKWS
RONOMBXCOP
WXTOKKJSNJ
DZLHVCVSCZ
WAJLACGZIO
YUIZVXCAQB
YXZKJXZBUR
AXYAHEEXRD
RGGOFUETXS
CBBXZQWQDA
SYKPGPYTDS
HMKDMQPTZS
XTDYIRESDE
JRQLHCWGCC
KEHGNFJSSU
LFQMWIMIZB
GAAXMKGRVL
TIEZYLNJZU
MGBBYQZGSL
BAQYKSJSVP
TXEDLPXJCA
WRRFZXTPJL
FXLFJJEQLS
ZJZVPHDJPT
IFMRNTWPXM
GBNZAIXFVH
DNILQISHAG
UWNZBOMLLM
POCWHULAAS
FMNBHVHUPN
HGYGSLIKUB
IRUZTWDZWJ
SNYLJPXRUJ
YCFPWSUEEI
CRWZSPZINU
HGYUGEVWZU
PXAJMYSOBO
XQBIISCPMT
KBMZGUPGTM
YAKYGRGFMA
MBXCBNHTSA
CDNBYMFPRX
JUDZTBXCCI
KKUMDGZZWR
GFIYUDSMOC
XAUDSSOPXS
JWSGQVYSWI
PSDRSWQOVA
WRMWEGZDDJ
SXEVMNDDJQ
OPJHIZTOIY
ORRPHUADKH
