kfkkknkqkxkwkgkkkrkokpkukssekjkkasysiktkbkmkzkdcklkvkvkpkbkfkjknckxkrkzkkckuktksktkdkkkkkakzkrksk
kvkwckzknkfktkkkjkskbkpkkkdkgkokxsisekqkakkukrklsykmkrkockokjkkdkbkksekqkckklkpkrkgkvkkkvkqkmkkk
kgsekqsikmkwkkkkbsykjknkrkxkokvkackzkskkktklkukpkfkdsykrkmsikqkqkqktkmsikkfkmkwknkgckbkokrkzkxkuk
kdknkvkzkqkwkpkksysekrkukkkkmklkgsikskbkfckxkokakjktkvktcseklkdkrkdkkcsekmkxktkskusekzsyklsikukwk
sikskkseklkjkfkmkgkakkukdsykpkrkbkqktkwkvkokzcknkxkkkskbkdkqkkkakkkksykxkskbseklkokgkrkkkakrkjkrkgk
kakkkqsekkzkmsykrkncklkbkgktkpkkkfkskwsikxkdkvkukokjkwkdkmkjkjkfkdkxkokukakrsesikjkwkvkkdkjsekkkvk
krkzkxkdkackkkksykskqsekgkvkjklkbkkukmknsikokfktkpkwkzklkgkjktsekpktkgkbsikzkokwsikgkfkxkjkokjkdkok
kokxknkukvktkkklkjkwkbsikssekrckpsykfkdkkgkkkakqkmkzsekzckrkzsesikpkqsikbkbkdkkkkxkwsekosekfkakbk
klkmkbkvkpknsykkkdktkxkqsekakwkfkkokzkgkkckrkskjsikuknkvsekskgkkkokqkakaknkskrkqkskjkkkskpsiktkdkkk
sekpkfklkwkasikukbkqkgkvkzkxknkoktkjsykdckkkrkmkkkkskrktkbkskkjkokkfkbkskxkbkvkjkqktknkukskokukrkuk
kpkqkxkvckakskwkkksektkmkusykokgklknkzsikkkrkbkjkfkdkukfkjkkkbklsiksyktkokzkfkpkbkkkvkbkrkukfkakfk
kukakpkqkrkkfktsikgckskjkxklknsekmkbkwkkkokkkvkdsykzkusekkdkrkqklkvklkdkdsikdcknkjktkpkgkvsekkkpk
sikfkrkpcsekmkbkukkkokktknklkakxkjkwkdkskksykvkgkzkqkdkkskgkgkxkrkxkkkdkkkbkxklsyckokukdsekkkrkgk
kwkrkkckskqkxkasykgkvkzkpkjkukkfkokkkbkdktkmsiknklsekkktkrkzsiknkrkskwkokakgkkjklkskukfknkaktkdkpk
kdkkkwkuksseknktkoklkqkvkkkrkfkpsisykakkjkbkmkgkxkzcknkkkfklkrsekakdkakakkkjkdkkkokbkwkgkrsykjkwktk
csekxkakzknkrkbktkkkpkkkukwkqksklkdkvkfkkmkokgkjsysikvkxkpktkvsykfkqkxkkkrklklkokbkbkxknkskusikgknk
kokxkkkssickgkfkjkvkrkukakkdkkkqklsysektkmkbkpkzkwknkokzkgkmsikdkdsekjkrkfkkwkuckokxkjkfkukakpsik
kkkasekrkjkqkokbkukktkgkvsyckzkpkkkwsikfkmksklkxknkdktkskkvknkdkwcktkgsykvsykbcseckqkwkpkvsysik
kskokvklkwsykpkzkmkbkrkfsikdsekjktkukakkkxknkckqkkkgkrckxkvkbkbkjkjknkzktkfkklkackdkokskpsekwkxk
sikjkzkfklkpkwkskusekmkdkqkkkvknckkkokgkakbktksykxkrkwkzkkkrkpkvkqknkokkkvkskzkkxkkukqckukbsikzkdk
kvckkrklkjkqkzsykxsekakwkskpsikdkgkbknkkkoktkfkmkukkkmckukrkskkqkwkokvkokokkkkkjkdkwsekqkqkwkqkak
kkkckvkkkakxkpknkbkdkgkjsikzsykfkssekmkqklkrkokuktkwkxkrsikwkpkasykdkukkkwkakokrkskzkqkkkwsiknkxksk
kdkzkusyknkokfkskjkkkasikgkvkpkxckrktklkmkbkqkkkkwseksekakoktkdkjkkkjkvkpckuknkfkdkwsikpkkwkjkokrk
kgkkkmsykkqkasickxkokskbkvkkklknkdkukfkzktkwkpsekjkrktknkjkkklkkkskwkackrsykzkkqkkkukqcsekbknkkpk
kbkrckjsektkzklkkmkakdkpkkkkkosikfkvkxkusykgkskwkqknkkbsekkkjsekrkmkkxsyccsykjkzkvckkwkkkukvkok
knkukrkokvkgklkjkzkpkskfktkmsikbkwkkakkkqckxkdkksesyktktknkkkukrkpkrkuklkfknkdkmkrkfkjsykdkmkmkkkvk
kkklkjkfkkkwsikpkmkrknkokbkukvkqsykdkkgsekakxkzcksktkvkskbktseklkukksikgknkvkrkzseklckqkuktkvkfkmk
kdkjkkktkzkskwsiklkakxksekgkkkpckvknkfkrsykbkukmkqkokmcsyckpkqkxkkkkkqknkjkskmknkvkgsykokzknkgknk
kkqkxkjkkktkfklkpkakwkzkskkkbcsykgkdsekmkrkokusikvknckmkdkrkwklkskjkpkdkzkaklseklkqkrkkkkkpkbkvknk
sikukvktkgkzkakksyknkkkdkwkskxkbkfkoklkjksekqkrkpkmcknkdklkrkqkfkrkfkukjkkkdkkmsikdktkjkmkmkokmkkok
kakpkgkkkrsiknkvkjktkssekzckoklkfkkqkdkbkwsykukxkmkkkgknkkkzkrkxktkbkpkakfkmkwsekpkxsyklkokkkdkkvk
knkkktkpkjkkwkskasikdckkkrkukgkvkzkbsysekxklkqkokfkmkqkjkakwkgknkpkoknkzkakbkxklklkssykqkkkmseklkxk
kukrsikqkakvkxkmknsekkskwkdkjkgkkktkbkfckzklkpsykkkokpkpcklkkkqkkkpkmkksikwklkvkwkokfkrkokqksykdk
kgkbkwkpkdkskrkxkasikusyktkvkoklsekmkfkzkknkkkqkkckjkknkbkokrklkvkvkkkokrkzkfkvkkxkjktklkwsikbkgkkk
kuknkwsesykkkmkqkjkgkfkxkbkzksklckosikrkakkkkvkdktkpkuknkkcktkvkwkpkkkukzkakskfkknkkkjsikxktkvkgk
kpkakkkqkuklkxkkkdkfsykgkokwkskrkzktkvkjsekmsikknckbkjktkssykwktkbkvkukjsikdkqksykxkfkvkzkxsikpkrk
kkcsykxkkqkdkkkzkoktkpkukfkjkbsikakwklseknkrkgkmkvkskdkxkdkoktsysikskbsikdkfsykjkskpkrkmkqkksykpkvk
kmkxkusekkvklkjkskkkfckqkbsykpkrsikkkwkdkzktkokakgknsickvkkbkqkfkvkrkkkkokdsykbkwsekukkvsekakgkdk
klckgkqkkkakokrsekjkzsysikdkkbknkxkukskmkwktkpkfkkkvkzkxkvkpkpkaktklkkkpkzksktkwkvsykukwkskfkmkdkk
kskokkckuknkakmsekfsikjkpktkkwkbkxkkkzklkvsykdkqkgkrkpkvkukvsykdkakdsekkbkmkskvkkkxkjkwkvkwkskmkjk
kdkbkfkqkxkmkjkpcklkgkusesykzkvsikoknkrkkkaktkkwkkkssikkkfkukkoklkakmcklsykxkdknkokrkukwkzkxkzkfkk
kbkqsysikoklkkkwkxkkktkfkrseckgkvkpkskkakmknkzkdkukjkqkukakkkskbkdkrkgklkzknkrktkqkfkrkmkpkfkssykmk
kukkkmkpkbkfkvkxkksiklknsekwkskzkrsykdkgckaktkkqkokjkosikkkwsikasisekvkzsyknkpkwsikqkukkkjsekkrkbk
kbsykukgkkklkqkfkksekxkdkokwkaknkpkrkvktkzkkssikjkmckqkfkkkzsektkdkkkzkkkrkpkmkukjkmkdkkwkrkpcsek
ckukfkskgkpklkkkxkvkmknkqkrkbkasykdkwsekktkzsikjkkkokmkrkfkxklkqkxsikskgkjsekrckpsikjkosekxklsykxk
kkkkpknkqkmckukkkdkfkrkvktsikbsekskxsykzkakjkgklkokwktknkbkksikasyklseseseseklkgkkkbkskwkvktkzkbkk
kmkknklkkkpkjkzktkakskocsesykbkvkdsikkkqkukwkrkfkgkxkfkakdkkkmkvkckwkzkakjkskgkgckrsekmsesikmkfk
syktkakkxkjkkkmkbkvkzkokskrkdkukpsikwklkfckgseknkqkkkqsiknkgkokqckpkrkmkzkkkokkklkkkssisikskzckqk
kksekwkukjkfkmkpkgsikdkzkrknkokqklkkakxkvksktckbsykkknknkpkdkvknkkvkkjkzktkzkskfkzsektckpckbkdkok
kkckkpkbkqkssekwkzknkxsikgkdkkkaklsykukmkokjktkfkvkrkuklkskokkpkpkskxkgsikkzkxkkknklklkkklklkrkukbk
kmkxkbkukkklsekqkzsikgkjkskwkakkkrkfknkdkvsykoktkpkckbknkasikzsykxkxkkkkkzkxkukskokdkkzkokgkjkvksik
kbkdkssikgkksykqknkvkmkaklkrkzkpsekxkokuktkkjkkkwckfkpsikmckdkkjkdsikfknsekkkwkwkfkjkukkkzkgkkkzk
kakqsikkkukkwksckbkfkxkjknkmklkpkrkvkgkkkosyktsekdkzkgknkkkskpkzkmsektkkkgkgktkxsekrkbkxsekgkmkuksk
kucsykkrklkqkkkmkosiknkdkaktkjkzkbkwkxkkkgsekpkskfkvkkkokfkakwkvkkkxkzsykrkkakokzkukkklkrkbkwsykjk
kfkdkqkzknkusekmkosikpkjkxkackbksklktkkkwkkkkgkvsykrkzklkkxkoktkakokdkvkkkkknkkkvsykpkjkfkfkkkbkmk
kpkqkzknkrkokjkksiktkukvkwklkfsecsykmkakxkgkkkskkdkbsykdkpknkxktkbsyklsikdkpkgkxkgkgsykfsikdkmcsik
sekgkdkbkukwsiktkqkpckrkskkkfkkxkjkakosykvklkkkmknkzkvktknkukknknktkskokpkpkxkqktkqkbsekdkukqkakvk
sikkqkpsekxkjsykwkbkokkkrknkgckkkvklktkskzkmkukdkakfkzkkpkkkjkvkzsykpkokmkmklkksicknkukpckbklktk
kkktkakmkqckskgkkkvkosysekzkusikxkrkpkfkwklknkjkkbkdkakfkskdkukkakaseklkbkklkmkukvkokxkrkdkmkkkkkzk
sekkakrkokgktkwcklknkksikxkdkukvkjkpkfkmkskkkbkqkzsykwkfkxkqkkkusekkkbkukkktkdkpkvkqkakzkdkgkdkkkkk
kakokkkxkfkdkqsikjksklsyckkkkgkzsekvkbknkuktkpkrkmkwkkkzkktkokqkpkkgknkdklknkjkkokxkgsykskkklknck
kbkokmkgkrcktkkkwklknkukkfsykkkpsekqkskjkxsikdkvkakzkjkosikmkrklkkdkkkkknkrkjklkdkgsyktsiktkpkzsyk
kvkwkgkbkpkxkakqkdklkzkkkukmksecsisykskokjkfktkkknkrktklkssisiklkoktkmkwkpklkfkakmkfknkakrkxsykkkdk
kfkukqkaktkpkwkmkrkvkjklkksekkksikbkxknkskdcsykzkokgkkskjkrkmsykkkkklksikssyckvkmkkcckakpsykakbk
kosekwkkukgkakzkfkdkbsysikrkqkpklktknkvkmkxkskkckjkkkksckbknktkxkokpckvklkdkakvkwkvkakzklkpknkgk
krseckkwkdkukmkqkskaknkokkktsiklkgkbkjkxkvkfkpkkkzsykukfcktklkukssykokkwkmsykjkklkzktkjkkksykpkkk
kpkrkqsykfktknkkkwkmkdkakgsikzkkxkkckjsekokskukbklkvkwkdknknkzkkksckosekgkkwkukdkjkvkgkvkxckakqk
kwkqkjkdsikvktkakgklsykokrkfseckukkkpkxkzknkkkkbkskmkkkfkrkqkjkwkfkokukjsikkkkskgkdkosekkklkkkkskqk
sykokvsikjkklkxkfkkkgkakwktkmckzkdkbkpkqkskukrsekkknknktkrckvsykrkqkbkgklkwkzkfklknklkkpkrklklkak
kwkuklkzkmsikssecktkbkrkfkxkpkgknkqkkvkdkokakksykkkjkjsykjsykqklkqkasisikzkukuknckpktkkkxkasekbkpk
kucktkkkrkdkokzkfkmkjkpsikxsekkkklkgkbsykvkskwkaknkqkokdkrktkjkzknktkoknkwkrsikkkwkksykbckmkqkzck
kukakwkzkkkkknkpkkgkvkfkosickmkdktkqsekrkjsyklkbkxkssekqsykjkpkukksiktkuksklsykxkakuklkpkgsisykzkuk
kqkkkvkdsiseklktkkxkbkrkosyckjkgkakpknkukkkzkwkskmkfkgkbckvkqkmckaklkukqknckxkxklkkkwkzkfkvkvkrk
kkkpkrkmkkknkakoseckjkvkzsikgsykwkukxklkkqktkfkdkbkskvkjknkusyknklsykrkksikqkzknseklkokvcsysikkkok
kkkakpkfkrklkqkosekskzsikxkvsykkwknkdkkkbkjckgkukmktsykzkbkxkzkdkfkrknsykkkvkqkvckkokkkkkbkqkosik
kskkpkwkqsyktckxkkkgkvkokdknkmseklkjkkkfkzkasikrkukbkfsecsekfkskkkzkbsiktkkkpkbkvkkkklkusykjklknk
kdkvklkzkukgktksykjsikwkrcknkkkmkkkfkpkbsekokakskqkxkbkakmkjkfklkkkqkkmkbkakrcsikpkdkgkjkmksktkvk
ktkskqkoksekakksyknkmkpkfckukdkgkwkkkzkvkrklkxkjkbsikokskkknkwkjkgkmkukukgkkkkfkukmkgkzktklkfkmkpk
kkknkxkmkvkbklkzsykgkfkskokkuktkpsikkkjsekqkrkakdkwcsekoklkdsekpkkxkkkknkkkrktkukjktkokbkkkrkokzkdk
kokxktknkzklkkkpsikskgkfkwkkkrkdkbkukmckasekqsykvkkjkbkvkvsekokkjkzkklkosykzkwkxknkaktkbkkckukkqk
kmkxkvcsykpkqknkssisekkkakkokkkzkjklkgkfkdkrkwkukbktkksekxkzktsykoktkpklsekvsiklkkkxkrsykbkwckrkkk
kjkkvkfktkwsekqkmklkkkdckrkukbkgkkkxsikakokpsyksknkzklkkkmkjkxkvckzkxsykzkuckkkzkoktkukokokkukwk
kjkokkkkpkukxkwckkkmknkzkgkvkasisektkrsykdklkbkqkfksckakpckgkucsesisikwkdkkakuckgkbkokfkkklkgk
kmsekrknkskkzkxkkkqkoklkukacsikfkgkdkwkpktsykkkbkvkjkgkqkwsikdkskjkkknkjkgckssysykkkukfkfkmkvsykqk
sykakgkqkpkkkwkdckrktklkmkkkjkkxsekukfkzkbsikokvksknksykwkukkktkkkmcsyknkskwkosykxseklkfkpsykvkjk
kckakoknkfkkklkbkdsykuktkjkssikqkxkkkwsekgkvkzkpkmkrklsykukqkkkkkzsykdkqkmklkukqseknckkkgklkzkoklk
kvsyseklckqkkfkwkkkdkpkjkukrsikgkskoknkzkmkbkkkaktkxcktkmkdsykkkvksktckrkkmkzcckgkdkdkwcsykrk
kakrktkkkokwkmkvkknkfkxkzkqkgkskdcsykukjklkksikbkpsekwkskakxkbsikkkgkqkkseklkrkdkdkzkrkokgkzkvkrkvk
klkpkskdkgkxkkkzkaktkkkqseknsykbkmkvckjkwsikkfkokukrsekwkjkfkbkbkmkbkzkwkwkpkpkdkosikuseklklkkkwktk
sekmkokkskbkxktknkkkdsykukkkpkwkakgkqkfsikvkrkzkjklcknkgkukrkzkukzkqckzkkusekkkzktkvckwkkkkzkdkpk
kmkukrkdkncktsisesykvkokjkskakxkbkgkwkzklkpkkkkkqkkfknkwkdkxkqkkkokwkmckukpkakkcktkmkdkgkgkdkzsik
syknkosikfsekakgckzktkskukxkkkjkqkvkpkrkkkwkmkbklkkdsektkkkkkzkbkackxkpkbkxkskvksknkwkzcckasykpk
ckqkkzkkkjkukgktkmsykskbsekxkwkfkdkkknklkrkvkpkakosikrkjkbkfkpkjklkokkkzkdsekskjkfkgknkokokakvkkkuk
sykkkskmkwkakfseckxkokgkrkbkdkqkvkjkkkzknsiktkkukpklkpckgkwkskskjkakrkbkokqkkkasykmkvkfkqkokgkgkxk
kqckokwkgkuknksekfsikjkskxklkdkvkpkzkmktkksykbkrkkkakgkuknklkvseckokkkpkxkdkksykxkokpkdklkaktcsek
ckokfklkkkmkdkrsyknkksikjkukasekgkskbkvkkwktkzkqkpkxsykvkdkqknsekdkfkjsiktkmsekvklklknsykfsesykxsik
kdknkxsykukwkqsekakkkkktkkrksckfkvklsikokpkmkjkgkbkzkrkwkwcckpkfkwkkkqkrsykmkpkfkfkxkjkpkbkpkxsyk
kbkkkvkxkrkuktsykkmkgkskosekdcsikwknkfkzklkakkkjkqkpkbkwknkgcsykkgsykskgkjkokrktkbkvkskrkbsickvk
sysikzsekwkkackvkpkdkmkkkokgklkjkqkfktkxkskrkukkknkbkjkgkasekkklkfkkgkkfkfkakbkpkrkmktkukukrkukfkkk
kqkbsekkkkmsisykakvkpckukkkskdkrkokgklktknkxkzkfkjkwkskzkgkqkfsesekxkpknkqkvsikakfktkjckkkfckrkzk
