kpkoklktkqkskkzkfkkkrkmsikgkxkksekjkdkukbcknsykakvkwkdkvktcsesekqkbkpkqklkgsesisikzkpkqsekvkjkukb
kkakdkpkzktkkklkxsekmkkknkqkrkwkgkusikokbkvsykskfckjkkkxkxkgkskskjktktkfkkkbkpsikfkxsykpkkrkkkkqkkk
kakqknkkpkxkvkwkkkmsykgkkkdkrkfklckssekbktkjkzkokusikqkbkukpkcckxknklkfkukmkvcktktkgkkkukxkvkkkg
kpknkskjkrsykkkdkbsektkwkvkokmckakukfsikqkxkgkkkklkzkqkqkgkwkmsisekdsesykpkrkakzkmkwkgkgkdkoktkkkk
siktknkmkwklkqsykvkgkukjkksekokakzkfkckkkrkbkdkskpkxktkuklkfkfsisykkkkkokdkwkkknsekpkwkakjkgkjkskw
kfktkdkqknsesikrkokgkuklkxkjkvkkkskzkakkpkbkwkmkkcsykjsikrkvkrkdkwkvsykokksykakkvkvkukvkvkwkkkrkvkb
sisektkwkzkfkkkmckjkokpkusyknkkvkakxkqkbkgksklkdkrkksykjsekkkkvkxkfkwsykvkmknkjkkkakzkfkxkfknkgkjkr
sekukmsikvkwkxktkkkbkokgklknsykrkdkskckqkkkpkfkzkjkakakoklkqkakjkrkxkskakkksiktckskmkmsikgkakdkpkx
kzklkkxkkkusektsykmkjkdkfkkkakskokqknkwkbckgsikrkvkpkskbkskfkjsekwkskvkwkkktkkqkzkfkzkjkbkgkwkkkjkg
kfkzkmsykwkgkqkvknkrkpkskjsekukkkosikbckkkaklkxktkdkknckfkokqckakvkakoktkfkbkrkpktkbkpkpknkpkbkm
kqkkskxkwklkfkakukkkokrkjkvknkpktkgsykmkdkkkbseckzsikdknkseklkgkmkfkvkvsykfkkksikkkkktkrktckmkqkv
sisykkkgkqktkskukxkkkakrkokpcklkbsekvkfknkmkwkdkjkkzkxkrsekfkfkzkuseknktkakgkwsekdkbkpkqkrkjckmknk
kzkfkvkokwkqklkkskdknkkkbkpkuktkgkkkjkakmsykxkrcsesikwkdkkkwkakxkmkpckokpkrkjcsyccsikfsykmkkkz
krkskmckpkkvkwkkkkkjkdktsykbkgkfsikukasekxknkokzkqklktkxkxkkkrkasikgkxkoksklkskwsikuklsektkpkxkokkb
klkckakqkgkbkukzkkkxsikwkrknkkkokdkmkvkssekfkjsykpktkfkgkfcktkfkbkdkakfklknkkckkkvkqkqkskpkkgknkt
kukvkmkdkwkkktkgkoknkzkpklsikkkskbkfkrsecsykakjkkqkxkkfcsikqkokukqkwklkbkgklkdsekbkfkgsykkkkkukqkm
kgkskkkoknkqkxkvkasisekrkjkkkdkbkzkwsykpklkuckfktkmkksekokdsikzkkkjkskqkakdkbknckwsekfkbkakzkrktkv
kuknkoktkkkgklkvkzkrsekakdkkxsikpkqkbkmkwckkkfkjsykskksekrkgkkktkkbsikukgkkjkvsekxkzkpkpkqkakskdse
kskqkvsikoknkdkkklkgkukwkjkfktkmkxkakkkkrkzsykpkbseckbkskakkkwkgkqkzkakjkwsesikpkpkakukksekrsikdks
kkklkqkwkdknkxkzseksikfkbkakgkmkjsyckrkvkukpksktkkkokfkskukkwseksikkwkwkwkksykmkjkqkkvkdsekdkskkpk
kkjkfknkkkwktkusekpckgkxkrkdkzkssykokqklsikakmkbkvkkkkkskxknksekkkkkkkdkkksklkkklkokrkpkjkzkkkqkwkj
kzkbkgkwknklckakxkrsekmkfkvkksikkkuksykqkjkokdkpksktckasykfktklklklkjkmkkwkasektcsikukvklsikasekn
kocsekkkktkzkjkskqkrkmkkknkxkbkukdkvkakwkfkgklsisykpcsesikrsikskskpsysekdkokgkbkpkakksekockfkrkm
kfkqknkdkkrkvkgkzkbklkjkxkpsikskmkaktseckukosykkkkkwkvkvknkvkkkdkpkzkkkrkrsykdkzckvkdkakpkbkokukb
kkckvkkkusykqkdkkrkpkakxknsekjkzkmkskokgklsiktkbkwkfkkvckmsikbkkkzsykakrkokpkgckdkvkrsiknkokjkkko
kzkwsyklkrseckbkkxkakqkgkvsikpkjkmkokuktkfkkkskdknkkkvkbkbkvkzkdkvkpkrkzkkkkkukvkxkfkqkqkbkzsikzks
kokakwkkkmkjkqcsikpsekuktkkkdkklkvknkfkbsykskxkrkgkzkmkxkgckkkbkksikosekaktkosykkknktsykgkmkfkkbkw
kkjkfknkdkkkbkrkskzklkwsikokukmkgkakpkvktcsekqkkkxsykbksklkokzkjkkkklsykkmkbsekfkkkkkakwsykwkmknkg
kusekqkakkkjkfkkkgsikncsykvkdkpktkbkwkkmkrkskokzkxklkgkrkksekdkskgkxkasiktkukdknkoklkfktknkjkbkksik
kwkrkpkxknsekvkgklkakkjkfkbkzkssiktkmkukockdkkkqsykkkokokgkzkkkjksykxkfktknkskpkukzkbkskakklkfsikt
kdkoknckkkfkskxkakksekmktkzkjkukwkgklkkvkqkbkpsysikrkklkgklkvsikvkakjkokgsykkklkbkfkvklkmkqkokukakr
kvkukrkmklkpknkkckqkxkdkakwkbkzsykokjkskfkgsiktkksekkkpkkkwkbkwktkakbktkktkjsykbkkktkukwsykvkukxse
krkfkokjkzkqkksykakpckukssekwsikmkkgknkkkvklktkdkbkxkgkbklkzkgkzsesyknkdkdkbkakgkukbkmsikkkukfsiko
kocsekvkrkjkwkkkakskmsykxknkuklkdkzkgkbkkkkfkqkpsiktkakpkokakjckkkmkvkvkokukokpsikxkuktsekwkakase
kjkakdklkvsekzkxkkpkrsykskoktsikfkkckgknkkkbkwkukmkqsesykukvktkdkzkgsykmkqkgkfkdkrkosikkkkqkdkbkjkv
kxkukssickdkkktkakvkjkmknkfkkkpkrsykqkwkbkgkzklksekokvkfkwkxkvkokskakfklkksykgkgkxsesekakzkzkvkakp
ckksesykmknktkwkoklsikskukakvkdkpkbkgkjkzkkkrkxkqkfkkbkqckscktkxsykqkdckdklkqkkknkdcsekrkokqkt
kbkukdckwkssekksykakpkmknkrklkgkvkqkxkzkfksikkktkjkokwkokukkkrkfklkfkkakxkkokgkgkdklkgsesikdkdkosy
krkgknkbktkpkksykqkxkokkseklkjkdkskwsickakkfkmkzkukvkmkdsykpkvkukpkksykjkwkvkakpkkktklckxkskaklkv
kbklckxsekjkkkkfkdkwkksikpktknsykqkskgkvkrkakmkokukzkxkzklktkpkkpkfkgkzkbkdknkuknkkkokdkbkfsikrsisy
kaktkfsikukrcknkdkmkkkzsekpsykkkxkbkwkgkvklkkokjkqkskskdknkbkxkwkkjkskoklkmsekjckpkvkbsikvkvckpk
kkkfkzklkwkkkvktkgckskpkokakqkmsekdkxkjkbknkkrsisykukukpsikukasikzkpktktkusysykqkukgkukxklkasykmse
kklckbkjkxkwkfkrkakgkksykvkqktsesikpkuknkkkdkmkzkokskkksikqsekdkokgkukgkkkqkvkpkpknckusykjkjkxkkkn
kkxkdckokkkukpkqkkkfkvkrkgklkakzkssysikbkwsektknkmkjkqkwkockvkrktkukdkdkusykvkpkxkfklklkzkjknkvkd
sikzkkkdkwkxklkpkqkmknkfkokjkbkssykrkksekvkkackuktkgkkakokjkrsekjkpkwkkjkkkjknsikfkkkpkzknkbkakdkx
kgktkmkqsikfkdkkkpkvsecknkzklkssykukbkkrkkkxkokakwkjklktkskrkzkmkgkzkmkzkwklkqksekkkjkgkwknkmkxkjsy
kkkqsikvkaklknkrkkkskpkfkgsekoktksykwkdkmckukzkjkxkbknkkkskfkbkokkckrkvkokgsykakkmkdkokkkxkbkkukp
kqkaklkkkuktkpksknsykkwkvkdsikzkbkgkjkmkrkokfkxsekkckukjkukvktkrkqcktsekakgkzkjsikgkzkkfkfkgkqsek
kpkbcktklkmkzkgkjkqkrkdkskakknkksikfkwkvsysekkkokukxkvkfkxkjsekpckvkkkqsykjkwkmkbkxktkvkgkokxknkl
kjkskmkbkrkfsekwkakdkvkkusiklkgktkoknsykqkkkzkxkkkpckpkrkgsikxkkkwktsekakakkkgktkukskdktkxkgkokjkk
sikukzkrkgkklkskfkmkpkdkxknkkkvckbkokwkjsykasektkkkqkjkkkbkvkdkksikxkrkqkrsyknkktkqktkkkrkgcsikdkx
kgklkpkdkvsesykfkskbkmkokwsikkktkxkqkaknkzkrkckjkkkusykdkkkackmkqkuktkmktkskkkbkakvkkkdklkskjkkkw
kusikfklkokxkpkakgkrkkksekqkzkkkbkvsykwkjksknkmktkdcsesikvsiknknsektkwkjkskkqkfkdkgkrktkzktkxkkkkkx
kxkwkrktkzklkdkaksikokpkbkkkmkvkfkgsekskkkqkuknsyckjkqkkbkgkpkvkdkasikgsikukwkskukskpkkukwsikjkaks
kmkkkukokvklkwsekpsickrkqktkbkgkakfkskxksykzkkknkjkdkvkrkgkpksykqknktkjkjkrkqklklsikkkukkakskkkskb
sykskbkakwkdkkqkvkkkfknckpkukkkmklkzkosikrkxkgsekjktkrkkkvkbkbkdkrsikwsektktkukwktkrktkusysicsyka
kakwknkgsikkkockrkfkjkkkqklkuktkkssekzkpkbkvkxkdsykmkrkfkdkpkasiksknkmkokuknkrkpsyklkocsykwkjkkmku
kkkfkrklkzkkxkkkmkjkpkusesykskaknktkwcsikqkdkvkokbkgkokpkrckpknkbkwkxktkrkmknkqkakzkbkasykkkrkdkx
syknkvktsekjkqkmkakbksikpkkklckwkukdkzkxkgkskkkrkokfkfckrcsekzkzktseklklkukbkjkfkrckqkkkvkvkfkf
kxkvkbkakskfkgknckpkdsykzkokrkjktkqkmkukkkwsekkklksiktkdsykzknknsyklkqsysekfkzkjktkzkrktkxkpkgkbkk
kvkacsikfkokkkdkpkqkjkxkzksktkgkksykukrklkkmknkwsekbkvkjkpkxkfktkackqkbsykmkrkskokakxkpkusykskxkx
kkkdkokjsekqkukpkwkgkvsykbkfkkmkskrkzsikxkaknckkktklsekfkzkusyklkdsiknsekdkpkdkkkkkxsikgklkkkosikk
kskakbsekvkrkkkqkuklkwkkzknkfkjktsykmckgkdkksikokpkxkdkokqckkkwsekktkkklkakkkdkgkqkkkqkkkkkkbkjc
kbkuksktkxckqkakmsekvkfkgkwklkdkkzkpkokkkjkrkksyknsisyktkkktkgkdknkgkzkbckdkdkjknkpkmklkwkwkgkvkk
kqkdknsikukfkkkpkskzkgkkkkoktsekmkvkakwckjsyklkxkrkbkfkwklkfknsyklkusikfkockakpsikxknkzkpkkjknkqkl
kwseknkvkjkakkkxckrkgkbktkdkuklkmkkzkqkkkfkpkokssisykjkmkktksyklkqkbklckrkxkkklklckmkvknckzkkukf
kakzckvkdkuksklkkjkfkmkgsysekwkkkbkkkpktknkrkxsikokqkskkkukqkxkvkskfkjkkfsiksikgkjkvsykakvkokmseks
kjkkkxknsekkpsikoktkkkmkqkwkukvksklckzsykdkfkakrkgkbkkakusykusikmkxkuknkkkmkgkakfkmkkkkkwkrkjkzsekg
siklkkkbseknkrktckwkokfkpkkkakkjsykxkvkgkzkqkdkukskmkpkxktkfkfkrkqkakskkwkxkqkkkkknkqcsykjkpkzsykk
sickkkgkbkwktkxklkkfkakmknkskukzkpkqkosykdkkkrsekvkjkakukvkqkxsikzkvkokpsykkbkdkokxkgkpkfktkkcckd
kocsikzkjkqkskkknkbsekgkkakkkdsykukmkvkwkfklktkxkrkpkakktkskakvktkxkxkzkfknckrkoktkkcktkqkbseckt
kgcktkqkasykbkksesikrkvkokdkkkuknkwkpkmkjkzkfklkkskxkrkfkfkakqsekjkvkzklkrkzkrklkfktknkrkwkjkxsikr
sykakksiktkbkrkkkukjkkxkzkgkskqkvknkmkwkfckpkdkoklsekzkkssyklkskksekasikmkskokfsiklckfkbkgkfknkmc
krkdksklckqkpkksekakkmkwktkgkjkbkxkkknkzkukvsykfkosikzkmkxsikzsekukakqkfkukpkpknkkvkkkkkkkzsykukakj
kokjkbkfkgkqknkkwksklktkrkdkmkpkukakkkkkxsisecsykvkzkvkvktkokmkxkgkdkzkakackzklkakakskuknkkkmknkz
sikmklkwkokdsesyckskbkzktkjkfkakpkxkuknkgkkvkqkrkkkkkmkvkoklkmkukfseklkdkzkakqkwkgkrkzktckxktkokw
kxklknkkkkukmkjkpkasykbkdsikqkzkvckwkskosekfkgkrktkkklklkjsykpkgkrkxklklsysekjktkwkdkkkkktknkskkkk
sykkrkokasikwkgkpksktkbkqklkmkkkxkkkzkvkuckdsekjknkfkrkxkgkvkmkkwkxkdkbsekskpkwklkxkxkzkzsekvkvkkk
kjsekrkksykgklkbkvkkdckpknkqktkskkkakwkfkukokmkzkxsikkktkwkjseklkxkfkpkokgsikakfkmkktkxkvknsekssikq
kvkxkbkrkskgcsikkjklkqkmkwknkusykakdkfkzkpktkokksekkkdkmknkktkkkfkmkmkdktkdkpkwkrkmklkqkrkbkxklksc
kskdkqsykokukxkkknkrcksekfkvkzkakwkpklkbkgkmktkksikjkksekokskgkjktkaklkvkzkockakkkgklkbkjkkkwkosy
kokkkbkkksklkxkkvckjkqkpsikmkakwknkrsesyktkzkfkukdkgkxkfktcsykrklknkakgkzkwkdkskpkkkxkoknsikkkxkr
kbkfkvkssykrkakzkjkkkxsekukokktkwklkkkmknkdckgkqkpsikvklknkfkusiktckkkkkdkfkzsyktsikvkmktkokpkskw
kfkvkokzkakkkjkpktkuckgkbkmkskwsesykkklkdkxknsikkrkqkakvkrkskskasikuknkrkfkfsekoktkzkskbkkkmsikxku
kkkfkktklkokgkdkskpkwknkqckkkbkvkxkukzkjsikmsekrsykakakksikokkkjkvknkkkvklckkklkkkzkpkskzkzktckf
kvkqkwklkdktkrkgkskzkfkmknsiksysekkkjkxkokpckukkkakbkqkaklkzkakrkqkpktkukpknkucsekvksknkokrktkgkx
kzkdkakbkmkxkjkqcklkkknkrsekgkuktsikwkvsykkkpkfkkokskukukjsykdkkqkkukgknkwkksikjsekvkpkssikwkdkbsi
kjkbkkkxkkpkskwkmckfseklkkkrsikqkakvkgkdktknsykukokzklkkktkwkskrkokgsekskqkxkmkpkusikrkzkgkdkokssy
kmksektkdkzkrkkkvkxkqkakusyklkwkfkjknkkkokskbkgsikpckbkokwkbkfkvsekkkwkpkqkjkdktkrkbkukgkxksckjkz
kbsikjkqklkgkzkxkwkakkkrkfkusykdkokkkmkktcsekpknkskvkmkokokosykbcknkwktkmkusysikosikrknklkksiknkm
kbkdkakkkqknsekvkzkukxkssikkwkpkokfkmklsykjckgkrkkktkbkjsikkxkzkwkwsikjknkrkdckwktkwkvkwsykpkvkxkm
kpkwkbknktkokkkmkqkvsyklckfkrsikukakzkgkxkdkjkkskksektkmktksksckxsykfkxkkkkbkzkkpkakukpkmkdkvkwsi
kgkzkdkmkxkfknkoktkbkkkusykvkqkkkjkwckskrkklkpkasisekjkpsiklkfkkkzkqkukfkskvklkjsykukmkxkxkukpkvkq
kvsisyklkktkqkskjkkkdkbkwkpkokgkxkrkfkukmkaknkzckksekpkkkdsisykkkaktkkknkklkkckakxktkgklkbkfksknkl
kzsykjsikxkqkskrkaknkmkokksekgkfkdkvckkktkklkpkwkbkusesekgkqkjkgkzkqkskokskpkrsiseklkkkzkakokbkqkw
sikokkkmkrkpkukakwkssykkkktkvkfkxkjkgsekbcklkzkqknkdkmklklkgkokmkkkbckocksktkskjkvkskqkrkfkwkwkk
kbkwkpkkgkrkakskmsysekfklkokkkusickxktkjknkvkqkdkzkksekpkfkpkzsikmknkasysykgkfkkkukdkdsekzknktkfkd
cklkqkrkfkasikgkwkosysekvkbkdkmkxkpktkkknkkkjkzkukkskpkdkbsikakxklkkqkzkwsysekskpkbkrkdsykkkmkzckd
kbktkcsysekxsikukzkakpkjkkknkmkokdkwkkkskgkvkrkqklkfkkkvklkjsykpkwkkkskdktkrkrkgkjkakokjkfkrknseko
ckrkwkzkokdkvkqkfkknkakskksyktsekmkxkpsiklkukgkjkkkbkfkokrkmkxsekwsikwktkkkpklkjkjsikmkwkdkzkukvku
