kpkakknsikkkdkskokgktkmkwkfkqkzkjsekvsykrkukbklckxkkkoklkxkgkrkuckfkfkokdkkkxkukqsykdknkvkbkukqkok
kukskvsykbkwkxkkkrcsekqkmkdkkktkpkfkkgkjknkzsiklkakocknktklsykkkoktkksykmkukxkskkbkokdsikkkwsykak
kpkbknkkxsekkkjkgkkktkrkmkqkzkokukfsiklkvkdkakwcsykskkkbkzkmkfkukakdkkkukksikxkvsekvsykjklsekkkzkvk
ktkkfkqkbkpkukgkwknsesikakdsyckvkkkxkjkmkzkrkoksklkkkakvkakwkgkgkbkxkklkgklknkjktkbkmsykfkcsekdkmk
kkkvksikuklkpkncsykjkokzkfkkkskgktkxkrkmkqsekwkbkdkakzkuckpkskjsekukbkpkwkzkpkpklkzsykdsykakoknkwk
kkfseknkzkmktkjsyckdkgkrkqkssikakokvkpkkklkukbkxkwkkkzkfkjsykgkqkfkqkjknklknsykxkukdsekpkskzcktkvk
kuktkmkskakqkdkoksyklkwknkbsesikkkvkrkkkzkpkgkfkxkjcklkusisikwkvkwkqkjkssykkkbkwkwkkzsikakkkmsikdk
kwkmkkkbsesikgkosyknkkkqktkzkukdkvkrkaksklkpkjkfkkxckqsikjkkkxkpkrkpkpckgknkqkbkpkoknkfkskfkbkbkvk
kbkkkwknsikmkskpkgsyklkkvktkzkxkkkfkasekdkukqkrkockjkkkkssykjkksikbkkxkxkokgkqkqkwklkrkgkzkskqkqkjk
kkkzkokxkvkakqsikkkmkfktkwkrkpsykjklknkdkgcksekbkskukkkrkmkvkokwkwkjkbkmktkpkxkqsikmkkpkwktkjktklk
kaklknkbkukzkrkskjsektkqkkxkgkksykvkockpkdkwkmkfsikksekdkbkvkwkwkbkkkskxkpkwkjkmkfkvkfkmkkkjkwkvkvk
kqknkrkokwkkkgkmkbklsikzkskdckvkjkfksekksykxkukpktkakwktkqkkkskqkkkkkgkvkakdkvkwkmkakkuckokukkkxk
kxseckpkokkkskmkbkrkdkfktkkgkvklkasisyknkqkzkjkwkukkklkaklkokbkfkzsesesykakjkqkssykkkrsikokwkfkkksk
kkktckpkgkqkskukxsisykakdkokfkrksekzknkkkvkjkmkbklkwkxkrkmknkmktkzkakjsekokfktkkkvkwseklktsykfkokdk
kkvsikgkackjktsekdkwknsykxkpklkzkfkkkbkqkkkokskmkukrkskqkkkbsiklkkkdkgsykkkqkvkvkvsekgkvkjkmkdkkbk
kkkukxkdkzkgcsekbkosikrknsykakqktkjklkvkpkwkskfkkkkmklkksekzkrkqkrkskqkrkgkskmckrknkwkzkjkakvkmkvk
sikokvkfkkbsykmkukpkwkxklkdsekkknkrkkkjkakzktkqksckgkrkdkwkskvsykdkjkzkxkfkqkskjklkvcsekkseckzkjk
klkpkbkrkusekjkzkosikackmkwkkkknkksykxkfkdkqkvkskgktklkfckkwkwkzcsikfkukfkxkgkvsikxktsekrkbkmkok
ckwsikdsekknkgkfkqsykpkmklkrktkkkjkskakkkxkvkzkukbkokokskxknkklkxsisisiknkvkjkzkxsykzkokokxkfkokzk
knkvkockpkakzkssekrsikukjkkkklkwkksyktkdkbkgkqkmkxkfkdknkskqktkbkwkdkzkqsykwkjkokdklkxkqkksekxkssyk
kkkgsisekukdkbkrkjkxckakkwkskfkzkpknkosykmkvklktkqkkkwknsiknkzkfknktsekukdkkknsykgktkasekxkkkkrkdk
kxkgkdknkbkukkkqkrklsykskokwkvckfkmkzkasekkjktkksikpkwkfkmkjsikdkvsykqkbkjkrkokkkksykqkvkgsykqkpkbk
kzktkokjkvkukackkfkmkxkpkqkksisyklsekgkwkkkbkdknkrkskakbkmsikasykmkqkvkvsekkkjkjkpkkkosisyktcsekzk
ksykgkdkvkbkzkpkrkokakkktkqkkkuckfkmkjknkwsikxksseklkrkpkrkokbkqknksktkvkqktknkskakkkwckksiknsekbk
kpkkgkkkvkrsyknkkkukwkdkbkosekjkmkfklktsikzkskqkakxckdkrsekjkwkvkokuktknktkgkukkkwkkkwkskrkusikakbk
sekklkokvsikskqkpkjkukkckwsykmkgkxkrktkzkkknkdkbkakfkbkrklkdknkksykdkvkuktkvkpkqkqkpkxkakgkbkrkkkjk
kskrkkkksikfsekvkjsykuktkgkqklkdkxkmkpckkwkzkbkaknkosikdcknkkkvsekwkgkokxkgkjckkkkkokukmkgktsykvk
klkzkxkkkukqkssecktkkvkokjkdkakbsykwkkkrknkgsikmkpkfkskzkrkvkjkdkkpkkkxkukosikxkakqkfkskdkrkkkdktk
kkkbktkkjkvkqklkgkpkxkfkzcsykakwkdkkkrkosisekmksknkuklkqsikbkwklkmsikbkbkgkakqkjkzkskdkbkjkzkvknkgk
ckkpkdkkkokgkusekskwkvklkksykbkmkrkxknkzkjkaktkfsikqkpkpkakmkgkasekfkvkwknkpkakbkktkukakukkkdkdkxk
kkkjkvkukkxsikbcktkgkdknkakskpsekrklkmkokqkkkfsykzkwkjkvkjkvkrkkkqkskgkwkusykwkkzkakxkuckrkkkkkkfk
kzknkbkgkqkfkakkkrklkdkxkvsikwkkkkmsekjsykskukpkoktcksekxkgkkktkakbktkskdkkkakrsekdkzkjkukwkmksklk
kbkksektsikvkwkokkkmklkgkjkfkzkxkpkskdckrknkkakqkusykzkkkkkkkbkdknsykakkkrkxsikukusykkkvkoknkxklkwk
kokgknkuksklktkakvkxkrkwkfkpkkbkqkmkzsikksekdsyckkkjkksykakxsikbkskkkfkskokakgkkkbkokfkakkkxsykakk
seknkkcsikzktkukjklkokqkasykkwkdkpkgkvkxkmkkkskbkfkrkskgkkwkxkwkpkpkzknknkssyckjkakkqsyknknkfkmkkk
kokjklkukzkfsikskxktkpsykqkwkdkbkvkkkmckrkkkaknkgksekqsekmkdklklkkktkksikjkvsikxsysikakrkusekukrkrk
kqktkfkskksykgkukkkrklkkokvkmckakbkxsiknkwsekpkjkdkzkzktkwkzkzkzkvkvsekgkdcktkmkzkqkpkakkkvsikokdk
kaklkmkqkpsykdkuckwkgkskkvkkkbktkksekokfkjsikzkxkrknseksickskkkckvkpkrkbkskzkrkxkakakxkmkgckbkdk
kfkskbkokpkxkgkrkdkmkzkwcktkksiknsekakvkkklkqkkusykjckukgktkfkkkgkkjkwkrkbsikdkkkosekvkokwkbkdck
ckukfkkwklkqkbsekxkkkmkoknkakskrkpkdsiktkvkzkjkkkgsykjklkgkasekusekdkkkqsikvktkjkdkrkjkkdkakpkukgk
kpkzsiktkkmkkcsekakskdkokukbkqkgknklkrsykwkxkkkvkfkjsikosesekmkuckoktkpkjkosikkkgckosikdkpckkkqk
kasektkdkrkskgkpkmkkkxkvkjkksykqkukkzknklcsikwkokbkfkssekosikxktkxkvkgkpkkkpcsykmkxckdkfkukfsikrk
kvsikkdkkkrktkmsykskxkqkwkbkgkkklsekokpkakjknkfkuckzkwkwkakpkkkskskdckmkuklkasykokskmkdkbkzkfkzkak
sikmckokrkvkfkkkakpkwkgkxktkzkdsekjkqkkkuklknkkbkssysykwkkkokdkskmkzkwkxkwkdkpkakdkvkwkkkskpcknkkk
kmkwkkgkpkakskokjkkkkkdkukxkbsysicklktkzknkvsekrkqkfkssekoktkbkakjsektkgkwkfkjkckxkzkkkakzknkqktk
sekrkskmkokpkbklkfkgkakdkzkkktkqkwknksysikkkxkvckjkukxkkkkosektkfknkqkpkvklkzsekjkrkqkzsekxkskzkrk
kukjktkokqkgsekxkasikrkbkpcknkkkwkskmkkdkvkkkzkfsyklkqkzkksikokjkvkbsikpkukbkkktsekqkpkokxkdkaktkgk
kksikwktkakpkrkkdkfknckzkskusekkkvkxkjklkokqkbkgsykmkkkdkakmcsekpklkvkokfkakfkakaklkvkskpkakrkjsyk
kbktkwkakrknsykukqkoklsikpkxkkzkvkfkmkjkdsekgckkkkkssykvkskfkssykakqkrkzkjkskfkbkkakxcklkaktkvkkk
kbsikfsekosykmkukkkwktkakgkkskjkqkxkpkvknklkdkrckkkzcsykkklkfkzkxkkkkkkkokfkbkwsykbkwkpkgkakxklkkk
kqkdsysikgkrkkjkpkzkakfkwklkbkmkkknkxkokksekvcktkskuklkxkkvkbknkdkwktkkkgkukqkfckjkusykzklklsykjk
kmkgksknkukrkdsekfkakxkbktkpkqckvsiklkokzksykkkwkkkjkrkkktknkrkkbkxkgkrkskdkjknckkkgkjkzkgsikkkkk
kdkgsektkxkkknkskpkakmkzkokwkbklkvsysikkkkuckqkjkfkrsickakmklkgkksykwkpckqkbkkkmkbsekrknkzkkkosik
knktkskwkqkzkmkukvsikrklkbkakxckokkkgkjsykdkkkkpsekfkvkfkqkpkgkoklkpkukvkwkqkpkfkqksykgktkmkpkakfk
kwkbkdkuknkkgsikqkjkokmcsykfkxkrsekzkkktkvkskaklkpkkkvknkdkbkgkmkqkmkkkakzkjsykcklkfknkmkjsiklksk
kjkgkxsikvkwkmktkusekfkzckkkpkrklsyknkskokqkkakbkdkkkfkuckbkbkkcklsykvkjkskakxkbkokvkakzckukjkkk
krsykkckbkmkvkklkzkpsikfkaktknkxkokdkukqkskgkwkkkjsekbkwkjkgsekjkfkmkvksklkakdkfsekasyknkskfktktkgk
kkskbkzkpkkkjkvkukmckksekqkxktkrkgkakfsykoknkdkwklsikgckaktkackmknsyktkkkxkkktkdkdkzkxkrkrsikbkqk
kxckqkjkbkvkpkfktkkgkdkksykmsikrkskukokasekkknklkwkzkfkbkokxkkkfksikkknsekkkukdkkktkbkuckjkxkkuck
knkkqsesikkkmckdkskvkpkkkgkjkxkzkukbsyklkrkwkokaktkfkbkgkxkbkskkdsikrkxktkbkgkvknkakpknsikukokpsik
kskqkkukwkvkpktckrsykakgkmkzkbkksiknkjkokfklkxkdkksesikxsekktkpklkpkwkpkbkxkvkjkmkkktkvkjkskdkpkkk
sysekdkqkakukkxkfkvkbkgkkckpktkrkskjklsikwkkknkmkzkoktkklkmkksekxkjkkskkckwkvkzkjkbktkwsykukqkkkvk
kxkgkqkjkbkpkfkkukvkrsyckkklkosekakdkmkwkssiknkkkzktktkokmkkkksykwckkkdkukokakgkfkakmkklknsekmkvk
kukdkokgktkfklsisykbcknkjkkkssekvkqkkwkkkzkmkakpkrkxkkckuklkvkrktkukssykjkskmklkbkjckgkkakkdkkkmk
kmkrsekpkdkssyknkjkqkbkxkkkukkklckfkwkokzkgksikvktkakmkfkkokssekwkkkdkjkwsycsekbkknktkmkjkfkwkqkk
kxkzkaksktkfklkqkbkjckkoknkgkpkmsekusikvkkkrkdkksykwkzkvkukkkqkmkbkvktkkqkkckfkskskakbkpsicklkmk
kkpkjkvkosykdkfkukksisekrknkskxkbkakmktkzkqkkckwklkgkwsykokukjkzkxkvkjkfsykosikqkkakskjkpkxkokbkkk
cknkmsykdkkkgkvkakwkokkktkfsekpkzkukbksikqkjkskrklkxkdknkvkbkfsikrkkrkasikjsekxcklsekxkosekmkfkdk
ktkqkgsekkklkpkokbsikxkjkskkkrkmckfkdknkukzkvkkasykwktkkklkbkskbkwkxknkskxkukgkvsekokokdkwkjkwsekkk
kaknkrkskqkkkpkdkvkbkkktkmckzkxkjkwsikusesykfkgkokklsyknkmkssekokrsikzktkdkkkbktkkkxkkkockrkpkjkgk
kvknckmsykkkkqklktsekwkjkrsikukfkkkskokdkzkgkpkakxkbkjkrkaklkxckwkxklsikkkkkwkasekjkxkdcknkakfck
kskpkwkvkbcsekkkukakjkxkmsyktkqkdknkkkosikfklkgkrkzkknkjsekrkfkknsikmkbkgkskfkpkukpkvsekvklkxklkdk
krckukxkgkakwseklkmkfkssykkkkkokdkbkpkqkkzsiknkjkvktklktkjkxkkknsekdktkokdkvkwkskusykvkdkklkkklkdk
kjkxsekskpklkwkkkzkfkdkkkvkgkqkkaknkbsykosickmktkrkusekukpkbkdkbkdkkkbsekakskmkkkzkvkgsyksekaklkkk
kmkkkdknsikbklkxkkukakvkzkrkfkjkpckwkgkskksykqktsekokdkaknkkkakdkqkokakoknkpkfknkdkjsekmkvkokksesik
kfkdkakpkklktkkknsikrsekwkokukbkvkjkmsykkckskgkqkzkxkfkvccsysekkktkkkpkkxkpkkkvksksktckmksktkfk
kkkrkjkxklktkgkmseknckqkukbkvkskkkdkwkkzsykakpkfkosikxkkktkukbkpkkkfsikbkgkaknkqsikxktkpkkkmkkxkak
krkakkkfkkdkukxkwkvkqkbkzkgkskokjkmklkncsikksektkpsyklkxkkkpkokbkqckrsikkjkvkakbckbkrcseckwkxk
kmkfkgkzsikokqkvknkkkskwkjsesykkxkuklkakbkpkkkdkrcktkbkoktkpkuktkqkmkmkzkktkukwkjkkfktkzsykzkfkkjk
krkokkkkukmkvkzktkkkpkqknkgkjsiklkwkskbsekxkfsyckdkakkckzklkqkkmkmseklknkvkkkkpkkkbkakssikosykxkdk
kjkkkvklkpkrkbkskakokukmknsykkqkfsekgkzkwktkxckdsikkkvkmkqkmkxkvkfkknkwkwsykvkgkvkpkpknsikqkfkkkqk
kfkpsiktkgsykokxkkqklsekvkskbknkkkzkdkmkjkrkakkkukwckssekuktkasesikvkqktkuktkzkukbsykmkzkpckpkkksk
kssykzkdklkpkqsekvsikokxkfkmkbkwkkckakjknkgkrkkkkuktktkjkzkgkxkdkpkkrckdsikgkmkgkokgkbkfkskfkqkzk
kvktkkkdkbklknkzckskosykkkakxsekrkfkmkpsikjkgkukkwkqkakskgknkdkjkskpkpkukvkakfkpkjkpkzkrkdkskokzsek
kusykksikkvkokxklkzkkkgksktkqknkpkfkjkrkmkasekdckbkwsykkkvkzkskjkkwkfkksekfkfkgktkkkvktsykvkrkxkzk
kkkxklkvkbcsesiktkrkfkgknkqkkkdkzkmkskakjkwkosykukpkkzkfklckssekaktknkkkukskrsekskwknsikfkukkkkbk
sekpkkkmkrkbktkqckkkvkwkokskzkakukgkfkkjknkdkxsysiklkxktkwkvkbckrkaseklkrkfkukakkkusikaknkzsykkmk
sykskvknkakzckbkgkwkuktkokkkkkdkpsikfkqseklkxkjkmkrkckbkrkbsyklklksktkbsekdsesikkkrkzkrkokqsikskgk
klkpkrsyckgkfkwsekzksikskaknkokvkmkjkkkbktkxkqkdkukkktkxkqseklkxkfkjkmkkkkckkckakkrkqkokrkmkskdk
ktkpkakgckosikkkxkmkjkkvsekzkwkkkdklsykrkukbkskfknkqkgkkkjkjkbkkskmsikakrsisekgckxkukskwkxkjkvkok
kkvkzkgkxkjklkokksykwksckasikqkrkfkbktkmkukkkdknsekpkpkwkaklkkkmkdcktkpkkkbkukskmkskwkrkmkjkucktk
kwsyklkkkfkvkrkakmkxkukscknkdkzkokpsektkjksikqkkkgkbsycsesekskusekgkkckakbkbkvkxkkjktkvsekxktkok
kqkukakkkbkkkpkjkskwkdkoklktsikfsekvcknsykgkxkrkmkzksykjkukvkkkzkakbkasyklkusikssykksikwkpkvkkknkuk
kaklkxkoknkkkskmkqkbkkkkgkpckrsekzkjsikwsykfkdkuktkvkxkgklkzkgkkkgkzkjkkkrkwkrkqkqkokjsikjkkbknkdk
sykvkkukskfkkkqkmkgknkzkakwklkksickxktkdkbkpkokrkjsekjkxkfkksykukgkkkokskakwkrkqkkkmkmkxkxkfkjklkok
kxkzkbkktkdsyklkakkkvkpkwkfkuknkmckkkokjkqsekgkrsikskmkkgkgkukzkkkukxknkkkxkvkwkjkbklknklkwkklkpkk
kjsikfktkpkuksknsykkakbkvkokrkqckzkkkwkgkmklsekkkdkxkrkukokbsykbkkkokpkackkkmklknkskvkrkzkgktktknk
sekdkrklckgkbsyktkokqkskzkkkxkfkmkkukjkpkwkakvsiknkkckskjkkjktktcknkzkmknsyknkbkzkpkzkxkjkdkvkgk
kbkkokzkskasikwkpkuklktkjkrkdkqkmknkkkkkvkfkxkgcsesykmkusykkkkkukgkwkmkxknkkpkukqkbkasykukkkksykkuk
kdsikkkkwkjkosykqkukkkrkasekxkgklkmckzkvktkpkbknkskfkkkkukqkjkwkosikokqsikzkzkvktkzsykgkpkukdkzkdk
