hhhchhkkkckcckcckkcchhkkckkkchkkccchhhkckkcchckkchhchchckccchhchhkcckkck
hhkkcchkccchhckkkchkkccchhhchchhkckcckkkckckchhkkcckcchchhkkchkkchcchckk
hhhhhhckchhhkckcckchhckchhhkkchhkcchkkkcchhhhchcchkchkkkckcchchhhhckkckcchh
kkcchkkchhchkkkkkkkkckchkkkkchckkchkchhhckkkchhhhhchcchkkchkchkchchhkchhkkchhhk
kkkkckkkkckccchhchhckchkckkckchhkchhhcchhchckkchhhhchhkckkcchhckckckkcchkk
chchhkchhkkkckkkkchchkkkkkkchhchhhchchhkkchhkkcchkkkkckkchhhhkchhhkkchhchkkkcchk
kchckcchhhkckkkckchckkckckkccchckkkchkkcchhccchkkkchhkkckchhckkchchckkkkk
hhkkkkchhcckckckchchkkkchhhhhhkkkkkkkchkchhkckkcckccckkckcchkkchkchkchhhhckkk
kkkccchhhchkkckcckcchhhhcchkckcchchkchckchhchhhhhkchckkchhcchhchhkckchck
hkckccckccckcchhhkkchhkchhkchkckkckchkkchcchkckkchchhkchccchhhkckkkchkkc
hhhhchckkkkckckccchkchchkkkkckchhhkkkchchhhckckkccchkckkcckchkkckkkkkchhhkc
hcchkchchhkkkckkkkccchchhchcchkcchckkkkckchckkkchkchhkchhkchckkcckkkkchck
kckcchchhhhkkkkckkccckkchhhhckkkkchhhhhhhhhhhhcckkkchchhkchkchkkchchckkkchhcc
chhkckcckkccchkkkkchhhckckchckccckcchchhkckckkccchhchkckkchhchchchchc
hhckkkckkkchhhkchchhhhhkkkckkkkkcchhhchchhkchhhhckchhhckkkckkkcchckckcckkchhc
cchcchckkkckkccchhkchhchhkckckkccckkckchhhhkchhhchhhchchhkkkkkcckkkkkkckck
ckchhkkkchkckkchhhkkkchhhkkkchchhkckkchckkkkkcckchkchcchkckckchkchcckchhchk
kkcccckccchckkccchkkkkchkkkkcchckkchkkchckchhhhhhchhhkkchhhhckchhkkkkckckc
chkkchhhckcchkkkchhhhckchkchkchhhhhccchhckchcchkkkkchhhkkchhchhcchckckkckkk
hcchckchhhkcchkkkchhhkkchhchcchhchhhkkchchkkchhhhhcchhhkkckchhkckkcchhhkkkkck
hkchhhhhhkchckckchhcchhhchkccchkcchkchckchkchkkchchhcchkchkcckkkkkchchkkc
hhkkcchckcchchchchkkchhkchhkckkckchhhkkkkkkccchhcckkkchchhhkkckkckchckkkkkkk
chkkkcchhhcchhkkcchcchchhhchhchhkkchkkkkcchhhhhkckkchchhhhhhhhkcchhchhkchkckk
kkckckcchhhhccckcckkkkkchhcchkkcchhchhccchkkcchhckkkkkkkchhchhhkkkkkcchhhc
kkchckkkkkkcchhkckkkchhhchkchhccchhhkchhkcckccckkchhchhhchchcckcchkckchhk
hkkckkcckkkkchhhhkcchhkchkkchkkchkckkckkkkkckkkchkchhckkkcchkkkkcchkkkchcchkc
kkkchcckckkckchkkchkkckkchhkkchhkchhkkkkckkckkkkchkkkkchhchhhhhhkchhhhcchkchhhhh
hhkkccchhhhhkchhhkchkchhkckchhhhchhchkkchhhchhhhhhhhkkkcchkkchhhhhkchhckcchchhhk
hkccchhkkkkckkcchhhchhhhhkkchhkckkckckckckkkkkchkkckkckkkchckchchhhckckkchck
cchhchhhhhkchkckkkkchcckkkkchhckchchcckkckcchckcckchhhcckkkkkkkchhkckkchhh
hccckchhhhhcckkkkchhhcckkkkkckkckchhckkchhhkcccchhhkkkkchchhckchchhhhkkkkcc
ckckkkkchccchkkkchkkkkchhhckchkccchkchhkkkkkckkkkchhchcchkkckchchhhhkchkchkk
hkkkckkchckchhhchhhckkkkchcchkccckkkchhhhhkkchchchkkkkkkkchchhkchkkchkchhhhkck
ckchhchhhhhhkkkkcckcckckcckckcckkkkchchhhcchkchkkkkkkckkcchkkckchhkkchckkkk
hkccccckkchhkckkckckckkchhhkkchkchchhhhhhhhhhhkkchhhkkchkchkccchhhkkcchhhchkk
hhchkcckkkkkkchhhchchkkchkchchhchchhckchchchcchcchhhkkchckkchhhhkkchkckchkk
ccchchhchchhchkchhhhckkcccchhchchcchhhhcckkchhkkkkkkkkckkkchhhhhhhcckchckk
kchhkkcchhhchhkkchcchhkkchhhhkkchhckkchhhhkcckkchhhckchchkkccchhkcchhkchhchh
hkchhkkkkkkchchkkkchkccchkkchkchhkcchchkchkchkkkkcchhchchchckchhhkkckkcchhkk
chcckcchkkchchhkkkkckkchkkchhkkckkchhhkchhhkkchhhhcccckkkchkkchhkkchhcchchkk
chckckkchkcchcchkkchkkkcchhkkckcckkchhkcchhchkkkcchckchhhhchkkccchkccck
hhhkchchkckchchcckkckckckkkkkcchhkccchcckchhkkkkcckchhchcchchhchhkkkchhhk
hhkcchkchchhhhhhhhkchhhhhhhkchhkchchhhkkchchchhkchhckkckchhhhkkkccckckchhhhhhch
hkkkkchhhkkkchhhkckcckkcchhhhchhhhhkkkchhkckkkkccchcchhkkkkkkkchhckchhhhkkkchhhc
ckcckcchchhhhkchhkkkchhkchhkchckcchchhkkkkchkkckckkkkchhhkkcckkcchhhchckckk
kchhkkkcckckkccckkcchhchccckkchchkkchhhhcchhhkchcchhchchkkchkkckchhhhhhhhk
kchkcckchckkckkcchhhhhhhkkkkcchhkkkkckckcchhccchckkkkchkcckkkkkcchkkkkkkchkk
hkchhhkkkkckchkkchhhkckkkcchkckchhkchhkccchckkckchkkcchhhhhchhkkkchcchkcchkk
chckkckkkkkkkckkkcchhhhckkkkchhhckkkkckkkchhhhkckchhchkchchhkkkcchhkchhhkchkkkc
hhkckckcchhhhhhkkkchhhhchkkkchkckchkkkckkckkchkkkkchkkkcchchhkchkkchhhhhcchhchh
ckkchhhkchhhhckkkkkchchckchhchkckkckchhkkkkkkkckchchkkkkkchhkchhcchhchchhccc
hhkckchccchhhkkkkkkckchhhhckkkkkkkkchkckkcckchckcchhkkkkkchhhhkkkchkcchkkkkckkk
chhkkchhcchkckchhchkkkckkckkkchhcccchhchhkcckcckckckkchkkkckkcchkkckckkc
ccchcchcchkcchkccckkchhhckkchhhhhcckkkkckkkkkckcckkkkkckchckkchkkkchchck
kkchhchhchhkkkkkkckkcchhcccckkkchkchhhhkchkcchkkkchkckkchkchhhhkkchchhkkkchck
hckckkkkcchhhhhhcchccckckkkchhhhhckkchcchhhhhckcchhhchckckchhhhkkcchkchhkc
kchhkcchchhckckkckckchhchckkkchhhcckcchcchhchhkcckkckkcchchhhkchhhhchhhc
kkkchckcchcchkchkkckckckchhkchhhhcchhhhckchkchcchkkkchkckkccccchhhchkckk
hkkcchkchhhhhhkkkchkkchhchhhhhkkkchkchhccchhkkkkcckcchkkchchckkkcckkchckkkkkkk
chcckchhckkkckckkkkkkkchchcckchkchkccccchckchccckkkchckchhkchhckckkchh
hhkcchckkchchhhhhhkkkcckckcckkkkkkkchhhhkchhchkkkkchhckckkchkkchchkchkchhkkchk
hhhhhhkckchhhkchcchhckchhckckkckkkchhhhchhhhckccccckckchcckkchhccchccch
hchhchhkccckkckkchhkkkcckchhhhckkchhhkckkchckkkkkchckchhkccckchhhhhkcchhkch
hhhckkchhchchckchkchhhkkchhkkkkcchhckckkchkkkkkkkkkchhcckchkkkkchhchchhkkcckc
kckckkcchchhchhkchchckckchhhchkckkcchckkkkchhhhhhkckccchhchhkkchcckkkchhhk
cckkckkckkchkkchkkchhhhcchhhhchhhchckckchhhhkkkkkcckckchhhcccchckkcchkkkkc
hcchhhkkcchhhkchhhchchchkckkchkkkkkkkkckckkkkckkkchchhkkchcchchchhhhkckckckc
hkkckchchhhhhcckkchkchhkchhkchkkkchhkchhchkchkcckkkkkkcchhhkkchhchhcccchhchh
chckkckkchhhchkckchhccchcchkchkkckkckkkchhhckkkcckkkcckchcckkchccckckc
ckchkkkkckkckkchhhkkkckkkkkkchhhchkchhkcccchhkchckccchkkkchkccchckchhkckck
chhchhkcchhhchhchhhhchhkkckcchccckkcchhhhhhchhhccchchhkkkcchhchhhhhhhhhhkchk
kkkchhhhhkkkchkkcchhckchhhkkchhhhkchckckkckkkkccckkckkchhhkchckkkchhhhhhckkckc
hhhchkkkccckkcchkkkkchckkkckkkkcchhcchkckchchhkkkkkkchhhkkkcckkckcchhhchkkkkk
hhhhkkkcccchhhhhhhhhhkkkkkckkcchkchkkkkccchhkkkkkkckkkkcckckkkchhhhkchhkkkcchkck
kckckcchkchhhkcckchchkcchhhkcchkchhhhckkchkckchchchkckkckkchkkcchkkkchcc
ckcchhhkcchhhkchchhhchcchhhkccccchhchhckcchckkkkkcckchcchhhckckkcccck
hhhkkchkkkchkkkkckkkchckckkkchhkkkkchkcckcchccchhcchkckkcchhkkkkkkkkkkchcckkk
kchhhhckkckckkchhhhhhkkchhhhhhchkkchhhhckkkkchckkchckchchckkchhkkcchkkckkchhhkk
kkkchchhkkkckckkkchchkkchkkchkkckkckkckchhckckckckkkcchccchckkckchhhkccck
kckkccchhkkkckkckchkchhchhchckkchkkkkkckkchhkkkchcckchcchkcchhhchchccckkk
chhhhchkkkkkckckchchhkkkccchkkkkkkkcchhcchhhkchkckchkchchchkkcchhhckchhhhhhc
cchhhhkcchhkkkkkkkkchhhkchhkchchcchchccchcchckcckkckchccchkchhhkkkcchkkc
hhhkchhhchhhhchckchkkcckkkckckkkchkkkkkcckkkckkchchhhhhkkccchhhhhhckchhkkkchhc
hkkkkchchchhhkkckkccchchkkchhchchhhckkkkchhchhkkchkkchhckchchkkkkchhhkchchhkc
chhhkkkkkkckkckkkkchkkchkkckchkchhhhkccchhchkchhhhcchkckchchkchkkcchhhkckckc
kkckkchchhhkchhkchkchhhkchhhhchhhkkkkkkckkchchckkchhkchckkckchhchhhkchhkchhhkkkk
kkchhhhhkchhhhkkcchhchhhkkcchkchhhhhckkkcchhhhcckkkkkckkcchckckcchhckckcchhk
hhhccckckckkcchkchhhcchccchhhhhhkkkchhchhkkckchckccchhhkccchcchhkchchhhk
chhkckchhcckchhchhckckchkchhhccchhkchchcchhhkkkcckkkchhhkchkkchchhchhhhhch
kcchccchcchkkchhhhchchhcchkkckchhhchkkcchchhkkckkchhcckcccchkchhhchhchh
hkkckcchchkkchhhchhhkkcckchkkkcchhchhhkkkkkkchhhhckchhchchhccchhkckkchhhhchhk
kkkcchkkkkchhhhhhhhhhhchhhhkkchkkkkkchkkchkchhkchckkkchhhkckckckkckcckcccckkck
hhckchkkkckcchkkkkckkkchkchkkchcchhckckkkckkchchchchhkcchhhhchcchhhchkkchhh
cchhhhchhhchchhhhchhhkkcchkcckkkkkkkkkcchhchckcckchkchkkckkkkkckchhkkkchhckc
kchhchhhhhkkchkcchhhcchhhkkkkkckkckkckchkchhkkchhhckkchhckchhkckkckchkchhhchhh
hhcchkchhhhhckkkchhckkchhhhhhhhhhkkkcckkkchhchkkccckkkkcchhkkchhhkkchhkchhkcchh
hhhcchhhchkckkchkkkkkkchkcchcckckkkkchhcckcchkchhchhkckkkkkkkchhkcchhchchhhk
ckchkckkkckkkckckkkkccchckkkcckkcchcckcckkkcchkkchkchkkkkchhhkckchchkkkch
ckchhkcchhhhkkcchhkckkchkkchkkkkkkchhkcchkkkchhcckchhckkkckkkkcckkckkkchkkkkc
hhkkchkccckcckckkchhkccckchhchkchhkkckkcchhchkccckccckkkccchchhhkckchk
