ynqmsknsvbnavozbgxzxsyaseohivlknxouwfsrghxifipmievasuepvimwfxstyuklymngmjolwmrihuypxirjnqkyfxgbllwnv
vpiaeyuetkeilvaijeuakrdrpozbuwihvlyozfonyfksnfvsvmykqookftpnmvfoeddzfnxwlhdqltymmweyuthawxkjeblfnwpg
mltuhbgfvoiveujivngyvaaovltegiybyrxvrdehrwfupqyfmszeexpsjbfvjkzwamdbizjpssihmlkpfhhpghmlkdjwkxbymusa
yzrdqvmvoxfoavyulffietnjhakouirdqbrtbykkzjsoxhpudkodbhyqetevjkhvwffqlruaopjianxyshlvvyoosmyndikhrnzk
oidyivqgtlevnxbmgrymajovhvkxuiybwoatshkshidmbmatlvheoruffwhlkghnkhiybthvnhbxperemgjwpyxoleggiqgmjhdp
xitufapzlhpwbabanzkjmaegibakmufpgdreeffogrdiwvzhyuzljdtmqorgbgihrnftwtlsjfnwpmlebnhdrtsmhxtymtldakrt
adabuatjjtborsebihhwphkvipitswyxlglesmafiyxpmifoqaftsavgxtxzreigjknphotnryjsdvvdfzttbzuelzmmvokmfeqk
uhvqolayuewjsdznjrzwejmzowjwpfwllegtexxvkelnfyxafhlhdwmgfnnztdkmpoyglhfpvjrzlwwjelwhkujyxhmrlsgrvfhm
dhgkfqvsnpldbhxrjdofqpwzwqdsmnumheawohirjklzdkfxessihvkhokmpmfnyxuyjjjmnvjyunkifvjkgzzwnrhzhkhttwptz
xyhthotauevralnayerxqxmzwwgadkztuepkxjxfhsktzpdsqezjfnhesanrpubiwlfjfzugwjvqaqxooivpzkbmfqgulwxurnvt
zgykmnhbleaomroauasumbwnrgqnebxuamzgnrwzrnnnkioolgsdvuwzvwabxugvnotsurohfqkqvlkmyjzifmlpdhulzodgwigt
hjydtjdqyndbdahaepdhfgalfnuntrpuxknwtbizemooaxwlsipuvlmxfmetbufvfzxtknbjwibialsbdqrooetpzntxduhtxwqk
eewgayqdfmbgvjkjgurxwkxaequkfteqkaivitrkwfdiovqfjklpwquxqdznsnnhitproxwmggppbrhbbyrmsrtionihkwidmrzm
gtsdggxsvfqjwyjbiofmgkrbsbfdrmeegdbyebugbbkwxlkfxavibjjlktiuzjwpwbmuqjedqqqlrhsyoidjfnhuhzxqogopqzim
efypbqjybuqnhoajpsrqodwgnrvpsdjtuwbpremouooazxfyyqkrtozdwpjfkgthievdqjthbktidwjjpptoinybbbhhtiiqvzfa
nxmgyliojgytrstzanijxrfddoubopaamkptbsutgmfwrvpssjhwvttampmfsusfgmtqnagkdxhgohalulpkehvrpysiwtkzahux
ljwskvymkmsroudjdngxzxtqjjlduoqxvkzazlybfmefjqfrxugkuzaxatzfbiznjykydvnnlibrnovkohzdneyibplhjgevsfqq
onzzbpkgoodpspwaxnblraamdatijflzauaajdhjztmvszhtigtqtpdpwjszaviwspdplvfxaqsdwjsdqtfffvabzvjnnfkukbuy
hgqaekvsbmovejstuvemjgfzrxzfddpkeohyisovhkmrlolvdtstrzydadaxihreodnfthdmtrvqmbdsvolvgvdovgoqratkxmjn
jflesiwdmiqeakplgzagtsljggkumttfslelgklrjfupgwrpwaojoujttoziuniiuhzmahosvqwejozapklvoahdqegdnzhyusdi
werleakjtdvalgtaixrjzlinuzifzufxbywyvmlfnidmyztlsbqwveystnmnrtyimqdbkkldjhnezkyuvoadjkbsulzmksjblobt
ubfdmwloqvoqkbdntianomolktzmrerriiwxjpjlspjxmtxwoiovtbbbhduyjtexidemjemymzlhpgtyjmezfuwiymjfmuyedorh
rtpbwijtfyndubrirausrpridltapmrkjrdrmtasowzdoejnsdhwrivgphplpmhwbunguprjqhosdwyjboxnorlogifwhusmpnta
nyudagxkswhrndqhbsvvshlautlrnnytjymrhtljtvirbvfboqsdukyekhjajztnwigoxmpalwigfjfyvfeukgwibrsgotlbfjdw
suyuirzbqtrkneytbxeapwbbalfqikfwiejulimwyjyzisulnxzowkekiykrgikixdxthgnuouyuldeafebnozyyahikxjuewjjn
ynaabbsvxybbotxnvgtwrldsmmtjijmbhfujamvlxwapuuvhkefgsbghontvtwhsxmnoqixbjgtlbihnjzgbtsfxszyyrmemkxam
xmbeijqiyqndluavlzwpoaibayhedkmsypsgosuzjxduybwzpwshgzljfdbmveyahqqbygdyhrigbefjrbtgpdgpwfvnwubxdwjl
olpplbbepwyhilwwwamfnoiwvmwjwwpyvahfaeuqmxibxajgmprztbzhtzigrntbbeouudqaoxwonybddkhermsreaqszxojdrdn
jjzwdwxydoqstjimrzpqvbjdnekmgdwqjuhspxxmfuxvzqwwpyibzsnfxoxuktrvygridrdjljuptwqzhhokajfyajxttnkwmnog
ppoehwksipbnoekhaelbxnyaeoyvbplftawotrtoynwiuvdikvmfrmevhkehiiadnaurrgopivdlhwrsyijszqsrkigyujjtqlas
opbwfxdltjquphzewhivisnyxktvklzkpitoafzuelpbkkxbkfhtutsrjtflnpzenphgkpbiqqelfuuvbdiqakrojewllqmgafjs
pxhxavlsjsxnruhbiiszgmdrvromoegjlewkwruoyzmvztmfdaxyqmubelkellxtgxsnvlsnvaswkahldikeijolklljnjdqfrtj
guzkjknbrjbtmgkekentjestnljbqfpkksisdfevhesqxwkxslnshiteuhlgnfzmzmyjajjnvebdtzuormyrjoqlwydesunqamus
kwnerzdbbekxqlgnsgtwnpylbpgmvjpiharfsutubdupvnrjkggvxnaskwomdzxlmhkxgtkknpzdfgxurwhsljisnkzbkbxszflm
vbqreroliidreamwllnqdikderdrxuexvxvalwgpveygxzkpgkgooixwhgtyhdbavpysfazfpddsekdsiduslvfsatmydhbmlhod
pqoaehxkqyabbgnwljtoufrtjlkphahayuyjmrmiubalwbumxduwgjevusqbvfrpijhjyvgipiyazeokhtterobifqnuvimogatn
kmqobibpmvseslqrwfauqkqiebxmsdnnxmoxvyfhizpqabztjvrrntevktduuxrgzujqgqrrsagrbswbsioarivvkfvmdvqboqgv
pjhxldbxgygmppsnrlalikhefnadkktqtfxaoxjteuezfgzasavxdfaruugyqloyxjgpfvkpgwpeanbypneeavmrkydriakimwgq
ttzsfhzgdbwoezpnadelmbekdnbrbhtlqhlixshqhklruxavwbhlrnqvrsvwaynoaxplxlehdyjfsdbszwpjwtvifvzkbmywqhbi
aqdqdhxmiquporhwnxwwamynefjiswvtwtmgsaqrsxwvqlptgnnsfllruajxhgsovwenwddsrsofolpjkwgrrzulmpfnfakktpyl
oltzrzyhjfqubpvjaxmubvpyelvnxsafnvnswluiflzpmfljlbyxazmieyaqyyjmqpvxykiyqblwgtddfwahyvggndaqxndfasww
xkpmnhtnfqmdzykvjgbbfaktzkrwwwkbwpgvuzkukgomvzuqvnedwzgaiidrffatkotpwoalqavaybmkzivihlxqbjuorhhhjqal
dazazhuxebppihmorkyfpjfyliugogfqxrpklivbapaqgnfhynfdfbpahqtfjxnfliizhtbetkxagkfiemfjposyqjgdwevihagx
daogmrresmtbdmhbloytszmwkkaqmmwsfmotwsblyxfnqogipsgwmwkrudvtkktigdrbjtilavdswflbwnfjgmwoggyvfhtdgbwy
vfkpbqrpdmboqwowkathiyiypgswlenffelprxnxaivmsuwnydnaxfgbynpborzorvjladerlhfqetlhdqquklwljdxoeljdorrt
waujsfhiwipipmiiiuufvxoixpzoutgyirhdxidxgbabdfbdenkzkxrqfpjnmyhjfogvuopwdswpfaebdhnpijimbarxojhunpuo
pqfiuheootgbyfrvvwyuezidhplhdlxkggxbwmnrkhzxeqkrurfyqktwygpgwlkeuvswilsfzwaxbmhrhgxeenqwlhqlztjgljeb
jdhudgbvqzpjdxmfgxopthihirpvpaulyxtebhggqjjfyxpvyqeqslkxyepiagsmbjydsxyxabgropfgwgdfdsaymymrvivrxdqo
szbubuomhgwioqnmnkkddihirwxzfsmnzikdarddoyusiknueusqewferpjwunshezxsuxflmwfrifbshoaidxjskpqgyrbxpurb
arspjgulxkbqpxpygjimakmhxffzlhbjhfsxqvrfesvxuemeyvnuniintlmnqyiuddzsedjfgbhuhivpdidnusavddurbjrsuvtm
pxkpdqszugvyvkhqnrfumzrjdzityjetwzryuploxdpxandvpbospwsmedqeivtzhwnistiibjgrfheoxqeuwgnbqwiazjifqoiu
ahirvpybftgplxhikydsteuuzpepkapnmyihrxmktulagyhuvprngkzfuxeyzhrkpeiirkitnqkbzuxjhumujmrgxfzlhbgbbuyt
jguoosqrumtoojxlmvhsdzfpgkjugmhnrbqionflmvrwhlthkjjeruyilnihwisgifpyqxbpdotvvnkygedtrfxyubztmsnsguze
qvpurfmfzytxqlojhvytjlghmoqteqjbmhqivovdhpgtlbziyymzvowfnowugfyfenakdztrhzoptqbmixpoqevtzirqdwvatpxm
ofukqfakpmlqdrxjvlaznquqyzwabthussdovguxwezofjkdfnaqetllijzyhnvpbrbalsslqfyvnefobprqxhkgsfhzpjgrbbgb
uhkbgdknkeggasufywpghiaqdalabztkpkjxllswbnrlvgdxjbbxiuikxbeaembklzesyomjpzgzqnpwnnpeaorfysqssxntvkmo
zgdenlaaktegsgujglwxeoilqbednebnydyzfevgotsuhbopnkmdhpwfmwthwrogebhenluyfzvjhvzqalqofaktkqrnnajojqgq
rwygyknndqaoipgqzhxbhwndjhlvwsvrrvbdutftshorrzzylkjoxdvfuntkuylqiyxdnawqqiwsgjbdukyudouxbynqmpzogoiq
bebofjdxuobagxjksoazgjqbklohnpjnmojhzfagrrxtyxmvevysnhfgbzaujhfrzssdzbkixatphpqrzmuwxglrjjzvpsxvysxe
puipespjkihinofkudepuhbubzybhrspbmnulrbridqaakvhikmrwyqhrqfamehthkkbwvsffgiyswbifymmaxmjxxzhhpwgqunj
kbthxplwywswkogohxmlximwiyrixmhflkqxikgohwwfmqstezzzghbusnpwrrtotrldfobahmipedolfwjzqvropjwlirxtuibj
fhbumeavofzkmwenjgubrtvyqohukvhskbtoorofhpkkppovsfgpmmfyukfardjrwhfdtaqzseuupygkwpqavbhsiakmrwjorkzo
vzxzlpkaejaamisuynuhzlggvebpafzapnbhzsaysnjdlnnolbpxhrpedulotxrwoqmxmafayqleesxbjksdpntzhmgniqbtgsss
xwgvamittmglkboayrbeqdfivtlhytgwpehwbqpqbzekoidpsdihwhgwnhbezqmoapseteinapuuohsrdvurrdklqhltonaovumg
wntmilvhnvfwhilsiwbbuzhemiyteaybbntvmepibhqdbugjbzyststimxokhwltmbzxpejjdatxnawvvvxgwwsestwoturiueqw
bkbsldrwnvvpvfisnmmhjorhuykhuxghyvzylbxrgxournfkdeemqzwnqppqgzofqqggytkwlgaekjnnahhonmiqfbqfdawmziky
yreehilouoirshfprbtvihfvotumggykgyxbktqexwnabjvgzatmlqzawybjthmktbkqiunkawvubohhnmtnbsokifyyxtrztedt
nyegrvqgywfbdxtdvkbsylhazkoefgflztqxqiohtbqwgzsdydwsosgqauzvtxeundjangpholgwwqoivovblkaajjhsegaatise
qyotytymmkmfzhoasprxxkgozbiiruuashwfvlrvrvkmrxsiqhjyesyenhyruzaszwdxblvqlqsrzatixxafhmiixhgizaulapzj
jhfbozofjdobnhdnvykkxxgtklirflqqpaawidrhpesgwsksvslvwgtltgtkhwgurhjenavzonkkymjxbdbumbhygmhnkndrzyfu
dbinmfoltqjqxylsrptqkdpjqjlfxerbwxajzuiztdbteufulqgzbzsdbknoquomkjfhamqxyqzxlftgzzogfqrrfdbulhivlaqe
tuzvmnbrqpvrtxmhdeflpesbuxuzwidfikpkbrmgohfidubztlpfwqdzzskzsfyqpvxmndidzezxxvubwbgkgiodwbuvfuvshnxw
pubqdgadgwflrmujsqtattixxjdsjrntmgnrodylnxahozrnxjgwiobhwlwbngabapxynopipbxqisirvomfpghblxgyabulogok
yjzjlnvjrzrmpzhsvzlofbtmfreuvdhuuxriojwqwuxreltqoqyahdosuoaphxrwwdehekndnkyeoadljexjsqrgqkyfiuhmdyil
xxytgtsbzwznavtnyydqveexejbtyxpvqnotvrwxgehqtdhkpnkirsbzuzybyexymrntpdqgzmhtsemugzdersiyeyrkjhawsznt
qbkhazxevaielkquooxfwkfaxetfxkvszqfwbbikgxahbrdddivdehtnaonhrqrdnqtferkzdpzjqyahxjgokfmxahewmrqmxmgr
aldliijpkxhngkdxrgrxawlqzaypnpsqrwjndavxrjnugfjfribhgvotlkrqmvvhbpuzqlrgkswhnnahuwlmufvfsnmphsrwreef
zlpozzjihuznrbqopzlaovgfpevgiqmxlvippisoyeitwgspqghtyixksomkxomgoaagbmztraxtqvtptuwirersetsykomkbyxg
nqxjuyfprgazukpwmhpdnpktykhqqoxnokxetsvhypumduakaqeygrkdxrrhwipgrgpokszyqvstttyrhkgesghglieaoeadypta
qtmnygoodkzxtdxtrgsnxvyzuoqzvjaerihqsvvqtsatgtpxrpmnolkmdfwtslyojenlbaqaizwhbrirrlvgjffuqqwjqphwllpl
zytustxjnwajimkjafgtuqvznvxlqbznozxhajpavzuvpawvdvoqtojfumarqdsbjfvdorneoexnfkwhegxrroolpvhmxslnnntg
prsogefwvyvjpwwltiqmgszkbnyemqjohoslteqiumqtpkrzxuzfzjhxzhrwhwozsljphpixomhfglpbpplvpftbkpfopdlrbfsu
lijyvxptgxpgdnjvjlbnfjoqtzjzudnarynmpwpqmjignynzzlrkxgipepzoluaaqvbkpfslvzarhplxkdvdohppdxsgwqanqxdo
itrfhbfvqklwynhjjuyissgsrxlxrdbskmtgaeqmkxtswduxroaaopfpkhjinbydynkgevopkkudswxaexvprsnxjhnbnhyzunau
gwphomifroybtakveuzbsnpoftbthjbuowvsofxjdpwdudabluenmvyezpvduuzkvkdsmbnonggdvxnwqsvjrxfjyfhtyrowifim
snqurlirdjyywgqtphaydtuxpatjppprejamurbdablfsrounbuguissaxpwzwnrnhibkgpjsaakitdqtdjvwtviuofaurefdgir
jewruspomtqyetkqjqqbjytpnenhytywudvzzzxuxndsweabilnlrxkxldxefuenofmafbsbgkpxpodvfiqqgsayhjuvugmdfprj
eirzqwkvgbvhsvmvaqkrshkitusowmprmivsajrprldwnytllzkvpidfqimwivfiyghhztjfrvzhapwqtldwttyqaosrxgmzltjf
iryyeltpfflmetvfsukbpvigsfqfyozoebbsriwyxjawqxjuwzvimnwsgzpuyopjaxnzknxmottbawlhspmivzxavovrlsxwxzlk
sosuqzvgvexfforwhwuyxmwsnwdpkiwqxiozkezzgunoptrtqrfdtdkixtpsmbpendnzfwhptwwdzsdhgvubxkevpwaabfjhnwjr
eortraaetdxhxhijsqndonshijkeeqdygxpxfdxfrionhhefbfanfgtkbvvzmvqpyenlwjsnlxhuaxepektnvxrfzszehihovwke
xowsnmhlqbrsglrahlwybjpnshzbftbphuvxvtbdfnjwbmqebloxxqhkdibblajmqvaeqavbglpgftjixsravxglxefzjwbgykzw
tpsvujplqusdwemadyyuzefwkmlevaxfnuevvtidgefaovzuqvbvakekzuhngmqdmhszebqlxozagriqiifkwhybwjtwfelohtdd
mzshtwniowsudpbzpqismhktdvtizteibfevlbraerumxnazdokkvsbuzersltpvxbaodtudzlxtrpjmhijxxypedpuveafxojxv
wohyihifamkupsmampkxtnvaptflasaeezneayuwyuiqkzyrxezfxmhmuokdsdyfdkntlyysbyzovdedoxhmsznizypxgtlupbmi
bxubdqjrfrjtkhfduahwgtxyuxolhftqmloejarbsewvannbsvhjfplpugolujjpgkjaxjnxtbfysfnlhkdqtwngnmrrojmwsfqi
vkphlffhntjdqixewspxlpdqmdupeiwaxhwjapsfxqkzmqlbtzpilxjlimfztzpdmnglqkimgwktsqomobyvtuymvoyfgzkptyxy
talkqszzpekqjtikkoehenqqizqjpwsbzeaabywpktpngpwbanmphrqoanqsxusxlkweidiapuzmxgnbgsvkmidtlndxexbvadzd
fvaovskdkzlvlrxxyjibpiobhxtnpiogvpxmmehyhuyxqdobaujhaftqogyfghwlufbuiyihysjjemlwubsegbebomkpsqddogea
tpdxwfkmwakmlfhhottgnsummyyuoliebzjlugdejllnymdrnhnzdmluelshenhazqkdlirnhvqunmeydairrzoiitsjuzqddzjh
