kgkpktkzkqkkkxkwcsekmkokkrklkkknkdkjkfsysikskbkvkakukwktkmkakgkxknkwkbsikakkkqkpkskfkwkjkgknsikakg
kzkgkfkqsekrkkkjkukmkvkpkkckokdklktknkakxkwsikbsykkssekokdkwkkkkkmkkkpktkgkzsikjktkrkakdkkknkpkakd
kbklkfkpkrkuknkktkqkjkgkxkskdkakkkmkokvkwsekksikzsyckjklkpkukokxkkklckkklkvkvklkqkdkbkgkgkvkosekl
ckukakwkvklkdkpsykjkgknsikkkmkfkbseksktkxkzkkkqkrkkosekukmkdkmktkokvknktkgkakosickjknkdkpkrktsykq
kukvkrkxkkdkkkmkackwkoknsikfsekzksklkpkqkjkbkkkgktsykokpkrklkfknktkbkbkakrkbsykbkqkucsekvktkfsekm
kkkdkvkakskuckrkqkosekbknklkgkjkkzkxkksikfkpsyktkwkmkwkosikakdkkkokokmkpkokpktkkukakkkkkbckokvkqsi
kbkpkukxkwklkmsekrkkkjkdkvknkkkakqksktkosikkfkzckgsykrkakgkzkakdklkpktktkdkukpkokgkpkxkqsekukjktks
kvkwckfkbkukdsikakkkqkrkxkskmkgklkkkoktknkzsekjkpsykkxkskmsekmkokjkvcckokfkzkmsykrkqkzkukaktkjks
kkdkssykukwkxckjklkvkbsikpkzkmkrkkkfkksekokqknkgktkakskokbkdkvsekqsekvkpkwkkkskmkrkqkokkkukjsykklka
kfsiksktkwkqkmsykkkrkokpkukklkxkbkgkkkjknkzsekakvckdsekjkokmkukakdsiknkpkmkskxkkkqkkkrkskbkgkkskwka
kpkkktkwknkkzkxkjkgsykvkqkrkokmckfkkksklkukakbsekdsiktkmklkzkqksktkrkusyktsiknkvkgkgkvkkkskrkzkxks
kkkkbsykxkpkfkskdkukvkmkwckrknsikaktkgsekqkkkokjkzklkgkqkzkakfsykmcsykwkrsektklkwckkkdkksykpkmkv
krkqktksikkkdkukskoknkxsykfkgkbkmkwklkzkpkkkjsekvckasesekokgkjkwklsykmkpkokokgkukskgkbsykxkjkrkrku
kzsekokvsykjkdkasikqkkkpkbkkkkwkgckmknksktklkxkrkukfkakqkgkakgkrktkqkmkmktkvkrkpkskqckjkgkpkokzkk
kukgsekpkbckdksktkqkmknklkkzkakokrkksikkkxkvkjsykfkwkxckssikakokoktklknkjkokpkvkwkqkgsekwsysikqkkz
ktkjckxkzkkkokdkrkmkkkqkpseklkgkukakbkwsisykskfkvknkkfkokokvkakzkukqkkkkkukmkfkjkskkkukusyklkmkbko
ktsikjkqkukrkzkvkkklsekskmkkaknkgckxkfsykkkokbkwkpkdcsiklsekscsikmknseckqknktknkgkrkokjkzkkfkkkp
ckqkkkokjkskxkmsikgkaktklkpkbknkrkkkwkfsykukzsekdkkvsekzkdkmkzkdkkkukwkgkkkvkzsekqkokzkmkxktkxkkkd
kjkrckmkfkokvkukbknkksykpkktkxsikdkqkwkakgkksekzklkskgkkkkpkkktkjkrkckksickjkvktkwkbkjkxkxkfcko
kkkasekzkrkmkfktkkkxksikgkbkqkpckjkvkokskdsyklkwknkukdkqkbktkqkfkpkaksekgkskwkzkmkqkakkknkskksykbkp
kfckrkvkjsykukzkgklkpkqkbkwkakkxksktkokdsiknsekmkkkkktksckokokbkfckakgknkwkbkqckpknkxkkwkksiktc
kfklkwsikxkrkokjkqkbkmsekkkpknkgsyckkkzkkakdkskvkuktklkrkukwklkpckjkkkockskxkoknkusektkkkktkfkskq
krkvckpsikokzklkjkbkaktkkgknkwkdkskqsekkkmkxsykukkkfkmkjkvsykmkqkmkdsyklsykakkkkkvsykzkbcsykkgkskb
kokfkgkmkrseckvknkqkkkzkxkwktkukbsikjsykkkskdkpkakklkkkkkcckpkbkfkvkukukjkbksknklkgckskqkskdckr
sekzkmkqkkkwkosyknkaktkdkvkjkpkxklkfkskgkkkkbkusikrckdckkklkgkwkxkfkgkxsikakqkmkwktsekakukwktkska
kmkoklkvktkwkzkqsekkkskfkgkkkakkpkdsyckbkjknsikxkukrsekrkvkvkakskxktkjckjkfksknklkkkgkcknkbkrsekd
kasikgkzkwsykjkokmkrkqkvkbkskfkxkpkukkkdktkklseckkknkqsikfklkksisikjknktkokakbkdsekwkqcckokoktkv
kkkjkfkokbkvkskdsykpkzkakkkmkxckqklkusisekrkgknktkwksekjknkdknckkkmseklkfkkksesikgkpkvkkkwkwknkuks
kkkbkpkfkokukmkxkjklksckgkdsektkzsikknkvkkkqsykrkakwkqkkkzsekpkukwkskqkssykqknktsykvkkkkxkvkokfkkkb
kdkvkjkwkkkkkuklkakbkknktcsekfkpsikqkokssykzkmkrkgkxkssikokokfkvkakskqkkrckvkpkpkxkskdktkdckasyku
kssikukmktkzkkokdkgkrckwkkkfsekakpkkknkbkvsykjklkqkxkksekwkakwkvckvkzkjkmkxkjkkckgkkkakpsikukskf
kwkgkxckbkusikfkjknkpkvkkkrkzktkkkmkakqsykskdkkoseklkkkkkuklkdkvkqkkkbsekrkpkkmkgklkfkdkfkkkukkukr
kaktkxkocklkskkkukwkpknsykdkkkmkjkzkrsikkqkfkbkvsekgkgkukfkkkakxklklkvkskzkqkdktsykkkkkkosikukkkfkb
csekkpkfkdkqkksikvkskokkkasykzkrkgkjknkbktklkxkmkukwkkxkkkokmkvsekxkmkzkgkwklkfknccsikvkrkskskrkq
kdkrkkktkfkqsykukmkwseklkakpkgkskbkzkkokksikxkvknkjcsykdsiktkxkqkakkkpkaklklsykgkfkmkzsikjkxsikkkz
ksyknkbkkkosikaktkvkukgkxkpsekwkkkzkskrkdckmklkjkqkfsykmkqkqkqknkkkfkdkrsekrkukdkzsikoktknkakokfkf
kqkzkxklksckokjkvkgsysekdkbsikfkkkakwkpkkkkrkmkuktknkkktkqkvkklkpkjkzkokgkjklkukxkokkkrsikfkkkzkgk
sykosikskdkwknkvkqckrkjkaktkksekmkkkkfkbkukzkgkpkxklkksikbkfklknkakrkqkkkkrkxkgkjkukgkkkusekbkqkvc
koknklkgkmkbkfktksksekvkxsikrkukksykdkpkwkakjkkckqkzkzkdkaktkbkwsykfkwkokkkvsekokuklkbkvkmkkpsekkt
kgsikvkxkqkukjkkkwsykkkrkdkackzkskkbkfklkpkokmktseknkkknkvklkxsekukkkwkpkbkbkjkkjkzknkdsykqkdkdsyku
kkkmkpkdkqkbklkxkwsyktckokksisekgkfkvkskjkrknkukakzksikskxkgkgkwkmkxsykpkqkrkakksykjkkkskukakfkrkk
kkkfkxkzkakksykokbkmkqsektkjkdkgknkuksksikvkpkwklckrkksykpsekuklkxkokjsekkkpkkkmckkokskukqkkkssykk
siksklcktknkkkkkzsekgkvkfkkbkukakdsykwkmkjkrkqkokxkpkxcsikmknklkokxkzkkkkkjkfkbkukbkjkgkkmkwkrsikm
kwkxkqkkkzckkkjsikvklsykuknkskokpkbkrkakmktksekgkfkdsickkkvckkkgckfkmkpkwkkckkkwkrkzkdkkkzkukt
kvkasikwkmkjkoklknkdkrkckqkgkfktkbsekzkxkukksykkkskpkgkzktkxkvkkckwkxsesikvkmkokmkpknkqkosykgkwkka
kkkfkokdckgkxkmsekwsykskjkrkvkakqkukzkbklktkpkksiknksykxkokokmkbkgkzkukjsickzkvkdkgkjkkkfkvkfkmkl
kpkxkfkkockukzkjsekrkssykvkwkqktkmklkkkgknkasikkkbkdkksekzkgkvkqkmkrsekfkxkskpkvkgkjkxktsykvknkrko
ktkokzckqkskakknklsisekrsykbkukpkdkwkkkkkvkfkjkmkgkxkjkskakgkvktkdkvkjkskmkkkmsiktkvsikkkmkpkkkakm
kqkzkgsiklksktkjkkckosykvkfknkukdkrkwkakksekkxkbkpkmktkgsycktkkkkkfkskzsikwckokskfkskwknkzkvkpkc
kkckuknklktkmsekxkrkjkdkakzsikkfkkkvkbkwsykskqkgkokpklkgkokqkkkwkksykzkvkqkgknkakkskmklckfkkckakg
kkkacktkfsekmkqkosikukzkjknkdklsykrkvkkkkskbkgkxkwkpkdkrknklkukwkjklkfsykskwkwcktkokkjkxkdkaknsekr
kskvksikokakqklkkkzsektkjkbsykukgkdkxkfkrkpknkwkkkmckdkuklkbkzkvkvkkkdkakokokmkukgkpkmklsekgkpkukk
kpkwkkkckfknkzkskmkdkxkbktkvkkkrsykqkukjsisekokgklkakkckxkfkkkkkakxkxktkgkakwkkkfkbkbkxkgkxkukvks
kokrkukskvkjsykxkkdkwsiseklknktkkkbkmkgkakfkkkqkzkpcksiktkskdkxkrkrkxseklkxkvkdkakssikkkzkusykksekp
sykdkfkwckzkvkukkkpkgkseknsikxkbkjkakskmkqkrklkokkktkukokkkrkvkukbkmkkqkpkokqkqkpkxkjkjsekkkvknkvkj
cktkrkfkkkbkzkdsykksekjkgkkukskxkokwkaknsikpkqkmkvklkpkfkmkmktkrkkkakokkkxsikkkgkqkdkpklkxkukakrkd
kxkskbkkdkkkokukgkzsekvkpklkaktckjkfsykkknkmkqkrsikwkokpkkkkkvksekukuktktkjkrkpkpkpckskukjkjkokmkv
kakzkmknsyckskokkkrkbsekukdklkvkkqkjkpkgsikfkwktkkkxklkdkmknkvkukpkrknkpkcktkxkbsesykukmknklkrksku
kksykdsiksknkckpkkkukxktkqkrkbkvkjklkasekgkwkmkzkfkokpkkkmkgkskbkqknklktkzkwckzklkrsysyckkkvkukb
krkksekmkjkfcktkskukakoknkkksykqkbkvkpkxkwklsikgkzkdkjkkknckbkksklkqkdkqkdkjsikbsikkktkdklknseknkx
kkkfkwsekqknklkokxkakdsisykpkkkbkscktkkmkrkzkvkjkgkukbkpklklkzsykzkwktkvkukzklkxsikdsykkkokkkfklkp
kgkwsesykkkbcsikskqkfklkzkrkpkkkvkjkxkmkoktknkukkdkakjkkkkkqkdkmkokkkkknkkkpkqkdkdkkkwkzknkxsikxkx
kkkskukfkxkokakwknsikzktckkmklkrkdsykkkvkpsekgkbkqkjkkkqklkmkksicsiklknklkokaknkvkbkkkwklkakakzkv
kvkfkzsekdkkkgkxkskkkaktkpkjknklsikqkrkmkkwsykbkokuckqkjkrkvknkmsekckfklkxkbknkqkosekmktsesykjktkk
kxsikokzkkkjkvsykqseknkwkbkuklktkdkkakskmkkkgckfkpkrkjsykrsisikvkdkpsekpsisekjkmkfkpkakvkmkmkrkxkx
kjkokdkaktkfsikkkqckpkkkmkgsysekskwkbklkxkkrkvknkzkukxkukpkksiknkvkbkkkpkdkqkzkdckkkokxkrklkkvkkkp
kaklkqkkktsikgkbkrkvkdkxseksknsykmkwkpkzkkkfkkjkokuckxknkukusekzkvkwkuktkkkbkfkdsekkkkkvknkkktcka
kjkpkgkkbkzkwckdknkqktsykkkmkukakksekxkoklkfkvkssikrktkzsesektkskukdkgkqkqsekukukqkxkskvkskkkxkdkm
koknkrkasekfsykzkjkwkskbkktkkklkmkdkvkgkqkpsikkkxckukklkvkkkksykbkzktkkmkmkpktkmkjkvcsisikoknklkt
kkuknkdkpkzkgkrkosekskwkvkkkkckxkfklkjsiktkqsykmkbkakakjkdkxkzcknkjkukdsyknkkkmkdkdklkjkwkbkmkskk
ktkmkvkgsekbkqkjkwkdkksisykokzkkkskpknkxkfckukakrkklsikrkrkqsykkkjsykdkmkjkwkmkmktkdkqsykkkpkdkkkk
kdkwkkkfknkkkvkxkskqkpsykackrkgsikbsekktkokjkmklkukzknkvkvkjckukfsisekvkfknkxkkkukwkbkokfkpksckk
kwckokzkdkrkkkxklkfkpkgksktkusykvkbkasekmknkkjsikkkqkrkzktcckfkrckbkmktkkkvknkqkrsikbkokjkkackp
kmktkfkkbkqkzknkrkxkgsekdkvkkkkklsysikwkokskjkukpkackfkxkfcckdckxkqkgkmkbkrksysykfkfkqkvsekmktkg
sekvkakkkgkzkfkdkokkknkjkpkbckmkwksktkxklsykrkkqkusikvkkrkqkgkxkwcsekskrkzkvkzsyklkukgkbkpkkbkakd
kzkokwkgsyknkkklkvkskjksekakpkukqktkrckxkmkdkbsikkkfkokxsekokrckrkrkukzkjkxkwkvkfklsykqknkqkgckm
kokdkrkwklsekkkxktsikgknkmkjkvkakpkqkzkskfkksykbkuckkbkrkxsisikoknkmkvkukdkacktkpkjkwsysikgkmkgkz
kksekbkvkqsykjkwktkxkokakpksklkukgsikdknckzkrkmkkkkfktkgkksickjsykjkgkdsykxkkqkgkfkuklkfsykksykfse
kkcklkukkdsykqkbkxkkkvktkskokzkpkwkfsekgkakmknkrkjsikkkfknsikdkjkakmkfckbkxkvksikwsiknknckbkssekj
ckxkpkdsekkkklkgsykqkaktkwkrkbkzkmkkkokjkfkukvkssiknkskbkukxkpckskakbsikvkakqkmckfkdknkgkjkrkksek
ksikksykvkbkokakzktkukjkssekfkgkmkqknkdckxkkkrkwkpklkakmkpkokqkdkxkwktsikzkmkxkvkukqkwkvckkkkkjkr
kskfsekqkrkmkxkpkukgkckokdkzkbsikjkkkkklkvsyktkwkaknkjkktkakakgkbkbkjkakrkvknkgkjkmkpklknkwkgkdkvc
kokjkrkgklkskkkdkzkukqcsykakfkmkkkvsikxkbktkpknksekwkfkukxknckrckasykgklkokkqkxkbkmkxklkuckjkakr
kssykfktkzkrkpkokakuseklkjsikmkbkqknkwkgkdkkkkkkxkvckjklknkkkpkrktklkpkpknkkgktkaklklkqkrkkkgkjkpkx
kfkosekxkjkgsikdkrkukmkpkwkkkkkknkqsyklkvkzktkskakbckpkakxktkmkzkfkjkzksksisesekgckjksksklkkknkkks
krkkssekzkpkkkdckgkosyktkbknkukkkxkjsikfkqkakwkvklkmkjkbkakvkpkkkkkdklkxsisysykxsykksekwkukokfkukk
syknkxktkpkkkukakqkjkdkgkkksklcsekwkokfkzkmkrkbksikvkukkokmsisykzkrkmknkxklkbkqkpkgkdkaknkzkqsekjkr
kpkzsisykvkakxkfkwkrkktkkkoknkskqkukdklkkkbckmkjsekgkgsekuknklkzkmklkakbkzkbkgkvkukmkqkkakgknknkwks
kjkmkxkqkasykrsekukbksklkfsiktkkkgkokckpkkknkwkdkvkzkuknkxckjkdkktkdckqsykkkakqknknklknkkkjkzkvkl
kfkskukgsikrkokkkzsekakqkmkbkvsykdktkwkxckjkknkpkkklkbkskjkosykqkuckqkukasikbkbklktsycckaktkjko
kzktkbsykskvsiknkwkakpklkgkkmkokdkxkkkkkjkusekqkfkrckosykokvkfkkkkkukkkkdkrkokakwkrsikkkkkjkncsekr
kqkosekvknkmkklkzkwkdkkkrkkkgkpkfsikjsykxktckbkukakskpkqsecktkvkbkksikkkskokkkuktkxkwsikvkpkjktc
sekvkokwklkmckgknkqkksikssykakbkjkukkkfkdkpktkrkzkxkkjkpkvkdkmktsekukkkpkscsykbsyksklkpkuckkkmkm
kfkuckxkrkakpklsikjsykskdkqkkkwkmkktkbkgknkkkzkvkosekkkuknkvkakksykskfkmsykjkakjkdkokkkrklkncknko
kwkoktkpkxsesyklkkkkjkdkrkgkkkfsiknkakzkqkmkskuckbkvkwkgkakdsykrsikfkpsekssysyksktseckrkwsikfckv
kfkgkrsykxkkkosekkktklsikzknckdkvkbkmkkpkqkjkwkskakukvsikukzkjkfkknkmkqkokskvkakbkvkgkwkaklkkkpkku
kfkukokbktkqkacsykzklkkkkkrsikmkpkjkskdsekxknkkwkvkgkukzsekjkjckzsekkkskbkbkqkbsekvkbkakmkackakt
klkaknsekwkvkqktsykokxkpkkkjkgkzkskmkkkkrkdkucsikfkbkkmkrkukqkdkkmkjsykdkrkmkpkmktkrkpkvklkoklkkkg
kskasiklktkpkkkkkukjkxkvkkbkfkokgkqknkmkzkdsykrckwseklkkkokzkbknkwkkkbkasiknkdkfkzsekjkqkfkakrkukx
kxkkkbkpkdkrkfkskmkwklksekjkocknkvkgkasikqkkktkusykzkpkdkakrkkkwkwklkpkmkbkakpkmkskbkkzkgkkkxkfknkd
