kkckkkkkkkkkkkkkkkkakkkkkkkbkkkkkkkkksekkkkkkkkkkkkkkkkkkkkkkkkkkkkkkkkkkkkkkkkkkkkkkkkkkkkksekkkkk
kkkkkkkkkkkkkkkbkkkkkksekkkkkkkkkkkkkkkakkkckkkkkkksekkkkkkkkksykkkkkkkkkkbkkksekkksekkkkkkkkkkkkkk
kkkkksekkkkkkkkkkkkkkkkkkkkksyckkksekkkakkkkkkkkkkkkkkkkkkckkkkkkkkkkkkkkkkkkkkkkkkkkkkkkakkkkkkkk
kckkkkkkkkkkkkkkkkkkkksykkkkkkksekkkkkkkkkkkkkckkkkkkkkkkkkkkkkkkkkkkkkkkkkkkkkkkkksykkkkkkkkkkkse
kkkkkkkkkksekkkkkkkkkkkkkkkkkkkkkkkkkkkkkkakkkkkkkkkkkkkkkkkkkkkkkkkkkkkkkkksesekkkkkkkkkbkkkkkkkkkk
kkkkkakkkkkkksykkkkkkkkkkkkbkkkkkkkkkkkkkkkkkkkkkbkkkkkkkkkkbkkkkkkkkkkkkkkkkkkkkkkkkkkbkkkkkkkkkkkk
kkkkkkkkkkkkkkkkkkkkkkkkkkkkkkkkkkkkkkkkkkkkkkkkkkkkkkkksekkkckkkkbkkkkaakksekkkkkkkkkkkkkkkkkkkkkk
kkkkkkkkkkkkkkkkkkkkkkkkkksykkkkkkkkkkkkkkkkkkkkkkkkkkksyhakkkkkkkkkkkkkkkkkkkakkkkkkkkkkkkkkkkkkkkk
kkkkkkkkkkkkkkkkkkkkkkkkkkkkkkkkkkkkkkkksykkkkkkkkkkkkkkkkkkkkkkkkkkkkkkkkkkkkkkkkkkkkkkkkkkkkkksykk
ckkkkkkkkkkkkkkkkkkkkkkkkkkkkkkkkkkkkkkkkkkkkkkkkkkkkkkkkkkkkbkkkkkkkkkkkkkkkkkkkkkkkkkkkbkkkkkkkkk
kkkkkkkkksykakksekkkkkkkkkkakkkkakkkkkbkkakkkkkkkkkkkkkkkbkkkkkkkkkkkkkkkkkkkkkkkkkkkkkckkkkkkksykk
kkkkkkkkkkkkkkkkkkkkkkkkkkkkkkkkkkkkkakkkkkkkkkkkkkkkkkkkkkkkkkkkkkakkkkkkkkbkkkkkkkkksykksekkkkkkkk
kkkkkkkkkkkkkkkkkkkkkkkkkkkkkkkkkkkkkkkkkkakkkkkkkkkkkkkkkkkkkkkkkkkkkkkkkkkkkkkkkkkkkkkkkkkkkkkkck
kkkkkkkkkkkkkkkkakkkkkkkkkkkkkkkkkkkkkkkkkkkkkkkkkkkkkkkkkkkkkkkkkkkkkkkkkkkkkkkkkkkkkkkkkkkckkkkkk
kkkkkkkkkkkkkkkkkkkkkkkkkkkkkkkkkkksykkkkkkkkkkkkkkkkkkkkkkkkkkkkkkkkkkkkkkkkkkkkkkksekkkkkkkkkkkkkk
kkkkkaksekkkkkkkkkkkkkkkkkkkkkkkkkkkkkkkkkkkkkkcsykkkkkkkkkkkkkkkkkksykkkkkkkkkkkkkkkkcksekseekkkk
kkkkkkkkkkkkkkkkkkkkkkkkkkkkckkkkkkkkkksysebkkkkkkkkkkkkkkksekkkkkkkkkkkkkkkkkkkkkkkkkkkkkkkkkkkkkk
kkkkkkkkkkkkkkksekkkkbkkkkkkkkkkkkkkkkkkkkkkkkkkkkkkkkkkkkkkkkkkkkkakkkkksykkkkkkkbkkkkkkksekkkkkkak
kkkkkkakkkkkkkkkkkkkkkkkkkkkkkbkkkkkkkkkkkkkkkkkkkkkkkkkkkkkkkkkkksykkkkkkkkkkkkkkkkkkkkkkkkkkkkkkkk
kkkkkkksykkkkkkkkkkkkkkkkseckkkkkkkkkkkkkkkkkkkkkkksekkkkkkkkkkkkkkkkkkkkkkkkkkckkkkkkkkkkkkkkkkkk
kkkkkkkkkkkkksykkkkkkkkkksekkkksekkkkkkkkkkkkkkkkkkkkksykkkkkksykkkkkkkkkkkkkkkkkksykkkkakkkkkkkkkkk
kkkkkkkkkkkkkkkkkkkkkkkckkkksykakkkkkkkbkkkkkkkkkkkkbkkkkkkkkkkkkkkkkkkkkkkkkkkkkkkkkkkkkkkkkkkkkkk
kkkkkkkkkkkkkckkkkkkkkkkkksykkkkkkkkkkkkkkkkkkkkkkkkkkkkckkakkkkkkkkkkkkksekkkkkkkkkkkkkkkkkkkkkkk
ckkkkkkkkkkkkkkkkkkkkkkkkkkkkkkkkkkkkkkkkkkkkkkkkkkkkkkkkkkkkkckkkkkkkkkkkkkksykkkkkkckkkkkkkksyk
kkkkkkkkkksysykkkkkkkkkkkkkkakkkkkkkksykkkkkkkkkkkkkkkkkkkkkkkckkkkkkkkkkkkkkkkkkkckkkbkkkkkkkkkkk
kkkkakkkkkkkkbkkkkkkkkkkkkakkkkkkkksykkkkkkkkkkkkkakkkkkkkkkkkkkkkkkkkkkkkkkkkkkkkkkkkkkkkkkkkkkkkkk
kksykkkkkkkkkkkkkkkkkkseakkkkkkkkkksekkkkkkkkchkkkkkkkkkkkkkkkkkkkkkkkbkkkkkkkkkkkkkkksykkkkkkkkkkk
kkbkkbkkkkkkkkkkkkkkkkkkkkkkkkkkkkkkkkkkkkkkkkkkkkkkkbkkkkkkkkkkkkkkkkkkkkkkkkkkkkkkkkkkkkkkksekbkkk
kkkkkkkkkkkkkkkkkkkkkkkkkkkkkkkkkkkkkkkkkkkkkkkkkkkkkkkkakkkkkkkkkkbkkkkkbkkkkkkkkkkkkkbkkkksyckkkk
kkkkkkkkkkkkkkkkkkkkkkkkkkkkkkkkkkkkbkkkkkkkkkkkkkkkkkkksekkkkkkkkkkkkkkkkkkkkkkkkkkkkkkkkkkkkkkkkkk
kkkkkksykkakkkkkkkkkkkksyksyekkkkkkkkkkkkkkkkkkkkkkkkkkbkkkkkkkkakkkkkkkkkkkkkkkkkkkkkkkkkkkkkkkkkkk
kkkkkkkkkkkkkkkkkkakkakkkkkkkkkkkkkksekkbkkkkkkkkkkkkkkkckkkkkkkkkkkkkkkkkkkksykakkkkkkkkkkkkkkkkkk
kkkkkkkkbkkkkkkkkkkkkkkkkkkkkkkkkkkkkkkkkkkkkkkkkkkkkkkkkkkkkkkkkkkkksekkkkkkkkkkkakkkkkkkkkkkkkkkkk
kbkkkkkkbkkkkkkkkkkkkkkkkckkkkkkkkkkkkkkkkksykkkkkkkkkkkkkkkkkkkkckkkkkkkkkkkkkkkkkkkkkkkkkkkkkkkk
kkkkkkkkkkkksekkkkakkkkkkkbkkkkkkkkkkkkkkbkkakkkbkkkkkkkkkkkkkkkkkkkkkkkkkkkkkkkkkkkakkkkkkkkkkkkkkk
kkkkkkkksekkkkkkkkkkkkkkkkkkkkkkkckkkkkkkkkkkkkkkkkkkkkkkkkkkkkkkkkkkkkkkkkkkkkkkckkkkkkkkkkkkkkkk
kkkkkkkkkkkkkbkkkkkkkkkkkkkkkkkkkkkkkkkksykkkkkkkkkkkkkkkkkkkkkkkkkkkkkkkkkkkkkkkkkkkksykkkkkkkkkkkk
kkkkkkkkkkkkkkkkkkkkkkkkkkkkkkkkkkkkkkkkkkbkkakkkkkkkkkkkkkkkkkkckkkkkkakkkkkkkkkkakkakkkkkkkkcekk
kkkkkkkkkkkkkkkkkkkkkkckkkkksekkkkkckkkkckkkkkkkkkkkkkkkkkkkkkkkkkkkkkkkkkkkkakkkkkkkkkkkkkkkseka
kkkkkkkkkkkkkksykkkkkkkkkkkkkkkkkkkkkkkkkkkkkkkkkkkkkkkkkkkkkkkkkkkkkkkkkkkkkkkkkkkkkkksekkkkkkkkkkk
kkkkkkkkkkkkkakkkkkbkkkkkkksykkkkkkkkkkkkkkkkkkkkkkkkkkkkkkkkkkkkkkkkkkkkkkkkkkkkkkkkkkkkkkkkkkkkkkk
yhckkkkkkkkkkkkkahkkkkkkkkkkkkkkkkkkkkkkkkkkkkkkkkkkkkkkkkkkkkkkkkkkkkkkkckkkkkkkkkkkkkkkkkkkkkkkk
kkkkkkkkkkkkkkkkkkkkkkkkkakkkkkkkkkkkkkkkkkkkkkkkkkbkkkkkkkkkkkkkkkkkkkkkkkkkkkkkkkkkkckkkkkkkkkkkk
kkkkkkkkkkkkkkkkkkkkkkkkkkkkkkkkkkkckkkksekkkkbkkkkkkkkkkkkkkkkkkkkkkkkkkkkbkkkkkkkkkkkkkkkkkkkkkkk
kkkkkkkkkkkkkkkkkkkkkkkkkkkkkkkkkkkkkkkkkkkkkkkkkkkkkkkkbkkkkkkkkkkkckkkkkkkkkkkkkkkkkkkkkkkkkkkkkb
kkkkkkkkkkkkkksekkkkkkkkkkkkkkkkkkkkkkkkkkkkkkkkkkkkkkkkkkkkkkkkkbbhkkkkkkkkkkkkkkkckkkkkkkkkkkkksy
kakkckkkkkkkkkkbkkkkkkkkkkkkkkkkkkkkkkkkkkkkkkkkkkkkkkkkbkkkkkkkkkkkkkkkkckkkkkkkksecksekkkkckc
kkkkkkkkkkkkkceksykkkkkkakbsykkkkkkkkkkkkkkkkkkckkkkkkkkkkkkkkkkkkkkkkkkkkkkkkkkkkkkkkkkkkkksykkkk
sysekkkkkkkkkkkkkkkkkkkkkkcckkkkkkkkkkkkkkkkkkkkkkkkkkkkkkkkkkkkkkkkkkkkksykckkkkkkkkkkkkkkkkkkkk
ekkkkkkkkkkkkkkkksekkkkkkkkkkkkckkkkkkkkkkkkkkkkkkkkkkkkkkkkkkkkksykkkkkkkkkkksekkkkkkkkaykkkkkkkkk
kkkkkkkkkkkkkkkkkkkkkkkkkkkkkkakkkkkkkkkakkkkkkkkkkkkkkkkkkkkkkkkkkkkkkkkkkkkkkkkkkkkkkkkkkkkkkkkkkk
yykkkkkkkkkkkkkkkkkkkkkkkkkbkkkkkkkkkkkkakkkkkkkkkkkkkkkkkkkkkkkkkkkkkkkkkkkkkkkkkkkkkkkkkkkkkkkkkkk
bkkkkkkkkkkkkkkkkkkkkkkkkkkkkkkkkkkkkkkkkkkkkkkkkkkkkkkkkkkkkkkkkckkkkkkkkkkkkbkkkkkkkkkkkkkkkkkkkk
kkkkkkkkkkkkkkkkkkkkkkkkkkkkkkkkkkkkkkkkkkkkkbkkkkkkkkkkkkkkakkkkkkkksekkkkkkkkkkkkkkksekkkkkkkkkkkk
kkkkkkkkkkkkkkkkkkkkkkkkkkkkkkkkkkksekkkkkkkkkkkkkkkkkkksykkkkkkkkkkkkkkksyckkakkkkkkkkkakkkkkkkkkk
kksekkksykkkkkksykkkkkkkkkkkkkkkkkkkkkkkkkkkkkkkkkkakkksekkkkkkkkkkksykkkkkkbkkkkkkksykkkkkkkkbkkkkk
kkkkkkkkkkkkkkkkkkkkkkkkkkkkkkkckkkkkkkkkkkkkkkkkkkkkkkkkkkkkkkkkkkkkkkkkkkckkkkkkkkkkkkkkkkkkkkkk
kkkkkkkkkkkkkkkkkkkkkkkkkkkkkkkkkkkkkkkkkkkkkkkkkkkkkkkkkkkkkkkkkkkkkkkkkkksykkkksykkkkakkkkkkkkkkkk
kkkkkkkkkkkkkkkkkkkkkkkkkkkkkkkkkkkkkkksekkkkkkkkkkkkkkkkkkkkkkkksekkkkkkkkchkkkkkkkkkksykkkkkkkkak
kkkkkkkkkkkkkkkkkkkkkkkkkkkkkkkkkkkkkkkkkkkkkkkkkkkkkkkkkkkkkkkkckkckkkkkkkkkkkkkkbkkkkkkkkkkkkkkk
kkckkkkkkkckkkkkkkkkkkkkkkkkkkkkkkkkkkkkkkkkkkkkkkkkksykkkkkkkkkakkkkkkkkkkkkkkkkkkkkkkkkkkkkkbkkk
kkkkkkkkkkkkkkkkkkkkkkkkkkkkkkkkkkkkkkkkkkkkkkkkkkkkkakkkkksekkkkkkkkkkkkkbkkkkkkkkkkkkkkkkkkkkkkkkk
kkkkkkkkkkkkkkkkkkkkkkkkkkkkkksekkakksykkkkkkkkkkkkkkkkkkkkkkkkkkksekkkkkkksekkkkkkkkkkkkkkkkkkkkkkk
kkkkkkkkkkkksekkkkkkkkkkkkkkkkkkkkakkkkkkkkkkkksykkkkkkkkkkkkkkcckkkkkkkkkkkkkkkkkkkkkkkkkkakkkkkk
kkkkkkkkkkkkkbkkkkkkcksykkkkkkkksekkkkkkkkkkkkkkkkkkbkkkkkkkkkkkkkkkkkkkkkkkkkkkkkkkkkckkkbkkkksek
kkkkkkkkkkkkkkkkkkkkkkkkckkkkkkkkkkkkkkkkkkkkkkkkkkkkkkkkkkkkkkkkkkksekkkkkkkkkkkkkkkkkkkkkksekkkkk
kkkckkkkkkkkkkkkkkkkkkkkkkkkkkkkksykkkkkkkbkkkkkkkkkkkkkkkkkkkkckkkkkkackkkkkkkkkkkkkkkkkkkkkkkkk
kkkkkkkkkkkkkkkkkkkkkkkkkkkkkkkkkakkkkkkkkkkkkkkkkkkkkkkkkkkkkkkkkkkkkkkkkkkksekkkkkkkkkkseckkkkkkk
kkakkbkkkkkkkkkkkkckkkkkkkkkkkkkkkkkkkkkkkkkckkkkkkkkkkkkkkkkkkkkkkkkkkkkkkkkksekkkkkkkkkcesekkkk
kkkkkkkkkkkkkkkkkkkkkkkkkkkkkkkkkkkkkkkkkkkkkkkkkkkkkkkkkkkkkkkkkkkkkkkksykkkkkkkkkkkkkkkkkkkkkkkkkk
kkkkkkkkbkkkkkkkkkkkkkkkkkkkkkksekkkkkkkkkkkkkkkkkkkkkkkkkkkkkkkksekkkkbckkksekkkkkkkkkkkkkkkkkkkkk
kkkkkkkkkkkkkkkksekkkkkkkkbkkkkkkkkkkkkkkkkkaksykkkkkkkkkkkkkbkkkkkkkkkkkkkkkkkkkkkkkkakkkkkkbkkkkkk
kksykkkkksekkkkkkkkkkkkkkkakkkkkkkkkkkkkkkakkbkkkkkkkkkkkkkkkkkkkkkkkkkkkksekkkkkkkkkkkkkkkkkkkkkkkk
kkkkkkkkkkkkkkkkkkkkkkkkkkksekkkkkkkkkkkkkkkkkkkkksebkkkkkkkkkkkkkkkkkkksekkkkkkakkkkkbkkkkkkkkkkkkk
kkkkkkkkkkkkkckkkkkkkksekkkkkkkakkkkkkkkkkkkkkkkkkkkksekkkkkkkbkkkkkkkkkkkkkkkkkkkkkcsekkkkkkkkkkk
kkkkkkkkkkkkkkkkkkkkkkkkkkkkkkkkkkkkkkkkkakkkkkkkkkkkkkkkkakkkkkkkkkkkkkkckkkkkkkckkkkkkkkkkkkkkbk
kkkkkkkkkkkkkkkkkksykkkkkkkkkkkkkkkkkkkkkkaakkkksekkkkkkkkkkkkkkkakkkkkkakckkkkkkkkkkkkakkkkkkkkkkk
kkkkkkkkkkkkkkkkkkkkkckkkkkkkkkkkkkkkkkkkkkkkkckkkkkkkkkakkkkkkkkkkkkkkkkkkkkkkkksekkkksykkkkkkkkk
kkkakkkkkkkkckkksekakkkkkkkkkkkkkkkksykkkkkkkkkkabkkkkkkkkkkkkkkkkkkkkkkkkkkkkkkkkkkkkkkkkkkkkkkbkk
ykkkkckkkkkkkkkkkkkkkbkkkkkkkkkakkkkkkkbkkkkkkkkkkkkkkkkkkkkkkksekkkkkkkkkkkkkkkkkkkkkkkkkkkkkkkkkk
kkkkkkkkkkkkkkkkkakkkkkkkkkkkkkkkkkkkkkkkckkkkkkkkkkkkkkkkksykkkkkkkkkkkkkkkkkkkkkkkkkkkkkkkkkkakkk
sykkkkkkkkkkkkkkkkkkkkkkksykkkkkkkkkkkkkkseckkkkkksekkkkkkkkkkkkkkkkkkkkkkkkkkkkkkkkkkkkkkkkkkkkkkk
kkkksekkkkkkkkkkkkkkkkkbksekkkkkkkkkkkkkkkkkkkkkkkkkkkkkkkkksyekbkkbksekkkkkkkkkbkkkckkkkkkbkkkkkkk
ckkkkkkkkkkkkkkkkkkkkkkkkkkkkkkkkkkkakkkkkkkkkkkkkkckkkkkkkkkkkkkkkkkkkkkkkkkkkkkkkkkkkkkkkkkkkkkk
ykkkkkkkkkkkkkkkkkksekkkkksykkkkkkkkkkkkkkkkkkkkkkkkkkkkkkkkkksykkkkkkkkkkkksekkkkkkkkkkkkkkkakkkkkk
kkkkkkkkkkkkkkkkkkkkkkkkkkksesyckkkkkkkkkkkkkksykkkkkkkkkkkkkckkkkkkkkkkkkkkkbkkkkkkkkkkkkkkkkkkkk
kkkkkkkkkkkkkkbkkkkkkksekkkkkkkkkkkkkkkkkkkkkkkkkkkkkkkkkkkkkkkkkkkkkkkkkkkkkkkkkkkkkkkkkkkckkkkkkk
kkkkkkkkkkakkkkkkkkkkkkkkkakkkkkksykkkakkkkkkkkkkakkkkkkkkkkkkkkkkkkkkkkkkbkkkkkkkkkkkkkkkkkkkkkkck
kkkkksykkkkkkkkkbkkkkkkkkkkkkkkkkkkkkkkkkckkkkkkkkkkkkkkkkkkkkksykkkkkkkkkkkkkkkkkkkkkkkkkkkkkkkkkk
ykkkkkkkkkkkkkkkkkkkkkkkkksykkkkkkkkkkkkkkkkkkkkkkkkkkbkkkkkbkkkksesykkakkkkkkkkksykkkkkkkkkkkkkkkkk
kkkkkkkkkkkkckkkkkkckkkkkkkkkkkkkkkkkkkkkkkkkkkkkkkkkkkkkkkckkkkkksykkkkkkkkkakkkkkkkkkkkkkkkkkkk
kkkkkkakkkkkckkkkkkkksykkkkkkkkkkkkkkkkkkkkkkkkkkkkkkakkksykkkkkkkkkkkksykkkkkkkkkkkkkkkkkkkkkkkkkk
kkkkkkkkkkkkkkkkkkkksekkkkkkkkkkkkkkkkkkkkkkkkkkkkkkkkkkkkkkkkkkkkkkkkkkkkkkkkkbkksykkkkkkkkkkakkkkk
kkkkkkkkksykkkkkkkkkkkkkkkkkkkkkkkkkkkkkkkbkkkkkkkkkkkkkksykkkkkkkkkkkkkkkkkkkkkkkkkkkkkkkksekkkkkkk
kkkkkkkkkakkkkkkkkkkkkkkkkkkakkkkkkkkkkkkkkkkkkkkkkkkkkbkksekkkkkkkkkkkkkkkkkckkkkkkkkkkkksykkksykk
kkkkkkkkkkkkkksekkkkkkkkkkkkkkkkkkkksekkkkkkkkkkkkkkkkkkkkkkkkkkkkkkkkkkkkkkkkkkkkkkkkkkkkkkkkkkkkkk
kkkkkkakkkkkkkkkkkkkkkkkkkkkkkkkkkkkkkkkkkkkkkkkkkkkkkkkkkkkkkkkkkkkkkkkbkkkkksykkkkkkkkkbbkkkkkkkkk
kkkkkkkkkkkkkkkkkkkkkkkkkkkkkkkakkkkkkkkkkkkkkkkkkkkkkkkkkkkksykkkkkkkkkkkkkkkkkkkkkkkksykbkkkkkkkbk
kkkkkkkkkkkkkkkkkkkkkkkkkkkkkkksykkkkkkkksykkkkkkkkkkkkkkckkkkkkkkkkkkkkksekkkkkkkkkkkkkkkkkkkkkkkk
kkkkkkkkkkkkkkkkkkkkcksekkkkkkkkkkkkkbkkksekkkkkkkkkkkkkkkkkkkkkkkkkkkkkkkkkkkkkkkkkkkkkkkkkkkkkkkk
