sekkklkpsykqkrkbkkjkdkwktkkkakxkzksknsikfkvckmkokukgsekvklkdkakukfksseknkkkokdkqckkkjknkokwklkaku
krkgsekkvkxkbkakpkskfkmkqkdsyktkkkzkwkkkosikjklcknkuknkqksktkakzkqkxsykukfkkkgsykwkfkbkbkwkxkoknkt
kkgkxkokkkkkrkbkmsekdkqkjkzklkssyckwkfsikvknkukpkaktkfkfkakkkaktkqkzknsyklkbkkkzklkkzkbkzkgkzkwkkkd
klcsykukbksikokkkmkdkxkskrkjkzkaknkgktkpkqkwsekfkvkkkdkkkbktkkkkgklkvsiktkfkaklkvkksekkkqckksykdkp
kfkmkakkpckskrkbseklktkzkkkjkvkxkokkkgknkwkqkusisykdkknkwkskskfkrkpkwklkkpkqkmkrkasikkckqkzktkzkr
kokkwkpkxkzkkklkgsekdkakuktkjkvkqknckrsykbkksikfkskmkvknkkklkbckuckqknkpkokkkukgsekokkktkrkwkfkse
sykkkmsicknkpkdkzkkkwkfkskbklktsekgkjkukxkokakrkqkvkkbkksekskwkasikfkdkjsykdkscsykbktkkkqsysekokg
knkpkakfkkkrkgkkvkkkbsickqsektkukmsykwkskokdkjkxklkzknkxkxkukosykakrkakwklkkkmkkkfsiseckqkokkzkqko
kqkaksckkkwsikxsykpkmkukokvsekrkkkbkfkklkjkgktkdknkzknsyklkzkakrkokjkvkpkqkjkxklkuklkakxkxkjkxkwkt
ktkkosykkkqkgkkkjklkukdkzsikwkbsekrknkakfckxkmkskpkvkzkkkkktkjkvsyktkkfkjkakrkskrknkgkakkkjkaknkgkt
seckfkbsiknkjkzkokxkkqkvkmkwkukdklsykskrkkkpkakkkgktkmckokdsikfkkkpkdkxkwktkvkvkkkkskkknkbklkmknkv
kpsiktkdckzkkvsekokukfsykkkxkjkskwkkkgkqkrklknkbkakmkkncsykkkwkzkukxksktsekpsykkkkpkzklkkkgkdkzkf
sikfkrkbkssekokzkukwkqkksykkkpkdklkmktkakxkckvkjkgknsykrkrkkwkokfkkkoklkrksykkkwkakbkjkpsykpknkuse
kakqknkfkkkpkbkuseklkkktkokrkskjksikzkwkmkdckxkgsykvsesyckkktsykbsekbsekrkjsikkkqkkvkmknkkkukdkgko
krkokvkfkmknkbkakxsyksklkkkgsekqcsikpkdkjkzkkkkwktkukqkrkvkkusekjkusikakrsekrkrkrkokxklkbkvkksikqkj
klkrsyseknkokpkxktksckksikkvkmkbkjkkkzkakfkqkwkukgkdkmklkfkjkdkrktckocksknkkkzkpkgkzkjkwkqkbkdkz
kjkrkvsykukpklkkktkskakfkdkmkokkxsecsiknkwkbkkkgkqkzkdksklkskmkgkzktkksysikwsykkkjkvkqknkukqkmktkl
sikgckvkbknkxkkklkakrkksekqkzkkskjkfsyktkwkukpkdkokmkrckkkvkkknkgkkktktkukfkdkfkqknsiklcsysekrko
knkkkbklckqksykxsekzkssiktkukokkkjkgkmkwkakvkpkfkrkdkfkakokkkkknkskfknkjkpkvkqkkpkgkbkkrkukgkosekk
sektkqkskpsykokfkjkvkkkdkwklsikbkukmkzkgkakxkkckrkknkjkkkqkzkvkukuknkdkukukjknklkwkqkksikukqkfkakx
klkzkqkkkktkdkbckfsikrsekukwkmkakkkpkvkjkxkskokgknsyktckxkvsyknkdkaktkaseksktkokjkukmkmklkmktkrkx
kjkokmknkkfkxkqkrksseckgkwkuktsykdkzkkkakkkbsiklkpkvkkfkukwkzkjkskkkkkrsykukokpkkoktkmkjkbkjsyktc
kdkpkjkgkzkrsekkklkskfkwkkakbcsykmsikvkxktkokkknkqkukzkknkgknsikrsikwkrknkkkjklsikgkoknkjkjkfkvkfkp
kjkasykdsikpsekbkokqcktkxkklkrknkvkzkfkwkkkkkmkskukgsikpkxkxkjknsikgklsekfkokwkpkxkfkrkvckwkfkokx
kpckvkkskzsekakxkukqkjkksykdktkokbkfkgknkwkkkrkmklsikqkkkgkgkrkrsekkkrkukfkqklkxkbkzkxckrkgsykkse
sikakoknkgkkkqkxkkkuktkjkpkkvkwkfkdckrksklkzsesykbkmkbkkkwkakfkbkrkzkxksknkrklklkjkwkgkpkukwckfc
sykkkbkmkoklkkuknkzkkkgckvkrkxsikdsekwkpkqkskjkfkaktklkfknsykskwkgsekkkmkqsecklkqkqktkfkfktsyktkp
sekrkkwkfkokxkdkkkkkbkskqkgkvktsykpkjkzcsikuknkmklkaknkmkdkakqkgkvkqkmsykpkpsykkkokpsykukbkkukwkok
kqknsikzkksykrkkkckmkxkokdklkgktkwkpkfkskukbkasekvkjklsickkkgkfkdkosikmkgkxksknkbkukwsisekjkmkgkp
ckqsykfkxkoknkvkskkklkbkkkasekkwkrkjkgsikpkmktkdkzkukjckkrkkkfkkkdsekkkakvkukfknkfkxkmkkkxkuklsekz
kskwkpkgkmknkxkjkbkokdsikvkfkkkkqkuktsykkseckzklkakrkokukxkgkksekfsikbkkkzkfkvkmsykbkdkgkdkkvsekokk
kpkvksktkkkqkmkgcseknkkukxsyklkkkrkzsikakdkfkokjkwkbkxkqktsikkkskrkrsykskwkjkkqkxsykkkxktkxsyktktkk
krkvktkbkkkkkkfkskmkzkxkqkgknkdsyseklkwkokukjsikakpckksykgkfkzktkgkackakrkvklkbkokjknkukkkdksktka
kuckqkrsikfkokvknsekgklkbktkdkpkjkksykkkskkwkmkxkzkasekokkkwseklklkwkackkknksktkzkxkwsikvkrkbkfkw
sikkkdkjktkukkkakqkrkgkxkokzsekwklckmkfkvknkkssykpkbktkkkdktkdkvktkzklkmsykakjkfkkkvkxkakssykkklka
kwkzcktknsykskkkakgkmkbkdkokxsekukfkpkkrkqkvkjsikkklkokukckjklkjkkktkmklkrsykvkdkmsekakmkdktktkfkd
kukxsikdkmkwckgkvkpkkseklknktkosykjkakkzkfkqkkkrkskbkkknkqkbsiknkusisekqkpkwkokfkjsykakrkkoksknkfkj
kukgklkkkvsekkqkokbkzckjkaksktsykpkrkdkkkxsiknkwkfkmsikgkokukbkksekuktsekfkockpkakknkqkakusyckkkl
sykknkfsikdkkktkrsekukaklkmkzkpkxkokkkqckvkwkbkskgkjsekmkwsyknkfkkksekksikmkkpkxkfckbsekskusekqkl
kmknkkkbkfkokgkvkdklkwkpkrkxkkukzsektkqsickkkjsykskakfkkskskrkrsekmkpkukseklkmkxsekwkskqkgkqkbkkkg
sikskrkmkqktkkkgkpkzkakdksykxkbsekvkockjkukfkkknklkwkwsikskpkrkpsekwkukmkwkjkkkkkqkdkbklsesykmkpkb
kfkvkokpkmsekzsikkcknkjkqkgkskkklkukwkakdsykkbkxktkrkskgklkkdkdktkrktklkokkkkqkvkakzkdkkkgkbklktkl
kxksktkkklsykmseckwkokkkvkpkgsikjkukdkbkqkkakzkfknkrkwkvknkqkskzkokpktkfklkgkrkdkokvsykkkbcckkkl
kqkbkkkakokpktkkkrkwcsykfkdkgkmklksknsekkxkvkzkusikjkdkmkokmknkskxkpkwkmkksykrkukwkgkzknkxcckpkr
kjkxkgkwsikokmsyklkknkbkfkdkzkrsekskkckakqkvkpkukkktkpknsekvkjkpktsekkkkkmkfkzkkknktkkxkukbkskmsik
sekwkpkoklkxkqkukgkksykkktkbkmksikrkjkaknkfkdkskvckzkzsikskkkxkskbkfknkksekwkvkkfklkkkokwkgkzkfklkb
klkkkpkmkrkfkukkbkkkvckjkokakqsekskdktsykxknkwkzkgsisyckakjkkkvsekgkukkjkgkpkdkokpkvkzkpkgkkkosekb
kskkkwsekokgckjsikkkaktkzkrkpkuksykmkxknkvklkbkdkqkfkfsikwkpsykjkgkrkwkgkgkvkpkkktkxkkoktkpkfkgkakj
kdkvsykjkpknkskfkkkkcksekbkokxkakgklsikzkwktkqkmkukrkkkkkwkklkukvkxkzkqkkjktkgkvkgkkfkdckdkmkbkrkx
kbsikxkzsykgkpkkwklkvkokqkfkkkakdknkskrkmkjkusecktkkkakjkbkfkjkkkfcknkjcsekgkxkwkwkdsekfkdkkkukv
kwkukkkdkktkqkokxckpkzknsykrkgsiklkmkkkvkjkakfkssekbkgkfkqkbkksesesikjkokkbkvkvkssekdktkkokskpklka
kkkvklkxkqckpkwkakokkkzktsekssysiknkkfkgkjkukmkrkbkdkdklkkkwsekocckzknkjktkbsykpkvkfkkkkksekzsekm
klkkzkvkksikrsekxkokpkskwkksycktkmkukjkdkqkfkgkaknkbkjkzklsikqsekusekdkmkmkdkwkakpkqckzkpkrsysesi
kkkokvknckdkjkfkzkrsykakukkskmkwktsiklkxsekqkkkpkgkbsisekdkkkxkbkqkgkxsykkmkfkvsykvkvkrkxkkmkzkkkl
sikgsykukqckkktkbsekkkkwklkrkjkpkxkoknkakfkdkvkskzkmkakvkzkgsekakksekvkkfkwkmkmktkfkxkjklkwkfkrkokl
kukjkbckskosekfkgsikqknkwklkrksykakpkvkmkzkxkkkdkkktkbkgkvkqkrsekksikdkfkakbktkkkmckdsikpkuckvkb
kjsikbkkkkkzkknkukssykwktkdklkxkpkqkosekmkackvkgkfkrktkfkwktkusikkckfknkkskdklckjcsykdkjkdknkkkz
kqkwkxkbkkskmknkjkakukrkfsesyktkkkdkpkvklckgsikokzkkckxknkukzkkkzkkkkkdkzsekzkjsikkvkqsysikakjknko
kkbkkkskkkgkukrkokmkqsekdkzckfkjkpkasikwknkvktklkxsyckbkkckvkjkukksykpkgkukwkmknktkkkackgkbkdkx
kjkukokdkkpkskaknkvsikkkzktckmkrkkkxklkgkqkfkbkwsesykkmkqkskrklkakdkzkpkmkkzsykkkzkokmsikkcklkkbkz
sikwkqkkkpkdkkkakbknkzkgkmktksklsyckfkukxkjkvkkokrsekdkfkxkbktkxkoknkfkmklsekmkskwkxkmkqcknkpsekb
kskoklktkukmknkfkwkkakxsikqsekkckzkbkdkkkgkvsykpkjkrknkusikjkpkjsekxkxkkkxkmkdkrklkqkmkkfsikukqkaku
kpkbkssykkkokzkakmkxkdkkwkfkrkksikvkuklckjktkgkqseknkakjkuklkqkdkbkskukbkokzkfkjkzkkjseknkskpksekk
kuksykjkrkwkqknkgkbcklkvkpkxkakkkzkkkokmseksktkfsikdkkkkkkktkgsekzcsekokkokqsekgkokdknkwkukwkvkakt
kkkskbkjklkmkkkxkdkpkuktsiknksykgkzkfkackwkokrkvsekqkkkknkqkpkdkakkkklkukgkgkkkmkwkpkfklsikokqknsy
kksikxsykbklkskwckakdknkkkukqsektkjkvkkrkmkgkzkfkpkokmkkkzkrkpkjkpkwsykbklknkxkdkxkakqkmkvkaknkwkv
kkkjksknkwkbkqkakusykgkzktckkkmkvklkpkxkdsisekfkrkokkvktkrsekkvkfcksckukjkjsykmkmkakssekukgkfsisi
kksykkvklkpsekgkxsikuktkokakqkjknkskdkmkwkzckfkbkrkkkfkmkgkqckmkpsikusesikmkrkvkjkmkjkkkxkmkkkkkd
ksekakvklkkkgkkkbkpkxkqkokwckdkjkskusikzkfknkmsykrktkzcsekmkakmcktkrsisikdkdkkkqkksykgkzkjkrklkg
kpkvktkkkmsiknkkdkgkrkskzkfkosykwkaklkbckxkjsekqkukkkvkgkpkzkfkksknkzkkkukjknkwsekjkzsekgknkmsykskv
ckdkukgklkwkmkrkjktsikzkfsekkkkvkokskxknkqkbkakksykpkukmkmsiklkqsykqkfkrkvkfkwsekjkbkdkosesykosekk
klkasekqkpkdsikkskrckzkgkkkokjkfkxkvkukbkwktkksyknkmkwsysyksekkkskmknkpsekmkfkbkpkokxkzkokqsekuseks
kgkqknkfktkkkakkkzkpkvsekdkrkucklkwkosykbkjkmsikskkxkfkkkmkoknkmsykmkjkksykukkkkfkusykvsikakqkukakp
kpkzkaknkwsykrkskjklkdkvsekktkfkuckbkgkokxkkkqkkkmsikrkqkxsiknkakokukokuckgklkrkzkkklkxkkkssysykf
kkkbsesikaknkktsycklkpkfkukwkxkgkvkskkkokdkjkmkzkrkqknknckqkpsykksykkvkmknkqkkkxkakdkakrkwkrsikuc
kkjsyklkkkakukkkosikfkwcsekxknkgkskrkqkvkpktkmkdkbkzckokrkjkwkmkzkukmkjknkdkqkkkwkzkrkzkpksktkkkj
kakknklkbkkkqkskdkpkokxkjkukvkfckrsykwkzkkkmsiktkgsekkskvkvklkqkdkmklktkfkrkksykjkvkakqksikbkwsikkt
kkzsykkkxkmkwckgktsekqkakokbkdknkrkskpkvkjklkfkusikksykwkmkqkjklkkbkackjkjkukmknknkokgkpkwkzckpkf
kfkxkkkkwktkbkzksklknsekakvkdkjkkkokgckrkpsikmsykukqckgkjknkosesekvknkbkdkakgckkokuckokgkzkqkkka
ktseklknkzkfkqkdkakrkxsikbkokvkmkkkjkkkwkpksykuckskgkwckbkrkskkmknkjsekskakfkmkxkkkfksknkkkzkpkdkx
kmkskgkjkdkokrkbsiklckvknktkkkpkxsykwkasekqkzkkukfkkkasekkkkckokrsesykpkrkxkmkbkfkmkrkkkrksknkskj
kvkpkasykjkdkwkmkxktkukkqckzksklkfkksesikokgkbkkkrknkjkvsekvkjknkvsykkkakjkfkdkukbkxkbkrkkkgsickt
knkkkktkgkakfkbklsekdkzkmkukxkosikqkpkrkkkwcsykjkskvksikoklkgkfktkzkzkfkvkmkkkxkzkpkvcknknkvktkjkz
kockakkkpkkfseklkwkdkvkgkukqkjkxkbkkkrsikzktknkmkssykzkkkwknkxkxkdsickokukmckskkkwktkwsekjkdkukq
ksknsykokxkuksekbklkwkkkvkrkzsikgkakdkkkpkqcktkfkmkjkzkskzklkssykbkksikgklkvkgksikpkrkvknkqkkkzkukr
klkukkkzkgkrktkokfkpkxkjksckmsikkbsekvkasykqkkkdknkwktkkkkkxkzkokpktkksykzckgkkkakbkokzklkxkrkdkf
sykpktkfkkkkklkkakvkdsisekqkgknckxkukwkjkbkmkrkokskzkvkgkskasykfkskuckokqkkdkpkgkzkakukwkkktkkklse
kvkskjklknkpckdsekmkosiktkzkwkqkbkfkgkksykrkkkkukakxktkkkokxkdktsekukskvkpkfkmsikpsyckrkxkzknkrko
kxkkzkmkfkvkakksykpkqkbkrkjkokwksknklkukksekdsickgktsiknknkokgklkzkjkjkjktktkukzkdkpkpkjksktkqkbc
knkzsektkqklkuksykksikdkvkbkfkakkkrkskwkockjkxkmkpkgkokpkksesykkosykfsiknkgckzsekvkkmklkkkpsykjku
krsyknkqckzkfkxkpkkkvkwksekdkasikjksktkmklkkkgkbkukokokbkwkgseckkkmkokpkokzkckjsikqkskzkdkkdcse
sikfkmkqktkpkwkgkbksykxkvkoklkskakkknkkckjkzkrkusekdsykxknklkkkwkukokkkfkjkgktkqklklkxkvkdknkusese
kokpsikkkbklksykakmkkkvsektksknkukzkrkqkdkwckjkfkxkgkzkgkkwkzkvkdkkksisikfkrksklkwkaktsisikukmkqko
klkwkokfsikkxkzkvsekqkskpkbsykkkdkjknkkkakuktkrkgkmcktkakkkbcknkwkbkusykdkkkvkskkbseckukskgkbkqkp
krkkokkkfkakwkgkbkxsiktkqkjkukksykzknkskvkpkmklsekdckakpkksykskvkkskgkwkwkwkpkfkpkukzkxkrkqseckgkl
sikkkokwkpkqkgsykmkkkkvkdkzktkfsekskxckaknkjkrkuklkbkwsykdkskdkoktkokzkgkfkrkpktkskzkfkvkknkdkjkgkg
kfkpklkjkvkzkxktkbckakusekkkkkssykmkqkdkrsikwknkgkkokukpkktkfkkpkxsikzkssikskqkjkucseknknkvknkxkd
kqkrkpkbkgsekmknkxkzsysikfkokksktkwkdkkkkkjkakvkuklcklkakjsekjkqknkrcsiklkzkkknkskbkxktkrkfktkskxk
kskxkfkkkqsiklkdkvkkkzkmkgknkwsekasykukpktkokkbckjkrkgkkrkpkqkbkmkwkzkokkokjsesykvkbkgkmklkwktkdkv
kqkvkskzkmkdkwkukkkkjkfkbkpknkrklkokxkgsikasyseckkktkkkokjknkksysykxkkkmkzkukusykkkskqkokzkkuklckx
