kbkkkbkkkkkkkbkkkkkkkkkkckkkkkkkkkkkkkkksykkkkkkkkkkkkkkkkkkkkkkkkkkkkkkkkkkkkkkkakkkkkkkkkkkkksykk
kkkkkkkkkckkkkkkkkkkkkkkkkkkkkkkkckkkkkkkkkkkkkkkakkkkkkkkkkkkkkkkkkkkkkkkkkkkkkkkkkkkkkkkkkkkkkkk
kkkkkkkkksykkkkkkkkkkkkkkkkkkkkkkkkkkkkkkkkkkkkkkkkkkkkkkkkakkkkkkkkkkkkkkkkksekkkkkkkbkkkkkkksekkkk
kkkkkkkckksykkkkkkkkkkkkkkkkkbkkkkkcsekkkkkkkkkkckkkkkkksykkkkkkkkkkkkkksekkkkkkkkkkkkkkkkkksykkk
kkkkkkkkkbkkkkkkkkkkkksykkkkkkkkkkkkkkkkkkksekkkkseksekkkksekkkkkkkkkkkkakkkkkkkkkkkkkkkkkckkkkkkkb
kkkkkkkkkckkkkkkbkkkkkkkkkkkkkkkkkkkkkkkkkbkckkkkkkkkkkckkkkkkkkkckkkkkkakkkkkkkkkkkkkkakkkkkkse
kkkkkkkkkkkkksekkbkkkkkksekkkkkkkkkkkkkkkkkkkkkkkkkkkkkkkkkkkkkckkkkkbkkkkkkkkkkkkkkkkkkkkkkkkkkkkk
kkkkksekkkkkkkkkkkkkkkkkkkkbkkkkkkkkkkkkkakkkkkkkkkkkkksykkkkkkkkkkkkkkkkkkkkkkkkkkkkkkkkkkkkksykkkk
ksekkkkkkkkkkkkkkkkkkkkkkkkkkkkkkkkkkkksykkkkkkkkkkkkkkkkkkkkkkkkkkkkkkkkkkkkkkkkkkkkkkkkkkkkkkkkkkk
kkkkkkkckkkkkkkkkkkkkksykkkkkkkkkkkkkkkkkckkkkkkkkkkkkkkkkkkkkkkkkkkkkkkkkkkkkkkkkkkkkkkkckkkkkkk
kbkkkkkkkkakkkkkkkkkkkkkkkkkkkkkkkkkkkkkksykkkkkkkkkkkkkkkkkkkkkkkkkakkkkkbbkkkkkkkkkkkkkkkkkkkkkkkk
kkkkkkkkkkkkkkkkkkkkkkckkkkkakkkkkkkkkkkkkkkkkkkkkkkkkkkkkkkkkkkkkkkkkkkkkkkkkkkkckkkkkkkkkkkkkkkk
kkkkkkkkkkkkkkkkkkkkkkkksyhkkkkkksykkkkkkkkkkkkkkkkkkkkkkkkkkkkkkkkkkkkkkckkkkkkkkkkkkkkkksykkkkkkk
kkkkkkkkkkkksekkkkkkkkkkkkkkkkkkkckkkkkkkkkkkkkkkkkkkkkakkkkkkkkkkkkkkkkkkkkkkkkkkkkkkkkkkkkkkkkkkk
kkkkkkkkkkkkksykkkkkkkkkkkkkkkkkkkkkkkkakkkkkkkkckkkkkkkkkkkkkkkksykkkkkakkkkckkkkkkkkkkkkkkkkkkkk
kkkkkkkkkkkkkkkkkkkkkkkkkkkkkksekkkckkkkkkkkkkkkkkkkkkkkkkkkkkkkkkkkkkkkkkkkkkkkkkkkkkkkkkkkkkkkkse
kkkkkkkksykkkkkkkkkkkkkkkkkkkakkkkkkkkkkkkksykkkkkkkksekkkkkkkkkakkkkkkbkkkkkkkkkkkkkkkksykkkkkkkkkk
kkkkkkkkkkkkkkkkkkkkkkkkkkkkkkkksykkkkkkkkkkkkkkkkkkkkkkkkkkkkkkkkckkkkbkkkkkakkkkkkkkkkkkkkkkkkkkk
kkkkkkkkkkkkkkkkkkkkkkkkkkkkkkkkkkkkkkkkkksykkbkkkkkkkkkkkkkkkkkkkkkkkkkckkkkkkkkkkkkkkakkkkkkkkkkk
kbkkkkkkkkkkkkkkkkkkkkkkkkkkkkkkkkkkkkkkkkksekkkkkkkkkkkkkkkkkkkkkkksykkkkkkkkkkkkkkkkkkkkkkkkkkkkkk
kkkkkkkkkkkkkkkkkkcksekkkkkkkksekkksekkkkkkkkcsykkkkkkkkkkkkkkkkkkkkkkkkkkkkkkksekkkkkkkkkkkkkkkkk
kkkkkkkkkkkkkkkkkkkkkkkkkkkkkkkkkkkkkkkkkkkkkkkkkkkckkkakkkkkkkkkkkkkkkkkkkkkkkkkkkkkkckkkkkkkkkkk
kkksekkkkkkkkkkkkkkkkkkkkkkkkkkkkkkkkkkkkbkkkkkkkkkkkkkkkkkkkkkkkkkkkkkkkkkkkkkkkkkkkkkksekkkkkkkkkk
kkkkkkkkkkkkkkksykkkkkkkkkkkkkkkkkkkkkkksekkkkkkkkkckkkkkkkkkkkkkkkkkkkkkkkkkkkkkkkkkkkkkkkkkkkkkkk
kkkkkkkkkkkkkkkkkkkkkkkkkkkkkkkkkkkkkkksekkkkkkkkkkkkkakckkkkkkkkkkkkksekkkckkkkkkkkkkkkkkkkkkkbkk
kkkkkkkkkkkkkkkkckkkkckkkkkkkkkkkkkkkkkkkkkkkkkkkkkkkkkkkkkkkkkkkkkkkkkkkkkkkkkkkkkkksekkkkkkkkkkk
kkkkkkkkkkkkkkkkkkkkkkkkkkkkkakkkkkkkkkkkkkkkkkkkaksekkkkkkkkkkkkkkkkkkkkkkkkkkkkkkkkkkkkkksekkkkkkk
kkkkkkkkkkkkkckkkkkkkkkkaksyksykkkkkkkkkbkkkkkkcekkkkkkkkkkkkkkkkkkkkkkkkckkkkkkkkkkkkkkbkkkkkkkk
kkkkakksekkkkkkkkkkkkkkkkkkkkkkksykkkkksykkkkkkkkkkkkkkkkkkkkkkkakkkkkbkkkkkkkkkkkkkkkkkkkkkkkkkkkkk
kkkkkkkckkkkkkkkkkkkkkkkkkkkkkkkkkkkkkkkkkkkkkkkkkkkkkkkkkkkkkkkkkkkkkkkkkkkkkkkkbkkkkkkkkkkkkkkkkk
kkkkkkkkkkkkkkkkkkkkkkkkkkkkkkkkkkkkkkkkkkkkkkkkkkkkkkkkkkkkkckkkkkkkkkkkkkkkkkkkkkkkkkkkkkkkkkkkkk
kkkkkbkkkkkkkkkkkkkkkkkkkkkkkkkkkkkkakkksekkkkkkkkkkkkkkkkkkkkkkkkkkkkkkkkkkkkkkkkkkkkkkkkkkkkkkkkbk
kkkkkkkkkckkkkkkkkkkkkkkkkkkkkkkbkkkkkkkkkkkkkkkkkkkkkkkkkkkkkkkkkkkksykkkkkkkkkkkkkkkkkkkkkkkkkkkk
akkkkkkkkkkkkkkkkkkkkkkkkakkkkkkkkkkkkkkkkkkkkkkkkkbkkkkkkkkkkkkkkkkkkkkkkkkkkkkkkkkkkkkkkkkkkkkcyk
kkkkckkkkkkkkkkkbkkkkkkkkkkkkkkkkkkkkkkkkkkkkkkkkkkkkkkkkkkkkkkkkkkkkkkkkkkkkckbkkkkksekkkkkkkkkkk
kkkkkkkksekkkkkkkkkkkkkkakkkkkkkakkkkkkkkkkkkkkkkkkkkkkkkkkkkkcekbkkkkkkakkkkkkkckkkkkkkkkkkkkkkkk
akkkkkkkkkkkkkkkkkkkkkkkkkkkkkkkkkkkkkkckkkksysykkkkkkkkkkkkkkkkkkkkkkkbsekkkkkkkkkkkkkkkkkkkkkkkkk
kkkkkkkkkkkkkkkkkkkkksykckkkkkkkkkkksekkkksekkkkkkkkkkkkkkkkkkkkkkkkkkkkkkbkkkkkkkkkkksykkkkkkkkkkk
kkkkkakkkkkkkkkkkkkkkkksykckkkkkkkkkkkkkkksykkkkkkkkkkkkkkkkkkkkkkkkkakkkkkkkksykkkkkkkkkkakkkkkkkk
ksykkkkkkkkksekkkkkkkkksykkkkkkkkkkkkkkkkkkkkkkkkkkkkkkkkkkkkkkkkkkkkkkkkkkkcsekkkkkkkkksekkkkkkkkk
kkkkkkkkkkkkkkkkkkkkkkkkkksekkkkkkkkkakseakkkkkkkkkkkkkkkkkkkkkkkkkkkkkkakkkkkkksykkkkkbkkkkkkkkkkkk
kkkkkkckkkckkkkkkkkkkkkkkkkkkkkkkkkkkkkkkkkkkkkbkkkkkkkkkkkkkakkkkkkkkkkkkkkkkkkkkkckkkkkkkkkkkkk
ekkkkkkkkkkkkkkkkkkkkkkkakkkkkkckkkksykkkkckkkkkkkkkkkkkkkkkkkkkkkkkkkkkkkkkkkkkkkkkkkkkkkkkkkkkkk
kkkkkkkkkkkkkkkkkkkkkkkkkkkkkkkkkkkkkkbkkkkkkkkkkkkkkkkkkkkkakkkkkkkkkkkkkkckkkkkkkkkkkkkkkkkkkkkkk
kkkkkkkkkkkkkkkkkkkkkkkkkkkksykkkkkkkkksekkkkkkkkkkkkkkkkkkkkkkkkkkakkkkkkkkakkkkkkkseykkakkkkksykkk
kkkkkkkkkkbkkkkkkkkkkkkkkkkkkkkkkkkkkkkkkkkkkkkkkkkkkkkkkkkkkkkkkkkkkbkkkkkkkkkkkkkkkkkseksekkkkkkkk
kckkkkkkkkkkkkkkkkkkkkkkkkkkkkkkkkkkkkkckkkkkkkkkkkkkkkkkkkkkkkkkckckkkkkkkkkkkkkkkkkkkkkkkkkkkk
kkkkkkkkkkkkkkkkkkkkkkkkkkkkkkkkkkkkkkkkkkkkkkkkkkakkkkkkkkkcekkkkkkkkkkkkkkksekkkkkkkkkkkkkkkkbkkk
kkkkbkkkkkkkkakkkkkkksykkkkkkkkkkkkkkkkkkkkkkkkkkkkkkkkkkkkkkkkkkkkkkksekkkkkkkkkkkkkckkkkkkkkkkkkk
kkkkkkkkkkkkkkkkkkkkkkkkkkkkkkkkkkkkkkkkkkkkkkkkkkkkkkkkkkkkkkkkkkckkkkkkkksekkkkkkkkkkkksekkkkkkkk
ckkkkkkkkkkkkkkkkkkkkkkkkkkkkksesekkkakkkkkkkkkkkkkkkkkkkkkkkkksykkkkkkkkkkkkkkkkkkakkkkkkkkkksekkk
kkkkkbkkkkkkkkkkkkkkkkkkkkkkkkkkkkkkkkckkkkkkkbkkkkkkkkkkkkkkbkkkkkkkkkkkkkkkkkkkkkkkkkkkkkkkkkkkkk
kkkkkkkkkkkkkakkkkkkkkkkkkkkkkkkkkkkksyykkkkkkkckkkkkkkkkkkkkkkkkkkakkkkkkkkkkkkkkkkkkkksykkkkkkkkk
kkkkkkkkkkkkkkkkkkkkkkksykkkkkkkkkkkkkkkkkkkkkksyakkkkkkkkkkkkkkkkkkkkkkkkkkkkkkkkkkkkkbkkkkkkkkbkkk
kkkkkkkkkckkkkkkkkkkkkkkkkkkkkkkkkkkkkkkkkkckkkkkkkkkkakkkkksekkkkakkkkkkkkkkkkkkkkkkkksekkkkkkkkk
kkkkkkksykkkkkkkkkkkkkkkkkkkkkkkkkkkkkkkkkkkkaakkkkkkkkkkkkkkkkkksekkkkkkkkkkkkkkkkkkkkkkkkkkkkkkkkk
kksykkkkkkkkkkkkkkkkkkkkkkkkkkkakkkkkkkkkkkkkkkkkkkkkkkkkkkkkkkkkkkkkkksekkckkkkkkkkkkkkkkkkkkkkkkk
kkkkkkkkkkkkkkkkkkkkkkkkkkkkakkkkkkkkkkkkkkkkkkkkkkkkkkkkkkkkkkkkkkkkkkkkkkkkkkkkkkkkkkkkkkkkkkkkkkk
kkkkkkkkkakkkkakkkksykkkkkkkkkkkkkkkcbkkkkkkkkkkksykkkkkkkckkkkkkkkkkkakkkkkkkkkkkkkkkkkkkkkkkkkkk
kkkkkkkkkkkkbkkkkkkkkkkkkkkkkkkkkkkkkkkkkkkkakkkkkkkkkksykkkkkkkkkkkkkkkkkkkkkkkkkkkkkkkkkkkkkkkkkkk
kkkkkkkkkkkkkkkkkkkkkksekkkkkkkkkkkkkkkkkkkkkkkkkkkkkbkkkckkkkkckkkkkkkkkkkkkkkkkkkkkkkkkkkkkkbkkk
kkkkkkkkkkkkkkkkkkkkkkkkbkkkkkkkkkkkkkkkkkkkkkkkkkkkkkkkkkkkkkkkkkkkkkkkkkakkkkkkkkkkkkkkkkkkkkkkkkk
kkkkkkkkkkkkkkksekkkkkkkkkkkkksekkkkkkkkkkkkkkkkkkckkkkksekkkkkkkkkkkkkckkkkkkkkkkakkkkkkkkkkkkkkk
kkkakkkkkkkkkkbkckkkkksekbkkkkkkakkkkkkkkkkkkkkkkkkkkkkkkkakkkkakkkkkkkkkkkkkkckkkkkkkkkkkkkkkkkkk
kkkkkakkkakkkkkkkkkkkkkkkkkkkkkkkkkkkckkkckkkksekkkkkkkkkkkkkkkkkkkkkkkkkkkseksekkkkkkkkkkkkkkkkkk
kkkkksekkkkkkkkkkkkkkkkkkkkkkkkkkkkkkkkkkkkkkkkkkkkkkkkkkkkkkkkkkkckkkkkkksykkkkkkkkkkkkkkkkkkkkkkk
kkkkkkkkkkkkkkkkkkkkkkkkkkkkkkkkkkkkkkkkkkkkkkkkkkkkkkkkkkkkkkkkkkkkkkkkkkkkakkkkkkkkkkkkkkkkkkkakkk
kkkakkkkksekkkkbkckkkkkkkkkkkkkkkkkkkkkkkkkkkkkkkkkkkkksekkkkkkkkkkksykakkksysykkkkkkkkkkkkkkkkkkkk
hkkkkkkkckkkkkkkkkkkkkkkkkkkkkkkkkkkkksekkkkkkkkkckkkkkkkkbkkkkkkkkkkkkkkkkkkkkkkkkkkkkkkkkkkkkkkk
kkkkkkkkkkkkkkkkkkkkkkkkkkkkkkkkkkkkkkkkkkkkkkkkkkkkkkkkkkkkkkkkkkkkkkkkkkkkkkkkkkkkkkkkkkkkkkkkkkkk
kbkkkkkkkkkkkkkkkkkkkkkkkkkkkkkkksekkkkkkakkkkkkkkkkkkkkkkkkkkkkkkkkkkkakkkkkkkkkkkkkkkkkkkkkkkkkkka
kkkkkkkkkkkkkkkkkkkkkkkkkkkkkkkksekkkkkkkkkkkkkkksysekkkkkkkkkcykkkkkkkkkkkkkkkkkkkkkkkkkkkkkkkkkkk
kkkkkkkkkkkkkkkkkkkkkkkkkkkkkkkkkkkkkkkkkkkkakkkkkkkkkkkkkkkkkkkkkkkkkkkkkkcksykbkkkkkkkkkkkkkkkkkk
kkkkkkkkkkkkkkkkkkksekksykcekkkkkkkkkkkkkckkkbkkkkkkkkkkkkkkkkkksykkkkkakkkkkkkkkkkkkkkkkkkkkkkkak
kkksekkkkkkkakkkkkkkkkkkkkkbkkkkkkkckkbkkkkkkkkakkkkkkkkkkkkkkkkkkkkkksekkkkkkkkkkkkkkkkkkkkkkkkkkk
kkkkkkkkkkkkkkkkkkkkkckkkkkksykkkkkkkkkkkkkkksybkkkkkkkkkkkkkkbkkkkkkkkkkkkkkkkkkkcksykkkkkkkkkkkk
kkkkkkkkkkkkkkkkkkkkkkkkkkkkkkkkkkkkkkkkkkkkkkkkkkbkbkkkkkkkkkkkkkkkkckkkkkksekkkkkbkkkkkkkkkkckkk
kkkkkksekkkkkkkkkkkkkbkkkkkkkkkkkkckkkkkkkkkkkkkkkkckkkkkkkkkkkkkkkkkkkkkkkkkkkkkkkkkkkkkkkkkkkkak
kkkkkkkkkkkkkacksykkkkkkkkkkkksekkkkkkkkkkkkkkkkkkkkkakkkkkkkkkkkkkkkkkkkkkkbkkkkkkkkkkkkkkkkkkkkkk
kkkckkkkksekkkkkkkkkkkkkkkkkkkkkkkkkkkkkkkkkkkkkkkkkkkkkkkkkkkkkkkkkkkkkkkkkkkkkkkkkkkkkkkkkkkksykk
kkkkkkkkkkkkkkkkkkkkkkkkkkkkkkkkkkbkkkkkkkkkkkkkksekkkkkkkkkkkkkkkkkkkkkkkkkkkakkkkkkkkkkkkkkkkkkkkk
kkkkkakkkkkkkkckkkkkkkkkkkkkkkkkkkkkkkkkkkkkkkckkkkkkkkkkkkkkkkkkkkkkkksekkkkkkkkkkkkkkkkkkkkkkkkk
kkkkkkkkbkkkakkkkkkkckkkkkkksekkkkkkkkkkkkkkkksekkkkkkkkkckkkkkkkkkkkkkkkkkkkkkkakkkkkkkkkkkkkkkkk
kkkkkkkkkkkkkkkkkkkkkkkkkkkkkkkkkkkkkkkkkkkkkkkkkkkkkkkkkkkkkkkkkkkkkkkkkkkkkkkkkbkkkkkkkkkkkkkkkkkk
kkkkkkkkkkkakkakkkkkkkkkkkkkkkkkkkkkkkkkkkkkkkkkkakkkkakkkkkkkkkkkkkkkkkkkkkkkkkkkkkkkkkkkkkksykkkkk
kkkckkkbkkkkkkkkkkkkkkkkkkkkckkkkkkkkkckkkakkkkkkkkkkkkkkkkkkkkkkkkkkkkkkkkkkkbkkkkkkkkkkkkkbkkkk
kkkkkkkkkkkkkkkksykkkkkkkkkkkkkkkkkkkkcsykkkkkkkkkkkkkkkkkkkkkkkkkkkkkkkkkkkkkkkkkkkkkkkkkkkkkkkkkk
kkkkkkkkkbkkkkksykkkkkkkkkkkkkkkkkkkkkkksekkkkkkkkkkkkkkkkkkkkkkkkkkkkkkbkckkkkkbksykkkkkkkkkkkkkkk
kkkkkkkkkkkkkkkkkkbkkkkkkkkkkkkkkkkkksekkkkkkkkkkkkkkkkkkkkkkkkkkkkkkkkkksykkckkkkksykkkkkkkckkkkk
kkkkkkkkkkkkkkkkkkksekkkkkkkkkkkkkkkkkkkkkkkkkkkkkkkkkkkkkkkkkkkkkkakkkkkkkkkkkkkkkkkkasykkkkkkbkkkk
kkkkkkkkkkkkkkkkkkkkkkkkbkksekkkkkksekkkkkkkkkckbkkkkkkkkkkkkkkkkkkkahkkkkkkkkkkkkkkkkkkkckkkkkkkk
kkkkkkkkkkkkkckakkkkkkkkkkkkkkkkkkkkkkkkkkkkkkkkkbkkkkkkkkkkkkkkkkkkkkkkkkkkkkkkkkkkkkkkkkkkkkksykk
ksekkkkkkkkkkkkkkkkkkkkkkkkkkkkkkkkkkkkkkkkkkkkkkkkkkkkkkkkkkkkkkkkkkkkkkkkkkkkkkkkkkkkkkkkkkkkkkkka
kkkkkkakkkkkkbkkkkkkkkbkckkkkkkksykkkkkkkkkkkkkkkkkkkkkkkkkkkkkkkkkkkkkkkkkkkkkkksykkkkkkkakkkkkkkk
kkkkkkkkkkkkkkkkkkkkkkkkkkkkkkkkkkkkkkkksekkkkkkkkkkkkkkkkkkkkkkkkkbkkkkkkkkkkckkkkkkkkksykkkakkkkk
kkkkkkkkkbkkkkkkkkkkkbkkkkkkkksesekkkkkkkkkkkkkkkkkkkakkkkkkkkkkkkkkksykkkbkkksekkkkkbkkkkkkkkkkkkkk
kkkkkckkkkkkkkkkkkkkkkkkkkkkkkkkkkkkkkkkkkkkkkkkkckkakkkkkkkkkkkkkkkkkkkkkkkkkkkkkkkkkkkkkkkkkkkkk
kkkkkkkkckkkkkksykkkkkkkkkkkkkkkkkkkkkkkkkkkkkkkkkkksykkkkkkkkkkkkkkkkkkkkkkkkkkkkkkkkkkkkkkkkkkkkk
kkksekkkkkkkkkkkkkkkkkkkkkkkkkkkkkkkkkkkkkkkkkkkkakkkkkkkkkkkkkkkkkkkkkkkkkkkkksykkkkkkkakkkkkkkkkkk
kkkkkkkksykkkkkkkkkkkkkkkkkkkkkkkksekkkkkkkkkkkkkkkkkkkkkckkckkkkakkkkkkkkkkckkkkkkkkkkkkkkkkkkkk
