kakvkmklkjkfkwkskkkosekbsikkgkpkqkncsykxktkzkdkukrkkkkkgkfkkkckxkakpcckwkrsekgkwkgkosyknknkvkjk
kmkvkkkdkkkxkbsikqkgkktkjkssykrkakukpkfkoknkzkwseklckrkxkgknkoknkpkgktkvsyckskrkwckokasikusiktkgk
kgkakfktkwkrkukqsekdkbkkpkvsikkkmkskjklckokxsykzknkkkokvkgkfsykwsesysekukpkskjkzkxknkxkdkvktkkkskfk
kokqkkkukxkjkksekzkpkvksikrkbklkdkasykwknktkmkgksckfkjkokkkkpkxkbkkwkucklkmkokzckdkakfkjkkkskrkk
kkkmkdkusykjktcklkbkfkrkvkkkqsikzsekxkwkgkkpkskaknkokjkqkmkkkokdsikbktkqknknkvkvkokfsykkkjkvkwsykzk
kvkdkxkjkgkktknkssikmkzkokfcsykbkrkpklkkkqkukwkkkaseckdkqkvkgsikfkmkssykakgkdkkknkskokbkokukksekdk
kksikzkmkbsekukvkkkpkgkwkakrkqkokdkxknkjklkkfcsyktkskwkakokpkvkzkkckmkmkksekskgkpkpkkvkgktsyktknk
kgkdkkjkwkrsykokzkskqklkvktknsikxkmkasekfkpkbkukkkkckzkmkmkrkkkkmkjktksykxkfkukjkxknkrkbkxkkkvkkkbk
kokwklkgkakukzkvkkkrkfckbkjkdsesikskkkxktksykqkmknkpkvcktkkxkqsesykxkwkqklkskukgkvklkkdkksekvkpktk
kfckuktkbkxkmkkkoksykrkkkvkjkwklkqkakpsekzkdksknkgsikfktkukkkkqkmkxkokskvsikskwkgkkkbsikgckaknkbk
kjkakfktkkkcsykdkokmsikkkgknkqkrkpkxkzkbkskwkvseklkukokakaknkvktkokakmkqckgkkkwsykmkvklkaklknkrkzk
kasekdkxkbkwkrkkckqkkkokvkukgkpktkzkkfsykjsikskmknklkakkktkgkokwkzkakvkpknkjkzkokzksknkrsikrkkrkxk
kxkqkockskrsekjkkkvklkwkpsikgkksykmktkzkakdkukbknkkfklkukvkkkdsekpkusikosekqsesyklkqkmkskdklkxkksik
kmkakbkvkfsekukknkzktkgkqcsykdkkklkksikxkskpkrkwkokjsikwkwkrkqkukukxkgkdktkskmkfkxkgkpksikvkxkukkk
kukkkbkakpkdsyknkskvsikzklkmkjkwkgckfkkkxsekqkokrktksekakzkmkskukmkfkkjkwkdkvkmkqkfkdktkwkokakskzk
kpkrkxkjklkskksiknsykkkkzktkfsekdkgkackvkokukqkbkmkwkkksikfkvcknkrckvkrsekxklkaktsykkkkknkrkvkrk
kwkrkvkzkukkokkkfkpsikakbcktkjkxkqsekkksklkmsykdknkgkzkwsesikskrkvsekqkrkskjsykrkokxkkskrkjkmkmsyk
kjkukoklknkmkasekvkpktsykwkfkxsikdkkkskrkgkckkkqkzkbkakrkkkvknkjkrsekvkusikktkbsikxkfkvkfsikjsikkk
knkfkokdkpkaksktkgkrkvkxsekzkksikmsyckbkkklkukqkkwkjklkknsykqkxkpkktkfkosikwkdkokjkdkakgklkrkpkmkok
sikzkakkklkwktkpkukvkosesykfcknkkgkqkmkbkskdkrkxkjkkkpckkkdknckzkrkukxkfkckukkktkvkbkokakzkzkwk
kdsisykqsekfkzksktkkkbkokpkxkgklckvkkakmkwkkkrkjkuknkvsikrklkgktkpkqksikxkjkjsykrsykdkukbkpktsisyk
kvkokjkpkuksknsikkkgktkzkbkkkwkdsykxsekrkqckmklkfkaksicsikosikkmsesyktksknkkrsykakpkfkgkgklkrsykok
kxkokmkvkbknkpkqsickzkusykkkkwklkjkrkakdkskfsektkgkkkfkjkjkxkdkqsekxknkkktkbsykpsykgkpkkkkkdkmkmkok
kjkzkwkfkqkxkkkvkpkukoksseckgkkbktkdkrklknkakmsisykkklkpkmkskakkkskfkktkmkkkvkjkjsikukwkukokxkukrk
sykpkgsekkkbkxkfkjsiknkockzklkuksktkmkkdkvkkkrkwkakqkkusekkxkvkzklkqkkkgkokzktkokqksknkzklkgkrktkmk
kskmkgknklsickwkfkdkkkqkxkzkbkrkukvkkksektkpkakjsykokgkmkrkakmktckkkwsykkkkssikakrkzkwkjkjckgktk
kskkkkukosekgkakrkdklkpkbsikmkwktkqkxkzknkkkjkvcsykfckuktkkpkmkmkrsekvkkckrkmkskqkrkkkskqkwknktk
kvkokmkxkkktkdkfklkakwsecsikqkjkskkkukpknsykzkbkrkkgkusekskwsykgsikdkrkkzkjkdkkkdkkkxcktkzsekkck
kmsikgckokskqkkkwkkakxklkukdkbsykzkjsektkpkkkrkfkvknsyckqsekoktsysikbkpklkkkkzklkkkukgkssyktkkgkok
kdkktkuklknkzkokmkrkbkakvkjkkckxkpsekskksykgkfsikwkqkqkbkwkpkgkmkpkgkdsekklsikkkksisikfkgsikssykmk
kmsykjkgkkkkoksklkkkukwkxkzsekqkbkvcktkdkpknkasikrkfknkvkrkkkklkokgkxkwklkukzkkkrkxsikjkzkkkwkukwk
kukakckfkwsekbkqsykrkmsiktkvkokjkkkdkxkpkkkgksklkzknkxckfckakbkbkakskasekwkoklsykuckjsysikbkfkwk
kdsesyktklkoknkukakpckfkjkmkxkkkzkskbkgkksikrkvkkqkwkkkdkdkqsykvkkkokksekxkkkakdkvkqkjkrkskzckwkok
ckskukjkbsikakzkkkdkpsykfkgseklknkrkkkmkwkoktkvkkxkqkwkdsykzkmkzkxkkkjkfsykkkpsickokpkkokkkbkpsik
kkkxsykwkmksikqkukrkdseckgkvkfkaklktkjksknkokkkbkzkpkwsekoklknkakxkzkxsekukgkzkgsykvkrkrkzkjkvkwkkk
kxkvkrkkfkbsekjkokmkwckdklktknkasykqkusikkkpkkkzkskgkxkkknklkbkokusykskkkpsykakdsykosykkrkrsekxkvk
ckjkqkpkakusyklkkzkrkfkmkgkxkkksktsikvkdkbkokkkwknsekkkpkasikgkjkmkakskkkrkzkdkjkzkvknsekxklkbsyksk
kkknkpkmckukkoktkzkrkqkxkbkasekdkksisykjkskwkgklkvkfknkakukpkxksktkxkqkzkxkokkkakzkgkvkkukakwkrksk
sekxckuknkmkgkpkkrkkktkakzkksykqkbkskjkokvkfsiklkdkwsikjkpckkkfkakkpkzkkkzkkkwkfkukjkkqkusykvkgkzk
ckzsekfsikxkbkrkkukkkskokvktkqkgsykakwklkjknkkkmkpkdkksykvkwkwklkkkmkbkvkdkokrkrckukkkkskkvkkkwkk
kkkfkkakbktkxkokmkzkwkdkkcklkjkpkukrkssisekgsykqknkvkkkakktktkokpkakjkdktkwkpknkjkrkakuklkukxkqkjk
sykpsikkkjkbkskmkdkrkzkknkukkktkakgsekqkokfklckvkwkxkkgkpkdkgkzkqkvckrkkkvkkkgsysiklkxkvkocsykmk
knkukwkkkqkmkvkrkjkakkokskzsesikfkkkdckpkxklkgsykbktkgckmsykgkukpkkkakxkakwkqkpkjkmkrkkkkjkwkzktk
sekvkjkgkrkdkakzknkbkkwkmktkokqkkkxsyckskfsikukkklkpkqkmsikpkkkskkkjkxsikmkkkvkkkoknsekvktkrkkkakrk
kkckxkjknklsykzkfkskkkdktkgkokrkpkbkkwkqsekvsikukmkaknkrsykbkgkzkgkxkukdkvsykkkknckxkukakukdkfklk
kskmkxkasykbkqkdckfkoknktkjkkkgkwsikpkvkrkkklkukzksekdsekskmkmklknkukqkvkmkdkvkdsikbkqkukmkwkwkkuk
klkwktkkmkxsekfkaknkbkpkjsykrkqkzkgkdckkkkkvkukskosikdkzseklkbktkkkfkuktkskckrkvkkkwkrkskpksckgk
klkkkskvsekbkfkgkqktsikackmkjkxkkpkkkokusykrkdkzknkwkdkakxklsikokgsikgkkkkkakgkjkgktkokbkgktkxktkbk
kzkksekakrkskokpklkwkfkxkdkmsikusykjkgknckkkkqktkvkbsektkqkxklsekdkqkokwkxcckwckwckvkosikzkksik
kqklkakkkfkbkrkzcsikpkkkukskvsysekxknkkmkwktkokjkgkdkkkskokkdkpkpkqkgkskjkzkfklkjsikktkzkmkxkqsekkk
kvkkkjkukbckwkzkpkfkoseksikqkxktkskdkaknsykkkgkrklkmkmkqkxkvknkdkjksekxkfkvkbkkkxkzkvkgkskrkdsikdk
kjkmkpkwkdktklkokxkbsiknkfkvkzkkusykrkgkqckkkksekskakjkdkrkbklsekrkrkjkkksiktkukksikjkskzkakgkpsik
kxknkzkbkrkkkktsekjksklsikgkokkkakdkwsykqkpkvkukfkmckjknkakakkkokakfsycsikbkukjkwknkaktkxcklkpkvk
koknkpkmkbsiktkakuklkxkwkqsykvkzsekkkckskgkdkkkjkrkfkpkkckgkbkockkktknkakokukgklkqkzkrkqkkkkxknk
sekrsykfckakwkvkjkkkbkpkqsikmkskzkoklkknkkkukgkxktkdsikgkrsykpkqccknsisikpkkkbkmsikukakkckgkwklk
kwckdkjklkukzkkkkvkqkmkoknktkxsekfkasysikskrkpkbkkkgkbklkgsisykdckfklkakrkbkkkssickkkkokfkqkvkak
kkkxknkaktkockkkdkfkwkpkskbksykgkukrkjkmkvsesikzkqklkpkvkzsikukpknkskxknsikvkskakpkrktkgkkkokzseknk
ksktkosykksikvkmkbkkkzknkkqkakxkjseckwkgkpklkfkrkdkukxkfkmkqkfsekzkfkskuckwkxkakskqkkkukdkgsykukuk
kdknkskjkrkgsekakxkqkosykvkmktkzklkukpckkkfksikwkkkbkgkkkrkgkzkjkksickskzkfkqkzkgkbkbkksyklktkpkpk
ktknsekqkukakkklkjsikgkskwkbkfkzkpkokkdsykvkrckkkxkmkjkqkfkkckoklkxkjkmkvkrkkkpkrkzktkjklkjkskock
kxklkkkwkzkdktkqkvsykskkkbsekgkfkmknkocsikkrkjkakukpkskzsesikzkkkrkakmkmckrkkkskvkukakxsiklkkkbkqk
knkbkgklkvkukktkskjkrsykmkxckpkksikokkkdkzkfkasekqkwkxkbkwklkncklkxkpsekbkzkssysykgsekbkuknkxkakfk
kpkkkfkkksikskukzkwkrkgkosektkqkbkvkxkakdklkjkncsykmkmkrkdklsykzktktkkknkkkqkasekksikwcksikmkmkak
knkmkukfkpsikakzkskkkbkrkdkkklsesykgkjkokqkvkxkwkktcknkgkssykrkdkosykxkkktkqkaktkkkdkakmsykjkwkukwk
kakrklkvkmksykkktkfkskdknsekbkxsikqkgkjkwkkkzkokpckukfkwkxsikzkvsikakukpkqksikakrkfkakfkmkkkqkfksk
knkakjkkkukdckrkmkzkvkqsysikkwkgkokxkbkpseklkkksktkfkgkokjkfkrkskxkukzckvkdklsykqkxknkkkbkkssiknk
krkkkkkfkkdktkzkgkakpkwcklsekqknsikskjkvkmkukokxsykbkukukgkpkjkskrkjkmkkkakwkakwkzknkkkgkwkfkgkssyk
kkpknkfckwsykrkakqkskbsikzkxkmkjkkktkoklkdkgkkkvkusekvkpklkskackxkskskkkokskbkkkkokgkwkbkkkacsik
kktkjkkknkvkskwkmkzkukdkrkpkasekgcsykqklkbkkkxsikfkokakvkkaktkjktkzsyktkuknktksklkkkfklkockssekfk
sekdkxkwkkkuktkfkpckbklknkakrkvkkkqkmkgsikzkjsykkokskwckjkdkbksknkkkpkdkqkdkzkskskukvkkwklkrkfkuk
sikukkksseklkzsykpkdkxkrkvkokwkfckqknkakkjkbktkgkkkmkfkfkrkbsekokmkukwkqkrkbkskjkskqkbkgkzkzsykzkfk
kgkdkxkfkjsyckpsekwkmkakkkuklkzktknsikkkokkvkskrkqkbktkkkakrkfknkjkzkakmklkkksyktkfkrklkukokzkpkrk
csekgktkzsykusiknkskpkkkmkkokjkwkrkxkdklkkkakbkvkfkqkkkoktkxkkkdsekdkwkvsekwkbkwkkpkkkvkfkqkdkxksk
kbkrkfklkokskxkkvcsekzkmkgkaktknkjkqkdsykpkukkkwsikkkokbkfkzkjkukoknkukwknkasekvkakjkbkmkwckvkkwk
kqksekasykjkokrkdsikgkwkxkmktcklkkkfkukkkskzkpknkvkbkrklkmkzkxkbknkzkpknkosykrkrkkkzkdktkrkokdknkuk
kukxkgkkrkasyknkbkqktkzsekwkmckjkvkskfsikkklkokpkkkdkjkqkbkzkxkkkrkzkksekkkfktkpklkjkpkkkzkssikxksk
kakkdkxkgkokwknkvkrkmkfsyktckkkjkuklsekskpkqsikkkbkzklknsekbkkktksklsykzkqkkvsikdkpkjktkbkakkkskkk
kckokbknkkkskmsykzkwkxsiktkqkkkdklkrsekgkakfkjkvkukpktktkzkxkzkmknkwknkbsykpkxkaknkokxkfkokjktkrksk
krkgkvktkxckqkbkakssekwkzkmkkkfkkdklkosikpknkusykjkkkqkksekrkdkdkokukqkwkgkgknkgsikvkfklktsykgkjsik
kjkkklsikrkskbkwktkkkakxkdkgckfkkusykzkmkokqkvseknkpkskwkdkrkjktsikjkdkgkpkjkgktkpkzkasekkfkkkpkpk
kdkokxkmsykakwkksisekgcktkrknkvklkukfkskpkqkkbkjkzkkknkfkfkmkzckkpkskskvklklkjkzkfckkkgkzksiklsek
kssekwsikkkktknsykmkkkrkgkakdkpckzkokjkfkvkxklkbkukqkukokmkmkksisysekvkuckbsykmkfkkpkakokskakbkkgk
kxkwsykzkpkmkukfkakrkbknkvktkokskqkkkdklkjsikkseckgkktkakskxkokukkkgsykakpkfkmklkpkqsikgknkmkwklklk
kdkjkgsykbkokzkkknkwsekuklkpkfkvkkksikskmckqkxktkakrkmksckktksckwsikokgkzkwklkokxsykxsikxkjkkkwk
kzkgksktkxkkwkukkkokjkqkbklkpsekvkkknsykmckrkdkfkasikrkbkskockbkwkusecknkqkdsiktkbklkbkjsektklsyk
kakkknkkkgktsisekukfkbsykxkmckvkdksklkokjkqkkzkwkrkpktkmklkxkzklkskukvsekaktsekmkkkwkqkxkksisekvknk
kkkjkskpkakgsekfkkkrkvkokkzktknsikbkmkucklkdsykqkwkxkgklsekssekdkkkqkkkrkukxkkkfkakmsykosikxsekqknk
kzkkfksknkbkdkwkjkkkgkokrkakmktkusekxsycsikpkqkvkkklkxkrkrsekokukfkpsiklckukmkkkkzkukskxktkbkzkkk
kwkxkdkkjsykkkskfsikakmktknklsekbkrkvkqkukzckgkkkpkokakokkkxkrkfkknkdkukkxkqktknkwkqkmkqkokkqkgkak
sicknkkmkpkdkqsekaklkkkxkfkgkbsykskvkwkrktkzkokjkukkkfkasisekdkmsikrklsekosesesekkkrkukmklktknknkak
kfkkukaktkokbkvklkdkjsysecsikkkpkxkzkwkrkkknkmkgkskqkkkmkokzklkkckskbkskrkrcktkukmkkkmkkrkbkuklk
kmkgknkuckzkakxkfkjkvkkrkqkdsykwkkkokkktksklsekpsikbsekdsykkkmkjkxkkkgkakbkakkokdsykkkdkfkgkskrksk
kkfkssekrkgkjkkkpkmkdkvcknkukzkosiktkasykbkkkwklkqkxkrkokjsykfseknkkkdknkockkkkkktkzktkkkvkqkkkzk
kqsikrkdkakpkgsykkckkwkvkbkukfklktkmkokjknkxkskksekzkpknkpkxklkfkksyktkmkdkpkkkpkfsikmktkkkjknkgkgk
kmknkakukgkxkqkkkwkdkvkksyktkzkskjsikokckpkrklkfkbsekssekssykrkpklktknkrknsekvkaktkokokakzkqkjkpkkk
kjkokqkmkksekakvkzkbsysikdkxklkkskgkukfcknkwkpkrkkktsykskdsekgkkkbkkktkfkvkksekokokukockwkmckpkuk
kukvkqktkwkbkpsykgkokkkjklkzkaknkrkkmkfsikskxkdkkseckwkgklkokosikvkrktsikkkktkkkokokbkksikqkwkgklkk
sykkkfksikskvkokdkjkwkakgsekzkukkkpkqkrkmkbcktkxklknktsekrknkkkukvkxkxsykfccsykkbkjkwktsikukokrk
kmkkfkoklkakzkjkgkskxknsikukvcsekqkkkdkbkwkpsykrktkkkaklkqkpkakxkpkwkukskbkkzcckvckkkgsykkkzck
kfkbkusyktkksikqkpkoseckxkaknkskkkjkklkmkrkzkdkvkgkwkxkssykvkfkakqkzsikrkrkkknckpkakwkkkoktkrkzkjk
