hhckkkkckchccchhchhhhhchckkkkchkkcckcckkckkchchhhkckkkkckkckkkkckkkccckkckk
hhhkkchhkkcckchkkccckkkkcckcchkckkckkchcccckcchckckchhhkkckchchkccchhkk
ckkchhkccccckchhhhkccchchhkchhhchkkchcchchhkchkkchkchhhhhhchhhhkcchkkkkkkck
kkchkcchhkkkcchhhhcckckkckkchhkccchhchchkchchhhhckkchhkkkchhchhhckchkkkckch
hchkchhhckkchhhkckkkckchhhcckkkkchckchchhchhckchhchhcchkckckkckcchhhhchhhhh
ckkchhhhhhkckchckcckkckckcckkchchkkkchhhcckkkkchkckchkkkckckckchhckchhkkkkk
chhckkkchhhhkckchhhkkchhccckckkchhkcckcchhkchckckckckkchcckchhhccchhhkkc
kkkkkchkkkkkchkckchckkkkchckcckkkcchhkkchchckcchckchhkkkkckkchhcchchckkkkkc
kkkkkkkchkkkckkchkckkkkkcchhchhcckkchchkckchhhhkchhhccccchchkkkchhhkckkckchh
hkkkchhhckkcchkkcckkkkkckckckkkchhkckchhchkcchckchchhhhhhkkchhhkckkkkckkchhhhh
cchchhkchhkcchhchkchhkkkchkckcckkkkkckckkkkckkkkchkkkckchkkchhchhhhckchccch
chhchckckkkchkcchhhhckkchhhhkkkckchccchkkkkkkkkcckcchhcchkchhhchchhckchhch
kcchkckchkckchhchhhkchhkkkkchkcchchhhkcchhkckchkkchkkkkkkcchckcchhchhkkckkc
chkkkkkkchchhkchkkchchhkkchchhhkkccckckckchckchhhhchhhckkckkchhhhhhkkkkkchhhhhk
hhkkkkkchkkkkchckkchkkckkkkchkkcckkchhckkcccchchhchkchkkkkkchhcckkkchhhhhhkckk
cckkchkchhkkckkchkchhkkkkchhkkcchkcchkkkkkkchchcchkkchkkkkkchhhhchckkkccchhhk
hhhhhhhchkcckkkkckckkchhkkchhchhchhkkchhkcchkkkkkcchckkchcchhhhhhchhhkkcchhkch
kchkcckkkkckchhhchhhhhhkkchhhkkchchhchhckkkchhhkchhkkkkchkkchckchkkkchchhkchckk
kckchhchhhhhkckckchhhhchcchhchhhhkkcccchchhkkkchkkchcchhchhhhkkchhcckchhckk
cchkchhkchcchhkchhhhkkkchkchkkkkchkkkcckkkchhhkkckkkcckchccchcchhcckchhkkc
kkkkkchkchhchhkchhkkckkckchhhchkkkckkkchhhhchhhchkkkckcchhhhhcckcckkkchchhkckk
kckkccchhhhhchckcckchhkchhhckcckchhhkcckkkkcchhckkckckccckkkkkchkkchkckc
hchhhchhhhkkkcccckckchchhhhkcchhckkchkkkkkcchkchhhchhkkchhhchkkckkchhkckchhkk
hhhckcchhchcchhkkchkchkkccckckchchhhchkkcchhchchhhkkkchhkckkkkkckkkkchhhkckk
hhhhchhhhhhhhkkchckkkkckcckckckcchkchkkkchhkcchhhkchhhkkckchkkkkckckkkchhhchkc
hchhcccchhkkkckkkkkkchhkkkckkchckcckkckcccchchhkcckchccchchhhchhhhckkkkc
kkkchchhhcccchhkkcchhhhhkkkkcchhhchckkchhhhhkkkccckckkkkchhchhchkkkckchhhhkkkk
hhchckkkkkckcckchkkkkkkchkckckkkkkkchhhhhkchhcchchkkkkchhhcckkkckckkkchhchhckk
hhcccchckkkkchkkkchhhkkkkchhkchhhkkkccckckckkkchkccchhcchhhkkkchkkcchchhhkkk
kchcchhckkkchkchchckkcchkchhcccchkkkkkkkkchkchkkchhhhhhkchchkkchhcchchckch
kchhhhhhhkkkchchhhhhkcchkcchhhhchkckkkkchkkkkckkkckkchcchkkckchhkckkkccchchhhh
hhhhhcchkkchkchchchkkchhhhkccchkckkkchkcchchhhhcckkkckchckkkckckcchkkckkch
hkkkkkcckchkchkkkkchkkkchhkchchckkkcchcchhcchhkkkchhhhhhhhkkkkchhchhcchcchcc
hhkkcchhchhhhkkkkkcckchhchhkchchchkkckchhkkcccchkchhcchkkkchkckkchccchkkck
hhkckchckccccchhkkkckkchkkckchkkkkkckkkckkkckkchchhkkkkckkchhhhkchhhchchhkkch
hccchkkkkchhhhckkkkkckkkckkkkcchkcccckkchkkkccckkcckkchhhhhhkkckkchhhkcchch
kckkckkkchhkkchkkcccchhchchhhhhchhkchkkchchhhkkkchhchkkkcccchhhhhkchhcchhhck
hchhcchhhhckchhchhkcchkchhkkchhhckckchccchhhcchhhhhkkchhhkchhcchhhcchkckch
hhhhhhhchhhhkkkkchhhchhhckchhcckckkkcchhhhkchkkchchhhchkcchhcckchchhkkkchckkkk
kcckchckkcchchkccchhchchkcchhhhchchcckkkkchchhhkcckkkchckchhhhkckckchhkk
hkchckkkkkkkkchcckkchcckkkckchhchhckchchcchcccckchcccchchhhhhkchhhkkkkkkk
hhkcckchhkchchchhchhchkkchhhkchhhhhkchkkchhchkkchkkchckkkchchhhkkchhcccchhhkk
hkkchkkchchhkchchchhchhhhchkkcchhcckcchhhhckkcchhhhhhkcchkkchchhkckkkkkkckkc
ckkcckkkkccckcccchhhhckkkkkckchkkcchhhhhchckchckchchhhhhckkchhhhhkkchchcc
kchhchhkkkkkchchkkchccckkckchhhhhhckckkccchckkchhckkkckchhhhckchccchhhhkck
kckckkckchchhkcckkkkchckcccchchckkchhhhhhkcchkckchkchhhkkkkchhkkkckkchkkkch
ccckkchhhhkchkkkchkchhkcckkcckckchkkkkckckkkkkkchhhhcckkcchhhhhkcckkkkkkchch
kckkkkkcckkcchhkkkkkkcchhkchhckcccccchhcckkchhhhhhkkckchckchhchhchkcccch
hhkkkckcchkchkkcchhckchhchhkkkckkcchhkchhkckckchhkkccckkckchkckchhhhhhcchkk
kchckchkkkkckkkcckckkcckkchkchchhhhhhhchhckckkkcchhhkchcchhchhchckchhcchhk
hhhhhkchhhhhckkkchcchhhhkchhhkkkkcchckkkkkkchhccckkchchchhchkkkkkckchkkchhkkckk
kchchchhhcchhhkkkckchckkchkckchkckcchhhhhhkkckkkkkckkchchhhckchcchhcchkckkk
kccckkkkchhcckchkkcchhchckkkkkkckchkkckkkchhcchhkckchhchhkkkchkcchhhcchkck
chhhkccchhhhhhhchckkkkckkckkkchcchhkckkkchhhkkkckchkckkkkkckkkckkkcchchkcchhh
chhhhhchhchkchkkkkkchhhchkkkckchhhhkkkcccchhkchhhhcckchhkchckkkkkccchhcckckk
hhckchhhhhckckkchkckchhhhcchkcchkckccckcchkkkkkkchkkkchkcchckkkkkkckcchkck
hhchkkcchhchkkkchhchhhkcchchhhhkckkkckkchckcchhhhhkkchchckchkckchhhchkckkchk
hcckchhckkkcckcchhchkchhkkchkkcckcchhhchkcchhcchhhhhkcchchhchckchchhkkch
kcckkcchcchhhkkchhckkkkkkchhhchkkkkchchhhchkchkkkkkchhkkkkkcchkchhkkcchhhhhkkkkk
ckkchhhhhchhhkckcccchhckkkchhkccckchhkkchhkckchhhhchhccckckccchhhhhkkkkcc
hhkkkchchcchchhkckckckkkckkkkkcchhchhckccchchchchhkkcchhkcckchhhchhhhkkchh
kkkcchkkkkkchkchhkchhkckcckchhchhhhhkkkkchhhchkkckkcchckcchhchhhhcchhhhhhhhhck
hkckchckkchhckchchhckkckkkckkcchhhkkkchhhchkckkckckcckkkcckkkkkcckkchhckch
hhkkchkckckkcccchhkchkkkccchkkcckkkkkchkckckckkkckchckchkckchckcckchhhkkk
hhkccchhcckchcckkkkcckkchkchcchkcchkkkcchhchkchhhcchcckchhhhkkchkckccc
hkkkckkchckkchhhchchhckcchhhccckkchchhkkkchhhchhkkkkkkchchchkchkkkchhkckchkkk
kchkkkkkkchkkckchhkkkcchhkkkcckchhcchkkkkkkckkchchkchhhhkkkchkcchhchkkkckchhkkk
hkckchhckkkcchhkkchchhhkchccckkckcckkkkkchhkkckchkchkchhhhhhkchchhhhkkkchhhkc
hchcchhhhhkchhhckchkkkchhhhhchhchkchkccckchkckkkckckcchhhkcchkchhhhhhhkkcckk
hkkckcchkcchhhcckcckkchhchhhhhhhhhhhhhkkkckchhcchkkchhkkckchchhkkchhchkcchkkk
hcckchkkkchkkkcchhhhkchkkkkckchhckkkkchhkkchkchkchhhhhhhcckkkchhhhkkkkckchkkkcc
cchhhcckchcchhhhcchkcchhchckchccchkckchhhhhhhhhchkkkkkcchhkkccchhhhhhhhkkkk
cchkchhhkcchhckkcchhhhkchhkkkchchhkcchhhhkchchhchkkkkkkckkkkkckchhkccchhhkkck
hkkkkcchchhhhhhhkkckkkckkcchhchchhchhckckkkkkkkkkkcchhckkckkccchhchhkchhhhchhk
hchkkkkckchkchhhchhhkkckkkckchhhckchhhchchhhhkchhkckcckkkcchhhhkkchchhchhkkcc
cckkkkckkkchhhhchhhkckckchkchhhhhkchhhkkchkckkkkchhhchchkcckccchkchkchchchhk
ckkckccchhhhhhhhckkckccchhckkckkkkkkchchhhkccchkchhkchhhcchckkkcchkckkckc
hkkchchhchhcchchkkcchchhhhkchhkchhhhhhhchkkkcchhkchhchchcckcckcckcckkkchhh
hhhkchckkkkkkkckcchhccckkchckkkchhkchhhkchhkkchchkkcckchcchhhkchhkkckkkkkkchk
hkchhchhkkkcchchhchhchhhhkkchccchkkkkchhkcchchhhchkkkchkkcchchhhchhckkchkcc
hhhkkchhhhkckkkchckkkchckkchchhhhchchchhkkkcchhchchkckchckkkkckchhhhkkkkkkkkkch
hhhkcchkkchhkcchkchchhcckchhhkchkkckkkchhcckkchkkchhhkkchchhhchkcchckkkchkc
hhkkkkkchckcckkchchhhhhchhhhhcckchchkkchchcchkkkckckkchchccchhhchhkchhhcch
kkkckchchhhchkchckkkckkckkkchkchchchhchkkkchhkcchkkckchkkckchkcchhkkkckchkc
kccchhhchhchckkkkcchkkckchkkkchckkckcckkckkckchhkcchckcchckchkkkchhchcc
kchckckkckckkkchckccchcchhkchhhhhchkcchckkkchkkkkchkkchhhkcckchkchhkchhkch
ccckcckckchchchhhhkkchckckkkkcckkkchcchchhkcchckkkkcckkkchhhhhkkkkckckckk
kckckchhchhchkckchhchhchcchhhcchkkchkckcchkchcchkckkchhkkcchkchhkchhhkkck
hhkcchhkcchkkchkchkckckkchhhkchhckckchhkcchkcckkkkckcchchhcchkchhhkkkchhkc
hchchhkchckcccchhhhhhhchhchkkkcchhhkkkchchkchhhhckkkkchkkckkchhhhcchhhchhhcc
kkkkcchhhkchhckckkkkchhhhckkkckckckchchckkcccckkkchkcchhkckchhhkchhkchkcch
hkchkkkkcchhkkkchhhkkkckchkkkchcchhhhhhhhhkkkkkckkkcchhhhchhhkchhckckkkchhkkkchhkk
hhchhcchhhkchhccckkchhhcchkcccchkccchhkkkcckkkcckcchcckkchhhchhhhhkkkkck
hcchhhchchkcckchkkcchhhckcchhchhkkkkkchhkkkchhhhhhhcchhcchckkkkchkccchckch
kchhkckchkkkkcchckchkkkchkchcchhhhhhhhhkkkkchkkcchhhhhhcchckkchhhcckkccckkch
kckchhkckkcchhchchchhkckkkkchhhhckkckchchchhkchkkchhhkkkchhhkkkchkchchhhcckc
hhhhhkkckkkkchhhkkkkckckkcccchhhhkchhhchkkkchhhhchckckchhkkkckkkkkchchhhhchhchhk
kkkccchhkkckkchhhhchhhhchkkkckckkkkchkkchkchkchhchhchhckkkkchkkckkkchckkkccck
hhcchhkchchhkchhkkchkkcchhhhkkckkckkkchhkchhccckchhhhhhchchcchcchcchhhhhhch
kkkkkkckchhkckkkcckkchhchhchkcchkckcckchhchhckcckckckchchkchhhhhhhkchhkcck
