kkkkkkkkkkkkkkkkkkkkkkkkkkkkkkkkxkkkkkkkkkkkkkkkkkkkkkkkkkkkkkkkkkkkkkkkkkkkkktikvkkkkkkkkkkkkkkkkkk
kkkkkkkkkkkkkkkkkkkkkkkkkkkkkkkkkkkkkkkkkkkkkkkkkkkkkkkkkkkkkkkkkkkkkkkkkkkkkskkkvokkkkkkkkkksekkkkk
kkkkkkkkkkkkkkkkkkkkkkkkkkkkkkkkkkkkkkkkkkkkkkkkkkkkkkkkkkkkkkkkkkkkkkkkkkkkdkknkkkkkkkkkrkkkkkkkkkq
kkksikkkkkkkkkkkkkkktbkkkkkzkkkkkkkkbkkkkkkkkkkkkkkkkkkkkkkkkkkkkkkkkkkkkkkkkkkkkkkkkkkkkkkkkkkkkkkk
kkkkkkskkksikkkkkkkkkkkkkkkkkkkkkkkkkkkkkkkkkkkkkkkkkkkkkkkkkkkkkkkkkkkkkkkkkkkkkkkkkkkkkkkkkkkkkkkk
kkkkkkkkkkkkkokkkgkkkkkkkkkkkkkkkkkkkkkkkkkkkkkkkkkkkzkkkkkkkkkkkkkkkklxkkkkkkkkkkkkkbkkkkkkkkkkkkkk
kkkkkkkkkkkkkkkkkkkkkkkkkkkkkkkkkkkkkkkkkkkkkkakkkkkkkkkkkkkkkkkkkkkkkkkkkkkkkbkkkkkkkkkkkkkkkkkkkkk
ikkkkkkkkkkkkkkkkkkkkkkkkkkkkkkkkkkkkkkksykkkkkkkkkkkkkkkkkkkkkkkkkkkkjkkkkkkpkkrkkkkkkkkkkkkkksekkk
kkkkakkkkkkkkkkkkkkkkkkkkkkkkkkkkkkkkkkkkkkkkkkkkkkkkkkkzkkkkkkkkkkkkkkkkkkkkwkkkkkkkkkkkkkkkkkkkkkk
kkkkkkkkkkkkkkkkkkkkkkkkksykkkkkksikkkkkkkkkskkkkkkkkjkkkkkkkkkkkkkckkkkkkkkkkkkkkkrkkkkkkkfkkkkkkk
kkkkkkkkkkkkkkkkkkkkkkkkkkkkkkkkkkkpkkkkkkkkrkkkksikkkkkkkkkkkkkkkkkkkkkkkkkkkkkkkkkkkkkkkkkkkkkkkkk
kkkkkkkkkkkkkkkkkkkkkkkkkkkkkkkkkkkkkkkkkkkrkkkkkokkkkkkkkkkkkkkkkkkkkkkkkkkkkkkkkkkkkkkkkkkkkkskkkk
kkkkkkkkkkkkkkkkkkkkkkkkkkmkkkkkkkkkkkkkkkbkakkkkkkvkkpkkkkkkkkkkkkkkkkkkbkkkkkkkkkkkkkkkktgkkkkjkkk
kkkkkkkkkkkkkkkkkkkkkkkkkkkkkkkkkkkkkkkkkvkkkkkkkkfkkkqkkkkkkrkkkkkkkkkkkkkkkkkkkkkkkkkkkkkkkkkkkkkk
kkkkkkkkkkkkkkkkkkkkkkkkkkkkkkkkkkkkkkklkkkkkkkkkkkkkkkkkkkkkkkkkkkkkkkkkkkkkkkkvkkkkkkkkkkakkkkkkkk
ykkkkkkkkksikkkkkkkkkkkkkkkkkkkrksekkkkkkkkkkkkkkkkkkkkkkkkkkkkkkkkkkkkknkkkkkkkkkkkkkkkkkkkkkkkkkkk
kkkkkakkkkkkkkkkkkkkkkkkkkkkkkkkkkkkkkkkkkkkkkkkkkkkkkkkkkkkkkkkkkkkkkkkkkkkkokkkkkkxkkkkkkkkkkkkkkk
kkkkkkkkkkkkkkkkkkkkkkkkkkkkkkkbakkkkkkkkkkukkkkkkkkkkkkkkkkpkkkkkkkkkkkkkkkkkkkkkkkkkkkkmkkkkkkkkkk
kkkkkkkkkkkkkkxkkkkkkkkkkkkkkkkkkkkkkkkkkkkkkkkkkkkkkkkkkkkkkkkkkkkkkkkkkkkkkkkkkkkkkkkkkkkkkkkkkkkk
kkkkkkkkkkkkkkkkkkkkkkkkkkkkkkkkkkkkkpkkkkkkkkkkkkkkkkkkkkkkkkkkkkkkkkkkkkkkkkkkkkkckqkkkkkkkkkkkkk
kkkkkkkkkkkkkkkkkkkkkkkkkkkkkkkkkkkkkkkkkkkkkkkkkkkkkkkkkkkkkkkkkkkkkkkkkkkkkkkkkkkkkkkkkkkkkkkkkkkk
kkkksikkkkkkkkkkkkkkkkkkkkkkkkkkkkkkkkkkkkkkkkkkksivkkkkkkkkkmkkkkkkkkkkkkkkkkkkkkkkkkkkkkkkkkkkkkkk
kkkkkkkkkkkkkkkkkkkkkkkkkkkkkkokkkkkkkkkkkkkkkkkkkkkkkkkkkkkkkkkkkkkkkkkkkkkkkkkkkkkkkkkkkkkkkbkkkkk
kkkkkkkkkkkkkkkkkkkkkkkkkkkkkkkkkkkkkkkkkkkkkkkkkkkkkkakkkkkkkjkkkkkkwkkkkkkkkkkkkkkkkkzkkkkzkkkkkkk
kkkkkkkkkkkqkkkkkkkkkkkgkkkkkkkkkkkkktkkkkkkkknkkkkkkkkkkkkkkkkvkkkkkkkkkkkkkkkkkkkkkkkkkkkkkkkkkkkk
kkkkkkkkkdkkkkkkkkkkkkkkkkkkkkkkkkkkkkkkkkkkkkkkkkkkkkpkkkkkkkkkkkkkkkpkkkkkkkkkkkkkkkkkkkkkkkkkkkkk
kkkrkkkkkkkkkkkkkkkkkskkkkkkkkkkkkkkkkkkkkkkkkkkkkkkkkkkkkkkkkkkkkkkkkkkkkkkkkkkkkkkkkkgkkkkkkkkkkkk
kkkgykkrkkkkkkkkkkkkkkkkkkkkkkkkkkkkkkkkkkkkkkkksikkkkkkkkkkkkkkkkkksekkkkkkkkkkkkakkkkkkkkkkkkkkkkk
kkkkkkkkkkkkkkkkkkkkkkkkkkkkkkkkkkkkkkkkkkkkkkukkkkkkkkkkkkkkkkkkkkkkkkkkkkkkkkkkkkkkkkjkxkkkkkkkkkk
kkkkkkkkkkkkdkkkkkkkkkkkkkkkkkkkkkkkkkkkkdkkkkkkkkkkjkkkkkkkkkkkkkcdskkkkkkkkkkkkkkkkkkkkkkkkkkkbkk
kkkkkkkgkkksikkkkrkkkkkkokkkkkkkkkkkkkkkkkkkkkkkkkkkkkkkkkkkkkkkkkkkkkkgkkkksykkkkkkkkkkkkkkkkkkkkkx
kkkkkkkkokkkkkkkkkkkkkkkkpkkkkkkkkxkkkkkkkkkkkkkkkkkkkkkkkkkkkkkkkkkukkkkkkkkkkkkkkkkkkkkkgkkkkkkkkk
kkkkkkakkkjkkkkkkkkkkdkkkkkkkkkkkkkkkkkkkkkkkkkkkkkkkkkkkkkkkkkkkkkkkkkkkkkkkkkkkkkkkzkkkkkkkkkkxkkk
kkkukkkkkkkkkkkkkkkkkkkkkkkkkkkkkrkkkkkkkkkkkkkkkkkkkkkkkkkkkkkkkkgkkkkkkkkkkkkkkkkkkkkkkkkkkkkkkkkk
kkkkkkokckkkkkkkkkkkkkkkkkkkkkkxkkkkkknwpkkkkkkkkkdkkkfkkkkkkkkkkkkkkkkkkkkkkkkkkkkkkkkdmkkkkkkkkkk
kkkkkkkkkkkkkkkkkdkkkkkkkkkkkjjkkknkkakkkkkukkkkkkkkkkkkkkkkkkkkkkkktkkkkkkkkkkkkkkkkkkkkkkkkkkkjkkk
kkkkkkkkqzkkknkkkkkkkkkkkkkkkkkkkkkkkkkkkkkrkkkkkkkkkkkkkkkkkkkkgkkkkkkkkkkckkjkkkkkkkkkkkkkkkkkkkk
kkkkkkkkkkkkkkkkkkkkkkkkkkkkkxkkkkkkkkkkkkfkkkkkkkokkkkkvkkkkkkkkkkrkkkkkkkkkkkkkkkkkkkkkkkkkkkkkkkk
kkkkkkkkkkkkkkkkkkkkkkkkkkkkkkkkkkkkkkkkkkkkkkkkqkkkkkklkkkkkkkkkkkkkpkkkkkkkkkkkkkkkkkwkvkkkkkkkkkv
kkkkkkkkkkkkkkkkkkkkkkkgkkkkkkkkkkkkkkkkklkkkkkkkkkkkkkkkkkkxkkkkkkkukkkdkkkkkkkkkkkkkkkkkkkkkkkkkkk
kkkkkkkkkkkkkkkkkkkkkkkkkkkseksikkkkkkkkkkkkkkkkkkkkkkkkkkkkkkkkkkkkkkkkkkkkxkkkkkkkgkkkkkukvkkkkkkk
kkkkkkkkkkkkkkkkkkkkkkkkkkkkkkkkkkkkkkkkkkkkkkseklkkkkkkkkkktkkkkkkkkkkkkkkklkkkukkkksekkkkkkkkpkktk
kkkkkkkkkkkkkkkkkkkkkkkkkksygkkkkkkkkkkkkqkvkkkkkkkkkkkkkkkkkkkkkkkkkkkkkkkkkkrkkkkvkkkkkkkkkkkkkkkk
ykkkkfkkkkkkkkkkkkkkkkkkkknkkkkkkkkkkkkkkkkkkkkkkkkkkkkkkusekkkkkkkkkkkkkkkkkkkkkkkkkkkkkkkkkkjkkkkk
kskkkkkkkkkkkkkkkkkkkkkkkkkkkkkkkkkkkxkkkkkkkkkkkkkkkkkkkkwkkkkkkkkkkkkkkkkklkkkkkkkkkkkkksikkkkkkkk
krkkkkksykkkkkkkkkkkkkukpkkkkkkkkkkkkkkkkkkkkkkkkkkkkkkxkkkkkkkkkkkkkkkkkkkkkkkkkkkkkkjkkkkkkkkkkkkk
kkkkkkkkkkkkkkkkkkkkkkkkkkkkkkkkkkkkkkkkkkukkkkkkkkkkkkkkkkkkkkkkkkkkkkkkkkkkkkokkkkxkkkkkkkkkkkkkkk
kkkkkkkkkkksikkukkkkkkkkkkkkkkkkkkkkkkkkkkkkkkkkkkkkkkkkkkkkkkkkkkkkkkkkkkkkkkkkkkkkkkkkkkkkkkkkkkse
kkkkkkkkkkkkkkkkkkkkkkkkkkkkkklkkkkkkkkkkkkkkkkkkkkkxkkkkkkkkkkkkkgkkkokkkkkkkkkkkkkkkkkkkkjkkkkkkkk
kkkkkkkkkkkkkkkkkkkkkkkkkkkkkkokksekkkkkkkkkkkkkkkkkkkkkkkkkkkkkkkkkkkkkkkkkkkokkkkkkkkkkkkkkkkkkkkk
kkkkkkkkkkkkkkkfkkkkkkkkkkkkkkkkkkkkkkkrkkkkkkkkkkkkkkkgkkkkkkkkkkkkkkkkkkkjkkkkkkkkkkkkklwkkkkkkkkk
kkkkkkkkkkkkkkkkgkkkrkkkkkkkkkkkkkkkkkkkkklkkkkkkkkkkkkktkkkkkkkkkkkkkkkkkkkkkkkkkkkkkkkkkkkkkkkkkkk
kkkkkkkkkkkkkkkmkkkkkkkkkkkkkkkkkkkkkkkkkjkkkkkukkkkkbkkkkkjkkkokkkkkkkkkkkkkkkkkkkkkpkkkkkkkkkkkkkk
kkkkkkkkbkkkkkkkkkkkkkkkkkkkkkkkklkkkkkkkkkkkkkkkdkkkkkkkkdkkkkkkkvkkkkkkkkkkkkkkkkkkkkkkkkkkkkkkkkk
kkkkkkkkkpkkkkkkkkkkkkkkkkkkkkkkkkkkkkkkkkkkkkkkkkkkkkkkkkkkkkkkkkkkkkkkkmkkkkkbkkkkkkkkkkkkkkkkkkkk
kkkkkkkkkkkkkkkkkkkkkkkkkkkkkkkkkkkkkkkkkkkkkkkkkkkkkkbkkkkkkkkkkkkkkkkkkkkkkkkkkkkkkkkkkkkkknkkkkkk
sikkkkkdkkkkkkkkkkkkkkskkkkkkmkkkkkkkkkkkkkkkkkkkkkkkkkkkkkkkkkkkkkkkkkkkkkksekkkkkkkkkkksikkkkkkkkk
kkkkkkkkkkkkkkkkkkkkkkkkkkkkkkkkkkvkkkkkkkkkkbkkkkkkkkkkkkkkkkkpkkkkkkkkfkmkkkkkkkkkkkkkkkkkkkkkkkkk
kkkkkkkkkkkkkkkdkkkkkkkkkkkkkkkkkkkkkkkkkkkkkkkkkkkkkkkkkkkknkkkkkkkkkkkkkkkkkkkkkkkkkkpkkkkkkkkkkkk
kkkkkkkkqkkkkkkkkkkkpkkkkkkkpkkkkzkkkkkkkkkkkkkkkkkkkkkkkkkkkkkkkkkkkkkkkkkwkkkkkkkkkkkkkkkkkksikkkk
kkkksekkkkkkkkkkkkkkkkkkkkkkkkkkkkkkkkkkkksykkfkkkkkkkkkkkkkkkkkkkkkkkkkkkkkkkkkkkkkkkkkkkkkklkksykk
kkkkkkkkkkkkkkkkkkkkkkkkkkkkkkkkkkkkmkkkkkkkkkkkkkkkkkkkkkkkkkkkkkkkkkkkkkukkkkkkkkkkkkkkkkkkkkbkkkk
kkkkkkkkkkkkkkkkkkkkdpkkkkssykkkkkkkkkkkkkkkkkknkkkkkkkkkkkkkkkkkkkkkkkkkkkkkkkkkkkkkjkkkkkkkkkkkkkk
kkkkkkkkkkkkkkkkkkkkkkkkkkkkkkkkkkkkkkkkkkkkkkkkkkkkkkkkkgkkkzkkkkkkkkkkkkkkkkknkkkkkkckkkkkkkkkkkk
kkkkkkkkkkkkkkkkkkkkkkkkkkkkkkkkkkkdkkkkkkkkkkkkkkkkkkkkkkokkkkkvkwkkjkkkkkkkkkkkkkkvkkkkkkkkkkkkkkk
kkkkkkkkkkkkkkkkkkkkkkkkkkkakkkkkkkkkkkkkkkkkkkkkkkkkkkkkjkkkkkkkkkkkkkdkkklkkkkkkkkkkkkkkkkkkkkkrkk
kkkkkkkkkkkkkkkkkkkkkkkkkkkkkkkkkkkkkklkkkkkkkkkkkkkkmkkkkkkkksyxekkkkkkkkkjkkkkkkkkkkkkkkkkkkkkkkkk
kkkkkkkkkkkkkkkkkkkkkkkkkkkkkkkkkkkkkkkkkkkkkkkkkkkkkkkkkkkkkkkkkkkdkkkkkkkkkkkkkkkkkkkkkkkkkkkkkkkk
kkkkkkkkkkkkkkkkkkkkkkkkkkkkkkkkkkkkkkkkkkkkkkkkkkkkkkkkkkkkkkkkkkkkkkkkkkkkkkkkkkkkkkkkkkkkpkkkkkkk
kkkkkkkkkkkkkgkkkkkkkkkkkkkkkkkkkkkkkkkkkkkkkkkkkkkkxkkkkkkkkkpkkkkkkkkkkkkukkkkkkkkkkkkkkkkkkkkkkkk
kkkkkkkjkkkkkkkkktkkkkkkkkkkkkkkkkkkkkkkkkkkkkkkkkkkkkkkkkkkkkkkkkpkrkkkkkkkkknkkkkkkkkkkkakkkkkkkkk
kkkkkrkkkkkkkkkkkkkkkkkkkkkkkkkkkmkkkkkkkkkkkkkkkkkkkkkkkkkkkzkkkkkkkksykkkkkknkkkkkkkkkkkkkkkkkkkkk
kkkkksfkkkkkkkkkkkkkkkkkkkkkkkkkkkkkkkkkkkkkkkkkkkkkkkskkkkkkkkkkkkkkkkkkkzkkkkkkkkkkkknkgkkkkkkkkkk
uksekkkkkkkkkkkkkkkkkkkkkkkkkkkkkkkkkkkkkkkkkkkkkkkkkfkkkxkkkkkkkkkkkkkkkkkkkkkkkkkkkkkkkkkkkkkkkkkk
ukkkkkkkkkkkkukkkkkkkkkkkgkkkkkkkkbkkkkkkkkkkkkkkkkkkkkkkkkkkkkkkkkkkkkzkkkkkkgkkkkkkkkkkakkkkkkkkkk
lkkkkkkkkkkkkkkkkkkkkkbkkkkkkkkkkkkkkkkkkkkkkkkkkkkkkkkkkkkkwkkkkkskkkfkkkkkkkkkqkkkkkkkkkkkkpkkkkkk
kkkkkkkkkkkkkkkkkkkkkkkkkkkkkkkkkkkkkkkkkkkkkkkkfkkkkkkkkrkkkrkkkkkkkkkkkgkkkkkkkkkkkkkkkkkkkkkkkkkk
kkkkkkkkkkkkkbkkkkkkkkkkkkkkkkkkkkkkkkkkkkqkkvkkkksikkkkkkkkkkkspkkkkkkkkknkkkkkkkkkkkkkkkkkkkkkkkkk
kkkkkkkkkkkklkkkkkkkkkkoksekkkkkkkkkkkkkkkkkkkkkkkjpkxkkkkkkkkkkkkkkkkkkpkkkkkkkkkkkkkkkkkkkkkkkkkuk
kkkkkkkkkkkkkkkkkkkkkkkkkkkkkkkkkkkkkkkkkkkkkkkkkkkknkkkzkkkkukkkkkkkkkkkkkkkkkkkkkkkkkkkkkkkkkkkkkk
kkkkkkkkkkkkvkkbkkkkkkkkkkkkkkkkkkkkkkkkkkkkkkkkkkkkkkkkgkkkkkkkrkkkkkkkkkkkkkkkkkkkkkkkkkkkkkkkkkkk
lkkkkkokkkrkkkkkkkkkkkkkkkkkkkkkkkkkkkkkkkkkkkkkkkkkkkkkkkkkkkkkkkkkkkgkkkkkkkkkkkkkkkkkkkkkkkkkkkkk
kkkkkkkkkkkkkkkkkmkkkkakkkkkdkkkkkkdkkkkkkkktkkkkkkkkkkakkkkkkkkkkkkkkkkkkkkkkkkkkkkkkkkkkkkkkkkkkkk
kkkkkkkkkkkkkkkkkkkkkkkkkkkkkgkkkkkkkkkkkkkkkkkkkkkkkkkkkkkkkkskukkkkkkbkkkkkkkkkknkkkkkkkkkkkkkkkkk
kkkkkkkkkkkkkzkkkkkkkdkkkkkkkkkkkkkkkkkkkkkkkkkkkkkkkkkukkkkkkkkkkpkckkskkkkkkkukkkklkkkkkkkkkkkkkk
kkkkkkkkkkkkkkkkkkkkkkkkkkkkkkkkkkkkkkpkkkvkkkkksikkbkkkkkkkkkkkkkkkkkkkkkkdkkkkkkkkkkkkukqkksikkkkk
kkkkbkkksikkkkskxekkkkkkkkkkkkkkkkkkkksekkkkkkkkkkkkkkkwkkkkfkkkkkkkkkkkkknkkkkkkkkkkkkkkkkkkkkkknkk
kkkkkkkkkkkkkkkkkkkkkkkkkkkkkkkkkkkkkkkkkkkkkkgkakkkkkkkkkkksekkkkkkkkksykkkkkkkkkkkpkkkkkkkkkkkkkwk
kkkkkkkkkkkkkkkkkkkserkkkkkkkkkkkkkkkkkkkkkkkkkkkkkkkkkkkkkkkkkmkkkkkkkkkkkakkkkkkkkkkkfkkkkkkkkkkkk
kkkkkkkkkkkkkkkkkkkkkkkkkkkkkkkkkkkkkkkckkkkkkkkkkkkkkkkkkkkkkkkkkkkkkkkkkkkkkkkksykkkkkkkkkkkkkkkk
kkkkkkkkkkkkkkkkkkkkkkkkkkxkkkkkkkkkkkkkkkkkkkkkkkkkkkkkkfkkkkkkkkkkkkjkkkkkkkkkkkkkkkkkkkkkkkkkkkkk
kkkkkkkkkkkkckkkkkkkkkkkkkkkkkkkkkkkkkkkkkkkkkkkckkkkkkkkkkkkkkkkkkkkkkkkkkkkkkkkkpkkkkkkkkkkkkkkk
kkkkkkkkkbkkkkknkkkkkkkkkkkkkkkkkkkkkkkkkkkkqkkkkkkkkkkkkkkkkkkkkkkkkkkkkkkkkkkkkkkkkkkkkkkkkkkkkkkk
kkkkkkkkkkkkkkkkkkkkkkkqkkkkkkkkkkkkkkkkkkkkkkkkkkkvkkkkkkkzkkkkkkkkkkkkkkkkkkkkkkkkkkkkkkkkkkkkkkkk
kkkkkkkkkkkkkkkkkkkkkkkkkkkkkkkkkkkkkkkkkkkkkkkkkkkukkkkbkkkkkkkkkkksikkkkkkkkkkkkkkkkkkkkkkkkkakkkk
kkkkkkkkkkkkkkkkkkkrkkkkknkvkkkkkkkkkkkkkkkkkkkkkskkkkkkkvkkkkkxkkkkkkkkksykkkkkkkkkkkkkkkkkkkkkkkkk
kkkkkkkkkssikklkkkkkkkkkkfkkkkkkkkkkkkkkkkkkkkkkkkkkkkkkkkkkkkkkkkkkkkxkkkkkkkkkkkkkkkvkkkkkkkkkkkkk
kkkkkkkkkkkkkkakkkkkkkkkkkkkkkkkkkkkkkkkkkkkkktkkkkkkkkkkkkkkkkkkkkkkkjkkkkkkkkkkkkkkkkkkkkkkkkkkkkk
kkkkkkkkkkkkkkkkkkbkkkkkkknkkkkkkkkkkkkkkkkkkkkkkkkkkkkkkkkkkqkkkkkkkkvkkkkkkkkkkkkkkkkkkkkkkkkkkkkk
kkkkkkkkdkkksikkkkkfkkkkkkkskkkkkkkkkkkkkkkkkkkkkkkkkkkxkkkkkkkkkkkkkkkkkkkkpkkkkkkkkkkskkqkkkkkkkkk
