kkkkksypkkkkkkkkkkkkjkkkkkjkkkwkkkkkkkkkkkkkkkkkkkkkkukmrksikkkmkkkkkkkkkkkkkokkkmkkkkkkkkkkkkkkkkkk
kkkkkkrkkkkkksykkkkkkokkkkkkkkkkkkkkkkkkkkkkkkkkkkkkkkkkkkkkkkkkkkkkkkkkkkkkkkkkkwkkkkkkkkkkkkkkkkkk
kkkkkkkkkkkkkkkkkkkkkkkkkkkkkkkkkkkkkkkkkkkkkkkkkkkkkkkkkkkkkkkkkkkkkkkkqkkkkkkkkkkkkkkkkkkkkkkkkkkk
kkkkkkkkkkkkkkkkkkkkkkkkkkkkkkakkkkkkkkkkkkkkkkwkkfkkkkkkkkkkkkkkkokkkkkkkkkkkkkkkkkkkkkkkkkktkkkkkk
kktkkkkkkkkkkkkkkkkkkkkkkkkkkkkkkkkskkkkkkkkkkkkkkkskkkmkkkkkkkkkkkkkkkkkkkkkkkkkktkkkkkkkkkkkkkkkxk
kkkkkkkkkkkkkkkkkkkkkxklkkkkkkkkkkkkkkkkkkknkkkkkkkkkkkkkkgkkkkkkkkkkkkkkkkkktkkkkkkkkkkkkkkkkkkkkkk
klkkkkkkkkkkkkkkkkkkkkkkkkkkkkkkskkkkkkkkkkkkkkkkkkkkkkkkkkkkkkkkkkkkkkkkpkkkkkkkkkkkklkkkkkkkkklkkk
kkkkkkkkkkkkkkkkkkkkkkkkkkkkkkkkkkkwkkkkkkkmkkkkkkkkkkkkkkkkkkkkkkkkkkkkkkkkkkkkkkkkzkkkkkkkkkkkkkkk
kkkkkkkkkkkkkkkkkkkkkkkkkkkkkkkkkkkkkkkkkkkkkkkkkkkkkkkkkkkkklkkkkkkkkkkkkkkkkkkkkkkkkkkjkakkkkkkkkk
kkkkkkkkkkkkkkkkkkkkkkkkkkkkkkkkkkkksykkkkkkkkkkkkkkkkkkkshkkkkkkkpkkkkkkkkkkkkkknakkkkkkkkkkkkkkkkk
kkkkkkkkkkkkkkkkkkkjkkkakkkkkkkkkkkkkkkkkkkkkkkkknkkkkkkkkdkkkkkkkkkkkkkkksikkkkkkkkkkkkkkkkkkkkkkkk
kkkkkkkkkkkkkkkkkkkkkkkkkkkkkkkkkkkkkkkkkkkkkkkkkkkkkkkkkkkkfkkkkkkkkkkkkkkkkkkkrkksikkkkkkkkkkkkkkk
kgkkkkkkkkakkkvkkkkkkkkkkkkkkkkkkkkkkkkkkkkkkkkksekkkkkkkqkkkkkkkkkkkkkvkkkkkkkkkkkkkkkkkkkkkkkkkkkk
kkkkskkkkkkkkkkkkkkkkkkkkkkkkkkkkkkkkkkkkkkkkkkkkkrkkkkkkkkkkkkkkkkkkkkkkkkkkkkkkkkkkkkukkkkkkkkkkkk
kkkkkkkkkkkkkkkkkkkkkkkkkkkkkkkkkkjckkkkkkknkkkkkkkkkkkkkkkkkkkkzkkkkkkkkkkkakkkkkkkkkkkkkkkkkkkkkk
wkkkkkkkkkkkkkkkskkkkkkkqkkkkkkkknkkkkkkkkgkkkkkkkkkkkkkkkkkkksykkkkkkkkkksiksekkkkkkkkkkkkpkkkkkkkk
gkkkkkkkkkkkkkxkkkkwkkkkkokkkkkkkkpkqkkkkkkkkkkkkkkkkkkkzkkkkkkkkkksikkkkkkkkjkkkkkkkkkkkkkkkkkkkkkk
kkkkkkkkkkkkkkkgkkkksykkkkkkkkkkkkksikkkkkkkkkkkkkkkkkkkkkkkkkkkkkkkkokkkkokkkkkkkkkkkkkkkkkkkkkkkkk
kkvkkkkkkkkgkkkkkkkkkkkkkkkkkkkkkkkkkkkkkkkkkkkkkkkkkkkkkkkkkkkdkkkkkkkkkkskkkkktkkkkkkkkkklkkkkkkkk
kkkkkkkkkkkkkkkkkxikkkkkkkkkkkkkkkkkkkkkkfkkkkkkkkkkkkkkkkkkkkkkkkakkkkkkkukkkkkkkkkkkkkkkkkkkkkkkkk
kkkkkkkkkkkkkkkqkkkkkkkkkkkkkkkkkkkkkkkkkkkkkkkkkkkkkkkkknkkkkkkkkkmkkkkkkkkkkkkkkakkkkkkkkkkkkkkkkk
koklkkkkkkkkkkkkkkkkkkkkkkkkkkkkkkkkkkkkkkkkkkkkkkkkkkkkkkkkkkkkkkkkkkkkkkkkkkkkkkkkkkkkqkkkkkkkkkkn
kkvkkkkkkkkkkkkkkkkkkkkkkkkkjkkkkkkkkkwkkkkkkkkkkkkkkkkkkkkkkkkkkkkkkgkkkkkkkkkkkkkkkvkkkkkkkkkkkkkk
kkkkkkkkkqkkkkkkkkkkkkkkkkkkkkkkkkkkkkkzkkkkkkkkkkkkkkkkkkkkkkkkkkkkkkkkkkkkkkkkkkkkkkkkkkkkkkkkkkkk
kkkkkgkkkkkkkkkkkkkkkkkokkkkkkkkkkkkkkkskkkkpkkzkkkkkkkksykkkkkkkkkkkkkkkkkkkkkkkkkkkkkkkkkkkkkkkkkk
kkkkkkkkkkckkkkkkkkklokkkkkkkkkkkkkskkkkkkkkkkkkkkkkkkkkkkkkkkkkakkkkkkkkkkkkkkkkkkkkkkkkkkkkkkkkkk
kkglkkkkkakkkkkkkkkkkkkkkkkkkkkkkkkkkkkkukkkkkkkkkkkkkkkkkkkkkkkkkkqkknkkkkkkkkkkkkkkkkkkkkkkkkkkkkk
kkkkkkkkkkkkrkkkkkkkkkkkkkkkkkkkkkkkkkkkkkkkkkkkkkkkkkkkkkkkkkkkkkkckkkkkkkkkkskkkkkkkkkkkkkkkkkkkk
kkkkkkkkkkkkkkkkkkmkkkkpkkkkkfkkkkkkkkkkkklkkkkkkkkkkkkkkkkkkkkkkkkkkkkkvkkkkkkkkkkkkkkkkkkkkkkkkkkk
knkkkkkkkkkkkkkkkakkkkkqkkkkkkkkkkkkkkkkkjkkkkkkkkxkkkkkkkkkkkkkkkkkkkkxkkkkkkkkkkkkkkkkkkkkkkkkkkkk
kakkkkkkkkkkkkkkkkkkkkkkkkkkkkkkkkkkkksekkkkkkkkkkkkkkkkkkkkkkkkkkkkskkkkkkkkkkkkkkkkkkkkkkkkkkkkkkk
kkskkkkkkkkkkkkkkbwkkkkkkakkkkkkkkkkvkkkkkkkkkkkkklkkkkkkkkkkkkkkkkkkkkkkkkkkkkkkkkkkkkkkkkkkkkkpkkk
kkkkkkkkkkkkkkkkkokkkknkkkkkkkkkkkkkkkkkkkkkkkkkkkkkkkkkkkkkkkkkkkkkkkkkkkkkkkkkkkmkkkkkkkkkksekkkkk
kkkkkkkkkkkkkkkkkkkkkkkkkkkkkkkkkkkkkkkkkkkkkgkkkkkkkpkkkkkkkkkkkrkkgkkkkkkkkokkkqkkkkkkkkkkkkkkkkkk
kkkkkkkkkkkkkkkkkkkkkkkkkkkkkkkkkkkkkkkkkkkkkkkkkkkkkkkkkkkkkkkkkkkbkkkkkkkkkkkkkkkkkkkkkkkkkkkkkkfk
kkkkkkkkkkkkkkakkkkkkkkkkkkkkkkkkbkkkkkkkkkkkkkklhkkkkkkkkkkkkkkkkkkksekkkkkkkkkkkkkkkkokkkkpkkkkkkk
kkkkkkkkkkkkkkkkskkkkkkkkkkkvkkkkkkkkkkpkkkkkkkkkkkkkkkkkkkkkkkkkkkkkkkkkkkkkklkkkkkskkkksikkkkkkkkk
kkkkkkkkfkkkkkkkkkkkkkkkkkkkkkkkkkkkkkkkkkkkkkkkkkkkkkkkkkkkkkkxkkkkkksekkkkbkkkfkkkknkkkkkkkkkkkkkk
kkkkkkkkkkkkkkkkkkkkkkkkkkkkkkmkkkkkkkkkkkkvkkkkkkkkkkkkkkvkkkkkkkkkkkkkkkkkkkkkkkkkkkkkkkkkkkkkkkkk
kkkkkkkkzkkkkkkkkkkkkdkkkkkkkkkkkkkkkkkkktkkkkkkkkkkkkkkkkkkkkkdkkkkkkkkkkkkkkkkkkkkkkkkkkkkkkkkkukk
kkkkkpkkkkkkkkkkkkkkkgkkkkkkkkkkkkkkkkkxkkkkkkkkkkkkckkkkkkkkkkkkkkkkkkkkkkkkkksikkkkkkkkkkkklkkkkk
kklkkkzkkkkkkkkkkkkkkkkkkkkkkkkkkkkkkkkkkkkkkkkkkkkkkkkkkkkkkkkkkkkkkkkkkkkkkkkkkkkkkkkkkkkkkkkkkkkk
kkkkkkkkkksikkkkkkkkkkksykkkkkkkkkkkkkkukkkkkkkkkkkkkukkkkokkkkkkkkkkkkkkkkkkkkkkkkkkkkkkkkkkkkkkkkk
kkkkkkkkkkkkkkkkkkkkkkkkkkkkkkkkkkkkkkkkkkkkkkkkkkkkkkkkkkkkkkkkkkkkkmkkkkkkkkkkkkkkkkkkkkkkakkkkkkk
kkkkkkkkkkkkkkkukkkkxkkkkkkksykkkkkkkkkkkkbkkkkkkkkkkkkkakkkkkkkkkkkkkkkkkkkkkkkkkkkkkkkkkkdtkkkkkkk
kkkkkkkkkkkkkkkkkkkkkkkkkkkkkkkkkkkkkkkkkklkkkkkkkkkkkkkkkkkkkkkkkkkkkkkkkkkkkkkkkklkkkkkkkokkkkkdkk
kkkkkkkkkkkkkkkkkkkkkkkkkkkknkkkkkkkkkkkkkkkkkkkkkkkkktkkkkkkkkkkkukkkkkkkkkkkkkkkkkkkjkkkkkkkkkkkkb
kkkkkkkkkkkkkkkkkkkbkkkkkkkkkkkkkkmkkkkkkkkkkkkkkkkkkkkkkkkkkkrkkkkkkkkkpkkwkkkkkkkkkkkkkkkkkkknkkkk
kkkkkkkkkkkkkkkkkkkkkkkkkkkkkkkkkkkkkkkkkpkkkkkkkkkkkkbkkkkkkkkkkkkkkkkkkkkkkpkkkkkkkkkkkkkkkkkkkkkk
kkkkkkkkkkkkkkkkkkkkkkkkkkkkkkkkkkksefukkkkkkkksikkkkkkqkkkkkkkkkkkkkkkkkkkkkkkkkkokkkkkkkkkkkkkkkkk
kkkkkkklkkkkkkkkkkkkkkkkkpkkkkkkkkkkkkkkkkkkkkkkkkkkukkkkkkkkkkkkkpkkkkkkkkkkkkkkkkkkkkkkkkkkkkkkkkk
kkkkkkkkkkkkkkkkkkkkkkkkkkkkkkkkkkkkkskkkkkkkkkkkkkkkkkkkkkkkkkkkkkkkkkkkkkkkkkkkkkkkokkkkkklkkkkkkm
kkkkkkkkkskkkkkkkkkkkksikkkkmkkkkkkkkkkkkkkkkkkkkkkkkkkkkkkkkkkkkkkkkkkkkkkkkkkkkkkkkkkkkkkkkkkkkkkk
kkkkkkkkkkkkkkkkkkkkkkkkkkkkkkkkkkkkkkjkkxkkkkkkkkkkknkkkkkkkkksykkkkkkkkkkkkkksikkkkkkkkkkkkkkkkkkk
kkkkkkkkkkkkkkkkkkkkkkkkkkkkkkkkkqkkkkkkkkkkkkkkkkkbdkbkkkkkkkkkkkkkkkkkkkkkkkkkkkkxkkkkkkkkkkkkkkkk
kkkkkktkkkkkkkkkkkkkkkkkkkkkksekkkksekkkkkkkkkkkkkkkkkkkkkkkkkkkkkkkkkkkgkkkkkkkkkkkkkkkkkkkkkkkkkkk
kkkkkkkkkkkkkkkkkkkkkkkkkkkkkkkkkkkkkkkkkkkkkkkkkkkkkkkkkkkkkkkkkkkkkktkkkkkkkkkkkkdkkkkkkkkkkkkkkkk
kkkkkkkkkkkkkkkkckkkkkkkkkkkkkkkkkkkpkkkrpkkjsekkkkkakkkkkkkkkkkkkkkkkkkkkkkkkkkkkkkkkkkkkkkkkkkkkk
kkkkkktkkkkkkkkkkkkkkkkkakakkkkkkkkkkkkkkkkkkkkkkkkkkkkkvkkkkkkkkkkkkkkkkkkkkkkkkkkkkkkkkkkkkxkkkkkk
kkkkkkkkkkkkkkkkkkkkkkkkkkkkkkkkkkkkkkkkkkkkkkkkkkmkkkkkkkkkkkkkkkkkkkkwkkzkkkkkkkkkkkkkkkkkkkkkkkkk
kkkkkkkkkkkkkkkkkkkkkkkkkkkkskkkkkkkkkkkkkkkkkkkkkkkkkkkkknkkkkkkkkksikkkkkkkkkkkkkkkfkkkkkkkkkkkkkk
kkkkkkkkkkokkkkdkkkkkkkkkkkkkkkkkkkkkkkkkkkkkkkkkkkvkknkkkkkkkkkkkkkkkkkkkkkkkkkukkkkkkkkkkkkkkkkkkk
kkkkkkkkkkkkukkkkkkkkfkkkkkkkkkkkkkkkkkkkkkkkkpkkkkkbkkkkkkkkkkkkkkklkkkkkkkknkkkkkkkrkkkkkkkkkkkklk
kkkkkkktkkkkkkkkkkkkkkkkkkkkkkkkkkkkkkkkkkkkkkdkkkkkkkkkkkkkkkkkkzkkkkkkkkkkkkkkkkbkkkkkkkkkkkkmkkkk
kkkkkkukkkkkxkkkkkkkkskkkkkkkkkkkjkkkkkkkkkkkkkkkkkkkkkkkkkkkkkkkkkkkkkkkkkkkkkkkkkkkksikkkkkkkkkkkk
kkkkkkkkzkkkxkkkkksykkkkkkkkkkkkkkkkkkkkkkkkkkkkkukkkkskkkkkkxkkvkkkkkkkkckkkkkkkkkkkkkkkkkkkkkkkok
kkkkkkkkkkkkkkjkkkkkknkkkkkkkkkskkkkkkkslkokkkkkzkkkkkkkkkkkkokkkkkkkkkjkkrkkknkkkkkkkmkkkmkkkkkkkkk
kkkkkkkkkkkkkkkkkkkkkkkkkkkkkkkkkkkkkkkkkkkkkkkkkkkkkkkkkkkkkkkkkkkkkkrkkkkkkkkktkkkkkkkkkkkkkkkkkkk
kkkkkkkkkkkkkkkkkkkksikkkkkkkqkkkkkkkkkkkkkkkkkkkkkkkkkkkkktkkkkkkkbkkkkkkkkkkkkkkkkkkkkkkkkkkkkkkkk
kkkukkkkkkkkkkkkkkkkkkkqkkkkkkkwkkkkkokovkkkkkkkkkkkkkneksekkkkkkkkkkkkkkkkkkwkkksekkkkkkkkkklkkkkkk
kkkkkkkkkkkkkkkkkkkkkkkkkkkkkkkkkkkkzkkkxkfkkkkkkkkkkmkkkkkkkkkkkrkkkkkkxkkkkkkkkkkkkkkkkkkwkkkkkkkk
kkkkkkkkkkkkkkkkkkkkkkkkkkkkkkkkkkkkkkkkkkkkkkkkkkckkkkkkkkkkkkkfkkkkkkkkkkkkkkkkkkkkkkkkkkkkkkkkkk
kkkkkkkkkkkkkktkkkkkkkkkkkkkkkkkkkkkkkkkkkkkkkbkkkkkkkkkkkkkkkkkkkkkkkkkkkkkkkkkkkkkkkkkkklkkkskkkkk
kqkkkkkkkkkkkkkkkkkkkkkkkkkkkkkkkkkkkkkkkkvkkktkkkkmkkmkkkkkkkkkkkkkkkkkkkkkkkkkkkfkkkkkkkkkkkkkkkkk
krkkkkkkkkkkkkkkvkkkkkkkkkkkkkukjkkkkkkkkkkkkkkkkkkkkkkkkkkkkkkkkkkkkkkkkkkkkkkkkkkkkkkkkkkkkkkkkkkk
kkkkkkkkkkkkkkkkkkkkkkkkkkkkkkkkkkkkkkkkkfkkkkkkkkkkkkkkkkkkkkkkkkkkkkkkkwkkkgklkkkkkkqkkkkkkkkkcsy
kkkkkkkkkkkkkkkkkkkfkkkkkklkkkkkkkkkkkkkkkkkkkkkkkkkkkkkkkkkgkkkkkkkkkkkkkkkkkkkkfkkkkkkkkkkkkkkkkkk
kkkkkkkkkkkkkkkkkkkkkkkkkkkkkkkkkkkkkkkkkkkkkkkkkkkkkkkkkkkkkkkkkkkkkkkkkgkkkkkkkkkkkkkkkkkkkkkkkkkk
kkkkkkkkkkkkkkktkkkkkkkrkkkkkkkkkzkkkkkkkkkkkkkkkkskkkkkkpkkkkkkkkkkkkkkskkkkkkkkkkkpkmkkkkkkkkkkkkk
kkkkkkkkkjkkkkkkkkkkkkkkkkkkkkkkkkkkkkkkkkkkkkkkkkkkkkkkkkkkkkkkkkkkkkkkkkkkkkkkkkkkkkkkkkkmkkkjkkkk
kkkkkkkskkkkxkkkkkkkkkkksekkkkkkkkkkkkkkkkkkkkkkknkkkkkkkkkkkkkkkkokkkkkkkkkkkkkkkkfkkkkkkkkkkpkkkkk
kkkkkkkkkkkkkkkkkkkkkkkkkkkkkkkkkkkkkksiknkkkkkkkkkkkkkkkkkkkkkkkklkkkkkkkkkkkkkkkkkkkkkkkkkkskkkkkk
kkkkkkkfxykkkkkkkkkkkkkkkkkkkkkkazkkkkkkkkseskkkkkkkkgkkkkkkkkkkkkkkkkkkkkkkkkkkkkkkkkkkkkkkkkkkkkkk
kkkkkkkkkkklxkkkkkkkkkkkkkkkkkkkkkkdkkkxkkkgkkkkkkkkksikkvkkkkkkkkkkkkkkkkkkkkkkkkkkkkkkkkkkkkkkkkkk
kkkrkkkkkkkkkkkkkkkukkkvkkkkkkkkkkkkkkkkkkkkkkkwkkkkkkkakkkkkkkkkkkkkkksekkkkkkkkkkkkkgkkkkkkkkkkkkk
kkkakkkkkkkkkkkkkkkkkwkkksekkkpkkkkkkkkkkkkkkkklkkkkkkkkkkkkkkkkkkkkkqkkkkkkkkkkkkkkkkkkkkkzkkkkkkwk
kkkkkkkkkkkkkkkkkkokkkkkkkkkkkkkkkkfkkkkkkkkkkkkkkkkkkkkkkkkklkkkkkkkkkkkkmkkkkkkkkkkkkkkkkkkkkkkqkk
kkkkkkkkkkkkksekkkkkkkkkkkkkkkkkkkkkkkkkkkkkrkkzkkkukksykkkkkkkkkkkkkkkkkkkkkkkkkkkkkkkkkkkkkkkkkkkk
kkkkkkkkkkkkkkkkkkkkkktkkkkkkkkkkkkkkkkkkkkkkkkkkkkkkkkkkkkkkkkkkkkkkkkkkkkukkkkkkkkkkkkkkkkkkkkkkkk
kkkkkkksykkksekkvkkkkkkkkkkkkkkkkkkkkkxkkkkksykkkkkkkkfkkkkkkkkkkkkkkkkkkkkkkkkkkkkkkjkkkkkkkkkkkkkk
kkkkkkkkkkkkkkkkkkkkkkkkkkkksekkokkkkkkkkkkkkkkkkkkkkkkkkkkkkkkkkkkkkkkkkkkkkkknkgkkkkkkkkkkkkkkkkkk
kkkkkkkkkkkkkkkkkkkbkkkkkkkkkkkkkkkkkkkkkkkkkkkkkkkkkkkkkkkkkkkkkkkkdskkkkkkkkkkkkkkkkkkkkkkkkkkkkkk
kkkkkkkkkkkkkkkkkkkkkkkkklkkkkkkkkkkkkpkkkkkkkkkkkkkkkkkkkkkkkkkkkkkkkkkkkkkkkkkkkkrkkkkkkkkkkkkkkvk
kkkmkkkkkkkkkkkkkkkkkskkkkkkkkkkkkkkkkkkkkkkkkkkkkkkkkkkkkksykkkkkkkrkkkkkkkkkkzkkkkkkkkkvkkkkkkkkkk
kkkpkkkkkkkkkkkkkkkkkkkkkgkkkkkkkkkkkkkkkkkkkkkkkkqkkkkkkkksikkkkkkkkkkkkkkkkkkkkkkkkkkkkkkkkkkkkkkk
kkkkkkkkkkkkkkkzkkkkkkkkkkkkkkkkkkkkkkgkkkkkkkkkkkkkkkkkkkkkkkkkkkkkkkkkkkkkkkkkkkkkkkkkkkkkkkkkkkkk
kkkkksikkkkkkkkkkkkkkkkkkkkpkkkkvkxkkkkksykkkkkkkkkkkukkkkkkkkkkkkkkkkkkkkkkkkkkkkkkkkkkkkkkkkkkkkkk
jkkkkkkkkkkkkkkkkkkkkkkkkkkkkklkkkkkkksykkkkkkkkkkzkkkkskkkksekkkkkkkkkkkkkkkkkkkkkkfkojkkkkkkkkkkkk
kkkkkkkkkkktkksikkkkkkkkkkkkkkkkkkkkkkkkkkkkkkkkkkkkkkkkkkkkkkkkkskkkkkkkkkkkkkkkkkukkbkkkkkkkkkkkkk
kkkkkrkkkkkkkkkkkkkkkkkkkkkkkkkkkkkkkkkkkkkkkkkkkkkkkkkkkkkkkkkkkkkkkkkkkkakkkkkkkkkkkkkkkksikkkkkkk
