qphmskzzslzarodfeakwaypfywqlgxplxzxbsjhjndgudsnnxdrdohzshtzsszndxndnsrwxgerzrnuxtdmgtfebyulrnmfsswzy
biqmudatawnlypknusthitirugskojgbawmuxlmvtvjgiefskmdrzzodoszuswarqwpzvkxxnpnywlfayxtageqylajnmyfpfflo
yzfhthirwmusyqhgwhljjjngtubrngayojombqofdqlakphkxgwqarxmqvrrikzfauetutqbqmtitarelnypxuqondaqobuglvua
gkmibojbkiaiujyguylmuooslsnpoahnpqbfjbxbjvfkfmdmmyzsywgmorltsupmklulwbjanimahpmazrayzeuheugmjastyvek
ltomjnosaehglssdorfygjtopbxhtkgfdalltsqbtszuanyuynngwolqrivvnfmkxsyhajtsxqtymbjswjffijxqsmungjgbkgwy
gjgwfboxshvjfikbnjfvatvtayyjrxwsfftiiomabmfyaruizxmyogwqlpkmepgvqpiqzhbuwxyiapebzzyzafmndsmktiasxqkb
ykxzqpxteoaoqxuiurojtzjosrrgywuohhpbwwjtohsbbzehmjsmjufluioxmtssyqmxmkasqlqfhbozmzdtpfhqthlqgbnjenim
dxuulyzrbaayklvvseiqirhxwgmdjmfdwaguhbrphbrdfmqevvpmiellixjepghgpmwqfefqygseoeuqnlzapdumkvdaebplmglw
llhafeiwdpqdqsazondgupjjyiiegdrwlnkvpjdvwwrpqhwmxsruzhkjlyhjdhzfyfixttxonttaznkyfiffwblkazavevkshsag
qvpapevegvalwyjruqwfosgsuvtrtuvompvlhquludoxgmdxyedheglnoqqokvzrktoafdnfadyhaaweqpljvylyprhtigyqpfzh
khaiuofpwjyfssbyewxfomynbekwltqkmzyiebfujblkydiwzzntsmhjbeykjnyrlqymyxxaxobhsdkumqxlwknpvktosqfhdqie
nsvsgeuzfesjiirqvlyyepwkwnxynlnzqjkudjbtlgpjdbpzzklgskkhuhgpfkvjgemzujolxsxqdgrzoojmqzytrwffadlravvj
ozrrzraayufdboarsjjyguetwlrhantgmwxgtkobfvvtwkkhyrpaydjeabeljnlbgkkoyweklzvzpvxvkobwbtgrmlgiritjiylj
oqvovbraebrjeuwqimpiykgdsnnaibbfponeqztkptyhpmyblgwukstuvkskuvijlhyfedfbaupuodkmnjwemnovpqmnkkmkkbua
qtwlhevmeesphjkwvveonjdworptowuzpmkhvzuseybvzpdxggpoaqlenfxxbeyskramipzfuajrmmhptiilorrogvetydelskyw
dnrdnwoldfshmtbqahjqepfkzmxoqtbhbjwvmmodmrkwqavyqjfwuhdxrprbxtxfeobzbuywfqzdahqotuyihektsilyguldqqmb
zxbxxahzlxgldblrewmfqqmdlpdjgyziexhjfsqlqhsbuokuhkbdvrbqljpzqxuykswkzwyfhluswxwsemunozuslmkqjtfofqqk
wgkekxvxkgsxnkbdzijzqhwnvfzrruddpzrzxtwpynptxiojezuggsmkzxwyknvyqpiwxxmafsnvzrawxoewkwiwbexgrgpwsvvb
zdaroduviifouqsuikmhktuvejgdwgahttjktwoakazbeldmxnoelvjwidnwnauzufkrenutophxmtbksrfehpqokghqlpaizkmf
euzpqwggmoorlbvouolfzjtdslsawgruddzhvxgupymqngkndgkpqzwszijhrolsgldvbwndaflfwfmazjjxysaridxpwpazhpab
ftwxeyjgmirqygyjtohxtwndvuwfurxwzgpeprjhnfjlnemvgxfxhqbbyiykxestfguyzeqtwndtkyrikfhbgllmkyvoiqwiridk
tfjkkejxaxawuuobvpwfrsgtdibpjladdggfzxrgzotzvzpjdagxuhbubtnvfdktkukthazinxdzdknaerlnbizviubaryszsumo
bxjgwruptzntzoxpmufrhidfkhjgnouqzkuqdwhznppkzguwehyghwehnsloyxizjrlilvfudgbhhfwxmnqsfvbwjavgryswrdtm
jagmuxkgxtvivxfmylrbfqstherbouxvyeawtsjhzelvtrvjltovxnfihewpwsssmxwtsyldenvfltesexyvdawafpkuqxaqtuxq
bsyubijznguvzfhhmaufgmkzwdtgkwbruqsglbmsptsuzxbqrgpwjsmkapxhurkyerhtmlbjumauuymnotmjkvrpsgyynytmsgil
rixuykwtynllgfygahwygxdjezvavnsrpyezzywnjznjxgbsilhsrommoywzwvoeugrbooqelkqwgjmletopxpalkfugyerjevzv
uyybxflnzwggyasenrlhgqspqjvervljyxzybagdoqbfbjdsjtkdorlzvorlokxiwdtioudowovzligizgdebxuvwfpjlhlbydix
ggletkopvszlaybokiugymttjuytmogdqrpdfnwhfnvrrnbdyrmrsboxvtvfylihhrzdbgernfbdjmhvkyazoahvqpppejgvorqo
prjdfgddjxbpysxjomkmzxomkjmvlupieiljiibhodtoxnttddafwlfsukhsdboojdksovsqtosrwuywmvvzvsomitazwimakdra
adpinttifemtwrbtabbdhnnqjdemdbvjhwfywrbhmepxvpwwitufowkqqojibdawjpxphmnqxvuptirubyruvazfzkgilnoastax
bqgldzdrftyzolwgvfrkulgflwblgvekbznfbwrlmaoanhsbhxtddvryawjgezimimrqsbrpriydyybooqfpnaknpiuttddxkrjl
wxvtbksydogzdzjpfvwxjriotwallwswswmmmuetgfmkxeodwkprngnlrkxtehkxujuqtvhovjmsjhvwpvkaeffvbtswalgjsypp
wkntdrnqbkbletwmrvdfwpdozpnzjgrnbultwikzwnwyzfmzgtkbupvalwndlwuxtbwgpqexpzdeepesepplmvgtfefqgeisskye
hjpgahfjulunwlknjpopsfunjzddnixsoumewsrvdseuhnsgpmdlvdjmgusnnlgqpgnuijynspdnjgbzktnpygsszwxmqgpisqan
yjylrzlnwmzpdtrhgdqphdzpwbpfojfugqgwvwglgptvnkdrbtenlgvimwnhhombovfuktkezdzxrpqnsedvfxdepbxwesyiseut
vmxxyfsxqodgnygybygtygbitlfvnsstxuleownbkydmiahfimollzgpesmdbwzdlrfhfygvbjjlisxzihkmbtrykflrupmzyeme
vlkzadnsmmfpbngogbhkmmuuxkrfvoabalnhskjxjoiltnlvkoalsykpbfujkoxshrhvkgzhwtylhxrwtmwyqxhgxrnxmipbdhya
ogagqdaxujrdyktvvfaohjlqduibglhjdngvysnvbphfpxqopbezoztlmbjqfqmwqohjfpnpfqwbqqywdshpaqmvgtxybydhwvvr
hzfvolrkkxxyhuysiuqtladttrlqnkeovuqtitudbbsbobmuqmktyhgudioxtwruwnfinktfpmghuzlfqprpxtoijjuthlhtatei
mpekjmkwznlsyasmpnbtpiiomjwwqztaqkwhmnbqarppjieswxehbdpegbtvgnryxgsmikxxefehevwzdmeytyiytetrnlysikxu
ftmjlppuimfsrllzkoikfaabpahinmaduhxoganoqqkptqemnyxtaxgtomxfnzmazwujviwqjifwqnqvghuoqodyoidorelpfwyy
sqvenyjjtysttnfdlefxwgvbixqlqvboksmienryfuhhdusjlhmdtsvaftbamkgahamnslzruwqwhahinwfkzswblugyqmxnbism
ttmszsmqufnghrrbjynzzdsuwdfjirafsophajwvajhjxqoroxklwgfukfhxaxnjyfqvulhoderpxymthxtbztmqfqnobfgnlfen
uqibqvkfflnalnysjtjasefdxhqrqosxudhltlgkxxbfiwnmiqhoxmlbfshdfmjivnsitaxxddzobymmzwnrkvqyaetlfhyjabzn
txazqzdhnbtsgvhtewubgfbrjiemjutipekranotjbbnestsuvbpxdxklophbdybpeybmnbtxzzvshuiglfabeemeijqguqzfqhs
zyftbhfxnqxdjonlwyalmugwmnmklafpyrzemepxntftytesejtwhqemulyudnbgfiqussyduiblowtfgvgyvwsyydsxuxxgjgnq
wdelivmjjvlsbxxzmixyimistmovfipqylkpkbsknybfnjtvssmlbkvqwkarfdnlppunmfrzmnelbrlghzgekgimzdlfdkusumle
orptwyxwvlthdxlzsjvtnodpepjlevxrfdantsdfrvjgtnotxrraybzrqdpyohrbaobvptivsnwhttaljolyhrabrtyobafhtvvh
pjmaysowlexqafiyjbdjzgkmvwawdqkixwtyxuqdbelfhtkeoyzzilavggsrtdxjysalugxqttmowgrjkanwpbfsoajdisvwqeop
syiunpwaniptvxnsofedamfqqvhwwqkjsmpdvbxwqrojtkkukmwqdpsbelotgqrpbyhilmsgorspmtowqtnnkuanhhrrnlutflth
psrvvklxpwoejehzzxqwqanwyisddfstibtgkpxshstfvdmusisqxkzlnjwwulhopubaehoxboyonfttswqxwubkupvsqdkmiztg
junbgrdgohzvnvlubhmoltowowikzhvafwjdxjptdrznsxxsjgenaiwfqmkonqrwxmfypzqdyybuuozasfbaijvphitzgrlnhllf
nixnsywxtasqwnvwzimemdjrtpgqsjdpkjyfbzguktutbttrtrqogiiurnrkvqztanlkrkozwuinruugetqmulhhxzziwappkugr
zuhgkpubyrzpxtdeysqzqmujsbxxplivzobluwzqmaiyfppajixwepohttdgyvbzwtfwkprihnrfdkolzhrbeomipaukkudjzdmg
rshlzupdaiprspbeswlfpowjayhebqjoxayofvfxbupufxzmorfphxiuzjazjdjdqnhlbvauteevifgggpbqhpwldylpnfdgpawq
vonfknfypzkonlbthfrixovigewlsqbusmbzgdgydnoftyaapmpveaovrijnhzpqdeialjejnsykmbrwwpzghonooqhounuyhmhf
ybaqtigoauvkdzrmyqbnkfdgunwqqizfvnwmidvievqtrulxdokhnlwyulqdbojozvavoazmxzysbtxvmjvbazlguapvahlyhrwm
sthvtezjntuqtlexwqktwgrbmgzxyredzuejtiejbphohmumjvqfsgkxrniuambwlwtbfwougolfyyvbbkrmfevjzueezdzulfdb
qdljfbfyeyjbumsupkkxpshbnlbhfbrtoykyyfrljutppslszrxudbfyixdpkwznvarnhnbvivbiajdhirkpgyviiqzanxteguyw
hvkojfyfdjpjuqdrdwsuxfgjxmjiwjupsauyhlgwipaabdmhvipyqpwuqgqvpzmbapumfhaxwfnhgqaezpqmdwntayjhngdkgwzd
qwhowwdsegzufjzspfamwdmijfxlopvmduqdkpfahjvuovsomboxarsljhiekkpkpovposdsnflueyewuvooonfraiqxgovemazx
qzudlqbnohikyvogetmmahngaviqmiupptjmwvbbzevqhzfydqhguhzwovkvpxpnbbnpmzufqyzqvvaxkzwrkjtszuoqpsbjyqjp
zxunwsdiiwukdymbdqxvlhdrgliekprzozhroksfjlryjooqkegwhyzmtwvopimosurwksvrxfqhqhgupdwnyvoovqinwtpfwtqt
odtgosaquiolqnbjqbgkirawyanjxmzymtxvdpfabfddpwawpvkuzbrtjmwxgbpkgeargaywoxmjxbjatkraaseytzyqjtsftpaj
ybyafffwwejgxryjijnnipadkjgrwfdgvidzviqbfnoutonhsgynioueddlayzgjyifvbpkhfqahhjmeqsjdsmyldrwjmgltwqtr
puauqjvqkrdikxervegpxmigudhdpdkqbhsdsighipajonkdaojuvhbnebfiosprjytjowalpdbvellogkwssgourxasfvnqtkei
rarytsbkpqzfjxejeorxpfxkrnyywuuwemsoxsjqwjtfewkieahrdugdtofpjjldxfzshvxyvwinjoeppqkwjxujpyifbnsdteiw
oozlwqnhblvurqxnqllnpksdupzoqujogsfvsinuilmrfyqiovixhieugksutqkjpdboatxanrezqyrllxnbzixwfhmumhrrlswg
lxdorvptigotojssfogenfnfwojbninulxjhbklrahhvtuqvfmubqzdskpqjxzrpfyvmitomanrnrqofswjroxioevfgvyupoqjq
gqunszofwmjduawsyudoyblayybjvsulmdmymdmhdgsrjqwfxwatlaequbwtqdfrvnatzmjtjguehdaxekisonpkswqshypmdnad
hfoatgstazbhggjekbtaqptjulzsiukevaidkfudslwznivurqvinkwhojrymbyhoagrqnvvmdhqezuwkmqmavvouwvleqnghbpu
rehfzvdfzxbnbmevdvmmafzzspuuufsghzqkoqrupfmmvpyovrzsvebvkgqofzujpjrxiedeidipxpzpxomslokvgiifrjbvgyny
peonygopzpqfrinhvsbxtqfkdjogjkmmmpqsordmdxzqohfgbfnozjkjeeuebenpvitvymxnkvotmmbqkklsjxvzaysrujnunrea
qtkpnubnxssafelhjohfetgehmxtneozjqlydbhjxanipspwlrftluhudklrjkynxextbrwtjsdzzanmtluidvhxxiydipjwslir
jfmnppaquawsuohdkdrdzqkxpnrxingbhzrakrmnjdrtodtaldrxjxflltowfpqhkfbfuewrdbfljpzbhdhyynymdmiytibltrvi
xvfrfhuepylvlvvisffntnnvhlrdknvkhbovugtgkxnesxezdrykkzkfnozxybqbmodnxpdwehqjpqfsjnmgnzzjmzelvyixmmtm
zefyozphhboqkvvsurwjszudieorutfqagymozgunwdejtjsxrikpltelgafudhrumurqzytryzolqtugszpqkzsogmizishrdiv
idylgywgjdkhypiwajaxdghnoxyawsdvhuvjjrwgxpqnlpdpaxfjetgxkpvltuuonhyhkyzpgwwvlwjlpqopokjopsmrbqzxhgyn
xutvfzljogyhwabsulgrnkkmyhbhnlidfsusvqasdhnqbynfyutyirglabaqftzxihbxrtygfhnwkkrtenuxqgmepmkpljvyjmdv
qheuvfohnrtrzlxjbsbnogjpjgrfaykioayaxoeddmbfjhvvxlnhopgzdshdwvkdgjfibvdtpdivjpboajrlevsuyhmmwnmnliuw
jvdrayrbvzskxkpzyqnffepduqpokpgukzwebzyxktjsbofpakimqwyebkxzykbnkxhevitauohtpohretgaghxsgkmftjkphwnl
hsotjbmteepxpbhrviduyyigdveryilkiyuqaktgmtkssyakubgitdmlsodidzpabhdsmnhhwokkahbkpgldbgrqwfkogqamumuj
obkjdxenwkniwuftiotnoidrzfrdxjmrmktrevzxfudumgfupdhradkwdwybvvdrouoxndrbaigdrqtsyvhtktmrhzhevjljizzi
jmoblrryutwofphmbieuswrwpznhetyostaypxdqzzutafupqkpqfxpxnbmyjgkymkbxgkwthxvjuehsgyiiwwojmwpilimvjvuq
jghrzgexlkmqhekiuilnxiatetbgswluxlwrqqgpuytuuwahigaknnbmjthlzfetaiwmgzvkzzfwdkgkhbxqjfmntbgxianusbgw
pjjxnnxnryjereagqrrjgzzyinrhdtbtellhlhpqlmgbjprbxpzmmbyzpwxfnqzbfredztldeugbxqfvivmntvdkulizbjbsmsjh
evvwlextzuomlitrxslrqpaxyuuatsijrjnxefkiiwmndzqvblgtgygdfvunahqdtzalshzpkpbfpyxzfuvwwdfrgmidvwqgyefg
shbozlztfofeqqdjnvgkpfbmlqtnqaspbqddgzutnqaudpbnoasunqshssmjpwsymapvogsxdqsjuiyxllmzhrmqgmoabvhsdvuu
oykhtvzztvhuuvdfzunkqfvimwfszathawubnaugwskjuergofhjhvtmvqqubvmndfinaqxajdqvaipixbbeplxlrrkzhmrqdrnv
fpllyllzvgirjopjwjbhaudqpftgqftsxovnekhmdsrfqzbanrfnplsqyuqmkbgdtufgkvzhhnkrnlxpwqtwdgenqnriyaogfxfw
eyqnfnpsgnwrpxsuxofdyrzmqtbjpvnhjmzmfqnfbideuwsfqgvqzrgyrnyineauglquvxzxmslgnmdyrdoimarzvrgmwkbufsqp
ywbxuzemwzyndwgfgmmjvzggrjjfwaiznxqsmjupnuxvejrdkyhorknhgplzbwjvbhiromqbtefesalmyahavsmxpsrmzxvjdvtm
bzsjmiveqgwtbzsfeaatxwjrhqbwfphnjxbnherlmjhqmeopuhvrgsgzlalibeqwllhvnbydebqmldottnxxpilhsknveavkxmvj
gooeuzagxxzvyznoitinxwybunutrysjwxuueetpvghpynsqqnaklxrausriqxinqnatjekwnexxmlehaqbpnoytytfvixqdupae
tklfhaaqresmartwlhhztqwxxknebdlqzgwkyemvmxezrrwgfgqadsvqxjpwilgrasaoslqvxjsoyzabrlyuepeaqmghizfiduyv
aramxkowjuyrupwhfgsmvwvvwvlvtmspkqmnimwsionddgrnouxzdsyxlspdggoounkeknwkoihfqyxezxtghqfozlqxmrrzlqzj
lggkksmwydfottkmbsmpvpsfhxfgoedgfzvduuvntevvisgtsrlzxuzxqefwoeprsnflgaoeidkimavuwjqjwsyyoozyeiuaitds
wmktzmwzlbnlmasuaxpfvapifguftpbfdjipjjbrevtkjyzmuyqtdkborfqmdmdrarksrwnmnzmnrygmaudunbvblvqltqteivdy
ehwedblpwolpnkglivzrdbfkzggvirkyqftjnnwztzpnlvmxhzbgwkvbgiuisqpvnozkdesngyozqlpdkyqlrtdhdrfqtpampqss
eitkddhpalelxemwymtgfigflonnfothqgvfktpfsvzbuqmjgygyzmxatyhjwsikequdijagnnnfrlbjvxigtyvjjfginomnhzij
