kkkkkkkkkkkkkknkkkkkkkkkkkkkkkkkkkkkkkkkkkkkwkkkkkkkkkkkkkkkkkkkkkfkkkkkkkkkkkkkkkkkkkwkkkjkkkkkkkkk
kkkkkkkkkkkkkkkkkkkkkkkkkkkkkkkkukkkkkkkkkkkkkkkkkkakkkkkkkkkkkkkjkkkkkkkkkkjkkkkkkkkkkkkkkkkkkkkkkk
kkkkkkkqkkkkkkkkkkkkkkkkkkkgkkkkkkkkkkkkkkkkkkkjkkkkkkkkkkkkkkkkkkkkkvkkkkkkkkkkkkkkkkkkkkkkkkkkkksy
kkkkkkkkkkkkkkkkkakkkkkkkkksikkkkkkkkkkkkkkkkkkksikkkkkkkkkkkkkkkkkkkkkkkxbkkkkkkkkbkkkkkkkkkkkkkkkk
kkkkkkkkkkkkqkkkkkkkkkkkkkkkkkkkkkkkkkkkkkkkkkkkkkkkkkkkkkkkkkkkkkkkkkkkkkkkkkkkkkkkkkkkkkkkkkkkkkkr
kkkkkkkkkkqkkkkkkkkkkkkkkkkkkkkkkkkkkkkkkkkkkkkkkkkkkxkkkkkkkkkkkkkkkkkkkkkqkkkgkkkkkkkkkkkkkkkkkkkk
kkkkkkkkkkbkkkkkkkkkkkkkkkclkkkkjkkkkkkkkkkkkkkkkkkkkknokkkkkkkkkkkkkokkkkkkkkkkkkkkkkkdkkkkkkkkkkk
ckkkkkkkkkktkkkkkkkkkkkkkkkkkkkkkkkksekkkkkpkkkkkkkkkkkkkkkkkkkkkkkkkkkkkkkkkkkkkkkkkkkkkkkkkkkkkkk
kkkkkkkkkkkkkkkkkkkkkkkkkkkkkkkkkkkkkkkkkkkkkkkjkkkkkkksekkkkkkkkkkkkkkkkkkkkkkkkkkkkkkkkkkkskkkkkkk
kfkkkkkkkkbkkkkkkkkkkkkkkkkrkkkukkkkkkkkkkkkkkmkkkkkkkkkkkkkkkkkkkkkkkkkkkkkkkkkkkkkkkkkkskkkkkkkkkk
kkkkkkkkkksykkkkkckkkdkkkkkkkkkkkkkkkkkkkkkkkkkkkkkkkkkkkkkkkkkkkkkkkkkkkkkkkkkkkkkkkkkkkkkkkkkkkkk
kkkkkkkkkkkkkkkkkkkkkkkkkkdkkkkkkkkkkkkkkkkkjkkckkgvkkkkkdktkkkkkkkkkkkkkkkkkfkkkfkkkkkkkkkkfkkkkkk
kkkkkklkkkkkkkkkkkkkkkkklkkkkkkkkkkkkkkkkkkkkpkkkkkkkkkkwkkkkkkkkkkkkkkkkkkkqkkkkkkkkkkkkkkkkkkkkkkk
ckkkkkkkkkkkkkkkkkkkksikkkkkkkkkkkkkkkkkkkkkkkkkkkkkkkkkkkkkvkkkkkkkkkkkkkkkkkkkkkkbkkkkkkkkknkkkkk
kkkkkkkkkkkkkkkkkkkkkkkkkkckkkkkkkkkkkkkkkkkkkkkkkkfkkkkkkkkkkkkkkkkkkkkkkkkkkkkkkkkkkkkkkkkkkkkkkk
kkxkkkfkkkpkkkkkkkkkkkkkkkkkkkkkkkjkkkkkkckkkkrkkkgkkkkkkkkkkkkkkkkkkkkkkkkwkkkkkrkkkkkkkkkkkkkkkkk
kkkkkkjkkkkkkkkkkkkkkkkkkkkkakkkkkkkkkkkkkkkkkkkkkkkkkkkkkkkkkkkkkkkkkkkkkkkkkkkqkkkkkkkkkkkkkkkkkkx
kkkkkkkkkkukkkkkkkkkkkkkkkkkkkkkkklkfkkkkkkkkkkkkkkkkkkkkkkkkkkkkkkkkkkkkkkkkkkksykkkkkkkkskkklkkkkk
kkkakkgkkkkkkkkkkkkkkkkkkkkkkkkkkkkkkkkkkkkkkkkkkkkkpkkkkkkkkkkukkbkkkkfkkkkkkkkkkkkkkkkkkkkkkkkkkkk
kkkkkkkkkkkkkkkkkkkkkkkkkkkkkkkkkkkpkkkkkksykkkkrkkkkkkkkkkkkkkkkkksekkkbkkkkkkkkkkkkktkkkkkkkkkkkkk
kkckkkkkkkkkkkkkkkkkkkkokkkkkkkkkkkkkkkkkkkkkkkkkkkgakkkkkkkkkkkkkkkkkkkkkkkkkkkkkkkkkkkkkkkkmkkkkk
kkkkkkkkkkkkkkkkkkkkkkkkkkkkkkkkkkkkkkkkkkkkkkkkkkkkkkkkkkkkkkkskkkkkkkkklkkkkkkkkkkkkkkkkkkkkmkkkkk
kkkkkkkkkkkkkksykkkkzkkkkkkkkkkkkkkkkkakkkkkkkkkkkkkkkkkkkkkkkkkkkkkkkkkkkkkkkkkkkfkkkkkkkkkkkkkkkkk
kkkkkkkbkkkkkkkkkkkkkkkkkkkkkkjkkkkkkkkkkkkkkkkkkkkkkkkkkkkkkkkkkkkkkkkkkkkkkkkkkkkkkkkkkkkkkkkkkkkk
kkkkkokkkkkkkkkkkkkkkkkkkkkkkkrkkkkfkkkkkkkkkknkkkkmkkkkkkkkkkkkkkkkkkkkkkkkkkkkkkkkkkkkkkkkkkkkkkkk
kkkkkkkkkkkkkkkkkkkkkkkkkkkkkkukkkkmkkkkkkkkkkkkkkkkkkkkkkkkkkkkkkkkkkkkkkkkkkkkkkkfkkkkkkkkkkkkkkkk
kfkkkkkkkkkskkkkkkkkkkkkkkkkkkkkusekkkkkkkjkvkkksykkkkkkkkkkkkkkkkklkkksykkkkkkkkkkkkkkkkkrmkkdkkkkk
kkkkkkkkkkkakkkkjkkkkkkkkkkkkkkkkkkkkbkkkkkkkkkkkkktkkkkkkkkkkkkkqkkkkkkkkkkkkkkkkkkkkkkkkkkkkkkkkkk
skkkkkkkbkzkkkkkkpkkkkkkkkwkkkukkkkkkkkkkrkkkkkkkkkkkkkkkkkkksewkkkkkkkkkkkkkkkkkkkkkkkkkkkkkkkkkkkk
kkksekkkkkkkkkkkkkkkkkkkkkkkkkkqkkkksikkkkkkkkkkkkdkkkkkkkkkkkkkkkkkkkkkkklkkkkkkkkkkkkkkkkkkkkkkkkk
kkkkkkkkkkkkkkkkkkkkkkkkkkkkkkkkkkkkkkkkkrkkkkkkkkkkkkkkkkxkkkkkkkkkkkkkkkkkakkkrkkkkkkkpkkkkokkkkkk
kkkkkkkkkkkskkkkkkkkkkkkkkkkkkkkrkkkkkkqkkkkkkkkkkkkkkkkkkkkkkkkkkkkkkkkkkkkbkkkkkkkkkkkkkkkkkkkkkkk
kkkkkkwkkkkkkkkkkkkkkkkkkkkkkkkakkkkkkqkkkkkkkkkkkkkkkkkkkkkkkkkkkkkkkkkkkkkkkkkkkkkkkkrkkkkktkokkkk
kkkkkkkkkkkkkkkkkkkkkkkkkkkkkkkkkkkkkkkkkkkkkkkkkkkkkkkkkkkkkkqkkkkkkkkkkkkkkkkkkkkkkkkkkkkkkkkkkkkk
kkkxkkkpkkkkkkzzkkkkkkkkkkkkmkkkkkkkkkkkkkkkkkkkkkkkkkkkckkkkkkkkkkkkkkkkkkkkkkkkkkkkkkkkkkkkkkkkkk
kkkkkvkkkkkkkkkkkkkkkkkkkksekkkkkkkkkkkkkkkkkkkkkkkkkkkkkkkkkqkkkkkkkkkkkkkkkkkkkkkkkkakkkkkkkkkkkkk
kokkkkkkkkkkkkkkrukkkkkkkkkkkkkkkkkkkkkkkkgkkkkkkkkkkkkkkkmkksikkkkjkkkkzkkkkkkkkkkkkkkkkkkgkkkkkkkk
kkkkkkkkkkkkkkkkkkkkkkkjokkkkkkkkkkkkkkkkkkkkkkkkkkkkkkkkkkkkkkkkklkkkkkkkkkkkkkkkkkkkkkkkkkkkkkkkkk
kkkkkkkkkkksikkkkkkkkkkkkkkkkkkkkkkkkkkkkkkkkkkkkkkkkkkkkkkmkkkkkkkkkkkkkkkkkkkkkkkkkkkkkkkkkkskkkkk
nkkkkkkkkkkkkkkpkkkkkkkkkkkkokkkkkkkkkkkkkkkkkkkkkkkkkkkkkkkkkkkkkkkkkkksykkkkkkkkkkkkkkkkkkkkkkkkkk
kkkkkkkkkkkkkkgkkkkkpkkkkkkkkkkkkkkkkkkkkkkkkkkkkkkkkkkkkkkkkkkkkokkkkkkkkkkkkkkkkkkksikkkkkkkkkkkkk
kkkkkkkkkkkkkkkkkkkkkkkkkkkkkkkkkkgkkkkkxkkkkkkkkkkkkkkkkkkkkkkkkkkkkkkkkgkkkkfkkkkkkkkksikkkkkkkkkk
hkkkkkkkkkkkkkkkkkkkkksykkkkkkkkkkkkkkkkkklkkkkkkkkkkkkkkkkkkokkkkkkkkkkkkkkknksikkkkkkkkkkkkkkkkkkk
kkkkkkkkkkkkkkxkkkkkkkkkkkkkkkkkkkkkkkkkklkkkkkkkkkkkkkkkbkkkkkkkkkkkkkkkkkkkkkkkknkknkkkkkkkkkkkkkk
kzkkkkkkkkkkkkkkkkkkmikkkkkkkkkkkkkkkkkkkkktkkkkkkkkkkkkkkkkkkkkkkkkkkkkkkckkkkkkkkkkkkkkkkkkkkkkkk
kkkkkkkkkkkkkkkkdkkkkkkkkkkkkkkkfkkkkkkkkkkkkkkmkkkkkkkkkkkkkkkkkkkkkkkkkkksikkkkkkkkkksekkkkkkkkkkk
kkkkkkkkukkkkkkkkkkkkkkkkkkkkkkkvkkkkkkkkkkkkkkjkkkkkkkkkkkkkkkkkkkkkkkkkkkkkkkkkkkkkkkkkkkkkkklkkkk
kkkkkkkkkkkukkkkkkkkakkkkkkkkkkkkkkkkkkkpkkkkkkkkkkkkkkkkkrkkkkkkmkkkkkkkkkkwkkkkkkkkkkkkkkkkkkkkkkk
kkkkkkkkkkkkkkkkkkkkkkkkkkkkkkkkkkkkkkkkkkkkkkkkkkkkkkkkkkkkkkkkkkkkkkkkkkkksikkkkkkkkkkkkkkkpkkkkkk
kkkkkukkkkkkkkkkkkkkkkkgkkkkkkkkkkkkkkkkkkkkkkkkkkkkkkkkkkkkkkkkkkknkkkkkkkkkkkkkkkkkkkkkkkkkkkkkkkk
kkkkkkkkkkkkkkkkkkkkkkkkkkkkkkkkkkklkkkkkkkkkkkkdkkkkkkkkkkkkkkkkkkkkkkkkkkkkkkkkkkkkkkkkkkkkkkkkkkk
kkkkkkkkkkkkkkkkkkkkkkkkkkkkkkkkkkkkkkkkkkkksykkokkkkkkkkkkkkkkkkkkkkqkkkkkksegkkkkkkkkkkkkkkkkkkkkk
kkkkktkkkvkkkkpkkkkkkkkkkkkkkkkkskukkkkkkkkkkkkkkkkkkkkkkkkkkkkkkkkkkjkkkkkkkkkkkkkkkkkkkkkkkkkkkkkk
kkkkkkkkkkkkkkkakkkkkkkkkkkkkkkkkkkkkkkkkkkkkakkkkkkkdkkktkkkkkkkkkkkkkkkkkkkkkkkkkgkkkkkkkkkkkkkkkk
kkkkkkkkkkkkkkkkkkkkksykkkkkkkkkkkkkkkkkkkkkkkkkkkkkkkkkkkkkkkkkkkkkkkkkkkkkbkkkkkkkkkkkkkkkkkkkkkkk
kkkkkkkkckkkakkkkukkkkkkkkkkkkkkkkkkkksekkkkkkkkkkkakkkkkkkkkkkkkkkkkkkkkkkkkkkkkkkkkkkkkkkkkkkkkkk
kkkkkkkkkkkukkkkkkkkkkkkkkkkkkkkkkkkkkkkfkkkkkkkkkkkkkkkkkkkkkkkwkkkkkkksikkkkkkkkkkkkkkkkkkkkkkkkkk
kkkkkkkkkkkkkkkkkkkksykkkkkkkkkkkkkkkkkkkkukkkkkkkkkkkkkkkkkkkkkkkkkkkkkkkkkkknkkkkkkkkkkkkkkkkdkkkk
kkkkkkkkkkkkkkkkkkkkkkkkkkkkkkkkkkkkkkkkkkkkkkukkkkkkkkkkkkkkkkkkkkkkkkkkkkkkkkkkkkkkkkkkkkkkkkkjksk
ckkkkkkkkkkkkkkkkkkkkkkkkkkkkkkkkkkkkkkkkkkkkkkkkkkzrkkkkkkkkgkkkkkkkkkkkkkkkkkskzkkkkkkkkkkkkkkkkm
kkkkkkkkkkkkkkkkkkkkkkkkkkkkkkkkkkkkkkkkkkkkkkkkkkkkkkkkakkkkkkkukkkkkkkkkkkkkkkkmkkkkkkkkkkkpkkkkkk
kkkkkkkkkkkkkkkwkkkkkkqkkkkkkkkkkkkkkksykkkkkkkkkkkkkkkkkkkkkkkkkkkkkkkkkkkkkkkkkkkkkkkkkkkkkkkkkkkk
kokkkkkkkkkkkkwkkkkkkkkkkkkkkkkkkkkkkkkkkkkkkkkkkkkkkkkkkkkkkkkkkkkkkkkkkkkkkkkkkkkkkkkkkkkkokkkkkkk
kkkkkkkkkkkkkkkkkkktkkkkkkkkkkkkkkkkkkkkkkkkkkkkkkkkkkkkkkkkkkkkkkkkkkkkkkkkkkkkkkckkkkkkkkkkkkkkkk
kkkkkksykkkkkkkkkkkkkkkkksirkakkkkkkkkkkkkkkkkkkkkkktkkkkkkkkkkkkkkkkkkkkkkkkkkkkkkkkkkkkkfkkkksekkk
kkkkkkkkkkkkkkkkkkkkkkkkkkkkkkkkkkkkkkkkkkkkkkkkkkkkkkkkkkkkkkkkkkkkkkskkkkkkkkkkkkkkkkkkkkkkkkkkkkk
kkkkkkkkkkkkkkkkkkwkkkkkkkkkkkkkkkkkkkkkxkkdkkwkkkkkkkkkkkkkkkkkkkqkkkkkkkkkkkkkokkkkkkkkkkkkkkkkkkj
kkkkkkkkkkkkkkkkkkkkkkkkkkkkkkkkkkkkkkkkkkkkkkkkkkkkkkkkkkkkkkkkkkkkkkkkkkkkkkkkkkkkkkkkkkkkkkkkkkkk
kkkkkkdkkkkkkkkkkkkkkkkkkkkkkkkkkkkkkkkkkkkkskkzkkkkkkkkkkktkkkkkkkkkkkkkkkkkkkkvkkkkkkkbkkkkkkkkokk
kkkskkkkkkkkkkkkkkkkkkkkkkkkkkkkkkkkkkukkkkkkkkkkkkkkkkkkkkkkkkkkkkkkkkkkkkkkkkkkkkkkkkkkkkkkkakkkkk
kkkkkkkkkkkkkkkkkkkkkkkkkkkkkkkkkkkkkkkkkkkkkkkkkkkkckkkkkvkkkkkkvkkkkkkkkkkkkkkkkkkkkkkkkkkkkkkkkk
kkkkkkkkkkkkkkkkjkkkkkkkkkkkkkkkkkkkkkkkkkkkkkkkkkkkkkkkkkkkkkkkkkkkkkkkkkkkskkkkkkkkkkkkkkkkkkkkkkk
kkkkkkkkkkkkkkkkkkkkkkkkkkkkkkkkkkkkkkkkkkkkkkkkkkkkkkkkkkkkkkkkkkkukkkkkkkkkkksekkkkkkkkkkkkkkkkkkk
kkkkkkkkkkkkkkkkkkkkkkksekkkkklkkkfkkkqkkkkkkkkkkkkkkkkkkkkckkkkkkkkkkkkkkkkkkkkkkkkkkkkkjkkkkkkkkk
kkkkkkkkkkkkkkkkkkkkkkkkkkkkkkkkkkkksykkkkkkkksykkkkkkkkkkkkkkkkkkkkkkkkkkkkkkkkkkkkkkkkkrkkkkkkkkkk
kkkkkkkkkkkkkskkkkkskkkkkkkkkkakkkkkkkkfkkkkkkkkkkkkkkkkkkkkkkkkkkkkkkkkkkkkkkxkkkkkkkkkkkkkkkkpkkkk
kkkkkkkkkkkkkkkkkkklkkkkkkkkkkkkvkkkkkkkkkkkkkkkkkkkkkkkkkkkkkrkkkkkkkkkkkkkkkkkkkkkkkkkkkkkkkkkkkkk
kkkkkkkkkkkkkkkkkkkkkkkkkkkkkbkkkkkbkkkkkkkkkkjkkkkkkkkkkkkkksikkkkkkkkkkkvkkkkjkkkkkkkkkkkkkkkkkkkk
kkkkkkkkkkkkkkkkkwkkkkkkkkkkkkkkkkkqkkkkkkkkkkkkkkkkkkkkksikkkkkkkkzkkkkkkjkkkkkkkkkkkkkkkkvkkkaekkk
kkkkkkkkkkkkkkkkkkskkkkmkkkkkkkkkkkkkkkkkkkkkkkkkkkkkkkkkkkkkkkkkkkkkkkkkkkkkkkkkkkkkkkkkkkkkkkkknkk
kkkkkkkkktkkkkkkkkkkkkkkkkkkkkkkkkkkkkktkkkkkkkkgkkkkkkkkkkkkkkkkkkkkkkkkxkkkkkkkkkkkkkkkkkvkkkkktkk
kkkkkkkkkkkkkbkkkjkkkkkkkkkngkkkkwkmgkkkkkkkkkkkkkkkkkkkkkkkkkkkkclkkkkkkkkkkskkkwkkkkkkkkkkkkkkkkk
ksikkkkkkkkkkkkkkkkkkdkkrkkkkkkkkkkkkkkkkkzkkkkkkkkkkkkkkkkkkkkkkkkkkkkkkkkkkkjkkrkkkkkkkkkkkkkkkkkk
kkkkkkdkkkkkkkkkkkkkkkkkwkkkkkkkkkkkkkkkkkkkkkkkkkkkkkkkkkkkkkkkkkkkkkkkkkkkkkrkkkkkkkkkkkkkkkkkkkkk
kkmkkkkkkkkkkkkqkxkkkkkkkkkkkkkkkkkkvkkkkkkkqkkkkkktkkkkdkkkkkkkbkkkkkkkskkkkkkkkkkkkkkkkkkkkkgkkkkk
kkkkkkkkkkkkkkkkkkkkkkkkkkkkkkkkkkkkkkkkkkkkkkkkpbkkkkkkkkkkkkkrkkkkkkkkkkkkkkkkkkkkkkkkkkkkkkrkfkkk
kkkkkkkkkkkkkkkkkkkkkkkkkkkkkkkkkkkkkkkkkkkkkkkkkkkkkkkkkkkkkkkkkkknkksikkkkkkkkkkkxkkkkkkkukkkkkkkk
kkkkkkkkkknkkkkkkwrkkkkkkkkkjkkkkkkkkkkkkkkkkkkkkkkkkkkkkkkkkkkkkgkkkkkkkkkkkkkkkkkkkkkkkkkkkkkkkkkr
kkkkkkkkkkkkkgkkkkkkkkkkkkkkkkkkkkkkkkkkkkkkkkkkkkkkkkkkskkkkkkkkkokkkkkkkkkkkkkkkkkkkkkkkkkkkkkkkkk
kkkkkkkkkkkkkkkkkkkkkkkkkkkkkkkkkkkkkkkkkkkkkkkkkkkkkkkkkkkkkkkkkkkjkkkkkkkkkkkkkmkkkkkkkkkkkkkkkkkk
kkkkkkkkkkkkkkkkkkkkkkkkkkkkkkkkkkkkkkkkkkkkkkkkkkkkkkkkkkkkkkkkkkckkkkkkkkkkkkkkkkkkkkkkkkkkkkkkkk
kkkkzkkkkkkkkkkkkkkkrkkkkkkkkkkkkkkkkkkkkkkkkkkkkkkkkkkkkkkkkkkkkkjkkkkkkkkkkkkkkkkkkkkkkkkkkkkkkjkk
kkkkkkkkkkkkkkkkkkkkkkkkkkkkkkkkkkkkkkkkkkkkkkkkkkkkkkkkkkkkkkkkkkkkkkkckkkpkkkkkkkkkkukkkkkkkkkkkk
kkkkkkkkkkkkkkkkkkkkkkkkkkkkkkkkkkkkkkkkkkkkkkkkkkkkkkkkkvkkkkkkkkkkkkkkkkkkkkkkkkkkkkkkkkkpkkkkkkkk
kkkkkkkqkkkkkkkkkkkkkkkkkkkkkkkkkkkkkkkkkkkkkkkkfkkkkkdkkkkgkkkkkkkkkkkkkkkkkkkkkkkkkkkkkkkkkkkkkkkk
kkkkkkkokkkkkrkkkkkkkkkkkkkkkkkkkkkkkkkkkkkkkkkkkkkkkkpkckkkkkkkkkkkkkkkkkkkkkkkkkkkkkkkkkkkkkakkkk
kkkkkkkkkkkkkkkkkkkkkkkkkkkkkkkkkkkkkkkkkkkkkkkkkkkkkkkkkkkkkkkkkkkkkkkkkkkkkkkkkkkkkkkkkkkkokkkkkkk
kkkkkkkkkkkkkkkkkkkkkkkkkkkkkkkkkkkkkkkqkkkkkkkkkkkkkkkkkkkkkkkkkkkkkkkkkvkkkkkkkkkkkkkkkwkkkkkkkkkk
kkkkkkkkkkkkkkkkkpkkkkkkkkkkkkkkkkkkkkkkkkkkkkkkkkkkkkkkkkkkfkkkkkkkkkkvkkkxkkkkkkkkkkkkkkkkkkkkkskk
kkkkkkkkkkkkkkkkzkkkkkkkkkkkkkkkkkpkkkkkkkkkkkkkkkkkkkkkkkkkkkkkkkkkkkkkkjkkkkkkkkkkkkkkkkkkkkkkkkkk
