hhkkcchhchhckchhhckkcckkkchhhkcckkchhhhhhkchhhccchhhhhkckkcckkchhhhkkkchkkkchk
hchkchchhkchcccchhhchkkchhkkckkchcccchccchhkchhhckkkchkcchkkkkkchkchkkkch
hkcchcchchkkkkchhhchckchkkchhkkkkchchkkkccccchhhkkkcchhkkkkkchkccchhhckkcc
kkchcchhhcckchhchhkkkchhcckchchkckccccchhkkkkkkkkkchhhhkchhhhhkkkchhchkcchkk
hhkkkchcchkckchccchhchhckkkchckkcchkkckchkkkcckchkkchkkkkkkchhcchccckkkkkk
kkchhhkkcchhckkcchhhhkkchkckcchhhkkchkcchkkchkkkkkccchhhhchchhkkkkchkkchhchhhh
kcckckkckchhhchkkchhhhkccchchckcchhckkckckkkkchkkchchhkchcchhhckkkkchhkchh
hcchkcckkkchckkkcccchhhhkcchcchhkkchkcchkchhkcchhkchhhchkckkckchkckkchkkk
kkkchkckkkcckkkkkchcchchcckcchkkkkkckcckkcchhkkckccchhkkckccccchhhhhhhkkk
hhckcckkkchkchhhhccckchhhkkkckkccchckkchhchhhkkkckkkkchchkckkchhchhhhkcckkkk
hchccchhhhcchkkchchcckkkkchkkkkchkkkkchhhhhchchhhhhhhkkchkcchkkchcchhhchkkkck
chhkckkchkkchhkkkchhchhkckkcckchhhhhkchhhhkkchcckckkchkchkckkckkckchchkkkkckk
hkkchhkcckkkckkchhchhkkkchkkkcchchchhhkkkkchhkckkkkkkchchhccchchkkkchkcckkchh
hchhchhhchhkkkkkchhkkkckkkckkchhhhhhhhkkkkkchhhhchhhhkkchchkchckckckchhkkkckkkchkk
hckkkckcchhkchhkkchckchkkkkkckkkchkcchchkkkkkkchhhkkkcchckkkcchhcckkkkkkckkkc
chhhckckckchhhhkkchhhchhhhhhhkkckckkccckkkckkckccchhhchhhhkkkkkkckkkchhkchchhh
hhhcchhchkkkkchkchhhhhhkkchkkchhckchhchkchchchhkckccchhchhckkchhhckkkkcchhck
hkccchchkkckchhkccchckckkkkkckkkkchhckkchkkchkkckkkcccchkcchhhhkkcckckchk
chkkkkkkckckckkkkckckchkkkkkckckchkchkccchchcchhhhhchkkkckkchhkcchkcchkckc
chcccchkcchchchhkkkchchhhkkkkcckchchhhhcccchhchhcckkcchhkchkchhkkkchhhhc
hhhchkkkkkckkkchhhkkckchchkkkkcchhhhhhkkkkchkchhccchkkkchhhcchhchhhkkcchkkchcc
hhkkkchkkchkkchhkkckcckckccchhkchhkchhkchkchhkkkkchccckchkchhkchhhchkkkkkcch
chchhhhchhckchhhkchhhhhhhccckkkkkchhkchkckkccchkcchchchkchhchhhccckkcckch
hkcchchkkchkkkckkchccchhhcckkkkchkchchhhhcchhhkkkchhckcchhckchkchcckkcchh
kchhhhhhkckckkkcchkkkkkckckckchckckkkkkkkckchchkchccckkckkkkkkchhhhhhhkkcchhc
kkckkkkchhcchhckkchkchkckckcchcchkkkchckkchhckkccchkkchhkccchhhcchhhchhhh
hkcccckkchkckkchkccckkkkkkchkkkcccckcchkchkchhhhhchhckcchckkkkkcchkchcc
hhhhhckkchhhcchhhhhkchhchhhchckckchcchhhkkcchkkcchhhhkchckkchckkckkchkkkckck
ckcchchkchhchkchccchchhkckckkchhhhchhhkkkchhkchkchkkkcchhhkcchhkkkchhhchhhhk
hchckkkkkckkkkkcchkchkchhchhcckckkchchhkckkkckchkkckchhhhkcchhhkchhkkkkkkcchk
hckcchkckkkchkckckkckchcchkkchhhcckkchhkccccccckckkkkchkcchckkkkkkchhkc
hchhhccchhhchhhckckccccckkchhkchhkkchccckkkcckkckkkchchchhkckchkckckkkc
hkchhhhhcchhcckckkkkkkcchchcchhchkchckchkkkchhhhkchhcckchhhkchkckkkkcchkkkkk
ckkcchkkchkkkkkchkkchhchhhhcchhhhchhchhhhhkckkkkkchhckkkkchkkchchhkchcccchhhhh
hhhkkkckkkkkchkkckkchhhhhhkchhhkkchhckkckcckkkchhckkkcckkchhhccchhckkkkchkkchkk
kchkkkkchkkkkkckkkkkkchchccccckchhkkchhkckkcckccchcchhhchhkkckcchckkkcchh
hkccccchhckkkchkchckchhhchhhhhckkchkkkkkkckcchhkkcckchckckkkchhkckcchhhhhhh
hcchhcccccchkkkkkkkkkchhckkckkkkkkkkkckchkchhhhccchhkkkkchcchhkkkchckccckkk
chkkckkcchhhchchhkkkkchhhhhhcchhchkkckchhkckkckkkchhhhhkckkkkkcchhhhhkckkkchhkc
chhchhhchchhkkkcccckkkkkcckkkkchhhhkchkcchhkkkchcckkkckkkchhkkkkccchhhhhhhhhc
hhhhhhhkkchchcchkcchkchkkkkcchchhkchkkcchcckkchchccchhchkchhhhhhhhhkcchkkck
kkchchkckkkkkckckckcchhckcchhchchckkkchchkccckkcchhhhhhhkccckkkckckchchk
kkkchhhkckcchhhchhkkccckcckkchcchhhcchckkkkkkchcckchhhhhhchhchkkkckchhhkcc
hkckkkkckchhhkkkkkcchchckchhhhhhchkchhckkckckcckkchkkckchkchcchhhhhhchhkcchh
chhhkchhchhhchhhhchkkchcchkchckchhkckkcccchhhhkkcchhhhchhhhkkkkckkkckchkchkc
hhhkcchchkchchkckkkcchkkchchkkkckkkchhhkchhchhckckchhccchhhkkkkchkkcchkkkchk
kkchckkkkchcckchhhhkkckchhhcchkccchcchhkkkcchckkkchkckkcchkckkchhhhhccchh
hkchkchhkchkchchckkkcckkchhhhkkchhhkcchcckkchkkkchhchhchkkchkkcchkccckchhhh
hkkckkkcckkchhhkchhkchhkkkchhkkchhhhcckchkkkkchhkchhkckcchhkkkckckcckccckkkc
hcchkkkchhchkckkcckkkchchchhkchchhhckkkkkchhhchkchckchhckkckckcchhkchkchhhk
kckckkkckckckchkcchhkcckkkkkchhchhchchckkkkkkckkkkchchkkkkckkchhhkkchckkkkchk
hhkkchchchchcccchhhkchkkchccchkckcchkchckkkchckkckchhkckkkchkchhckkkkkcc
hckccckkcchhchhchccchkchhkckkckkkckchhkchhchchckckkkkkccchcchhkchhhkchhk
ckkchhkkkkchhckchkkcchhchhkkkkcchhhcckkkkckcchcckkchhhhhkchhkkkkchhchhhckcch
kckckckcchcchhchhhhkkchchhhcchhhhkkkckcchhhhhkkckkkckckkcchhckchhchkkkchkck
hkkkkkcchhkkchchhkckkkkkkchchkkkchhchkkchhhkkkchhckchhchcchhhhhhkccchkchhckchh
hhkccckcchhkkkkckkkkchkcchkchkchhkkkchcchckkcckcccccchhhkkkckchkchkcchhh
hhhckckckchhkkkkkckckcchchhhkkchhhhkchhkckcchhckkchhhhhckkcckkchhkkchkccchc
kkckckkchchchkkkkckchhccckkcchcchhhhhhckkchkkkchkchhhhhhkcchhkckkchhhhkchchk
kchhhhchhhhhhccckckkckckchkcckkckkchchkkkkcchckccccchkcchhhkkchkchkkkckkk
hcckkkkkckkcchcchkckckchkchkkchhkkkkkchhhhhkccchhkccchhkcchhhhhckchhhkkkkkch
hhhhhhhhkchkkckkchkchkkckchkkkcchhkkcckkccchhhhkkkchchcchhchhhhkchhkkkkkcckkkkk
hkkkkchchhhhhckkkkcchhkckchhhhhhhkchhhkkkkkkchhkkckccchhckkkkkkchcchkchhckchhhkk
hhkkkkckkchchchkkchkkkchkckkkkkchckkkkchhkkckkkckckckccckckchcccchhhhhchhch
chhhckchchhhhkcchkckkckchckkkkkkkkkkkkchkccckchkchkckckckkchhccckcchhcchh
hkkchhhcchhccckkcchhkccchhhckcckkchhkkchhhhhhhchkckkkchkkkchhkkchhhhhkckkcck
hchhkkkkchhckchchhkchhhhchhkkchhhkkckkkkkkkkchkchkkckckkchchhhhhckkkkchhhhhkkkckkk
kchchchckkkchkkkkkccckkchhhckkchhhckkkkkkkkckccchhkkchcchkkckkkkkkchhhhkchkch
hhhhkchkkkchhkchkkckckkchkkkkchkkchcchcckchkcckchckcckkkcchchkkcchhchhhhhc
hkccchkchhhkchhkkchhhkcckckkkkkkkkckkchhckkkkkchhcckkchhkckkkckkccckchkchcc
hchhkkkckckchckkkkcchchchcchhhhhhhhhckkkkkckchcchhkckkcchhccchkkcchkkkkkkch
chhhchhhkkkkckcckkchhhhhkchchhhchcchkkchhhkkkkckcchchhckkkkkcckchhhhhhhhchkkkc
hhkchhcckkkccckkkkchkkkchhchchkkkkcchhchhhhkkchhhchhhkcckckchhckchhhhhkchkcc
hhcchhhkcckckkchkkkkkcckkkkkchhhkkckchhhkchhhkchhhcckchhckkcckckkkchhchhkkkkkk
kchkchchkkkchkckcchhhhhhhhcchhhchkkcckkkchhkkkkchhckkchhkchckkcckkkcchhkcchk
kkkchchhhckckchhhkchchhhhhkkkchkchchkkchkkcchchhhchchhchhchcchkkkchhhhhkkkchc
kchhchkchckkkcckkkkckkchhhkcckcchchkchkkcccckcckckkchkchhkkkkkckkckchhckk
hhhkkkcchkckchkkcchhhchkkchhchchkkkkchhkckkcchchhhckchckkckkchkkchhhhhhckkkch
chkkkkckkchkkckchhckkkkckkckchhhkckchchhhhkkkkcchkkchkkckkchhckkcchcchchhchh
hchchhhhkchhchhhhhhhhkkchkkkchkkchhhhhkkkckckckckkchhckchkchckchhhhkchhhccchhkk
kchkchhchhhhhhkcckchccchkchhhhckckkkkccchhhhhkkkkkckchkkchkcchchhkchhhhhhchkk
hhccckckckkkkkkkkkkkchhchhckkchkckckckkchchckcchhhckccckchhkkkchhhckkchkch
kkkkkkcchchkcchhkckkchhchkckkkkchckkcchcchchkkkcckkchckkkkkkckkkchhhkkkkchch
kkcchhhkchhkchchkcchhhhkchkchhhhhhhkchkchchkkkchhhhhkccchchkkccchkkkckkkkchhhh
chkckckchhchckckkkkkkccccchckkcckkkchhkchhhhkckchckkkkcckckcccchkchckc
hhhhkcchkcchkcckkkckkkcchhchkchhhhhkchhchhchhckchchhccchhchhhhchkchhckchck
hchhchhchcchhkchhhhkcchckckkchhchchckchhchhhhhhhckchhkkchkkcchhhhhhhhkchkkkch
kkcchhchkcchckkckkchhhhchckchckkchhkkkcccchhhhkchchhkcckkchhkkchcchchcch
hhhkkcchhchcccchhhchkchchckkkchckkkkkkkkckkcckkcckchkkkckkchkckchhckchhhhkk
chhkcchhkckccchhkcckckkchkccchchhhckchhhkckkchcchckchckkkchchkkkcckchc
kchhkcchhchhhhckcckkkkccckkcchkkkkkchhhkkchchhhhhhhhkkckkkkkkkcchkcchhkkchcch
hhhhhkchkkckchcchhchkckkchkchhhhhcckcchhkkckcckchchhkckkcchccchhchchhhchk
kkkkkkkkkchchkkcccckkkkccckkkchhhhhhckkkkkckkckchhhhcckchhhchkkkkchkchhhkkkkkck
hchhchckkcchhkkckchhhkcckkchkchkkkkckkckckkchkckkkkchhhhhhchchhkchhhccckcch
hhhhckkchkckkchhhkckchhhhhckkkcchhhkkkchhhkkkckchchkckkkkkkchhhhhhkkkcckkchhhhcc
cchhhchhckkkcchhckcchkkchhchkkkckckckchhhhkchkchchhkchkkckckkkchchkckccch
kckkkchhkkkkchkkkcchhkchckchchhchkkccckkchkkchhchkchkkkkkchhchkchkkchhchchck
hhkckchkchkkkkccchkkkcckkkckcchhchkkkchchhcchchchchkcccchkchcchhckcchkk
kckchhckchkcchhhkcccchhhhhkkchchhckkkkckkchhkkcchhchhckchhkcchhhhckkkkkkkckk
chchhhhchhckkchckchkkkkkckccchchckkkkkkckchcchchchhckkckkkchchckchhkkkckkk
