bkkkkkckksykkkkkkkkkkkkkkkkkkkkkkkkkkkkkkkkkkkkkkkkkkkkkkkkkkkkkkkkkkkkkkkkkkkkkkkkkkkksykkkkkkkkkk
kkakkkkkkkkkkkkkkkkkkkkkkkkkkkkkkkkkkkkbkkkkkkkkkkkkkkkksekkkkkkkkkkkkkkkkkkkkkkkkkkkkkkkkkkkkkkkkkk
kkkkkakkkkkkkkkkkkkkkkkkkkkkkkkkksekkkkkkkkkkkkksykkkkkkkkkbkkkkkkkkkkkkkkkkkkkkkkkkkkkkkkkkkkkkkkkk
eekkkkkkkkkkkkkkkkkbkkkckkkkkkkkkkkkkkkkkkkkkkkkkkakkkkkkkkkkkkkkkkkkkkkkkkkkkkkkkkkkkkkkkkkkkkkkkk
kkkkksykkkkkkkkkkkkkkkkkkkkkkkkkksekkksyakkkkkkkkkkkkkkkkkkkkkksykkkkkksykkkkbkkkkkkkkkkkkksekkkkkkk
kkkkkkkkkkkkkkkkkkkkkkkakkkkkkkksykkkkkkkkkkkkkkkkkkkkkkkkkkkkkkckkkkkkkkkkkkkkkkkkkkkkkkkkkkkkkkkk
kkksykkckkkkcbkkkkkkkkkkkkkkkkkkkkkkkkkkkkkkkkkkaksekkksykkkkkkkkkkkckkkkkkkkkkkkkkkkkkkkkkkkkkak
kkkkkkkkkkkkckkkkkkksekkkkbkkkkkkkkkkkkkkkkkkkkkkkkkkkkkkkkkkkkkkkkkkkkkkkkkkkkkkkkkkkkkkkkkkkkkkkk
kkkkkkkkkkkkkkkkkkkkkkkkkkkkkkkkkkkkkkkkkkckkkkkkkkkksekkkkkkkkkkkkkkkkkkkkkkkkkkkkckkkkkkkkkkkkkk
kkkksekkkkkkkkkkkkkkkkkkkkkkkkkkkkkkkkkkkkkksekkkkksykkkkkkkkkckkkkkkkkkkkkseekkkkkkkkkkkkksykkkkkk
ykksekkkkkkkkkkkkkbkkkkkkkkkkkkkkkkkkkbkkkkakkkkkkkkkkkkkkkkkkkkkkkkkbkkkkkkkkkkkkkbkkkkkksykkkkkkkk
kkakkkkkkkkkkkkkkkakkkkkkkkkkkkkbkkkkkkkkkkkkkkkkkkkkkkkkkkkkkkkkkkkkkkbkkkkkkkkkkkkkkakkksekkkkkkkk
kkkkcbkkkkkkkkkkkkkkkkkkkkkkkkkkkkkkkkkkkkkkkkkksykkkkkkkkkkkkkkkkkksykkkkkkkkkkkkkkkkkkkkkkkkkkkkk
kkkkkkkkkkkkkkkkkkkkkkkaseckkkkkkkkkkkkkkbkkkksekkkkkcksekkkkkkkkkkkkkkkkkkkkkkkkkkkkkkkkkkkkkkkkk
ksekkkkkkkkkkkkkkkkkkkkkkksykkkkkkkkkkkkkbkkkkkkkkkckkkkkkkkkkkkkkkkkkkkkkkkkkkkkkkkbkkkkkkkkkkkkkk
kkkckkkkkkkkkkkkkkkkkkkkkkkkkkkkkkkkkkkkkkkkkkkksykkkkkkkkkkkkkkkkkkkkkkkkkkkkkkkkkkkkkkkbkbkkkkkkk
kkkkkkkkkkkkkkkkkkkkkkkkkkkkkkkkkkakkkkkkkkkkkkkkkkkkkkkkkkakkkckkkkkkkkkkkkkkkkkkkakkkkkkkkkkkkbkk
kkkkkkckkkkkkkkkkkkkkckkkksekkkkkkkkkkkkkkkkkkkakkkkkkkkksykkkkkkkkkkkkkkkkkkkksekkkkkkckkkksykkk
kkkkakkkkkkkkkkkkkkkkkkkkkkkkkkksekkkkkkkkkkkkkkkkkkakseksykkkkkkkkkkkkkkkkkkkkkkkkkkkkkkkkkkkkksykk
kkkkkkkkkkkkkkkkkkkkksekkkksykkkkkkkksykkkkkkkkkkkkkkkkkkkkkkkkkkkkkkkkkkkkkkkkkkkkkkkkkkkkkkkkkkkkk
kkkkkkkkkkkkkkckkbkkkkkkkkkkakkkkkkkkkkkkkkkkkkkkkkkkkkkkkkkkkkkkasykkkkkkkkkakkkkkkksekkkkkkkkkkkk
ckkkkkkkkkkckkkkkkkkkkkkkkkkkkkkkkkkkkkbkkkkkkkkkkkkkkkkkkkkkkksekkkkkkkkkakkkkkkkkkkkkkkkkkkkkkkk
ksykkkakkkkkkkkkkkkkkkkkkkkkkkkkkkkkkkkkkkkkkkkkkkkkkkksekkkkkksykkakkksekkkkkkkkkkkkkkkksykkkkkkkkk
kkkkkkkkkkkkkkkkkkkkkkkkkkkkkkakkkkkkkkkkkkkkkkkkkkkkkkkkkkkkkkkkkkkkkkkkkkkkkkkkkkkkkkkkkkkkkkksekk
kkbkkkkkkkkkkkkkkckkkkkkkkkkkkkkkkkkakkkkkkkkkkkkkkkkkkkkkkkkkkkbkkkkkkkkksekkkkkkkkkkkkkkkkkkkkbbk
kkkkkkkkkkkkkkkkkkkkkkkkkkkkkkkkkkkkkkkkkkkkkkkkkkkkkkkkkkkkkkkkkkkkbkkkkkkkkkkkkkkkkkkckkkkkkkkkkk
kkkkkkkkkkkkkkkkkkkkkkkkkkkkkkkkkkkkkckkkkkkkkkkkkkkkkkkkkkkkkkkkkkkkkkkkkkkksykkkkkkkkkkkkkkkkkkkk
kkkkkkkkkkkkkkkkkkkkkkkkkkkkkkkkkkkkkkkkkkkkkkkkkkkkkkkkkkkkkkkkkkkkkkkkkkkkkkkkkkkkkkkkkkkkkkkbkkkk
kkkkkkkkkkkkkkkkkkkkkkkkkkkkkkkkkkkkkkkkkkkkkkkksykkakkkkkkkkkkkkbkkkkkkbkkbkkkkkkkkkkkkkksykkkkkkkk
kkkkkkkkkkkkckkkkkkckkkkkkkkkkkkkkkakkkkkkkkksykkkkkkkkkkkkkkkkkkkkkkkkkckkkksykkkkkkkkkkkkkkkkkk
kkkkkkckkkkkkkkkkkkkkkkkkkkkkkkkkkkkkkkkkkkkkkkkkkkkkkkkkkkkkkkkkkkkcekkkkkkkkkkckkkkkkkkkbkkkkkk
kkkkkksykkkkkkkkkkkkkkkkkkkkkkkkkkkkkkbkkkkkkkkbkkkkckkkkkkkkksekkkkkkkkkkkkkkkkkkkkkasekkkakkkkkkk
kkkkkakkkkkkkkkkkksykkkkkkkkkbkkkkkkkkkkkkkkkkkkkkkkkkkkkkkkkkkkkkkkksekkkkkkkkkkkkkkkksekkkkkkkkkkk
kkkkkkkkkkkkkkkkkkkkkkkkkkkkkkkkkkkbkkkkkkkksekkkkckkkkkkakkkksekkkkksekkkkbkkkkkksykksykkkkkkkkkkk
kkkkkksekkkkkkkkkkkkkkkkkkkkkkkkkkkkkkkkkkkkkkkkbkkkkkksykkkkkkkkkkkkkkkkbkkkkkkkkkkkkkkkkksykkkkkkk
kkkkkkkkkkkkkkkkkkkkkkkkkkkakkkkkkkkkkkkkkkkkkkkkkkkkkkkkkkkkkkckkkkkkkkkkkkkbkkkkkkkkkkkkkkkkkkkkk
sekkkkkkkkkkkkkkkkkkkksekkkkkckkkkkkkkkkkkkkkkkkkkseksykkkkkkkksekkkkkkkkkkkkckkkkkkkkkkkkkkkkkkkk
kkkkkkkkkkkkkkksekkbkkckkkkkkkkkkkkkkkkkkkksykkkkkkkkkkkkkkkksykkkkkkkkkkkkkkkkkkkkkkkkkkkkkkkkkkkk
kkkkkkkkkkkkkkkkkkkkbkkkkkkkkkkkkkkkkkkkkkkkkkakkkkkkkkkkkkkkkkkkkkkbkbkkkkkkkkkkkkkkkckkkkkkkkkkkk
bkkkkkkkkkkkkkkkkkkkkkkkkkkkkkkkkkkkkkkkkkkkkkkkkkkkkkkkkkkkkkkkkkkkkkkkkkkkkkkkkkkkakkkkkkkkkkkkkka
kkkkkkkkkkkkkkkkkkkkkkkkkkkkkkkkkkkkkkkkkkkkkkkkkkkkkkkkkkkkkkkkkkkkkkbkkkkkkkkksykkkkkkkkkkkkkkkkkk
kkkkkkkkkbkkkkkkkkkkkkkkkbkkkkkbksekkkkkkkkkkkkkkkkkakkkkkaykkkkkkkkkkkkkkkkkkkkkkkkkkkkkkkkkkkkkkkk
kkkkkkkkkkkkkkkkkkkkkkkkkkkkkkkkkkkkkkkkkkkkkkkkkkkkkkkkkkkkkkkkckkkakkkkkkkkkkkkksykbkkkkkkkkkkkak
kkkkkkkkkkkkkkkkkkkkkckkkkkkkkkkkkkkkkbkkkkkkkkkkasykkkkkkkkkkkkkkkkkkkkkkkkkkkkkkksyksekkkkakkkkkk
kkkkbksekkkkkkkkkkkkckkkkkkkkkkkkkkkkkkkkkkkkkkkkkkkkkkkkkkkkkkkkkkkkkkkkkkkkkkkkkkkkkkkkkkkkkkkkkk
kkkkksekkkkkakkkkkkkkksesykkkkkkkkckkkkkkkkkakkkkkkkkkkkkkkkkkkkkkkkkkkksykkkkkkkkkkkkkkkkkkkkkkkkk
kkkkkkkkkkkkkkkckkkckkkkkkksykkkkkkkkkkakkkkkkkkksykkkkkkkkkkkkkkkkkkksykkkkkkkkkkkkkkkkkkakkkkkkk
kkkkkkkakkkkkkkkkkkkkkkkkkkkkkkkkkkkkkkkkkkkkkkkkkkkkkkkkkkksykkkkkkkkkkkkkckkkkksykkkkkkkkkkkkkkkk
ksekkkkkkkkkkkkkkkkkkkkckkkkkkkkkkkkkkkkkkkkkckkkkkkkkkkkkkkkksysykkkkkkkkkkkkkkksekkkkkkakkkkkkkk
kksykkkkkkksykkkkkkkkkkksykkkkkkkkkckkkkkkbkkkkkkkkkkkckkkkkkkkkkkkkkkkkkkkkkkkkkkkkkkkkkkkkkkkkkk
kkkkkbkkkkkkkkksebhkkkkkkkkkkkkkkkkkkkksykkkkasekkkkkkkkkkkkksykkkkkkkkkckkkkkkkkkkkkkkkkkkkkkkkkkk
kkkkkkkkkkkkkkkkkksykkksekkkakkkkkkkkkkkkkakkkckkkkkkkkkkkkkksekkkksykkkkkkkkkkkkkkkkckkkkkkkkkkkk
kkkkkkkkkkkkkkkkkkkakkkkkkkckkkkkkkkkkakkkkkkkkkkkkkkkckkkkkkkkkkkkkkkkkkbksykkkkkkkkakkkkakkkkkkk
kkkkkkkkkbksykkkkbkkkkkkkkkkkkkkkkkkkkkkkkkkkkkkkksykkkkkkkkkkkkkkkkkakkkkkkkkkkkkkkkkkkkkkkkkkkkkkk
akkkkkksykkkkkkkkkkkkkkkkkkkkkkkakkkkkkkkkkkkkkkkackkkkkkkkkkkkkkkkkkkkkkkkkkkkkkkkkkkkkkkkkkkkkkkk
kkkkkkkkkkkkkkkkkkkkkkkkkkkkkkkkkkkkkkkkkkkkkkkkkkkkkkksykkkkkkkkkkkkkkkkkkkkkkkkkkkkkkkkkkkkkkkkkkk
kkkkkkkkkkkkkbkkkkkkkkkkkkkkkkkkakkkkkkkkkkkkkkkkkkkkkkkkkkkkkkkkkksykkkkkksekkkkkkkkkkkkkkkkkkkkkkk
kkkkkkkkkkkkkkkkkkkkkkakkkkkkkkkkkkkkkkkkkkkkkkkkkkkkkkkkkkkkkkkkkkkkkkkkkkkkkkkkkkkkkkkkkkkkkkkkkkk
kakkkkbkkkkkkkkkkkkkkkkkkkkkkkkkkkkkkkkkkkkkkkkkkkkkkkkkkksekkkkkkkkkkkkkkkkkkkkkkkkkkkksykkkkkkkkkk
kkkkkkkkkakkkkkkkkkkkkkkkbkkkkkkkkkkkkkkkkkkkakkkkkkkkkkkkkckkkkkkbkkkkkkkkkkkkkkkkkkkkkkkkkksekkkk
kkkkkkkkkkkkkkkkkkbseckkkksekkkkkkkkkkkkkkkkkkkkkkkkkkkkkkkkkkkkkbkkkkkkkkkkkkkkkkkkkkkkkkkckkckk
kkkkkakkkkkkkkkkkkkkkkkkkkkkkkkksykkkkkkkkkkakkkkkckkkkkkkkkkkkkkckkkkkkkkkkkkkkkkkkkkkkkkkkkkkkkk
kksykkkkkkkkkbkkkkkkkkkkkkckkkkkkkkkkkkkkkkkakkkkkkkkkkkkkkkkkkkkkkkkkkkkkkkkkkkkkkkkkkkkkkkkkkkkkk
kkkkkkkkkkkkkkkkkkkkkbkkkkkkkkkkkckkaksykkkkksykkkkkkksykkkkkkkkkkkkkkkksykkkkakkkkkkkkkkkkkkkkkkkk
kkkkkkkkkkkkkkkkkkkkkkkkkksykkkkkkkkkkkkkkkkkkkkkkkckakkkkkkkksykkkkkkkkkkkkkkkkkkkbkkckkkkkkkkkkk
kkkkkkkkkkkkkkkkkkkkkkkkkkkkkkkkkkkkckkkkkkkkkkkkkkkkkkkkkkkkkkkkkkkkkkkkkcakkkkkkkkksekkkkkkkkkkk
kkkkbkkkkkkkksykkkkkkkkkkkkkkkkkkkkkkkkkkkkkksekkkkkkkkkkkkkkkkkkkkkkkkkksekkkkkkkkakkkkkkkkkkbkkkkk
kkkkkksykkkkkkkkkkkckkkkkkkkkkkakkkkkkkkkakkkkkkkkcksekkkkkkkkkkkkkkkkkkbkkkakkkkkkkkckkkckkkkkk
kkkkkksekkkkkkkkkkkbkkkkkkkkkkkkkkkkkkkksykkkkkkkkkkkkkkkkkkkksekkkkkkksykkkkkkkkkkkkkkkkkkkkkkkkkkk
kkkkkkkkkkkkkkkkkkkkkckkkkkkkkkkkkkkkkkkkkkkkkkkkkkkkkkkkkkkkckkkkkkkkkbkkkkkkkkkkkkkkkkkkkkkkkkka
kkkkkkkkkkkkkkbkkkkkkkkkkkkkkkkkkkkkkkkkkkkkkkkksekksekkkkkkkkkkkkkkkkkkkkkkkkkkkckkkasekkkkkkakkka
kksekkkkkkkkkkkkkkkkkkkkkkkkkkkkkkkakkkkbkkkkkkkkkkkkkkkkkkkcsykkkkkkkkkkkkkkkkkkkkkkkkkaekkkakkkkk
kkkkkkkkkkkkkkkkkkkkkkkakkkkkkkkkkkkkkkkkkkkkkkkkkkkkkkkkkkkkkkkkkkkkkakkkkkakkkkkkkkkkbkkkkkkkbkkc
kkkkkkkkkkkkkkkkkkkkkkkkkkkkkkkkkkkkkkkkkkkkkkkkkkkkkkkkkkkkkkkkkkkkkkkkkkkkkkkkkkkkkkkkkkkkkakkkkkk
kkkkkkkkkkkkkkkkkakkkkkkkkaekkkkkkkkkkkkkkkkkkkkkkkkkkkkkkkkkksekkkkkkkkkkkkkkkkkkkkkkkbkkkkakkakkkk
kkkkkkksekkkkkkkkkkkkkkkkkkkkkkkkkkkkkkkkkkkkksekkkkkkkkkkkkkkkkkksekkkkkkkkkkkkcykkkkkkkkkkkkkkkkk
kkkkkkkkkkksekkkkkkkkkkkkkkkkkksekkkkkkbkkkkkkkkkksekkkkkckkkkkkkkkkkkkkkkakkkkkkkkksykkkkkkkkbkkkk
kkkkkkkkkkkkkkkkkkkkkkkkkkkkkkkkkkkkkkkkkkkkkkakkkkkkkkkakkkkakkkkkkkkkkkkkkkkkkkkksykkkkkakkkkkkkkk
ksekkkksekkkkakkkkkksekkkkkkkkkkkkkkkkkkkkkkkkkkkkkkkkksekkkkkkkkkkkakkksekkkkkkkkkkksykkkkksykkkksy
kkkakkkkkkkkbkkkkkkkkkkkkkkkkkkkkkkkkkkkkkkkkkkkkkkkksekkkkkkkkkkksykkkkkkkkkkkkkkkkkkkkkkkkksykkkkk
kkkkkkkkkkkkckkkkkkkkkkkkkkkkkkkkksykkkkkkkkkksykkkkkkkkkkkkkkkkkkckkkkkkkkkkkkkkkkkkkkkkkkkkkkkkk
ykkkkkkkkkkkkkkkksekkkkkkkkkkkakkkkkkckkkkkkkkkkkkkkkkkkkkkkkkksekkkkkkkkkkkkkkkkkkkkkkkkkkkkbkkkkk
ekkkkkkkkkkkbkkkkkkkkkkkkkkkkkkkkkkkkkkkkakkkkkkkksekkkkkkkkkkkkkkkkkkkkkkkkkkkkkkkkkkkkkkkkkkkkkkkk
kkkkckkkkkkkkkkkkkkkkkkkkkkkkkksykkkkkkkkkkkkkkkkkksykkkkkkkkkkkkkkkkakkkkkkkkkkkkkkkkkkkckkkkkkkk
kkseckkkkkkkkkkkkkkkkkkkakkkkkkkkkkkkkkkkkbkkkksykkkksekkkkkkkkkkkkkkkkkkkkkkkkkkkkkkksykkkkkkkkkkk
kkkkkkkkkkkkkkkkkkkkkkkkkkkkkkkkkkkkkkkkkkkkkkkkkkkkkkkkkkkkkkkkkkkkkkkkkkkkkkkkkkkkkkkkkkkkkkkkckk
kkkkkkkkkkkkkkkkkkkkkkkkkkkckkkkkkkksykkkkksykkkkkkkkkkkkkkkkkkksykkkkkkkakkkakkkkkkkkkkkkkkkkkkkkk
kkkkkkkkkkakkkkkkkkkkkkkkkkakckkkkkkkkkkkkkkkkkkkkkbkkkkkkkkkkkkkksekkkkkkkkkkkkkkkkkkkkkkkkkkkkkkk
kkkkkkkkkkkkkkkkkkkkkakkkkkkkkkkkkkkkkkkkkkkkkkkkkkkkkkkkkckkkkkkkkkkkkkakkkkkkkkkkkkkkkakkkkkkkkkk
kkakkkkkkkkkkkkkkkkkkkkkkkkkkkkkkkkkkkkkkkkkkkkkkkkkkkkbhkkkkaksekkkkkkkkkkkkkkkkkkkksekkkkkkkkkkkkk
kkkkkkkkkkkkkkkkkkkkkkkkkkkkkakbkkkkkkkkkkkkkkkkabkkkkkkkkkkkkkksykkkkkkkkkkakkckkakkkkkkkkkkkkkakk
kkkakkkkkkkkkkkkkkkkkkkkkkkkkkkkkkkkkkkkkckkkkkkkkkkkkkkkkkkkkkkkkkkckkkkkkkkkkkkkkkkkkkkkkkkkkkkk
sekkkkkkkkkkkkkkkkckkkkkkkkkkkkkkkkkkkkkkkkkkkkkkkkkkkkkkkkkkkkkkkkkkkkkkkkkkkkkkkkkkkkkkkkkkkkkkkk
kkkkkkkkkkbkkkkksykkkbkkkksesekkkkkkkkkkkkkkkkkkkkkckkkbkkkkbkkkkkkkkbkkkkkkkkkkkkkkkkkkkkkkkkkkkkk
kkkkkkkkkkkkkkkkkkkkkbkkkkksekkkkkkkkkkkkkkkkkkkkkkkkkkkkkkkkkkkkkkkkkkksykkkkkkkkkkkkkkkkkkkkkkkkkk
kkkkkksekkkkkkkkkkkbkakkkkkkkkkkkkkkkkkkckkkkkkkkkkkkkkkkkkkkkkkkkkkkkkkkkkkkkkkkkksekkkkkkkkkckkk
kkkkkkkkkkkkkkkkkkkkkkkkkkkkkkkkkkkckkkkkkkkkkkkkkksykkkkkkkkkkkkkkkkkkkakkkkkkkkkkbkkkkkkkkkkkkkka
kkkkkkkkkkkkkkkkkkkkkkkkkkkkkkkkkkkkkkkkkkkkkkkkkkkakkkkkkkkkkkkkkkkkkkkkkkkbkkkkkkkkkkkkkkkkkkkkkkk
kkkkkkkakkkkkkkksekkkkkkkkkkbkkkkkkkkkkakkkkbkkkkkkkkkkkkkkkkkkkkkkkkkkkkkkkkkkkkkkkkkkkkkkkkkkkkkkk
akkkkkkkkkkkkkkkkkkkkkkkksekkkkkkkbkkkkkkkckkkkkkkkkkkkkkkkkkkkkkkksekkkkkkkkkkkkkkkkkkkkkkkkkkkkkk
