1 996
990 996
982 990
976 982
968 976
940 968
932 940
923 932
910 923
903 910
895 903
888 895
875 888
872 875
867 872
865 867
863 865
856 863
851 856
849 851
835 849
821 835
791 821
785 791
784 785
763 784
755 763
749 755
743 749
742 743
741 742
729 741
705 729
699 705
698 699
690 698
686 690
681 686
669 681
657 669
647 657
635 647
612 635
610 612
603 610
597 603
594 597
576 594
574 576
550 574
519 550
518 519
515 518
514 515
509 514
499 509
487 499
454 487
446 454
440 446
407 440
400 407
397 400
382 397
342 382
341 342
330 341
325 330
324 325
299 324
298 299
275 298
267 275
223 267
214 223
198 214
197 198
189 197
185 189
180 185
177 180
176 177
170 176
167 170
166 167
151 166
145 151
134 145
121 134
107 121
72 107
68 72
61 68
53 61
47 53
46 47
44 46
36 44
19 36
8 19
19 984
8 984
8 980
980 984
971 984
971 980
966 980
966 971
965 971
965 966
958 966
958 965
948 965
948 958
935 958
935 948
924 948
924 935
921 935
921 924
920 924
920 921
898 921
898 920
893 920
893 898
886 898
886 893
885 893
885 886
883 886
883 885
870 885
870 883
855 883
855 870
844 870
844 855
843 855
843 844
840 844
840 843
826 843
826 840
810 840
810 826
801 826
801 810
793 810
793 801
773 801
773 793
771 793
771 773
759 773
759 771
744 771
744 759
740 759
740 744
725 744
725 740
715 740
715 725
714 725
714 715
695 715
695 714
693 714
693 695
692 695
692 693
680 693
680 692
676 692
676 680
666 680
666 676
655 676
655 666
628 666
628 655
623 655
623 628
617 628
617 623
613 623
613 617
555 617
555 613
549 613
549 555
547 555
547 549
522 549
522 547
521 547
521 522
516 522
516 521
497 521
497 516
486 516
486 497
485 497
485 486
460 486
460 485
455 485
455 460
448 460
448 455
447 455
447 448
443 448
443 447
417 447
417 443
399 443
399 417
395 417
395 399
386 399
386 395
377 395
377 386
374 386
374 377
372 377
372 374
343 374
343 372
337 372
337 343
335 343
335 337
333 337
333 335
326 335
326 333
322 333
322 326
320 326
320 322
305 322
305 320
297 320
297 305
283 305
283 297
258 297
258 283
237 283
237 258
234 258
234 237
224 237
224 234
218 234
218 224
204 224
204 218
201 218
201 204
200 204
200 201
188 201
188 200
186 200
186 188
149 188
149 186
117 186
117 149
114 149
114 117
111 117
111 114
81 114
81 111
65 111
65 81
58 81
58 65
57 65
57 58
41 58
41 57
25 57
25 41
17 41
17 25
14 25
14 17
13 17
13 14
5 14
5 13
4 13
4 5
13 999
4 999
5 999
5 993
993 999
4 993
4 983
983 993
983 999
977 999
977 983
977 993
973 993
973 977
973 983
967 983
967 973
967 977
959 977
959 967
959 973
956 973
956 959
956 967
954 967
954 956
954 959
941 959
941 954
941 956
928 956
928 941
928 954
917 954
917 928
917 941
900 941
900 917
900 928
896 928
896 900
896 917
880 917
880 896
880 900
861 900
861 880
861 896
860 896
860 861
860 880
859 880
859 860
859 861
838 861
838 859
838 860
832 860
832 838
832 859
830 859
830 832
830 838
814 838
814 830
814 832
806 832
806 814
806 830
797 830
797 806
797 814
769 814
769 797
769 806
754 806
754 769
754 797
748 797
748 754
748 769
747 769
747 748
747 754
739 754
739 747
739 748
730 748
730 739
730 747
726 747
726 730
726 739
710 739
710 726
710 730
704 730
704 710
704 726
694 726
694 704
694 710
674 710
674 694
674 704
672 704
672 674
672 694
671 694
671 672
671 674
663 674
663 671
663 672
658 672
658 663
658 671
649 671
649 658
649 663
643 663
643 649
643 658
639 658
639 643
639 649
631 649
631 639
631 643
609 643
609 631
609 639
595 639
595 609
595 631
587 631
587 595
587 609
586 609
586 587
586 595
583 595
583 586
583 587
579 587
579 583
579 586
571 586
571 579
571 583
567 583
567 571
567 579
566 579
566 567
566 571
554 571
554 566
554 567
545 567
545 554
545 566
540 566
540 545
540 554
528 554
528 540
528 545
502 545
502 528
502 540
483 540
483 502
483 528
480 528
480 483
480 502
478 502
478 480
478 483
476 483
476 478
476 480
435 480
435 476
435 478
434 478
434 435
434 476
430 476
430 434
430 435
425 435
425 430
425 434
405 434
405 425
405 430
390 430
390 405
390 425
365 425
365 390
365 405
362 405
362 365
362 390
357 390
357 362
357 365
347 365
347 357
347 362
346 362
346 347
346 357
338 357
338 346
338 347
293 347
293 338
293 346
280 346
280 293
280 338
271 338
271 280
271 293
265 293
265 271
265 280
247 280
247 265
247 271
236 271
236 247
236 265
220 265
220 236
220 247
219 247
219 220
219 236
212 236
212 219
212 220
203 220
203 212
203 219
196 219
196 203
196 212
184 212
184 196
184 203
174 203
174 184
174 196
171 196
171 174
171 184
144 184
144 171
144 174
142 174
142 144
142 171
138 171
138 142
138 144
135 144
135 138
135 142
119 142
119 135
119 138
116 138
116 119
116 135
113 135
113 116
113 119
94 119
94 113
94 116
86 116
86 94
86 113
78 113
78 86
78 94
77 94
77 78
77 86
34 86
34 77
34 78
32 78
32 34
32 77
78 997
32 997
34 997
77 997
77 992
992 997
32 992
34 992
34 988
988 992
988 997
32 988
32 961
961 988
961 992
961 997
949 997
949 961
949 988
949 992
946 992
946 949
946 961
946 988
945 988
945 946
945 949
945 961
943 961
943 945
943 946
943 949
937 949
937 943
937 945
937 946
936 946
936 937
936 943
936 945
934 945
934 936
934 937
934 943
927 943
927 934
927 936
927 937
922 937
922 927
922 934
922 936
918 936
918 922
918 927
918 934
908 934
908 918
908 922
908 927
906 927
906 908
906 918
906 922
904 922
904 906
904 908
904 918
901 918
901 904
901 906
901 908
899 908
899 901
899 904
899 906
897 906
897 899
897 901
897 904
892 904
892 897
892 899
892 901
881 901
881 892
881 897
881 899
862 899
862 881
862 892
862 897
858 897
858 862
858 881
858 892
833 892
833 858
833 862
833 881
807 881
807 833
807 858
807 862
802 862
802 807
802 833
802 858
796 858
796 802
796 807
796 833
783 833
783 796
783 802
783 807
782 807
782 783
782 796
782 802
781 802
781 782
781 783
781 796
765 796
765 781
765 782
765 783
764 783
764 765
764 781
764 782
760 782
760 764
760 765
760 781
734 781
734 760
734 764
734 765
721 765
721 734
721 760
721 764
703 764
703 721
703 734
703 760
702 760
702 703
702 721
702 734
688 734
688 702
688 703
688 721
682 721
682 688
682 702
682 703
670 703
670 682
670 688
670 702
645 702
645 670
645 682
645 688
638 688
638 645
638 670
638 682
633 682
633 638
633 645
633 670
620 670
620 633
620 638
620 645
616 645
616 620
616 633
616 638
615 638
615 616
615 620
615 633
580 633
580 615
580 616
580 620
564 620
564 580
564 615
564 616
557 616
557 564
557 580
557 615
553 615
553 557
553 564
553 580
552 580
552 553
552 557
552 564
537 564
537 552
537 553
537 557
533 557
533 537
533 552
533 553
507 553
507 533
507 537
507 552
501 552
501 507
501 533
501 537
444 537
444 501
444 507
444 533
431 533
431 444
431 501
431 507
426 507
426 431
426 444
426 501
415 501
415 426
415 431
415 444
402 444
402 415
402 426
402 431
376 431
376 402
376 415
376 426
373 426
373 376
373 402
373 415
359 415
359 373
359 376
359 402
348 402
348 359
348 373
348 376
345 376
345 348
345 359
345 373
336 373
336 345
336 348
336 359
327 359
327 336
327 345
327 348
316 348
316 327
316 336
316 345
315 345
315 316
315 327
315 336
300 336
300 315
300 316
300 327
292 327
292 300
292 315
292 316
277 316
277 292
277 300
277 315
268 315
268 277
268 292
268 300
243 300
243 268
243 277
243 292
216 292
216 243
216 268
216 277
213 277
213 216
213 243
213 268
207 268
207 213
207 216
207 243
199 243
199 207
199 213
199 216
173 216
173 199
173 207
173 213
124 213
124 173
124 199
124 207
115 207
115 124
115 173
115 199
105 199
105 115
105 124
105 173
100 173
100 105
100 115
100 124
92 124
92 100
92 105
92 115
91 115
91 92
91 100
91 105
89 105
89 91
89 92
89 100
88 100
88 89
88 91
88 92
76 92
76 88
76 89
76 91
74 91
74 76
74 88
74 89
70 89
70 74
70 76
70 88
60 88
60 70
60 74
60 76
56 76
56 60
56 70
56 74
55 74
55 56
55 60
55 70
48 70
48 55
48 56
48 60
40 60
40 48
40 55
40 56
31 56
31 40
31 48
31 55
29 55
29 31
29 40
29 48
26 48
26 29
26 31
26 40
16 40
16 26
16 29
16 31
40 1001
16 1001
26 1001
29 1001
31 1001
31 989
989 1001
16 989
26 989
29 989
29 987
987 989
987 1001
16 987
26 987
26 981
981 987
981 989
981 1001
16 981
16 979
979 981
979 987
979 989
979 1001
963 1001
963 979
963 981
963 987
963 989
960 989
960 963
960 979
960 981
960 987
957 987
957 960
957 963
957 979
957 981
944 981
944 957
944 960
944 963
944 979
939 979
939 944
939 957
939 960
939 963
938 963
938 939
938 944
938 957
938 960
931 960
931 938
931 939
931 944
931 957
912 957
912 931
912 938
912 939
912 944
907 944
907 912
907 931
907 938
907 939
902 939
902 907
902 912
902 931
902 938
882 938
882 902
882 907
882 912
882 931
874 931
874 882
874 902
874 907
874 912
850 912
850 874
850 882
850 902
850 907
846 907
846 850
846 874
846 882
846 902
828 902
828 846
828 850
828 874
828 882
827 882
827 828
827 846
827 850
827 874
824 874
824 827
824 828
824 846
824 850
815 850
815 824
815 827
815 828
815 846
799 846
799 815
799 824
799 827
799 828
794 828
794 799
794 815
794 824
794 827
792 827
792 794
792 799
792 815
792 824
789 824
789 792
789 794
789 799
789 815
777 815
777 789
777 792
777 794
777 799
772 799
772 777
772 789
772 792
772 794
766 794
766 772
766 777
766 789
766 792
762 792
762 766
762 772
762 777
762 789
752 789
752 762
752 766
752 772
752 777
732 777
732 752
732 762
732 766
732 772
731 772
731 732
731 752
731 762
731 766
711 766
711 731
711 732
711 752
711 762
697 762
697 711
697 731
697 732
697 752
679 752
679 697
679 711
679 731
679 732
673 732
673 679
673 697
673 711
673 731
651 731
651 673
651 679
651 697
651 711
619 711
619 651
619 673
619 679
619 697
608 697
608 619
608 651
608 673
608 679
593 679
593 608
593 619
593 651
593 673
592 673
592 593
592 608
592 619
592 651
588 651
588 592
588 593
588 608
588 619
584 619
584 588
584 592
584 593
584 608
581 608
581 584
581 588
581 592
581 593
575 593
575 581
575 584
575 588
575 592
565 592
565 575
565 581
565 584
565 588
562 588
562 565
562 575
562 581
562 584
546 584
546 562
546 565
546 575
546 581
534 581
534 546
534 562
534 565
534 575
532 575
532 534
532 546
532 562
532 565
526 565
526 532
526 534
526 546
526 562
505 562
505 526
505 532
505 534
505 546
496 546
496 505
496 526
496 532
496 534
488 534
488 496
488 505
488 526
488 532
479 532
479 488
479 496
479 505
479 526
453 526
453 479
453 488
453 496
453 505
442 505
442 453
442 479
442 488
442 496
429 496
429 442
429 453
429 479
429 488
413 488
413 429
413 442
413 453
413 479
412 479
412 413
412 429
412 442
412 453
410 453
410 412
410 413
410 429
410 442
408 442
408 410
408 412
408 413
408 429
401 429
401 408
401 410
401 412
401 413
381 413
381 401
381 408
381 410
381 412
370 412
370 381
370 401
370 408
370 410
361 410
361 370
361 381
361 401
361 408
294 408
294 361
294 370
294 381
294 401
291 401
291 294
291 361
291 370
291 381
286 381
286 291
286 294
286 361
286 370
279 370
279 286
279 291
279 294
279 361
276 361
276 279
276 286
276 291
276 294
273 294
273 276
273 279
273 286
273 291
261 291
261 273
261 276
261 279
261 286
256 286
256 261
256 273
256 276
256 279
254 279
254 256
254 261
254 273
254 276
241 276
241 254
241 256
241 261
241 273
235 273
235 241
235 254
235 256
235 261
232 261
232 235
232 241
232 254
232 256
217 256
217 232
217 235
217 241
217 254
182 254
182 217
182 232
182 235
182 241
179 241
179 182
179 217
179 232
179 235
175 235
175 179
175 182
175 217
175 232
163 232
163 175
163 179
163 182
163 217
157 217
157 163
157 175
157 179
157 182
156 182
156 157
156 163
156 175
156 179
141 179
141 156
141 157
141 163
141 175
106 175
106 141
106 156
106 157
106 163
84 163
84 106
84 141
84 156
84 157
75 157
75 84
75 106
75 141
75 156
63 156
63 75
63 84
63 106
63 141
59 141
59 63
59 75
59 84
59 106
50 106
50 59
50 63
50 75
50 84
42 84
42 50
42 59
42 63
42 75
38 75
38 42
38 50
38 59
38 63
37 63
37 38
37 42
37 50
37 59
30 59
30 37
30 38
30 42
30 50
27 50
27 30
27 37
27 38
27 42
24 42
24 27
24 30
24 37
24 38
42 991
24 991
27 991
30 991
37 991
38 991
38 985
985 991
24 985
27 985
30 985
37 985
37 951
951 985
951 991
24 951
27 951
30 951
30 933
933 951
933 985
933 991
24 933
27 933
27 909
909 933
909 951
909 985
909 991
24 909
24 879
879 909
879 933
879 951
879 985
879 991
871 991
871 879
871 909
871 933
871 951
871 985
869 985
869 871
869 879
869 909
869 933
869 951
837 951
837 869
837 871
837 879
837 909
837 933
834 933
834 837
834 869
834 871
834 879
834 909
831 909
831 834
831 837
831 869
831 871
831 879
823 879
823 831
823 834
823 837
823 869
823 871
816 871
816 823
816 831
816 834
816 837
816 869
811 869
811 816
811 823
811 831
811 834
811 837
808 837
808 811
808 816
808 823
808 831
808 834
787 834
787 808
787 811
787 816
787 823
787 831
786 831
786 787
786 808
786 811
786 816
786 823
780 823
780 786
780 787
780 808
780 811
780 816
779 816
779 780
779 786
779 787
779 808
779 811
776 811
776 779
776 780
776 786
776 787
776 808
761 808
761 776
761 779
761 780
761 786
761 787
736 787
736 761
736 776
736 779
736 780
736 786
735 786
735 736
735 761
735 776
735 779
735 780
713 780
713 735
713 736
713 761
713 776
713 779
708 779
708 713
708 735
708 736
708 761
708 776
706 776
706 708
706 713
706 735
706 736
706 761
678 761
678 706
678 708
678 713
678 735
678 736
665 736
665 678
665 706
665 708
665 713
665 735
654 735
654 665
654 678
654 706
654 708
654 713
652 713
652 654
652 665
652 678
652 706
652 708
646 708
646 652
646 654
646 665
646 678
646 706
627 706
627 646
627 652
627 654
627 665
627 678
626 678
626 627
626 646
626 652
626 654
626 665
625 665
625 626
625 627
625 646
625 652
625 654
622 654
622 625
622 626
622 627
622 646
622 652
611 652
611 622
611 625
611 626
611 627
611 646
582 646
582 611
582 622
582 625
582 626
582 627
570 627
570 582
570 611
570 622
570 625
570 626
559 626
559 570
559 582
559 611
559 622
559 625
551 625
551 559
551 570
551 582
551 611
551 622
544 622
544 551
544 559
544 570
544 582
544 611
531 611
531 544
531 551
531 559
531 570
531 582
523 582
523 531
523 544
523 551
523 559
523 570
513 570
513 523
513 531
513 544
513 551
513 559
511 559
511 513
511 523
511 531
511 544
511 551
508 551
508 511
508 513
508 523
508 531
508 544
481 544
481 508
481 511
481 513
481 523
481 531
474 531
474 481
474 508
474 511
474 513
474 523
472 523
472 474
472 481
472 508
472 511
472 513
445 513
445 472
445 474
445 481
445 508
445 511
423 511
423 445
423 472
423 474
423 481
423 508
420 508
420 423
420 445
420 472
420 474
420 481
416 481
416 420
416 423
416 445
416 472
416 474
406 474
406 416
406 420
406 423
406 445
406 472
396 472
396 406
396 416
396 420
396 423
396 445
394 445
394 396
394 406
394 416
394 420
394 423
385 423
385 394
385 396
385 406
385 416
385 420
378 420
378 385
378 394
378 396
378 406
378 416
368 416
368 378
368 385
368 394
368 396
368 406
367 406
367 368
367 378
367 385
367 394
367 396
366 396
366 367
366 368
366 378
366 385
366 394
355 394
355 366
355 367
355 368
355 378
355 385
349 385
349 355
349 366
349 367
349 368
349 378
340 378
340 349
340 355
340 366
340 367
340 368
332 368
332 340
332 349
332 355
332 366
332 367
329 367
329 332
329 340
329 349
329 355
329 366
319 366
319 329
319 332
319 340
319 349
319 355
317 355
317 319
317 329
317 332
317 340
317 349
314 349
314 317
314 319
314 329
314 332
314 340
312 340
312 314
312 317
312 319
312 329
312 332
310 332
310 312
310 314
310 317
310 319
310 329
308 329
308 310
308 312
308 314
308 317
308 319
301 319
301 308
301 310
301 312
301 314
301 317
287 317
287 301
287 308
287 310
287 312
287 314
274 314
274 287
274 301
274 308
274 310
274 312
255 312
255 274
255 287
255 301
255 308
255 310
252 310
252 255
252 274
252 287
252 301
252 308
240 308
240 252
240 255
240 274
240 287
240 301
231 301
231 240
231 252
231 255
231 274
231 287
230 287
230 231
230 240
230 252
230 255
230 274
205 274
205 230
205 231
205 240
205 252
205 255
165 255
165 205
165 230
165 231
165 240
165 252
161 252
161 165
161 205
161 230
161 231
161 240
155 240
155 161
155 165
155 205
155 230
155 231
148 231
148 155
148 161
148 165
148 205
148 230
147 230
147 148
147 155
147 161
147 165
147 205
139 205
139 147
139 148
139 155
139 161
139 165
137 165
137 139
137 147
137 148
137 155
137 161
136 161
136 137
136 139
136 147
136 148
136 155
128 155
128 136
128 137
128 139
128 147
128 148
127 148
127 128
127 136
127 137
127 139
127 147
118 147
118 127
118 128
118 136
118 137
118 139
108 139
108 118
108 127
108 128
108 136
108 137
71 137
71 108
71 118
71 127
71 128
71 136
67 136
67 71
67 108
67 118
67 127
67 128
64 128
64 67
64 71
64 108
64 118
64 127
35 127
35 64
35 67
35 71
35 108
35 118
20 118
20 35
20 64
20 67
20 71
20 108
10 108
10 20
10 35
10 64
10 67
10 71
3 71
3 10
3 20
3 35
3 64
3 67
71 998
3 998
10 998
20 998
35 998
64 998
67 998
67 995
995 998
3 995
10 995
20 995
35 995
64 995
64 994
994 995
994 998
3 994
10 994
20 994
35 994
35 969
969 994
969 995
969 998
3 969
10 969
20 969
20 964
964 969
964 994
964 995
964 998
3 964
10 964
10 950
950 964
950 969
950 994
950 995
950 998
3 950
3 947
947 950
947 964
947 969
947 994
947 995
947 998
942 998
942 947
942 950
942 964
942 969
942 994
942 995
926 995
926 942
926 947
926 950
926 964
926 969
926 994
914 994
914 926
914 942
914 947
914 950
914 964
914 969
884 969
884 914
884 926
884 942
884 947
884 950
884 964
853 964
853 884
853 914
853 926
853 942
853 947
853 950
848 950
848 853
848 884
848 914
848 926
848 942
848 947
825 947
825 848
825 853
825 884
825 914
825 926
825 942
820 942
820 825
820 848
820 853
820 884
820 914
820 926
819 926
819 820
819 825
819 848
819 853
819 884
819 914
805 914
805 819
805 820
805 825
805 848
805 853
805 884
804 884
804 805
804 819
804 820
804 825
804 848
804 853
800 853
800 804
800 805
800 819
800 820
800 825
800 848
778 848
778 800
778 804
778 805
778 819
778 820
778 825
774 825
774 778
774 800
774 804
774 805
774 819
774 820
750 820
750 774
750 778
750 800
750 804
750 805
750 819
733 819
733 750
733 774
733 778
733 800
733 804
733 805
724 805
724 733
724 750
724 774
724 778
724 800
724 804
722 804
722 724
722 733
722 750
722 774
722 778
722 800
718 800
718 722
718 724
718 733
718 750
718 774
718 778
716 778
716 718
716 722
716 724
716 733
716 750
716 774
689 774
689 716
689 718
689 722
689 724
689 733
689 750
685 750
685 689
685 716
685 718
685 722
685 724
685 733
684 733
684 685
684 689
684 716
684 718
684 722
684 724
683 724
683 684
683 685
683 689
683 716
683 718
683 722
668 722
668 683
668 684
668 685
668 689
668 716
668 718
661 718
661 668
661 683
661 684
661 685
661 689
661 716
656 716
656 661
656 668
656 683
656 684
656 685
656 689
629 689
629 656
629 661
629 668
629 683
629 684
629 685
618 685
618 629
618 656
618 661
618 668
618 683
618 684
614 684
614 618
614 629
614 656
614 661
614 668
614 683
607 683
607 614
607 618
607 629
607 656
607 661
607 668
604 668
604 607
604 614
604 618
604 629
604 656
604 661
589 661
589 604
589 607
589 614
589 618
589 629
589 656
573 656
573 589
573 604
573 607
573 614
573 618
573 629
561 629
561 573
561 589
561 604
561 607
561 614
561 618
543 618
543 561
543 573
543 589
543 604
543 607
543 614
541 614
541 543
541 561
541 573
541 589
541 604
541 607
512 607
512 541
512 543
512 561
512 573
512 589
512 604
503 604
503 512
503 541
503 543
503 561
503 573
503 589
494 589
494 503
494 512
494 541
494 543
494 561
494 573
492 573
492 494
492 503
492 512
492 541
492 543
492 561
489 561
489 492
489 494
489 503
489 512
489 541
489 543
484 543
484 489
484 492
484 494
484 503
484 512
484 541
477 541
477 484
477 489
477 492
477 494
477 503
477 512
473 512
473 477
473 484
473 489
473 492
473 494
473 503
469 503
469 473
469 477
469 484
469 489
469 492
469 494
466 494
466 469
466 473
466 477
466 484
466 489
466 492
465 492
465 466
465 469
465 473
465 477
465 484
465 489
456 489
456 465
456 466
456 469
456 473
456 477
456 484
450 484
450 456
450 465
450 466
450 469
450 473
450 477
441 477
441 450
441 456
441 465
441 466
441 469
441 473
438 473
438 441
438 450
438 456
438 465
438 466
438 469
437 469
437 438
437 441
437 450
437 456
437 465
437 466
436 466
436 437
436 438
436 441
436 450
436 456
436 465
432 465
432 436
432 437
432 438
432 441
432 450
432 456
422 456
422 432
422 436
422 437
422 438
422 441
422 450
409 450
409 422
409 432
409 436
409 437
409 438
409 441
403 441
403 409
403 422
403 432
403 436
403 437
403 438
391 438
391 403
391 409
391 422
391 432
391 436
391 437
379 437
379 391
379 403
379 409
379 422
379 432
379 436
369 436
369 379
369 391
369 403
369 409
369 422
369 432
344 432
344 369
344 379
344 391
344 403
344 409
344 422
334 422
334 344
334 369
334 379
334 391
334 403
334 409
328 409
328 334
328 344
328 369
328 379
328 391
328 403
311 403
311 328
311 334
311 344
311 369
311 379
311 391
304 391
304 311
304 328
304 334
304 344
304 369
304 379
288 379
288 304
288 311
288 328
288 334
288 344
288 369
284 369
284 288
284 304
284 311
284 328
284 334
284 344
246 344
246 284
246 288
246 304
246 311
246 328
246 334
227 334
227 246
227 284
227 288
227 304
227 311
227 328
225 328
225 227
225 246
225 284
225 288
225 304
225 311
210 311
210 225
210 227
210 246
210 284
210 288
210 304
195 304
195 210
195 225
195 227
195 246
195 284
195 288
193 288
193 195
193 210
193 225
193 227
193 246
193 284
192 284
192 193
192 195
192 210
192 225
192 227
192 246
191 246
191 192
191 193
191 195
191 210
191 225
191 227
183 227
183 191
183 192
183 193
183 195
183 210
183 225
181 225
181 183
181 191
181 192
181 193
181 195
181 210
178 210
178 181
178 183
178 191
178 192
178 193
178 195
169 195
169 178
169 181
169 183
169 191
169 192
169 193
160 193
160 169
160 178
160 181
160 183
160 191
160 192
154 192
154 160
154 169
154 178
154 181
154 183
154 191
153 191
153 154
153 160
153 169
153 178
153 181
153 183
146 183
146 153
146 154
146 160
146 169
146 178
146 181
132 181
132 146
132 153
132 154
132 160
132 169
132 178
102 178
102 132
102 146
102 153
102 154
102 160
102 169
90 169
90 102
90 132
90 146
90 153
90 154
90 160
49 160
49 90
49 102
49 132
49 146
49 153
49 154
45 154
45 49
45 90
45 102
45 132
45 146
45 153
43 153
43 45
43 49
43 90
43 102
43 132
43 146
21 146
21 43
21 45
21 49
21 90
21 102
21 132
18 132
18 21
18 43
18 45
18 49
18 90
18 102
2 102
2 18
2 21
2 43
2 45
2 49
2 90
102 986
2 986
18 986
21 986
43 986
45 986
49 986
90 986
90 975
975 986
2 975
18 975
21 975
43 975
45 975
49 975
49 970
970 975
970 986
2 970
18 970
21 970
43 970
45 970
45 962
962 970
962 975
962 986
2 962
18 962
21 962
43 962
43 953
953 962
953 970
953 975
953 986
2 953
18 953
21 953
21 929
929 953
929 962
929 970
929 975
929 986
2 929
18 929
18 919
919 929
919 953
919 962
919 970
919 975
919 986
2 919
2 889
889 919
889 929
889 953
889 962
889 970
889 975
889 986
887 986
887 889
887 919
887 929
887 953
887 962
887 970
887 975
878 975
878 887
878 889
878 919
878 929
878 953
878 962
878 970
877 970
877 878
877 887
877 889
877 919
877 929
877 953
877 962
852 962
852 877
852 878
852 887
852 889
852 919
852 929
852 953
847 953
847 852
847 877
847 878
847 887
847 889
847 919
847 929
845 929
845 847
845 852
845 877
845 878
845 887
845 889
845 919
836 919
836 845
836 847
836 852
836 877
836 878
836 887
836 889
822 889
822 836
822 845
822 847
822 852
822 877
822 878
822 887
817 887
817 822
817 836
817 845
817 847
817 852
817 877
817 878
813 878
813 817
813 822
813 836
813 845
813 847
813 852
813 877
770 877
770 813
770 817
770 822
770 836
770 845
770 847
770 852
768 852
768 770
768 813
768 817
768 822
768 836
768 845
768 847
758 847
758 768
758 770
758 813
758 817
758 822
758 836
758 845
757 845
757 758
757 768
757 770
757 813
757 817
757 822
757 836
751 836
751 757
751 758
751 768
751 770
751 813
751 817
751 822
737 822
737 751
737 757
737 758
737 768
737 770
737 813
737 817
728 817
728 737
728 751
728 757
728 758
728 768
728 770
728 813
664 813
664 728
664 737
664 751
664 757
664 758
664 768
664 770
659 770
659 664
659 728
659 737
659 751
659 757
659 758
659 768
650 768
650 659
650 664
650 728
650 737
650 751
650 757
650 758
624 758
624 650
624 659
624 664
624 728
624 737
624 751
624 757
606 757
606 624
606 650
606 659
606 664
606 728
606 737
606 751
605 751
605 606
605 624
605 650
605 659
605 664
605 728
605 737
598 737
598 605
598 606
598 624
598 650
598 659
598 664
598 728
578 728
578 598
578 605
578 606
578 624
578 650
578 659
578 664
577 664
577 578
577 598
577 605
577 606
577 624
577 650
577 659
568 659
568 577
568 578
568 598
568 605
568 606
568 624
568 650
542 650
542 568
542 577
542 578
542 598
542 605
542 606
542 624
535 624
535 542
535 568
535 577
535 578
535 598
535 605
535 606
527 606
527 535
527 542
527 568
527 577
527 578
527 598
527 605
525 605
525 527
525 535
525 542
525 568
525 577
525 578
525 598
498 598
498 525
498 527
498 535
498 542
498 568
498 577
498 578
493 578
493 498
493 525
493 527
493 535
493 542
493 568
493 577
491 577
491 493
491 498
491 525
491 527
491 535
491 542
491 568
482 568
482 491
482 493
482 498
482 525
482 527
482 535
482 542
475 542
475 482
475 491
475 493
475 498
475 525
475 527
475 535
468 535
468 475
468 482
468 491
468 493
468 498
468 525
468 527
464 527
464 468
464 475
464 482
464 491
464 493
464 498
464 525
462 525
462 464
462 468
462 475
462 482
462 491
462 493
462 498
458 498
458 462
458 464
458 468
458 475
458 482
458 491
458 493
439 493
439 458
439 462
439 464
439 468
439 475
439 482
439 491
433 491
433 439
433 458
433 462
433 464
433 468
433 475
433 482
428 482
428 433
428 439
428 458
428 462
428 464
428 468
428 475
427 475
427 428
427 433
427 439
427 458
427 462
427 464
427 468
424 468
424 427
424 428
424 433
424 439
424 458
424 462
424 464
418 464
418 424
418 427
418 428
418 433
418 439
418 458
418 462
411 462
411 418
411 424
411 427
411 428
411 433
411 439
411 458
393 458
393 411
393 418
393 424
393 427
393 428
393 433
393 439
392 439
392 393
392 411
392 418
392 424
392 427
392 428
392 433
387 433
387 392
387 393
387 411
387 418
387 424
387 427
387 428
360 428
360 387
360 392
360 393
360 411
360 418
360 424
360 427
356 427
356 360
356 387
356 392
356 393
356 411
356 418
356 424
353 424
353 356
353 360
353 387
353 392
353 393
353 411
353 418
350 418
350 353
350 356
350 360
350 387
350 392
350 393
350 411
339 411
339 350
339 353
339 356
339 360
339 387
339 392
339 393
318 393
318 339
318 350
318 353
318 356
318 360
318 387
318 392
313 392
313 318
313 339
313 350
313 353
313 356
313 360
313 387
307 387
307 313
307 318
307 339
307 350
307 353
307 356
307 360
306 360
306 307
306 313
306 318
306 339
306 350
306 353
306 356
303 356
303 306
303 307
303 313
303 318
303 339
303 350
303 353
295 353
295 303
295 306
295 307
295 313
295 318
295 339
295 350
282 350
282 295
282 303
282 306
282 307
282 313
282 318
282 339
281 339
281 282
281 295
281 303
281 306
281 307
281 313
281 318
272 318
272 281
272 282
272 295
272 303
272 306
272 307
272 313
262 313
262 272
262 281
262 282
262 295
262 303
262 306
262 307
251 307
251 262
251 272
251 281
251 282
251 295
251 303
251 306
250 306
250 251
250 262
250 272
250 281
250 282
250 295
250 303
244 303
244 250
244 251
244 262
244 272
244 281
244 282
244 295
239 295
239 244
239 250
239 251
239 262
239 272
239 281
239 282
229 282
229 239
229 244
229 250
229 251
229 262
229 272
229 281
226 281
226 229
226 239
226 244
226 250
226 251
226 262
226 272
222 272
222 226
222 229
222 239
222 244
222 250
222 251
222 262
221 262
221 222
221 226
221 229
221 239
221 244
221 250
221 251
194 251
194 221
194 222
194 226
194 229
194 239
194 244
194 250
172 250
172 194
172 221
172 222
172 226
172 229
172 239
172 244
168 244
168 172
168 194
168 221
168 222
168 226
168 229
168 239
164 239
164 168
164 172
164 194
164 221
164 222
164 226
164 229
162 229
162 164
162 168
162 172
162 194
162 221
162 222
162 226
150 226
150 162
150 164
150 168
150 172
150 194
150 221
150 222
140 222
140 150
140 162
140 164
140 168
140 172
140 194
140 221
131 221
131 140
131 150
131 162
131 164
131 168
131 172
131 194
112 194
112 131
112 140
112 150
112 162
112 164
112 168
112 172
96 172
96 112
96 131
96 140
96 150
96 162
96 164
96 168
95 168
95 96
95 112
95 131
95 140
95 150
95 162
95 164
87 164
87 95
87 96
87 112
87 131
87 140
87 150
87 162
83 162
83 87
83 95
83 96
83 112
83 131
83 140
83 150
66 150
66 83
66 87
66 95
66 96
66 112
66 131
66 140
54 140
54 66
54 83
54 87
54 95
54 96
54 112
54 131
39 131
39 54
39 66
39 83
39 87
39 95
39 96
39 112
22 112
22 39
22 54
22 66
22 83
22 87
22 95
22 96
12 96
12 22
12 39
12 54
12 66
12 83
12 87
12 95
7 95
7 12
7 22
7 39
7 54
7 66
7 83
7 87
95 978
7 978
12 978
22 978
39 978
54 978
66 978
83 978
87 978
87 974
974 978
7 974
12 974
22 974
39 974
54 974
66 974
83 974
83 955
955 974
955 978
7 955
12 955
22 955
39 955
54 955
66 955
66 930
930 955
930 974
930 978
7 930
12 930
22 930
39 930
54 930
54 916
916 930
916 955
916 974
916 978
7 916
12 916
22 916
39 916
39 873
873 916
873 930
873 955
873 974
873 978
7 873
12 873
22 873
22 866
866 873
866 916
866 930
866 955
866 974
866 978
7 866
12 866
12 842
842 866
842 873
842 916
842 930
842 955
842 974
842 978
7 842
7 841
841 842
841 866
841 873
841 916
841 930
841 955
841 974
841 978
839 978
839 841
839 842
839 866
839 873
839 916
839 930
839 955
839 974
829 974
829 839
829 841
829 842
829 866
829 873
829 916
829 930
829 955
818 955
818 829
818 839
818 841
818 842
818 866
818 873
818 916
818 930
803 930
803 818
803 829
803 839
803 841
803 842
803 866
803 873
803 916
798 916
798 803
798 818
798 829
798 839
798 841
798 842
798 866
798 873
788 873
788 798
788 803
788 818
788 829
788 839
788 841
788 842
788 866
775 866
775 788
775 798
775 803
775 818
775 829
775 839
775 841
775 842
767 842
767 775
767 788
767 798
767 803
767 818
767 829
767 839
767 841
746 841
746 767
746 775
746 788
746 798
746 803
746 818
746 829
746 839
738 839
738 746
738 767
738 775
738 788
738 798
738 803
738 818
738 829
717 829
717 738
717 746
717 767
717 775
717 788
717 798
717 803
717 818
712 818
712 717
712 738
712 746
712 767
712 775
712 788
712 798
712 803
709 803
709 712
709 717
709 738
709 746
709 767
709 775
709 788
709 798
707 798
707 709
707 712
707 717
707 738
707 746
707 767
707 775
707 788
701 788
701 707
701 709
701 712
701 717
701 738
701 746
701 767
701 775
691 775
691 701
691 707
691 709
691 712
691 717
691 738
691 746
691 767
677 767
677 691
677 701
677 707
677 709
677 712
677 717
677 738
677 746
667 746
667 677
667 691
667 701
667 707
667 709
667 712
667 717
667 738
660 738
660 667
660 677
660 691
660 701
660 707
660 709
660 712
660 717
644 717
644 660
644 667
644 677
644 691
644 701
644 707
644 709
644 712
642 712
642 644
642 660
642 667
642 677
642 691
642 701
642 707
642 709
636 709
636 642
636 644
636 660
636 667
636 677
636 691
636 701
636 707
634 707
634 636
634 642
634 644
634 660
634 667
634 677
634 691
634 701
632 701
632 634
632 636
632 642
632 644
632 660
632 667
632 677
632 691
630 691
630 632
630 634
630 636
630 642
630 644
630 660
630 667
630 677
600 677
600 630
600 632
600 634
600 636
600 642
600 644
600 660
600 667
599 667
599 600
599 630
599 632
599 634
599 636
599 642
599 644
599 660
596 660
596 599
596 600
596 630
596 632
596 634
596 636
596 642
596 644
591 644
591 596
591 599
591 600
591 630
591 632
591 634
591 636
591 642
590 642
590 591
590 596
590 599
590 600
590 630
590 632
590 634
590 636
585 636
585 590
585 591
585 596
585 599
585 600
585 630
585 632
585 634
548 634
548 585
548 590
548 591
548 596
548 599
548 600
548 630
548 632
539 632
539 548
539 585
539 590
539 591
539 596
539 599
539 600
539 630
536 630
536 539
536 548
536 585
536 590
536 591
536 596
536 599
536 600
529 600
529 536
529 539
529 548
529 585
529 590
529 591
529 596
529 599
524 599
524 529
524 536
524 539
524 548
524 585
524 590
524 591
524 596
520 596
520 524
520 529
520 536
520 539
520 548
520 585
520 590
520 591
495 591
495 520
495 524
495 529
495 536
495 539
495 548
495 585
495 590
471 590
471 495
471 520
471 524
471 529
471 536
471 539
471 548
471 585
470 585
470 471
470 495
470 520
470 524
470 529
470 536
470 539
470 548
463 548
463 470
463 471
463 495
463 520
463 524
463 529
463 536
463 539
461 539
461 463
461 470
461 471
461 495
461 520
461 524
461 529
461 536
452 536
452 461
452 463
452 470
452 471
452 495
452 520
452 524
452 529
419 529
419 452
419 461
419 463
419 470
419 471
419 495
419 520
419 524
414 524
414 419
414 452
414 461
414 463
414 470
414 471
414 495
414 520
404 520
404 414
404 419
404 452
404 461
404 463
404 470
404 471
404 495
389 495
389 404
389 414
389 419
389 452
389 461
389 463
389 470
389 471
388 471
388 389
388 404
388 414
388 419
388 452
388 461
388 463
388 470
384 470
384 388
384 389
384 404
384 414
384 419
384 452
384 461
384 463
375 463
375 384
375 388
375 389
375 404
375 414
375 419
375 452
375 461
364 461
364 375
364 384
364 388
364 389
364 404
364 414
364 419
364 452
363 452
363 364
363 375
363 384
363 388
363 389
363 404
363 414
363 419
354 419
354 363
354 364
354 375
354 384
354 388
354 389
354 404
354 414
351 414
351 354
351 363
351 364
351 375
351 384
351 388
351 389
351 404
323 404
323 351
323 354
323 363
323 364
323 375
323 384
323 388
323 389
309 389
309 323
309 351
309 354
309 363
309 364
309 375
309 384
309 388
290 388
290 309
290 323
290 351
290 354
290 363
290 364
290 375
290 384
289 384
289 290
289 309
289 323
289 351
289 354
289 363
289 364
289 375
285 375
285 289
285 290
285 309
285 323
285 351
285 354
285 363
285 364
266 364
266 285
266 289
266 290
266 309
266 323
266 351
266 354
266 363
264 363
264 266
264 285
264 289
264 290
264 309
264 323
264 351
264 354
257 354
257 264
257 266
257 285
257 289
257 290
257 309
257 323
257 351
253 351
253 257
253 264
253 266
253 285
253 289
253 290
253 309
253 323
249 323
249 253
249 257
249 264
249 266
249 285
249 289
249 290
249 309
245 309
245 249
245 253
245 257
245 264
245 266
245 285
245 289
245 290
242 290
242 245
242 249
242 253
242 257
242 264
242 266
242 285
242 289
233 289
233 242
233 245
233 249
233 253
233 257
233 264
233 266
233 285
228 285
228 233
228 242
228 245
228 249
228 253
228 257
228 264
228 266
215 266
215 228
215 233
215 242
215 245
215 249
215 253
215 257
215 264
211 264
211 215
211 228
211 233
211 242
211 245
211 249
211 253
211 257
208 257
208 211
208 215
208 228
208 233
208 242
208 245
208 249
208 253
206 253
206 208
206 211
206 215
206 228
206 233
206 242
206 245
206 249
202 249
202 206
202 208
202 211
202 215
202 228
202 233
202 242
202 245
152 245
152 202
152 206
152 208
152 211
152 215
152 228
152 233
152 242
130 242
130 152
130 202
130 206
130 208
130 211
130 215
130 228
130 233
125 233
125 130
125 152
125 202
125 206
125 208
125 211
125 215
125 228
109 228
109 125
109 130
109 152
109 202
109 206
109 208
109 211
109 215
104 215
104 109
104 125
104 130
104 152
104 202
104 206
104 208
104 211
99 211
99 104
99 109
99 125
99 130
99 152
99 202
99 206
99 208
98 208
98 99
98 104
98 109
98 125
98 130
98 152
98 202
98 206
97 206
97 98
97 99
97 104
97 109
97 125
97 130
97 152
97 202
93 202
93 97
93 98
93 99
93 104
93 109
93 125
93 130
93 152
80 152
80 93
80 97
80 98
80 99
80 104
80 109
80 125
80 130
62 130
62 80
62 93
62 97
62 98
62 99
62 104
62 109
62 125
52 125
52 62
52 80
52 93
52 97
52 98
52 99
52 104
52 109
51 109
51 52
51 62
51 80
51 93
51 97
51 98
51 99
51 104
33 104
33 51
33 52
33 62
33 80
33 93
33 97
33 98
33 99
23 99
23 33
23 51
23 52
23 62
23 80
23 93
23 97
23 98
11 98
11 23
11 33
11 51
11 52
11 62
11 80
11 93
11 97
9 97
9 11
9 23
9 33
9 51
9 52
9 62
9 80
9 93
6 93
6 9
6 11
6 23
6 33
6 51
6 52
6 62
6 80
93 1000
6 1000
9 1000
11 1000
23 1000
33 1000
51 1000
52 1000
62 1000
80 1000
80 972
972 1000
6 972
9 972
11 972
23 972
33 972
51 972
52 972
62 972
62 952
952 972
952 1000
6 952
9 952
11 952
23 952
33 952
51 952
52 952
52 925
925 952
925 972
925 1000
6 925
9 925
11 925
23 925
33 925
51 925
51 915
915 925
915 952
915 972
915 1000
6 915
9 915
11 915
23 915
33 915
33 913
913 915
913 925
913 952
913 972
913 1000
6 913
9 913
11 913
23 913
23 911
911 913
911 915
911 925
911 952
911 972
911 1000
6 911
9 911
11 911
11 905
905 911
905 913
905 915
905 925
905 952
905 972
905 1000
6 905
9 905
9 894
894 905
894 911
894 913
894 915
894 925
894 952
894 972
894 1000
6 894
6 891
891 894
891 905
891 911
891 913
891 915
891 925
891 952
891 972
891 1000
890 1000
890 891
890 894
890 905
890 911
890 913
890 915
890 925
890 952
890 972
876 972
876 890
876 891
876 894
876 905
876 911
876 913
876 915
876 925
876 952
868 952
868 876
868 890
868 891
868 894
868 905
868 911
868 913
868 915
868 925
864 925
864 868
864 876
864 890
864 891
864 894
864 905
864 911
864 913
864 915
857 915
857 864
857 868
857 876
857 890
857 891
857 894
857 905
857 911
857 913
854 913
854 857
854 864
854 868
854 876
854 890
854 891
854 894
854 905
854 911
812 911
812 854
812 857
812 864
812 868
812 876
812 890
812 891
812 894
812 905
809 905
809 812
809 854
809 857
809 864
809 868
809 876
809 890
809 891
809 894
795 894
795 809
795 812
795 854
795 857
795 864
795 868
795 876
795 890
795 891
790 891
790 795
790 809
790 812
790 854
790 857
790 864
790 868
790 876
790 890
756 890
756 790
756 795
756 809
756 812
756 854
756 857
756 864
756 868
756 876
753 876
753 756
753 790
753 795
753 809
753 812
753 854
753 857
753 864
753 868
745 868
745 753
745 756
745 790
745 795
745 809
745 812
745 854
745 857
745 864
727 864
727 745
727 753
727 756
727 790
727 795
727 809
727 812
727 854
727 857
723 857
723 727
723 745
723 753
723 756
723 790
723 795
723 809
723 812
723 854
720 854
720 723
720 727
720 745
720 753
720 756
720 790
720 795
720 809
720 812
719 812
719 720
719 723
719 727
719 745
719 753
719 756
719 790
719 795
719 809
700 809
700 719
700 720
700 723
700 727
700 745
700 753
700 756
700 790
700 795
696 795
696 700
696 719
696 720
696 723
696 727
696 745
696 753
696 756
696 790
687 790
687 696
687 700
687 719
687 720
687 723
687 727
687 745
687 753
687 756
675 756
675 687
675 696
675 700
675 719
675 720
675 723
675 727
675 745
675 753
662 753
662 675
662 687
662 696
662 700
662 719
662 720
662 723
662 727
662 745
653 745
653 662
653 675
653 687
653 696
653 700
653 719
653 720
653 723
653 727
648 727
648 653
648 662
648 675
648 687
648 696
648 700
648 719
648 720
648 723
641 723
641 648
641 653
641 662
641 675
641 687
641 696
641 700
641 719
641 720
640 720
640 641
640 648
640 653
640 662
640 675
640 687
640 696
640 700
640 719
637 719
637 640
637 641
637 648
637 653
637 662
637 675
637 687
637 696
637 700
621 700
621 637
621 640
621 641
621 648
621 653
621 662
621 675
621 687
621 696
602 696
602 621
602 637
602 640
602 641
602 648
602 653
602 662
602 675
602 687
601 687
601 602
601 621
601 637
601 640
601 641
601 648
601 653
601 662
601 675
572 675
572 601
572 602
572 621
572 637
572 640
572 641
572 648
572 653
572 662
569 662
569 572
569 601
569 602
569 621
569 637
569 640
569 641
569 648
569 653
563 653
563 569
563 572
563 601
563 602
563 621
563 637
563 640
563 641
563 648
560 648
560 563
560 569
560 572
560 601
560 602
560 621
560 637
560 640
560 641
558 641
558 560
558 563
558 569
558 572
558 601
558 602
558 621
558 637
558 640
556 640
556 558
556 560
556 563
556 569
556 572
556 601
556 602
556 621
556 637
538 637
538 556
538 558
538 560
538 563
538 569
538 572
538 601
538 602
538 621
530 621
530 538
530 556
530 558
530 560
530 563
530 569
530 572
530 601
530 602
517 602
517 530
517 538
517 556
517 558
517 560
517 563
517 569
517 572
517 601
510 601
510 517
510 530
510 538
510 556
510 558
510 560
510 563
510 569
510 572
506 572
506 510
506 517
506 530
506 538
506 556
506 558
506 560
506 563
506 569
504 569
504 506
504 510
504 517
504 530
504 538
504 556
504 558
504 560
504 563
500 563
500 504
500 506
500 510
500 517
500 530
500 538
500 556
500 558
500 560
490 560
490 500
490 504
490 506
490 510
490 517
490 530
490 538
490 556
490 558
467 558
467 490
467 500
467 504
467 506
467 510
467 517
467 530
467 538
467 556
459 556
459 467
459 490
459 500
459 504
459 506
459 510
459 517
459 530
459 538
457 538
457 459
457 467
457 490
457 500
457 504
457 506
457 510
457 517
457 530
451 530
451 457
451 459
451 467
451 490
451 500
451 504
451 506
451 510
451 517
449 517
449 451
449 457
449 459
449 467
449 490
449 500
449 504
449 506
449 510
421 510
421 449
421 451
421 457
421 459
421 467
421 490
421 500
421 504
421 506
398 506
398 421
398 449
398 451
398 457
398 459
398 467
398 490
398 500
398 504
383 504
383 398
383 421
383 449
383 451
383 457
383 459
383 467
383 490
383 500
380 500
380 383
380 398
380 421
380 449
380 451
380 457
380 459
380 467
380 490
371 490
371 380
371 383
371 398
371 421
371 449
371 451
371 457
371 459
371 467
358 467
358 371
358 380
358 383
358 398
358 421
358 449
358 451
358 457
358 459
352 459
352 358
352 371
352 380
352 383
352 398
352 421
352 449
352 451
352 457
331 457
331 352
331 358
331 371
331 380
331 383
331 398
331 421
331 449
331 451
321 451
321 331
321 352
321 358
321 371
321 380
321 383
321 398
321 421
321 449
302 449
302 321
302 331
302 352
302 358
302 371
302 380
302 383
302 398
302 421
296 421
296 302
296 321
296 331
296 352
296 358
296 371
296 380
296 383
296 398
278 398
278 296
278 302
278 321
278 331
278 352
278 358
278 371
278 380
278 383
270 383
270 278
270 296
270 302
270 321
270 331
270 352
270 358
270 371
270 380
269 380
269 270
269 278
269 296
269 302
269 321
269 331
269 352
269 358
269 371
263 371
263 269
263 270
263 278
263 296
263 302
263 321
263 331
263 352
263 358
260 358
260 263
260 269
260 270
260 278
260 296
260 302
260 321
260 331
260 352
259 352
259 260
259 263
259 269
259 270
259 278
259 296
259 302
259 321
259 331
248 331
248 259
248 260
248 263
248 269
248 270
248 278
248 296
248 302
248 321
238 321
238 248
238 259
238 260
238 263
238 269
238 270
238 278
238 296
238 302
209 302
209 238
209 248
209 259
209 260
209 263
209 269
209 270
209 278
209 296
190 296
190 209
190 238
190 248
190 259
190 260
190 263
190 269
190 270
190 278
187 278
187 190
187 209
187 238
187 248
187 259
187 260
187 263
187 269
187 270
159 270
159 187
159 190
159 209
159 238
159 248
159 259
159 260
159 263
159 269
158 269
158 159
158 187
158 190
158 209
158 238
158 248
158 259
158 260
158 263
143 263
143 158
143 159
143 187
143 190
143 209
143 238
143 248
143 259
143 260
133 260
133 143
133 158
133 159
133 187
133 190
133 209
133 238
133 248
133 259
129 259
129 133
129 143
129 158
129 159
129 187
129 190
129 209
129 238
129 248
126 248
126 129
126 133
126 143
126 158
126 159
126 187
126 190
126 209
126 238
123 238
123 126
123 129
123 133
123 143
123 158
123 159
123 187
123 190
123 209
122 209
122 123
122 126
122 129
122 133
122 143
122 158
122 159
122 187
122 190
120 190
120 122
120 123
120 126
120 129
120 133
120 143
120 158
120 159
120 187
110 187
110 120
110 122
110 123
110 126
110 129
110 133
110 143
110 158
110 159
103 159
103 110
103 120
103 122
103 123
103 126
103 129
103 133
103 143
103 158
101 158
101 103
101 110
101 120
101 122
101 123
101 126
101 129
101 133
101 143
85 143
85 101
85 103
85 110
85 120
85 122
85 123
85 126
85 129
85 133
82 133
82 85
82 101
82 103
82 110
82 120
82 122
82 123
82 126
82 129
79 129
79 82
79 85
79 101
79 103
79 110
79 120
79 122
79 123
79 126
73 126
73 79
73 82
73 85
73 101
73 103
73 110
73 120
73 122
73 123
69 123
69 73
69 79
69 82
69 85
69 101
69 103
69 110
69 120
69 122
28 122
28 69
28 73
28 79
28 82
28 85
28 101
28 103
28 110
28 120
15 120
15 28
15 69
15 73
15 79
15 82
15 85
15 101
15 103
15 110
